444
814 20
41032 23036 55991 74620 46466 84848 52641 17022 94732 54707 93376 50581 84488 75362 49076 63855 36942 5977 97902 93737 
7010 13
3374 50049 76342 73618 32844 36326 84419 76992 6527 88013 33506 7866 9494 
9910 15
27326 32944 43973 29210 63854 93810 46506 66884 30943 59231 76814 32962 65676 36877 77649 
31 13
22987 51917 54387 76529 72520 41476 79809 13425 82457 27105 81525 62359 17547 
111 14
70445 1692 38153 55457 20320 15253 61427 1559 40466 79430 45472 8792 78382 97759 
4871 20
920 12492 79041 29616 52743 42134 10014 2030 11543 55914 58146 68337 17652 50357 83073 18945 98377 17164 66996 72701 
7308 16
10896 21713 75913 48460 67249 11678 56598 78871 24598 24479 38808 97823 29482 31752 54440 40867 
8696 20
35619 45104 44776 86267 17085 89554 3876 87902 38304 24855 77630 82092 78115 2284 82577 94634 66416 42488 5076 65791 
3708 19
42834 52573 91748 83868 41962 57344 26006 91434 9115 79985 62570 80897 70739 68448 20149 90844 70782 34595 58657 
2137 20
70379 37854 56949 23621 64790 14704 4572 44632 36726 75376 26245 46404 93795 56775 24477 75016 88626 23019 70737 16397 
5518 10
96274 3768 9698 53113 65759 39802 22482 33826 31128 59737 
2269 20
13151 68373 36013 77141 83406 54550 7341 37632 27432 25367 24443 96431 16400 77337 54049 48995 21349 79711 60244 96225 
2882 12
16292 6626 34082 78934 24478 34255 48828 54090 7897 83698 130 65860 
9066 20
66300 80719 11625 86606 73467 78821 1232 86419 16172 53453 89128 66404 38650 9903 57252 58568 68939 17606 49881 47537 
627 20
74570 6016 49106 41993 94802 39432 20137 76493 13907 46427 61874 92874 60226 60962 18989 17668 47618 75802 52170 38799 
1588 18
51817 62772 12455 73895 27446 6186 64328 38411 81941 98187 13277 79345 48737 96807 24869 28684 31691 59422 
3377 19
11122 74975 72829 89753 96520 51735 38300 79017 6328 53450 27176 61449 24954 44055 65816 34846 73522 85563 86795 
9199 12
81185 69732 396 20358 91326 11396 40697 4759 99781 30719 43659 47329 
6346 11
67514 84554 86457 10844 33365 53784 80243 30385 31839 86061 39747 
5966 15
49097 54755 19845 83074 13419 31161 68638 84774 24337 37855 87237 52220 27856 71086 32717 
2976 11
91557 57087 71809 78019 67248 96358 90825 69552 74210 92701 38303 
5451 10
24619 97843 43091 96027 11394 84604 84441 98744 66624 79931 
8050 17
68239 93694 18693 42059 37194 39647 50751 70363 63540 12728 813 24179 36105 88971 63265 3975 78373 
416 17
27052 96196 71411 80870 58698 61397 57140 78548 10280 82929 19674 84065 97542 348 1508 34561 85782 
661 20
48941 87312 32402 83190 46618 77606 50977 25973 15297 26557 49350 31489 55860 41272 44823 15973 86001 9112 5110 66405 
1195 13
9331 14934 67451 34 58034 12925 16525 81708 60713 65784 61163 99673 79555 
7841 19
53855 51679 13603 47100 18316 24318 59880 91832 29602 29245 38953 73346 48987 34294 17413 32406 72893 40280 92195 
383 14
4838 88866 94394 94186 69734 91316 32051 92070 23838 928 82241 20909 67988 4887 
9077 11
19144 19468 25597 97153 46321 44704 8165 27174 32335 33616 74177 
2737 19
1780 35484 13839 78710 64827 77444 89450 43703 40330 46156 3905 80130 33748 31512 9560 3325 25708 87118 78758 
3301 20
25109 89106 1990 31788 96993 19561 8738 16442 40547 4023 4947 38908 19556 92476 2972 87044 71697 17449 35755 70229 
2904 9
19713 55723 60058 54135 43181 31835 94923 42921 91335 
8691 20
48126 46058 1012 33992 55052 80049 35565 87419 18437 15480 78477 20152 50247 78715 55714 29434 85175 15371 11153 59290 
1617 15
77589 93865 59984 29324 3912 28758 2333 90550 29606 91605 26184 19774 91056 47934 70432 
9044 19
92329 45814 60530 92536 91227 23935 46683 49581 17491 70542 9389 79729 46489 18858 83553 78825 1450 4919 79585 
6253 19
51545 43682 10342 66108 98355 77863 34810 71436 81202 51490 43797 83025 25956 9713 56995 98882 51496 1822 96307 
7870 16
47421 66256 20086 62662 20596 57523 19673 31090 8072 41283 36838 69464 30476 63337 61103 31063 
6009 12
18730 55820 70204 2382 24714 67312 17852 68087 7120 68121 51998 63779 
2537 13
51082 16092 83929 67715 93270 41602 64285 95777 84262 29581 27730 46571 91004 
6193 19
39912 48885 9104 81647 14845 5896 3566 8650 90838 99532 35872 46958 60882 86553 6591 91125 36402 75383 80380 
555 17
28172 79265 57518 37310 22635 29340 29929 67932 11256 35007 81758 83947 13054 26049 52206 52560 47424 
9918 10
63551 71772 47523 14457 27484 83949 61821 79933 49584 31825 
1752 20
34219 14251 226 97137 83265 63175 32922 3970 30714 50923 66285 6294 67044 88425 14089 78980 40002 3907 56345 70743 
2295 19
92423 86721 39973 53545 42630 72977 57390 77952 94482 65724 98602 99188 98839 22146 58739 17887 70899 7720 12395 
2346 11
90784 3616 22001 38852 62638 23022 5214 75265 33916 90132 2355 
6871 20
40071 599 47629 87851 67662 31515 12282 59306 42836 75548 36149 80127 74615 74736 16615 59246 66013 21581 39044 13601 
5818 19
55359 1281 66216 84011 40475 91785 98400 34960 59170 32589 35342 70993 6644 20394 14283 10087 51908 72617 63941 
6134 20
88845 8314 20223 28511 59575 15130 15983 16441 83989 14464 46847 72197 54442 58272 21341 84770 53746 3 93362 17304 
1601 15
99629 1408 8350 24960 48156 44328 7951 80302 86336 97871 77556 40625 21338 39225 98568 
5838 16
30093 39008 51816 68219 23035 90956 49928 63526 3461 39047 73387 29413 82624 8194 756 4545 
4473 20
42415 4317 53865 73746 26005 6122 81713 50259 71325 49167 23389 95684 43064 18569 91984 51623 80782 50710 62394 77021 
9128 18
26264 20291 77778 14032 6199 22056 76510 50738 59735 41170 48531 56152 90595 43449 6763 88368 76763 66290 
7827 17
17799 94666 99920 96711 10263 60037 61070 17720 93251 19289 84059 71907 95557 99721 21813 92849 20123 
9447 20
38493 70663 38593 673 76262 410 89681 38320 34612 76725 33653 90735 98621 61857 42871 20351 83518 38150 14339 63821 
3428 20
612 47401 28439 69864 36727 51354 44929 88298 49856 97430 49358 71379 56796 53296 25787 94797 87468 63123 39161 61709 
9489 14
45503 18137 69838 38547 19784 30649 91694 45883 92402 1669 4490 88497 29598 56940 
4116 14
9338 40454 52495 28986 19149 61807 43174 30546 67788 14922 36488 70766 41152 10414 
2189 12
95066 1161 66113 98950 7946 93116 9722 12930 14763 70020 45862 60162 
3605 20
8975 83102 13642 45987 61346 66554 94252 90870 23769 87257 68443 72147 31578 25793 65603 27779 4942 83853 98521 42192 
9223 20
79117 19206 99925 16943 82751 60316 51677 91989 21969 76369 49304 8897 91480 65124 4591 65671 13571 65343 97985 39553 
2703 17
76451 33571 75411 35143 77725 56131 35603 50817 97736 22680 95526 48793 96945 70683 35062 59556 68548 
5273 20
45572 71232 4893 28435 26494 7012 39158 53993 35211 34080 57504 7902 29422 75162 36723 87102 70575 41585 79617 17836 
9567 17
38008 27200 53262 23547 49764 7679 51163 93050 96222 93450 98856 49693 23834 34299 95282 55735 21614 
1663 20
90692 19574 89871 40011 74074 21139 38622 42476 6592 69375 5536 22111 52248 92401 60493 84923 25155 22624 95263 64107 
1351 11
89302 21165 47154 31055 36187 28930 19843 91501 59813 2942 36129 
5444 18
10256 61132 20854 3652 18930 47063 84560 98166 48021 6503 49271 18787 2622 53417 33361 65462 17988 48914 
1424 19
35687 62620 5751 75603 74316 70030 18512 88092 60367 503 37377 82775 78366 75658 88949 88912 43196 32595 76808 
8530 20
11503 81373 87719 5892 26138 53582 59089 88957 32631 2304 20859 16064 42760 19448 98024 99723 22968 96213 27044 82458 
9017 12
91709 14022 5712 19329 91892 26768 60619 43329 91072 80430 42812 65630 
4386 20
55589 76411 81146 63486 27770 25605 55159 51559 8144 74910 53983 20278 58984 1441 41768 41057 51286 70149 2757 50686 
5111 17
34854 13660 24228 79799 64133 21588 47676 73111 40096 80048 40015 2597 89090 64271 84211 10991 34937 
2110 14
24868 61289 1347 39568 34012 21009 59501 33033 89707 86964 76856 26358 51188 91268 
4975 19
15294 46795 82202 31058 50453 59131 4055 34111 44093 67501 17712 31660 9209 32445 95820 8832 480 77534 27153 
7248 14
86506 90936 9409 34876 45308 34084 29241 92481 38932 52859 39708 48282 75964 36087 
8190 15
46345 82179 63055 86973 71534 42732 33263 84964 71017 14996 56899 56861 69522 26622 60097 
8831 11
8173 935 21173 92109 73255 83003 9652 90428 8156 60767 28394 
6917 19
43550 75900 67208 84537 73016 99971 25242 2783 61452 99121 68529 34156 12496 94815 82089 60215 20728 2097 7959 
9829 19
56041 83501 86822 88487 64120 77453 20136 75869 3990 47730 21391 97558 32779 67231 1070 11205 47315 51779 70861 
3842 10
10751 59453 27533 56888 8859 78320 17500 74548 77934 12400 
5069 18
4425 87682 50532 24178 62154 31668 33447 98090 32880 76775 66652 39609 75207 42189 52609 23603 4223 68431 
6455 12
96243 89263 79731 9425 39857 27433 3923 2749 39157 89936 59858 28246 
18 13
52395 75224 35169 98878 64396 52255 56601 55842 73308 69057 29586 74997 74125 
1877 9
10327 10917 20303 62894 88428 24371 27851 83220 24805 
5413 15
63888 8727 55228 6416 1589 2195 40267 25354 28563 5964 77535 46796 62471 26116 2180 
5311 18
88308 47594 27 85283 73422 52285 82953 37385 75001 71301 41168 81510 56186 66267 5980 26765 40337 31674 
6313 12
93797 31659 43265 78987 82829 28797 67578 11942 40845 71033 55835 87162 
7193 18
57697 88975 59092 69087 45085 92266 69289 71752 85721 21857 59466 87526 81187 84847 82055 28134 39397 53826 
1949 20
24096 18968 71256 82966 98832 52845 2883 63589 5658 7767 96757 99572 99686 77607 75188 21318 29512 46254 41367 1416 
7114 10
83217 48263 51149 77367 12076 20864 62358 59063 98627 49845 
8983 19
4729 60477 95648 46498 75827 35583 3441 96859 57420 26723 12451 41029 340 48673 91117 79176 56183 45432 94589 
3116 19
45057 11213 80411 87314 71579 10267 36496 26309 22127 54306 58320 38787 42710 80577 47918 25878 70995 41839 32103 
1742 14
94839 14368 17314 33803 31796 57061 84870 56059 80433 41731 94946 49286 55744 58461 
7179 18
58721 36250 2258 68807 46987 41750 35544 38619 22200 37668 45570 53577 47013 95940 22705 64217 59713 41291 
4252 19
73224 19213 86957 72729 62340 26067 73659 92372 73169 87121 48475 58654 6511 28200 41155 56397 69466 51077 34069 
774 20
29855 71319 92333 77177 43315 47312 78384 76467 52718 26450 24331 45591 85695 38024 61211 66742 38624 7378 69604 89023 
6357 17
8226 40896 79763 10379 65328 94390 46143 70039 38821 17645 8739 27365 76973 6833 22144 590 32768 
9316 16
5807 70147 99852 47309 82906 37623 47249 75727 83085 33100 43322 78016 42636 19434 85069 23358 
2301 13
9061 85877 22866 67090 2745 9801 20203 52101 26637 78948 53235 87547 51580 
3586 13
57227 71835 69041 69328 44102 40780 7837 5869 43105 15365 86665 74127 66498 
7984 18
44930 27980 6981 57104 7690 38861 57279 40900 55615 78896 88120 97991 96995 83098 98660 59248 60574 56008 
2415 15
17257 74055 95638 94287 27490 83554 4557 80257 17962 42484 53402 36089 45738 86608 46548 
1257 14
55336 37474 84539 94579 7557 86065 39633 55595 65920 84025 46047 9660 46804 52924 
820 18
17999 52153 81969 83119 30251 60338 20672 8452 54419 97361 27479 82097 26664 9376 44633 86250 44370 66360 
2131 19
39127 40821 96117 58267 57250 32293 28303 63610 30118 96149 83882 5323 4950 49793 98680 60033 35568 99241 70660 
1023 15
9084 51587 94739 10828 85591 97098 27354 97587 89160 61112 55186 83452 99039 43370 30515 
8269 10
75850 19008 54099 99085 95653 19870 40964 92585 79907 38395 
24 19
51615 264 79114 1864 17724 38835 47774 44558 88984 90615 68370 67938 29104 46741 33209 37301 62132 77741 46348 
9855 20
60258 74200 83257 45533 55738 34698 84226 89198 14014 94033 64392 21342 79077 31629 2999 56073 18568 51479 24583 69233 
5065 19
32542 28614 40458 9950 71471 311 6870 20130 3096 69453 75917 99038 63892 77520 71880 28703 62380 89812 99758 
159 17
77305 1475 74531 28313 17575 5647 42404 33318 69649 75567 2286 41696 34480 38822 17971 75694 95085 
5412 17
62324 21940 22357 55206 64862 12705 56887 44305 8454 93178 69467 25869 16411 14233 12681 50635 46830 
8098 12
20487 52912 86941 35499 83543 6241 32178 78523 48510 45918 7982 98316 
5489 17
89550 63414 46295 49463 59301 20738 58677 19991 44629 34636 91430 25043 21305 26615 84418 31056 43335 
7696 11
35737 44013 58088 69685 55498 1770 24208 29470 82197 43848 14408 
3915 14
63550 67403 72951 30953 98284 74117 45917 59016 60639 98747 55918 27006 74855 83261 
5724 19
83428 63547 24578 72830 21401 8025 43701 12844 3319 16663 13122 89956 53478 4331 91251 9003 93722 19536 64761 
2848 14
31963 69102 58578 43702 98293 94845 33192 77165 28308 28054 65442 74347 83820 50366 
6025 17
15234 6027 51664 69963 10318 83520 30227 22909 95640 55115 73040 7756 60996 79770 57798 32999 22120 
3148 15
36813 23400 48541 32967 20102 41864 87563 95340 21022 69943 87166 23660 47631 71769 63389 
5272 17
37152 6228 26000 54677 14946 18631 83652 52185 49264 37339 38740 37519 79790 44610 8396 50995 82744 
2610 20
1382 65479 61304 49113 77032 39325 48043 89240 66708 4174 7820 74761 25060 53356 30494 52297 11071 10458 48745 71113 
3454 19
61351 98346 52330 32422 4898 19304 7321 79703 31384 65309 65984 65362 84783 19732 34871 9148 65778 55062 68136 
1881 18
16636 94354 83172 75419 83101 16820 47256 96438 34215 9162 85142 64080 78926 47075 4079 82864 80149 78220 
9953 18
60133 83879 27536 30621 83311 42897 46116 87428 36687 55218 19279 45894 61627 69069 19675 59237 74449 96750 
9598 10
47073 41813 18012 19338 77233 42152 5152 64800 37478 44751 
6897 18
56907 95402 83304 28038 71074 14860 10856 3932 87937 54263 6564 43423 14925 75602 16476 73295 54084 37550 
410 17
86274 75795 10196 16982 88539 51626 62165 2155 2897 47334 80829 65641 41174 58919 36890 78865 97393 
1296 11
80466 19174 88340 88752 28937 9005 26826 95303 84642 45191 95991 
2670 10
36386 97775 88535 82671 85795 87329 89242 39426 61752 69200 
7791 18
23942 27113 54133 35109 83007 41427 75810 87331 49959 81321 87958 48237 26638 84014 32187 91641 81874 93181 
1668 19
80410 44718 9362 36335 24030 55783 58743 88494 67446 45921 46296 40392 71723 97548 21420 77215 17657 54122 77181 
7158 17
40639 2849 27371 22878 37513 61394 14926 28227 13724 74952 5742 46217 60655 92938 31955 34980 78097 
2732 14
98643 96872 34513 60437 17453 48868 58308 55683 61549 12612 45352 30026 16158 32601 
7819 20
47416 71839 45905 88097 42215 89224 58796 8183 21414 86747 20549 60221 53006 39170 32704 86604 1367 37514 58040 85469 
7017 20
7207 15917 23908 56804 11293 82204 33816 59088 67201 53743 91429 41110 91928 64645 72638 3454 24393 88873 99676 68073 
6698 19
52944 76220 48694 89391 78589 29418 14519 16542 70031 61763 48976 48503 90165 20552 78901 78305 78708 49808 57357 
3640 14
92035 99345 67184 26199 98646 68684 43153 60602 30066 22788 87124 62575 15809 17422 
9983 11
96527 9763 60907 76397 25503 82968 82378 87773 95001 13480 43725 
7846 13
72941 29058 61950 73521 810 1542 93122 92497 72588 73347 46209 6579 51674 
6289 10
24167 11857 93353 25275 67445 9609 80833 37646 757 63421 
8005 19
66483 43568 69565 63014 54867 7518 80374 38757 58998 22715 2171 98798 11769 59779 50403 63729 75201 44049 71358 
7565 20
51835 42040 68552 39239 54205 89387 51471 21285 79409 13824 60315 49021 44811 4510 67040 30536 44112 16786 97554 82167 
6441 16
69323 30909 78139 89384 5683 2647 32392 48752 68267 9868 88836 85948 74361 34475 25434 72742 
5947 17
49284 71264 7917 15594 54471 83952 52378 84463 65712 15607 3965 31935 58957 44418 85754 26378 6103 
7734 19
95387 92277 95683 76638 73853 108 42257 25989 59922 27975 16254 60539 23806 12479 47672 90738 70372 96541 10068 
5197 17
45343 24753 86398 58313 35091 39479 79138 72674 959 92028 31799 88446 16340 22871 36950 2237 69462 
3091 14
5660 90370 33403 33875 78266 8607 29249 64373 30466 11278 50612 37800 86977 57247 
9095 14
75822 3621 72812 18313 37934 86290 12473 93109 49484 14246 17192 86613 92928 20395 
6719 18
3944 88270 76904 17853 24093 33452 97465 21056 50175 57248 80492 25295 39688 61383 25772 11747 68776 12394 
6000 15
56524 85899 98509 54620 59037 35369 808 19791 12973 186 62716 52963 71827 76075 11441 
3246 18
85337 56250 92785 65762 60922 65952 17430 89760 16692 78963 47320 87941 41312 57524 76156 64095 17174 29981 
3107 13
45358 3170 99365 32214 12224 66297 85372 45844 29417 14090 10605 60096 31170 
3679 17
43919 30290 53944 77953 73279 33897 32628 49586 15648 91484 54193 20209 39446 8895 23169 73820 64846 
6202 14
35878 47571 3489 73534 70036 69527 37978 87037 92835 18657 81666 32439 26051 88430 
8388 16
7524 92996 60592 57484 65980 93028 47698 73436 5630 93683 25618 55489 40309 693 70556 97776 
6427 19
58856 62995 52416 2848 25164 83845 76053 8433 10875 19623 57032 19349 51994 48473 93618 434 27721 29195 74901 
6760 18
58782 18940 39307 55649 84077 77028 92406 62767 98616 10514 85057 950 1126 76560 44692 65570 55458 52244 
2557 13
64183 57927 36464 41614 88848 88147 37269 11910 82808 12946 36888 71911 72443 
4708 15
55450 27635 24199 83016 91661 74944 72274 47633 15842 23261 86541 5586 14709 67905 58973 
3470 15
20558 98740 83206 73037 46955 33836 78132 77800 56067 88324 41087 72116 20222 44068 23632 
1760 10
5901 39132 49620 14830 22422 40929 58487 82880 46805 28953 
7703 20
11933 95279 63948 44564 32939 68317 54345 89064 94079 79918 64877 32516 79496 79705 43787 96912 38896 50033 83945 25525 
3737 16
43158 47737 85327 59688 21489 49181 88312 12565 21407 70424 43515 34756 68991 84845 12217 59149 
5691 20
95249 50772 29553 79199 74690 80721 64446 69411 70937 35215 33677 92145 27275 58108 99953 35029 53533 63007 39093 87170 
6550 19
94970 97138 10051 35700 31067 49892 65313 11530 97857 7958 93066 63103 12759 33058 80912 57286 85050 57527 16395 
5555 16
43114 41617 26780 15588 5128 48511 40617 72557 77368 44824 52666 43089 53231 21604 3773 88406 
5293 18
77256 63548 35732 82871 35175 50072 47308 9922 51538 53413 84325 10206 59325 91895 10138 47116 32663 33515 
9647 18
6639 93830 20992 36874 77077 22523 36307 29392 69201 15121 35547 14951 3723 46419 25514 24037 95318 47109 
417 20
1989 6910 94957 53611 54617 35858 275 15324 96586 66048 10368 24763 99685 93582 60189 47041 23860 42052 67351 95889 
7327 14
97546 91198 10089 2444 66385 80916 62968 5377 72011 85856 7209 89861 69788 23059 
7878 20
36054 16297 20337 96265 22946 14498 52765 81610 40196 17893 39124 92359 58142 64892 87606 30048 34677 39750 3038 28003 
3865 11
44454 15987 21619 56930 59457 96823 22710 90434 92300 38846 73034 
1594 16
52796 79545 18010 73807 58710 88555 58999 60061 65705 60200 19379 2698 25358 85405 86499 45488 
1133 20
89093 48670 67618 35861 41188 21741 20708 87020 41625 20269 4635 80544 50898 23940 6023 84375 23045 24559 22869 28103 
7491 18
32661 60681 24104 14389 29611 21049 39743 67568 89044 70505 75423 25513 39338 6316 43424 48935 8221 69142 
9610 16
26024 15889 72458 10310 80133 73708 51124 99410 59639 7226 82028 46899 81281 94445 8256 61799 
650 13
88226 4701 26135 68353 59551 78483 68345 60100 18275 44740 61008 33694 78383 
6941 14
14051 28371 95291 42824 32495 53958 97342 90505 52167 94858 70909 14289 91413 88082 
5563 10
10673 16714 12937 9747 52895 25173 31562 48103 84918 37263 
4630 20
91356 7100 57171 43959 69243 368 84719 84525 66660 28823 79817 94786 7177 82768 29479 48216 47610 72945 54033 67946 
8738 16
34438 20614 68221 1081 46844 42857 89237 2052 92795 33701 88550 485 47390 10840 36519 41936 
752 17
30917 12133 28446 16350 55619 93744 18064 61302 70551 31700 72792 39254 94303 81483 26416 43031 91548 
6976 20
81336 89056 92586 97336 11231 2163 56081 92699 97119 69510 89120 74902 32712 66507 34239 26150 60936 80822 64849 33516 
3278 20
75990 95782 9949 18663 11085 12296 22202 28872 34675 51878 4580 71522 25744 84609 52502 63672 63482 11453 90031 64083 
8816 14
72015 24328 79485 94433 62184 30436 62112 11599 22631 43595 9813 63117 36323 83538 
5523 19
74547 82572 20012 37009 89131 33580 80571 36834 40020 44354 48363 65454 67081 31078 64293 17531 95018 31675 18711 
4592 16
22756 11984 50130 2737 67041 94241 7033 56565 66520 32609 62166 73461 71248 22769 99838 128 
7493 17
83598 26660 79072 99864 87541 90060 85267 52915 63839 85796 48977 93534 50461 2100 78279 90439 7072 
6620 20
78397 34407 82787 68616 28426 58252 67639 11610 57799 88319 73468 9849 20893 43459 30693 36538 46322 62730 74278 22378 
8706 15
21102 7351 73379 55582 93440 63824 89150 79892 59584 26811 55071 4872 19984 37125 66212 
9275 18
10678 65439 54384 5993 84400 46024 20719 44588 52454 74937 24056 81883 34618 55292 96050 68647 27217 96342 
1985 19
21711 53075 17474 61947 55034 21684 44967 75766 36762 12654 85728 46771 50199 52897 15175 71188 21898 72046 77460 
349 20
83215 64201 17897 92378 49971 45706 10212 55168 56492 71808 20469 87536 18167 97265 39545 93253 59352 73350 99807 34171 
7839 19
53652 80364 56161 24635 33866 99122 60653 74508 26812 94038 16484 25222 33645 66130 4628 13704 25682 99997 67734 
1045 20
17105 25087 20595 95978 77344 63622 90560 21886 41485 54028 20566 44114 43439 87873 56316 91949 29992 39892 38313 49560 
122 9
89613 22078 37843 47800 78834 12344 70053 13385 55902 
3632 12
42140 34962 73286 56974 60329 55839 64088 31648 94062 46997 91017 23357 
6395 19
45325 88850 7006 15072 61064 90832 20534 92935 3880 43850 57726 32534 34245 56349 66375 70094 38695 73239 68752 
7278 19
45108 35900 35771 50232 64332 48621 86081 52228 8948 16466 99744 46903 64488 22653 37699 68790 72239 39541 81138 
1448 14
89811 53233 91418 45379 95566 14370 97191 46160 88725 92889 88507 45990 61385 52876 
9809 12
7458 91995 81683 14461 76882 23774 41078 36806 8225 57612 68260 23340 
7515 11
32060 77803 32430 61005 13034 63763 1370 35357 5656 85042 27885 
72 19
78903 86298 89314 46450 48253 91093 11162 4881 4102 54942 91784 59615 12452 17698 60433 38635 16099 63639 52737 
7415 20
41723 82667 97025 30207 30924 1199 75445 68416 96246 26844 8295 73612 96745 5640 18039 6883 45852 44075 85480 64443 
3837 17
77213 22974 98230 52789 9470 81538 27601 62685 1730 64520 91342 77605 89564 48163 64117 76390 25504 
2901 18
21422 6452 19814 20707 25691 55482 32616 94766 67673 12040 88634 58807 13741 34002 32970 85111 71126 55760 
1356 20
83283 52190 15920 73445 49706 77787 89796 40507 56979 61543 74453 1718 98328 70779 66975 63860 57786 7850 74656 13975 
3993 15
47019 56292 58199 92861 21837 89549 63237 57768 4313 22861 80554 60365 50285 90129 43520 
9796 11
95783 74290 40671 64720 69012 44832 95389 76136 92278 10779 27177 
1743 19
65475 29366 24269 20821 94296 50750 23004 11480 12591 89597 50948 87627 76602 9692 68503 34912 12481 80002 24247 
4645 12
23371 14428 95329 63969 87740 35526 98861 8274 43472 4785 81895 29448 
8634 20
23976 34853 42327 6769 9430 88575 87760 36577 94148 48702 37942 45978 52063 35963 91775 54945 69194 96264 91370 84837 
5633 9
93510 18444 4807 92242 57891 8991 38906 26393 93264 
9350 16
52026 21805 86116 73452 12312 85579 35891 73293 53856 97322 71105 71689 43367 6068 13875 74829 
8124 19
24203 92010 91445 60124 17381 43674 16017 73964 63901 96909 47515 64953 77569 20796 74777 9262 42355 69653 93906 
7042 19
60582 42074 72464 37687 49221 64879 38712 77640 24343 10231 94727 18110 79123 87349 18938 1911 92896 27467 69648 
9538 9
5986 87417 46560 38607 63939 59350 35462 95449 5671 
3587 19
98925 77624 82571 36870 62887 76991 47667 47266 97694 3095 80634 3996 588 10042 26544 22008 71920 55026 20184 
9260 18
14984 61835 53201 62750 19858 16003 37030 7110 50276 88279 34717 25254 3737 37728 18420 43062 83014 80160 
2235 19
18597 56327 81026 65586 75038 95174 47269 39343 91372 60651 71171 90978 91502 94805 19971 4980 34107 31664 24426 
7007 16
98729 80330 65628 37396 97215 51572 11291 28196 48876 60591 4710 1617 52012 42443 13798 45220 
8330 17
75340 35579 80067 19806 17885 30160 63306 55804 35551 48779 27438 58250 62001 45963 59117 91846 86200 
828 18
40951 37066 88623 18105 81169 6354 75390 39687 72796 96350 82317 35058 54770 34543 25267 47595 18369 66152 
1843 16
76691 55459 79895 54642 20750 15645 43019 92956 36624 45113 60475 62212 52837 87532 37441 28056 
4924 18
92541 59614 93078 48782 56151 13354 87012 66749 44645 21951 44115 66609 99110 59889 33792 66797 71417 6532 
2939 17
83578 71221 60020 34818 48044 49061 86735 92297 94255 58811 21792 20079 38351 45175 11719 82135 43139 
5972 19
36209 24626 44787 42603 78330 9025 2153 92862 24251 93324 40982 83604 82432 45702 63629 96987 50582 84348 43292 
308 16
11348 45579 30722 48910 14079 9322 4397 21203 86982 68780 19101 91015 6814 14036 17160 61628 
1551 16
57630 56068 37223 9404 57225 8504 4790 2684 97317 88606 44066 60973 34746 51535 41567 21609 
4008 12
48755 28091 48464 34328 80385 51097 25990 3358 73128 62337 6963 16248 
3966 14
49803 16019 57430 25622 62225 95149 74493 99125 939 54761 23171 69537 51394 11189 
4180 13
38855 30952 42171 77838 51361 73968 88400 82655 26758 4017 39034 69338 97993 
3093 9
1083 19966 58910 18955 8499 71008 63624 60494 81847 
8314 11
56962 8642 63791 26183 3608 2974 49592 15104 41770 41045 13404 
9686 17
12234 58585 1739 19857 67539 67202 98885 18898 4984 65300 92969 3052 66874 89718 91702 65441 82545 
857 20
59832 39757 38267 13871 60684 80225 81804 38945 25445 90291 93507 21563 59024 14388 81420 44310 96102 2797 2681 62602 
5565 19
4315 56005 51182 79310 77462 5639 91866 72878 48934 68023 95217 14332 3209 64592 29798 66873 70688 39586 70730 
4330 11
96715 71274 72368 96206 60050 2290 80442 97836 87042 6287 52496 
6076 15
18577 66935 8076 73316 90393 12702 50101 10124 20059 19881 98737 88709 20161 16963 31939 
9836 20
15151 78858 64956 79991 86374 32683 72558 92220 84746 85288 54368 65991 46523 10156 37094 34747 49563 32046 63244 93608 
184 18
33542 80850 64993 69535 30330 41179 66491 29786 33259 56326 71043 34924 21874 87278 98043 33146 19888 40236 
9020 12
70193 87759 81450 11915 14938 59073 39321 25866 22131 7841 92230 9505 
6772 12
95671 19919 86445 24112 75938 62509 23500 88834 90050 95512 46842 68161 
53 11
19871 45897 2478 60488 1061 70968 67042 56156 61098 42293 27198 
1516 19
74133 89052 28928 6026 25096 65931 21851 68551 75545 54631 35392 99725 25771 88346 93938 7187 26779 86602 38377 
3075 19
64431 25487 4067 89529 66093 3116 15301 86490 32415 80660 37464 17438 34287 12143 82770 10703 11931 85282 94945 
2249 16
51140 60533 62091 135 78423 97907 81317 86150 17447 14930 67000 66924 70160 1105 17424 29095 
2515 8
50821 62625 78082 90178 54834 69729 28199 97474 
7060 17
93846 27679 36746 1094 43941 55985 13396 83866 7246 77052 87369 28890 24698 75704 91064 19290 60798 
3686 18
86381 3504 4589 64481 49658 48373 67725 17946 48264 74785 30454 47652 8515 5290 72494 50903 75781 1455 
4449 19
98500 83404 77964 94003 46057 99456 78847 97606 71679 68749 65525 74759 25783 78519 37354 58512 46169 36067 19175 
7989 15
22925 80808 6800 31099 46874 12877 34694 46347 25304 39418 86559 92114 95793 33147 4181 
8363 20
86460 75160 19297 8218 22066 24495 10067 58215 52197 4338 95698 79757 90492 77027 21268 21457 17958 421 13267 12905 
2582 20
54651 17340 98909 28547 11168 57380 46142 84748 79169 12794 85660 72491 77293 20963 46203 35965 48410 36193 86127 11734 
797 9
39452 60036 82991 9020 97509 3901 62661 19789 48403 
7465 20
46289 30016 47669 73454 97510 11794 80338 65252 48741 97822 89671 18598 85514 90797 7105 47497 1415 78301 83690 8736 
2608 19
17701 94767 70583 49034 37863 80164 11918 79658 63594 86940 54742 36745 34119 56123 36770 99212 54180 46504 54120 
1417 11
70597 5296 68414 57554 71834 76016 65627 48142 89133 1736 95129 
4804 14
88641 17477 72033 9766 22695 35899 3482 25975 52850 51481 93141 27445 97009 63693 
4705 16
37941 9691 19051 92431 71928 26982 33664 24661 95102 66365 29112 15961 28939 58350 46654 27498 
5328 16
32620 72711 3980 20749 59449 5191 10519 77281 47279 41225 96906 90205 85104 98001 9434 89113 
848 18
681 71790 76562 26029 66596 10699 19413 87597 7640 28295 69839 80884 74184 88991 4371 26788 96781 94950 
7424 17
80275 96478 99679 21074 79582 32507 99761 32975 35913 93336 68365 40705 37115 56597 66877 58581 31399 
5057 17
98302 35107 26128 52320 92737 91836 37004 20724 27485 37723 10394 30101 56288 69573 56493 54671 27927 
8855 18
96934 45960 53255 91202 67913 89841 24195 43567 60260 33684 710 83507 2662 20054 77332 38041 43694 24800 
714 15
6987 73018 54764 41524 88017 90886 84137 5858 73695 74221 48880 22293 65944 30217 96317 
4758 20
41803 61417 26076 4552 94218 63986 71749 2686 74497 91216 47525 54287 2051 37923 92408 33654 24709 23928 99010 84347 
4803 15
38697 93237 88996 73946 10540 25838 42472 64724 82890 31486 10665 4008 88501 81947 54173 
532 16
40565 79778 41915 91636 22798 86400 83846 44285 89500 4761 50729 92286 75534 9513 78986 55620 
6185 19
43886 10957 64503 26521 88182 94908 13777 85140 80553 39140 75533 1550 81670 50605 47875 53631 4259 92901 49168 
7940 16
48560 6280 35490 91978 41153 81592 95714 10464 16700 68101 82208 16609 58119 65265 34166 56056 
2638 20
97298 32490 36645 72950 23758 48802 93777 86363 51943 75463 8329 21132 70351 85097 85709 51741 98907 33312 15391 30897 
9440 19
60042 88545 35473 42590 71602 25065 60637 64404 76767 57446 68836 46341 16011 94665 23845 77144 33453 92797 72655 
1109 10
29735 70282 78813 65141 25962 74628 83089 14698 61713 38329 
9906 13
23455 11028 28601 484 77875 51599 10290 45726 80751 42280 21823 59724 39590 
1420 19
76512 27803 26410 18028 72371 28783 88102 74425 89894 20791 11526 24206 24401 46426 80524 39276 82035 1597 84686 
4283 17
11630 33197 17633 93992 86165 81962 70550 54344 47990 45452 79348 45807 60156 52342 43802 62596 1124 
6220 14
87515 13307 3377 32398 77942 2230 59045 45900 57233 70713 21003 68385 85771 25879 
1486 18
26716 11094 72111 40667 53225 78407 14278 72607 13851 18832 44282 5811 39766 65666 12250 79319 35907 96627 
124 20
24621 61355 24050 73992 27245 14060 85089 95809 42217 1761 15639 22781 19998 50535 14797 90452 15396 72008 98554 59965 
3873 18
92808 36112 48994 22553 1533 84378 26999 73385 23014 31234 92731 82116 74429 40759 5573 25764 6843 33800 
9577 18
39698 5681 2887 83169 49745 82330 77890 35161 47865 67762 22691 61011 47131 83488 70471 25852 32744 81441 
8181 17
82963 39996 15098 76450 45999 80560 83126 49564 34337 7259 52171 23141 74272 59532 29408 37489 40430 
8587 19
67325 4685 62910 76951 56007 61696 64378 35465 37892 89433 96446 44756 2274 32612 61852 79082 47251 75555 39498 
5031 11
12711 36277 3298 81134 57342 3196 45521 33121 48953 50145 53329 
9948 11
4624 24599 90758 23869 74943 7578 78907 83858 60007 44866 55894 
4709 14
47659 2950 48454 95146 2618 5092 99015 23260 21958 22896 56521 83375 17018 99818 
2138 11
5474 20154 37049 4045 49068 59919 59528 76670 1663 15015 25805 
5833 19
36749 92834 32656 79243 18789 20500 87141 95441 474 7966 6727 88336 56234 71847 78707 59226 31143 36829 35847 
2144 12
7776 62673 39234 65933 40437 18220 2623 37470 36485 59023 83373 8888 
3103 19
33283 24362 19581 52451 85661 2609 15670 61016 58485 84817 62969 42284 13378 84707 34091 29529 66861 26361 55734 
440 20
97381 92904 22116 75875 72845 65068 51407 17196 14865 96386 81887 22669 22051 52863 29751 90229 52208 64025 88277 98786 
9732 16
34279 70399 68587 25547 45457 46395 59657 91031 14832 27469 23745 16150 5122 97489 23923 50564 
5933 11
95523 56989 57640 69265 52059 80946 73147 7410 98996 33213 67783 
9021 18
60022 11422 92710 79065 22741 28312 14594 28584 49148 75568 45478 2409 75502 31230 77753 38776 82369 75777 
3430 14
93288 20898 47590 77484 95161 13882 2873 63675 34142 74396 92398 76472 32419 54262 
8862 18
64911 61951 22413 40222 51933 80888 95974 76154 13733 95484 85213 21263 61649 10058 95183 4895 92624 48111 
4652 15
80473 80138 61260 63342 32075 46243 31267 31 80157 91221 63203 29804 15793 58884 38038 
711 18
2203 31080 71328 63830 81407 58610 78062 68240 59837 32652 61796 49402 96244 17137 98897 58184 18528 74171 
8723 18
30358 88474 96357 37400 76936 15037 56801 94740 5773 98731 96182 36061 29649 49926 46112 29674 13197 92459 
2730 18
18560 63811 35101 60416 66784 71854 70104 76645 91768 12548 67025 18595 27652 40990 13444 93833 48575 8906 
8279 8
63029 73237 96414 98543 32039 79437 82502 24737 
9294 19
42080 16973 96726 23597 68640 97076 42870 89243 7009 57516 37909 747 37479 48181 54341 59429 87581 33522 57295 
8818 13
62386 94583 98773 70211 39943 2506 95488 294 27965 86782 18827 36626 40659 
6305 10
5499 17629 4087 67797 56202 59609 64820 2996 18495 72021 
6241 17
40462 36531 42960 25240 21600 74814 40351 66575 48146 12416 61451 13562 66639 98014 31889 86442 88617 
6558 15
92724 1310 29905 13742 92593 32443 55430 38168 8947 35358 57102 63398 39113 18817 20371 
868 19
24532 71352 20414 52243 47902 44131 17941 98580 50525 50252 89428 42156 55200 38056 4267 19436 48775 26508 4022 
6049 17
20528 81000 96610 13056 11303 16929 15390 20985 97747 7587 79912 56957 83019 64596 75226 83557 41202 
5134 13
91032 97031 41345 78271 77120 73307 68890 41570 98153 79664 97582 10421 62796 
9449 17
53333 30370 66817 38176 33921 8497 41342 91385 36705 61319 63518 24837 41236 36389 70835 24686 34502 
9186 18
18182 81937 28208 15383 40218 50766 181 52864 27093 33868 13202 20233 97965 66193 63454 71922 215 65358 
9442 12
1360 42149 1120 85227 60780 14671 67455 92568 93120 19166 8825 36637 
479 12
65438 31568 15780 13011 90023 95650 77731 9176 95716 4191 98692 15992 
5387 19
92732 173 31591 96791 18480 63514 9852 79307 55447 82531 25220 28799 7927 73041 7167 55566 367 59020 41478 
7446 18
78241 4794 79840 50113 28353 8463 97995 99200 50163 61623 73511 17305 64516 15934 33041 56033 32116 77954 
220 17
80199 58268 37332 69313 53737 15813 42679 16920 19587 51537 17440 92984 90127 48577 79410 27476 33342 
5937 16
41101 23797 85166 76328 4132 58419 88152 30586 97090 68751 94765 47968 59753 30232 32976 34860 
9013 20
64716 79910 88859 28809 63012 56101 23750 45327 41657 52400 75957 97195 33431 73728 64041 46927 56551 49605 47364 92583 
4316 17
13342 77513 87587 71294 78639 27151 35146 5208 69061 37870 24007 33788 99961 59990 26179 66447 18902 
9096 12
22767 38478 95825 41134 37455 83646 37806 56082 30748 85824 91376 35543 
5172 18
51447 57499 78612 70466 52269 6742 17102 52564 57587 40985 863 71104 45727 8430 24432 67828 5955 32583 
403 16
70598 55549 89865 6053 40354 47801 87560 9995 66685 57321 94919 4978 65854 47782 59441 35214 
7175 11
66907 75263 28784 39305 23413 28230 17709 68888 4082 14897 55577 
256 9
65287 20804 48986 67869 16871 54373 14410 23184 36790 
8828 11
20517 8643 98048 60793 60340 54634 54746 73633 2725 32078 3074 
9566 9
52477 57624 65721 76358 44518 60741 85657 3302 41865 
1044 13
60239 32697 36160 46398 51997 46663 35191 47616 72992 14907 60159 2081 60633 
8505 19
51950 91543 75626 82264 70781 63958 99498 40259 80284 10869 86182 35399 62215 4848 44883 68405 68816 53693 64527 
8328 16
86907 92596 3549 46690 17414 8882 9753 74458 76330 45149 70422 42852 86436 45518 28629 1788 
5107 10
26124 16207 99782 91670 89436 71935 42282 90546 25261 74495 
7349 11
59041 85279 26091 79362 33490 16892 31597 80668 74246 84314 79401 
3854 18
2245 69562 45850 6534 36681 23466 80787 84046 23882 76913 94929 20817 92790 32246 28893 28622 27739 34562 
2942 15
98932 81564 73004 90045 69898 19722 39100 23015 82493 25245 86813 6497 62440 54930 5417 
4059 10
95569 62569 88056 12229 19054 3166 23918 50230 86716 36425 
9926 17
88696 93284 90990 60362 71798 78372 83446 47992 61502 56215 85636 31119 84581 64989 28125 96756 51440 
1705 17
69544 50406 45330 54074 27480 55585 26647 22932 60703 28747 29573 10868 41700 76267 5702 26430 20589 
1201 18
78818 16196 28933 91106 33588 99331 63192 4850 34078 8851 93111 8585 6471 84256 26759 66837 33482 99899 
8917 14
32911 3456 38007 42526 18745 65614 10177 14901 40941 61097 22365 60134 39083 6604 
6504 11
42641 2332 42111 38502 40365 88642 54184 22948 12235 3420 76002 
1580 18
79096 26824 37700 30472 57694 136 78500 35209 56352 44312 44626 34388 97136 64495 78882 66274 33090 69689 
3490 17
36562 47025 28515 28574 9042 63597 26325 38819 90057 9197 523 53819 16656 25948 73667 42799 26137 
6979 18
89839 41474 32591 40294 57859 71799 71246 93347 41412 21211 30325 25493 15498 43631 3425 18600 22906 76206 
9616 10
86840 17570 99815 1364 75156 7556 16417 41559 78190 26504 
703 17
86055 73064 49338 23091 66951 89033 56745 36614 70286 79756 49317 45427 10282 39014 97238 73048 75982 
2418 14
9239 69465 65212 38094 54191 60851 11805 91049 69717 47379 2751 87522 18872 43734 
2548 18
32726 86711 28728 32195 13294 33891 47803 86674 55805 45656 74100 75343 94111 84796 4499 79523 27691 52917 
2581 11
96599 41380 32320 95678 180 80788 52855 43227 10291 9738 56972 
1314 17
63642 64889 39913 66611 52397 97131 24981 39692 20714 55018 3071 29706 38917 87717 89598 46120 52882 
3130 15
23567 56914 26726 74193 74557 21113 79652 92289 51923 61595 31519 1414 82904 71423 16468 
5804 16
94485 99751 90819 91571 51893 4467 68128 41712 8105 22763 62136 8102 62289 5917 30618 34521 
3026 19
33065 5173 77824 54088 6166 91727 28839 96927 2743 26360 9895 22250 34292 55319 59567 59129 77345 95553 95428 
5873 18
51111 71845 52916 49162 80581 64148 25664 72106 10884 31494 34432 30683 68214 76811 97334 11228 45383 26816 
9656 18
69692 40244 29505 81346 60770 67172 70693 5714 77205 46988 84892 41026 28586 1713 52553 96574 74266 58660 
5635 18
71504 43377 86870 58156 94606 61221 25642 60210 72732 32143 57236 21248 13394 85062 37473 76916 50090 23086 
8628 15
92518 10086 58598 90841 31738 19720 47784 78777 44180 72673 70325 25297 63623 15373 34688 
5112 19
71083 89177 48218 44597 42629 54105 73965 37379 5765 8359 22666 85659 9680 36802 58076 94714 1413 65237 29648 
2489 15
11718 79450 23176 84758 28169 22278 51934 29276 92478 55312 70632 26279 7327 2456 95659 
8663 9
9850 6134 8726 17711 49876 38608 43539 56195 87246 
4241 18
65406 22983 57750 28901 11817 80956 62174 87208 32512 39604 94093 64581 69432 23074 72229 5812 16678 66206 
7071 11
83596 32802 54358 83688 40860 49768 61317 93910 72570 67657 28620 
4389 18
30200 86341 45003 79175 54168 74590 22534 60294 99414 89475 31091 74165 79346 33244 68435 18111 39261 11318 
3525 16
60690 22992 53202 39839 33222 88124 26248 28338 90138 9648 89782 54655 97816 80204 11729 99793 
7840 16
24511 83811 87247 11583 57703 74561 93026 33102 3376 88009 34314 67471 34356 90298 44957 44441 
6992 13
36392 11808 41507 76198 18627 78207 57291 19916 93173 65452 19422 22059 38949 
1478 19
29736 81910 56764 95287 31959 59763 21990 29280 16091 11030 70272 40915 94114 99281 44076 3165 94760 88154 16541 
3545 18
70207 52409 76042 62319 96911 94688 35466 90854 11624 14653 67367 6648 13834 78285 21320 40498 5685 24607 
9813 15
18786 82552 95356 82314 64818 92099 64016 94623 3869 99436 13082 64046 64462 78608 46582 
1803 19
11354 66257 6187 40407 20220 4746 88812 30171 99296 99959 65450 15430 29714 49557 60834 74092 90642 4666 39287 
9071 17
25835 31204 83218 95547 67721 40649 90759 41982 71336 69935 86439 12463 56557 48724 9845 96832 42509 
340 12
28704 7978 86342 66641 55471 844 56480 93963 60117 24554 44544 29527 
1430 16
52734 2531 86408 7339 7282 53609 41002 15871 68892 37841 65702 26965 65737 222 89197 77859 
6994 12
83743 44973 22087 68834 12043 97023 38396 96372 61296 65385 96668 9219 
7075 17
26973 99835 92121 86304 37195 2387 66289 27107 91201 71055 29624 88983 17920 52111 92755 69741 753 
931 13
93407 26900 48643 27570 81469 16413 45311 21223 43434 41970 18125 49522 22880 
7104 16
6640 86511 88759 92978 52594 87687 54403 2984 50761 80549 31313 13281 61556 72320 71194 26014 
948 11
14499 77222 11713 96902 55564 51079 91489 96412 2262 70829 37000 
5360 18
91915 18325 82605 56937 43051 56856 54788 69020 20246 20416 31018 55642 66546 76585 22487 1845 73095 59857 
379 15
60701 50125 83468 49135 86948 97853 93399 40299 6458 48493 89172 39454 64684 47267 97232 
8728 18
71936 35203 33260 69082 65433 50050 87702 32405 56671 10134 74374 73194 74978 35881 72584 18116 81479 15654 
9406 17
5841 90664 38995 99727 50040 21811 37802 61802 21450 61376 61266 71155 99666 34427 4440 96098 99586 
2165 16
39897 15537 41707 31359 34551 58770 30023 31140 14905 34105 7075 25994 34557 86229 83067 42089 
8518 11
85977 38231 56852 92374 97852 41806 36836 11461 22438 97315 1534 
6885 14
19537 27088 17732 85859 63259 5015 92336 6488 82690 55405 57256 37539 6480 66579 
7721 15
29237 42970 79874 11979 54039 34319 5501 8986 17921 78564 41527 71475 21145 17005 15502 
8178 8
9401 81080 40436 45833 4923 53621 50677 96730 
2109 18
59548 69361 53017 16081 19152 43212 31327 64071 9177 42324 84424 53156 60640 39183 32541 35173 81350 12460 
4112 17
572 27645 65305 35584 7423 49884 67144 30218 88453 95395 72854 20577 8516 8967 68058 46917 13957 
4830 17
90407 2082 65869 44469 43359 19407 52179 90737 12587 50014 57205 38252 297 16188 9797 60012 31810 
6229 9
76302 28422 81657 24198 14751 61540 8106 10817 17584 
4042 17
23310 99660 61435 32426 35463 52535 12940 95977 88417 12077 98479 19164 99568 77494 57011 7293 66503 
9460 13
2404 22338 72555 66906 87693 87181 10043 94677 3868 19632 60724 27752 43007 
1485 19
50290 45290 63188 17274 91393 47028 68201 68523 1268 74662 18868 76026 22952 56084 4679 33775 9283 87854 55995 
7143 13
45165 61091 34953 71568 81037 20580 33208 90787 82181 55892 4712 46194 35678 
1401 18
21662 36831 32087 99567 40839 88283 25313 59882 89744 35776 650 63603 33765 10209 4430 85309 77727 41249 
6783 13
79679 38845 16383 95095 33737 2324 57165 44717 67583 48392 51427 16770 82698 
1349 16
28366 22375 94002 11511 19353 74174 82237 75381 17539 42110 32056 50069 8164 86640 63894 44508 
5169 18
94276 77688 12931 31372 49902 9265 81107 56605 7598 29783 96286 32860 66741 60266 42785 84648 55356 26720 
7094 18
64048 1428 77473 84941 79965 74424 51750 80845 31213 64642 24734 23434 68226 75526 21472 96503 1162 93398 
5835 10
6703 24979 73781 30382 78040 89745 48697 93577 67862 93568 
9927 11
15046 62049 62499 74206 79480 30544 6861 6495 87095 75180 79254 
2941 18
26702 60521 48683 74413 4640 83131 84005 93261 39396 23637 39976 33092 99409 66681 88228 87413 6628 15166 
9837 16
7111 46633 67611 59260 42122 1223 68610 85264 15461 55380 83415 11881 6827 6324 44252 63596 
6374 14
90465 1683 1633 19661 82233 74859 3336 18203 46438 73713 61458 29970 39290 96364 
498 15
75135 77897 72849 38688 11241 90223 85390 4651 55274 80075 74383 14276 84687 95302 64733 
4089 18
56486 23728 81364 18207 33144 73720 92034 99157 41204 10863 73313 80200 28599 44781 51237 17923 90666 8625 
2044 19
29958 39554 69029 71861 27066 89068 25945 63471 64546 92294 79761 7230 69976 90947 34336 2766 73699 63723 84863 
2798 19
62930 13972 5547 90997 55073 74714 25320 24639 58337 28463 39151 96876 7485 46101 79291 3363 51701 2298 36023 
4518 11
81118 20916 86071 62287 13817 36700 835 58567 72114 678 11641 
1644 13
44395 33512 24435 76148 49005 70123 97992 86030 64380 14592 73917 76721 86854 
1307 17
46815 23465 40496 72959 33850 60016 1529 77218 75297 48817 37105 24787 54991 76167 82495 30185 86902 
1065 18
77947 91882 78289 87160 93966 56400 54970 9015 76483 33295 36080 88148 59899 39346 28543 50281 9836 95946 
5697 18
46481 70873 31031 87577 1121 55750 95299 20694 22237 66684 80194 87279 71978 24566 85458 15736 64853 27942 
3953 16
5704 78057 66720 54495 88667 95826 11603 32155 95955 64015 64680 38261 15550 80813 28280 8169 
3938 10
83826 75092 43547 92820 70893 38662 16110 59885 37595 12180 
8791 17
77912 86695 7772 91907 68515 10195 70762 32205 58323 40812 99958 73654 5851 95022 67079 27407 89708 
9432 19
2249 98418 56335 17858 81542 95835 11634 11793 96975 69921 89583 29522 43546 34357 76675 1915 36104 16250 42127 
1962 18
37278 84765 44428 96281 62671 2502 30483 73818 58664 29826 89879 68175 82765 51671 10878 78135 69742 73637 
5853 17
45690 74745 69503 15189 86337 95766 35992 74376 46472 40237 98161 7334 52055 26098 78738 71022 51319 
4431 18
55114 7277 60032 63847 41381 17664 91132 86464 5799 74076 18859 41337 55444 45797 79125 57498 38796 14772 
3491 19
39981 83403 16186 36976 24849 92693 52272 84838 24919 87251 81078 49651 52810 19591 751 55230 74566 39672 77477 
3473 15
34460 58628 74712 28388 97635 32208 16736 23666 89557 69252 29757 95151 56850 87775 2789 
1606 18
70957 22806 70198 14572 16695 443 89988 87052 70712 74681 81083 60313 73298 5223 92791 93400 81745 95307 
311 12
99037 25499 61621 90667 77658 9234 62846 12715 81915 98158 16057 23380 
3875 13
24397 85082 62993 8439 6784 95537 82216 79753 16807 21013 87970 37450 26869 
9733 14
39173 58005 38374 90923 55543 16989 55530 14939 77857 25678 52738 73503 46377 4715 
2714 14
88095 16027 243 38324 20559 61915 26672 18199 88007 77069 4870 1865 60652 52974 
6636 13
997 71874 5454 54092 97223 34089 1816 60066 95361 75695 47982 88953 32592 
1520 10
70041 59509 34585 24175 63132 32689 333 15181 25451 42209 
6902 10
87326 73429 89815 12745 2063 66272 43924 71819 96365 97707 
3780 10
71 10780 24280 25832 39895 72790 54514 50908 87183 23965 
7496 14
31034 28470 65539 42372 18581 83511 72242 79063 42525 11057 1708 41918 19343 32602 
2335 16
16549 79453 28536 77935 76603 33545 65415 60174 53363 41592 61366 94813 19439 30255 93791 72675 
2195 19
79516 85567 21469 89775 67749 25329 64341 62410 42967 30283 21788 59308 11111 13602 34559 462 53185 18650 31905 
8925 18
47929 36985 43509 59496 49602 15048 65181 48173 15833 24320 39669 64702 16058 55094 97653 38735 15007 84474 
6367 18
8507 89772 95063 18716 68008 74113 41361 7512 51554 12701 4513 55679 59315 55688 4138 46085 85339 53725 
4695 15
90579 34272 23787 85277 44573 66440 8423 20413 74095 43697 54861 10753 74579 88421 53429 
2803 17
82816 23519 10565 60270 75687 95597 96901 42664 86376 92807 13391 29815 96306 98941 17248 83377 50058 
5352 18
88351 41030 17964 98738 59949 21095 25045 5795 90614 68770 55325 97559 78988 34744 66857 59355 4535 2614 
2991 19
36568 38343 80187 71546 18985 82300 90602 69656 35481 465 85266 16259 37044 60312 11897 37961 3424 5604 11800 
3726 13
25619 60925 84645 4363 64035 32226 36631 28561 19778 28990 85115 64529 98339 
4677 15
60333 43563 44563 5862 72469 96475 28087 89654 13292 21688 71682 53479 86628 12029 98754 
1004 12
87426 7509 2399 71234 62479 24346 19231 71759 40950 77426 99535 70011 
3550 14
36462 62814 67059 38174 48062 59389 60417 30761 44797 74796 25997 9428 61815 77749 
