543
4074 20
2184 22232 75565 60749 95481 92803 66165 33235 7282 15039 47160 87003 95431 39999 40629 87243 71391 99133 31062 87114 
4871 20
920 12492 79041 29616 52743 42134 10014 2030 11543 55914 58146 68337 17652 50357 83073 18945 98377 17164 66996 72701 
8696 20
35619 45104 44776 86267 17085 89554 3876 87902 38304 24855 77630 82092 78115 2284 82577 94634 66416 42488 5076 65791 
6644 20
89990 62465 5281 47332 52990 87633 79918 60249 35676 34217 91504 2164 10816 32722 59710 43182 39066 67532 73905 34688 
349 20
83215 64201 17897 92378 49971 45706 10212 55168 56492 71808 20469 87536 18167 97265 39545 93253 59352 73350 99807 34171 
6871 20
40071 599 47629 87851 67662 31515 12282 59306 42836 75548 36149 80127 74615 74736 16615 59246 66013 21581 39044 13601 
6175 20
12358 60953 18537 10039 40408 6439 87538 74460 74707 67606 47858 96787 69334 26121 77856 38729 97980 564 84691 39664 
1803 20
11354 55820 66257 6187 40407 20220 4746 88812 30171 99296 99959 65450 15430 29714 49557 60834 74092 90642 4666 39287 
6698 20
52944 76220 93865 48694 89391 78589 29418 14519 16542 70031 61763 48976 48503 90165 20552 78901 78305 78708 49808 57357 
8530 20
11503 81373 87719 5892 26138 53582 59089 88957 32631 2304 20859 16064 42760 19448 98024 99723 22968 96213 27044 82458 
8005 19
66483 43568 69565 63014 54867 7518 80374 38757 58998 22715 2171 98798 11769 59779 50403 63729 75201 44049 71358 
2610 20
1382 65479 61304 49113 77032 39325 48043 89240 66708 4174 7820 74761 25060 53356 30494 52297 11071 10458 48745 71113 
7358 20
8226 6016 41726 81897 46729 65508 65619 36550 63957 45114 59605 34271 81543 47834 46203 30585 67570 34122 51487 88944 
8384 20
29310 76168 27699 71023 90223 79781 84313 24067 67329 15212 84933 67804 45614 54344 4986 37923 69826 34713 81966 89482 
5724 19
83428 63547 24578 72830 21401 8025 43701 12844 3319 16663 13122 89956 53478 4331 91251 9003 93722 19536 64761 
2943 20
89074 42824 10040 34734 14627 36728 35038 19155 56395 38998 44522 11954 4916 61497 68429 56722 68857 48077 8051 90985 
4758 19
41803 61417 26076 4552 94218 63986 71749 2686 74497 91216 47525 54287 2051 92408 33654 24709 23928 99010 84347 
1349 19
28366 22375 94002 45850 11511 19353 74174 82237 75381 17539 56202 42110 32056 50069 8164 86640 63894 44508 75694 
8613 20
50683 34227 28574 89288 51849 93189 54571 34023 9037 40149 90998 1713 69355 91488 128 1234 84969 63359 36244 46159 
9447 20
38493 70663 38593 673 76262 410 89681 38320 34612 76725 33653 90735 98621 61857 42871 20351 83518 38150 14339 63821 
9855 20
60258 74200 83257 45533 55738 34698 84226 89198 14014 94033 64392 21342 79077 31629 2999 56073 18568 51479 24583 69233 
1949 20
24096 18968 71256 82966 98832 52845 2883 63589 5658 7767 96757 99572 99686 77607 75188 21318 29512 46254 41367 1416 
4138 19
7028 92204 45568 17444 74424 68663 55497 97831 57207 16048 41421 45495 34073 96595 37046 67693 59332 57000 6958 
8521 20
64176 83416 49863 86004 86374 5922 3523 9525 52981 14317 66555 55003 92700 98065 53094 45102 75115 6293 94592 72412 
8691 20
48126 46058 1012 33992 55052 80049 35565 87419 18437 15480 78477 20152 50247 78715 55714 29434 85175 15371 11153 59290 
3428 20
612 47401 28439 69864 36727 51354 44929 88298 49856 97430 49358 71379 56796 53296 25787 94797 87468 63123 39161 61709 
661 20
48941 87312 32402 83190 46618 77606 50977 25973 15297 26557 49350 31489 55860 41272 44823 15973 86001 9112 5110 66405 
627 19
74570 49106 41993 94802 39432 20137 76493 13907 46427 61874 92874 60226 60962 18989 17668 47618 75802 52170 38799 
7819 20
47416 71839 45905 88097 42215 89224 58796 8183 21414 86747 20549 60221 53006 39170 32704 86604 1367 37514 58040 85469 
4855 20
21275 49002 1671 85241 54726 96302 96900 61253 51015 44135 42704 60112 68090 48909 46226 50795 27092 61824 74976 66955 
6550 19
94970 97138 10051 35700 31067 49892 65313 11530 97857 7958 93066 63103 12759 33058 80912 57286 85050 57527 16395 
479 13
65438 31568 15780 13011 90023 95650 70053 77731 9176 95716 4191 98692 15992 
2021 19
1843 27794 71286 50373 37252 78156 81421 71534 35269 23418 32198 37960 74288 59167 51017 34561 78468 12950 64069 
1201 20
78818 16196 58677 48464 28933 91106 33588 99331 63192 4850 34078 8851 93111 8585 6471 84256 26759 66837 33482 99899 
3034 19
44302 45572 70245 1035 25349 47277 50059 69266 18416 28057 88522 91869 64024 67044 64825 65198 41881 86482 97841 
909 20
89774 1692 42366 87173 17502 23621 33171 27663 24854 75877 65927 51278 94417 31093 87262 3975 8163 92502 53707 68062 
6189 20
84448 29089 80523 60912 16253 99320 27544 57806 27676 72577 28025 73003 77413 55154 75602 74773 38508 35114 35704 55709 
5851 20
8445 79965 3982 23556 21720 87530 56563 30381 12513 17291 95728 45502 85653 3163 21555 35601 99002 21719 50129 16980 
4386 20
55589 76411 81146 63486 27770 25605 55159 51559 8144 74910 53983 20278 58984 1441 41768 41057 51286 70149 2757 50686 
6370 20
33734 88380 46583 427 32239 37690 34253 18097 91160 32566 93433 94898 93870 3501 84683 48312 43840 60385 40362 25601 
8931 20
44975 73422 46470 5681 56908 78860 19568 95780 30542 85129 9389 68618 14462 48430 99045 14270 73278 51296 64479 79669 
7512 20
26310 13473 74 35094 60390 32530 8122 90572 88722 64121 25400 64757 45226 2705 76456 50060 76140 50160 93792 63912 
5604 20
88745 9206 98615 83808 9978 26363 26512 42354 3229 21085 83291 89538 19539 63689 63423 74267 60539 98019 95456 75707 
1478 19
29736 81910 56764 95287 31959 59763 21990 29280 16091 11030 70272 40915 94114 99281 44076 3165 94760 88154 16541 
8728 19
71936 35203 33260 69082 65433 50050 87702 32405 56671 10134 74374 73194 74978 35881 72584 47730 18116 81479 15654 
8572 19
5616 12537 23157 22464 61981 91093 96767 69201 93536 11908 88489 82427 99978 29877 64529 54514 35534 53430 83108 
417 20
1989 6910 94957 53611 54617 35858 275 15324 96586 66048 10368 24763 99685 93582 60189 47041 23860 42052 67351 95889 
7218 20
75619 53763 17868 42873 41014 91340 51664 46565 67526 32922 9385 10604 19101 45458 68180 21624 7404 49821 58235 88476 
1356 20
83283 52190 15920 73445 49706 77787 89796 40507 56979 61543 74453 1718 98328 70779 66975 63860 57786 7850 74656 13975 
5390 20
1629 26973 91957 41659 46059 96555 76674 98409 37734 9937 80485 5053 65140 61675 83944 32506 75021 41223 6763 41258 
1453 20
17714 25123 54983 15385 56190 28208 24651 38811 66733 39332 49749 74243 1339 59341 61255 12015 70749 68226 51412 22832 
6342 19
92024 40639 83420 56610 14438 78035 17891 21926 72245 32670 7859 54197 66637 69395 9810 92418 82294 55491 15146 
1154 20
76263 89411 4517 21593 94666 38244 68390 82830 33886 87964 22384 93107 44725 33249 28816 45281 78403 13341 36558 10939 
1045 20
17105 25087 20595 95978 77344 63622 90560 21886 41485 54028 20566 44114 43439 87873 56316 91949 29992 39892 38313 49560 
2235 19
18597 56327 81026 65586 75038 95174 47269 39343 91372 60651 71171 90978 91502 94805 19971 4980 34107 31664 24426 
8070 14
2615 39913 9028 66976 81476 14443 56742 59182 93400 96632 45026 28071 52774 29981 
5172 20
51447 57499 4624 78612 70466 52269 6742 17102 52564 57587 40985 22553 863 71104 45727 8430 24432 67828 5955 32583 
6897 18
56907 95402 83304 28038 71074 14860 10856 3932 87937 54263 6564 43423 14925 48793 16476 73295 54084 37550 
4933 20
20954 39705 94648 26933 67725 92209 14509 23819 26349 8786 23748 93439 79794 84850 20475 12876 1839 17651 79686 38428 
9418 20
91655 20980 69177 26456 78381 62226 43477 76325 73199 92734 67217 39933 74813 38012 90469 55364 23166 6337 94844 31984 
4430 19
44228 62452 81339 52219 68883 36836 55012 37464 1557 11400 92534 12679 37523 3216 58755 80658 73238 80369 93730 
6924 20
71058 52515 321 21608 74778 914 26289 11872 72342 79063 63846 85194 99091 17326 72444 35243 79444 74130 28224 437 
9291 20
61965 53569 90997 18754 49163 67203 31620 98661 55315 21108 85620 77294 70367 28135 26874 18872 43178 28222 6043 66701 
9294 20
42080 72711 16973 96726 23597 68640 97076 42870 89243 7009 57516 37909 747 37479 48181 54341 59429 87581 33522 57295 
6976 20
81336 89056 92586 97336 11231 2163 56081 92699 97119 69510 89120 74902 32712 66507 34239 26150 60936 80822 64849 33516 
8181 18
82963 39996 15098 76450 45999 80560 83126 49564 34337 7259 52171 23141 74272 59532 29408 37489 56597 40430 
868 19
24532 71352 20414 52243 47902 44131 17941 98580 50525 50252 89428 42156 55200 38056 4267 19436 48775 26508 4022 
9795 20
82816 40005 63213 20885 76529 6194 21612 27957 51869 21198 17117 43506 66744 91990 41804 76716 34002 47305 20434 65418 
2044 19
29958 39554 69029 71861 27066 89068 25945 63471 64546 92294 79761 7230 69976 90947 34336 2766 73699 63723 84863 
5873 20
51111 42960 71845 52916 49162 80581 64148 25664 54746 72106 10884 31494 34432 30683 68214 76811 97334 11228 45383 26816 
438 18
66969 35391 83889 99274 35054 32649 42082 15813 80223 11330 66175 69232 60434 89610 38629 79345 26861 63712 
5348 19
2519 30289 22038 37958 21795 43951 27669 16521 30371 60666 44592 63951 6144 42335 75228 92159 70428 9820 44219 
2052 19
13676 51552 23868 35474 24808 47943 81526 9021 17373 19915 67938 79375 67046 51723 41650 90795 23671 4242 3675 
8819 20
33467 92904 85374 18627 52412 68223 86015 41099 76663 97109 29582 91989 15798 59111 65567 92088 59355 24333 31332 27865 
6588 20
60125 88210 19537 75995 48982 50826 49067 50809 7618 42352 66794 98341 1988 82960 38766 2159 75758 47631 37636 36766 
2541 18
23352 96147 57554 79040 25662 73929 12444 32094 41831 12038 54239 98796 43459 29965 19302 59039 14967 5197 
4813 20
53605 80961 33887 79227 94508 92336 33141 80938 1619 4381 44893 81110 48889 56513 40613 80023 46409 61968 4925 70504 
2295 19
92423 86721 39973 53545 42630 72977 57390 77952 94482 65724 98602 99188 98839 22146 58739 17887 70899 7720 12395 
9847 19
40102 49572 25360 83320 76930 96190 11764 81346 98774 83562 67470 90236 51583 34886 42249 31148 86436 37905 85170 
9190 20
96357 1958 45448 64270 18878 19799 36270 50787 26855 69650 73766 50452 36196 52626 81730 85464 6343 82163 37077 30253 
9829 18
56041 83501 86822 88487 64120 77453 20136 75869 3990 21391 97558 32779 67231 1070 11205 47315 51779 70861 
9647 18
6639 93830 20992 36874 77077 22523 36307 29392 25354 15121 35547 14951 3723 46419 25514 24037 95318 47109 
8490 13
12447 48919 72199 50163 75442 52199 82276 6067 6575 74268 5462 1738 11887 
1397 18
17529 14265 45733 50055 56640 83582 1422 62582 13136 29597 11232 73566 80506 18788 92248 95221 66665 36689 
7984 19
44930 27980 6981 57104 7690 38861 57279 91557 40900 55615 78896 88120 97991 96995 83098 98660 59248 60574 56008 
4705 16
37941 9691 19051 92431 71928 26982 33664 24661 95102 66365 29112 15961 28939 58350 46654 27498 
6253 19
51545 43682 10342 66108 98355 77863 34810 71436 81202 51490 43797 83025 25956 9713 56995 98882 51496 1822 96307 
7709 18
99195 24499 28069 69407 9816 71892 58854 78733 23021 56021 67654 91415 53259 88615 70512 80735 37972 17174 
1013 20
78045 91133 74588 9821 29253 91386 48286 41999 79547 97815 66255 11233 94765 89238 70292 23742 7462 42144 9411 94464 
3597 20
40462 30212 95110 43268 15572 44464 11413 10118 37962 76133 90138 43181 26650 84345 90342 82493 12667 73670 55285 59146 
6821 19
34765 13254 40424 1631 64475 6120 40734 65710 47392 99232 74059 38721 85849 36401 82842 95339 30421 2614 93884 
8427 14
3442 82839 98543 79441 50819 82993 85828 10276 43211 3291 28841 79329 63169 85437 
8677 19
59762 61954 69066 98603 36527 63444 84362 95939 27075 87787 86212 5765 75934 11813 57476 65537 70719 55736 54100 
2137 19
70379 37854 56949 64790 14704 4572 44632 36726 75376 26245 46404 93795 56775 24477 75016 88626 23019 70737 16397 
3742 19
22010 98741 34927 57230 19787 93305 38617 40542 24138 39609 38515 12235 70768 90056 27890 10046 45008 53473 43408 
5339 19
74857 8649 63380 97317 93773 61805 72427 57668 56296 82022 11166 58639 40789 57166 68007 42866 21895 58878 12125 
1084 19
288 57725 51927 74065 10259 50587 96351 98028 30821 42423 80884 59424 56084 66173 24555 48937 50612 5573 27688 
2394 18
47576 34607 94214 96142 36757 83514 1998 63799 25967 43263 95029 73569 6758 20575 12871 36193 9796 29201 
806 12
68168 71891 61355 43442 81762 91541 43249 77280 59283 25022 2074 82846 
2655 20
57456 69053 78284 5767 89725 80016 90550 55319 79903 20397 81355 33581 83632 64957 16138 46808 68865 29910 84924 18033 
7937 20
32944 58431 48614 7517 78805 4329 81827 13847 48712 50105 34861 92731 97092 79984 74379 3015 12807 3518 12068 62239 
5523 19
74547 82572 20012 37009 89131 33580 80571 36834 40020 44354 48363 65454 67081 31078 64293 17531 95018 31675 18711 
8791 19
77912 7524 86695 7772 91907 68515 10195 70762 32205 58323 55805 40812 99958 73654 5851 95022 67079 27407 89708 
2901 17
21422 6452 19814 20707 25691 55482 32616 94766 67673 12040 88634 58807 13741 32970 85111 71126 55760 
414 19
58203 57632 134 4391 35170 30257 13209 3857 11876 12491 43849 47195 82540 55000 67594 72431 78367 75477 61099 
6063 20
54575 67622 67848 78200 9552 95598 41516 96428 79788 1266 85987 48962 51504 36058 66962 28199 5828 91877 9218 50947 
628 20
57364 42971 45245 46097 44501 58733 71262 76976 33164 78452 16679 64407 80800 94303 89868 45334 19376 87939 61628 17547 
2269 20
13151 68373 36013 77141 83406 54550 7341 37632 27432 25367 24443 96431 16400 77337 54049 48995 21349 79711 60244 96225 
3525 18
60690 22992 53202 39839 33222 88124 26248 28338 4701 9648 72796 5122 89782 54655 97816 80204 11729 99793 
599 19
65840 77874 84613 56373 86730 12746 11155 89722 2772 70241 78333 95277 91700 23800 20019 25834 77534 87674 87928 
8349 18
30093 2864 98793 25003 43626 90778 9651 91914 90537 48923 90008 48791 85998 48416 70177 49701 40746 24978 
6468 20
33024 70998 45359 52653 12308 38772 39842 6743 5418 29476 93445 60710 84678 2730 85490 43956 3664 15038 81275 68680 
7833 20
48921 80729 81100 15040 75439 28263 13413 27970 6455 13335 25955 76171 17284 55296 951 77924 65603 82706 28929 96292 
3483 18
90279 42098 11010 87119 51336 82304 72828 94901 909 87024 94004 30642 18848 91934 88637 38455 69536 1098 
3764 19
51167 60792 85103 69583 56429 71135 95518 6181 86064 75741 60695 26712 89748 84960 69806 33508 6290 76664 4642 
5789 17
54566 87405 50132 13429 62416 347 78124 30447 69491 15119 16737 31614 89758 61402 34964 5401 97026 
2595 19
68600 24051 74434 65394 6211 14294 53077 7402 43589 89403 20237 37988 99774 85163 21527 32210 58789 56102 4574 
6979 19
89839 41474 32591 40294 57859 71799 71246 93347 41412 21211 30325 25493 15498 8991 43631 3425 18600 22906 76206 
4395 18
66605 93942 77725 91034 90725 91851 84928 93784 48010 82899 80554 14023 68609 78663 12772 69050 97933 19596 
5030 20
36814 35724 8186 66633 1763 82133 53718 90423 10444 57136 30735 36144 52071 42899 99897 98456 19728 44278 63887 43874 
2590 19
59603 58315 54953 97615 34053 70859 83513 78111 45635 29997 37688 5742 48875 24522 45069 66541 90452 42927 81087 
7201 19
75421 1870 46664 33173 97303 98275 95419 7886 71207 2668 71365 81726 17893 5891 54759 23777 22662 76802 38846 
2252 19
94128 20491 48674 68416 43402 5275 98399 61904 98116 45813 45591 37181 66032 14864 12246 28909 54837 75086 6297 
6115 19
63877 83165 74708 46716 63246 1292 68866 8724 77082 28690 31377 25374 87223 30659 20120 15175 37543 61183 7852 
820 19
17999 52153 81969 83119 30251 60338 20672 8452 54419 97361 27479 88971 82097 26664 9376 44633 86250 44370 66360 
6235 20
54675 98310 2510 89751 51514 33564 21213 14188 78483 27975 20599 23126 10813 67868 16201 74048 89434 85956 44347 43368 
72 18
78903 86298 89314 46450 48253 11162 4881 4102 54942 91784 59615 12452 17698 60433 38635 16099 63639 52737 
5551 20
2017 82686 16393 42531 49872 40140 25876 2528 46752 53504 96884 2612 12935 42489 29773 99068 69726 35382 61909 30948 
9873 20
75357 43377 71994 34943 83456 4663 21049 31850 12600 61023 45056 31740 95099 69032 69151 46637 786 13861 26306 96284 
3851 20
39971 77962 52840 95097 2886 50622 63080 93541 68778 8631 75529 56534 55857 38306 76669 55910 94392 83123 99995 10676 
5771 18
86501 33122 1209 24242 99914 72219 64988 59863 66534 3612 93974 75809 79899 54432 93188 49265 33987 61655 
8397 18
31210 9817 5590 49023 94061 51866 1354 44684 1579 61890 11572 97489 72996 60563 93644 31618 65404 11403 
8124 19
24203 92010 91445 60124 17381 43674 16017 73964 63901 96909 47515 64953 77569 20796 74777 9262 42355 69653 93906 
2830 20
73779 43765 27169 2816 85802 50999 24754 93477 11521 52506 81508 66058 69904 17347 2023 22923 62515 74125 3571 65030 
8390 20
70232 32568 42303 48266 60519 49743 87760 1030 90866 56049 52167 83316 17788 27709 65036 18962 9561 93150 90497 44742 
1985 19
21711 53075 17474 61947 55034 21684 79703 44967 75766 36762 12654 85728 46771 50199 52897 71188 21898 72046 77460 
4042 20
23310 99660 61435 32426 20223 35463 52535 12940 95977 88417 13082 12077 98479 19164 99568 77494 91056 57011 7293 66503 
2079 20
81842 82091 18985 87837 87813 3333 10174 9323 47464 49627 13037 60294 65350 96654 24382 58472 72866 87657 49369 22275 
3134 18
34939 78031 35068 85767 57795 66699 51206 85527 76660 34373 24736 76719 79014 48041 56152 49408 57609 96407 
7582 20
37525 88057 33158 82778 1809 91952 74381 20934 48702 16226 47879 71537 84906 57028 62470 21340 29878 47593 69696 77684 
4750 18
54443 58125 83605 27589 65542 37091 59189 38488 12153 20032 37214 36626 68822 89323 5762 88763 42356 71773 
2973 17
34945 69762 98433 33853 14497 14362 37616 34494 48717 25017 78862 12163 33642 18578 27393 61101 75883 
5023 18
71227 57179 42712 75447 66078 8667 54788 85676 13803 72850 31201 82184 73933 50887 5825 90649 87136 44869 
5423 20
28551 27803 31739 46430 95207 35455 68353 45970 1409 9815 55156 1773 50200 16272 94963 49455 70050 8351 21946 59012 
2939 19
15294 83578 71221 60020 34818 48044 49061 44832 86735 92297 94255 58811 21792 20079 38351 45175 11719 82135 43139 
1702 17
93013 48446 93145 67628 62626 93530 26971 37974 83136 52945 96195 54745 6883 41154 54155 44058 63244 
5565 19
4315 56005 51182 79310 77462 5639 91866 72878 48934 68023 95217 14332 3209 64592 29798 66873 70688 39586 70730 
486 20
97830 4790 62384 35600 70433 92872 57487 16438 74082 1886 17824 92546 21153 32434 30785 80033 28477 78122 77753 31791 
2100 19
35894 83379 59515 79502 1945 53743 8045 35427 46250 81719 71192 30916 5865 23256 97726 54872 54967 94917 61905 
6236 20
95663 46152 89336 72514 26472 74537 37495 85494 43916 49075 71100 88550 89773 67257 89011 6736 31748 23755 21997 97316 
4250 20
64845 79679 25688 12544 98758 95329 8999 4060 8404 20049 59754 25963 22377 71909 95498 89802 66035 6612 89315 16418 
6446 20
26401 15900 97353 66792 68545 68205 46530 53448 69144 69387 36923 35735 27618 83774 98393 35871 99013 78839 10142 58291 
9467 18
39303 66786 53328 6583 9160 51019 39592 96825 90682 16008 71187 91860 96722 86572 24454 45658 56654 20302 
1624 17
2938 63294 30109 68449 32535 26050 29729 76794 89859 5241 86113 63994 32927 32871 84538 743 4301 
924 9
27088 30692 63681 68117 59119 2009 9573 32869 2345 
2737 19
1780 35484 13839 78710 64827 77444 89450 43703 40330 46156 3905 80130 33748 31512 9560 3325 25708 87118 78758 
3953 18
5704 78057 66720 51407 54495 88667 95826 11603 32155 95955 64015 64680 38261 15550 80813 28280 19290 8169 
4252 19
73224 19213 86957 72729 62340 26067 73659 92372 73169 87121 48475 58654 6511 28200 41155 56397 69466 51077 34069 
6423 19
16915 6832 18339 40246 95350 95909 60935 7116 51462 64766 77451 59936 10228 83681 23991 28524 9657 92164 29438 
3991 19
13418 76039 74394 60091 84748 965 19820 53412 20429 90156 47613 18276 14943 89303 14661 49440 63001 46311 59533 
2611 18
20379 72537 97483 2013 85641 57813 30014 35787 52184 29626 42207 20784 75980 71017 46689 55573 2252 70329 
1743 19
65475 29366 24269 20821 94296 50750 23004 11480 12591 89597 50948 87627 76602 9692 68503 34912 12481 80002 24247 
5761 18
90886 19707 82127 82537 22202 13204 17367 70757 59747 7101 77951 58793 51586 90546 9465 83633 58848 84117 
5683 19
1081 72636 31175 66715 82664 51768 800 49671 17039 57248 4390 83848 97195 80897 65148 79651 92977 93425 89904 
5635 18
71504 86870 58156 54205 94606 61221 25642 60210 72732 32143 57236 21248 13394 85062 37473 76916 50090 23086 
2023 20
44072 19183 89505 14117 10811 4709 71120 68558 68773 25754 65288 65821 32472 29948 80121 3966 64230 17888 96004 16809 
1401 20
21662 36831 18325 32087 99567 40839 88283 25313 59882 89744 35776 650 63603 33765 10209 4430 85309 63672 77727 41249 
5164 20
47743 70548 86577 25602 25995 20458 50794 40348 84369 36117 53324 4679 81659 30040 27638 99252 5217 73833 21399 82170 
6185 19
43886 10957 64503 26521 88182 94908 13777 85140 80553 39140 75533 1550 81670 50605 47875 53631 4259 92901 49168 
2373 18
92511 95985 99184 91996 57460 60194 42763 81065 90410 29834 80114 79075 60599 80700 90475 33766 12505 2562 
7438 19
92491 76815 43162 1137 42865 51686 50938 85581 86426 68645 50115 74677 29776 82920 7093 59314 89848 39760 60101 
1815 19
39778 46231 11472 77584 53452 93261 73409 66241 96408 32932 11558 62223 72567 19271 20432 52911 7803 36287 72742 
220 18
80199 58268 37332 69313 53737 42679 16920 19587 51537 813 17440 92984 90127 48577 79410 27476 33342 18369 
8505 19
51950 91543 75626 82264 70781 63958 99498 40259 80284 10869 86182 35399 62215 4848 44883 68405 68816 53693 64527 
8139 17
20698 57494 67726 54522 68501 56432 99605 98805 12427 8074 69867 93749 87734 10964 4255 15831 35907 
2313 20
18885 43444 46411 30250 35572 84401 20863 92673 19442 48638 29926 58997 54338 47687 17685 83069 70097 96096 49659 28460 
6213 19
63457 77424 10865 13393 29136 94635 72552 46054 82724 63817 51875 9811 64840 29045 32725 95472 58212 40932 82901 
2126 19
91307 15433 24695 2994 83515 37437 39045 39158 5152 33272 46775 80042 18221 79908 75921 92653 6266 16653 14772 
7307 20
7843 62934 57695 94495 48963 69264 22807 83317 75500 86853 89015 9078 2575 80389 98806 60425 22940 67741 82144 1736 
6669 20
59832 96915 92111 3242 85781 83505 23109 99363 42918 67049 70627 38592 85615 76938 13095 35314 77258 1918 1889 1901 
1737 17
11483 75184 75599 7055 24216 38352 41108 1912 35667 75169 18610 63090 39513 96574 74518 28258 7610 
1274 17
54462 78981 66288 23872 83511 48214 60824 93789 61181 82843 76576 41491 43074 4021 27435 71581 65240 
88 20
92257 9925 71517 64710 83567 2478 26920 13921 16584 30039 87879 95943 28074 15842 42841 8235 85299 83687 16004 96717 
2115 19
57393 56546 631 52372 56731 70698 30329 99970 67550 40196 44940 50089 82299 3811 72783 62652 36470 99988 28285 
5833 20
36749 92834 53944 32656 79243 18789 20500 87141 95441 474 7966 6727 88336 56234 71847 78707 59226 31143 36829 35847 
3613 19
37763 43355 30742 55759 4461 14696 44158 68941 4368 28634 91166 77609 26915 25581 27244 19254 31038 63209 21856 
3459 20
33307 1678 87515 77920 8575 57400 24874 17120 22522 25755 87562 75515 71217 55157 65964 10876 12206 53358 28136 97886 
9577 17
39698 2887 83169 49745 82330 77890 35161 47865 67762 22691 61011 47131 83488 70471 25852 32744 81441 
3844 20
22443 73669 86247 81936 77980 77212 16535 47994 27198 57808 48097 45800 99259 63905 74506 29882 56014 28254 9553 23640 
2892 19
51425 30672 26190 51820 85247 50451 37513 56667 55996 15090 20135 74543 20815 53745 9474 4658 72634 10531 69949 
6956 19
23222 12022 24652 51299 69003 51266 91610 39583 9618 35034 46911 65207 17917 41029 4121 51478 53783 44889 95428 
6633 19
3560 97717 48990 66888 63971 78792 28747 27148 23120 50672 7343 13722 4861 71810 12603 38820 91131 46796 69673 
314 15
63165 1523 93867 44995 50012 59963 60167 22302 10109 84531 64337 88138 70539 92456 64334 
4496 12
65932 51627 92646 61278 53580 54582 15628 93963 95947 86869 2210 94856 
510 18
36085 14700 58361 68384 94691 12979 16880 52722 64848 39147 61597 32718 26530 78369 93514 59844 35139 24451 
8587 19
67325 4685 62910 76951 56007 61696 64378 35465 37892 89433 96446 44756 2274 32612 61852 79082 47251 75555 39498 
4717 18
56201 65413 2654 29078 36568 51880 86264 68665 67252 43891 61195 61563 81351 28190 26828 49956 12998 79767 
9487 19
24335 64606 42850 62805 32525 98040 76083 26750 6038 75819 54543 30970 32950 2958 75389 35812 72923 9282 52169 
9223 19
79117 19206 99925 16943 82751 60316 51677 21969 76369 49304 8897 91480 65124 4591 65671 13571 65343 97985 39553 
3854 17
2245 69562 6534 36681 23466 80787 84046 23882 76913 94929 20817 92790 32246 28893 28622 27739 34562 
6893 16
86137 22644 4230 75829 25011 6665 22537 47187 80059 96605 47292 69038 95392 84211 80312 95732 
9836 18
15151 78858 64956 79991 32683 72558 92220 84746 85288 54368 65991 46523 10156 37094 34747 49563 32046 93608 
1476 17
47921 36162 67602 57158 72019 80283 96318 81097 86219 75901 67690 71712 97603 1961 97715 19419 62389 
9488 19
35734 65239 48457 15888 28230 54925 88831 46060 38918 84273 29148 6478 68383 56445 83841 64962 69093 2066 65138 
8912 18
36219 5735 53735 31202 11771 61440 51355 23631 24608 57032 74752 48048 37555 69852 33840 67082 76800 51469 
6724 9
61454 66109 54142 63341 95077 15302 90183 85301 55452 
180 18
22770 56086 52970 71005 98128 862 79716 3243 72660 75870 84541 53633 57753 65750 31588 87213 35394 54866 
6416 19
92349 45119 10158 52550 57172 15413 5425 10699 20964 99308 16620 31915 66830 95684 56390 81253 47968 90005 74318 
136 20
59229 89139 44802 13761 40032 91654 56992 80739 30890 62274 59705 77442 58009 96918 71630 26421 98607 43787 13762 82340 
1342 12
57895 74766 19315 46270 67961 86196 6330 14075 88043 56297 34616 63941 
4275 19
46631 60857 63686 80892 86342 47970 99148 21220 70417 71821 2809 4338 32042 39744 95189 86091 93416 98905 92110 
517 20
41481 46862 4500 90605 89982 74245 54503 30055 79584 60630 47947 81806 21012 45419 73642 54076 57333 3476 49599 74050 
9007 20
81262 60182 80618 14445 4163 59658 12347 43561 14134 20795 44806 20561 29593 80807 92554 35901 95500 83338 84699 5882 
6620 19
78397 34407 82787 68616 28426 58252 67639 11610 57799 88319 73468 9849 20893 30693 36538 46322 62730 74278 22378 
3211 18
23753 51082 33432 45273 57344 60062 80958 2888 74216 75480 61302 17693 71341 890 21718 8863 93215 87303 
7841 19
53855 51679 13603 47100 18316 24318 59880 91832 29602 29245 38953 73346 48987 34294 17413 32406 72893 40280 92195 
1963 19
41579 22925 47421 21730 53039 77314 41118 27447 85379 41602 65636 60410 41207 70641 6107 95370 61203 33341 36653 
4951 19
60464 83976 54317 96872 60946 17168 17051 47056 80866 4648 94786 99435 84586 28703 9077 81802 97325 58531 79988 
4979 14
55331 34099 5945 52596 9990 18678 82888 57151 68539 69293 17766 52458 98510 37300 
3768 19
79282 91960 33847 43732 97372 48366 98927 59399 55403 60994 46748 43230 459 14432 57134 63934 15408 66500 7072 
8157 15
33974 29338 77610 52112 88748 80572 38401 8976 62986 5079 56037 43416 80212 43003 34530 
2143 12
15678 17145 18889 34395 67372 79592 87144 21511 28330 86761 98833 21501 
3126 14
75788 65807 1899 29032 78439 80516 91310 4943 77864 45234 44698 45856 66138 42096 
9694 20
39193 13030 727 42564 26048 87914 43383 87868 7128 97485 37977 88832 82890 21515 84433 80977 30232 35226 87803 23054 
243 20
19979 33857 14463 40821 28617 90322 25516 34016 48340 91767 43824 22596 8039 67052 81411 66764 3667 4157 85694 27509 
4637 19
63609 28299 26142 46712 95262 16353 59528 50684 78679 72198 48895 36055 96659 67409 54237 89342 58115 89102 20123 
5360 17
33065 91915 82605 56937 43051 56856 69020 20246 20416 31018 55642 66546 76585 22487 1845 73095 59857 
7602 19
19354 16194 57756 55866 51179 92992 68971 35322 8564 73009 69532 35406 93420 84010 24569 66308 62940 46366 20107 
124 18
24621 24050 73992 27245 14060 85089 95809 42217 1761 15639 22781 19998 50535 14797 15396 72008 98554 59965 
9751 18
30671 97787 77396 94983 88494 86798 40731 68269 36902 6374 78043 81153 15698 12414 92385 68977 67431 16176 
2408 15
10316 30644 62915 39388 92567 98443 72354 17126 59770 52346 42614 77156 87852 95519 29820 
3407 19
13860 10902 62572 69065 1747 8722 83592 15630 49376 32395 56627 44095 60096 85147 98202 23169 52696 79535 48469 
1161 11
41509 24904 17614 57095 31630 50715 45754 83258 35684 47289 6615 
1099 19
74087 3027 1075 4067 87950 9047 85532 36520 68919 45774 9996 74838 67660 89199 429 81056 46920 36492 36238 
2992 18
60307 95073 10896 11357 3561 72952 16692 23535 83804 5446 25118 13816 60782 64644 89410 43192 88976 93737 
8989 19
6476 38628 85112 4882 50402 77555 82394 9571 51990 88693 67915 7459 81799 43675 36103 90827 36422 79068 71547 
9985 19
5474 86708 18118 352 81477 35989 4521 95315 81469 46976 43277 39791 57997 13262 94829 27065 44342 31641 71651 
2223 18
69148 89384 86021 12215 53435 4340 21156 43538 13851 60685 24687 62354 76979 9075 84414 88019 33606 69846 
9951 19
30746 79279 99083 23612 51430 44718 29724 93979 49895 30497 64155 77165 50703 15113 59129 75166 50730 6896 83863 
165 18
77458 56855 28355 37089 6338 82111 76135 81958 78600 57068 71402 78531 77356 91426 51720 33518 88798 29967 
4828 20
19797 80928 94398 54907 45350 91043 18825 91838 24457 30359 66981 28147 51609 80393 32776 41459 24202 44288 11114 21408 
4473 19
42415 4317 53865 73746 26005 6122 81713 50259 71325 49167 23389 43064 18569 91984 51623 80782 50710 62394 77021 
9819 19
42238 2436 95822 24020 67391 69244 89719 74238 7682 93374 83450 62939 51889 5316 60785 61198 39433 85430 47311 
7516 19
32105 4378 9207 33682 57087 23092 8639 25892 91721 72832 45618 82512 54684 70559 8224 44872 35605 73740 46465 
6783 12
38845 16383 95095 33737 2324 57165 44717 67583 48392 51427 16770 82698 
1709 20
67208 64139 64560 19125 19046 62914 12827 3126 68679 8352 53019 72682 45950 95563 1772 49583 25228 49595 81752 20277 
5065 18
32542 28614 40458 9950 71471 311 6870 20130 3096 69453 75917 99038 63892 77520 71880 62380 89812 99758 
4381 20
21975 38669 40460 18215 75947 3505 1852 49126 46161 24950 38524 81256 47841 58217 4894 89736 1734 31979 50195 54841 
5171 20
16578 35832 10543 49129 52278 83485 98516 58294 59834 71222 53013 31258 22050 72825 72316 8111 32968 57161 30835 80163 
4646 18
64540 30050 57217 74853 8376 87555 47445 36223 73883 61007 99991 61592 21572 89107 37218 89958 94651 52237 
1668 17
80410 9362 36335 24030 55783 58743 67446 45921 46296 40392 71723 97548 21420 77215 17657 54122 77181 
1807 19
99187 7847 92886 74681 89163 86753 77216 55560 8010 93474 63275 97929 94259 60598 88738 48294 88360 49334 90073 
5311 18
88308 47594 27 85283 52285 82953 37385 75001 71301 41168 81510 56186 66267 5980 26765 40337 31674 76763 
1568 14
97741 59420 89399 91789 42221 34664 88410 88676 28304 97471 11564 4870 43656 53185 
9027 15
30917 80014 57018 65839 672 33279 66363 7339 7881 32154 87363 96865 58873 65327 16771 
2219 18
18150 16839 94060 32374 45423 64114 21066 80060 30534 22834 53090 56046 79506 81731 47192 55321 54038 55360 
9701 20
65966 27268 25174 1525 1052 8094 31395 15781 2818 68342 91110 62016 51074 83698 72243 31118 8182 15834 82937 86794 
1133 20
89093 48670 67618 35861 41188 21741 20708 87020 41625 20269 4635 80544 50898 23940 6023 84375 23045 24559 22869 28103 
1268 18
47798 98037 17914 42468 30239 12045 85192 73816 97669 80268 17540 21854 6648 2779 99819 5787 37784 68325 
1730 19
23635 31005 29521 14125 33137 3985 92916 96830 39910 60663 19580 68670 72761 83809 62644 2446 61511 24367 14141 
1229 12
79616 90096 42863 89893 11794 11142 52749 50904 8896 76472 79141 63469 
5697 19
46481 70873 31031 87577 60488 1121 55750 95299 20694 22237 66684 80194 87279 71978 24566 85458 15736 64853 27942 
5530 19
59366 81846 95967 1436 94165 8809 70492 6221 3036 51062 71384 15173 59019 78721 36305 76723 81028 19170 38569 
198 12
36870 79943 11316 19029 46140 9872 42091 40934 37953 86139 64023 38878 
3622 18
17987 75569 4741 17060 24612 95080 22725 73330 90636 57909 44900 89331 42567 76681 66237 80674 11707 12239 
3978 18
83202 79777 64383 38070 30858 97688 81877 16539 95845 63814 92462 8031 64152 16469 14252 22060 37725 34379 
4631 17
80045 80217 9577 49982 43970 98260 49649 66446 52408 56132 15196 40434 85608 74390 6866 489 63708 
2380 12
11146 42369 37395 29106 12664 65802 90457 11550 83028 6118 96137 75099 
1812 20
90159 89310 81393 52135 40192 89741 97811 38890 66766 85113 78702 53322 87752 86931 87679 65584 26813 54479 78892 52496 
5830 19
60649 78489 12702 23539 13259 72476 72903 38494 66515 78890 31295 24291 6634 69900 66499 72095 48468 88894 19095 
177 18
56212 95196 74013 35086 79625 32108 58466 68856 24856 38787 859 58838 63728 41033 86060 56541 45612 722 
7330 19
64336 99326 62727 36096 62179 2640 28662 43214 1405 1190 50827 67048 73596 7272 46124 98435 93978 49032 82553 
7197 18
33752 79354 40527 45087 9789 60373 57881 37221 35493 57825 50884 22905 29183 47711 32052 85002 23852 17486 
8363 19
86460 75160 19297 8218 22066 24495 10067 58215 52197 95698 79757 90492 77027 21268 21457 17958 421 13267 12905 
6134 19
88845 8314 28511 59575 15130 15983 16441 83989 14464 46847 72197 54442 58272 21341 84770 53746 3 93362 17304 
4630 19
91356 7100 57171 43959 69243 368 84719 84525 66660 28823 79817 7177 82768 29479 48216 47610 72945 54033 67946 
2131 18
39127 96117 58267 57250 32293 28303 63610 30118 96149 83882 5323 4950 49793 98680 60033 35568 99241 70660 
8177 17
86465 62193 37076 27778 18057 61129 12332 34772 72882 12082 15824 87722 19949 68303 41349 30779 42461 
7922 16
71172 98150 50517 28021 44733 97664 40713 55821 60934 27539 59814 66895 93038 27402 87544 30135 
3267 16
31347 19951 74437 21116 39327 74502 6432 54747 30344 37906 61801 32751 16456 31974 91120 34595 
6717 18
18367 33661 74352 14982 2492 95454 41992 83653 32544 68371 87993 18904 26392 40088 25539 52310 28162 62589 
4398 14
29918 91995 59630 92429 75088 79383 6175 65777 72267 29501 58223 37258 81038 68863 
974 18
81788 50584 36841 18860 95871 2107 8501 18023 29246 52218 90806 5647 34577 44538 75170 59541 81697 52876 
8685 19
93871 71583 3450 61076 33628 57809 61070 52906 47882 82771 30281 2666 64522 90708 67247 33880 32219 68793 67289 
891 19
5752 87948 33768 39858 68095 74930 64491 67375 77788 69921 44791 76477 88916 2533 10855 6322 25101 61413 79752 
9805 19
205 53462 25462 3203 77204 55021 34639 60084 63350 85938 64975 69928 20438 82251 30928 61658 57977 23730 30299 
832 18
86392 29746 98497 26078 76482 42719 3870 4567 54441 4118 53142 17213 12923 1489 44419 85275 75680 29059 
4726 16
75840 13779 36109 84358 17125 98764 3912 49086 19746 57335 26168 17828 35025 81654 49787 32557 
9182 18
58359 90879 44973 30453 93808 70878 31401 74689 85098 37440 70696 95891 83200 90723 69375 22630 52385 58196 
8273 20
11245 23976 65136 86396 10161 60004 64349 84901 74051 59067 29692 91664 790 9629 74280 35136 3893 92926 75818 11081 
9439 17
7389 62823 80028 36259 83579 14032 69622 42829 90522 64681 86053 3637 43437 75271 42652 83006 72230 
8973 18
76599 8089 94822 80592 18526 32010 72550 35726 20203 75414 54002 42555 6258 65888 82094 3804 16911 103 
2608 19
17701 94767 70583 49034 37863 80164 11918 79658 63594 86940 54742 36745 34119 56123 36770 99212 54180 46504 54120 
3566 18
99332 23447 34244 21913 41308 87341 96537 83078 38042 3879 94099 95612 23914 917 82110 46784 36185 45854 
1428 19
93846 86181 61667 94906 48620 89187 68625 24353 19174 29116 96522 20040 28211 11065 61659 16987 27125 42416 31269 
6142 20
96172 67154 66960 92795 4260 50789 9233 62810 58994 83565 5618 32804 93663 24029 28300 65056 34822 13480 73522 83010 
1653 17
37098 38343 23427 57035 29400 96842 94978 91818 93600 28095 28629 53375 28621 32573 13447 98634 85842 
3818 19
40684 36133 82884 77664 79850 85029 68854 88240 84791 21513 24980 63719 30574 75954 98521 37897 825 96670 55017 
9002 19
62316 12124 91892 37414 52024 13716 58943 86336 39863 99659 57226 2591 14234 49905 77985 31122 42901 16782 34020 
3074 17
26264 82820 72959 88267 81360 1016 32454 92498 28384 88537 21746 24574 40967 63173 61306 61127 75486 
6084 18
49700 80020 41715 91466 40142 69840 83085 81884 21830 70603 37595 29120 5947 24662 75328 34816 26978 82735 
2006 13
94498 96323 16873 36998 3964 20664 88446 79411 27157 42790 96719 75657 42447 
7791 18
23942 27113 54133 35109 83007 41427 75810 87331 49959 81321 87958 48237 26638 84014 32187 91641 81874 93181 
733 17
79180 92724 55817 92955 86454 49094 67770 13284 65928 10133 76251 80266 83833 95415 66261 27665 5837 
9656 15
69692 40244 29505 60770 67172 70693 5714 77205 46988 84892 41026 28586 52553 74266 58660 
2297 16
32352 98491 19238 67018 61759 74118 54343 20451 72402 48161 5511 6718 42504 70960 26037 34902 
7036 20
64340 52796 85373 36210 98363 4065 87980 77928 27587 33302 91868 51907 66089 35127 24344 6661 84026 14623 68699 10536 
3364 17
9061 29613 63077 26865 263 12337 75871 22334 40354 12458 44704 65692 57623 18219 16241 4523 14553 
92 8
87154 33545 9131 37274 57354 42710 23932 76538 
9277 18
1677 75269 26618 1404 17950 82049 76296 52765 24431 8730 61344 85535 32901 69537 16941 98478 71851 4990 
4437 17
80624 51678 39214 93000 87815 21619 40073 9398 34930 43054 69434 59281 47173 58316 13497 3701 30799 
9276 18
31186 42442 95442 59640 9279 35307 6272 35265 83738 18749 31961 30236 4684 69224 81698 37231 16185 9145 
1553 19
21370 69645 1360 342 30234 69349 60459 34675 2859 96651 19105 54830 68934 40468 14183 422 50422 93628 30699 
1864 13
30623 34568 78112 80808 46864 18625 94551 54703 96511 52248 22717 43957 33943 
2075 18
24782 49072 84055 68423 92693 1448 18433 18122 39879 70852 86288 50393 41424 99139 69430 39111 4859 38228 
7920 19
77123 7006 88474 39962 74158 73462 82750 9604 32889 99381 808 5772 13218 16447 22341 77008 12732 89857 42019 
3708 16
42834 52573 91748 83868 41962 26006 91434 9115 79985 62570 70739 68448 20149 90844 70782 58657 
7088 18
94375 8412 27637 75544 27839 21222 24928 67545 57061 29514 10166 58188 85703 4075 97301 45307 42986 23859 
1420 18
76512 26410 18028 72371 28783 88102 74425 89894 20791 11526 24206 24401 46426 80524 39276 82035 1597 84686 
4532 18
41083 93917 64100 91673 5467 30403 46561 27178 71134 72658 97706 2569 42493 9004 15673 95218 92946 92526 
4316 18
13342 77513 87587 71294 78639 27151 14926 35146 5208 69061 37870 24007 33788 99961 59990 26179 66447 18902 
9713 19
60065 19566 25139 23881 68845 78852 16817 95474 2191 67220 80613 54868 30492 6232 48285 91090 11934 62078 27696 
3124 14
99244 31431 99456 1683 57835 79809 42065 11593 4303 89360 88888 45851 24803 7441 
7327 15
97546 91198 10089 2444 66385 50738 80916 62968 5377 72011 85856 7209 89861 69788 23059 
838 19
64465 77050 57282 40970 94773 6571 84356 26621 24089 74634 75906 82030 16912 65743 2425 90975 84745 12628 37984 
2065 19
97799 32432 82327 80974 27879 97684 81298 91884 72615 86063 20447 57532 93607 55547 75472 56967 43614 75920 68313 
7259 15
28997 72463 70983 5724 14752 76191 32807 65832 25195 44513 28395 76989 40686 40291 28376 
3605 18
8975 83102 13642 45987 61346 66554 94252 90870 23769 87257 68443 72147 31578 25793 27779 4942 83853 42192 
8839 18
73517 93992 13780 11548 62467 17418 61444 25692 80409 4964 15830 66404 30601 79479 48420 24954 25978 76776 
9070 19
1833 95623 26864 50741 79699 34749 28391 18933 48849 41616 95459 18941 78692 78830 22344 46400 78622 12507 12301 
2922 20
32682 30076 45653 19408 42405 88220 72829 26814 75524 16526 33656 9446 87058 33208 76311 72305 62828 40862 51794 53663 
399 11
5660 36203 59660 55849 58319 86560 72616 44405 92949 16700 83483 
5849 17
1608 97553 99523 2889 49834 44926 19152 89578 13806 75944 11766 80951 45652 45671 15950 45274 80858 
8205 17
35930 32461 26796 39588 40269 73051 5799 60534 69432 17075 47142 52328 50746 26935 25283 17245 44266 
2998 18
3616 16572 31009 41318 13822 95424 71448 88364 26160 31381 12141 94677 54540 42006 59790 14986 26729 87616 
842 19
74515 17708 24743 20918 86601 33364 27625 2089 75689 885 89466 15528 84711 58953 64525 23520 95750 85173 52592 
1752 18
34219 14251 226 97137 83265 63175 3970 30714 50923 66285 6294 88425 14089 78980 40002 3907 56345 70743 
7702 18
44431 44954 69145 29319 42188 22798 10293 23592 95141 8305 84473 89217 57316 45200 81986 9761 5790 129 
1760 10
5901 39132 49620 14830 22422 40929 58487 82880 46805 28953 
814 19
41032 23036 55991 74620 46466 84848 52641 17022 94732 54707 93376 50581 84488 75362 49076 63855 36942 5977 97902 
1618 20
30016 59773 98289 41190 34808 30245 87687 19733 97250 2216 37148 89628 52505 39408 59552 81907 27330 43601 36 16210 
4374 18
77843 86257 46345 83665 14610 8107 7662 2140 23023 84396 82383 36125 32556 91289 21304 65200 5748 76539 
9432 18
2249 98418 56335 17858 81542 95835 11634 11793 96975 89583 29522 43546 34357 76675 1915 36104 16250 42127 
3406 18
22649 39556 67680 2525 55139 82917 53507 3749 37390 86556 77535 82683 84299 66604 2838 36740 33196 91345 
1071 16
32627 95206 63642 6887 40591 16958 95131 95444 51129 54740 71649 69803 58381 18563 93264 15724 
7734 18
95387 92277 95683 76638 73853 108 42257 25989 59922 16254 23806 12479 47672 90738 41152 70372 96541 10068 
7843 19
20265 17796 13585 31208 40070 5667 9698 99266 45791 15016 75591 40884 44404 31352 74467 42817 77573 38684 9526 
2517 20
45412 2596 68048 20133 88848 33849 57559 44247 39228 85574 24015 47298 3109 95282 52577 66457 84652 85778 30781 74696 
2258 19
44067 36743 94227 75014 64141 47185 4877 28907 18294 52833 70490 86376 79945 58734 48414 41749 6360 64721 81271 
82 18
80234 35441 75523 19844 56986 14052 5893 48471 7065 21704 99404 13415 22224 63147 29937 58931 48886 31572 
5691 20
95249 50772 29553 79199 74690 80721 64446 69411 70937 35215 33677 92145 27275 58108 99953 35029 53533 63007 39093 87170 
462 15
11995 88288 65678 36094 36722 92412 12322 82077 31505 72407 29109 84319 76817 73681 45164 
200 18
89919 26167 90809 66573 4363 31708 30350 97659 15101 57090 78464 64627 95173 29706 31027 26181 60053 51575 
8279 10
63029 73237 11213 96414 32039 43322 79437 63624 82502 24737 
6418 18
14997 77682 22844 79744 82879 91998 96150 57577 75744 3708 39035 4176 71901 55251 7124 81382 99717 55802 
1634 14
75776 5282 2981 36241 69902 34392 18305 15323 87092 24468 48779 774 57740 42058 
2047 18
31450 16869 65400 85450 81296 28650 75276 7932 37522 5708 956 80520 75223 44463 19298 94556 29083 10296 
7839 19
53652 80364 56161 24635 33866 99122 60653 74508 26812 94038 16484 25222 33645 66130 4628 13704 25682 99997 67734 
6422 16
46069 69829 50202 65229 32920 63944 52344 5889 24331 47794 66875 66921 35634 80055 88776 8087 
7017 19
7207 15917 23908 56804 11293 82204 33816 59088 67201 91429 41110 91928 64645 72638 3454 24393 88873 99676 68073 
835 9
48122 37860 17674 50444 52667 47344 80918 1114 41540 
6219 20
8084 93785 33899 67009 22345 87990 91854 62356 97494 79843 63692 71785 35430 95567 60243 22313 47762 14586 43379 34281 
1516 19
74133 89052 28928 6026 25096 65931 21851 68551 75545 54631 35392 99725 25771 88346 93938 7187 26779 86602 38377 
993 19
37640 5913 15551 93522 98506 73163 73605 65658 98571 82869 96099 1939 76936 61584 62743 3923 2896 81791 83276 
2111 14
29311 8110 26952 60105 43759 41618 6653 47961 10258 38453 6578 5996 60359 88323 
650 10
88226 26135 59551 68345 60100 18275 44740 61008 33694 78383 
4713 19
7840 20958 42024 16018 72070 47016 6256 15110 97498 15233 2430 70362 79089 18798 344 86903 55232 20393 76521 
9787 10
4320 22920 9694 89953 10729 10500 7021 5200 2616 15218 
9396 17
54637 69794 6383 52455 73014 30473 33372 29758 64352 20884 78077 73282 39624 58484 50439 14030 88981 
4938 18
83616 81378 78429 1015 25904 68451 63177 18616 79391 61107 3511 51973 84557 88649 78176 68058 14537 96512 
7424 17
80275 96478 99679 21074 79582 32507 99761 32975 35913 93336 68365 40705 37115 66877 58581 31399 87547 
5580 15
59124 56641 48851 40436 87843 17189 80063 46759 17645 94222 44945 56542 34412 91608 74674 
4193 11
82470 16068 8596 51587 29869 52011 58278 97482 99564 49397 24403 
3215 19
97697 28626 87224 87041 76153 17979 23408 85996 45484 94834 56506 16565 29694 9127 56551 19258 48973 12289 85233 
8493 16
46929 67179 52495 64870 51494 98137 28829 38151 11529 46814 39706 58613 82670 49013 19203 95865 
5269 16
27223 38405 5257 7929 39365 86823 9236 50139 55893 61193 66959 41417 34903 79595 84148 63780 
2708 19
82422 64931 43114 96552 14008 57484 14779 96343 58419 73774 34517 28024 74184 39506 42940 56282 83932 37677 75651 
4891 17
4167 95816 81515 68083 45691 28857 4718 23737 35489 99788 74078 23732 28267 42432 49811 28246 4689 
6702 17
32460 89309 25794 18442 19296 36390 25065 65657 45821 46273 22817 75983 76843 8808 81785 93166 50753 
7094 16
64048 1428 77473 84941 51750 59037 80845 31213 64642 24734 23434 75526 21472 96503 1162 93398 
3240 18
3239 58788 31252 88967 24970 70624 41151 63771 40965 48404 66073 12530 28472 60493 75140 95905 59117 31503 
1542 19
48422 32276 43483 37154 57961 88883 41059 53326 91068 41041 50781 23501 47800 2698 74937 46442 86246 20852 25437 
7593 18
92925 54663 9425 67885 33356 46585 88390 77491 92640 35516 6445 11892 35402 46596 73796 86146 7288 2016 
6262 18
93060 70207 36002 73243 89241 98920 65048 26480 31805 94372 31089 90285 15210 67794 69858 27910 79897 46852 
1302 18
59592 80925 70175 33320 30149 87842 10070 11106 80549 36161 64725 77959 52201 60380 10683 80169 86249 44582 
9553 19
86467 60561 22616 44997 10375 33033 42722 21529 87340 73449 95899 66104 22578 84565 78814 64309 81772 45017 323 
9864 19
57304 87077 7356 39604 54616 20449 74649 11576 63385 47069 3605 94143 89689 54687 90037 57004 49206 63611 43488 
8736 19
21646 8865 94262 80692 49650 69455 33504 66827 33706 350 38512 16084 85576 11859 90079 60008 5591 24446 25964 
9110 10
99103 78629 8444 67737 54757 93603 90052 34898 4345 84142 
8110 20
72192 91336 31303 94203 56984 45337 38936 13435 54565 89872 72146 57256 7508 74360 94374 5736 14359 34147 99527 73153 
7040 20
61395 10448 63916 26840 81695 18632 20104 6429 68762 52031 40241 9114 51633 12011 19113 15896 95228 40704 36601 80914 
7338 18
53832 84415 84645 35371 4659 37339 41679 32836 22529 44353 12927 60799 26694 67426 44533 42876 33146 20506 
4736 19
23051 64186 41403 34286 1236 406 98447 69697 89745 10008 65571 58834 58432 8326 9639 49261 96509 56385 52345 
4355 17
55999 62148 73320 57430 45052 1478 7753 56024 81916 51294 98644 28851 13807 62132 26051 47254 60822 
1872 17
10611 94228 93092 57820 62337 33490 49544 35451 70689 98775 74465 80328 55179 13028 86373 57652 45957 
591 19
36684 63788 93494 17873 94574 4934 20925 6503 10485 53076 1056 13947 13749 56387 56038 97 81663 24529 81750 
6602 20
23964 69698 64584 66197 71718 24465 87723 83015 5244 21751 65253 24284 80221 69991 93392 33369 64012 86127 52271 63803 
7444 18
27771 80241 47632 92427 86532 85715 1106 19481 41361 63381 85502 53247 53008 6184 33052 42359 7870 31409 
3980 13
65633 52618 20536 33290 63221 16083 52707 39605 79614 36523 88792 68260 52905 
8190 12
82179 63055 86973 42732 33263 84964 14996 56899 56861 69522 26622 60097 
5674 16
27550 35984 35570 24377 59981 5184 76098 61700 62453 57651 84688 99172 2811 10991 88926 43007 
5450 18
57511 82616 22566 68959 59419 57238 38670 53752 14522 71235 63132 72058 65428 77409 56603 15446 29993 53725 
9092 14
27133 70866 56179 39395 52279 14736 59636 33002 43902 83350 4727 61446 50047 14305 
1751 19
76085 10173 5504 85976 530 77078 38477 3221 82455 25177 13126 75106 1225 98930 45212 59370 23485 54011 51072 
440 18
97381 22116 75875 72845 65068 17196 14865 96386 81887 22669 22051 52863 29751 90229 52208 64025 88277 98786 
401 20
76985 17057 5896 76566 56920 13170 58449 2236 54414 4749 45239 13769 26745 61483 75380 48257 37875 88244 86633 20960 
5040 19
64955 17007 34115 3998 79081 50427 39540 9582 9093 49205 447 34725 87286 51 79933 50896 88464 19369 21936 
8297 17
30491 48359 80368 72104 80513 91344 92390 26991 43510 35806 63247 34832 15300 72694 62555 44458 215 
3868 16
88866 35657 15235 78867 15483 8246 20585 93556 71860 77797 48204 36551 14853 79373 45565 38492 
4350 18
21419 22032 92255 69962 47931 37207 11799 4891 47900 24984 63922 10101 4595 461 63488 11263 65685 74566 
1486 16
26716 11094 72111 40667 53225 78407 14278 72607 18832 44282 5811 39766 65666 12250 79319 96627 
2631 20
28844 95646 53154 27196 41551 48846 91910 65968 46628 98470 51443 72913 92325 86463 39248 49839 63405 11334 72613 30747 
2548 17
32726 86711 28728 32195 13294 33891 47803 86674 45656 74100 75343 94111 84796 4499 79523 27691 52917 
7305 11
23444 89141 17735 27769 569 31000 71052 41276 95997 16103 80227 
6965 18
47221 34661 23090 60090 58088 38698 32742 56222 14819 47653 46549 88753 17449 78673 90661 45995 16622 72981 
972 18
67802 47495 17859 27474 16153 41005 15185 22442 90445 2389 60423 42783 67061 2497 71103 55508 54586 35199 
8149 10
16863 79950 87508 71560 59349 39297 11281 46288 42728 88199 
2312 13
13823 98469 91794 59775 68329 28085 36522 85350 71048 13730 57537 96364 94581 
5878 19
24235 69799 76678 98054 26382 66952 54676 31596 99054 40835 77185 59590 44649 74694 560 37761 84287 3227 9243 
4239 17
83856 72788 8835 72470 11778 27459 54302 73663 64173 30504 14163 65491 82755 96547 95436 38862 41561 
8834 18
27790 26969 94166 47838 28952 15140 20112 94079 24810 57592 17043 29971 73288 27208 66250 80124 69488 47536 
3755 15
36632 37715 93679 54060 89386 66021 69000 1719 93419 11814 98204 63749 6167 79379 84772 
3698 11
91786 32312 3504 64709 18098 68347 32386 8503 82055 29770 24081 
561 14
96955 95256 74585 62468 97761 8806 97800 8987 85188 81332 72772 51002 25871 58923 
7380 19
49526 86398 35840 90981 91080 86337 77412 87971 28082 82460 93267 2230 12342 38921 31465 37914 60172 60646 20947 
9962 19
61263 96903 32814 59462 75876 58369 94676 94146 84389 57707 73156 16559 29450 93742 27352 39096 23354 65389 88430 
7042 19
60582 42074 72464 37687 49221 64879 38712 77640 24343 10231 94727 18110 79123 87349 18938 1911 92896 27467 69648 
5875 17
71206 85039 35502 10329 19287 20727 12014 86782 23238 8302 77626 26640 51828 75383 96747 62484 7615 
9719 18
74404 30244 30907 25049 71837 46940 96587 93677 58109 55435 26098 68349 57958 43859 73150 54031 18188 76970 
1296 10
80466 88340 88752 28937 9005 26826 95303 84642 45191 95991 
1642 9
60376 28992 40340 3529 44640 90029 33251 32091 80174 
8902 17
33301 22675 45112 94621 22065 32830 18407 60157 38268 42818 24014 40132 39516 45574 96807 63862 51948 
2376 16
20487 5633 12138 54962 15707 24430 91467 75624 98333 10170 52992 49492 37443 93898 77479 1632 
7164 17
16300 88532 46932 93598 11034 51026 11250 1665 26683 11969 92743 59655 89788 4667 1126 32675 43695 
5798 10
42982 96481 41195 16994 23591 99945 44434 5857 58620 17308 
6681 19
91180 20095 2919 61662 50712 81470 18428 62095 31145 34476 25917 87963 13526 49451 71418 73261 40767 40452 45172 
7392 10
14046 31634 57124 99762 61742 41434 12413 29265 6165 53723 
1372 18
64553 44736 62050 10712 28722 82692 29144 50293 31688 216 11573 99732 25894 31443 83496 1971 87845 69843 
1785 19
75745 13637 3713 71438 25081 83641 89629 20710 28923 72860 2644 8805 70753 65211 35779 23543 4612 67301 26014 
6426 20
32085 26172 88190 90695 62333 32613 24680 88116 1463 27608 10431 97632 37113 82137 80749 41910 30558 69431 49008 96436 
9582 15
80930 79771 91380 49047 18295 65333 72460 62732 76051 38096 57117 75325 82593 26027 68781 
4460 16
76084 82131 56836 43208 51201 95798 36327 54694 35789 42973 12804 69675 21702 98425 25169 8319 
873 20
99080 52468 26751 7037 40448 74897 70023 82000 35992 69268 58891 20673 55579 75970 92375 74841 51555 72629 79035 18274 
4022 17
78996 68940 33776 77807 90962 40856 92884 83225 86956 26964 71920 64145 43217 6158 8372 16473 53440 
5971 19
29132 22135 38344 22971 30555 74513 36326 83747 37400 48281 66882 70249 29902 46878 26586 59170 89985 17058 33269 
2415 15
17257 74055 95638 94287 27490 83554 4557 80257 17962 42484 53402 36089 45738 86608 46548 
1588 17
51817 62772 12455 73895 27446 6186 64328 38411 81941 98187 13277 48737 45472 24869 28684 31691 59422 
6371 20
43838 71975 42036 85169 81901 64705 96124 83832 16378 27141 37767 29277 40283 11657 2155 72420 74896 47290 75638 65974 
7050 20
53270 34199 13613 40683 37230 11958 63853 85014 79055 21397 54619 37315 66657 45019 57452 39815 41269 35575 6540 84806 
3734 16
43495 41576 28701 82323 36570 43818 34583 45804 31610 67553 52622 13475 70407 77434 16926 40928 
2664 18
52093 54995 84514 69525 70202 65434 57718 47150 73448 47589 80596 57976 96111 73485 91693 60287 30059 39531 
1504 18
89495 53279 27272 73289 60114 6788 33029 55493 5201 87612 81801 76629 36228 10783 25159 95023 12996 39026 
949 18
85340 66774 85625 51721 70208 16433 81237 96095 35429 22710 46937 29480 27370 44036 8189 75318 86022 83829 
3588 19
58438 8582 60825 33852 81107 41284 92980 5313 95520 32088 8768 91430 12631 31582 35358 80458 81636 79832 21233 
8917 14
32911 3456 38007 42526 18745 65614 10177 14901 40941 61097 22365 60134 39083 6604 
1731 17
95703 43551 49365 58646 62603 9773 68097 88863 6756 26239 26296 40693 84056 44982 76857 2408 19645 
4206 20
50700 46055 37183 72813 45825 20205 13065 60437 29475 4095 15325 21535 18792 55755 77600 22621 77130 51832 19469 26379 
3246 15
85337 56250 92785 65762 60922 65952 17430 89760 78963 47320 87941 41312 57524 76156 64095 
255 18
39570 82915 5672 46524 80009 5944 79059 79133 94892 61948 28377 34142 18475 53204 60046 1534 94936 65354 
9772 14
45682 77264 41179 10639 18994 71956 39849 1331 12919 70656 95372 90925 20394 63725 
6441 14
69323 30909 78139 5683 2647 32392 48752 68267 9868 88836 85948 74361 34475 25434 
6772 13
95671 19919 86445 24112 75938 62509 23500 45113 88834 90050 95512 46842 68161 
7398 19
71296 59223 66114 18750 39781 53453 1439 41257 42631 74803 24894 61562 30072 20413 43433 22270 26487 590 88162 
2130 17
87897 51601 61137 33267 18476 14037 61213 42601 42588 28842 43888 82757 14483 8298 93764 7622 21974 
6148 17
77136 55046 83211 19121 38591 49709 15404 10487 91706 37302 6492 3544 70194 77064 63224 73020 64922 
2761 20
63322 51499 76196 23168 66730 27433 35400 17870 43486 53753 75348 51639 99504 41063 47506 87746 13609 24111 94016 32886 
2942 14
98932 81564 73004 90045 69898 19722 39100 23015 25245 86813 6497 62440 54930 5417 
4431 17
55114 28784 7277 60032 63847 41381 17664 91132 86464 74076 18859 41337 55444 45797 79125 57498 38796 
3147 16
95666 38394 99293 44216 68113 53785 10737 33718 58389 2318 65986 86080 86918 49251 66151 13856 
3669 16
54259 11241 97163 95962 53370 77614 53456 55887 90677 69338 48295 60418 34114 60279 74906 2511 
5006 19
54408 54828 50106 68314 21514 30427 91079 53649 6050 25614 12938 18289 57867 64415 76702 46101 95257 35815 39830 
2885 18
37712 5495 12986 85916 70927 43345 28873 20873 68301 36342 72549 68465 16282 94554 69592 44827 38549 75664 
8835 20
76158 8070 83721 12648 9253 84070 33287 47244 69076 76591 67311 54458 50253 5706 69865 68308 59594 58209 32555 15596 
6609 18
80532 62769 26726 22173 78614 73426 64281 69910 20546 84281 76612 40813 8037 44884 34525 91760 17782 6635 
7007 16
98729 80330 65628 37396 97215 51572 11291 28196 48876 60591 4710 1617 52012 42443 13798 45220 
2919 14
66105 2194 92778 54171 36953 45296 26334 22402 832 36354 22673 86866 41339 43173 
4645 11
23371 14428 63969 87740 35526 98861 8274 43472 4785 81895 29448 
3546 10
83879 46983 76616 55898 55536 92353 84271 46114 29226 46370 
2804 17
94527 87397 33230 75044 15559 70212 90984 59683 31996 58257 93924 3882 95493 98398 33613 60222 99392 
4931 16
9495 9292 26018 75259 27586 12278 95764 72725 44215 45055 6031 61276 61486 44722 48175 2539 
5437 17
29133 84137 62156 75118 39244 78972 63416 94845 40517 90727 10326 36537 70941 99313 46209 49865 37541 
5498 20
16055 32421 18596 90750 64137 37239 7012 69515 91118 68332 82501 49611 41495 81710 80265 67497 59315 49936 73984 73460 
2429 20
19201 68148 80317 14201 49180 50104 11679 66504 8951 57579 14625 87863 37185 11092 16390 65499 2292 14546 85520 79520 
7741 19
9181 17677 90671 18161 47448 21046 20515 87028 29353 91219 84681 36635 45832 16857 82609 41489 56165 41997 18092 
470 17
58852 34110 50532 75916 83487 71140 61793 85789 84614 84978 34263 30681 60568 72655 42465 65050 72346 
8482 16
70288 96977 78597 73754 63112 81431 79819 67501 37324 61594 84574 47033 48488 80066 56376 15793 
8409 17
82810 70955 19868 16772 56398 36205 10599 64630 30021 69191 38887 98392 38604 65606 59291 86197 66290 
2991 17
80187 71546 82300 90602 69656 35481 465 85266 16259 37044 60312 11897 37961 44075 3424 5604 11800 
1617 11
77589 59984 29324 28758 2333 29606 91605 26184 19774 47934 70432 
930 20
15374 77709 50122 98123 69882 32075 60154 30940 68671 24536 24066 64593 64149 69252 62830 8878 55988 31670 68975 76659 
8976 18
99108 935 11277 89239 74851 53060 12849 78872 73120 10516 7834 3108 64180 33228 82073 43847 99779 6077 
3301 19
25109 89106 1990 31788 96993 19561 8738 16442 40547 4023 4947 38908 19556 92476 2972 87044 71697 35755 70229 
1241 18
29536 35438 7283 31753 25953 22364 6017 67054 32832 86125 58465 64170 38480 99029 90313 34500 47856 33262 
1427 10
98986 40047 8827 56741 82504 7576 36020 86916 75006 87619 
587 11
14665 73207 55872 43069 53810 56129 5159 79343 80208 89899 9451 
7494 11
623 10857 41288 10663 79302 90878 36353 70468 76735 4463 85508 
53 8
19871 45897 1061 70968 67042 56156 61098 42293 
9060 17
17460 91847 85768 78524 15588 32288 49125 82115 73534 30539 2832 39421 51498 28418 47744 3631 21954 
5251 19
94299 93288 22508 85841 2522 37939 31270 93210 35004 15934 8981 19925 51366 32822 80431 92759 23934 77620 21237 
5009 17
41038 68079 64435 72454 16985 15 27183 37596 80430 17739 13338 63181 66666 42843 11343 38097 46546 
7032 16
96107 42464 54695 30311 21098 48961 61596 84395 34763 30728 42715 78592 62733 91493 84566 41860 
3053 19
30954 62092 6028 41613 34348 438 34843 48584 69627 66872 68751 30847 49770 21627 36424 49748 73658 69322 44512 
3216 9
81216 74598 20333 21563 14944 79179 9436 72361 66583 
5149 17
30702 27516 45760 17616 86368 79033 70551 71470 84352 42030 45237 14013 3362 11091 79941 53650 9375 
3026 16
5173 77824 54088 6166 91727 28839 96927 2743 26360 9895 22250 34292 59567 77345 95553 46120 
2751 16
77763 69810 78785 64018 8216 89382 75564 47387 30553 57073 8193 14078 14360 8336 23706 25176 
1525 17
27961 60421 53366 24060 42323 16791 93090 88997 91112 59789 73558 22667 9352 62072 94367 95293 9687 
5345 18
860 89116 97852 15602 94530 98257 32964 24450 62392 72349 11138 17624 31374 36536 90912 13629 30131 56301 
5638 18
1924 28353 60527 76904 85886 28331 44739 25987 63000 8869 73227 36760 37292 92342 34090 77307 93496 97042 
6748 19
64061 68273 97875 79119 71806 417 97302 27241 68823 15252 94860 42864 23326 75359 87396 29682 75415 20156 72526 
9124 18
32653 44053 62522 92274 20981 15298 21421 68026 43429 94572 12780 12191 92903 40886 79060 15162 60377 17411 
1277 19
29453 19098 97115 30115 91599 81746 22583 58435 39330 41267 81868 1065 81536 72965 95266 93338 98824 98883 16516 
1559 12
48838 83093 90715 51878 13735 44809 57844 91615 49428 21448 94008 32310 
7977 16
73858 1113 98237 63465 8250 95919 22995 52968 60431 58806 81155 13108 16514 18676 85101 57517 
1105 18
45742 24010 22222 75455 10472 81432 97524 35276 45712 46187 22025 82336 89740 94034 63454 58548 47258 78451 
7368 10
56298 83691 14375 91433 40763 15296 10925 11093 18208 67270 
8603 17
49284 92641 93806 17393 67950 15077 77171 26996 51605 66859 88111 99141 37576 32338 63466 31516 50825 
8792 9
20600 70303 38764 54232 9735 6357 22102 89532 64469 
4831 18
11270 43605 80494 92101 69389 52585 78637 85669 79371 76124 5625 86158 16025 58898 5375 16062 82923 29648 
3084 19
36070 18740 37683 3579 23219 31962 90207 53538 47755 53992 75162 22654 67364 63057 89271 79261 66140 33349 28830 
7634 15
59905 68475 19427 2837 97306 14300 98006 30971 87371 73185 7308 79671 62194 43729 6752 
4863 16
15612 99373 89245 21759 62723 45776 99144 14433 84737 45500 23304 2632 46266 7020 83980 79209 
7281 18
4425 53518 35664 83800 8971 20628 33026 12771 39968 64213 88047 87511 27077 15340 74003 3009 92440 26693 
5352 17
88351 41030 17964 98738 59949 21095 25045 5795 90614 68770 2262 55325 97559 78988 34744 66857 4535 
3504 20
2931 86256 2227 32051 24848 6111 22243 40481 19368 35977 23888 43294 19191 61649 81395 55495 58138 37019 49790 15406 
4793 19
82509 4243 29938 961 67811 46678 3087 75671 95901 9825 5698 59492 43560 47936 79808 64374 20555 61912 6033 
8617 9
27336 12078 65001 27070 53656 58113 96366 73616 62826 
6960 13
6247 71899 54459 19748 10844 72698 99689 50433 14405 67911 82588 69862 36781 
3938 10
83826 75092 43547 68684 92820 70893 38662 16110 59885 12180 
9550 20
13768 16900 62462 78565 42609 41342 7589 65218 72705 8236 4066 1235 72989 84170 77601 55522 24547 62549 96624 94058 
7815 18
29279 82861 56576 21168 9755 79735 5927 47844 48124 13176 90719 6691 43089 65395 99502 35113 90067 69558 
2798 17
62930 13972 5547 55073 74714 25320 24639 58337 28463 39151 96876 7485 79291 3363 51701 2298 36023 
8330 15
75340 35579 80067 19806 17885 30160 63306 55804 35551 27438 58250 62001 45963 91846 86200 
1606 16
70957 22806 70198 14572 16695 443 89988 87052 70712 81083 60313 73298 5223 92791 81745 95307 
1845 18
3355 18127 78228 74723 94274 65950 46178 94414 42100 36266 68031 71105 20129 81059 32815 41147 11601 71896 
7784 18
6651 75336 74293 8706 31626 82010 92337 15135 72593 38956 72995 43469 40783 80094 68009 73062 77179 14737 
4975 16
46795 82202 31058 50453 59131 4055 34111 44093 17712 31660 9209 32445 95820 8832 480 27153 
2504 13
449 34013 53082 33155 70525 83227 56410 7223 95592 370 67989 48916 24035 
226 19
35050 32160 23681 39376 50448 47086 90399 5523 3695 3913 77675 81207 45513 42972 7484 41896 83398 1954 20514 
5461 20
21446 52004 37068 78676 98529 75345 75103 14409 95694 50257 13949 88485 70664 81599 92474 367 84923 72238 16859 4625 
8513 17
78999 80326 9355 8451 70395 57138 76048 63122 58511 23203 73576 92868 18214 90384 88078 31214 23562 
2738 7
60345 90672 99070 51020 11467 80013 87867 
6241 16
36531 25240 54471 21600 74814 40351 66575 48146 12416 61451 13562 66639 98014 31889 86442 88617 
1 39132 49620 14830 22422 40929 58487 46805 28953 
8617 11
27336 12078 70208 65001 56222 27070 53656 58113 24555 73616 62826 
