468
811 19
94207 7006 87847 13093 66814 43056 25691 33777 60123 32257 58470 87977 36628 18871 84120 50881 19254 11148 68738 
3435 20
46932 40744 63873 88635 68538 65899 50797 94982 15999 91562 92450 71378 22634 87263 45946 65026 78060 50652 98917 5748 
9521 10
95985 55020 18293 35008 13325 88757 93273 29728 35497 94174 
8505 19
51950 91543 75626 82264 70781 63958 99498 40259 80284 10869 86182 35399 62215 4848 44883 68405 68816 53693 64527 
7075 18
26973 99835 92121 86304 80133 37195 2387 66289 27107 91201 71055 29624 88983 17920 52111 92755 69741 753 
555 17
28172 79265 57518 37310 22635 29340 29929 67932 11256 35007 81758 83947 13054 26049 52206 52560 47424 
2548 19
32726 86711 57484 28728 32195 13294 33891 47803 86674 55805 45656 74100 75343 94111 84796 4499 79523 27691 52917 
1348 17
19371 53262 13098 39422 90465 58518 6111 27379 41574 65834 10838 56091 90943 73329 9142 55706 81953 
6441 16
69323 30909 78139 89384 5683 2647 32392 48752 68267 9868 88836 85948 74361 34475 25434 72742 
3415 15
74564 55114 76940 15130 10811 51104 11174 9039 67042 61919 5836 68213 68404 57367 56476 
3892 18
20053 99035 36386 94948 62900 98800 67317 71082 22403 53692 80893 32622 12462 87941 42265 92764 86775 730 
5249 15
27550 97274 24051 91313 54321 84712 10926 42018 55747 58544 88797 98792 54776 54709 95085 
5315 19
56041 89245 54183 73952 51460 38890 22766 60702 9001 74978 1134 83558 30728 576 29853 19028 65764 46675 70880 
4617 10
97002 47548 35795 77793 21668 19878 37360 67045 91754 29329 
6236 20
95663 46152 89336 72514 26472 74537 37495 85494 43916 49075 71100 88550 89773 67257 89011 6736 31748 23755 21997 97316 
7305 11
23444 89141 17735 27769 569 31000 71052 41276 95997 16103 80227 
9927 12
15046 62049 62499 74206 79480 25242 30544 6861 6495 87095 75180 79254 
6246 11
68475 47975 35090 12292 28024 77570 33834 9343 52410 72842 49176 
8366 17
92987 85671 42380 28568 10967 83581 90808 83744 42059 48329 53228 6347 69000 38146 65423 87384 57116 
9496 16
99645 58606 62496 37815 96840 18046 79773 74179 1530 57726 91416 48561 94658 73873 13615 98391 
3752 19
49326 11146 84505 57165 57550 11330 16438 5347 59402 66903 76383 25296 53263 48898 59939 12073 11309 28685 29459 
1478 20
29736 81910 56764 95287 31959 59763 21990 29280 16091 11030 70272 40915 94114 89956 99281 44076 3165 94760 88154 16541 
4147 18
6268 11132 24947 46175 33093 38677 38934 79094 63804 91867 76138 8048 13521 74226 40572 15603 976 36689 
349 20
83215 64201 17897 92378 49971 45706 10212 55168 56492 71808 20469 87536 18167 97265 39545 93253 59352 73350 99807 34171 
8791 18
77912 7524 86695 7772 91907 68515 10195 70762 32205 58323 40812 99958 73654 5851 95022 67079 27407 89708 
2819 15
53398 37738 73219 94870 3543 84131 84230 49564 70051 75810 11173 37410 66875 43177 43189 
3174 11
97211 23790 40849 55243 19332 15100 76063 46174 51774 99106 72204 
1949 20
24096 18968 71256 82966 98832 52845 2883 63589 5658 7767 96757 99572 99686 77607 75188 21318 29512 46254 41367 1416 
6623 17
31681 42512 49504 89744 26996 16614 96838 31814 60235 25918 2008 2855 70799 33766 27997 4384 46320 
1713 10
49962 56522 19008 23868 28140 29893 13334 52223 76305 75246 
2297 17
32352 98491 19238 67018 61759 74118 54343 20451 72402 48161 5511 6718 42504 70960 26037 34902 44219 
7407 17
71967 84012 19051 99915 65910 88573 17054 56070 58136 75113 18397 5091 72956 90246 64217 46170 41471 
3876 17
61517 83254 30773 48541 39365 82329 39322 60734 96222 80512 61376 74294 41615 32338 68830 8714 35264 
3124 14
99244 31431 99456 1683 57835 79809 42065 11593 4303 89360 88888 45851 24803 7441 
4112 17
572 27645 65305 35584 7423 49884 67144 30218 88453 95395 72854 20577 8516 8967 68058 46917 13957 
200 19
89919 26167 90809 66573 4363 31708 30350 97659 58943 15101 57090 78464 64627 95173 29706 31027 26181 60053 51575 
2901 18
21422 6452 19814 20707 55482 32616 94766 67673 12040 88634 58807 13741 34002 32970 85111 16397 71126 55760 
5348 18
2519 30289 22038 37958 21795 43951 27669 16521 30371 60666 44592 63951 6144 42335 75228 92159 70428 9820 
9833 11
74638 74124 14706 60218 13060 63306 4580 29207 69354 33929 42595 
4550 20
61058 59736 40124 99066 36315 47679 63824 81175 24733 20036 72087 24544 8255 91085 3804 92481 48410 1788 75654 12180 
8691 20
48126 46058 1012 33992 55052 80049 35565 87419 18437 15480 78477 20152 50247 78715 55714 29434 85175 15371 11153 59290 
6683 20
10427 54273 98182 92097 40642 77971 93585 53939 30537 71803 15737 20575 61531 65452 83197 48767 31128 93888 88756 34842 
5513 17
92024 56844 71501 87634 44137 68500 31381 87175 49374 65210 58261 4574 75099 3443 85906 53280 39013 
5009 18
41038 68079 64435 72454 16985 15 27183 34772 37596 80430 17739 13338 63181 66666 42843 11343 38097 46546 
9213 20
77782 53842 85258 23448 53196 96125 41888 47361 64112 6306 60571 95002 73271 78907 15280 33125 53140 6387 7026 76977 
9889 12
17833 75653 75279 70722 99860 28851 32305 47077 39701 71030 55108 29752 
1201 20
78818 16196 58677 48464 28933 91106 33588 99331 63192 4850 34078 8851 93111 8585 6471 84256 26759 66837 33482 99899 
7415 20
41723 82667 97025 30207 30924 1199 75445 68416 96246 26844 8295 73612 96745 5640 18039 6883 45852 44075 85480 64443 
348 12
59320 62591 24669 87816 17131 83990 18103 35286 45184 8324 39676 88060 
7512 20
26310 13473 74 35094 60390 32530 8122 90572 88722 64121 25400 64757 45226 2705 76456 50060 76140 50160 93792 63912 
8651 17
25462 11361 39193 18893 89367 67789 39508 50717 49211 49212 40752 97194 51171 39478 43346 31493 29347 
7713 10
22803 12043 26360 21411 2676 87456 40319 29200 95984 76137 
8478 20
38417 94645 49053 78108 67611 97875 44006 40213 79995 64612 28855 31619 67813 10235 33549 62304 97559 46171 2578 58018 
3678 17
10529 79816 7032 74726 76329 59509 21110 78677 62688 47403 61464 29646 85429 82683 89351 63738 53732 
3638 17
33595 87478 41977 45160 73279 58570 51570 19083 99839 94929 69539 13094 45904 24413 36491 57741 66946 
4676 13
11921 50741 19836 52453 48092 44846 90023 32880 59718 12589 58308 52489 51827 
4278 16
99700 72711 1017 60842 89993 71948 25418 25988 86558 71572 67135 84134 4872 20348 54399 95136 
1551 17
57630 56068 37223 9404 57225 8504 4790 2684 97317 88606 44066 60973 34746 12481 51535 41567 21609 
8056 13
31110 63827 35890 3561 75487 45770 24457 19817 87430 34361 17128 96476 28167 
3719 16
98025 81004 47367 34807 37449 80832 26483 7953 41713 74216 89283 90708 38987 23489 97039 94938 
6497 19
84139 80218 4320 80411 39819 45431 52642 33968 39310 58460 25232 59139 41187 10431 91704 791 91970 96622 54968 
1698 15
94993 79537 71999 44856 22986 21794 76181 63603 86634 86330 63002 42802 42392 3676 45256 
69 13
61389 68154 51531 84681 86023 24952 65739 92147 5808 11810 61912 52387 35067 
5969 11
37805 77124 32269 14142 59447 15853 8908 77084 87493 87140 50595 
1743 19
65475 29366 24269 20821 94296 50750 23621 23004 11480 12591 89597 50948 87627 76602 9692 68503 34912 80002 24247 
9128 18
26264 20291 77778 14032 6199 22056 76510 50738 59735 41170 48531 56152 90595 43449 6763 88368 76763 66290 
3550 14
36462 62814 67059 38174 48062 59389 60417 30761 44797 74796 25997 9428 61815 77749 
2208 13
393 87056 29277 83089 62347 70561 36621 43273 55846 27673 65549 71964 48142 
2249 16
51140 60533 62091 135 78423 97907 81317 86150 17447 14930 67000 66924 70160 1105 17424 29095 
335 12
47002 51965 37895 80480 93125 67888 94501 37203 76675 29236 14122 96982 
6871 20
40071 599 47629 87851 67662 31515 12282 59306 42836 75548 36149 80127 74615 74736 16615 59246 66013 21581 39044 13601 
9533 12
30722 59585 32398 83410 52812 79547 68251 25441 79705 14257 17248 28653 
9431 19
52589 54312 66093 72948 99710 56225 59627 93347 86009 20445 29574 92356 20072 9232 15629 50933 86163 78398 54152 
3517 14
16134 70592 99483 48813 52818 14532 31061 88612 71944 13385 60525 12973 19927 2895 
1815 19
39778 46231 11472 77584 53452 93261 73409 66241 96408 32932 11558 62223 72567 19271 20432 52911 21898 7803 36287 
8728 18
71936 35203 33260 69082 65433 50050 87702 32405 56671 10134 74374 73194 35881 72584 47730 18116 81479 15654 
1985 19
21711 53075 17474 61947 55034 21684 79703 44967 75766 36762 12654 85728 46771 50199 52897 15175 71188 72046 77460 
6972 14
80801 13346 69506 71093 85067 83738 49303 10341 87157 33784 88995 52281 96133 66092 
2340 16
48860 43222 49739 66724 95970 25727 28856 21811 63952 74655 62929 96632 10345 60386 20182 88517 
1077 15
70130 49600 81509 3147 2356 42677 56238 11499 90374 67322 84268 84455 50222 19795 45020 
7533 19
22825 20309 49380 50358 12511 37097 32632 52756 46742 54296 52024 95154 70435 43745 69426 43403 61163 87845 45926 
9092 14
27133 70866 56179 39395 52279 14736 59636 33002 43902 83350 4727 61446 50047 14305 
6396 12
71240 14995 28919 80236 68119 14039 10810 49992 16288 67310 53076 72098 
5507 20
59335 38311 88474 28748 56838 30765 42692 47104 8717 59755 76591 2798 43371 29128 87968 69689 34830 66644 78936 56619 
8124 19
24203 92010 91445 60124 17381 43674 16017 73964 63901 96909 47515 64953 77569 20796 74777 9262 42355 69653 93906 
3428 20
612 47401 28439 69864 36727 51354 44929 88298 49856 97430 49358 71379 56796 53296 25787 94797 87468 63123 39161 61709 
4250 20
64845 79679 25688 12544 98758 95329 8999 4060 8404 20049 59754 25963 22377 71909 95498 89802 66035 6612 89315 16418 
8677 19
59762 61954 69066 98603 36527 63444 84362 95939 27075 87787 86212 5765 75934 11813 57476 65537 70719 55736 54100 
3459 20
33307 1678 87515 77920 8575 57400 24874 17120 22522 25755 87562 75515 71217 55157 65964 10876 12206 53358 28136 97886 
6821 19
34765 13254 40424 1631 64475 6120 40734 65710 47392 99232 74059 38721 85849 36401 82842 95339 30421 2614 93884 
7021 16
8126 69638 66024 19902 71524 34954 71094 39880 15673 84776 65056 14586 93967 58903 78444 86633 
2976 11
91557 57087 71809 78019 67248 96358 90825 69552 74210 92701 38303 
4828 19
19797 80928 94398 54907 45350 91043 18825 91838 30359 66981 28147 51609 80393 32776 41459 24202 44288 11114 21408 
4892 14
11386 41906 67902 67747 84002 27342 91660 53588 42322 99600 92278 62575 23298 50779 
314 15
63165 1523 93867 44995 50012 59963 60167 22302 10109 84531 64337 88138 70539 92456 64334 
2733 18
16262 95411 92976 43086 22773 72674 42336 78759 76178 1588 4795 95795 79911 90284 72783 11047 3974 80718 
4460 17
76084 82131 56836 43208 51201 95798 36327 54694 35789 42973 12804 69675 21702 98425 25169 8319 96436 
1760 10
5901 39132 49620 14830 22422 40929 58487 82880 46805 28953 
3026 19
33065 5173 77824 54088 6166 91727 28839 96927 2743 9895 22250 34292 55319 59567 59129 77345 95553 95428 46120 
2732 13
98643 96872 34513 60437 17453 48868 55683 61549 12612 45352 30026 16158 32601 
8696 20
35619 45104 44776 86267 17085 89554 3876 87902 38304 24855 77630 82092 78115 2284 82577 94634 66416 42488 5076 65791 
3148 14
36813 23400 32967 20102 41864 87563 95340 21022 69943 87166 23660 47631 71769 63389 
3685 17
35828 90243 90219 24364 91403 68151 62013 17314 37843 14531 6348 56597 49267 21399 54750 39109 98992 
4717 19
56201 65413 2654 29078 36568 51880 3319 86264 68665 67252 43891 61195 61563 81351 28190 26828 49956 12998 79767 
8261 12
69785 52714 4281 1120 14258 4423 91973 78430 93877 36050 13211 52458 
5339 18
74857 8649 63380 93773 61805 72427 57668 56296 82022 11166 58639 40789 57166 68007 42866 21895 58878 12125 
4705 16
37941 9691 51664 92431 71928 26982 33664 24661 95102 66365 29112 15961 28939 58350 46654 27498 
1977 17
58468 86932 74523 26223 79439 89875 94900 49282 44362 35476 80164 30488 58335 64735 67078 93365 43892 
9816 13
31683 47766 18966 8065 6690 7367 58457 32860 92959 85188 20765 52723 35174 
8912 19
36219 9206 5735 53735 31202 11771 61440 51355 23631 24608 57032 74752 48048 37555 69852 33840 67082 76800 51469 
4968 15
20288 74016 94614 1389 78586 61303 93782 14175 22271 65722 33191 75905 69946 21813 42099 
7548 18
44700 83635 26901 40598 90863 95147 47156 51472 81844 19634 23995 37090 29927 82519 8095 63883 27624 57211 
8708 16
43320 24456 74219 27843 90807 77654 90771 15534 76369 32043 67788 62667 77280 35159 66999 97284 
1158 12
83637 78417 25721 65924 35604 52596 17161 78099 37461 9261 97099 88807 
7159 16
78410 34573 84649 89347 1623 72887 39578 7829 53138 130 79578 18427 99647 38087 4463 84160 
2628 16
48159 83379 74531 74447 82997 46223 39687 42448 61746 92557 20512 52549 71661 57134 83657 77056 
3547 20
28626 49233 49047 67381 98490 97811 66303 11006 19858 71151 68263 18037 43770 46446 43386 79320 8106 76963 34331 68797 
1120 17
23815 56255 97012 46760 40692 88529 2804 95433 32836 41930 32711 19989 77685 16512 76503 89004 25925 
415 20
35379 51182 35870 89686 4159 81386 54775 23893 38207 51525 14555 31832 27588 20048 32142 48942 61405 5888 33165 16613 
1463 16
80195 57434 93555 65170 3321 88137 33650 38005 55955 23948 39425 55163 84897 62003 83059 32396 
6733 13
26945 93077 40005 89258 49628 29486 95617 15119 99115 22144 37530 16580 43975 
3488 12
77277 64792 15889 94169 21612 40038 1852 43815 22876 15548 33760 90475 
6046 18
36713 6016 61078 29604 26210 58594 34960 79104 3068 57055 34321 172 44676 75440 25098 54919 8047 35231 
5502 12
50235 538 37230 86072 95575 44134 31933 74739 59022 87547 7192 77010 
2647 18
69026 6350 15990 66202 10555 32367 25695 81447 72225 21153 40357 19044 76322 21792 699 80710 64626 68666 
587 12
95174 14665 73207 55872 43069 53810 56129 5159 79343 80208 89899 9451 
6371 19
43838 71975 42036 85169 81901 64705 96124 83832 16378 27141 37767 40283 11657 2155 72420 74896 47290 75638 65974 
479 12
65438 31568 15780 13011 95650 70053 77731 9176 95716 4191 98692 15992 
9480 16
80537 74009 37602 42351 15794 54988 62468 24088 50598 89930 58791 12866 14023 7050 74313 7150 
5561 17
78902 86943 22333 83556 56036 45745 16694 95691 22956 46088 19769 60024 62957 63862 77839 88233 66602 
2394 18
47576 34607 94214 40639 96142 36757 83514 1998 63799 25967 43263 95029 73569 6758 12871 36193 9796 29201 
4871 20
920 12492 79041 29616 52743 42134 10014 2030 11543 55914 58146 68337 17652 50357 83073 18945 98377 17164 66996 72701 
1095 18
57281 86347 46464 15225 27094 40242 43559 98685 18637 88104 71408 96168 23275 13560 23742 86935 95602 24737 
8065 20
95677 44910 44390 45731 79065 71799 44824 85811 77007 64707 4287 2140 62633 20829 85306 57453 82938 487 27680 7788 
1126 9
69967 61337 48643 5615 38746 901 97836 69678 20983 
8181 17
82963 39996 15098 76450 45999 80560 83126 56979 34337 7259 52171 23141 74272 59532 29408 37489 40430 
2219 20
18150 16839 6981 94060 32374 45423 64114 21066 80060 30534 22834 53090 56046 79506 81731 56654 47192 55321 54038 55360 
7806 11
43396 48940 86457 42010 64785 92533 98083 58396 8036 41279 7985 
1045 20
17105 25087 20595 95978 77344 63622 90560 21886 41485 54028 20566 44114 43439 87873 56316 91949 29992 39892 38313 49560 
3262 11
76096 16906 33764 30813 7047 52486 1965 85357 12097 6771 4360 
2359 15
9508 55889 14067 60259 78319 30503 98686 63497 83803 19053 20678 28632 12451 52615 85810 
2999 15
30010 37557 65911 61148 11324 55843 58715 93224 28479 47046 44434 19735 83334 13755 50107 
7248 13
86506 90936 9409 34876 45308 34084 29241 38932 52859 39708 48282 75964 36087 
1318 20
30334 99962 14868 53550 80494 57100 10334 95654 15196 98679 61901 55870 81761 31460 29097 44748 97398 33648 49411 82763 
5523 19
74547 82572 20012 37009 89131 33580 80571 36834 40020 44354 48363 65454 67081 31078 64293 17531 95018 31675 18711 
3854 17
2245 69562 45850 6534 36681 23466 80787 84046 23882 76913 20817 92790 32246 28893 28622 27739 34562 
5933 11
95523 56989 57640 69265 52059 80946 73147 7410 98996 33213 67783 
3399 16
28034 35814 10465 74295 82928 40973 31740 64165 36676 37944 48438 35323 19469 22569 61191 76703 
9686 18
12234 58585 1739 19857 67539 67202 98885 18898 4984 65300 92969 3052 66874 89718 91702 29417 65441 82545 
682 16
6927 88473 45690 47847 32681 57490 93357 90207 68424 33000 75338 67458 3557 84194 97980 44613 
7120 13
92811 52987 81466 78578 55580 49243 86758 84236 98211 19466 32987 58277 46518 
1073 12
5929 55666 38098 74957 74211 45906 66568 92552 91109 19224 64480 9823 
9111 14
36017 32165 1382 17919 78449 2934 42938 95161 74859 22564 67954 78660 82988 81928 
9239 18
78515 97260 73807 24764 6754 95095 65093 12123 35547 75646 55016 34855 86429 6812 93009 52478 56230 25718 
2737 19
1780 35484 13839 78710 64827 77444 89450 43703 40330 46156 3905 80130 33748 31512 9560 3325 25708 87118 78758 
8317 17
82157 57395 59359 44934 84694 55462 21796 63626 44701 52107 43630 55447 48987 51053 23557 2789 87424 
6588 19
60125 88210 19537 75995 48982 50826 49067 50809 7618 42352 66794 98341 1988 82960 38766 2159 75758 37636 36766 
5587 15
92839 25920 81767 22256 13119 97300 54999 43357 44208 1939 66860 39572 16234 9336 68192 
7353 12
77927 54456 79492 7715 87432 16094 30899 13299 85856 10456 89949 95779 
1189 17
18505 83259 27803 92432 97821 79407 87032 76647 24042 45900 15220 4207 96492 42713 95218 18054 822 
2415 15
17257 74055 95638 94287 27490 83554 4557 80257 17962 42484 53402 36089 45738 86608 46548 
2798 19
62930 13972 5547 90997 55073 74714 25320 24639 58337 28463 39151 96876 7485 46101 79291 3363 51701 2298 36023 
4009 17
68550 23720 11151 46566 81097 470 12842 50902 48518 94004 10299 19945 22849 6223 12036 88274 27711 
5105 15
63294 86497 25937 43384 62790 58870 72557 11408 66158 5269 43200 24416 23803 41571 33920 
1204 20
691 88684 78355 62670 97140 58673 11271 6582 12557 64777 79823 86720 50420 91388 54349 27545 29562 11677 31487 85773 
814 20
41032 23036 55991 74620 46466 84848 52641 17022 94732 54707 93376 50581 84488 75362 49076 63855 36942 5977 97902 93737 
7179 17
58721 36250 2258 68807 46987 41750 35544 38619 22200 37668 45570 53577 47013 95940 22705 59713 41291 
864 14
36155 85496 61064 57554 57140 85184 35707 63204 53543 86125 65900 38488 77786 87362 
1726 18
75490 73610 75996 84172 63258 28478 43904 5840 65232 28713 16183 96499 3281 47647 68987 39951 18466 58299 
7984 17
44930 27980 57104 7690 38861 57279 40900 55615 78896 88120 97991 96995 83098 98660 59248 60574 56008 
3483 18
90279 42098 11010 87119 51336 82304 72828 94901 909 87024 37523 30642 18848 91934 88637 38455 69536 1098 
5458 10
21729 22777 98 75330 29942 80526 4456 54394 76266 98801 
9063 17
53518 78557 41721 79025 62537 41578 70280 92500 8470 78046 87908 77451 83540 68657 58503 65731 59255 
1596 15
79620 43430 75356 60540 25014 30880 29111 76098 99733 15116 66979 11141 5745 19531 2125 
8941 16
48619 96388 52894 64056 46437 74561 72036 62299 73056 57773 15950 20256 70229 62361 55181 35131 
1314 17
63642 64889 39913 66611 52397 97131 24981 39692 20714 55018 3071 12496 11205 38917 87717 89598 52882 
3818 19
40684 36133 82884 77664 79850 85029 68854 88240 84791 21513 24980 63719 30574 75954 98521 37897 825 96670 55017 
2493 19
33551 79579 4729 43399 39918 33432 63953 32355 74389 48818 42085 15829 40108 35806 8519 57871 76814 83473 58246 
5724 17
83428 63547 24578 72830 21401 8025 43701 12844 16663 13122 53478 4331 91251 9003 93722 19536 64761 
5767 13
31307 96643 52470 67482 49950 57469 5930 83394 72635 88407 93394 49779 94611 
2664 19
52093 54995 84514 69525 70202 65434 57718 47150 73448 47589 80596 57976 96111 31295 73485 91693 60287 30059 39531 
8239 17
17215 46954 79690 24069 5186 96392 450 96795 6475 28532 39089 36454 36389 1708 34187 30991 57146 
7709 19
99195 24499 28069 69407 9816 71892 58854 6194 78733 23021 56021 67654 91415 53259 88615 70512 80735 37972 17174 
7937 20
32944 58431 48614 7517 78805 4329 81827 13847 48712 50105 34861 92731 97092 79984 74379 3015 12807 3518 12068 62239 
5771 18
86501 33122 1209 24242 99914 72219 64988 59863 66534 3612 93974 75809 79899 54432 93188 49265 33987 61655 
8931 20
44975 73422 46470 5681 56908 78860 19568 95780 30542 85129 9389 68618 14462 48430 99045 14270 73278 51296 64479 79669 
8392 15
69215 80643 41824 29951 42060 20066 99981 6519 28228 96946 32513 95714 96203 2231 36885 
8032 11
6254 11547 59915 88133 25312 76462 94888 88055 17446 37631 4430 
7624 12
36908 74820 49741 45974 48802 40917 27731 67049 6321 90492 660 83452 
486 17
97830 62384 35600 70433 92872 57487 74082 1886 17824 92546 32434 30785 80033 28477 78122 77753 31791 
8648 17
33752 82906 10856 80463 5890 5663 61228 31855 85459 81295 22446 92903 41666 55376 40446 25704 15391 
3247 12
90099 18090 32734 93744 93240 81926 30501 22884 66506 94655 7233 65871 
3472 11
98875 95870 15701 28175 54738 92424 3501 35120 587 59977 99557 
2615 16
1184 43099 55463 52096 73981 46624 73754 63835 84208 2873 67418 54528 20752 22914 72624 55184 
5635 19
71504 43377 86870 58156 54205 94606 61221 25642 60210 72732 32143 57236 21248 13394 85062 37473 76916 50090 23086 
4813 20
53605 80961 33887 79227 94508 92336 33141 80938 1619 4381 44893 81110 48889 56513 40613 80023 46409 61968 4925 70504 
1907 11
20878 48874 51976 46720 32833 60202 23642 17083 99838 80149 87661 
8818 14
62386 42040 94583 98773 70211 39943 2506 95488 294 27965 86782 18827 36626 40659 
3955 16
87897 21941 21980 96437 76480 13169 6022 48803 88248 62354 77965 63838 9607 38251 20670 48400 
9960 11
54985 19578 87648 72481 90539 10159 62212 81485 72726 6102 51956 
2135 18
1079 30412 99884 33438 57299 5085 81126 6578 48659 2196 82026 78839 97421 2752 99367 91218 81055 36323 
3740 19
81339 77835 63558 58495 96736 46351 16097 27039 89604 66815 58097 54151 40681 68795 37086 28429 70126 74579 70845 
8384 20
29310 76168 27699 71023 90223 79781 84313 24067 67329 15212 84933 67804 45614 54344 4986 37923 69826 34713 81966 89482 
3764 20
51167 83190 60792 85103 69583 56429 71135 95518 6181 86064 75741 60695 26712 89748 84960 69806 33508 6290 76664 4642 
5006 19
54408 54828 50106 68314 43268 21514 30427 91079 53649 6050 25614 12938 18289 57867 64415 76702 95257 35815 39830 
2984 17
59464 71432 911 65932 20223 71546 99933 15268 77802 37544 17016 98914 52854 2953 36968 63935 1455 
7254 13
52026 51035 31243 57522 28004 43247 77930 74818 63468 83177 41589 45426 93710 
2115 19
57393 56546 631 52372 56731 70698 30329 99970 67550 40196 44940 50089 82299 3811 62652 36470 54155 99988 28285 
5360 18
91915 18325 82605 56937 43051 56856 54788 69020 20246 20416 31018 55642 66546 76585 22487 1845 73095 59857 
7674 15
80350 13561 85631 99203 33430 83532 38030 40955 92671 96371 96548 34604 22822 23230 48355 
9948 12
4624 24599 90758 23869 74943 15301 10231 7578 83858 60007 44866 55894 
5250 16
53617 3481 87580 77412 7011 36612 71929 31086 62578 87670 53051 86246 29546 95426 49622 16310 
6760 18
58782 18940 39307 55649 84077 77028 92406 62767 98616 10514 85057 950 1126 76560 44692 65570 55458 52244 
5194 18
72849 22716 74765 23063 2889 12776 75220 40763 37746 39900 39995 48164 52841 73398 44834 80453 65781 32863 
9752 9
97353 51247 3775 5944 43989 27738 55576 19038 7306 
9916 15
75779 19396 95010 88744 1394 89381 80348 58820 1929 93644 92092 22530 77432 86729 96141 
3507 10
1983 45935 78255 90321 39656 49256 12840 28944 55491 38983 
6698 20
52944 76220 93865 48694 89391 78589 29418 14519 16542 70031 61763 48976 48503 90165 20552 78901 78305 78708 49808 57357 
7926 14
10129 8243 80345 24277 69405 96734 23307 91739 82307 30372 21307 98060 10932 72866 
3763 15
18288 21645 81288 45120 51982 98395 48075 85858 82151 22781 2063 93854 32707 99477 51093 
2017 16
20243 5622 94563 97604 75426 76967 3036 29367 17264 23740 62087 67785 57327 59125 8443 14595 
9382 10
6281 63320 1960 83873 18006 96367 42379 39021 97104 10976 
5851 20
8445 79965 3982 23556 21720 87530 56563 30381 12513 17291 95728 45502 85653 3163 21555 35601 99002 21719 50129 16980 
24 20
51615 264 79114 1864 17724 38835 47774 44558 88984 90615 68370 67938 29104 46741 33209 37301 62132 480 77741 46348 
1667 17
31616 47662 59515 75309 55112 81140 44051 45631 33157 1457 6178 21551 43421 44017 28340 45980 90430 
7344 17
77416 66432 90169 12714 8712 77088 22816 26817 10626 61206 3380 91488 48724 46076 36586 81481 65945 
5729 15
9679 27848 11857 62526 78284 25445 91025 70942 67357 25651 85566 88117 30860 83887 61865 
7124 15
50099 54052 84187 80820 33815 95164 78852 15911 72194 63152 43774 47497 66112 76659 11559 
7131 17
61498 18476 68575 53926 139 88803 99603 63944 17520 72198 37842 95842 14603 44293 14064 88459 29677 
5912 15
58401 15943 77245 7871 88435 63121 99381 14229 56772 17694 36075 35156 13665 55233 4145 
6485 15
76283 21521 11795 11652 97158 49367 26082 99457 32274 85135 67793 86061 81129 11608 67371 
829 10
55346 64598 2020 87347 79013 57872 84083 71741 11202 26965 
255 18
39570 82915 5672 46524 80009 79059 79133 94892 61948 28377 34142 18475 53204 60046 1534 48077 94936 65354 
6160 19
88124 42223 6857 58977 95690 77372 37344 92697 91220 97478 74843 61955 93960 49224 2481 45193 36114 15317 49541 
2725 11
20530 10183 33166 30549 3832 47720 9798 63069 13388 19656 37488 
7962 14
3570 65577 25422 10378 26538 31087 41969 84798 61830 31423 32658 73718 23048 33094 
7586 16
84757 80378 13396 79659 49041 72084 8613 73573 79780 65559 34950 95048 46510 27049 18042 9314 
4758 19
41803 61417 26076 4552 94218 63986 71749 2686 74497 91216 47525 54287 2051 92408 33654 24709 23928 99010 84347 
8180 14
95481 61325 28946 41992 78188 54818 52039 9612 2533 75155 65147 50585 98201 47789 
6634 16
48981 86293 2045 95224 67365 10566 14480 20397 53104 11963 19258 14221 20489 76078 92692 73348 
4761 9
74731 86021 6003 74803 24468 27402 52654 5762 62949 
2509 10
14228 44888 15991 42915 2006 72907 17423 63796 16645 99990 
1310 18
21496 24043 84607 58675 58607 59988 54090 83275 29304 71875 32186 66170 72089 55867 80156 21089 72820 29655 
3953 18
5704 78057 66720 51407 54495 88667 95826 11603 32155 95955 64015 64680 38261 15550 80813 28280 19290 8169 
4938 18
83616 81378 78429 1015 25904 68451 63177 18616 9815 79391 61107 3511 51973 84557 88649 78176 14537 96512 
9259 17
74440 88182 59748 61950 41786 91925 26841 45917 49273 8067 27425 27456 87543 52538 56767 5466 75674 
6217 19
85806 11473 26532 45158 67029 3693 76904 69296 23486 31558 94618 24966 13626 42311 21660 12635 35640 39143 48716 
3022 19
38872 59416 25983 426 90683 3416 6448 14072 61920 88733 30140 79857 9564 78659 12561 6089 73124 18402 1628 
1973 17
28670 94800 27527 50348 37676 81346 96683 14394 94537 65802 28074 24433 91268 68673 65534 5102 55929 
9418 20
91655 20980 69177 26456 78381 62226 43477 76325 73199 92734 67217 39933 74813 38012 90469 55364 23166 6337 94844 31984 
5398 20
90563 820 93715 39822 51361 4717 65759 10430 76730 87422 69922 32884 72042 26948 45392 42182 66277 28739 72619 12642 
871 15
20914 61630 90507 27474 33691 20631 62292 50882 19778 94721 52377 68576 54053 11116 30799 
7044 20
68706 5434 32077 19378 7181 1137 3822 35737 95244 31924 97215 80696 74382 64793 90484 31676 2768 40101 47887 28427 
897 14
3370 89915 44446 35768 30177 90241 31964 6362 43187 92813 64407 13632 85252 71146 
8645 13
2105 1231 94538 32302 37963 73286 98220 57781 4149 62334 31646 27236 23353 
1356 19
83283 52190 15920 73445 49706 77787 89796 40507 61543 74453 1718 98328 70779 66975 63860 57786 7850 74656 13975 
4951 19
60464 83976 54317 60946 68640 17168 17051 47056 80866 4648 94786 99435 84586 28703 9077 81802 97325 58531 79988 
3038 17
77961 87132 35781 39108 74535 39175 6670 78023 15187 77621 54771 6021 85081 42724 83715 87299 88556 
2047 19
31450 16869 65400 85450 16253 81296 28650 75276 7932 37522 5708 956 80520 75223 44463 19298 94556 29083 10296 
9629 17
76914 33547 63036 87028 69054 51633 13258 29531 18160 50041 56195 88717 60819 1721 30591 37812 8705 
7171 11
81283 30145 92413 15426 6363 90341 66656 8378 20116 52216 80575 
2842 15
35329 35245 86651 63993 42539 70850 4957 56372 25473 64561 9960 78882 38625 82656 36178 
6647 13
75632 62188 63472 69617 14914 21937 99464 59082 17147 67756 34557 66674 69348 
1235 15
97268 18783 7094 54191 9441 50775 28096 59140 42159 58289 45027 39352 23825 57408 28810 
5628 19
56090 93725 50978 49668 70848 2466 65347 98738 42200 37945 62968 70865 4356 65848 60959 19434 77697 42494 20184 
9100 15
40503 79050 41747 67500 72373 1905 11852 53450 58793 26345 14179 24333 48829 6610 28665 
7571 18
47873 32320 86307 14748 78861 84042 77627 25497 14527 46106 50211 20278 38860 94825 35514 92146 98311 81760 
8429 19
85646 23975 78313 31461 89881 57694 90302 89449 78878 63330 51622 22533 62183 49799 46195 32858 28795 99216 33232 
7841 18
53855 51679 13603 47100 18316 24318 59880 91832 29602 29245 38953 73346 34294 17413 32406 72893 40280 92195 
1133 20
89093 48670 67618 35861 41188 21741 20708 87020 41625 20269 4635 80544 50898 23940 6023 84375 23045 24559 22869 28103 
5707 18
77110 55450 94206 85162 73003 64178 76052 46879 82908 45800 24447 88993 1421 29307 52522 69918 49598 10591 
2863 9
58684 99870 11046 70638 855 51663 30562 19056 72313 
661 19
48941 87312 32402 46618 77606 50977 25973 15297 26557 49350 31489 55860 41272 44823 15973 86001 9112 5110 66405 
673 17
73053 37068 58881 46508 72520 50079 96349 29444 44256 93437 59134 42583 92933 20178 4694 74144 65306 
6268 13
90230 35930 92056 98722 32998 20011 60922 43199 96928 21045 22287 3217 44905 
4637 18
63609 28299 26142 46712 95262 16353 59528 50684 78679 48895 36055 96659 67409 54237 89342 58115 89102 20123 
6241 18
40462 36531 42960 25240 54471 21600 74814 40351 66575 48146 12416 61451 13562 66639 98014 31889 86442 88617 
2674 11
20642 46453 96475 81955 35773 1760 10400 93114 14283 73280 1459 
8871 19
93051 22656 33317 54889 12814 2013 14111 11833 59423 75716 37707 1029 22043 1221 21236 12315 77712 54623 3231 
6115 18
63877 83165 74708 46716 63246 1292 68866 8724 77082 28690 31377 25374 87223 30659 20120 37543 61183 7852 
1425 11
68541 41816 74273 90989 24556 55771 82434 44715 74693 71125 61665 
7989 15
22925 80808 6800 31099 46874 12877 34694 46347 25304 39418 86559 92114 95793 33147 4181 
310 14
56999 58340 2192 17185 83307 27463 9345 99948 18449 22665 91758 75665 53010 47216 
9806 20
3034 7833 27565 5897 66069 66792 23799 91531 48636 63040 51194 25166 32539 75753 17347 90405 26491 45685 5999 49240 
165 19
70232 77458 56855 28355 37089 6338 82111 76135 81958 78600 57068 71402 78531 77356 91426 51720 33518 88798 29967 
2246 18
3409 80153 4035 99135 355 41010 61646 84273 39597 15819 38297 54011 19695 69300 80401 20085 64569 96667 
599 19
65840 77874 84613 56373 86730 12746 11155 89722 2772 70241 78333 95277 91700 23800 20019 25834 77534 87674 87928 
6229 9
76302 75827 28422 81657 24198 14751 61540 10817 17584 
1559 13
48838 83093 90715 51878 52328 13735 44809 57844 91615 49428 21448 94008 32310 
2021 19
1843 27794 71286 50373 37252 78156 81421 71534 35269 23418 32198 37960 74288 59167 51017 34561 78468 12950 64069 
7039 19
91512 67834 77918 35573 42126 42519 36815 98041 27978 83474 50114 77076 85555 72967 70713 76407 20064 27899 71440 
2939 18
15294 83578 71221 60020 34818 48044 49061 44832 86735 92297 94255 58811 20079 38351 45175 11719 82135 43139 
9200 18
95783 40998 49335 23736 5786 75076 72874 94798 26733 90870 81025 86219 59635 15517 8628 13319 23611 21877 
8260 12
8391 43255 81941 63560 47005 35133 92119 2337 83122 75316 59725 87805 
9070 18
1833 95623 26864 79699 34749 28391 18933 48849 41616 95459 18941 78692 78830 22344 46400 78622 12507 12301 
220 19
80199 58268 37332 69313 53737 15813 42679 16920 19587 51537 813 17440 92984 90127 48577 79410 27476 33342 18369 
1830 15
36419 38070 23345 67032 5094 11193 19379 99555 87850 49157 84167 35453 11233 36071 26905 
5810 13
78145 7993 28584 21603 78493 86804 63360 61998 92677 51085 74309 74884 81225 
1634 14
75776 5282 2981 36241 90605 69902 34392 18305 15323 87092 48779 774 57740 42058 
3679 16
43919 30290 53944 77953 33897 32628 49586 15648 91484 54193 20209 39446 8895 23169 73820 64846 
130 11
18406 74051 15660 67453 78772 78198 87349 83421 92828 52276 23705 
8518 10
85977 38231 56852 92374 97852 41806 36836 11461 22438 97315 
7835 10
1884 41831 72749 78364 9571 76123 16859 64473 77092 15442 
8226 17
55921 97687 63151 39877 80110 32452 91670 94548 39729 67199 23282 89734 64000 62583 32778 42020 1636 
4461 10
9593 11087 23011 64411 43351 22868 73507 5528 49969 70088 
9118 17
73258 93276 91227 70030 18995 73969 98028 54996 23943 42877 25154 34073 98092 32771 16910 20045 68533 
7567 19
73283 82185 34472 95613 80550 70694 70487 43419 27587 61604 57559 4547 72519 84061 26377 19642 81367 61202 3780 
8723 17
30358 96357 37400 76936 15037 56801 94740 5773 98731 96182 36061 29649 49926 46112 29674 13197 92459 
9829 16
83501 86822 88487 64120 77453 20136 75869 3990 21391 97558 32779 67231 1070 47315 51779 70861 
693 15
30884 79029 18233 77061 24973 66704 35676 66038 32671 38587 84908 98204 39490 52967 70660 
3253 15
7439 20922 40567 38384 3449 92325 39019 89321 72398 78447 2215 48906 6077 49955 12058 
7144 14
14823 49510 24640 18744 37322 5314 5652 10946 33668 24144 31277 1796 15389 2316 
2006 13
94498 96323 16873 36998 3964 20664 88446 79411 27157 42790 96719 75657 42447 
9419 17
3569 44768 9880 28295 88616 48462 28811 60346 16598 32444 3191 53065 55781 89746 6 17971 44298 
1576 12
57088 70786 21622 44415 40993 86007 45379 99402 7599 8049 85661 30901 
1157 10
54347 69884 63198 58685 31208 60090 91364 23144 60705 71153 
8969 17
69672 4302 21451 46138 77044 66073 17998 32241 81980 28677 35926 88480 11054 34427 25072 75262 92425 
5631 17
8507 26673 1257 1417 90032 88203 55799 61607 36029 86702 72360 82166 5112 66914 44708 9518 3092 
5565 18
4315 56005 79310 77462 5639 91866 72878 48934 68023 95217 14332 3209 64592 29798 66873 70688 39586 70730 
5094 15
31735 66827 59218 68166 73576 49277 45437 35863 35148 67580 88548 80524 4146 24566 34413 
1653 17
37098 38343 23427 57035 29400 96842 94978 91818 93600 28095 28629 53375 28621 32573 13447 98634 85842 
7839 19
53652 80364 56161 24635 33866 99122 60653 74508 26812 94038 16484 25222 33645 66130 4628 13704 25682 99997 67734 
1787 10
58555 21113 55525 64518 91544 78312 48177 15514 79787 8799 
6633 20
3560 97717 48990 66888 63971 78792 28747 27148 23120 50672 7343 13722 4861 71810 24522 12603 38820 91131 46796 69673 
8530 20
11503 81373 87719 5892 26138 53582 59089 88957 32631 2304 20859 16064 42760 19448 98024 99723 22968 96213 27044 82458 
8409 16
82810 70955 19868 16772 56398 36205 10599 64630 30021 69191 38887 98392 38604 65606 59291 86197 
8342 17
70680 55366 73487 6481 76198 516 45754 37693 98955 21279 26908 53178 22842 38367 41526 80578 22275 
3612 9
12164 75570 74097 94125 22854 26970 15834 60652 25134 
1992 13
27810 59875 19527 78260 12427 27647 83935 1616 39856 40390 15657 23603 98786 
1771 15
46295 78328 11951 47898 6637 96817 2411 9148 73579 80587 59283 51819 98109 6126 93029 
5100 16
70299 3203 75251 90513 32501 81289 3095 8513 96189 3664 63229 57302 46790 65914 736 88881 
9460 13
2404 22338 72555 66906 87693 87181 10043 94677 3868 19632 60724 27752 43007 
6745 16
62429 60746 88542 47585 69744 35824 42366 780 52664 52174 44584 61366 85155 49435 26657 69730 
5065 18
32542 28614 40458 9950 71471 311 6870 20130 3096 69453 75917 99038 63892 77520 71880 62380 89812 99758 
2079 18
81842 82091 18985 87837 87813 3333 10174 9323 47464 49627 13037 60294 65350 96654 24382 58472 87657 49369 
4284 18
20698 72299 37144 79590 23103 39219 74488 33387 94524 79501 99442 4492 84059 55489 91306 76024 95026 40266 
4416 18
12537 15752 45290 12644 24001 89933 42419 10018 89128 6304 41730 30739 74895 88200 24180 91576 2452 52954 
9291 19
61965 53569 18754 49163 67203 31620 98661 55315 21108 85620 77294 70367 28135 26874 18872 43178 28222 6043 66701 
9143 16
49178 60772 25932 48011 85265 88929 91287 57260 52799 66006 96999 88337 40948 67560 69322 42356 
4592 15
22756 11984 50130 2737 67041 94241 7033 56565 66520 32609 62166 73461 71248 22769 128 
4999 14
86410 84856 97846 63292 27062 77972 59392 25132 6507 6085 3529 95600 71981 72422 
788 19
71733 9191 7475 80925 37079 86221 39540 80778 47995 81437 52063 56596 72963 25815 44452 7660 92758 32579 60624 
9340 11
13819 70240 21301 5124 37971 68208 92890 17842 46540 15731 55464 
3083 11
23241 59614 4444 11163 99731 81623 92192 66493 837 59451 74196 
5697 18
46481 70873 31031 87577 60488 1121 55750 95299 20694 22237 66684 80194 87279 71978 85458 15736 64853 27942 
4029 17
75245 49911 22502 89260 68834 21428 72746 20169 63124 34040 79604 11290 64488 29804 81151 97077 99034 
7747 16
83130 75420 60059 92543 71937 38767 48522 8911 42904 96160 38585 63041 30365 25528 23214 86636 
8178 9
9401 81080 40436 45833 4923 53621 50605 50677 96730 
6250 11
42263 77964 86311 68517 83285 22583 35907 93367 66498 79149 3338 
4074 19
2184 22232 75565 60749 92803 66165 33235 7282 15039 47160 87003 95431 39999 40629 87243 71391 99133 31062 87114 
379 17
60701 50125 83468 49135 86948 97853 93399 40299 32075 6458 48493 89172 39454 72588 64684 47267 97232 
7327 14
97546 91198 10089 2444 91892 66385 80916 5377 72011 7209 89861 69788 23059 56397 
8043 17
34280 88094 79888 31106 87615 16620 40060 61488 88933 95448 5351 54046 20583 10975 41525 90132 76339 
9031 19
78193 94189 56803 81538 60531 891 68389 42094 17481 35648 30965 82491 45950 25318 61974 67908 33926 45846 59006 
2499 18
31773 42073 15149 7683 41736 57138 63817 13464 79375 79500 8014 96629 54680 82443 73225 194 80890 15218 
1812 18
90159 89310 81393 52135 40192 89741 66766 85113 78702 53322 87752 86931 87679 65584 26813 54479 78892 52496 
9795 16
82816 63213 20885 76529 27957 51869 21198 17117 43506 66744 91990 41804 76716 47305 20434 65418 
9761 12
91084 54689 97918 87866 97684 74259 34675 28058 91986 61586 3750 55044 
5687 12
57895 56915 24711 77519 93903 16767 99532 26971 12006 1309 40386 82885 
997 14
24588 66675 7654 16160 19900 83437 21592 588 54125 17065 76033 4179 67812 56307 
2882 10
16292 6626 34082 78934 24478 34255 48828 7897 83698 65860 
4970 16
54697 16374 93042 92407 57228 64532 86094 25864 65783 50590 66749 22227 78106 23565 78365 29620 
8149 10
16863 79950 87508 71560 59349 39297 11281 46288 42728 88199 
5798 11
93871 42982 96481 41195 16994 23591 99945 81411 5857 58620 17308 
3340 17
89643 82696 96673 54815 23964 77225 8177 76201 37866 7453 31484 66710 34884 64382 45755 46621 1489 
1620 18
98497 34545 16296 94773 20685 13776 50553 96729 30039 90675 60479 93662 47212 48852 67094 99336 24697 93659 
2943 19
89074 42824 10040 34734 14627 36728 35038 19155 56395 38998 44522 11954 4916 61497 68429 56722 68857 8051 90985 
180 20
22770 56086 52970 71005 98128 862 79716 3243 20863 72660 75870 84541 97815 53633 57753 65750 31588 87213 35394 54866 
6893 16
86137 22644 4230 75829 25011 6665 22537 47187 80059 96605 47292 69038 95392 84211 80312 95732 
1308 19
42684 98811 33440 99755 45173 63857 49382 72568 5425 69792 42318 96708 47574 24003 18345 54475 78234 94006 98799 
1247 12
35452 9952 20668 11899 93779 32184 23988 99355 31714 12008 57437 48251 
840 15
7307 56240 4366 40919 93694 31436 80058 27925 49731 15538 13123 80803 12625 24554 36179 
2553 12
77650 90128 97637 42035 73659 6312 88672 35291 38815 85917 90329 13629 
1014 16
62913 33578 74625 67950 21950 76791 30283 55274 41197 77146 7927 27325 74634 65429 46274 37599 
3545 20
70207 52409 76042 62319 96911 94688 35466 90854 11624 51188 14653 67367 6648 13834 78285 21320 40498 5685 24607 25525 
9093 14
3390 37359 37587 5390 34264 47842 78053 25059 27202 3637 27631 2620 96266 57611 
2590 18
59603 58315 54953 97615 34053 70859 83513 78111 45635 29997 37688 5742 48875 45069 66541 90452 42927 81087 
6416 17
92349 45119 10158 52550 57172 15413 10699 20964 99308 31915 66830 95684 56390 81253 47968 90005 74318 
6251 14
16022 87309 11089 15844 12864 85018 80211 43764 55479 77515 43311 41244 59385 69835 
6626 17
86838 21817 77695 33297 30464 23030 19180 34585 96095 43743 47443 14715 15749 85778 1774 49790 71113 
9984 17
71598 74962 32827 23974 29999 65749 72798 34198 44706 9833 21147 77724 11821 55113 54516 39137 94149 
783 18
41389 593 99401 80409 50900 32306 89896 63943 68715 92020 99706 2958 18165 14838 67862 55062 85759 42106 
8211 11
91735 30378 85379 38720 66058 38438 17390 81279 24150 12421 89942 
2881 10
13893 25536 80716 96993 5967 17468 43130 90360 92110 20498 
6895 20
2526 27200 61012 70805 54342 97473 62228 83766 2892 78101 53156 4150 10279 12869 42233 66634 75604 10113 38283 84023 
5510 14
66083 80974 15448 35068 45455 23029 61620 49426 63147 67104 69642 78494 77436 64469 
5131 15
15156 87108 41011 40756 79650 88874 40006 8928 33555 20666 96850 59312 43915 93900 65237 
9564 14
32607 38194 65091 4400 3879 47827 70424 56167 77329 94564 87438 92259 89514 69604 
3909 18
7396 56190 50578 20205 92382 68487 60757 47518 60634 61115 6852 88531 45571 86961 64212 95041 22531 51588 
7256 15
33739 25935 24119 41554 8926 65158 10760 50095 5014 86858 65334 36733 12778 25048 2354 
6349 16
92433 96766 26165 26396 82010 96477 26540 26147 78121 21212 63767 4120 84043 93970 34113 17469 
5169 18
94276 77688 12931 31372 49902 9265 81107 56605 7598 29783 96286 66741 60266 42785 84648 55356 26720 79585 
5042 18
42417 76019 63644 86786 77489 83203 16400 63217 76885 68562 73234 52346 74332 3110 84360 74648 12597 12514 
6079 16
36151 81771 15659 16853 80276 77000 76709 22024 26665 61223 97034 72673 49 49798 51612 10997 
4966 18
96453 29952 60444 57830 31906 30216 50602 3316 42135 59714 85470 40301 95349 63228 71214 40774 97987 93024 
7104 18
6640 86511 88759 92978 52594 14464 11303 87687 54403 2984 50761 80549 31313 13281 61556 72320 71194 26014 
5878 19
24235 69799 76678 98054 26382 66952 54676 31596 99054 40835 77185 59590 44649 74694 560 37761 84287 3227 9243 
7801 13
92511 74929 34242 64579 8998 53143 52343 42360 9805 66911 64401 67131 5417 
7462 12
42276 2181 20559 88593 48573 21703 40274 33266 87495 78618 90555 89794 
4286 18
68496 20151 73082 66223 8873 36066 24471 98587 97766 68748 39682 25702 74607 37881 30247 19737 36134 94078 
1813 15
72561 86728 94960 8506 31624 41353 71192 92945 32864 86714 21712 58637 68464 55178 97048 
8005 19
66483 43568 69565 63014 54867 7518 80374 38757 58998 22715 2171 98798 11769 59779 50403 63729 75201 44049 71358 
5604 19
88745 98615 83808 9978 26363 26512 42354 3229 21085 83291 89538 19539 63689 63423 74267 60539 98019 95456 75707 
2969 10
30763 1324 79237 17178 5312 65574 18520 65412 36303 10642 
2545 16
86011 73224 61289 93048 5575 17495 94272 39791 11459 896 43515 30047 10900 10632 61442 71990 
1921 8
36261 51419 83449 86620 43678 57831 61217 29020 
6489 14
29196 81188 93383 86624 56120 41592 29004 2004 89428 27248 9521 81859 25051 99098 
8128 11
27904 98960 25117 78649 19960 19901 260 53094 95115 6491 2429 
8831 11
8173 935 21173 92109 73255 83003 9652 90428 8156 60767 28394 
4830 18
90407 2082 65869 44469 43359 19407 52179 90737 12587 50014 47652 57205 38252 297 16188 9797 60012 31810 
7914 13
57089 74671 81934 1456 96940 44292 66882 49133 46977 74167 16138 59744 21151 
5718 17
93061 53266 68563 29476 39330 27344 60018 20684 25210 39284 81412 93423 33169 28393 94581 71653 31360 
6644 19
89990 62465 5281 47332 52990 87633 79918 60249 34217 91504 2164 10816 32722 59710 43182 39066 67532 73905 34688 
794 9
74291 19230 26937 19564 94453 19740 14396 9991 64596 
3997 15
17696 58924 95705 19091 61833 51323 59100 91338 77846 52007 96706 5721 80548 6561 27923 
2457 10
73007 58821 8334 74588 24780 77001 23508 55480 91283 36987 
2848 14
31963 69102 58578 43702 98293 94845 33192 77165 28308 28054 65442 74347 83820 50366 
3957 13
58342 59251 31778 35096 94704 57425 80855 51174 66732 51680 62852 47833 7543 
6897 18
56907 95402 83304 28038 71074 14860 3932 87937 54263 6564 43423 14925 48793 75602 16476 73295 54084 37550 
7618 16
39981 23735 31317 77323 62662 67558 96030 75698 63405 79692 43327 35632 34172 48935 98975 97723 
6550 19
94970 97138 10051 35700 31067 49892 65313 11530 97857 7958 93066 63103 12759 33058 80912 57286 85050 57527 16395 
9963 19
54749 66242 13534 51392 11101 74257 13159 43895 55717 32448 23537 34741 1914 27003 99824 3471 35723 9928 47722 
7307 20
7843 62934 57695 94495 48963 69264 22807 83317 75500 86853 89015 9078 2575 80389 98806 60425 22940 67741 82144 1736 
3258 16
30095 45434 57657 88380 54329 95274 99284 71469 63097 12543 48024 4559 32506 29180 77319 40100 
5564 15
74236 55358 25139 49121 25108 46894 25948 98296 22697 30404 91233 47758 11871 27293 46933 
973 15
91042 56535 18062 83999 67173 94639 50798 61097 92793 46139 6862 60779 92156 34780 64268 
9077 11
19144 19468 25597 97153 46321 44704 8165 27174 32335 33616 74177 
9343 16
31442 89605 39754 90859 66649 38930 80693 5042 38880 78076 58704 42715 34356 37151 37784 82896 
7201 19
75421 1870 46664 33173 97303 98275 95419 7886 71207 2668 71365 81726 17893 5891 54759 23777 22662 76802 38846 
4277 16
1840 87780 43436 34590 50526 21120 59812 76239 41002 93834 43504 46843 76576 99806 88908 15890 
5263 15
73291 34601 15260 64389 38744 83457 36344 21385 805 41725 37405 63602 32725 27573 90365 
2131 18
39127 40821 96117 58267 57250 32293 28303 63610 30118 96149 83882 5323 4950 49793 98680 60033 35568 99241 
3311 11
37640 85012 63686 69844 22387 63667 46611 14199 46578 79497 564 
3954 18
19488 82309 60846 65040 65492 41916 94482 73802 89107 34879 72792 29964 43546 5135 53931 90743 73483 41484 
2657 19
12476 24266 47663 66936 60851 70935 67057 20372 29608 68893 46433 83921 86839 36709 69036 14268 32792 86153 42175 
3320 19
29761 29547 74031 34399 89313 48480 43708 2011 70630 90812 11026 91490 30588 20553 7118 91773 41739 1967 22832 
4398 16
29918 91995 59630 92429 75088 79383 6175 65777 59341 72267 1839 29501 58223 37258 81038 68863 
3970 13
1978 74394 58686 81727 84154 55513 2949 90280 55053 80384 32750 37441 3427 
4631 17
80045 80217 9577 49982 43970 98260 49649 66446 52408 56132 40434 85608 74390 6866 489 12505 63708 
1515 14
74559 61927 54137 42788 64359 25660 35100 77174 81455 86824 82275 17660 36317 3235 
7677 12
22675 34890 33828 89668 68984 71593 93512 10181 4266 69492 14827 89548 
4742 17
56443 71519 93082 96223 13207 45484 10573 19146 1743 31598 40125 79458 80334 31916 8825 22189 87984 
2420 16
54207 60394 26002 36363 8959 43244 2065 77362 83141 12151 36974 947 25735 514 23039 19240 
1155 19
23425 23384 27169 55144 84432 11764 25553 64607 85574 43248 81625 65851 96634 99590 95713 95111 81703 33453 10736 
8642 18
57282 55907 35326 73628 24376 84091 94145 6597 13987 87733 74503 26421 79253 62339 18130 51920 19957 99333 
4249 18
5611 75473 90327 6210 51192 68534 94165 15738 52494 64367 96921 9875 46597 24224 7822 66451 40295 82735 
5381 11
88 48757 45044 31958 27804 22398 35827 42487 44381 87277 46857 
3938 11
83826 75092 43547 68684 20791 92820 70893 38662 16110 59885 37595 
2041 13
44401 28914 77674 39970 63024 48517 16773 43373 39835 12014 72996 68467 47884 
299 15
29974 46137 32931 29379 95404 37808 4108 53738 47729 91203 20587 40870 28726 67473 2456 
1099 19
74087 3027 1075 4067 87950 9047 85532 36520 68919 45774 9996 74838 67660 89199 429 81056 46920 36492 36238 
5030 20
36814 35724 8186 66633 1763 82133 53718 90423 10444 57136 30735 36144 52071 42899 99897 98456 19728 44278 63887 43874 
2161 13
85231 60933 8541 77726 35535 42313 79403 33316 54735 11177 27813 90603 29731 
5804 17
94485 99751 90819 91571 51893 4467 68128 41712 8105 22763 48473 62136 8102 62289 5917 30618 34521 
5104 10
61992 89429 26058 78500 15796 37333 88839 83748 75484 64858 
3563 14
35721 5529 81304 87316 73155 85641 19687 27597 6613 62942 17780 44409 81911 49711 
4536 11
52835 39683 68234 47878 12889 97767 96431 25582 38760 43032 28141 
5407 17
63098 72959 78001 76834 67110 33946 85180 58201 79123 8026 86947 52049 83628 97128 34931 65613 78432 
1521 10
22701 91929 33311 67054 25408 13049 73574 16704 26915 34218 
8805 16
69780 68368 50517 28122 17231 63022 92117 21071 73675 53434 45669 82294 188 17632 65357 28782 
2384 17
83871 89392 74373 92352 32593 28226 75040 15032 65527 44035 34763 40514 6258 40138 66377 47168 52570 
8254 16
71939 13658 18461 67518 12813 51557 21884 88947 59811 42451 99576 82031 81783 10821 494 31572 
9553 20
86467 60561 22616 44997 10375 33033 42722 21529 87340 15090 73449 95899 66104 22578 84565 78814 64309 81772 45017 323 
1154 20
76263 89411 4517 21593 94666 38244 68390 82830 33886 87964 22384 93107 44725 33249 28816 45281 78403 13341 36558 10939 
1617 14
77589 59984 29324 3912 28758 2333 90550 29606 91605 26184 19774 91056 47934 70432 
3967 15
45867 5029 98150 3934 81836 65345 82439 78523 89256 37267 58643 16002 78743 37839 9551 
198 12
36870 79943 11316 19029 46140 9872 42091 40934 37953 86139 64023 38878 
8617 13
27336 12078 70208 80572 65001 56222 27070 53656 58113 96366 24555 73616 62826 
