451
945 16
70182 59483 64662 61938 33554 99617 54232 15560 17173 33302 62066 79334 73256 19221 46515 92601 
1588 19
51817 62772 12455 73895 27446 6186 64328 38411 81941 98187 13277 79345 48737 96807 45472 24869 28684 31691 59422 
9641 15
95066 91498 13853 90634 39752 56583 85065 52231 46240 77591 91071 79482 78078 22138 79147 
992 16
88866 78950 59591 64705 87036 34783 81467 85969 58804 61062 97559 96724 15834 72826 98770 99374 
3720 17
70147 39381 46806 19264 60814 32015 63846 94835 35343 11291 84943 31747 47043 85826 48745 73304 41114 
9486 17
77993 25214 29781 88324 29916 88042 144 96171 85828 42294 1142 3667 13021 47863 25217 50136 81616 
426 11
48728 5242 69733 49744 6427 63707 89569 34598 47318 98210 44266 
2657 19
12476 24266 47663 66936 60851 70935 67057 20372 29608 68893 46433 83921 86839 36709 69036 14268 32792 86153 42175 
8314 12
56962 8642 63791 26183 3608 2974 49592 15104 41770 68776 41045 13404 
3216 11
81216 74598 74588 70762 20333 21563 14944 79179 9436 72361 66583 
1653 18
37098 38343 94606 23427 57035 29400 96842 94978 91818 93600 28095 28629 53375 28621 32573 13447 98634 85842 
6703 18
67282 89846 32929 30202 29709 83569 57248 33157 76730 38507 3664 46357 34605 167 41312 65934 34060 34923 
6644 20
89990 62465 5281 47332 52990 87633 79918 60249 35676 34217 91504 2164 10816 32722 59710 43182 39066 67532 73905 34688 
4439 18
6785 40174 54368 72389 91600 10386 75771 75100 20796 39744 13903 11204 24579 65954 42593 99588 30114 9881 
3548 11
40089 7620 43615 85798 98495 18494 15037 49240 69461 72581 62046 
177 18
56212 95196 74013 35086 79625 32108 58466 68856 24856 38787 859 58838 63728 41033 86060 56541 45612 722 
2945 17
8283 99690 45203 95867 28797 29842 63017 2191 47163 56588 8854 93809 88885 29124 4057 63941 65445 
2998 19
3616 16572 31009 41318 13822 95424 71448 88364 26160 31381 12141 94677 54540 1070 42006 59790 14986 26729 87616 
9720 19
16111 25884 33347 70879 73585 96957 81285 78428 96415 21247 42978 91104 30377 6806 57160 11298 99676 31174 10059 
4046 19
47550 61947 55001 45505 83754 25200 21386 34800 63367 49922 99007 80920 9968 93155 5601 69492 37364 64874 48110 
9098 13
53987 96226 87804 7316 92016 39943 54954 58942 73988 50533 32864 56028 86068 
1559 13
48838 83093 90715 51878 52328 13735 44809 57844 91615 49428 21448 94008 32310 
4352 15
13104 62049 61234 93031 51138 38300 55898 16497 60779 48750 1356 94027 40492 41480 11737 
2047 19
31450 16869 65400 85450 16253 81296 28650 75276 7932 37522 5708 956 80520 75223 44463 19298 94556 29083 10296 
7987 12
54411 25794 19943 77014 83873 25691 7106 9875 44951 17843 22739 10682 
9143 18
49178 60772 25932 45158 48011 85265 88929 13122 91287 57260 52799 66006 96999 88337 40948 67560 69322 42356 
5311 19
88308 47594 27 85283 73422 52285 82953 37385 75001 71301 41168 81510 56186 66267 5980 26765 40337 31674 76763 
7497 16
69808 99083 90886 9135 57043 50765 74228 27131 62274 92768 53105 22867 71391 14803 7073 36818 
2441 12
98583 31978 42861 85032 1614 7980 77784 67063 60683 84037 43085 26290 
3399 16
28034 35814 10465 74295 82928 40973 31740 64165 36676 37944 48438 35323 19469 22569 61191 76703 
7644 17
43396 26476 71355 59212 89347 97054 43063 69898 62560 11830 22370 79845 7510 86800 37473 51970 14114 
8056 13
31110 63827 35890 3561 75487 45770 24457 19817 87430 34361 17128 96476 28167 
3148 15
36813 23400 48541 32967 20102 41864 87563 95340 21022 69943 87166 23660 47631 71769 63389 
4924 18
92541 59614 93078 48782 56151 13354 87012 66749 44645 21951 44115 66609 99110 59889 33792 66797 71417 6532 
2778 16
53630 5212 64301 10732 12271 6688 13424 95289 7237 11107 75312 92159 5981 61039 66600 95839 
3669 20
54259 11241 97163 95962 53370 77614 60663 53456 62356 55887 85620 90677 69338 48295 60418 34114 21581 60279 74906 2511 
2119 16
95209 45675 12283 84550 27592 88212 23288 47154 40627 39745 4940 76818 93238 34485 10162 59456 
1557 17
3194 79620 23157 2858 11168 5566 64895 5543 85028 49134 8127 13668 60485 657 24504 69284 23294 
8530 20
11503 81373 87719 5892 26138 53582 59089 88957 32631 2304 20859 16064 42760 19448 98024 99723 22968 96213 27044 82458 
721 18
27310 51798 41242 84289 62013 62111 38674 31835 42644 51559 92272 81342 40463 73021 77425 62078 98272 42809 
2317 15
20878 87402 65696 82056 38890 66434 85883 10806 70890 41224 32673 75328 15438 60074 61382 
5805 13
750 60441 10948 44922 26733 42579 11382 89107 38167 17515 42416 17082 70432 
9255 14
80757 17705 54473 12490 14871 40739 1875 29485 19731 33025 69499 87929 10121 82545 
8234 11
49313 83977 51797 97834 90748 16907 6252 47939 6881 88460 5839 
2123 17
85609 51924 84055 39376 68382 73898 32089 62090 15956 75107 39169 49792 92894 230 82833 85395 24924 
8384 20
29310 76168 27699 71023 90223 79781 84313 24067 67329 15212 84933 67804 45614 54344 4986 37923 69826 34713 81966 89482 
4490 18
58202 71337 81386 16060 70238 83630 44635 62514 77937 19038 95526 49258 94608 73041 39788 88257 73008 6041 
5730 16
24823 17026 97370 15805 99539 7350 37474 63395 21283 34036 97162 5509 67271 69449 91283 51948 
2609 11
50274 8162 61940 3199 73286 68840 1128 63097 6541 87964 27499 
1789 12
69302 77689 77289 39740 20399 97752 84132 88868 30775 79708 20616 13792 
3551 12
47959 5265 23620 47081 37158 16328 64396 87850 87926 38775 44827 78618 
2943 20
89074 42824 10040 34734 14627 36728 35038 19155 56395 38998 44522 11954 4916 61497 68429 56722 68857 48077 8051 90985 
5392 13
46929 67987 59234 84161 68698 43071 91267 24569 37044 94717 10142 25586 80471 
3792 13
75482 9826 52065 47166 8578 32753 82939 92435 66718 98249 1767 52854 1063 
4892 14
11386 41906 67902 67747 84002 27342 91660 53588 42322 99600 92278 62575 23298 50779 
4170 18
24690 78045 62164 13380 21707 9654 8546 56800 84045 22287 3723 52006 39584 83717 62841 1918 80354 61321 
9495 19
34280 33612 1546 67775 44947 26233 92464 6354 32368 46737 3070 61584 27625 89765 26773 15760 76613 44840 57042 
2863 10
58684 99870 11046 70638 855 51663 30562 95997 19056 72313 
8696 20
35619 45104 44776 86267 17085 89554 3876 87902 38304 24855 77630 82092 78115 2284 82577 94634 66416 42488 5076 65791 
5707 18
77110 55450 94206 85162 73003 64178 76052 46879 82908 45800 24447 88993 1421 29307 52522 69918 49598 10591 
8005 19
66483 43568 69565 63014 54867 7518 80374 38757 58998 22715 2171 98798 11769 59779 50403 63729 75201 44049 71358 
4297 19
41818 40293 7838 40342 71757 77693 28652 25838 75660 8519 10514 85081 19612 81533 55765 596 50128 35826 5924 
1190 14
9943 6466 34190 7770 73587 43065 33861 6672 98172 87194 35876 97860 34081 27675 
6137 15
49339 2745 93606 20860 29301 94337 87126 39948 84257 6511 11968 74131 53930 73726 30085 
6995 19
65061 69744 28301 95925 7997 82356 31004 79584 44045 59001 88527 91388 64793 19352 61402 36061 59224 31952 10252 
2590 20
59603 58315 54953 97615 34053 43951 70859 83513 78111 45635 29997 37688 5742 48875 24522 45069 66541 90452 42927 81087 
5525 17
28392 73677 985 25763 3297 53555 93457 9905 2694 75965 60775 37553 72008 77308 51593 64360 91800 
8008 18
71377 50829 23597 61943 33914 37017 35381 18070 78600 3839 38386 93520 86370 765 69382 47538 78634 69813 
6161 12
35688 67731 92158 29286 87525 99286 38435 60767 59990 26318 24389 81974 
9279 11
24532 91244 899 8995 76171 6564 83034 9652 44752 89798 7327 
3526 17
69986 11688 31730 23684 58112 4962 88159 55524 11525 98517 35922 74056 92743 76640 55256 41057 18404 
5435 19
97445 24221 22701 85874 30328 16009 85226 23268 67614 41532 15418 98668 86145 2385 24049 69441 62933 53740 13815 
1910 16
75890 32105 38706 10968 90245 17618 11762 90311 71281 40637 48246 83784 77121 44994 88359 4959 
8171 14
37206 35658 65199 57868 64802 628 64612 61228 14004 19835 88172 9941 26025 62765 
1201 20
78818 16196 58677 48464 28933 91106 33588 99331 63192 4850 34078 8851 93111 8585 6471 84256 26759 66837 33482 99899 
2243 14
44302 85118 6933 47617 74118 39539 8639 68084 12065 29146 45066 82539 1126 40624 
8390 20
70232 32568 42303 48266 60519 49743 87760 1030 90866 56049 52167 83316 17788 27709 65036 18962 9561 93150 90497 44742 
6550 19
94970 97138 10051 35700 31067 49892 65313 11530 97857 7958 93066 63103 12759 33058 80912 57286 85050 57527 16395 
1045 20
17105 25087 20595 95978 77344 63622 90560 21886 41485 54028 20566 44114 43439 87873 56316 91949 29992 39892 38313 49560 
9748 15
38008 60608 84258 99689 60313 4737 27627 44145 99759 42285 43852 31566 22155 38506 16366 
92 10
73669 87154 33545 20672 9131 37274 57354 42710 23932 76538 
3730 9
53438 71144 68549 12766 87049 77932 40837 86078 54628 
3609 18
29244 17561 60040 7937 78978 55659 6690 273 35257 94112 19745 33045 10344 25198 33616 41244 41608 50417 
1296 11
80466 19174 88340 88752 28937 9005 26826 95303 84642 45191 95991 
2346 10
90784 22001 38852 62638 23022 5214 75265 33916 90132 2355 
2942 14
98932 81564 73004 90045 19722 39100 23015 82493 25245 86813 6497 62440 54930 5417 
6387 13
85082 10865 78762 65040 98934 96352 36080 96160 47331 16104 15951 29687 24505 
4554 14
44023 11512 64665 92111 6415 77214 67029 35882 56870 16029 81379 8078 15049 67940 
7841 19
53855 51679 13603 47100 18316 24318 59880 91832 29602 29245 38953 73346 48987 34294 17413 32406 72893 40280 92195 
7438 20
92491 76815 43162 1137 35463 42865 51686 50938 85581 86426 68645 50115 74677 29776 82920 7093 59314 89848 39760 60101 
5771 19
86501 33122 1209 28069 24242 99914 72219 64988 59863 66534 3612 93974 75809 79899 54432 93188 49265 33987 61655 
8791 18
77912 7524 86695 7772 91907 68515 10195 32205 58323 55805 40812 99958 73654 5851 95022 67079 27407 89708 
7085 19
1085 28941 59008 74389 18032 22645 90552 18898 69414 49080 29796 177 58960 69555 11216 92421 65478 32294 45590 
1515 14
74559 61927 54137 42788 64359 25660 35100 77174 81455 86824 82275 17660 36317 3235 
1743 20
65475 29366 24269 20821 94296 50750 23621 23004 11480 12591 89597 50948 87627 76602 9692 68503 34912 12481 80002 24247 
3459 20
33307 1678 87515 77920 8575 57400 24874 17120 22522 25755 87562 75515 71217 55157 65964 10876 12206 53358 28136 97886 
209 17
60658 75416 38726 54832 89752 19526 36786 9672 47957 52117 81360 91281 21104 19323 82894 38465 61380 
7018 12
2049 67834 58541 74101 55447 36732 80157 59977 20816 27164 83927 28581 
4350 20
21419 22032 92255 69962 47931 37207 11799 4891 47900 24984 42829 63922 10101 4595 461 63488 11263 65685 74566 19095 
5345 19
860 89116 97852 15602 94530 98257 32964 24450 62392 72349 11138 17624 31374 36536 95436 90912 13629 30131 56301 
7327 17
97546 91198 10089 2444 91892 66385 50738 80916 62968 5377 72011 85856 7209 89861 69788 23059 56397 
1670 20
93037 3093 23129 68278 68239 9793 63980 38845 51718 56610 2236 1764 16775 74694 7834 68138 71716 3253 76288 4625 
5970 20
80688 72150 89427 9378 99293 56309 80479 19756 1606 75568 1673 84228 12873 7717 46606 4283 23151 79238 30275 36938 
1716 10
45326 32760 79815 44812 1503 39092 33483 47678 34480 86604 
9985 19
5474 86708 18118 352 81477 35989 4521 95315 81469 46976 43277 39791 57997 13262 94829 27065 44342 31641 71651 
2868 17
97267 93229 13782 28241 26426 62894 50956 14901 82584 77889 13959 58064 64559 74618 68021 16062 97707 
6220 15
13307 3377 32398 77942 2230 59045 45900 57233 87369 70713 21003 68385 85771 25879 88082 
9045 17
13713 20061 81167 86487 43068 62787 19468 19059 21167 54030 45335 21723 37302 69232 78288 82414 41506 
1830 15
36419 38070 23345 20012 67032 5094 11193 19379 99555 49157 84167 35453 11233 36071 26905 
2111 14
29311 8110 26952 60105 43759 41618 6653 47961 10258 38453 6578 5996 60359 88323 
3737 16
43158 47737 85327 59688 21489 49181 88312 12565 21407 70424 43515 34756 68991 84845 12217 59149 
4367 16
21917 17724 83811 27337 8973 83027 16329 55056 17410 44992 69318 72896 65627 92503 87161 62775 
4102 16
30342 6848 38109 6335 39896 54893 37201 1090 96156 98481 40383 34801 19882 50612 55522 61888 
8522 15
17286 18228 77427 47135 47679 69732 93729 19716 42883 83545 28243 38803 6607 48633 87599 
4988 18
16906 38009 49700 51197 11200 28523 11922 5799 61986 30035 29791 50618 35058 20568 93955 64253 65045 65671 
3437 9
33324 34182 77581 68876 28689 60974 40649 27826 95139 
124 18
24621 61355 24050 73992 27245 14060 85089 95809 42217 1761 15639 22781 19998 50535 14797 15396 98554 59965 
7914 14
57089 74671 81934 97637 1456 96940 44292 66882 49133 46977 74167 16138 59744 21151 
3868 15
35657 15235 78867 15483 8246 20585 93556 71860 77797 48204 36551 14853 79373 45565 38492 
3520 17
17340 84153 15055 62718 25285 15549 93530 54409 58047 64111 77097 8184 15673 42699 98266 51922 82462 
9366 20
75178 85910 82205 34693 73429 37545 12622 47150 23953 84561 39384 12263 7149 67766 27851 19637 60575 12057 77684 29358 
9392 14
41583 92031 60152 16853 14097 93839 50804 15826 4218 94867 61886 35946 95834 12125 
3440 17
77476 83042 88074 65474 19939 28725 47712 10485 63247 20532 5139 69032 40327 59413 49787 86890 70416 
2006 13
94498 96323 16873 36998 3964 20664 88446 79411 27157 42790 96719 75657 42447 
4871 20
920 12492 79041 29616 52743 42134 10014 2030 11543 55914 58146 68337 17652 50357 83073 18945 98377 17164 66996 72701 
2469 9
60170 1645 27590 87765 57522 9735 97430 67973 87022 
7166 13
43444 35811 20255 99387 98138 86148 74754 49505 99442 60913 59221 58833 60261 
5339 18
74857 8649 63380 97317 93773 61805 72427 57668 56296 82022 11166 58639 40789 57166 68007 42866 21895 58878 
1331 15
69820 69818 38127 59676 12924 25333 72124 53581 3541 86946 81015 31281 36055 59974 82656 
8626 19
90155 1598 30495 65461 2981 16719 79842 80601 38393 44305 35809 92368 47834 39454 42397 58663 31604 72696 64830 
1283 18
78912 89194 18163 45905 65797 29280 99157 21454 30634 38825 18667 43971 61184 34956 96458 87663 50561 9751 
6636 15
42641 997 71874 5454 54092 97223 34089 1816 60066 95361 75695 47875 47982 88953 32592 
5390 20
1629 26973 91957 41659 46059 96555 76674 98409 37734 9937 80485 5053 65140 61675 83944 32506 75021 41223 6763 41258 
9951 19
30746 79279 23612 51430 44718 29724 93979 49895 98805 30497 64155 77165 50703 15113 59129 75166 50730 6896 83863 
5565 19
4315 56005 51182 79310 77462 5639 91866 72878 48934 68023 95217 14332 3209 64592 29798 66873 70688 39586 70730 
6160 19
88124 42223 6857 58977 95690 77372 37344 92697 91220 97478 74843 61955 93960 49224 2481 45193 36114 15317 49541 
9060 19
17460 91847 85768 78524 75184 15588 58438 32288 49125 82115 73534 30539 2832 39421 51498 28418 47744 3631 21954 
8648 17
33752 82906 10856 80463 5890 5663 70053 31855 85459 81295 22446 92903 41666 55376 40446 25704 15391 
5847 10
64299 22096 72568 9141 22601 17810 75122 21172 7677 13962 
3381 20
63875 93871 80007 8431 72338 44594 6248 89081 71502 41724 11664 64125 26453 8244 50818 83773 66851 30818 98928 33978 
1349 19
28366 22375 94002 45850 11511 19353 74174 82237 75381 17539 56202 42110 32056 50069 8164 86640 63894 44508 75694 
6129 11
76567 10774 18743 21030 92605 85677 14224 43174 88971 65399 95606 
3852 16
77060 38591 83839 58777 48069 187 72242 77869 53683 15380 60599 40172 78232 30191 74830 9965 
1147 14
69938 45329 17399 65427 5415 93125 78191 51658 64382 91386 61399 15800 5677 4463 
9413 17
78612 127 9212 87152 21171 77867 56866 41002 70530 98988 49797 49055 37757 8928 41591 43304 77804 
4154 13
2105 3619 50924 26091 32941 51548 816 66068 1117 59035 63752 35994 89968 
6376 17
59318 98150 42351 22087 1766 35278 90647 18011 13501 37855 30201 48362 76000 85245 64170 13562 18111 
2303 13
43320 93759 25377 58330 39150 48992 4646 36755 22170 79109 3471 38347 95561 
3347 15
67037 18047 27081 63909 73956 39798 79488 46296 42963 86885 58386 88907 73455 63417 56624 
5219 16
22188 22397 30980 48243 90846 11650 65749 94762 15058 27426 2318 89641 4727 50308 86054 68110 
1485 19
50290 45290 63188 17274 91393 47028 68201 68523 1268 74662 18868 76026 22952 56084 4679 33775 9283 87854 55995 
1949 20
24096 18968 71256 82966 98832 52845 2883 63589 5658 7767 96757 99572 99686 77607 75188 21318 29512 46254 41367 1416 
2075 18
24782 49072 68423 92693 1448 18433 18122 39879 70852 86288 50393 41424 87118 99139 69430 39111 4859 38228 
6772 13
95671 19919 86445 24112 75938 62509 23500 45113 88834 90050 95512 46842 68161 
5966 15
49097 54755 19845 83074 13419 31161 68638 84774 24337 44632 87237 52220 27856 71086 32717 
1133 20
89093 48670 67618 35861 41188 21741 20708 87020 41625 20269 4635 80544 50898 23940 6023 84375 23045 24559 22869 28103 
5004 19
96186 53664 51653 32490 65349 74537 40858 39906 38384 53627 96537 84876 10775 10850 15959 18373 33012 4925 2408 
440 20
97381 92904 22116 75875 72845 65068 51407 17196 14865 96386 81887 22669 22051 52863 29751 90229 52208 64025 88277 98786 
6794 11
58079 64947 20271 22895 94962 60555 13622 61900 3069 23957 60680 
5359 18
55531 5507 8826 61219 45252 56246 30436 840 51847 85388 65739 31242 64180 65897 70556 84234 65541 42009 
4480 17
50994 64869 77628 34933 85535 75179 89707 78302 60374 73664 55596 86208 68225 82241 65132 20847 12704 
9616 11
86840 1692 17570 99815 1364 75156 7556 16417 41559 78190 26504 
2295 20
92423 86721 39973 53545 42630 72977 57390 77952 94482 65724 32922 98602 99188 98839 22146 58739 17887 70899 7720 12395 
3428 19
612 47401 28439 69864 36727 51354 44929 88298 49856 49358 71379 56796 53296 25787 94797 87468 63123 39161 61709 
4686 16
13138 24193 54065 51959 74023 42153 57526 18398 66433 1752 81973 72311 78846 9112 15476 73375 
5459 20
74593 8289 76319 36297 56292 7251 36989 71312 25424 46840 69708 39300 74022 98948 15186 62777 28672 32933 95151 1242 
2459 18
44746 38665 51707 27741 14032 81630 72442 42354 44253 94637 59090 5868 80547 48660 74739 52565 42887 4876 
3761 19
11607 51684 32960 63048 9296 97569 41286 36152 58738 39340 55676 68579 6914 69288 68646 55714 88316 89142 95687 
8758 17
13373 66675 45583 57507 17985 77120 18403 74958 51760 95727 5445 88026 60299 49244 24925 68057 36492 
6386 10
11094 19711 2109 49757 67054 59511 71764 17594 22813 9874 
195 16
20739 36881 78402 78174 27035 69838 14697 40808 60511 12114 78693 53204 78761 73457 43280 17296 
6330 14
52309 27328 80921 78765 16610 58730 10959 27979 28898 2361 30262 5528 73012 95250 
6115 19
63877 83165 74708 46716 63246 1292 68866 8724 77082 28690 31377 25374 87223 30659 20120 15175 37543 61183 7852 
906 11
60103 51287 44052 11604 24241 36627 87150 2770 75208 73612 46263 
8233 13
74651 34438 94539 29526 29074 80454 64706 58218 56765 68056 89099 53464 8745 
4123 15
19019 99544 66972 30794 78759 43559 54492 61604 9437 3914 69675 45971 62484 91232 6802 
9467 19
39303 66786 53328 6583 9160 51019 39592 96825 90682 16008 71187 91860 96722 86572 24454 45658 56654 25834 20302 
3877 12
56436 96445 78695 10917 99715 99109 63049 51413 73025 49300 93138 71269 
5601 19
50240 26618 40029 91438 1181 70164 32428 45036 20397 88908 54351 77880 11706 9435 30480 52066 77149 38077 61706 
3575 19
43838 12450 3658 45751 91824 417 87913 66158 141 26319 47007 18291 9800 25939 13730 41173 25555 90036 23965 
6805 18
8175 5852 63182 87313 12103 12320 4740 21120 83178 49444 72651 83935 7080 96088 51279 85071 20240 59020 
2737 18
1780 35484 13839 78710 64827 77444 89450 43703 40330 46156 3905 80130 33748 31512 9560 3325 25708 78758 
5804 17
94485 99751 90819 91571 51893 4467 68128 41712 8105 22763 48473 62136 8102 62289 5917 30618 34521 
2896 11
42501 58976 36710 35488 14999 17438 12402 44614 79881 89995 69580 
8899 14
67891 28773 89431 2263 38646 82768 82835 63742 14388 55972 26687 76344 77460 92580 
8839 19
73517 93992 13780 11548 81713 62467 17418 61444 25692 80409 4964 15830 66404 30601 79479 48420 24954 25978 76776 
9257 12
78720 46564 63811 33540 81248 31363 78962 86722 17126 82940 60741 44352 
5248 17
28704 90154 30599 19648 48449 42609 70553 64097 88536 25636 40646 59494 422 25466 77677 83547 93011 
7244 12
62868 80522 66310 20970 52365 61159 73094 56174 10595 22012 68072 48087 
2537 13
51082 16092 83929 67715 93270 41602 64285 95777 84262 29581 27730 46571 91004 
2077 16
10651 86087 53476 74543 29490 5854 82929 44966 41373 96793 85048 24113 60135 68194 24391 48777 
1915 12
41270 38654 15968 76080 42436 53905 28859 80609 17522 22528 88549 24537 
5561 18
78902 86943 89336 22333 83556 56036 45745 16694 95691 22956 46088 19769 60024 62957 63862 77839 88233 66602 
9564 16
78145 39193 32607 38194 65091 4400 3879 47827 56167 77329 94564 87438 92259 89514 36491 69604 
1945 15
30273 18607 23955 67396 74245 2983 6908 86138 40815 93490 48513 15608 19506 48282 90005 
4193 12
82470 16068 8596 51587 29869 52011 58278 97482 99564 34675 49397 24403 
4951 20
60464 83976 54317 96872 60946 68640 17168 17051 47056 80866 4648 94786 99435 84586 28703 9077 81802 97325 58531 79988 
5724 18
83428 63547 24578 72830 21401 8025 43701 12844 3319 16663 89956 53478 4331 91251 9003 93722 19536 64761 
417 20
1989 6910 94957 53611 54617 35858 275 15324 96586 66048 10368 24763 99685 93582 60189 47041 23860 42052 67351 95889 
497 19
2245 40653 8132 59708 46498 3046 79292 40055 24070 29929 49529 84593 9524 11399 4623 8779 68662 29094 6820 
908 17
10315 6822 40632 79850 4979 70282 18170 20747 46361 53434 14943 95210 91148 69632 30744 95934 58626 
53 11
19871 45897 2478 60488 1061 70968 67042 56156 61098 42293 27198 
5539 11
67839 20015 817 19520 11955 33934 19694 47385 2348 7802 19210 
9917 11
89780 32467 77235 59759 76395 27128 26075 60850 63004 66164 1228 
462 16
11995 88288 65678 36094 36722 92412 96865 12322 82077 31505 72407 29109 84319 76817 73681 45164 
5851 20
8445 79965 3982 23556 21720 87530 56563 30381 12513 17291 95728 45502 85653 3163 21555 35601 99002 21719 50129 16980 
4758 19
41803 61417 26076 4552 94218 63986 71749 2686 74497 91216 47525 54287 2051 92408 33654 24709 23928 99010 84347 
414 20
58203 57632 134 4391 35170 30257 13209 3857 11876 12491 43849 47195 82540 55000 67594 72431 98692 78367 75477 61099 
6715 18
35878 70288 49510 96008 9544 69349 94724 95314 3598 68116 34769 21077 98111 26822 67956 75926 92033 1147 
2919 18
66105 2194 92778 54171 36953 45296 26334 37464 81202 22402 832 36354 22673 86866 41339 35907 43217 43173 
9095 14
75822 3621 72812 18313 37934 86290 12473 93109 49484 14246 17192 86613 92928 20395 
7358 19
8226 6016 41726 81897 46729 65508 65619 36550 63957 45114 59605 34271 81543 46203 30585 67570 34122 51487 88944 
5523 18
74547 82572 37009 89131 33580 80571 36834 40020 44354 48363 65454 67081 31078 64293 17531 95018 31675 18711 
3818 18
40684 36133 82884 77664 85029 68854 88240 84791 21513 24980 63719 30574 75954 98521 37897 825 96670 55017 
6312 17
20224 37799 86980 63342 14634 68087 71171 92406 66745 45646 77223 1036 73201 33896 90450 85982 31804 
5883 18
36814 68537 30065 87478 39790 85585 31854 46693 52764 4846 84184 64138 83191 7641 16870 43798 97060 5749 
7178 17
73537 92943 28205 6418 7190 60660 70644 43564 932 22269 84338 53133 52879 49819 91401 98044 84549 
7158 16
40639 2849 27371 22878 37513 61394 14926 28227 13724 74952 46217 60655 92938 31955 34980 78097 
9558 12
37640 39989 99470 44328 16982 73770 28015 80495 72902 60053 44205 7981 
2353 19
71480 96666 55753 78158 62932 80953 2684 92773 61030 70212 38373 16219 29772 19922 62387 32040 50352 24916 50336 
350 12
63551 16689 4757 28363 2565 10810 43238 77936 8204 39345 55647 34408 
6588 19
60125 88210 19537 75995 48982 50826 49067 50809 7618 42352 66794 98341 1988 82960 38766 2159 75758 37636 36766 
650 13
88226 4701 26135 68353 59551 78483 68345 60100 18275 44740 61008 33694 78383 
873 20
99080 52468 26751 7037 40448 74897 70023 82000 35992 69268 58891 20673 55579 75970 92375 74841 51555 72629 79035 18274 
4172 20
93456 37227 73170 61291 64796 25870 89841 1809 375 34144 9431 24224 24564 76277 81230 67135 95094 87093 11279 76947 
4138 19
7028 92204 45568 17444 74424 68663 55497 97831 57207 16048 41421 45495 34073 96595 37046 67693 59332 57000 6958 
9855 20
60258 74200 83257 45533 55738 34698 84226 89198 14014 94033 64392 21342 79077 31629 2999 56073 18568 51479 24583 69233 
2021 19
1843 27794 71286 50373 37252 78156 81421 71534 35269 23418 32198 37960 74288 59167 51017 34561 78468 12950 64069 
5639 19
83004 98037 9399 37394 54255 40505 56052 35423 36910 48368 80119 47904 3492 93994 10915 5820 18113 6993 24597 
7109 12
45434 70573 77015 39073 16100 12577 28613 45524 34213 13185 44055 3094 
7290 12
40944 70151 44016 82550 44059 33845 55529 29914 25441 82954 91738 12415 
566 11
96741 86245 27112 23553 45480 74502 43750 13108 70979 76305 2530 
1970 11
30317 80411 49785 13325 60718 92429 35806 71777 60864 22341 17137 
3980 14
2615 65633 52618 20536 33290 63221 16083 52707 39605 79614 36523 88792 68260 52905 
1476 17
47921 36162 67602 57158 72019 80283 96318 81097 86219 75901 67690 71712 97603 1961 97715 19419 62389 
486 20
97830 4790 62384 35600 70433 92872 57487 16438 74082 1886 17824 92546 21153 32434 30785 80033 28477 78122 77753 31791 
7312 17
50617 49967 44421 62565 24747 61924 94242 12197 88202 28791 58254 39265 61897 33892 27440 23031 18369 
6468 19
33024 70998 45359 52653 12308 38772 39842 6743 5418 29476 93445 60710 84678 2730 85490 43956 15038 81275 68680 
3525 17
60690 22992 53202 39839 33222 26248 28338 90138 9648 72796 5122 89782 54655 97816 80204 11729 99793 
773 16
3825 67720 54515 28987 18233 88055 28834 71252 36649 79104 84196 44638 23164 91395 72112 76659 
9629 17
76914 33547 63036 87028 69054 51633 13258 29531 18160 50041 56195 88717 60819 1721 30591 37812 8705 
2899 18
23790 22960 76929 66185 97510 7636 89161 64415 28443 73507 33647 78020 37429 97387 43619 44661 2976 68108 
1134 19
97847 75431 25465 54712 98064 23881 74091 20869 56435 73491 4977 64372 30164 23150 92712 99114 86112 98053 58042 
5894 15
27799 20038 50391 30619 49159 98101 25561 91147 56697 12666 24329 17606 98384 19699 39078 
7549 15
648 4656 37229 62176 17558 95028 89760 20811 79810 63310 41028 95681 2117 25097 51077 
7272 11
63516 74972 7827 78535 51124 48394 96446 42746 14608 69286 60755 
3307 19
60928 23112 62701 61555 95164 3028 29291 80457 25869 44376 40813 53292 74641 43229 91693 19159 24629 68951 24765 
122 9
89613 22078 37843 98090 47800 78834 12344 13385 55902 
8892 18
50423 16582 93909 35005 16920 82536 89945 21527 71098 80208 67788 92227 28165 46819 4332 28879 57083 67031 
2138 11
20154 37049 4045 49068 59919 59528 76670 1663 43595 15015 25805 
1477 10
83228 23814 88028 30077 82227 51894 86310 32372 2477 71393 
6025 18
15234 6027 51664 69963 10318 83520 30227 22909 95640 59016 55115 73040 7756 60996 79770 57798 32999 22120 
4074 19
2184 22232 75565 60749 95481 92803 66165 33235 7282 15039 47160 87003 95431 39999 40629 87243 99133 31062 87114 
2608 19
17701 94767 70583 49034 37863 80164 11918 79658 63594 86940 54742 36745 34119 56123 36770 99212 54180 46504 54120 
2249 16
51140 60533 62091 135 78423 97907 81317 86150 17447 14930 67000 66924 70160 1105 17424 29095 
4277 14
1840 87780 43436 34590 5683 50526 59812 76239 93834 43504 46843 76576 99806 15890 
9772 16
45682 10161 77264 41179 10639 18994 71956 39849 1331 12919 34725 70656 95372 90925 20394 63725 
679 18
8937 76598 98826 5008 10728 38913 39950 5442 1380 63537 90947 91702 38440 56499 66304 28064 42288 93904 
3209 9
95036 74002 43918 8280 3336 54507 92047 13704 51094 
1602 16
2106 87254 5143 76023 2607 56743 51860 27394 54635 17549 16624 97744 29549 68467 22399 70015 
1432 14
44014 43667 71266 696 74840 39239 63003 84417 35888 4996 39998 26297 67751 1554 
7564 14
55770 80755 82152 41308 16994 20135 37631 31824 37330 17103 1101 13484 80929 15735 
3278 18
75990 95782 9949 18663 11085 12296 22202 28872 4580 71522 25744 84609 52502 63672 63482 11453 90031 64083 
1771 18
46295 78328 11951 47898 6637 96817 2411 9148 73579 95955 80587 59283 51819 98109 6126 66674 51469 93029 
4633 18
16590 73972 94199 77396 38658 20706 26653 1542 27747 16914 44404 78025 5107 48799 68795 55488 15868 542 
6897 17
56907 95402 83304 28038 71074 14860 3932 87937 54263 43423 14925 48793 75602 16476 73295 54084 37550 
1071 18
32627 95206 63642 6887 6476 40591 16958 95131 95444 51129 54740 71649 69803 58381 18563 37300 93264 15724 
381 16
83622 64923 41769 26995 75098 86835 13349 8747 17315 7 2754 40665 97925 23543 3837 78218 
3991 18
13418 76039 74394 60091 84748 965 19820 53412 20429 90156 47613 18276 89303 14661 49440 63001 46311 59533 
9775 15
63160 96993 79094 63112 74620 61448 40064 94834 58834 4152 7553 65172 75873 51106 10071 
9182 19
58359 90879 44973 30453 93808 70878 31401 74689 85098 37440 70696 53019 95891 83200 90723 69375 22630 52385 58196 
2882 12
16292 6626 34082 78934 24478 34255 48828 54090 7897 83698 130 65860 
7124 14
50099 54052 84187 80820 33815 78852 15534 15911 72194 63152 43774 47497 66112 11559 
2547 10
17057 36494 83237 62329 58155 53410 67038 43058 81240 7915 
6338 18
99700 12190 60792 87196 95615 14542 90076 24605 84191 50679 68607 73241 28228 45550 97460 85867 3993 87956 
9901 17
11348 92842 38805 67709 33061 27587 98098 63013 89925 22114 71267 24859 56066 48671 38101 3021 60223 
1973 18
28670 94800 27527 50348 37676 81346 89391 96683 14394 94537 65802 28074 24433 91268 68673 65534 5102 55929 
4705 16
37941 9691 19051 92431 71928 26982 33664 24661 95102 66365 29112 15961 28939 58350 46654 27498 
2394 18
47576 34607 94214 96142 36757 83514 1998 63799 25967 43263 95029 73569 6758 20575 12871 36193 9796 29201 
6063 20
54575 67622 67848 78200 9552 95598 41516 96428 79788 1266 85987 48962 51504 36058 66962 28199 5828 91877 9218 50947 
8917 13
32911 3456 38007 42526 18745 65614 10177 40941 61097 22365 60134 39083 6604 
864 14
36155 85496 61064 57554 57140 85184 35707 63204 53543 86125 65900 38488 77786 87362 
2126 19
91307 15433 24695 2994 83515 37437 39045 39158 5152 33272 46775 80042 18221 79908 75921 92653 6266 16653 14772 
6754 12
48874 16462 73946 69574 57188 6136 64971 54195 47046 9716 60674 38055 
9407 18
5807 14135 58220 8353 33637 93885 50095 71672 80715 78531 85512 44082 2595 29877 88019 14392 69183 83123 
7819 18
47416 71839 88097 42215 89224 58796 8183 21414 86747 20549 60221 53006 39170 32704 1367 37514 58040 85469 
47 14
40678 56843 73541 13740 13417 31594 98468 37406 88949 82166 2269 27863 75264 20888 
6054 9
4824 58795 69265 4114 19734 63110 15284 52082 61539 
6048 20
35364 31725 77095 32019 18223 64630 65518 77926 70842 34404 39826 91808 69800 55559 13555 98113 84940 56987 59051 22133 
7975 17
72722 24213 52789 61299 25559 98766 37579 3073 20873 40404 62832 9242 59175 69390 70037 5211 36179 
3134 18
34939 78031 35068 85767 57795 66699 51206 85527 76660 34373 24736 76719 79014 48041 56152 49408 57609 96407 
1140 16
84840 75455 93535 88515 21112 63640 2089 6225 32885 9961 8234 13356 96123 90425 88504 5908 
3755 17
28997 36632 89399 37715 93679 54060 89386 66021 69000 1719 93419 11814 98204 63749 6167 79379 84772 
2252 20
94128 20491 17897 48674 68416 43402 5275 98399 61904 98116 45813 45591 37181 66032 14864 12246 28909 54837 75086 6297 
6619 12
73595 96439 38534 31253 48818 11694 33183 99811 21025 56857 46796 5794 
5591 18
24683 83878 26456 97283 88136 52095 81217 99839 51549 61275 50450 88878 58858 39808 8994 91090 96137 69509 
3403 18
22864 81290 55851 49060 73174 92509 47208 9832 11753 20502 44693 7938 72494 81056 40289 69056 38481 27954 
7385 16
44551 54668 74005 46705 65501 17787 50767 66945 61559 11396 77059 36549 4489 34543 58472 90190 
8422 11
49918 27526 65703 70695 73609 1290 62578 17780 32319 71702 27225 
3944 11
31866 21773 39648 64848 31687 72868 71849 20268 340 45395 24737 
3334 18
70502 52459 66019 8390 3390 74193 78792 25209 1165 72123 87949 95596 9662 86180 28291 67012 49268 18424 
3716 13
26461 59923 18660 98119 91528 15012 97408 50237 74706 43632 13290 68078 12281 
3932 14
35609 76902 56522 59960 50601 80363 64017 70752 82149 49927 29211 2929 77422 40438 
5023 18
71227 57179 42712 75447 66078 8667 54788 85676 13803 72850 31201 82184 73933 50887 5825 90649 87136 44869 
1241 15
29536 35438 7283 31753 25953 22364 6017 32832 58465 38480 99029 90313 34500 47856 33262 
5357 15
30926 28226 86311 61566 49688 23666 61616 69433 2897 29070 41159 14299 41964 15395 86499 
3728 19
8126 78991 50122 75177 21239 64331 86509 88749 59471 15556 94062 513 83350 57715 23911 7220 62610 29770 5274 
973 13
91042 56535 18062 83999 67173 94639 50798 92793 46139 6862 92156 34780 64268 
1886 14
23337 32430 90527 69917 34381 99025 18501 24943 27423 56011 77196 19375 76267 16148 
5568 13
11989 65855 66563 40116 15721 70548 22644 11333 86322 83113 17432 45053 67294 
1634 14
75776 5282 36241 90605 69902 34392 18305 15323 87092 24468 48779 774 57740 42058 
1965 20
53425 59542 98994 84680 16874 41962 5083 80861 42917 8328 66213 68267 35886 9483 12248 68900 77409 12158 82661 84494 
9053 17
40703 71014 5886 1638 87880 16455 62941 99762 85879 60614 5280 47051 76721 89802 21702 55265 22199 
2339 16
95783 84827 69216 65811 86162 55998 93801 48621 82212 88562 13989 73062 98479 16402 63521 676 
7167 20
3379 32331 47408 68814 40069 14696 4329 13628 29985 68796 38461 32397 53254 66013 86626 11057 47604 54348 39117 36703 
2754 18
98693 4700 71756 52108 65435 63882 64367 86571 64840 60594 64036 51675 69218 81834 65303 35310 70011 47424 
4631 19
80045 80217 9577 49982 43970 98260 49649 66446 52408 56132 15196 40434 85608 80023 74390 6866 489 12505 63708 
6763 17
75245 31959 41581 36512 91995 77733 47378 91707 50751 40343 34547 84762 79299 33409 65348 39160 50338 
8923 13
19488 58545 59575 81985 43674 4086 73575 60193 62108 18916 52393 84962 51239 
3553 10
50288 34662 85269 64438 77845 10148 5665 17902 18201 56077 
2023 20
44072 19183 89505 14117 10811 4709 71120 68558 68773 25754 65288 65821 32472 29948 80121 3966 64230 17888 96004 16809 
3177 20
11779 77499 35387 53291 42259 8418 41280 3463 95748 36917 47795 72611 87898 3862 20571 70659 95194 6937 22071 61995 
8030 16
60307 91189 18596 76083 6319 83223 79695 31946 52283 885 46443 81967 63871 48613 65816 63007 
8177 19
86465 62193 37076 27778 18057 61129 12332 45970 34772 72882 12082 15824 87722 47292 19949 68303 41349 30779 42461 
3719 16
98025 81004 47367 34807 37449 80832 26483 7953 41713 74216 89283 90708 38987 23489 97039 94938 
1115 16
33992 25468 82814 64997 64888 58699 53591 51470 91108 16311 52045 54562 87517 78853 58771 63104 
3483 19
90279 42098 11010 87119 51336 82304 72828 94901 909 87024 94004 37523 30642 18848 91934 88637 38455 69536 1098 
333 18
14167 66077 85210 54340 26728 17375 77281 16094 98009 629 56452 42018 2253 22979 83552 66274 43130 56312 
8226 18
55921 97687 63151 39877 1389 80110 32452 91670 94548 39729 67199 23282 89734 64000 62583 32778 42020 1636 
5135 12
75852 27385 46599 54395 68961 61374 30807 93655 4271 57108 88404 27111 
1659 14
6279 53843 75181 66551 60276 19804 50300 56181 17025 42808 55938 76475 35568 43695 
2143 12
15678 17145 18889 34395 67372 79592 87144 21511 28330 86761 98833 21501 
9289 17
88158 42430 96965 15769 89524 58540 42525 39513 33486 83792 48269 50574 76433 23456 52242 16473 88780 
4565 12
80014 15531 60665 81541 7578 32652 78093 24392 2543 17133 63120 17691 
6001 16
73661 15542 9506 95049 18285 2465 51208 16340 23407 79879 79986 93593 50160 49955 68073 44179 
3187 15
71566 5128 65595 34225 63943 10888 49482 14513 98980 77951 68169 85785 33285 36991 95339 
399 12
5704 5660 36203 59660 55849 58319 86560 72616 44405 92949 16700 83483 
9724 10
72055 9593 52416 18668 24199 52985 90703 50861 89926 43882 
9161 12
28820 86004 22360 58675 49589 88825 43394 48675 27959 63463 59598 49010 
7589 14
1520 96151 92405 17742 59109 40015 30051 49422 59077 52556 76392 69507 25959 65959 
9829 18
56041 83501 86822 88487 64120 77453 20136 75869 3990 47730 21391 97558 32779 67231 11205 47315 51779 70861 
9513 13
16641 54653 60150 90335 5046 15369 19567 60200 87992 65730 28396 56349 83207 
9752 9
27133 97353 51247 3775 5944 43989 27738 55576 7306 
8867 15
15341 5920 93579 83095 23574 49907 53089 49632 99045 94820 23764 41007 53470 89004 33348 
3846 18
76649 67435 76291 8076 82743 46483 93944 71346 75070 21906 2396 22221 4354 63839 66810 32416 3956 46091 
9701 18
65966 27268 25174 1525 1052 8094 31395 15781 2818 68342 91110 62016 51074 72243 31118 8182 82937 86794 
3687 17
93701 65248 54714 96927 74749 2197 25684 6519 85582 53349 56976 75006 51423 26311 34308 47326 69156 
4112 17
572 27645 65305 35584 7423 49884 67144 30218 88453 95395 72854 20577 8516 8967 68058 46917 13957 
8124 17
24203 92010 91445 60124 17381 16017 73964 63901 96909 47515 64953 77569 74777 9262 42355 69653 93906 
1676 14
99340 97222 64768 71950 48718 80095 26087 76968 47734 63290 18676 14419 54584 84112 
7021 14
69638 66024 19902 71524 34954 71094 39880 84776 65056 14586 93967 58903 78444 86633 
7039 17
91512 77918 35573 42126 42519 36815 98041 27978 83474 50114 77076 85555 72967 76407 20064 27899 71440 
8591 16
31632 10379 50910 84079 55863 31112 79328 4367 30074 78446 94483 64419 60267 60237 49613 58214 
7491 18
32661 60681 24104 14389 29611 21049 39743 67568 89044 70505 75423 25513 39338 6316 43424 48935 8221 69142 
3603 12
70159 95523 33707 72677 67712 96036 42163 82781 62849 14421 92042 25899 
5125 15
47067 47374 13235 6127 7452 53166 6123 39133 12355 43510 96720 3210 35217 19544 40659 
8180 13
61325 28946 41992 78188 54818 52039 9612 2533 75155 65147 50585 98201 47789 
9204 16
63140 30909 97721 54110 41533 14911 60050 82570 77844 21536 27638 23565 94816 1827 15641 59900 
1348 17
19371 53262 13098 39422 90465 58518 6111 27379 41574 65834 10838 56091 90943 73329 9142 55706 81953 
509 17
19647 61410 67157 77423 36853 78675 16053 47478 61918 36366 26236 85925 13809 87846 28738 13862 15596 
657 9
39742 7188 35060 62073 18766 28948 42847 83887 56560 
6019 13
3442 46326 43052 59349 67443 16182 59119 55951 42718 62118 24539 55597 94406 
4227 12
16430 81144 56519 60649 18412 59775 2859 51099 61031 98396 89576 77741 
2986 13
14964 42996 94600 90172 9746 5536 75541 16598 18884 10776 36128 79125 6110 
2983 19
39829 31792 73794 28723 53431 27751 62853 81344 79861 71482 90998 34677 63288 96094 41909 63461 86792 22581 10748 
2655 18
57456 69053 78284 5767 89725 80016 90550 55319 79903 81355 33581 83632 64957 46808 68865 29910 84924 18033 
9460 12
2404 22338 72555 66906 87693 87181 10043 3868 19632 60724 27752 43007 
9566 9
52477 57624 65721 48216 76358 44518 85657 3302 41865 
3045 12
67923 68613 59391 34 56856 5849 49542 49107 602 62891 60553 39703 
868 18
71352 20414 52243 47902 44131 17941 98580 50525 50252 89428 42156 55200 38056 4267 19436 48775 26508 4022 
2732 13
98643 34513 60437 17453 48868 58308 55683 61549 12612 45352 30026 16158 32601 
1099 17
74087 3027 1075 4067 87950 9047 85532 36520 68919 45774 9996 74838 67660 89199 429 46920 36238 
3952 18
37235 82666 377 2183 52156 62125 89937 79806 41835 69110 23289 14085 6970 49523 9380 38080 61292 96668 
4278 14
72711 1017 60842 89993 71948 25418 25988 86558 71572 84134 4872 20348 54399 95136 
8685 17
71583 3450 61076 33628 57809 61070 52906 47882 82771 30281 2666 64522 67247 33880 32219 68793 67289 
5304 17
44386 60894 18112 94101 2187 61861 1640 58528 9574 37591 58849 82024 94930 13313 47103 5938 8012 
6669 18
59832 96915 3242 85781 83505 23109 99363 42918 67049 70627 38592 85615 76938 13095 35314 77258 1889 1901 
823 11
48365 26199 4444 79166 7067 50667 15779 34367 57307 47316 55022 
8873 17
48072 74413 79786 95808 68268 39483 41699 16774 12952 28930 10726 20192 14974 13408 39456 12894 95587 
7737 15
32276 83212 41993 14995 95552 91654 76706 46327 17918 77702 12538 99172 73796 62385 13038 
9314 18
54327 65037 54400 44861 63971 57195 25485 50171 73912 82974 80693 72816 76742 85817 30048 96133 30524 56072 
6416 18
92349 45119 10158 52550 57172 15413 5425 10699 20964 99308 16620 31915 66830 95684 56390 81253 47968 74318 
5834 12
16036 85337 23202 92918 88924 61818 67737 13840 79449 53594 96811 25399 
8617 13
27336 12078 70208 80572 65001 56222 27070 53656 58113 96366 24555 73616 62826 
2885 16
37712 5495 12986 85916 70927 43345 28873 68301 36342 72549 68465 16282 94554 69592 38549 75664 
3316 10
71855 5113 7725 32016 87574 52749 95620 78630 75904 8319 
5657 18
89115 21972 21905 98308 78482 63238 800 64581 50827 69904 75887 92380 18454 80503 67741 78988 33281 73480 
6215 18
17113 4949 29973 23386 11421 16553 94148 52762 4744 24129 2140 14576 56408 67089 94517 45216 49415 96662 
9406 17
5841 90664 38995 99727 50040 21811 37802 61802 21450 61376 61266 71155 99666 34427 4440 96098 99586 
5668 10
51313 78751 16157 50980 66577 60769 37264 64684 6203 41952 
9649 19
1461 16467 62142 99922 67071 86594 13009 36034 85401 95733 63443 48809 67332 57152 15674 63966 12753 78662 86372 
9092 11
70866 56179 39395 52279 14736 59636 33002 43902 61446 50047 14305 
7777 15
79701 14376 26636 93426 20705 59567 408 57641 90702 91120 58955 47567 64101 91346 36507 
115 9
76397 58775 15264 96238 99249 50746 55235 5443 60419 
5217 18
12111 60730 38185 92665 90692 80791 52308 53706 98857 72548 65789 45659 77481 7586 87386 17866 81225 51270 
9097 16
9902 68480 96626 79677 98423 66826 95707 3683 30544 69480 94747 3785 16676 70185 19818 85560 
971 12
76685 52131 79530 11121 25909 71929 97791 33096 99339 58477 37306 3542 
4505 18
69017 68846 67702 83208 14107 235 98317 15975 92462 64246 580 35044 92689 5592 35914 88946 77005 35844 
8624 8
16149 95528 43169 3347 93028 13968 68596 26914 
3285 13
12234 58183 2220 88608 21557 55959 96752 54963 9018 2508 8692 39250 27301 
8819 19
33467 85374 18627 52412 68223 86015 41099 76663 97109 29582 91989 15798 59111 65567 92088 59355 24333 31332 27865 
1872 19
10611 64956 94228 93092 57820 62337 33490 49544 35451 70689 37214 98775 74465 80328 55179 13028 86373 57652 45957 
4813 18
53605 80961 33887 79227 94508 92336 33141 80938 1619 4381 44893 81110 48889 56513 40613 46409 61968 70504 
3967 14
45867 5029 3934 81836 65345 82439 78523 89256 37267 58643 16002 78743 37839 9551 
9705 14
58906 79893 21730 53875 97209 42775 15915 26274 96765 68451 13389 60926 45949 49793 
5827 11
42369 44565 81245 55455 29588 63711 13929 89434 3568 39552 45803 
8843 13
62185 75867 51046 50624 58949 39604 82538 56130 30128 78685 26685 6612 41879 
6371 18
71975 42036 85169 81901 96124 83832 16378 27141 37767 29277 40283 11657 2155 72420 74896 47290 75638 65974 
6623 17
31681 42512 49504 89744 26996 16614 96838 31814 60235 25918 2008 2855 70799 33766 27997 4384 46320 
8505 19
51950 91543 75626 82264 70781 63958 99498 40259 80284 10869 86182 35399 62215 4848 44883 68405 68816 53693 64527 
7281 18
4425 53518 35664 83800 8971 20628 33026 12771 39968 64213 88047 87511 27077 15340 74003 3009 92440 26693 
3889 17
96883 88838 52778 89650 89230 26768 57568 75642 46887 62618 89417 3376 89443 35563 75888 35015 44863 
7287 17
31985 75752 35972 9724 70999 91452 31373 51665 12943 47716 53773 35538 67875 18785 73935 41289 84244 
3742 19
22010 98741 34927 57230 19787 93305 38617 40542 24138 39609 38515 12235 70768 90056 27890 10046 45008 53473 43408 
6204 12
16409 1671 63558 50036 41035 15675 52050 31934 80669 45667 69596 8963 
8981 10
73258 36381 15079 52999 53912 87611 11981 89217 68881 92873 
7374 10
48047 10934 2415 6900 78046 64289 57807 14252 19773 73362 
2753 14
32007 99420 88793 53938 1436 54320 77086 35308 96390 5137 51455 58474 52753 12357 
1864 13
30623 34568 78112 80808 46864 18625 94551 54703 96511 52248 22717 43957 33943 
9751 18
30671 83119 97787 94983 88494 86798 40731 68269 36902 6374 78043 81153 15698 12414 92385 68977 67431 16176 
3197 19
15294 44100 59670 1864 15359 82717 46959 14783 50515 85980 14134 57086 99941 42164 37650 60699 30375 43206 56321 
7077 18
36277 92308 28235 46253 77640 42623 35987 14866 2697 27858 44996 48048 82709 66046 69374 68936 60366 38395 
3963 14
2032 40951 9198 77271 14372 46136 44899 40175 5135 8815 85557 84695 86171 38634 
3233 11
18512 41165 11025 73169 40439 26605 45319 52567 69569 66780 36660 
9517 14
24720 97001 52964 64422 61144 51558 91100 76115 97254 88018 25943 36928 41155 65632 
1962 18
37278 84765 44428 96281 62671 2502 30483 73818 58664 29826 89879 68175 82765 51671 10878 78135 69742 73637 
1356 20
83283 52190 15920 73445 49706 77787 89796 40507 56979 61543 74453 1718 98328 70779 66975 63860 57786 7850 74656 13975 
3280 17
91175 65581 37798 27414 94594 71039 69452 87524 59699 85858 28972 58270 74539 57950 34931 54323 39382 
3481 15
2760 91351 13705 65394 10871 73670 23803 37774 42091 10779 3624 55591 18323 82901 12727 
3587 19
98925 77624 82571 36870 62887 76991 47667 47266 97694 3095 80634 3996 588 10042 26544 22008 71920 55026 20184 
3597 17
40462 30212 95110 43268 15572 44464 11413 10118 37962 76133 43181 26650 84345 90342 12667 55285 59146 
2829 18
77091 27028 91436 60182 74154 85080 9546 8252 41562 13207 97508 91369 85274 82823 97725 85013 52043 96141 
643 16
80377 73064 23442 87427 71602 81916 65144 55374 62582 99460 16021 4375 39678 84711 8537 36961 
7508 14
49118 12060 66706 36291 29862 25479 35852 27972 24653 66478 94489 28843 26792 15332 
7765 19
74769 80836 4100 83124 93076 5186 87554 59560 59833 99283 50042 93509 35925 33599 87479 18516 50354 16248 84724 
752 17
30917 12133 28446 16350 55619 93744 18064 61302 70551 31700 72792 39254 94303 81483 26416 43031 91548 
2379 14
22650 95290 26287 26858 19636 54458 47442 83394 45481 46012 74462 48926 33126 50745 
3172 11
96240 71744 47058 49452 63434 93592 60034 43269 79747 64521 9062 
7748 18
19456 47953 34170 90231 35936 71239 58724 56177 6903 90146 17877 9749 86220 9768 29529 2479 62119 5310 
8630 18
36874 47088 76853 12495 68750 84611 19856 13058 87177 9995 65090 90674 26117 44652 71344 81398 46991 35408 
7709 18
99195 24499 69407 9816 71892 58854 6194 78733 23021 56021 67654 91415 53259 88615 70512 80735 37972 17174 
6446 18
26401 15900 66792 68545 68205 46530 53448 69144 69387 36923 35735 27618 83774 98393 35871 99013 78839 58291 
9276 19
31186 42442 95442 59640 9279 35307 6272 35265 83738 18749 31961 30236 4684 69224 98806 81698 37231 16185 9145 
7953 18
76367 68367 5264 93292 52269 91207 80570 22620 25822 31686 90537 31151 55372 93054 77842 12863 89599 97781 
8101 17
85863 77330 7489 18975 19326 44892 25853 27883 9825 4386 69595 87425 46390 8586 96290 69837 87912 
7791 18
23942 27113 54133 35109 83007 41427 75810 87331 49959 81321 87958 48237 26638 84014 32187 91641 81874 93181 
5285 14
2419 88880 33018 41032 66260 64457 67607 669 31780 71759 84286 39323 17578 83059 
3586 13
57227 71835 69041 69328 44102 40780 7837 5869 43105 15365 86665 74127 66498 
2837 9
35309 94003 67662 93926 60348 43769 57761 99704 42141 
2904 7
19713 55723 60058 54135 94923 42921 91335 
6821 18
34765 13254 40424 1631 64475 6120 40734 65710 47392 99232 74059 38721 85849 36401 82842 30421 2614 93884 
1 6050 51735 44702 50416 65895 46318 
6313 11
93797 31659 43265 78987 82829 67578 11942 40845 71033 55835 87162 
9182 18
90879 44973 30453 93808 70878 31401 74689 85098 37440 70696 53019 95891 83200 90723 69375 22630 52385 58196 
7819 20
47416 71839 45905 88097 42215 89224 58796 8183 21414 86747 20549 60221 53006 39170 32704 86604 1367 37514 58040 85469 
7975 19
72722 24213 52789 83556 61299 25559 98766 37579 3073 20873 40404 62832 9242 59175 69390 34605 70037 5211 36179 
7644 17
43396 26476 71355 59212 89347 97054 43063 62560 11830 14944 22370 79845 7510 86800 37473 51970 14114 
5097 14
99934 78906 44628 77137 61972 71511 79915 1141 93115 96530 22486 60295 20396 95489 
3413 11
11789 23259 7166 56065 46956 14911 82597 80404 70750 44479 93981 
2655 18
57456 69053 78284 5767 89725 80016 90550 55319 79903 81355 33581 64957 16138 46808 68865 29910 84924 18033 
2510 11
20151 88952 51299 90510 94567 68356 58544 39652 58393 19813 70989 
6754 12
48874 16462 73946 69574 57188 6136 64971 54195 47046 9716 60674 38055 
