853
1356 20
83283 52190 15920 73445 49706 77787 89796 40507 56979 61543 74453 1718 98328 70779 66975 63860 57786 7850 74656 13975 
1367 19
46282 13827 45539 22765 36998 84147 66062 86150 51336 38559 9091 16532 15715 47353 98276 82433 11608 75717 91069 
8696 20
35619 45104 44776 86267 17085 89554 3876 87902 38304 24855 77630 82092 78115 2284 82577 94634 66416 42488 5076 65791 
2610 20
1382 65479 61304 49113 77032 39325 48043 89240 66708 4174 7820 74761 25060 53356 30494 52297 11071 10458 48745 71113 
1760 10
5901 39132 49620 14830 22422 40929 58487 82880 46805 28953 
1949 20
24096 18968 71256 82966 98832 52845 2883 63589 5658 7767 96757 99572 99686 77607 75188 21318 29512 46254 41367 1416 
1634 15
75776 5282 2981 36241 90605 69902 34392 18305 15323 87092 24468 48779 774 57740 42058 
6588 20
60125 88210 19537 75995 48982 50826 49067 50809 7618 42352 66794 98341 1988 82960 38766 2159 75758 47631 37636 36766 
9447 20
38493 70663 38593 673 76262 410 89681 38320 34612 76725 33653 90735 98621 61857 42871 20351 83518 38150 14339 63821 
479 13
65438 31568 15780 13011 90023 95650 70053 77731 9176 95716 4191 98692 15992 
3525 19
60690 22992 53202 39839 33222 88124 26248 28338 90138 4701 9648 72796 5122 89782 54655 97816 80204 11729 99793 
9097 17
9902 9544 68480 96626 79677 98423 66826 95707 3683 30544 69480 94747 3785 16676 70185 19818 85560 
4376 19
89126 98040 13235 92619 6162 29485 11674 67537 93326 39423 89574 67236 50534 85611 13887 35578 11920 61068 36979 
7294 17
9222 87816 64804 14773 92094 74403 83381 24763 83796 14520 10973 23108 1412 79261 12787 55349 21556 
1201 20
78818 16196 58677 48464 28933 91106 33588 99331 63192 4850 34078 8851 93111 8585 6471 84256 26759 66837 33482 99899 
3967 15
45867 5029 98150 3934 81836 65345 82439 78523 89256 37267 58643 16002 78743 37839 9551 
8149 10
16863 79950 87508 71560 59349 39297 11281 46288 42728 88199 
5523 19
74547 82572 20012 37009 89131 33580 80571 36834 40020 44354 48363 65454 67081 31078 64293 17531 95018 31675 18711 
4871 20
920 12492 79041 29616 52743 42134 10014 2030 11543 55914 58146 68337 17652 50357 83073 18945 98377 17164 66996 72701 
8617 14
27336 12078 70208 80572 65001 89450 56222 27070 53656 58113 96366 24555 73616 62826 
8917 14
32911 3456 38007 42526 18745 65614 10177 14901 40941 61097 22365 60134 39083 6604 
650 13
88226 26135 68353 59551 78483 50898 68345 60100 18275 44740 61008 33694 78383 
5006 20
54408 54828 50106 68314 43268 21514 30427 91079 53649 6050 25614 12938 18289 57867 64415 76702 46101 95257 35815 39830 
6871 20
40071 599 47629 87851 67662 31515 12282 59306 42836 75548 36149 80127 74615 74736 16615 59246 66013 21581 39044 13601 
7201 19
75421 1870 46664 33173 97303 98275 95419 7886 71207 2668 71365 81726 17893 5891 54759 23777 22662 76802 38846 
8791 19
77912 7524 86695 7772 91907 68515 10195 70762 32205 58323 55805 40812 99958 73654 5851 95022 67079 27407 89708 
8521 20
64176 83416 49863 86004 86374 5922 3523 9525 52981 14317 66555 55003 92700 98065 53094 45102 75115 6293 94592 72412 
9053 17
40703 71014 5886 1638 87880 16455 62941 99762 85879 60614 5280 47051 76721 89802 21702 55265 22199 
205 18
48013 59987 38482 66489 17610 89409 35266 36301 67607 64997 5036 28752 22789 15899 54398 81965 8895 85922 
81 12
40496 50496 46586 31915 36541 62136 50891 83633 84897 10508 13133 44840 
8490 14
12447 70466 48919 72199 50163 75442 52199 82276 6067 6575 74268 5462 1738 11887 
6897 19
56907 95402 83304 28038 71074 14860 10856 3932 87937 54263 6564 43423 14925 48793 75602 16476 73295 54084 37550 
8758 17
13373 66675 45583 57507 17985 77120 18403 74958 51760 95727 5445 88026 60299 49244 24925 68057 36492 
6644 20
89990 62465 5281 47332 52990 87633 79918 60249 35676 34217 91504 2164 10816 32722 59710 43182 39066 67532 73905 34688 
9829 19
56041 83501 86822 88487 64120 77453 20136 75869 3990 47730 21391 97558 32779 67231 1070 11205 47315 51779 70861 
2882 12
16292 6626 34082 78934 24478 34255 48828 54090 7897 83698 130 65860 
8384 20
29310 76168 27699 71023 90223 79781 84313 24067 67329 15212 84933 67804 45614 54344 4986 37923 69826 34713 81966 89482 
2394 19
47576 34607 94214 40639 96142 36757 83514 1998 63799 25967 43263 95029 73569 6758 20575 12871 36193 9796 29201 
4631 19
80045 80217 9577 49982 43970 98260 49649 66446 52408 56132 15196 40434 85608 80023 74390 6866 489 12505 63708 
8691 20
48126 46058 1012 33992 55052 80049 35565 87419 18437 15480 78477 20152 50247 78715 55714 29434 85175 15371 11153 59290 
349 20
83215 64201 17897 92378 49971 45706 10212 55168 56492 71808 20469 87536 18167 97265 39545 93253 59352 73350 99807 34171 
8738 17
34438 20614 68221 1081 46844 42857 89237 2052 92795 33701 88550 485 69069 47390 10840 36519 41936 
7819 20
47416 71839 45905 88097 42215 89224 58796 8183 21414 86747 20549 60221 53006 39170 32704 86604 1367 37514 58040 85469 
7512 20
26310 13473 74 35094 60390 32530 8122 90572 88722 64121 25400 64757 45226 2705 76456 50060 76140 50160 93792 63912 
9092 14
27133 70866 56179 39395 52279 14736 59636 33002 43902 83350 4727 61446 50047 14305 
53 11
19871 45897 2478 60488 1061 70968 67042 56156 61098 42293 27198 
8728 18
71936 35203 33260 69082 65433 50050 87702 32405 56671 10134 74374 73194 74978 35881 72584 18116 81479 15654 
9128 18
26264 20291 77778 14032 6199 22056 76510 50738 59735 41170 48531 56152 90595 43449 6763 88368 76763 66290 
4758 19
41803 61417 26076 4552 94218 63986 71749 2686 74497 91216 47525 54287 2051 92408 33654 24709 23928 99010 84347 
5023 18
71227 57179 42712 75447 66078 8667 54788 85676 13803 72850 31201 82184 73933 50887 5825 90649 87136 44869 
5912 16
58401 15943 77245 7871 88435 63121 99381 14229 56772 17694 36075 35156 13665 55233 96622 4145 
4193 12
82470 16068 8596 51587 29869 52011 58278 97482 99564 34675 49397 24403 
9772 16
45682 10161 77264 41179 10639 18994 71956 39849 1331 12919 34725 70656 95372 90925 20394 63725 
5724 19
83428 63547 24578 72830 21401 8025 43701 12844 3319 16663 13122 89956 53478 4331 91251 9003 93722 19536 64761 
5761 18
90886 19707 82127 82537 22202 13204 17367 70757 59747 7101 77951 58793 51586 90546 9465 49440 58848 84117 
2415 15
17257 74055 95638 94287 27490 83554 4557 80257 17962 42484 53402 36089 45738 86608 46548 
8958 15
35279 63505 37144 60861 406 59386 19992 60567 55120 12006 9150 56082 37090 68824 55618 
5134 14
91032 93992 97031 41345 78271 73307 68890 41570 6727 98153 79664 97582 10421 62796 
5227 12
47732 7672 83714 81167 46717 56598 62742 40790 93187 33407 74622 25082 
3428 20
612 47401 28439 69864 36727 51354 44929 88298 49856 97430 49358 71379 56796 53296 25787 94797 87468 63123 39161 61709 
8902 19
33301 22675 45112 94621 37332 22065 32830 18407 60157 38268 42818 24014 40132 39516 45574 96807 63862 31122 51948 
5171 20
16578 35832 10543 49129 52278 83485 98516 58294 59834 71222 53013 31258 22050 72825 72316 8111 32968 57161 30835 80163 
1737 18
11483 75184 75599 7055 24216 38352 41108 1912 35667 75169 18610 63090 10209 39513 96574 74518 28258 7610 
1348 17
19371 53262 13098 39422 90465 58518 6111 27379 41574 65834 10838 56091 90943 73329 9142 55706 81953 
6235 19
54675 98310 2510 89751 51514 33564 21213 14188 27975 20599 23126 10813 67868 16201 74048 89434 85956 44347 43368 
2312 16
13823 98469 91794 81542 59775 68329 28085 36522 85350 71048 13730 49408 57537 96364 94581 52696 
8415 19
49937 64311 95206 35542 22281 12713 60657 84351 58378 67938 91987 49044 33500 69499 75736 39777 30125 99057 76527 
2590 20
59603 58315 54953 97615 34053 43951 70859 83513 78111 45635 29997 37688 5742 48875 24522 45069 66541 90452 42927 81087 
7327 16
97546 91198 10089 2444 91892 66385 80916 62968 5377 72011 85856 7209 89861 69788 23059 56397 
8124 19
24203 92010 91445 60124 17381 43674 16017 73964 63901 96909 47515 64953 77569 20796 74777 9262 42355 69653 93906 
7491 18
32661 60681 24104 14389 29611 21049 39743 67568 89044 70505 75423 25513 39338 6316 43424 48935 8221 69142 
4074 20
2184 22232 75565 60749 95481 92803 66165 33235 7282 15039 47160 87003 95431 39999 40629 87243 71391 99133 31062 87114 
8226 18
55921 97687 63151 39877 1389 80110 32452 91670 94548 39729 67199 23282 89734 64000 62583 32778 42020 1636 
752 17
30917 12133 28446 16350 55619 93744 18064 61302 70551 31700 72792 39254 94303 81483 26416 43031 91548 
6550 19
94970 97138 10051 35700 31067 49892 65313 11530 97857 7958 93066 63103 12759 33058 80912 57286 85050 57527 16395 
2994 17
30713 8702 63097 79064 92299 18592 89280 10665 42543 28101 50273 61227 1889 95636 92873 43842 48952 
2919 18
66105 2194 92778 54171 36953 45296 26334 37464 81202 22402 832 36354 22673 86866 41339 35907 43217 43173 
9855 20
60258 74200 83257 45533 55738 34698 84226 89198 14014 94033 64392 21342 79077 31629 2999 56073 18568 51479 24583 69233 
8887 17
19827 12560 89506 96383 42539 41297 74971 45450 67211 80223 73556 63045 69321 19482 26988 87881 6956 
906 12
60103 28069 51287 44052 11604 24241 36627 87150 2770 75208 73612 46263 
3134 17
34939 78031 35068 85767 57795 66699 51206 85527 76660 34373 24736 76719 79014 48041 67351 57609 96407 
3876 17
61517 83254 30773 48541 39365 82329 39322 60734 96222 80512 61376 74294 41615 32338 68830 8714 35264 
1088 18
77897 28737 16194 9932 1990 28857 5058 78484 14098 44960 39916 41657 95320 9564 78091 78373 13404 70275 
9239 18
78515 97260 73807 24764 6754 95095 65093 12123 35547 75646 55016 34855 86429 6812 93009 52478 56230 25718 
3999 14
97302 56661 65489 13657 77440 48817 87352 3733 68419 12382 98584 34483 51204 22678 
1653 18
37098 38343 94606 23427 57035 29400 96842 94978 91818 93600 28095 28629 53375 28621 32573 13447 98634 85842 
3720 16
70147 39381 46806 19264 60814 32015 63846 94835 35343 11291 84943 31747 47043 85826 73304 41114 
8591 18
31632 10379 50910 84079 55863 31112 79328 4367 30074 78446 94483 64419 92938 60267 60237 2595 49613 58214 
1045 20
17105 25087 20595 95978 77344 63622 90560 21886 41485 54028 20566 44114 43439 87873 56316 91949 29992 39892 38313 49560 
1864 14
30623 34568 78112 35086 80808 46864 18625 94551 54703 96511 52248 22717 43957 33943 
627 20
74570 6016 49106 41993 94802 39432 20137 76493 13907 46427 61874 92874 60226 60962 18989 17668 47618 75802 52170 38799 
2939 19
15294 83578 71221 60020 34818 48044 49061 44832 86735 92297 94255 58811 21792 20079 38351 45175 11719 82135 43139 
8381 17
71304 77955 80165 67433 47617 19668 4713 68023 60797 35589 65589 1217 57847 79498 88359 31023 35758 
8530 20
11503 81373 87719 5892 26138 53582 59089 88957 32631 2304 20859 16064 42760 19448 98024 99723 22968 96213 27044 82458 
6979 19
89839 41474 32591 40294 57859 71799 71246 93347 41412 21211 30325 25493 15498 8991 43631 3425 18600 22906 76206 
5348 18
2519 30289 22038 37958 21795 27669 16521 30371 60666 44592 63951 6144 42335 75228 92159 70428 9820 44219 
29 18
93750 80532 77682 66311 68449 12708 33042 69361 80009 55674 33336 68691 77350 99675 97733 50056 23600 69534 
1104 15
55890 58287 47255 49627 41195 17348 94172 3806 3022 71384 92947 77783 91881 62150 69450 
3548 11
40089 7620 43615 85798 98495 18494 15037 49240 69461 72581 62046 
177 17
56212 95196 74013 79625 32108 58466 68856 24856 38787 859 58838 63728 41033 86060 56541 45612 722 
2380 12
11146 42369 37395 29106 12664 65802 90457 11550 83028 6118 96137 75099 
8409 16
82810 70955 19868 16772 56398 36205 10599 64630 30021 69191 38887 98392 38604 65606 59291 86197 
2144 12
7776 62673 39234 65933 40437 18220 2623 37470 36485 59023 83373 8888 
9100 15
40503 79050 41747 67500 72373 1905 11852 59863 53450 26345 14179 24333 48829 6610 28665 
1991 19
73953 60564 68417 10423 48448 94371 74190 5893 44969 85632 17969 39228 66087 64320 17214 86998 39315 19294 94589 
9985 19
5474 86708 18118 352 81477 35989 4521 95315 81469 46976 43277 39791 57997 13262 94829 27065 44342 31641 71651 
7179 18
58721 36250 2258 68807 46987 41750 35544 38619 22200 37668 45570 53577 47013 95940 22705 64217 59713 41291 
5172 19
51447 57499 4624 78612 52269 6742 17102 52564 57587 40985 22553 863 71104 45727 8430 24432 67828 5955 32583 
7833 20
48921 80729 81100 15040 75439 28263 13413 27970 6455 13335 25955 76171 17284 55296 951 77924 65603 82706 28929 96292 
3277 18
23432 19826 67204 68496 60395 39549 39314 30216 39191 18635 96648 94314 4816 32672 13431 18984 15674 29145 
7989 14
22925 6800 31099 46874 12877 34694 46347 25304 39418 86559 92114 95793 33147 4181 
9255 12
80757 17705 54473 12490 14871 40739 1875 19731 33025 87929 10121 82545 
3050 15
7507 17096 20053 89911 80440 31709 57053 55851 41617 50044 77035 63291 69020 14042 20139 
8181 18
82963 39996 15098 76450 45999 80560 83126 49564 34337 7259 52171 23141 74272 59532 29408 37489 56597 40430 
6556 19
18577 72663 69168 82678 623 59597 85291 5418 24401 73515 48106 50749 84396 17320 61197 78990 52701 35273 99885 
9847 20
40102 53569 49572 25360 83320 76930 96190 11764 81346 98774 83562 67470 90236 51583 34886 42249 31148 86436 37905 85170 
8005 19
66483 43568 69565 63014 54867 7518 80374 38757 58998 22715 2171 98798 11769 59779 50403 63729 75201 44049 71358 
3953 18
5704 78057 66720 51407 54495 88667 95826 11603 32155 95955 64015 64680 38261 15550 80813 28280 19290 8169 
8095 16
6228 90214 90909 59218 56953 66163 55875 17722 4572 28981 47435 13218 16669 80424 92161 73611 
2297 16
32352 98491 19238 67018 61759 74118 54343 20451 72402 48161 5511 6718 42504 70960 26037 34902 
122 9
89613 22078 37843 98090 47800 78834 12344 13385 55902 
4506 14
46480 38358 68459 32001 63107 98349 69560 48250 39993 93152 7121 5368 88297 9268 
2006 12
94498 96323 16873 3964 20664 88446 79411 27157 42790 96719 75657 42447 
248 17
84520 45880 42673 9102 63932 7283 42868 33656 4364 21590 71460 10590 14983 41047 41711 31765 99836 
5339 19
74857 8649 63380 97317 93773 61805 72427 57668 56296 82022 11166 58639 40789 57166 68007 42866 21895 58878 12125 
7709 18
99195 24499 69407 9816 71892 58854 6194 78733 23021 56021 67654 91415 53259 88615 70512 80735 37972 17174 
6025 18
15234 6027 51664 69963 10318 83520 30227 22909 95640 59016 55115 73040 7756 60996 79770 57798 32999 22120 
6423 19
16915 6832 18339 40246 95350 95909 60935 7116 51462 64766 77451 59936 10228 83681 23991 28524 9657 92164 29438 
5851 20
8445 79965 3982 23556 21720 87530 56563 30381 12513 17291 95728 45502 85653 3163 21555 35601 99002 21719 50129 16980 
3597 18
40462 30212 95110 15572 44464 11413 10118 37962 76133 43181 26650 84345 90342 82493 12667 73670 55285 59146 
6293 20
64031 88523 98072 371 9141 94366 30970 85726 34597 3677 85208 41636 37533 33830 99299 56280 92483 23154 91875 77565 
2901 19
21422 6452 19814 20707 25691 55482 32616 94766 67673 12040 88634 58807 13741 34002 32970 85111 16397 71126 55760 
8050 16
68239 93694 18693 42059 37194 39647 50751 70363 63540 12728 813 24179 36105 88971 63265 3975 
5853 17
45690 74745 69503 15189 86337 95766 35992 74376 46472 40237 98161 7334 52055 26098 78738 71022 51319 
8390 20
70232 32568 42303 48266 60519 49743 87760 1030 90866 56049 52167 83316 17788 27709 65036 18962 9561 93150 90497 44742 
7281 18
4425 53518 35664 83800 8971 20628 33026 12771 39968 64213 88047 87511 27077 15340 74003 3009 92440 26693 
3794 11
61049 77809 73939 2033 59590 20429 67482 64506 75484 90603 9590 
4924 18
92541 59614 93078 48782 56151 13354 87012 66749 44645 21951 44115 66609 99110 59889 33792 66797 71417 6532 
6821 19
34765 13254 40424 1631 64475 6120 40734 65710 47392 99232 74059 38721 85849 36401 82842 95339 30421 2614 93884 
8093 18
89863 53286 34533 70998 84931 1934 15847 3141 17236 5675 11320 97945 22993 46747 93112 39976 35669 18541 
416 17
27052 96196 71411 80870 58698 61397 57140 78548 10280 82929 19674 84065 97542 348 1508 34561 85782 
2824 12
55254 97295 55607 72587 97960 52131 46614 14508 10632 59793 87607 91273 
1154 20
76263 89411 4517 21593 94666 38244 68390 82830 33886 87964 22384 93107 44725 33249 28816 45281 78403 13341 36558 10939 
7175 12
66907 75263 28784 39305 23413 28230 17709 96386 68888 4082 14897 55577 
6063 20
54575 67622 67848 78200 9552 95598 41516 96428 79788 1266 85987 48962 51504 36058 66962 28199 5828 91877 9218 50947 
661 20
48941 87312 32402 83190 46618 77606 50977 25973 15297 26557 49350 31489 55860 41272 44823 15973 86001 9112 5110 66405 
7104 18
6640 86511 88759 92978 52594 14464 11303 87687 54403 2984 50761 80549 31313 13281 61556 72320 71194 26014 
2359 15
9508 55889 14067 60259 78319 30503 98686 63497 83803 19053 20678 28632 12451 52615 85810 
111 14
70445 1692 38153 55457 20320 15253 61427 1559 40466 79430 45472 8792 78382 97759 
4705 16
37941 9691 19051 92431 71928 26982 33664 24661 95102 66365 29112 15961 28939 58350 46654 27498 
6342 18
92024 83420 56610 14438 78035 17891 21926 72245 32670 7859 54197 66637 69395 9810 92418 82294 55491 15146 
198 13
36870 79943 3333 11316 19029 46140 9872 42091 40934 37953 86139 64023 38878 
6241 17
36531 42960 25240 54471 21600 74814 40351 66575 48146 12416 61451 13562 66639 98014 31889 86442 88617 
1617 15
77589 93865 59984 29324 3912 28758 2333 90550 29606 91605 26184 19774 91056 47934 70432 
414 19
58203 57632 134 4391 35170 30257 13209 3857 11876 12491 43849 47195 82540 55000 67594 72431 78367 75477 61099 
8910 19
61520 97575 43138 94724 92261 32055 87320 56663 4878 42750 55435 83365 35807 26215 22611 81603 19559 19798 13132 
4430 19
44228 62452 81339 52219 68883 36836 55012 1557 14462 11400 92534 12679 37523 3216 58755 80658 73238 80369 93730 
3546 10
83879 46983 76616 55898 55536 92353 84271 46114 29226 46370 
6485 14
76283 21521 11795 11652 97158 49367 26082 99457 32274 85135 67793 86061 81129 67371 
5020 12
72364 56306 61717 28296 24078 84053 23908 97385 71679 34753 70976 11335 
3859 15
13583 30049 53180 84076 67860 90034 40901 67990 61686 22248 50188 51337 24656 76163 17275 
7937 20
32944 58431 48614 7517 78805 4329 81827 13847 48712 50105 34861 92731 97092 79984 74379 3015 12807 3518 12068 62239 
7791 18
23942 27113 54133 35109 83007 41427 75810 87331 49959 81321 87958 48237 26638 84014 32187 91641 81874 93181 
3413 11
11789 23259 7166 56065 46956 14911 82597 80404 70750 44479 93981 
2746 17
27449 2760 99148 37813 77302 61610 39339 70366 84885 6172 11870 86804 81792 96044 17972 92342 94130 
1971 13
43396 2359 67164 98026 2356 55322 91001 94125 56789 61472 82288 83530 86847 
5426 15
72585 5925 19950 48107 28081 75702 80817 89167 72459 51907 8856 55517 80783 45328 94840 
5635 18
71504 43377 86870 58156 54205 61221 25642 60210 72732 32143 57236 21248 13394 85062 37473 76916 50090 23086 
820 18
17999 52153 81969 83119 30251 60338 20672 8452 54419 97361 27479 82097 26664 9376 44633 86250 44370 66360 
2044 20
29958 39554 69029 71861 27066 89068 25945 63471 64546 92294 79761 7230 69976 59429 90947 34336 2766 73699 63723 84863 
4319 12
92950 88250 64662 24612 49885 83203 61789 67521 5288 28815 31577 7365 
6213 19
63457 77424 10865 13393 29136 94635 72552 46054 82724 63817 51875 9811 64840 29045 32725 95472 58212 40932 82901 
5345 19
860 89116 97852 15602 94530 98257 32964 24450 62392 72349 11138 17624 31374 36536 95436 90912 13629 30131 56301 
7308 15
10896 21713 75913 48460 67249 11678 78871 24598 24479 38808 97823 29482 31752 54440 40867 
3586 13
57227 71835 69041 69328 44102 40780 7837 5869 43105 15365 86665 74127 66498 
9596 18
68283 28257 92897 36022 46877 70628 62020 82845 350 83745 36722 52255 74803 24317 6407 58817 51612 83441 
9564 17
78145 39193 32607 38194 65091 4400 3879 47827 70424 56167 77329 94564 87438 92259 89514 36491 69604 
7285 12
40018 63576 89313 26738 11089 73564 5389 69891 83724 81492 65547 24772 
92 9
73669 87154 33545 9131 37274 57354 42710 23932 76538 
4736 19
23051 64186 41403 34286 1236 98447 69697 89745 10008 65571 58834 58432 8326 87734 9639 49261 96509 56385 52345 
7072 19
23190 95736 17708 39286 3659 96718 60880 95521 23931 52746 26289 80706 73842 28666 14344 90714 96889 97556 72820 
3868 16
88866 35657 15235 78867 15483 8246 20585 93556 71860 77797 48204 36551 14853 79373 45565 38492 
2017 17
20243 5622 94563 97604 74179 75426 76967 3036 29367 17264 23740 62087 67785 57327 59125 8443 14595 
7956 16
23650 83790 34990 86621 25103 2365 19498 11082 59305 43098 99270 76310 39793 8361 89710 91358 
4252 18
73224 19213 86957 72729 62340 26067 73659 92372 73169 87121 48475 58654 6511 28200 41155 69466 51077 34069 
2737 18
1780 35484 13839 78710 64827 77444 43703 40330 46156 3905 80130 33748 31512 9560 3325 25708 87118 78758 
3938 12
83826 75092 43547 68684 20791 92820 70893 38662 16110 59885 37595 12180 
2567 15
36475 71812 96810 20741 47761 8448 15997 18612 17752 63381 48742 72348 30691 72801 96368 
2868 16
97267 93229 13782 28241 26426 62894 50956 82584 77889 13959 58064 64559 74618 68021 16062 97707 
9795 18
82816 40005 63213 20885 76529 21612 27957 51869 21198 17117 43506 66744 91990 41804 76716 47305 20434 65418 
165 18
77458 56855 28355 37089 6338 82111 76135 81958 78600 57068 71402 78531 77356 91426 51720 33518 88798 29967 
1549 11
52239 47431 78457 39536 92602 36648 5245 52007 61854 98461 25013 
88 19
92257 9925 71517 64710 83567 26920 13921 16584 30039 87879 95943 28074 15842 42841 8235 85299 83687 16004 96717 
1037 17
91667 36246 59078 46511 43317 11076 89697 59650 90410 38137 17608 67113 97148 90382 23309 61415 83452 
5397 17
53613 46379 25888 53554 78555 3816 98963 53189 54150 71639 27789 5699 77282 94475 90129 15078 73351 
7984 19
44930 27980 6981 57104 7690 38861 57279 91557 40900 55615 78896 88120 97991 96995 83098 98660 59248 60574 56008 
2657 19
12476 24266 47663 66936 60851 70935 67057 20372 29608 68893 46433 83921 86839 36709 69036 14268 32792 86153 42175 
2652 16
63502 48851 9734 65446 65701 15734 46407 67212 89908 63606 81516 91425 44178 31093 76209 22805 
7305 11
23444 89141 17735 27769 569 31000 71052 41276 95997 16103 80227 
8648 16
33752 82906 80463 5890 5663 61228 31855 85459 81295 22446 92903 41666 55376 40446 25704 15391 
6960 14
6247 71899 54459 19748 10844 72698 99689 50433 14405 67911 82588 69862 36781 61486 
9918 10
63551 71772 47523 14457 27484 83949 61821 79933 49584 31825 
18 13
52395 75224 35169 98878 80302 64396 56601 55842 73308 69057 29586 74997 74125 
4637 19
63609 28299 26142 46712 95262 16353 59528 50684 78679 72198 48895 36055 96659 67409 54237 89342 58115 89102 20123 
2115 20
57393 56546 631 52372 56731 70698 30329 99970 67550 40196 44940 50089 82299 3811 72783 62652 36470 54155 99988 28285 
5551 20
2017 82686 16393 42531 49872 40140 25876 2528 46752 53504 96884 2612 12935 42489 29773 99068 69726 35382 61909 30948 
973 14
91042 56535 18062 83999 67173 94639 50798 92793 46139 6862 60779 92156 34780 64268 
4059 10
95569 62569 88056 12229 19054 3166 23918 50230 86716 36425 
9261 19
30342 58185 20639 95523 99870 40191 97551 83235 657 67390 28824 3923 14276 86110 48775 34327 89695 54122 15442 
5390 19
1629 26973 91957 41659 46059 96555 76674 98409 37734 9937 80485 5053 65140 61675 83944 32506 75021 41223 41258 
5810 11
7993 28584 21603 78493 63360 61998 92677 51085 74309 74884 81225 
8451 17
36906 24308 41612 50218 83834 21008 51777 73698 81121 7966 18493 94988 93693 68987 16334 5643 5197 
2469 9
60170 1645 27590 87765 57522 9735 44522 67973 87022 
3963 14
2032 40951 9198 77271 14372 46136 44899 40175 5135 8815 85557 84695 86171 38634 
5513 15
56844 71501 87634 44137 68500 31381 87175 49374 65210 58261 4574 3443 85906 53280 39013 
4457 14
89928 29127 89588 90672 72070 43625 29944 10762 39188 52833 87383 13166 72866 74825 
5849 18
1608 97553 99523 2889 49834 44926 19152 79817 89578 13806 75944 11766 80951 45652 45671 15950 45274 80858 
3483 17
90279 42098 11010 87119 82304 72828 94901 909 87024 94004 30642 18848 91934 88637 38455 69536 1098 
8869 14
50700 62772 27848 25250 9550 52124 53509 38328 82758 61039 49369 87161 13964 36087 
5532 15
77124 9624 75618 36759 45150 76154 64219 20449 84803 81458 4594 70554 56444 8841 99553 
7499 12
84968 51896 26531 17602 31954 41222 37774 73227 32669 19177 33465 42663 
5677 20
63701 52498 21000 25909 17625 73603 19496 75794 17387 37275 34421 12243 36406 11538 56902 25537 55509 2331 10112 50283 
2021 18
1843 27794 71286 50373 37252 78156 81421 71534 35269 23418 32198 37960 74288 59167 51017 78468 12950 64069 
4660 15
39466 49130 50666 72867 62952 34629 82664 6364 10404 18015 49197 68486 26081 53046 8268 
2340 16
48860 43222 49739 66724 95970 25727 28856 21811 63952 74655 62929 96632 10345 60386 20182 88517 
7979 18
26019 4997 92866 53177 81657 59918 51645 21376 76093 85594 2246 93106 46998 55846 34025 83163 97833 67724 
5771 17
86501 33122 1209 24242 99914 72219 64988 66534 3612 93974 75809 79899 54432 93188 49265 33987 61655 
2235 19
18597 56327 81026 65586 75038 95174 47269 39343 91372 60651 71171 90978 91502 94805 19971 4980 34107 31664 24426 
9027 14
80014 57018 65839 672 33279 66363 7339 7881 32154 87363 96865 58873 65327 16771 
1020 13
9012 59483 7890 33095 80798 69363 81355 18235 69596 79140 75264 91592 23978 
5091 17
12683 88734 69124 8330 79615 89906 31388 10382 44496 25414 38037 57384 28866 21570 39856 28304 65945 
6589 14
77610 83198 20342 15626 28104 58344 99279 71061 37452 12262 26364 1466 53249 28167 
2131 19
39127 40821 96117 58267 57250 32293 28303 63610 30118 96149 83882 5323 4950 49793 98680 60033 35568 99241 70660 
9013 19
64716 79910 88859 28809 63012 56101 23750 45327 52400 75957 97195 33431 73728 64041 46927 56551 49605 47364 92583 
7511 14
16503 31358 7833 33910 61640 75046 76480 59683 60278 56141 8434 86698 71537 77109 
7078 18
6535 33797 18627 83541 64421 29359 2187 26141 51012 73397 74044 43578 94088 37913 13571 61642 64525 65959 
7731 18
74564 70586 71930 54980 31608 22107 6507 32855 36559 30295 4279 72130 52336 19993 53230 3217 89097 63158 
4813 19
53605 80961 33887 79227 94508 92336 33141 80938 1619 4381 44893 81110 48889 56513 40613 46409 61968 4925 70504 
2664 19
52093 54995 84514 69525 70202 65434 57718 47150 73448 47589 80596 57976 96111 31295 73485 91693 60287 30059 39531 
4112 17
572 27645 65305 35584 7423 49884 67144 30218 88453 95395 72854 20577 8516 8967 68058 46917 13957 
2943 19
89074 42824 10040 34734 14627 36728 35038 19155 56395 38998 11954 4916 61497 68429 56722 68857 48077 8051 90985 
2783 17
38236 52842 14714 42792 23568 86454 85089 50528 71281 56288 93047 95945 59093 441 76368 17055 7560 
3707 16
94335 59239 77984 32128 26731 766 36584 73730 10101 816 15299 22587 20909 69122 38976 57803 
1967 13
43927 40905 8369 33135 86026 92869 11981 43534 5236 44470 26335 73638 40595 
7995 16
76518 7514 78404 25285 77993 19974 95027 30852 72285 28990 47295 5768 55364 74621 38128 96627 
8931 19
44975 73422 46470 5681 56908 78860 19568 95780 30542 85129 9389 68618 48430 99045 14270 73278 51296 64479 79669 
2047 19
31450 16869 65400 85450 16253 81296 28650 75276 7932 37522 5708 956 80520 75223 44463 19298 94556 29083 10296 
8283 17
21288 75797 34666 69572 52552 81890 94482 96375 29584 93762 84177 91275 77395 778 93624 75951 13885 
6416 18
92349 45119 10158 52550 57172 15413 5425 10699 20964 99308 16620 66830 95684 56390 81253 47968 90005 74318 
832 18
86392 29746 98497 26078 76482 42719 3870 4567 54441 4118 53142 17213 12923 1489 44419 85275 75680 29059 
7075 17
99835 92121 86304 80133 37195 2387 66289 27107 91201 71055 29624 88983 17920 52111 92755 69741 753 
9315 9
13578 57019 96890 45363 66798 2485 915 6 32713 
3993 14
47019 56292 58199 92861 21837 89549 63237 57768 4313 22861 80554 60365 50285 43520 
7839 19
53652 80364 56161 24635 33866 99122 60653 74508 26812 94038 16484 25222 33645 66130 4628 13704 25682 99997 67734 
4891 17
4167 95816 81515 68083 45691 4718 55497 23737 35489 99788 74078 23732 28267 42432 49811 28246 4689 
9963 19
54749 66242 13534 51392 11101 74257 13159 43895 55717 32448 23537 34741 1914 27003 99824 3471 35723 9928 47722 
8177 19
86465 62193 37076 27778 18057 61129 12332 45970 34772 72882 12082 15824 87722 47292 19949 68303 41349 30779 42461 
399 11
5660 36203 59660 55849 58319 86560 72616 44405 92949 16700 83483 
2848 14
31963 69102 58578 43702 98293 94845 33192 77165 28308 28054 65442 74347 83820 50366 
3454 19
61351 98346 52330 32422 4898 19304 7321 79703 31384 65309 65984 65362 84783 19732 34871 9148 65778 55062 68136 
4589 17
15019 60847 25544 63137 69690 7474 16290 96657 57543 85547 13094 68905 21652 37167 42443 35659 65364 
2651 16
87520 40436 7277 69343 6709 84919 33345 15485 51735 90615 34930 303 66504 87639 35995 98402 
9624 18
9714 32801 6315 89915 79526 67997 55523 70804 9731 64194 57375 36330 21005 77579 94716 4868 21810 65292 
4592 16
22756 11984 50130 2737 67041 94241 7033 56565 66520 32609 62166 73461 71248 22769 99838 128 
5811 18
85320 74557 27102 6893 35642 45346 50897 25826 17872 73954 99537 13126 74209 1668 30850 72936 97719 72787 
4215 16
2736 21730 18783 4969 46303 25445 12790 89433 67456 64071 99574 97864 71012 80542 9327 72899 
8397 19
31210 9817 5590 49023 94061 69177 51866 1354 44684 1579 61890 11572 97489 72996 60563 93644 31618 65404 11403 
2754 17
98693 4700 71756 52108 65435 63882 64367 86571 60594 64036 51675 69218 81834 65303 35310 70011 47424 
3228 17
5489 27784 50225 66573 89064 37298 98598 84342 59699 85346 50513 19953 11824 60131 13143 87265 51674 
8109 13
66840 10811 75268 5407 34450 42969 31540 23360 52328 42782 59017 36052 52339 
7611 11
53390 47914 18521 77532 38709 31248 30601 72767 71784 11570 56217 
6976 20
81336 89056 92586 97336 11231 2163 56081 92699 97119 69510 89120 74902 32712 66507 34239 26150 60936 80822 64849 33516 
61 13
26401 83635 10448 30734 22628 26630 270 91850 91434 4280 81777 99911 74641 
1476 17
47921 36162 67602 57158 72019 80283 96318 81097 86219 75901 67690 71712 97603 1961 97715 19419 62389 
2732 14
98643 96872 34513 60437 17453 48868 58308 55683 61549 12612 45352 30026 16158 32601 
9423 13
36085 22882 45286 49658 90895 87100 54992 5340 29518 73513 36838 23440 12736 
5311 17
88308 47594 27 85283 52285 82953 37385 75001 71301 41168 81510 56186 66267 5980 26765 40337 31674 
3679 16
43919 30290 53944 77953 73279 33897 32628 49586 15648 91484 54193 20209 39446 23169 73820 64846 
4951 19
60464 83976 54317 60946 68640 17168 17051 47056 80866 4648 94786 99435 84586 28703 9077 81802 97325 58531 79988 
7360 9
11512 42389 26904 50678 48561 23450 99682 33085 93449 
9927 11
15046 62049 62499 74206 79480 25242 6861 6495 87095 75180 79254 
7358 19
8226 41726 81897 46729 65508 65619 36550 63957 45114 59605 34271 81543 47834 46203 30585 67570 34122 51487 88944 
5263 16
73291 34601 15260 64389 38744 35600 83457 36344 21385 805 41725 37405 63602 78398 27573 90365 
1515 14
74559 61927 54137 42788 64359 25660 35100 77174 81455 86824 82275 17660 36317 3235 
3774 19
99852 18594 16820 87531 62564 64308 28910 50395 12810 35652 31987 64044 4848 78004 74135 39444 74696 9862 45267 
4138 18
7028 92204 45568 17444 74424 68663 97831 57207 16048 41421 45495 34073 96595 37046 67693 59332 57000 6958 
4439 17
6785 40174 54368 72389 91600 10386 75771 75100 39744 13903 11204 24579 65954 42593 99588 30114 9881 
944 16
3662 37178 73488 56522 77768 59276 96608 65507 19856 8566 45558 38539 37072 73974 76846 90983 
6253 18
51545 43682 10342 66108 98355 77863 34810 71436 51490 43797 83025 25956 9713 56995 98882 51496 1822 96307 
1688 17
16590 96274 53803 19862 68160 23473 44191 37779 2318 91404 81939 78264 48135 63960 82328 76648 96076 
3921 17
46074 76490 43430 60181 45079 1420 43480 61771 15053 14659 63852 89556 89729 54401 86890 85820 74507 
7734 19
95387 92277 95683 76638 73853 108 42257 25989 59922 16254 60539 23806 12479 47672 90738 41152 70372 96541 10068 
9948 12
24599 90758 23869 74943 15301 10231 7578 78907 83858 60007 44866 55894 
4803 14
38697 93237 88996 73946 10540 25838 42472 64724 82890 31486 4008 88501 81947 54173 
3729 10
2650 91787 95081 15581 83971 25485 92769 62809 52186 11564 
5530 17
59366 81846 95967 1436 94165 8809 70492 6221 51062 15173 59019 78721 36305 76723 81028 19170 38569 
7985 15
89738 26172 45443 74395 53066 2 70264 92409 13931 87738 55560 16010 33118 56341 80493 
3250 18
84792 24436 18470 53961 2956 37840 87903 74616 41381 15285 82689 3942 86017 83947 85404 64919 30398 58421 
9647 18
6639 93830 20992 36874 77077 22523 36307 29392 69201 25354 15121 14951 3723 46419 25514 24037 95318 47109 
1984 9
41551 29613 12902 33464 33105 92038 32744 60456 80178 
4460 16
76084 82131 56836 43208 51201 95798 36327 54694 35789 42973 12804 69675 98425 25169 8319 96436 
806 13
68168 71891 61355 43442 81762 91541 93536 43249 77280 59283 25022 2074 82846 
5561 17
78902 86943 89336 22333 83556 56036 45745 16694 95691 22956 46088 19769 60024 62957 77839 88233 66602 
5065 18
32542 28614 40458 9950 71471 311 6870 20130 3096 69453 75917 99038 63892 77520 71880 62380 89812 99758 
733 17
79180 92724 39705 55817 92955 49094 67770 13284 65928 10133 76251 80266 83833 95415 66261 27665 5837 
6793 15
5382 74394 79152 6450 33019 42097 67385 11329 35889 19311 77295 93306 57183 28348 17817 
5790 11
13673 77699 87615 24368 86630 15165 51209 16647 575 89216 45193 
2541 17
23352 96147 57554 79040 25662 73929 12444 32094 41831 12038 54239 98796 43459 29965 19302 59039 14967 
555 15
28172 79265 57518 37310 22635 29340 29929 67932 11256 35007 81758 13054 26049 52206 52560 
1504 19
89495 53279 27272 73289 60114 6788 33029 48312 55493 5201 87612 81801 76629 36228 10783 25159 95023 12996 39026 
6000 15
56524 85899 98509 54620 59037 35369 808 19791 12973 186 62716 52963 71827 76075 11441 
4775 18
39341 78072 85930 63833 80663 3796 51815 56806 27594 18438 44376 82844 76773 46064 22934 24571 75465 40231 
220 17
80199 58268 69313 53737 15813 42679 16920 19587 51537 17440 92984 90127 48577 79410 27476 33342 18369 
9108 14
67184 69876 97664 3767 2947 44442 42463 87785 10878 5784 14044 85237 45545 21047 
6698 19
52944 76220 48694 89391 78589 29418 14519 16542 70031 61763 48976 48503 90165 20552 78901 78305 78708 49808 57357 
7159 16
78410 34573 84649 89347 1623 72887 39578 7829 53138 79578 18427 99647 66644 38087 4463 84160 
4556 18
32157 40510 57800 36222 87866 37414 43049 15115 45034 972 64985 74165 54089 33926 76785 91644 64604 56560 
6679 16
65843 32194 80781 31872 78144 67448 29223 65611 82681 47119 35817 83887 72151 36508 25368 55721 
9294 18
42080 72711 16973 96726 23597 97076 42870 89243 7009 57516 37909 747 37479 48181 54341 87581 33522 57295 
1244 16
69323 4661 58545 65878 75652 73099 71727 60745 60374 15399 98458 71236 8718 40847 30477 88658 
201 12
36432 22782 41939 71461 45238 55418 16015 71506 97865 59402 37292 10122 
1349 19
28366 22375 94002 45850 11511 19353 74174 82237 75381 17539 56202 42110 32056 50069 8164 86640 63894 44508 75694 
7438 20
92491 76815 43162 1137 35463 42865 51686 50938 85581 86426 68645 50115 74677 29776 82920 7093 59314 89848 39760 60101 
587 11
14665 73207 55872 43069 53810 56129 5159 79343 80208 89899 9451 
1425 11
68541 41816 74273 90989 24556 55771 82434 44715 74693 71125 61665 
6717 19
36096 18367 33661 74352 14982 2492 95454 41992 83653 32544 68371 87993 18904 26392 40088 25539 52310 28162 62589 
4847 12
86820 85766 16173 15764 39814 43770 18218 28196 2851 78893 49101 81475 
2414 11
97573 7645 85993 8296 61711 80871 72821 67102 17574 3831 44723 
8279 11
63029 73237 11213 96414 98543 32039 43322 79437 63624 82502 24737 
2252 19
94128 20491 48674 68416 43402 5275 98399 61904 98116 45813 45591 37181 66032 14864 12246 28909 54837 75086 6297 
417 18
1989 6910 94957 53611 54617 35858 275 15324 96586 66048 10368 99685 93582 60189 47041 23860 42052 95889 
1564 19
81853 689 75205 70173 32537 19947 35287 26533 57713 41926 95567 17678 91579 47212 23275 14838 2726 4629 14084 
917 10
97211 85545 29121 38274 99771 3449 59516 44084 33126 60729 
4072 13
49199 82737 24964 82192 45975 79313 66899 40813 72640 79547 20232 68899 27998 
1830 15
36419 38070 23345 67032 5094 11193 19379 99555 87850 49157 84167 35453 11233 36071 26905 
693 13
30884 79029 18233 77061 24973 66704 66038 32671 38587 84908 98204 39490 52967 
9204 15
63140 30909 97721 54110 41533 60050 82570 77844 21536 27638 23565 94816 1827 15641 59900 
2953 18
16549 22626 5542 1125 33749 65556 86686 59967 52164 90514 90341 32942 39674 16562 31856 40676 26084 15777 
7506 13
50423 57125 75419 8129 59395 53271 86524 64897 16417 97004 70054 13059 63738 
6129 11
76567 10774 18743 21030 92605 85677 14224 43174 65399 60913 95606 
1204 20
691 88684 78355 62670 97140 58673 11271 6582 12557 64777 79823 86720 50420 91388 54349 27545 29562 11677 31487 85773 
5194 17
72849 22716 74765 23063 12776 75220 40763 37746 39900 39995 48164 52841 73398 44834 80453 65781 32863 
7493 17
83598 26660 79072 99864 87541 90060 85267 52915 63839 85796 48977 93534 50461 2100 78279 90439 7072 
4177 14
7032 76985 62027 7074 53773 4981 92357 55037 9436 7999 46104 29695 96601 46241 
8839 17
73517 13780 11548 81713 62467 17418 61444 25692 80409 4964 15830 66404 79479 48420 24954 25978 76776 
1789 12
69302 77689 77289 39740 20399 97752 84132 88868 30775 79708 20616 13792 
2126 19
91307 15433 24695 2994 83515 37437 39045 39158 5152 33272 46775 80042 18221 79908 75921 92653 6266 16653 14772 
8392 15
69215 80643 41824 29951 42060 20066 99981 6519 28228 96946 32513 95714 96203 2231 36885 
9084 16
52301 15079 3867 53570 44721 48948 59389 76536 7640 45016 43262 28672 91376 67758 98019 58395 
6446 19
15900 97353 66792 68545 68205 46530 53448 69144 69387 36923 35735 27618 83774 98393 35871 99013 78839 10142 58291 
1478 19
29736 81910 56764 95287 31959 59763 21990 29280 16091 11030 70272 40915 94114 99281 44076 3165 94760 88154 16541 
8482 20
70288 96977 78597 73754 63112 35307 57165 81431 79819 10884 67501 37324 61594 84574 47033 48488 80066 56376 15793 16809 
1283 16
78912 89194 18163 65797 99157 21454 30634 38825 18667 43971 61184 34956 96458 87663 50561 9751 
1307 16
46815 23465 72959 33850 60016 52535 1529 77218 75297 37105 24787 54991 76167 82495 30185 86902 
6370 19
33734 88380 46583 427 32239 37690 34253 18097 91160 32566 93433 94898 93870 3501 84683 43840 60385 40362 25601 
4330 10
96715 71274 72368 96206 2290 80442 97836 87042 6287 52496 
9566 10
52477 57624 65721 48216 76358 44518 60741 85657 3302 41865 
751 15
51453 15151 91075 29854 5449 33695 18471 15535 59538 74094 70627 59492 94239 41058 15713 
7630 15
2334 70287 37838 23548 58172 82939 86198 64382 60555 92006 1471 79061 20506 7311 47513 
5569 11
64850 34230 84254 59384 62797 42224 9565 17805 83966 1429 49204 
3991 16
13418 76039 60091 84748 965 19820 53412 90156 47613 18276 14943 89303 14661 63001 46311 59533 
1668 18
80410 44718 9362 36335 24030 55783 58743 88494 67446 45921 46296 40392 71723 97548 21420 77215 17657 77181 
6367 19
8507 89772 95063 18716 68008 74113 41361 7512 51554 12701 4513 55679 51998 59315 55688 4138 46085 85339 53725 
350 11
16689 4757 28363 2565 10810 43238 77936 8204 39345 55647 34408 
7843 20
20265 17796 13585 31208 40070 5667 9698 99266 45791 15016 3970 75591 40884 44404 31352 74467 42817 77573 38684 9526 
1448 14
89811 53233 91418 45379 95566 14370 97191 46160 88725 92889 88507 45990 61385 52876 
7338 17
53832 84415 84645 35371 4659 37339 41679 32836 22529 44353 12927 60799 26694 67426 44533 42876 33146 
7567 19
73283 82185 34472 95613 80550 70694 70487 43419 27587 61604 57559 4547 72519 84061 26377 19642 81367 61202 3780 
8314 11
56962 8642 63791 26183 3608 2974 49592 15104 41770 68776 41045 
7424 17
80275 96478 99679 21074 79582 32507 99761 32975 35913 93336 68365 40705 37115 66877 58581 31399 87547 
7038 15
61179 99644 64379 87874 80352 22970 95361 34793 74706 3068 11272 70019 43484 16268 19777 
3216 9
81216 74598 74588 20333 21563 14944 79179 72361 66583 
7658 12
8891 20970 40645 48988 6353 16453 55638 62112 25900 47815 31242 82620 
1023 13
9084 94739 10828 85591 97098 27354 97587 89160 61112 55186 99039 43370 30515 
7193 18
57697 88975 59092 69087 45085 92266 69289 71752 85721 21857 59466 87526 81187 84847 82055 28134 39397 53826 
3678 15
10529 79816 74726 76329 59509 21110 78677 62688 47403 61464 29646 85429 82683 89351 53732 
5835 9
6703 24979 73781 30382 78040 48697 93577 67862 93568 
1985 19
21711 53075 17474 61947 55034 21684 44967 75766 36762 12654 85728 46771 50199 52897 15175 71188 21898 72046 77460 
8338 14
43634 26755 20665 77152 55329 2866 50955 1492 92112 68732 12663 39620 21354 51741 
4386 20
55589 76411 81146 63486 27770 25605 55159 51559 8144 74910 53983 20278 58984 1441 41768 41057 51286 70149 2757 50686 
1161 11
41509 24904 17614 57095 31630 50715 45754 83258 35684 47289 6615 
2854 15
49002 85806 67260 6340 1986 88593 50157 94586 82910 41904 48426 66325 49956 65857 21531 
5798 12
93871 42982 96481 16994 23591 99945 81411 44434 48048 5857 58620 17308 
8008 16
71377 50829 61943 33914 37017 35381 18070 3839 38386 93520 86370 765 69382 47538 78634 69813 
599 19
65840 77874 84613 56373 86730 12746 11155 89722 2772 70241 78333 95277 91700 23800 20019 25834 77534 87674 87928 
5804 16
94485 99751 90819 91571 51893 4467 68128 41712 8105 22763 48473 8102 62289 5917 30618 34521 
7021 16
8126 69638 66024 19902 71524 34954 71094 39880 15673 84776 65056 14586 93967 58903 78444 86633 
7368 9
56298 83691 14375 91433 15296 10925 11093 18208 67270 
6913 16
14559 46107 90774 16714 33046 87433 64705 53882 15183 36458 28372 46861 47134 39853 7138 5856 
9218 11
71906 23172 41448 8590 70639 27311 24201 68963 35538 89612 50339 
7582 19
37525 88057 33158 82778 1809 91952 74381 20934 48702 16226 47879 84906 57028 62470 21340 29878 47593 69696 77684 
3229 15
99601 45433 43290 25510 14939 60149 43248 45081 10429 35511 9100 76434 96380 65445 74019 
1970 11
30317 80411 49785 13325 60718 92429 35806 71777 60864 22341 17137 
5113 18
40419 63919 27943 83827 9777 26368 96410 87593 26672 92685 69790 70484 14354 81601 21533 4515 10913 69974 
6484 19
73073 64720 22878 37335 6410 39787 66040 91647 53319 70009 3922 50057 26862 5028 86189 87186 30527 2347 65804 
2928 16
97630 84448 67282 16309 16159 18109 12157 57257 31414 15036 82132 47749 63149 77931 83392 63521 
5833 17
36749 92834 32656 79243 18789 20500 87141 95441 474 88336 56234 71847 78707 59226 31143 36829 35847 
7536 16
93942 10503 95902 87718 35450 98889 79130 96573 58226 61391 26634 13087 51572 29614 81698 13067 
4717 17
56201 65413 2654 29078 36568 51880 86264 68665 67252 43891 61195 61563 81351 28190 26828 12998 79767 
7644 14
26476 71355 59212 97054 43063 69898 62560 11830 22370 79845 7510 86800 51970 14114 
2137 18
70379 37854 56949 23621 64790 14704 44632 36726 75376 26245 46404 93795 56775 24477 75016 88626 23019 70737 
7407 15
71967 84012 99915 65910 88573 17054 56070 58136 75113 18397 5091 72956 90246 46170 41471 
6313 12
93797 31659 43265 78987 82829 28797 67578 11942 40845 71033 55835 87162 
6307 15
89704 32075 31376 40560 27148 70961 43113 77337 16080 78552 42450 45107 25674 4836 79172 
1331 14
69820 69818 38127 59676 12924 25333 72124 53581 3541 86946 81015 31281 59974 82656 
440 18
97381 92904 22116 75875 72845 65068 17196 14865 81887 22669 22051 52863 29751 90229 52208 64025 88277 98786 
5297 19
75775 32375 8693 9758 59879 93391 6091 3336 83085 56120 73581 4695 79190 88091 37984 29099 80148 8777 13157 
208 19
17221 5067 98969 16078 12911 94900 99888 78411 67551 77285 57362 92876 21996 41637 86967 12886 61799 22880 35259 
9574 17
32523 58606 78540 47383 62810 5934 2343 10510 30215 23994 15704 46276 65428 97499 58472 59397 28041 
42 15
89954 75269 75467 5504 37126 27005 93173 83940 64401 8725 72038 29654 10211 4919 65467 
9934 13
62769 40644 85896 76048 33290 31611 48939 61475 13865 42785 12599 50954 74498 
673 18
73053 37068 58881 17215 46508 72520 50079 96349 29444 44256 93437 59134 42583 92933 20178 4694 74144 65306 
3313 19
15087 29810 39101 21240 78315 27001 16056 55400 69247 61534 27145 76838 97791 29372 86764 13500 54001 15393 12670 
9751 17
30671 97787 77396 94983 86798 40731 68269 36902 6374 78043 81153 15698 12414 92385 68977 67431 16176 
2863 8
58684 11046 70638 855 51663 30562 19056 72313 
4431 16
55114 60032 63847 17664 91132 86464 5799 74076 27275 18859 41337 55444 45797 79125 57498 38796 
7822 11
74828 20701 66124 77976 550 51399 48849 70296 15773 45966 75535 
180 20
22770 56086 52970 71005 98128 862 79716 3243 20863 72660 75870 84541 97815 53633 57753 65750 31588 87213 35394 54866 
4084 12
43610 22613 28414 80992 63578 68634 684 28011 7800 37389 41848 47224 
1963 18
36219 41579 47421 53039 77314 41118 27447 85379 41602 65636 60410 41207 70641 6107 95370 61203 33341 36653 
1127 15
98884 90301 59506 93312 24027 86471 42685 53352 27129 94443 28183 76041 69284 82050 51725 
9540 10
64100 76067 69550 40796 22506 34381 15348 3354 15073 99580 
9872 11
46559 42558 22001 51849 47501 91580 4537 60493 32420 86685 56111 
7123 16
47465 76394 87999 74271 55105 47314 19489 11158 19726 92478 22177 54767 17128 57584 23095 43848 
2872 19
46245 5565 77664 3029 53109 76796 10387 21967 71926 83886 9651 39893 93211 25658 79408 37800 50922 15290 5149 
3245 12
16918 34803 16529 13640 17762 59501 25424 44312 92454 53768 38197 12848 
1397 18
17529 14265 45733 50055 56640 83582 1422 62582 13136 29597 11232 73566 80506 18788 92248 95221 66665 36689 
8654 17
8283 73803 11386 87588 44501 95879 83828 59438 93649 28178 5419 43786 79317 86537 45237 95915 1226 
1046 9
46590 90429 3777 79786 18801 24836 51995 27894 82979 
1507 13
62551 44935 23003 54791 45804 14531 70437 90475 84089 9953 30098 63316 958 
5002 11
31469 26815 79017 56284 79583 4951 10707 62072 18834 62394 74901 
6189 17
29089 80523 60912 99320 27544 57806 27676 72577 28025 73003 77413 55154 74773 38508 35114 35704 55709 
6733 12
26945 93077 89258 49628 29486 95617 15119 99115 22144 37530 16580 43975 
5374 15
33074 40168 84393 28992 50546 61236 86331 3151 82644 73312 10324 91279 75704 68019 91574 
6754 11
48874 16462 69574 57188 6136 64971 54195 47046 9716 60674 38055 
2110 13
24868 61289 1347 39568 34012 21009 33033 89707 86964 76856 26358 51188 91268 
458 14
48823 30142 31129 56783 97306 52949 43977 80536 16259 11323 50016 28423 45076 62355 
3854 17
2245 69562 6534 36681 23466 80787 84046 23882 76913 94929 20817 92790 32246 28893 28622 27739 34562 
2998 17
3616 16572 31009 41318 13822 95424 71448 88364 26160 12141 94677 54540 42006 59790 14986 26729 87616 
7010 13
3374 50049 76342 73618 32844 36326 84419 76992 6527 88013 33506 7866 9494 
3022 18
38872 59416 25983 426 90683 3416 6448 14072 61920 88733 30140 79857 78659 12561 6089 73124 18402 1628 
4387 18
58918 94306 31932 40894 87709 35950 67898 13442 5374 25562 72096 9395 65472 72884 58327 99666 78543 40262 
9560 11
46631 41944 67873 52476 24124 81457 8613 82282 17699 384 33354 
2295 19
92423 86721 39973 53545 42630 72977 57390 77952 65724 32922 98602 99188 98839 22146 58739 17887 70899 7720 12395 
1642 9
60376 39035 40340 3529 44640 90029 33251 32091 80174 
2426 15
62386 46011 29891 79815 47956 20121 83455 80268 32695 26876 57164 41980 15831 51424 36818 
2269 19
13151 68373 36013 77141 83406 54550 7341 37632 27432 25367 24443 96431 16400 54049 48995 21349 79711 60244 96225 
4819 10
31965 81331 90984 557 60756 60731 99325 84548 26213 63796 
6185 19
43886 10957 64503 26521 88182 94908 13777 85140 80553 39140 75533 1550 81670 50605 47875 53631 4259 92901 49168 
1710 20
69544 23575 87730 81702 72811 82128 28593 24420 49003 54573 8315 16624 79794 97475 40172 87138 70407 12570 18689 88922 
4955 15
41975 66136 79269 46207 47188 25818 22967 55513 31950 96852 19636 90349 63700 10771 95975 
4037 15
14868 98773 10238 57868 36940 47427 81436 84441 54646 25943 37484 15345 90516 79528 56820 
5565 18
4315 56005 51182 79310 77462 5639 91866 72878 48934 95217 14332 3209 64592 29798 66873 70688 39586 70730 
6079 15
36151 81771 15659 16853 80276 77000 76709 22024 26665 61223 97034 72673 49 49798 10997 
5568 14
11989 65855 66563 40116 15721 70548 22644 72568 11333 86322 83113 17432 45053 67294 
9463 12
43157 30440 69491 12448 71472 42681 21219 20179 33674 29093 5247 4551 
8254 16
71939 13658 18461 67518 12813 51557 21884 88947 59811 42451 99576 82031 81783 10821 494 31572 
1867 20
14997 39063 27386 62671 87484 52202 90226 28659 88528 19289 27367 50692 33625 83663 45859 20149 67210 6598 29385 81855 
6891 11
45402 2323 88505 75143 56573 6461 20928 43761 21649 9329 14699 
4231 17
22830 93013 28 33514 81509 90565 37715 26108 83453 7049 6070 21764 17548 68464 48429 52359 24035 
2977 12
55942 3911 26975 15505 5806 22277 93384 51874 12353 17198 1255 2309 
6874 15
78806 42765 61356 57402 44065 62996 9055 1395 95838 90385 38894 50412 59062 10907 59966 
2973 17
34945 69762 98433 33853 14497 14362 37616 34494 48717 25017 78862 12163 33642 18578 27393 61101 75883 
9316 11
5807 47309 37623 47249 75727 33100 78016 42636 19434 85069 23358 
8198 14
26204 51113 58483 66286 59495 88933 41823 79594 48942 12267 3079 10738 96298 92622 
2830 19
73779 43765 27169 2816 85802 50999 24754 93477 11521 52506 81508 66058 69904 17347 2023 22923 62515 3571 65030 
3167 11
16768 24472 54201 87752 45937 65740 46728 53198 50490 38722 12102 
4979 14
55331 34099 5945 52596 9990 18678 82888 57151 68539 69293 17766 52458 98510 37300 
6636 13
42641 997 71874 5454 54092 97223 34089 1816 60066 75695 47982 88953 32592 
7363 9
40816 91931 47600 15437 30267 41293 16559 2912 80638 
5707 17
77110 55450 94206 85162 64178 76052 46879 82908 45800 24447 88993 1421 29307 52522 69918 49598 10591 
291 17
19367 16082 84926 49231 17521 87329 66525 82558 88482 61914 12801 59547 7647 94275 47017 43043 9608 
337 13
42781 44595 21105 60311 90248 2378 60537 92183 22544 12478 36601 92029 54872 
1800 10
62554 51532 24025 39404 31341 97417 88329 62440 37546 81760 
679 18
8937 76598 98826 5008 10728 38913 39950 5442 1380 85535 63537 91702 38440 56499 66304 28064 42288 93904 
3568 15
57089 38570 66803 1417 31134 3120 9324 37582 34112 5430 38169 20511 15600 40438 99956 
4065 13
69141 69244 43537 90021 18030 33951 59940 44996 9496 6561 86029 50234 99292 
257 11
40565 7848 46943 30468 23752 43841 35009 50651 88115 10011 47090 
8596 12
65859 65049 51627 79197 20468 79440 95592 67120 93937 60826 61628 86927 
9486 16
25214 29781 88324 29916 88042 144 96171 85828 42294 1142 3667 13021 47863 25217 50136 81616 
868 18
24532 71352 20414 52243 47902 44131 17941 98580 50525 50252 89428 42156 55200 38056 4267 19436 26508 4022 
9227 11
75128 42200 67461 63726 66562 43939 98859 18981 38461 14391 27902 
787 14
93804 28454 28770 56648 68117 26830 58404 22951 18196 14260 39007 65673 28862 44816 
3074 15
82820 88267 81360 1016 32454 92498 28384 88537 21746 24574 40967 63173 61306 61127 75486 
983 12
8149 74032 80601 22963 94891 23431 63719 42650 21861 44155 13684 1403 
1133 19
89093 48670 67618 35861 41188 21741 20708 87020 41625 20269 4635 80544 23940 6023 84375 23045 24559 22869 28103 
8772 11
84201 88765 56088 87032 21002 37162 75705 14848 27890 19254 52474 
5845 15
90038 73472 27031 93562 8076 67884 60337 47640 55953 41347 2749 80895 37128 2551 3521 
6997 16
89931 98688 78792 5905 19589 40161 29304 15745 17992 87668 28159 789 87233 72751 15852 66150 
4456 18
72633 21383 45326 44020 95092 16257 30166 53482 96139 25495 80699 88132 44791 45168 83617 34274 6100 25586 
6441 14
78139 89384 5683 2647 32392 48752 68267 9868 88836 85948 74361 34475 25434 72742 
4172 19
93456 37227 73170 61291 64796 25870 89841 375 34144 9431 24224 24564 76277 81230 67135 95094 87093 11279 76947 
5580 15
59124 56641 87843 70417 51678 17189 80063 46759 17645 94222 44945 56542 34412 91608 74674 
3439 14
64887 62989 42178 39392 31612 20458 38761 47302 55859 82258 10234 75470 50004 91591 
115 10
76397 58775 15264 96238 44635 99249 50746 55235 5443 60419 
4626 15
40041 93171 5871 59185 72668 43299 47208 61425 55430 41373 31619 76669 47575 12639 27547 
9629 17
76914 33547 63036 87028 69054 51633 13258 29531 18160 50041 56195 88717 60819 1721 30591 37812 8705 
9821 19
53120 63208 39547 63571 59651 91297 32324 21714 93674 39084 58818 47720 56717 81806 78544 13743 77756 98068 95071 
6006 12
70357 1566 60527 44847 24682 82593 47446 84040 80012 86144 22513 91153 
6418 16
22844 79744 82879 91998 96150 57577 75744 3708 4176 71901 55251 7124 81382 99717 36770 55802 
783 14
41389 593 99401 50900 32306 89896 63943 68715 92020 99706 2958 18165 85759 42106 
3211 18
23753 51082 33432 45273 57344 60062 80958 42423 2888 74216 75480 17693 71341 890 21718 8863 93215 87303 
6940 15
69993 27468 24199 57710 73925 39870 85883 42102 79244 9446 6553 26739 58983 39164 60078 
8893 9
66601 1543 83218 53488 38000 90842 40824 94973 3751 
5123 16
68230 22311 31182 94583 73875 87725 4620 44 44326 87570 18712 47057 32289 35623 26371 60536 
2260 16
93385 53854 49470 43072 1867 42714 97427 40058 21737 95866 87116 65117 32797 69575 31416 29339 
8139 15
20698 57494 67726 30109 54522 68501 56432 99605 98805 12427 8074 69867 93749 10964 4255 
462 14
11995 88288 65678 36094 92412 12322 82077 31505 72407 29109 84319 76817 73681 45164 
8505 18
51950 91543 75626 82264 70781 63958 99498 40259 80284 10869 86182 35399 62215 44883 68405 68816 53693 64527 
72 19
78903 86298 89314 46450 48253 91093 11162 4881 4102 54942 91784 59615 12452 17698 60433 38635 16099 63639 52737 
6202 14
35878 47571 3489 73534 70036 69527 37978 87037 92835 18657 81666 32439 26051 88430 
9460 12
2404 22338 72555 66906 87693 87181 10043 3868 19632 60724 27752 43007 
8518 10
85977 38231 56852 92374 41806 11461 22438 97315 1534 48724 
2339 16
95783 84827 69216 65811 86162 55998 93801 48621 82212 88562 13989 73062 98479 16402 31604 676 
1195 13
9331 14934 67451 34 58034 12925 16525 81708 60713 65784 61163 99673 79555 
7841 19
53855 51679 13603 47100 18316 24318 59880 91832 29602 29245 38953 73346 48987 34294 17413 32406 72893 40280 92195 
2778 14
53630 5212 64301 10732 12271 6688 13424 95289 7237 11107 75312 5981 66600 95839 
5107 8
26124 16207 99782 89436 71935 42282 25261 74495 
124 17
24621 24050 73992 27245 14060 95809 42217 1761 15639 22781 19998 50535 14797 15396 72008 98554 59965 
9095 14
75822 3621 72812 18313 37934 86290 12473 93109 49484 14246 17192 86613 92928 20395 
1229 12
79616 90096 42863 89893 11794 11142 52749 50904 8896 76472 79141 63469 
5450 17
57511 82616 22566 52840 68959 59419 57238 38670 53752 14522 71235 63132 72058 77409 56603 15446 29993 
1004 11
87426 7509 2399 71234 62479 24346 19231 71759 40950 77426 99535 
8795 16
47816 89427 30617 31898 51607 7588 75616 72714 7515 35653 81608 33606 24629 34827 20115 19282 
5687 13
57895 80350 56915 24711 77519 93903 11163 16767 99532 26971 1309 40386 82885 
9367 13
49908 10106 43507 82428 36361 49525 23025 31744 69960 94991 55924 65640 19891 
5604 18
88745 9206 98615 83808 9978 26363 26512 42354 3229 21085 83291 89538 19539 63689 63423 74267 95456 75707 
1024 11
32114 24268 22368 4972 52032 38759 61721 82442 58408 68426 20277 
1899 14
23284 60303 1716 58204 38591 57857 20237 18414 54589 9339 3380 93748 42150 25893 
6054 9
4824 58795 69265 4114 19734 63110 15284 52082 61539 
6772 13
95671 19919 86445 24112 75938 62509 23500 45113 88834 90050 95512 46842 68161 
5360 17
33065 91915 18325 82605 56937 43051 56856 20246 20416 31018 55642 66546 76585 22487 1845 73095 59857 
4395 16
66605 77725 91034 90725 91851 84928 93784 48010 82899 14023 68609 78663 12772 69050 97933 19596 
2097 16
71974 13950 4479 36914 56512 59220 99396 58614 95184 70408 55915 30639 19472 72902 35119 84576 
1345 9
52360 31986 88362 82341 91428 42322 94509 23559 51800 
5060 19
99538 8671 5821 5710 60166 51808 42640 80635 99827 42848 30432 93882 7655 6748 90212 81536 93135 90078 73157 
1274 17
54462 78981 66288 23872 83511 48214 60824 93789 61181 82843 76576 41491 43074 4021 27435 71581 65240 
7044 19
68706 5434 32077 19378 7181 3822 35737 95244 31924 97215 80696 74382 64793 90484 31676 2768 40101 47887 28427 
3698 10
91786 32312 3504 64709 18098 68347 32386 8503 29770 24081 
6115 18
63877 83165 74708 46716 63246 1292 68866 8724 77082 28690 31377 25374 87223 30659 20120 37543 61183 7852 
1855 16
62318 68164 60793 73051 15651 59700 73047 98138 95525 29595 99613 9069 34946 97531 58574 42300 
2548 18
32726 86711 57484 28728 32195 13294 33891 47803 86674 45656 74100 75343 94111 84796 4499 79523 27691 52917 
5927 17
22990 88017 73285 94921 86311 23237 11724 4502 68074 9056 88502 67751 19163 72367 49451 8321 41383 
2786 12
15562 29626 88803 99560 10714 7537 53376 38790 72419 55427 27246 34993 
5414 18
8490 78999 30731 84941 41518 31708 69829 85234 76097 63447 36341 53147 58529 51631 92265 63488 53896 26134 
8098 11
20487 52912 86941 35499 83543 6241 32178 48510 45918 7982 98316 
1176 12
17553 92171 91262 7382 85015 58895 35942 46632 57842 84570 38649 63336 
1659 13
6279 53843 75181 66551 60276 19804 50300 56181 17025 42808 55938 76475 43695 
9553 19
86467 60561 22616 44997 10375 42722 21529 87340 15090 73449 95899 66104 22578 84565 78814 64309 81772 45017 323 
1241 17
29536 35438 31753 25953 22364 6017 67054 32832 86125 58465 64170 38480 99029 90313 34500 47856 33262 
3605 19
8975 83102 13642 45987 61346 66554 94252 90870 23769 87257 68443 72147 31578 25793 27779 4942 83853 98521 42192 
9418 18
91655 20980 26456 78381 62226 43477 76325 73199 92734 67217 39933 74813 38012 90469 23166 6337 94844 31984 
561 16
96955 95256 53763 74585 62468 97761 8806 97800 8987 99897 85188 81332 72772 51002 25871 58923 
2709 16
36546 24031 80085 18216 45712 25044 38049 82438 7110 23723 18647 39089 87374 336 34423 12126 
7339 14
77692 95078 53848 47960 18156 2107 32093 28568 29228 27500 5671 29480 50903 99861 
3178 9
95352 26701 1693 19187 82984 57712 87319 92434 38854 
1773 14
68833 73845 13988 79356 16687 56875 23778 79246 13491 70494 83220 93441 33405 61380 
6468 18
33024 45359 52653 12308 38772 39842 6743 29476 93445 60710 84678 2730 85490 43956 3664 15038 81275 68680 
6380 13
96388 80460 22929 80653 55784 80477 62129 43186 64808 94526 39333 20074 90161 
4213 14
94775 24738 77531 94145 28342 79678 26825 30834 66911 9895 46208 47974 29636 16057 
3459 20
33307 1678 87515 77920 8575 57400 24874 17120 22522 25755 87562 75515 71217 55157 65964 10876 12206 53358 28136 97886 
296 16
13112 53679 34006 34131 9523 80421 62489 18247 68972 44461 32470 7083 95246 70315 5286 18353 
2991 17
80187 71546 18985 82300 90602 69656 35481 465 85266 37044 60312 11897 37961 44075 3424 5604 11800 
3038 19
77961 87132 35781 39108 74535 69583 39175 6670 78023 15187 77621 54771 6021 85081 42724 15116 83715 87299 88556 
9610 14
26024 15889 72458 10310 73708 51124 99410 59639 7226 82028 46899 81281 94445 8256 
3788 18
20309 54384 94356 98751 89413 67305 54710 91594 18810 99265 20704 45294 89924 4613 26619 94641 79613 35027 
9054 16
11539 82773 32564 136 34054 95968 78437 33939 31147 84455 24491 5049 83144 69410 7915 73214 
1679 14
51344 28976 19995 68538 25432 90049 91367 6282 57066 96725 77193 89694 72933 20174 
4089 17
56486 23728 81364 18207 33144 73720 92034 41204 10863 73313 80200 28599 44781 51237 17923 90666 8625 
2143 12
15678 17145 18889 34395 67372 79592 87144 21511 28330 86761 98833 21501 
7712 14
94213 22839 84235 3731 58366 78096 99968 33950 19926 11676 46468 90493 55276 41698 
9071 18
25835 31204 95547 67721 91316 40649 90759 41982 21056 71336 69935 86439 12463 56557 9845 2797 96832 42509 
5030 19
36814 35724 8186 66633 1763 82133 53718 90423 10444 57136 30735 36144 52071 42899 98456 19728 44278 63887 43874 
7177 10
37924 3402 79707 28825 2230 7818 98723 41812 41307 91994 
2504 12
449 34013 53082 33155 70525 86931 83227 56410 7223 370 67989 48916 
3124 14
99244 31431 99456 1683 57835 79809 42065 11593 4303 89360 88888 45851 24803 7441 
7164 17
16300 88532 51927 46932 93598 11034 51026 11250 1665 26683 11969 92743 59655 89788 4667 1126 32675 
7786 17
17896 28405 35502 53760 38905 39415 79747 49193 95619 54098 25158 1248 58615 76788 98713 41312 30416 
3156 15
60921 70022 44433 17659 48445 93278 41314 20300 18056 82727 5883 69169 68184 43827 94725 
4463 17
28195 7858 47964 39388 25685 25398 53413 49953 83013 45282 829 32644 79233 90453 93378 33779 47407 
2842 13
35329 35245 86651 63993 70850 4957 56372 25473 64561 9960 78882 38625 36178 
3612 9
12164 75570 74097 16598 22854 26970 15834 60652 25134 
2200 11
65165 88829 99833 71186 85916 15714 48075 57766 20587 46567 98647 
1640 16
80930 18860 91380 10173 17916 7256 57479 21242 61934 82408 230 5558 45617 97768 46517 28535 
8366 15
92987 85671 42380 10967 83581 90808 83744 48329 53228 6347 69000 38146 65423 87384 57116 
949 18
85340 66774 85625 99103 51721 16433 81237 96095 35429 22710 46937 27370 44036 8189 75318 86022 34020 83829 
2346 9
90784 38852 62638 23022 5214 75265 33916 90132 2355 
5668 11
51313 78751 96666 16157 50980 66577 60769 37264 64684 6203 41952 
9169 13
11520 11370 56712 94001 84264 73787 57665 25298 94834 20169 78627 26658 31518 
8085 16
4954 97376 81805 55989 19725 92916 58823 21077 75703 75493 24745 98690 87050 79086 66731 31991 
2165 18
39897 5751 15537 41707 31359 34551 58770 30023 31140 14905 34105 66297 7075 25994 34557 86229 83067 42089 
8252 20
15644 24053 43887 1999 37139 22870 75849 95482 36026 70777 48007 41332 23250 36571 62528 7933 82089 29847 3773 66036 
4355 18
55999 62148 73320 57430 45052 87950 1478 7753 56024 50139 81916 51294 98644 28851 13807 62132 47254 60822 
5607 17
87884 13976 52916 40859 1577 47916 93808 59715 1237 35592 99744 66512 1411 49891 2953 25977 86135 
2722 12
30535 63545 91360 58239 98911 75712 85352 91586 2495 75932 68648 63596 
1845 19
3355 18127 78228 74723 94274 65950 46178 94414 42100 3882 36266 68031 71105 20129 81059 32815 41147 11601 71896 
3622 19
17987 75569 4741 17060 1945 95080 22725 73330 90636 57909 84960 44900 89331 42567 76681 66237 80674 11707 12239 
3091 12
90370 33403 33875 78266 8607 29249 64373 30466 11278 50612 86977 57247 
5219 14
22188 22397 30980 48243 90846 11650 65749 94762 15058 27426 89641 50308 86054 68110 
3764 17
51167 60792 85103 56429 71135 95518 6181 86064 75741 60695 26712 89748 69806 33508 6290 76664 4642 
4713 19
7840 20958 42024 16018 4500 47016 6256 15110 97498 15233 2430 70362 79089 18798 344 86903 55232 20393 76521 
4145 19
97083 92108 70297 41819 42562 63541 81685 31357 74187 27858 17431 94869 40349 15333 582 85829 46297 47120 74678 
9406 14
5841 90664 38995 99727 50040 37802 61802 21450 61266 71155 34427 4440 96098 99586 
2942 12
98932 81564 73004 90045 19722 39100 23015 25245 86813 6497 54930 5417 
8677 19
59762 61954 69066 98603 36527 63444 84362 95939 27075 87787 86212 5765 75934 11813 57476 65537 70719 55736 54100 
5655 16
87254 27569 31623 17713 94210 61881 19140 40980 63330 57935 38466 28850 37951 36539 71214 87381 
7871 17
3498 48620 68848 61404 47906 58400 5990 20931 25031 58297 98450 26575 50662 13896 87464 42478 1513 
4277 15
1840 87780 43436 34590 50526 21120 59812 76239 41002 93834 43504 46843 99806 88908 15890 
1351 11
89302 21165 47154 31055 36187 28930 19843 91501 59813 2942 36129 
6150 18
49284 99629 54220 44012 75076 77013 64338 37180 62165 47484 13041 29653 10418 99681 82490 64973 8500 26833 
6916 10
11809 72127 50484 73880 52775 69602 41285 30454 70456 1234 
2614 9
99384 88518 40388 15457 15353 87271 25308 77377 57051 
5502 11
50235 538 37230 86072 95575 44134 31933 74739 59022 7192 77010 
7914 13
74671 81934 97637 1456 96940 44292 66882 49133 46977 74167 16138 59744 21151 
6137 14
49339 2745 93606 20860 29301 94337 87126 39948 84257 11968 74131 53930 73726 30085 
9203 11
24592 81842 27088 71731 83264 8470 38458 6905 8113 67814 91060 
3583 16
53798 90911 68581 4863 47975 88876 3620 70855 70646 75039 4142 84632 25809 26736 66245 51240 
5418 15
76701 69668 94932 10077 87036 23189 36269 89136 75454 41145 11184 14148 89810 72039 91653 
1927 14
40567 86437 73243 91736 23592 23729 3347 37925 57500 77772 33481 45031 32340 27236 
8088 18
62620 15338 85361 77674 21981 72158 88815 58535 88903 52491 41880 69830 76440 81787 16299 59852 74629 19779 
1401 18
21662 36831 32087 99567 40839 88283 25313 59882 89744 35776 650 63603 33765 4430 85309 63672 77727 41249 
2265 14
88338 46964 19445 84763 21588 40925 61153 81633 79075 91725 67068 26519 79060 70665 
8285 12
57228 15191 77979 45320 34260 72167 80043 3807 13554 21592 93030 96181 
6422 16
46069 50202 65229 32920 63944 52344 5889 24331 47794 13722 66875 66921 35634 80055 88776 8087 
1296 11
80466 19174 88340 88752 28937 9005 26826 95303 84642 45191 95991 
9667 14
13401 59887 70655 54762 90180 36504 43833 16180 40011 66302 94791 20501 66630 50609 
141 9
61373 52135 42032 33554 84401 11061 1616 27534 21027 
3742 18
22010 98741 34927 57230 19787 93305 38617 40542 24138 39609 38515 12235 70768 90056 10046 45008 53473 43408 
3694 10
5169 23734 15275 25839 18790 41072 71694 35134 51636 6270 
1432 14
44014 43667 71266 696 74840 39239 92158 63003 84417 35888 4996 39998 26297 1554 
2492 18
41180 56007 82041 67160 55340 65972 10573 26445 16424 25717 12462 934 26662 43496 38532 49305 23647 78017 
3147 18
95666 38394 99293 44216 68113 53785 14779 10737 33718 58389 16008 65986 86080 19203 86918 49251 66151 13856 
6338 16
99700 12190 87196 95615 14542 90076 24605 84191 50679 68607 73241 45550 97460 85867 3993 87956 
4473 17
42415 4317 53865 73746 26005 6122 50259 71325 49167 23389 43064 18569 91984 51623 80782 50710 77021 
7727 16
68591 17593 29801 91238 64528 56360 55257 4853 89355 92711 29373 10655 87259 13749 65973 29875 
7278 18
45108 35900 35771 50232 64332 86081 52228 8948 16466 46903 64488 19675 22653 37699 68790 72239 39541 81138 
5818 18
55359 1281 66216 84011 40475 91785 98400 34960 59170 32589 35342 70993 6644 14283 10087 51908 72617 63941 
8862 17
64911 61951 22413 40222 51933 80888 95974 13733 95484 85213 21263 61649 10058 95183 4895 92624 48111 
6977 16
66128 32183 70449 71114 50143 75975 32393 26326 17293 1942 99975 97203 16614 48057 70124 99006 
1601 13
1408 8350 24960 48156 44328 7951 86336 97871 77556 40625 21338 39225 98568 
1806 15
35663 95881 8055 99125 32173 32945 36420 62397 28519 29134 14206 55015 84606 7187 75820 
3507 9
1983 45935 78255 90321 39656 49256 12840 28944 38983 
336 13
33376 95097 68306 69547 14879 35413 708 45101 4456 4018 20031 78480 72530 
6953 15
4460 44169 71259 40597 2391 45821 54548 6931 67642 46259 29728 66523 84887 52169 46501 
4284 16
72299 79590 23103 39219 74488 33387 94524 79501 99442 4492 84059 55489 91306 76024 95026 40266 
5272 15
37152 26000 54677 14946 18631 83652 52185 49264 38740 37519 79790 44610 8396 50995 82744 
7218 17
75619 17868 42873 41014 91340 46565 67526 9385 10604 19101 45458 68180 21624 7404 49821 58235 88476 
1743 19
65475 29366 24269 20821 94296 50750 23004 11480 12591 89597 50948 87627 76602 9692 68503 34912 12481 80002 24247 
5966 15
49097 54755 19845 83074 13419 31161 68638 84774 24337 37855 87237 52220 27856 71086 32717 
1777 10
13881 96529 65113 45429 12658 77184 93435 43822 45486 90073 
9986 15
48409 4568 27290 7492 13568 11635 92716 18829 59227 3996 67087 53312 70134 48586 85635 
2976 10
57087 71809 78019 67248 96358 90825 69552 74210 92701 38303 
6225 15
3853 52624 31232 72035 64631 97901 63105 9802 56791 61592 67632 70498 99741 98460 22810 
9060 17
17460 91847 85768 78524 15588 58438 32288 49125 82115 30539 2832 39421 51498 28418 47744 3631 21954 
1886 13
23337 32430 90527 69917 99025 18501 24943 27423 56011 77196 19375 76267 16148 
2162 17
93034 31645 49668 54504 17961 42376 81610 63614 31401 84861 54449 34879 81932 66269 35593 33165 44531 
3730 10
53438 71144 68549 12766 87049 77932 40837 86078 69943 54628 
4351 15
39778 19361 62473 29015 12710 91438 46872 11978 63437 74284 79471 16849 38794 46112 55224 
4068 14
72005 57186 46190 73470 64187 19220 53856 53021 24237 75385 93308 25918 48269 79609 
8572 16
5616 12537 23157 22464 61981 96767 11908 88489 82427 99978 29877 64529 54514 35534 53430 83108 
4988 17
16906 38009 49700 51197 11200 28523 11922 61986 30035 29791 50618 35058 20568 93955 64253 65045 65671 
3467 9
28997 56363 90590 36992 89685 48225 35798 8128 7214 
237 12
48154 91842 88352 73477 67478 86725 31849 80910 82791 7343 95786 62161 
7803 16
44789 49077 74195 77821 64949 29809 15174 22727 2896 4527 37021 12753 84449 27483 37234 54908 
3844 17
22443 86247 81936 77980 77212 16535 47994 57808 48097 99259 63905 74506 29882 56014 28254 9553 23640 
3550 13
36462 62814 67059 38174 48062 60417 30761 44797 74796 25997 9428 61815 77749 
9291 19
61965 90997 18754 49163 67203 31620 98661 55315 21108 85620 77294 70367 28135 26874 18872 43178 28222 6043 66701 
9286 17
26395 86477 26962 87900 66849 44411 43336 11219 12145 5441 4490 4073 27276 91755 61292 78822 99937 
3415 11
76940 15130 51104 11174 9039 61919 5836 68213 68404 57367 56476 
2075 18
24782 49072 84055 68423 92693 1448 18433 18122 39879 70852 86288 50393 41424 99139 69430 39111 4859 38228 
4859 12
72169 59151 16224 16957 41671 27090 18766 71993 86388 97398 3792 33989 
2595 18
68600 24051 74434 65394 6211 14294 53077 47277 7402 43589 89403 37988 99774 85163 21527 32210 58789 56102 
7042 18
60582 42074 72464 37687 49221 64879 38712 77640 24343 94727 18110 79123 87349 18938 1911 92896 27467 69648 
5269 16
27223 38405 26048 5257 7929 86823 9236 24854 55893 61193 66959 41417 34903 79595 84148 63780 
1427 10
98986 40047 8827 56741 82504 7576 36020 86916 75006 87619 
8587 17
67325 4685 62910 76951 61696 64378 35465 37892 96446 44756 2274 32612 61852 79082 47251 75555 39498 
1420 17
76512 27803 26410 18028 72371 28783 88102 74425 89894 11526 24206 46426 80524 39276 82035 1597 84686 
6633 15
3560 97717 48990 66888 63971 28747 23120 50672 4861 71810 12603 38820 91131 46796 69673 
5408 12
19633 66077 91673 17041 29436 18040 9079 65560 80071 48945 76400 16106 
9960 12
54985 19578 87648 72481 90539 10159 62212 81485 72726 6102 51956 64334 
5555 13
43114 26780 5128 48511 40617 72557 77368 44824 52666 43089 53231 21604 88406 
6134 18
88845 8314 20223 28511 59575 15983 16441 83989 46847 72197 54442 58272 21341 84770 53746 3 93362 17304 
9007 20
81262 60182 80618 14445 4163 59658 12347 43561 14134 20795 44806 20561 29593 80807 92554 35901 95500 83338 84699 5882 
8613 17
50683 34227 28574 89288 93189 54571 34023 9037 40149 90998 1713 69355 91488 84969 63359 36244 46159 
5857 12
6504 40680 85184 94779 99699 7444 86694 44471 65193 25390 76320 32808 
3406 18
22649 39556 28551 67680 2525 55139 82917 53507 3749 37390 86556 77535 84299 66604 2838 36740 33196 91345 
1488 12
24347 5672 94462 22695 39288 94939 1762 80258 32887 97224 14619 37975 
6128 19
85397 96771 85853 62723 29074 75456 63341 70693 15529 17948 1159 29902 16392 72733 70642 61463 2093 42189 32262 
3892 16
99035 36386 94948 62900 98800 67317 71082 22403 53692 80893 32622 87941 42265 92764 86775 730 
1314 18
63642 64889 39913 66611 52397 97131 24981 39692 20714 55018 3071 12496 29706 38917 87717 89598 46120 52882 
9331 14
22983 70780 57656 61560 18687 45190 31863 69600 4633 15630 76322 67845 90150 80320 
4241 18
65406 57750 63342 28901 11817 80956 62174 87208 32512 39604 94093 64581 69432 23074 72229 5812 16678 66206 
6388 9
25759 33785 14052 57679 70658 78503 27325 21305 6068 
2457 9
73007 58821 8334 24780 77001 23508 55480 91283 36987 
3461 17
64719 45251 52546 63594 86615 83545 53146 75743 24671 80802 66513 79482 57471 58934 78432 80472 95085 
5163 10
9949 51805 8801 91531 72750 94280 31343 19168 90373 13938 
1559 12
48838 83093 90715 51878 13735 44809 57844 91615 49428 21448 94008 32310 
2049 15
8173 58646 3273 98753 8094 22890 13156 49714 9086 60204 13521 75571 79668 8782 20983 
2159 13
95876 5075 42551 11073 73915 5738 37790 3137 26220 99497 4601 47592 20067 
6760 17
58782 18940 39307 55649 84077 77028 92406 62767 98616 10514 85057 950 76560 44692 65570 55458 52244 
5931 14
49252 96836 99511 9728 40080 44063 27522 96216 25042 49678 65322 45909 33896 17093 
1268 17
47798 98037 17914 42468 30239 12045 85192 73816 97669 17540 21854 6648 2779 99819 5787 37784 68325 
4975 16
46795 82202 31058 50453 59131 4055 34111 44093 17712 31660 9209 32445 95820 8832 480 27153 
525 16
94441 92659 33689 6186 87052 36685 64999 54681 25874 50718 62853 88009 55125 27442 62749 84806 
6779 15
96152 42236 97360 81514 80698 32041 23458 17379 28854 55496 41851 47812 2282 64426 24773 
5254 16
86005 19128 12758 7143 3033 77475 56441 56823 36272 41281 16734 28576 54325 37471 14429 76406 
4474 19
98925 8893 83084 60352 14861 18280 74781 68201 55416 35074 68386 43774 85556 43219 86983 97113 27083 84418 96342 
9550 20
13768 16900 62462 78565 42609 41342 7589 65218 72705 8236 4066 1235 72989 84170 77601 55522 24547 62549 96624 94058 
2376 16
5633 12138 54962 15707 24430 91467 75624 98333 10170 52992 49492 37443 93898 23742 77479 1632 
3470 14
20558 98740 83206 73037 46955 33836 78132 77800 56067 41087 72116 20222 44068 23632 
4614 12
4248 59414 38614 92694 6797 80231 11040 96201 89416 90052 32798 76366 
5357 14
30926 28226 61566 49688 23666 61616 69433 2897 29070 41159 14299 41964 15395 86499 
2608 17
17701 94767 70583 49034 37863 80164 11918 79658 86940 54742 36745 34119 56123 99212 54180 46504 54120 
3737 15
43158 47737 85327 59688 21489 49181 88312 12565 21407 43515 34756 68991 84845 12217 59149 
8828 10
20517 8643 98048 60340 54634 54746 73633 2725 32078 3074 
6386 9
11094 19711 2109 49757 59511 71764 17594 22813 9874 
298 14
87783 49269 6889 90928 39384 71580 25702 25256 12166 65862 50337 94726 18279 56063 
6262 18
93060 77843 70207 36002 89241 98920 65048 26480 31805 94372 31089 90285 15210 67794 69858 27910 79897 46852 
6084 15
80020 41715 91466 40142 69840 81884 21830 70603 29120 5947 24662 75328 34816 26978 82735 
1029 10
2582 19794 64097 79024 7468 15258 90196 25966 52505 55391 
8260 12
8391 43255 81941 63560 47005 35133 92119 2337 83122 75316 59725 87805 
4106 14
20739 30996 4571 44682 28660 60014 45631 84662 91470 62699 32081 10172 8488 45410 
9461 10
16352 87580 40413 8414 78587 40090 87140 63315 44422 35751 
3877 13
56436 96445 78695 10917 99715 99109 63049 51413 73025 49300 93138 71269 15317 
5510 13
66083 80974 15448 45455 23029 61620 49426 63147 67104 69642 78494 77436 64469 
3617 11
48872 74355 19089 84356 91049 44752 69277 40209 23200 28124 96141 
6783 11
79679 38845 16383 33737 2324 44717 67583 48392 51427 16770 82698 
2900 11
63775 64218 28661 71673 15207 47321 5624 8159 314 21725 42158 
5736 13
34072 6524 95208 6920 99003 20135 90598 5729 22150 55280 32846 47874 66362 
3034 18
44302 45572 70245 1035 25349 50059 69266 18416 28057 88522 91869 64024 67044 64825 65198 41881 86482 97841 
8981 7
73258 36381 52999 53912 87611 89217 68881 
8890 13
63102 6725 5858 26620 15643 98464 79810 42631 29939 14151 30752 3650 96640 
9184 11
96894 72730 985 35390 97967 75685 47061 87228 12084 77795 59372 
5095 15
17113 42635 10740 2442 9341 73565 35594 35743 72588 34202 57603 23429 49580 74182 54888 
7148 14
32426 8543 13913 3013 52707 4474 15901 43448 71203 71260 48396 50825 51731 52590 
2631 19
28844 95646 53154 27196 48846 91910 65968 46628 98470 51443 72913 92325 86463 39248 49839 63405 11334 72613 30747 
2079 13
82091 87837 87813 10174 9323 47464 13037 60294 65350 96654 24382 87657 22275 
1948 15
51547 21221 44912 85158 90682 44627 62011 21302 39560 47299 87494 27621 80843 99273 55184 
5438 12
94553 87397 98 68452 13272 44812 6373 76256 89930 49632 60056 527 
9508 16
24235 75059 85016 85823 67267 98168 11493 97151 76912 40741 5450 97289 7592 92230 12510 78213 
1966 17
96754 69105 79121 32503 89946 22877 83505 51362 78308 57809 14222 83275 18759 44201 8523 42289 60672 
4170 17
24690 78045 62164 13380 21707 9654 8546 56800 84045 22287 52006 39584 83717 62841 1918 80354 61321 
4855 19
21275 1671 85241 54726 96302 96900 61253 51015 44135 42704 60112 68090 48909 46226 50795 27092 61824 74976 66955 
5664 18
90558 48407 99451 46966 62042 59453 89379 79939 64089 71750 23238 56387 74449 23990 26666 47216 35355 6082 
500 15
91652 66310 83347 58655 98148 78037 25274 65414 99206 71608 23993 53816 22226 22260 98225 
577 12
70531 87248 76519 15164 48924 78649 2151 33333 45770 40761 71558 598 
1002 15
64128 43863 53213 49726 79194 45978 38278 38792 19564 61038 9968 27661 28160 29363 75761 
73 10
82289 20938 78262 92750 76043 69928 88601 30379 79103 22148 
5437 17
58359 29133 84137 62156 75118 39244 78972 63416 40517 90727 10326 36537 70941 99313 46209 49865 37541 
9889 12
17833 75653 75279 33093 70722 99860 32305 47077 39701 71030 55108 29752 
520 11
24213 81727 13982 61116 41348 19502 13745 90702 22444 34091 110 
5789 15
54566 87405 50132 13429 62416 347 78124 30447 16737 31614 89758 61402 34964 5401 97026 
4669 14
53493 80104 50155 33474 20140 51957 97651 38851 97200 7570 70364 10928 47499 16777 
483 15
82157 22428 31983 6826 28793 55175 96505 76401 64702 13374 60976 33160 35897 23936 32841 
6623 14
31681 42512 49504 26996 96838 31814 60235 2008 2855 70799 33766 27997 4384 46320 
3082 17
95073 47959 69563 79929 67180 66131 20974 45221 18826 38318 34409 29097 34061 15789 87532 47329 99318 
9061 9
97758 6623 14719 47228 34454 40717 6237 97493 36314 
7261 9
42784 11531 9894 56593 65000 88509 78525 1049 69987 
5365 13
98729 63086 55549 60003 55733 65329 14488 99138 52159 25135 25076 14543 14312 
3818 16
40684 36133 82884 79850 85029 68854 88240 84791 21513 24980 30574 75954 37897 825 96670 55017 
6215 17
4949 29973 23386 11421 16553 94148 52762 4744 24129 2140 14576 56408 67089 94517 45216 49415 96662 
5756 19
65536 53238 96998 56170 63638 12744 61638 47231 93402 34190 41802 38831 3436 29088 35867 15951 15017 84478 26779 
7092 18
42777 47563 24410 40561 51913 78613 94096 93133 87291 63367 33861 70064 63378 23563 36091 43485 42356 98147 
7076 11
6424 14181 29780 18364 18119 38997 50088 16937 57314 56881 90988 
9506 17
61131 32320 91177 53947 73605 54080 28035 82657 2253 55571 95401 73120 64272 48747 33125 52150 24168 
2429 19
19201 68148 80317 14201 49180 50104 11679 8951 57579 14625 87863 37185 11092 16390 65499 2292 14546 85520 79520 
438 16
66969 35391 83889 99274 35054 32649 42082 11330 66175 69232 60434 89610 38629 79345 26861 63712 
6500 19
25719 2890 11085 98012 73916 9035 96711 78351 64823 18749 53992 23687 72995 4401 45027 99291 20652 73215 41780 
706 14
20841 2800 13147 15331 28375 10091 9322 90300 1804 20981 96598 10130 21956 27067 
977 17
51661 15208 57082 59726 47026 60321 15137 4854 20231 11836 80977 77463 30726 81745 55702 82424 85982 
4154 12
2105 3619 50924 26091 32941 51548 66068 1117 59035 63752 35994 89968 
4101 12
2013 840 65631 92118 16166 39838 8983 65510 30611 37650 97993 58277 
9836 17
78858 64956 79991 32683 72558 92220 84746 85288 65991 46523 10156 37094 34747 49563 32046 63244 93608 
2013 17
92691 53835 31217 65444 23008 25257 71968 44499 51428 16225 51244 95549 58155 22440 9792 64668 41015 
5471 15
65498 60059 92558 62953 90653 31354 54303 85226 33430 64136 70949 24670 67905 14515 44193 
7039 19
91512 67834 77918 35573 42126 42519 36815 98041 27978 83474 50114 77076 85555 72967 70713 76407 20064 27899 71440 
7217 15
73827 39816 63234 52813 26071 60144 6572 96348 10306 43719 81395 90888 30053 29793 50363 
657 7
39742 7188 35060 62073 28948 27863 42847 
1973 13
28670 94800 27527 50348 37676 96683 14394 94537 24433 68673 65534 5102 55929 
3954 15
19488 82309 60846 65040 65492 41916 73802 89107 29964 43546 26948 53931 90743 73483 41484 
1544 15
30370 50240 16649 25713 67840 47926 39271 29314 37213 53034 8966 84168 91937 8785 62433 
537 18
27234 39709 25397 98577 14282 26854 30595 85228 81256 86922 51889 76734 91758 17842 15699 2473 98569 81581 
7258 14
13832 49014 66786 79746 73383 53365 66192 83588 79404 9938 80630 33015 60285 51793 
6387 10
85082 78762 98934 96352 36080 96160 47331 16104 29687 24505 
3557 20
32255 10628 92543 46084 91890 67424 68202 72189 1414 29299 13712 49773 74202 74924 88257 82178 48606 63197 73815 78521 
886 19
58244 96329 56359 50608 1077 95729 59837 74639 99355 73724 39817 22617 46596 82062 99704 8700 31949 18089 87083 
9591 15
43839 37744 33083 40885 49227 30186 95630 98317 88000 54621 7387 50510 20689 67101 36136 
3092 18
56358 18211 77378 41758 28130 30594 53688 43220 52121 52667 31908 30153 97590 45266 68998 61478 76547 85027 
1197 14
4445 54139 34328 66971 98846 18933 32299 48822 53165 64095 36944 97410 83781 68030 
5772 18
53135 33608 6692 16659 4031 1982 98318 48467 84184 57570 12725 23061 97814 84767 44449 93297 50064 53899 
7445 9
54006 15917 19351 80365 80625 85554 84320 15716 33977 
7166 10
43444 35811 20255 99387 86148 74754 49505 59221 58833 60261 
3342 11
72979 65979 39507 52081 84123 4931 49654 44990 9122 9498 96178 
156 11
13469 15885 65197 1251 54977 73296 20438 46885 42859 47307 36043 
8912 16
5735 53735 31202 11771 61440 51355 23631 24608 57032 74752 37555 69852 33840 67082 76800 51469 
2176 12
14338 45715 74899 47153 44644 54381 94953 11353 48618 59273 48137 27705 
1537 19
83836 48693 12074 77438 74527 42729 97801 10681 61374 87307 33275 37321 69114 17099 72268 54007 2729 6451 86409 
5873 16
51111 71845 49162 80581 64148 25664 72106 31494 34432 30683 68214 76811 97334 11228 45383 26816 
4019 18
46896 75900 24748 73502 77622 68577 8242 4418 93507 45883 22638 28194 97352 57610 70984 86048 97287 17988 
2751 18
77763 69810 78785 64018 8216 89382 75564 47387 30553 57073 8193 14078 14360 17685 68699 8336 23706 25176 
2274 17
13812 95580 21433 5724 14237 69748 706 81383 51872 20424 31581 5336 83970 50802 95634 89548 68863 
4239 18
83856 72788 8835 72470 11778 27459 54302 73663 64173 30504 14163 65491 82755 96547 56899 38862 41561 66500 
9733 14
39173 58005 38374 90923 55543 58337 16989 55530 77857 25678 52738 73503 46377 4715 
811 17
94207 7006 87847 13093 66814 43056 33777 60123 32257 58470 87977 36628 18871 84120 50881 11148 68738 
3290 16
23482 82662 90740 18661 76 33484 84907 81172 43961 93512 10959 14447 28385 91742 3676 79759 
1618 18
30016 59773 98289 41190 34808 30245 19733 97250 2216 37148 89628 39408 59552 81907 27330 43601 36 16210 
7830 13
66809 64497 77190 43505 41142 83384 7133 85147 52375 21907 51238 89960 34488 
1516 17
74133 89052 28928 6026 25096 65931 21851 68551 75545 54631 35392 99725 25771 88346 93938 86602 38377 
8924 17
12031 37607 75238 70709 35164 63884 4045 74346 39946 96539 19112 35280 43711 36417 18916 60589 3317 
7452 13
33899 75969 55173 94579 68860 70818 17398 70801 44527 28031 38193 87337 73154 
9833 11
74638 74124 14706 60218 13060 63306 4580 29207 69354 33929 42595 
3347 15
67037 18047 27081 63909 73956 39798 79488 42963 86885 58386 88907 73455 63417 56624 24924 
4618 15
5242 12430 78103 62124 44069 49356 18713 73190 39285 56330 63734 86718 97876 99623 95468 
1815 17
46231 11472 77584 53452 93261 73409 66241 96408 32932 11558 62223 72567 19271 20432 52911 7803 36287 
6755 13
74337 96677 46218 88384 15022 82002 5630 93105 66399 39126 16885 39548 14412 
4535 16
77091 28322 69520 66425 25667 36600 7516 58582 4879 96236 81877 60973 57008 17603 59703 30949 
7666 18
57985 21917 59732 69744 10829 71368 43543 72848 62577 23158 64442 4587 74893 67198 35764 12676 6528 7657 
6826 10
44766 75337 41184 46958 6581 56931 49952 17486 31516 45341 
7885 13
32172 53334 16233 79056 97464 40268 90343 54360 94558 52488 48490 42446 30337 
1137 14
94733 49198 52467 23843 73122 32799 15617 53183 49964 181 41013 38498 89486 75813 
1627 18
32468 2782 2852 93772 54552 7555 28557 13616 5248 10080 32659 56680 3957 49224 50094 25732 14684 19660 
465 16
32334 36875 11588 22169 666 54490 30843 39961 82793 1139 5493 43640 48125 57715 31246 43614 
5305 15
41062 40781 82840 47738 99155 86953 23796 69757 19571 70001 43830 77186 36309 89914 6778 
3961 15
56275 23102 16499 76044 63866 11497 737 91102 22304 44288 30526 22892 93394 2633 99374 
4194 12
40861 16943 13128 73906 53815 56177 66263 54420 21300 23520 7184 19288 
9724 9
72055 9593 52416 18668 52985 90703 50861 89926 43882 
1584 14
80641 55911 51502 39082 20516 67789 21771 11055 35610 87744 92745 95584 41634 30631 
9143 16
49178 60772 25932 45158 48011 85265 88929 91287 57260 52799 66006 96999 88337 40948 67560 69322 
7344 13
77416 66432 90169 12714 8712 77088 22816 26817 10626 61206 46076 36586 81481 
3025 13
89152 795 16177 23992 75910 13068 78581 12837 25569 2813 33754 62511 14804 
7625 13
39690 98958 47819 32089 57240 74305 34769 99362 523 26625 77960 36828 34218 
7007 10
80330 65628 37396 48876 60591 4710 1617 52012 13798 45220 
7124 15
50099 54052 84187 80820 33815 95164 78852 15534 15911 72194 63152 47497 66112 76659 11559 
2686 11
85138 48399 50694 39539 3265 30298 77663 61062 82918 94333 68114 
7519 15
29795 98123 83686 77260 66397 29607 15998 47113 11657 94889 25010 24883 763 24002 23433 
6229 9
76302 75827 28422 24198 14751 61540 8106 10817 17584 
2366 14
77114 65455 49331 1973 51078 60684 39807 1659 49368 15075 93864 31925 6938 90125 
9873 18
75357 71994 34943 83456 4663 31850 12600 61023 45056 31740 95099 69032 69151 46637 786 13861 26306 96284 
9073 12
60928 33207 70587 72287 4455 9160 44937 14472 34570 73625 87013 67513 
1989 12
61260 79182 85142 89037 24761 80644 60870 97175 51836 64154 53033 70849 
8628 13
92518 10086 58598 90841 31738 19720 47784 78777 44180 70325 25297 63623 15373 
4599 14
54768 68414 83101 58642 81131 27238 90817 24474 309 84862 28444 46195 8526 22588 
1308 17
42684 98811 33440 99755 45173 63857 49382 69792 42318 96708 47574 24003 18345 54475 78234 94006 98799 
2514 16
88402 41775 87400 3575 71331 45178 75230 60439 9548 9566 22132 197 4266 10028 47355 49575 
3871 15
93037 83757 34264 38562 67022 52692 98821 67314 93465 36057 6198 86380 2283 29774 68647 
5830 18
60649 78489 12702 23539 13259 72476 72903 38494 66515 78890 24291 6634 69900 66499 72095 48468 88894 19095 
1109 10
29735 70282 78813 65141 25962 74628 83089 14698 61713 38329 
8989 19
6476 38628 85112 4882 50402 77555 82394 9571 51990 88693 67915 7459 81799 43675 36103 90827 36422 79068 71547 
6355 16
97645 41965 33872 70258 20133 84084 65387 94618 50907 17030 62766 56480 31177 44783 10185 91485 
963 12
6568 37402 1039 91036 83252 75948 83507 52089 28885 80121 30255 72532 
2354 16
34592 13855 85588 98489 36553 88758 95568 44082 64925 17389 84102 94728 10055 18980 43350 48364 
2890 11
60955 55383 53382 58072 64427 8520 58129 58257 87869 4120 59460 
7494 9
10857 41288 10663 79302 90878 36353 70468 76735 85508 
