864
627 20
74570 6016 49106 41993 94802 39432 20137 76493 13907 46427 61874 92874 60226 60962 18989 17668 47618 75802 52170 38799 
5523 19
74547 82572 20012 37009 89131 33580 80571 36834 40020 44354 48363 65454 67081 31078 64293 17531 95018 31675 18711 
3428 20
612 47401 28439 69864 36727 51354 44929 88298 49856 97430 49358 71379 56796 53296 25787 94797 87468 63123 39161 61709 
6550 19
94970 97138 10051 35700 31067 49892 65313 11530 97857 7958 93066 63103 12759 33058 80912 57286 85050 57527 16395 
18 14
52395 75224 35169 98878 80302 64396 52255 56601 55842 73308 69057 29586 74997 74125 
4559 20
68168 68591 86546 57514 29787 36860 6674 15893 34123 69713 55647 18603 20583 20961 48582 12540 28288 51072 17856 56940 
661 20
48941 87312 32402 83190 46618 77606 50977 25973 15297 26557 49350 31489 55860 41272 44823 15973 86001 9112 5110 66405 
9128 18
26264 20291 77778 14032 6199 22056 76510 50738 59735 41170 48531 56152 90595 43449 6763 88368 76763 66290 
7360 10
11512 42389 3876 26904 50678 48561 23450 99682 33085 93449 
8696 19
35619 45104 44776 86267 17085 89554 87902 38304 24855 77630 82092 78115 2284 82577 94634 66416 42488 5076 65791 
1642 12
60376 28992 27676 39035 40340 3529 44640 60189 90029 33251 32091 80174 
7967 17
87274 43138 30594 96830 20191 59764 76043 71696 70732 85309 40555 81258 81907 82680 3249 58473 48520 
1949 20
24096 18968 71256 82966 98832 52845 2883 63589 5658 7767 96757 99572 99686 77607 75188 21318 29512 46254 41367 1416 
5724 19
83428 63547 24578 72830 21401 8025 43701 12844 3319 16663 13122 89956 53478 4331 91251 9003 93722 19536 64761 
5345 19
860 89116 97852 15602 94530 98257 32964 24450 62392 72349 11138 17624 31374 36536 95436 90912 13629 30131 56301 
6644 20
89990 62465 5281 47332 52990 87633 79918 60249 35676 34217 91504 2164 10816 32722 59710 43182 39066 67532 73905 34688 
8384 20
29310 76168 27699 71023 90223 79781 84313 24067 67329 15212 84933 67804 45614 54344 4986 37923 69826 34713 81966 89482 
6871 20
40071 599 47629 87851 67662 31515 12282 59306 42836 75548 36149 80127 74615 74736 16615 59246 66013 21581 39044 13601 
3548 11
40089 7620 43615 85798 98495 18494 15037 49240 69461 72581 62046 
7358 19
8226 41726 81897 46729 65508 65619 36550 63957 45114 59605 34271 81543 47834 46203 30585 67570 34122 51487 88944 
4330 11
96715 71274 72368 96206 60050 2290 80442 97836 87042 6287 52496 
5853 17
45690 74745 69503 15189 86337 95766 35992 74376 46472 40237 98161 7334 52055 26098 78738 71022 51319 
349 20
83215 64201 17897 92378 49971 45706 10212 55168 56492 71808 20469 87536 18167 97265 39545 93253 59352 73350 99807 34171 
4871 20
920 12492 79041 29616 52743 42134 10014 2030 11543 55914 58146 68337 17652 50357 83073 18945 98377 17164 66996 72701 
9447 20
38493 70663 38593 673 76262 410 89681 38320 34612 76725 33653 90735 98621 61857 42871 20351 83518 38150 14339 63821 
2137 20
70379 37854 56949 23621 64790 14704 4572 44632 36726 75376 26245 46404 93795 56775 24477 75016 88626 23019 70737 16397 
9829 19
56041 83501 86822 88487 64120 77453 20136 75869 3990 47730 21391 97558 32779 67231 1070 11205 47315 51779 70861 
8530 20
11503 81373 87719 5892 26138 53582 59089 88957 32631 2304 20859 16064 42760 19448 98024 99723 22968 96213 27044 82458 
7791 18
23942 27113 54133 35109 83007 41427 75810 87331 49959 81321 87958 48237 26638 84014 32187 91641 81874 93181 
4758 19
41803 61417 26076 4552 94218 63986 71749 2686 74497 91216 47525 54287 2051 92408 33654 24709 23928 99010 84347 
4277 17
1840 87780 43436 34590 5683 50526 21120 59812 76239 41002 93834 43504 46843 76576 99806 88908 15890 
198 13
36870 79943 3333 11316 19029 46140 9872 42091 40934 37953 86139 64023 38878 
4713 20
7840 20958 42024 16018 72070 4500 47016 6256 15110 97498 15233 2430 70362 79089 18798 344 86903 55232 20393 76521 
141 10
61373 37098 52135 42032 33554 84401 11061 1616 27534 21027 
8896 20
57153 96932 9647 31074 20100 69415 38522 97426 32486 95375 82346 80737 45229 64989 76707 48716 31674 83277 96574 9218 
3483 19
90279 42098 11010 87119 51336 82304 72828 94901 909 87024 94004 37523 30642 18848 91934 88637 38455 69536 1098 
6897 19
56907 95402 83304 28038 71074 14860 10856 3932 87937 54263 6564 43423 14925 48793 75602 16476 73295 54084 37550 
2006 13
94498 96323 16873 36998 3964 20664 88446 79411 27157 42790 96719 75657 42447 
7327 16
97546 91198 10089 2444 91892 66385 80916 62968 5377 72011 85856 7209 89861 69788 23059 56397 
1045 20
17105 25087 20595 95978 77344 63622 90560 21886 41485 54028 20566 44114 43439 87873 56316 91949 29992 39892 38313 49560 
2297 17
32352 98491 19238 67018 61759 74118 54343 20451 72402 48161 5511 6718 42504 70960 26037 34902 44219 
7984 19
44930 27980 6981 57104 7690 38861 57279 91557 40900 55615 78896 88120 97991 96995 83098 98660 59248 60574 56008 
9855 20
60258 74200 83257 45533 55738 34698 84226 89198 14014 94033 64392 21342 79077 31629 2999 56073 18568 51479 24583 69233 
3525 19
60690 22992 53202 39839 33222 88124 26248 28338 90138 4701 9648 72796 5122 89782 54655 97816 80204 11729 99793 
1024 11
32114 24268 22368 4972 52032 38759 61721 82442 58408 68426 20277 
2732 14
98643 96872 34513 60437 17453 48868 58308 55683 61549 12612 45352 30026 16158 32601 
2380 12
11146 42369 37395 29106 12664 65802 90457 11550 83028 6118 96137 75099 
5263 17
73291 34601 15260 64389 38744 35600 83457 36344 21385 805 41725 37405 63602 32725 78398 27573 90365 
7491 18
32661 60681 24104 14389 29611 21049 39743 67568 89044 70505 75423 25513 39338 6316 43424 48935 8221 69142 
7989 15
22925 80808 6800 31099 46874 12877 34694 46347 25304 39418 86559 92114 95793 33147 4181 
8390 20
70232 32568 42303 48266 60519 49743 87760 1030 90866 56049 52167 83316 17788 27709 65036 18962 9561 93150 90497 44742 
8261 12
69785 52714 4281 1120 14258 4423 91973 78430 93877 36050 13211 52458 
7305 11
23444 89141 17735 27769 569 31000 71052 41276 95997 16103 80227 
8791 19
77912 7524 86695 7772 91907 68515 10195 70762 32205 58323 55805 40812 99958 73654 5851 95022 67079 27407 89708 
4138 19
7028 92204 45568 17444 74424 68663 55497 97831 57207 16048 41421 45495 34073 96595 37046 67693 59332 57000 6958 
3794 11
61049 77809 73939 2033 59590 20429 67482 64506 75484 90603 9590 
5339 19
74857 8649 63380 97317 93773 61805 72427 57668 56296 82022 11166 58639 40789 57166 68007 42866 21895 58878 12125 
2359 15
9508 55889 14067 60259 78319 30503 98686 63497 83803 19053 20678 28632 12451 52615 85810 
806 12
71891 61355 43442 81762 91541 93536 43249 77280 59283 25022 2074 82846 
8285 13
57228 15191 77979 45320 34260 72167 80043 3807 13554 21592 93030 96181 51240 
5360 19
33065 91915 18325 82605 56937 43051 56856 54788 69020 20246 20416 31018 55642 66546 76585 22487 1845 73095 59857 
381 16
83622 64923 41769 26995 75098 86835 13349 8747 17315 7 2754 40665 97925 23543 3837 78218 
1800 11
62554 51532 24025 29997 39404 31341 97417 88329 62440 37546 81760 
8005 19
66483 43568 69565 63014 54867 7518 80374 38757 58998 22715 2171 98798 11769 59779 50403 63729 75201 44049 71358 
7709 19
99195 24499 28069 69407 9816 71892 58854 6194 78733 23021 56021 67654 91415 53259 88615 70512 80735 37972 17174 
8229 19
46631 94098 31630 24435 86711 26993 70850 15876 83719 70180 85919 18836 3782 76368 4149 83748 5665 7632 1883 
8181 19
82963 39996 15098 76450 45999 80560 83126 49564 56979 34337 7259 52171 23141 74272 59532 29408 37489 56597 40430 
3938 12
83826 75092 43547 68684 20791 92820 70893 38662 16110 59885 37595 12180 
8098 12
20487 52912 86941 35499 83543 6241 32178 78523 48510 45918 7982 98316 
9985 19
5474 86708 18118 352 81477 35989 4521 95315 81469 46976 43277 39791 57997 13262 94829 27065 44342 31641 71651 
6213 18
63457 77424 10865 13393 29136 94635 72552 46054 82724 63817 51875 9811 64840 29045 95472 58212 40932 82901 
1476 17
47921 36162 67602 57158 72019 80283 96318 81097 86219 75901 67690 71712 97603 1961 97715 19419 62389 
1760 10
5901 39132 49620 14830 22422 40929 58487 82880 46805 28953 
5006 20
54408 54828 50106 68314 43268 21514 30427 91079 53649 6050 25614 12938 18289 57867 64415 76702 46101 95257 35815 39830 
8738 17
34438 20614 68221 1081 46844 42857 89237 2052 92795 33701 88550 485 69069 47390 10840 36519 41936 
5771 18
86501 33122 1209 24242 99914 72219 64988 59863 66534 3612 93974 75809 79899 54432 93188 49265 33987 61655 
1549 11
52239 47431 78457 39536 92602 36648 5245 52007 61854 98461 25013 
7630 15
2334 70287 37838 23548 58172 82939 86198 64382 60555 92006 1471 79061 20506 7311 47513 
8007 19
54352 6443 96427 40022 72541 11953 30831 69823 46666 81508 76165 72651 57778 29781 49812 3544 62831 3974 96336 
226 20
35050 32160 23681 39376 50448 47086 90399 5523 3695 3913 77675 81207 45513 42972 7484 31614 41896 83398 1954 20514 
2457 11
73007 58821 8334 74588 24780 36205 77001 23508 55480 91283 36987 
4705 17
37941 9691 19051 51664 92431 71928 26982 33664 24661 95102 66365 29112 15961 28939 58350 46654 27498 
5097 15
99934 78906 44628 77137 61972 71511 79915 1141 93115 96530 22486 60295 20396 95489 68596 
8505 19
51950 91543 75626 82264 70781 63958 99498 40259 80284 10869 86182 35399 62215 4848 44883 68405 68816 53693 64527 
1201 20
78818 16196 58677 48464 28933 91106 33588 99331 63192 4850 34078 8851 93111 8585 6471 84256 26759 66837 33482 99899 
5851 20
8445 79965 3982 23556 21720 87530 56563 30381 12513 17291 95728 45502 85653 3163 21555 35601 99002 21719 50129 16980 
2610 20
1382 65479 61304 49113 77032 39325 48043 89240 66708 4174 7820 74761 25060 53356 30494 52297 11071 10458 48745 71113 
177 18
56212 95196 74013 35086 79625 32108 58466 68856 24856 38787 859 58838 63728 41033 86060 56541 45612 722 
4563 15
4685 90525 60440 77153 89260 9803 34839 77888 72835 57610 13028 33076 98262 23443 50753 
9772 16
45682 10161 77264 41179 10639 18994 71956 39849 1331 12919 34725 70656 95372 90925 20394 63725 
1331 16
69820 69818 38127 59676 12924 25333 72124 53581 3541 86946 81015 31281 36055 41770 59974 82656 
8124 19
24203 92010 91445 60124 17381 43674 16017 73964 63901 96909 47515 64953 77569 20796 74777 9262 42355 69653 93906 
3586 13
57227 71835 69041 69328 44102 40780 7837 5869 43105 15365 86665 74127 66498 
5804 17
94485 99751 90819 91571 51893 4467 68128 41712 8105 22763 48473 62136 8102 62289 5917 30618 34521 
4386 20
55589 76411 81146 63486 27770 25605 55159 51559 8144 74910 53983 20278 58984 1441 41768 41057 51286 70149 2757 50686 
2942 14
98932 81564 73004 90045 69898 19722 39100 23015 82493 25245 86813 6497 54930 5417 
5818 18
55359 1281 66216 84011 40475 91785 98400 34960 59170 32589 35342 70993 6644 14283 10087 51908 72617 63941 
9124 19
32653 44053 62522 92274 20981 15298 21421 68026 43429 94572 12780 12191 92903 40886 79060 15162 60377 72526 17411 
6063 19
54575 67622 67848 78200 9552 95598 41516 96428 79788 1266 85987 48962 51504 36058 66962 28199 5828 91877 50947 
5020 12
72364 56306 61717 28296 24078 84053 23908 97385 71679 34753 70976 11335 
8728 18
71936 35203 33260 69082 65433 50050 87702 32405 56671 10134 74374 73194 74978 35881 72584 18116 81479 15654 
5390 19
1629 26973 91957 41659 46059 96555 76674 98409 37734 9937 80485 5053 65140 61675 83944 32506 75021 41223 41258 
3177 20
11779 77499 35387 53291 42259 8418 41280 3463 95748 36917 47795 72611 87898 3862 20571 70659 95194 6937 22071 61995 
2754 17
98693 4700 71756 52108 65435 63882 64367 86571 60594 64036 51675 69218 81834 65303 35310 70011 47424 
1963 19
36219 41579 47421 21730 53039 77314 41118 27447 85379 41602 65636 60410 41207 70641 6107 95370 61203 33341 36653 
914 9
94538 22380 71632 2856 81770 99112 42543 45831 53176 
6253 19
51545 43682 10342 66108 98355 77863 34810 71436 81202 51490 43797 83025 25956 9713 56995 98882 51496 1822 96307 
6235 20
54675 98310 2510 89751 51514 33564 21213 14188 78483 27975 20599 23126 10813 67868 16201 74048 89434 85956 44347 43368 
1617 15
77589 93865 59984 29324 3912 28758 2333 90550 29606 91605 26184 19774 91056 47934 70432 
1390 18
34984 16486 93172 42695 27045 91844 35068 10923 52498 64952 44031 77440 77629 21207 73468 54901 36942 16117 
1249 10
87288 43004 81969 60004 14370 24923 13016 70255 10207 76800 
7734 19
95387 92277 95683 76638 73853 108 42257 25989 59922 16254 60539 23806 12479 47672 90738 41152 70372 96541 10068 
814 19
41032 23036 55991 74620 46466 84848 52641 17022 94732 54707 93376 50581 84488 75362 49076 63855 5977 97902 93737 
5912 16
58401 15943 77245 7871 88435 63121 99381 14229 56772 17694 36075 35156 13665 55233 96622 4145 
6977 17
66128 32183 70449 71114 50143 34286 75975 32393 26326 17293 1942 99975 97203 16614 48057 70124 99006 
4074 20
2184 22232 75565 60749 95481 92803 66165 33235 7282 15039 47160 87003 95431 39999 40629 87243 71391 99133 31062 87114 
4589 18
15019 60847 25544 63137 69690 96842 7474 16290 96657 57543 85547 13094 68905 21652 37167 42443 35659 65364 
6129 12
76567 10774 18743 21030 92605 85677 14224 43174 88971 65399 60913 95606 
205 18
48013 59987 38482 66489 17610 89409 35266 36301 67607 64997 5036 28752 22789 15899 54398 81965 8895 85922 
1349 19
28366 22375 94002 45850 11511 19353 74174 82237 75381 17539 56202 42110 32056 50069 8164 86640 63894 44508 75694 
1634 15
75776 5282 2981 36241 90605 69902 34392 18305 15323 87092 24468 48779 774 57740 42058 
5023 17
71227 57179 42712 75447 66078 8667 85676 13803 72850 31201 82184 73933 50887 5825 90649 87136 44869 
8691 20
48126 46058 1012 33992 55052 80049 35565 87419 18437 15480 78477 20152 50247 78715 55714 29434 85175 15371 11153 59290 
2651 17
87520 40436 7277 69343 6709 84919 33345 15485 51735 90615 34930 303 66504 87639 35995 98402 89695 
6754 12
48874 16462 73946 69574 57188 6136 64971 54195 47046 9716 60674 38055 
1668 19
80410 44718 9362 36335 24030 55783 58743 88494 67446 45921 46296 40392 71723 97548 21420 77215 17657 54122 77181 
752 17
30917 12133 28446 16350 55619 93744 18064 61302 70551 31700 72792 39254 94303 81483 26416 43031 91548 
8917 14
32911 3456 38007 42526 18745 65614 10177 14901 40941 61097 22365 60134 39083 6604 
2346 11
90784 3616 22001 38852 62638 23022 5214 75265 33916 90132 2355 
350 11
63551 16689 4757 28363 2565 10810 43238 77936 8204 39345 34408 
2737 19
1780 35484 13839 78710 64827 77444 89450 43703 40330 46156 3905 80130 33748 31512 9560 3325 25708 87118 78758 
6229 10
76302 75827 28422 81657 24198 14751 61540 8106 10817 17584 
1348 17
19371 53262 13098 39422 90465 58518 6111 27379 41574 65834 10838 56091 90943 73329 9142 55706 81953 
5239 19
96215 93034 98401 60165 84253 40472 72887 31060 60645 77807 77922 77815 48604 85295 32705 84030 20909 84346 99630 
8617 13
27336 12078 70208 80572 65001 56222 27070 53656 58113 96366 24555 73616 62826 
2440 12
36019 32503 17250 95621 29022 52280 48961 273 51054 38466 44569 95859 
9582 20
80930 79771 91380 49047 71517 84645 18295 65333 72460 62732 76051 38096 57117 15781 75325 82593 26027 72058 68781 25539 
3245 13
16918 34803 16529 13640 17762 59501 25424 44312 92454 53768 23154 38197 12848 
7281 18
4425 53518 35664 83800 8971 20628 33026 12771 39968 64213 88047 87511 27077 15340 74003 3009 92440 26693 
6241 18
40462 36531 42960 25240 54471 21600 74814 40351 66575 48146 12416 61451 13562 66639 98014 31889 86442 88617 
9255 14
80757 17705 54473 12490 14871 40739 1875 29485 19731 33025 69499 87929 10121 82545 
4376 18
89126 98040 13235 92619 6162 11674 67537 93326 39423 89574 67236 50534 85611 13887 35578 11920 61068 36979 
3597 16
30212 95110 15572 44464 11413 10118 37962 76133 43181 26650 84345 90342 12667 73670 55285 59146 
1195 13
9331 14934 67451 34 58034 12925 16525 81708 60713 65784 61163 99673 79555 
2939 19
15294 83578 71221 60020 34818 48044 49061 44832 86735 92297 94255 58811 21792 20079 38351 45175 11719 82135 43139 
1283 18
78912 89194 18163 45905 65797 29280 99157 21454 30634 38825 18667 43971 61184 34956 96458 87663 50561 9751 
8795 18
47816 36151 89427 30617 31898 51607 7588 75616 72714 7515 35653 81608 33606 24629 34827 20115 11887 19282 
5348 18
2519 30289 22038 37958 21795 43951 27669 16521 30371 60666 44592 63951 6144 42335 75228 92159 70428 9820 
5604 19
88745 9206 98615 83808 9978 26363 26512 42354 3229 21085 83291 89538 19539 63689 63423 74267 98019 95456 75707 
7285 12
40018 63576 89313 26738 11089 73564 5389 69891 83724 81492 65547 24772 
9872 11
46559 42558 51849 47501 85527 91580 4537 60493 32420 86685 56111 
2110 13
24868 61289 1347 39568 34012 21009 33033 89707 86964 76856 26358 51188 91268 
61 15
26401 83635 10448 30734 22628 26630 270 91850 91434 4280 78493 81777 99911 74641 38128 
2994 16
30713 8702 63097 79064 92299 18592 89280 10665 28101 50273 61227 1889 95636 92873 43842 48952 
3742 19
22010 98741 34927 57230 19787 93305 38617 40542 24138 39609 38515 12235 70768 90056 27890 10046 45008 53473 43408 
3679 16
43919 30290 53944 77953 73279 33897 32628 49586 15648 91484 54193 20209 39446 23169 73820 64846 
7819 19
47416 71839 88097 42215 89224 58796 8183 21414 86747 20549 60221 53006 39170 32704 86604 1367 37514 58040 85469 
7839 19
53652 80364 56161 24635 33866 99122 60653 74508 26812 94038 16484 25222 33645 66130 4628 13704 25682 99997 67734 
1356 19
83283 52190 15920 73445 49706 77787 89796 40507 61543 74453 1718 98328 70779 66975 63860 57786 7850 74656 13975 
1985 20
21711 53075 17474 61947 55034 21684 79703 44967 75766 36762 12654 85728 46771 50199 52897 15175 71188 21898 72046 77460 
1864 12
30623 34568 78112 46864 18625 94551 54703 96511 52248 22717 43957 33943 
6915 11
65488 39955 36036 74797 94434 5398 42644 29988 85197 71522 85422 
8490 13
12447 70466 48919 72199 50163 75442 52199 82276 6067 6575 74268 5462 1738 
8569 13
92334 79948 27666 20946 38083 2644 86805 61663 71048 22059 85709 52315 50467 
3954 18
19488 82309 60846 65040 65492 41916 94482 73802 89107 34879 29964 43546 5135 26948 53931 90743 73483 41484 
4717 18
56201 65413 2654 29078 36568 51880 86264 68665 67252 43891 61195 61563 81351 28190 26828 49956 12998 79767 
4951 19
60464 83976 54317 60946 68640 17168 17051 47056 80866 4648 94786 99435 84586 28703 9077 81802 97325 58531 79988 
829 10
55346 64598 2020 87347 79013 57872 84083 71741 11202 26965 
9000 16
54504 79006 74201 30271 67639 80508 8535 55678 21305 76635 96085 27491 61456 86240 68072 25875 
7555 11
80645 59433 9913 34991 98853 49271 33388 28735 93960 62262 31057 
9460 13
2404 22338 72555 66906 87693 87181 10043 94677 3868 19632 60724 27752 43007 
2853 20
22333 63080 4114 63311 19491 48997 96935 41081 93986 15865 42131 96652 27829 16240 92469 43484 41368 48153 67572 1682 
122 10
89613 22078 37843 98090 47800 78834 12344 70053 13385 55902 
6470 17
52430 20950 95501 50052 35795 18006 97803 64147 52709 81962 1076 22269 90831 1969 97384 55265 28558 
9097 17
9902 9544 68480 96626 79677 98423 66826 95707 3683 30544 69480 94747 3785 16676 70185 19818 85560 
2541 18
23352 96147 57554 79040 25662 73929 12444 32094 41831 12038 54239 98796 43459 29965 19302 59039 14967 5197 
9092 14
27133 70866 56179 39395 52279 14736 59636 33002 43902 83350 4727 61446 50047 14305 
78 15
17734 12249 5862 14333 25401 6719 54051 53971 51814 43271 74517 20552 53839 25169 7306 
3944 11
31866 21773 39648 64848 31687 72868 71849 20268 340 45395 24737 
9889 13
17833 75653 75279 33093 70722 99860 28851 32305 47077 39701 71030 55108 29752 
1653 16
38343 94606 23427 57035 29400 94978 91818 93600 28095 28629 53375 28621 32573 13447 98634 85842 
3752 18
49326 84505 57165 57550 11330 16438 5347 59402 66903 76383 25296 53263 48898 59939 12073 11309 28685 29459 
9353 10
37027 31682 70253 81804 42507 20075 93341 78811 53825 4698 
5635 18
71504 43377 86870 58156 54205 61221 25642 60210 72732 32143 57236 21248 13394 85062 37473 76916 50090 23086 
479 12
65438 31568 15780 13011 90023 95650 77731 9176 95716 4191 98692 15992 
7075 17
99835 92121 86304 80133 37195 2387 66289 27107 91201 71055 29624 88983 17920 52111 92755 69741 753 
2998 16
16572 31009 41318 13822 95424 71448 88364 26160 31381 12141 54540 42006 59790 14986 26729 87616 
7261 11
42784 11531 19734 9894 56593 65000 44155 88509 78525 1049 69987 
2901 18
21422 6452 19814 20707 25691 55482 32616 94766 67673 12040 88634 58807 13741 34002 32970 85111 71126 55760 
7841 19
53855 51679 13603 47100 18316 24318 59880 91832 29602 29245 38953 73346 48987 34294 17413 32406 72893 40280 92195 
6636 15
42641 997 71874 5454 54092 97223 34089 1816 60066 95361 75695 47875 47982 88953 32592 
7731 18
74564 70586 71930 54980 31608 22107 6507 32855 36559 30295 4279 72130 52336 19993 53230 3217 89097 63158 
5873 19
51111 71845 52916 49162 80581 64148 25664 54746 72106 10884 31494 34432 30683 68214 76811 97334 11228 45383 26816 
92 10
73669 87154 33545 20672 9131 37274 57354 42710 23932 76538 
8521 20
64176 83416 49863 86004 86374 5922 3523 9525 52981 14317 66555 55003 92700 98065 53094 45102 75115 6293 94592 72412 
414 19
58203 57632 134 4391 35170 30257 13209 3857 11876 12491 43849 47195 82540 55000 67594 72431 78367 75477 61099 
4308 14
27465 56891 90118 71501 33176 57577 71424 27380 17069 97593 77780 48494 29083 57758 
53 11
19871 45897 2478 60488 1061 70968 67042 56156 61098 42293 27198 
1699 19
32531 95118 88608 93442 79890 42149 51382 35991 45762 56046 18287 41142 30576 60949 38422 13059 96266 19095 21966 
5966 15
49097 54755 19845 83074 13419 31161 68638 84774 24337 37855 87237 52220 27856 71086 32717 
5311 17
88308 47594 27 85283 73422 52285 82953 37385 75001 71301 41168 81510 56186 66267 5980 26765 40337 
4059 10
95569 62569 88056 12229 19054 3166 23918 50230 86716 36425 
9060 19
17460 91847 85768 78524 75184 15588 58438 32288 49125 82115 73534 30539 2832 39421 51498 28418 47744 3631 21954 
650 12
88226 26135 68353 59551 50898 68345 60100 18275 44740 61008 33694 78383 
1004 11
87426 7509 2399 71234 62479 24346 19231 71759 40950 77426 99535 
3967 14
45867 5029 98150 3934 81836 65345 82439 89256 37267 58643 16002 78743 37839 9551 
9948 13
4624 24599 90758 23869 74943 15301 10231 7578 78907 83858 60007 44866 55894 
4891 17
4167 95816 81515 68083 45691 28857 4718 23737 35489 99788 74078 23732 28267 42432 49811 28246 4689 
8033 16
2919 8024 38348 44501 88568 46948 55854 41502 99271 73056 64948 85106 26887 68909 86261 87991 
587 12
95174 14665 73207 55872 43069 53810 56129 5159 79343 80208 89899 9451 
7193 18
57697 88975 59092 69087 45085 92266 69289 71752 85721 21857 59466 87526 81187 84847 82055 28134 39397 53826 
9610 15
26024 15889 72458 10310 73708 51124 99410 59639 7226 82028 46899 81281 94445 8256 61799 
1161 10
41509 24904 17614 57095 50715 45754 83258 35684 47289 6615 
6517 12
94997 68098 54157 30237 48405 15326 21435 96553 56846 99325 82125 47637 
2144 12
7776 62673 39234 65933 40437 18220 2623 37470 36485 59023 83373 8888 
7582 20
37525 88057 33158 82778 1809 91952 74381 20934 48702 16226 47879 71537 84906 57028 62470 21340 29878 47593 69696 77684 
3605 20
8975 83102 13642 45987 61346 66554 94252 90870 23769 87257 68443 72147 31578 25793 65603 27779 4942 83853 98521 42192 
6979 19
89839 41474 32591 40294 57859 71799 71246 93347 41412 21211 30325 25493 15498 8991 43631 3425 18600 22906 76206 
5357 16
30926 28226 86311 61566 49688 23666 61616 69433 2897 29070 41159 14299 88026 41964 15395 86499 
5423 19
28551 27803 31739 46430 95207 35455 45970 1409 9815 55156 1773 50200 16272 94963 49455 70050 8351 21946 59012 
5065 18
32542 28614 40458 9950 71471 311 6870 20130 3096 69453 75917 99038 63892 77520 71880 62380 89812 99758 
9960 12
54985 19578 87648 72481 90539 10159 62212 81485 72726 6102 51956 64334 
7511 13
16503 31358 7833 33910 61640 75046 76480 59683 60278 56141 8434 86698 77109 
9432 18
2249 98418 56335 17858 81542 95835 11634 11793 96975 69921 89583 29522 34357 76675 1915 36104 16250 42127 
2882 12
16292 6626 34082 78934 24478 34255 48828 54090 7897 83698 130 65860 
7107 18
92792 3106 21113 91134 31035 55079 52873 78077 36800 5810 14179 75126 99389 3172 1787 86807 34814 7865 
4460 16
76084 82131 56836 43208 51201 95798 36327 54694 35789 42973 12804 69675 21702 98425 8319 96436 
2761 20
63322 51499 76196 23168 66730 27433 35400 17870 43486 53753 75348 51639 99504 41063 47506 87746 13609 24111 94016 32886 
1659 14
6279 53843 75181 66551 60276 19804 50300 56181 17025 42808 55938 76475 35568 43695 
6179 14
28605 30428 21339 9572 86007 3457 45439 23087 24006 40613 52398 63008 70967 9863 
1448 13
89811 53233 91418 45379 95566 97191 46160 88725 92889 88507 45990 61385 52876 
4193 12
82470 16068 8596 51587 29869 52011 58278 97482 99564 34675 49397 24403 
399 12
5704 5660 36203 59660 55849 58319 86560 72616 44405 92949 16700 83483 
8730 14
29795 80550 99517 78006 28565 99587 70577 95584 63838 97591 3066 38448 54180 17254 
6953 16
4460 44169 71259 13413 40597 2391 45821 54548 6931 67642 46259 29728 66523 84887 52169 46501 
5532 16
77124 9624 58431 75618 36759 45150 76154 64219 20449 84803 81458 4594 70554 56444 8841 99553 
7644 16
43396 26476 71355 59212 89347 97054 43063 62560 11830 14944 22370 79845 7510 86800 51970 14114 
699 19
23773 32827 7888 92304 82912 63799 94146 54313 28292 89322 74873 49052 67302 2040 21691 48721 57289 34845 56321 
5064 16
58186 1436 904 23729 76181 45071 36767 31266 55912 84578 92927 43448 51920 57941 56560 65751 
6772 13
95671 19919 86445 24112 75938 62509 23500 45113 88834 90050 95512 46842 68161 
1504 19
89495 53279 27272 73289 60114 6788 33029 48312 55493 5201 87612 81801 76629 36228 10783 25159 95023 12996 39026 
4319 12
92950 88250 64662 24612 49885 83203 61789 67521 5288 28815 31577 7365 
5134 15
91032 93992 97031 41345 78271 77120 73307 68890 41570 6727 98153 79664 97582 10421 62796 
3953 17
78057 66720 51407 54495 88667 95826 11603 32155 95955 64015 64680 38261 15550 80813 28280 19290 8169 
4433 20
64294 46541 94976 51203 51197 53097 68362 10802 54230 12864 84020 27731 43036 23365 63561 29276 19352 38711 66206 66372 
2097 16
71974 13950 4479 36914 56512 59220 99396 58614 95184 70408 55915 30639 19472 72902 35119 84576 
9294 19
42080 72711 16973 96726 23597 97076 42870 89243 7009 57516 37909 747 37479 48181 54341 59429 87581 33522 57295 
6839 11
57846 61180 40653 40431 71039 24510 98695 95943 29727 14163 80091 
7833 18
48921 80729 81100 15040 75439 28263 27970 6455 13335 25955 76171 17284 55296 951 77924 82706 28929 96292 
8222 12
40631 56920 89187 98195 45179 96763 82830 80975 52797 63316 5394 32921 
9265 9
33298 24823 53397 91487 68331 82736 67953 48707 58858 
8256 20
68335 54117 25039 20292 3418 11487 99689 84839 7932 177 24371 81585 32691 41512 69869 72918 12431 81915 72819 70836 
4473 20
42415 4317 53865 73746 26005 6122 81713 50259 71325 49167 23389 95684 43064 18569 91984 51623 80782 50710 62394 77021 
3216 8
81216 74598 20333 21563 79179 9436 72361 66583 
6023 13
92097 27053 7563 61444 94561 82460 33275 99298 21768 60407 64872 65630 90994 
7078 18
6535 33797 18627 83541 64421 29359 2187 26141 51012 73397 74044 43578 94088 37913 13571 61642 64525 65959 
2115 20
57393 56546 631 52372 56731 70698 30329 99970 67550 40196 44940 50089 82299 3811 72783 62652 36470 54155 99988 28285 
3722 12
74617 77650 17420 39803 67561 22645 68679 8250 38383 86539 99809 81754 
1910 16
75890 32105 38706 10968 90245 17618 11762 90311 71281 40637 48246 83784 77121 44994 88359 4959 
3837 17
77213 22974 98230 52789 9470 81538 27601 62685 1730 64520 91342 77605 89564 48163 64117 76390 25504 
8260 13
8391 43255 81941 63560 47005 35133 92119 2337 83122 75316 3518 59725 87805 
4682 17
69794 40742 84998 72909 4104 64376 37495 40842 77498 86148 78245 78576 11640 29682 27390 48382 81271 
1420 17
76512 26410 18028 72371 28783 88102 74425 89894 11526 24206 24401 46426 80524 39276 82035 1597 84686 
1401 18
21662 36831 32087 99567 40839 88283 25313 59882 89744 35776 650 63603 33765 10209 4430 63672 77727 41249 
7201 19
75421 1870 46664 33173 97303 98275 95419 7886 71207 2668 71365 81726 17893 5891 54759 23777 22662 76802 38846 
147 19
85475 37898 25669 55169 77014 37483 53926 37740 14550 52718 63425 73296 19749 94927 22178 10586 68662 35845 88118 
3991 18
13418 76039 74394 60091 84748 965 19820 53412 90156 47613 18276 14943 89303 14661 49440 63001 46311 59533 
7424 18
80275 96478 99679 21074 79582 15121 32507 99761 32975 35913 93336 68365 40705 37115 66877 58581 31399 87547 
8149 10
16863 79950 87508 71560 59349 39297 11281 46288 42728 88199 
8758 15
13373 66675 45583 57507 17985 18403 74958 51760 95727 5445 60299 49244 24925 68057 36492 
9021 18
60022 11422 92710 79065 22741 28312 14594 28584 49148 75568 45478 2409 75502 31230 77753 38776 82369 75777 
6588 20
60125 88210 19537 75995 48982 50826 49067 50809 7618 42352 66794 98341 1988 82960 38766 2159 75758 47631 37636 36766 
3212 18
88095 84954 4550 17702 36599 75898 15474 26592 29924 98398 9199 88836 703 3318 85403 17078 55051 44512 
8929 16
37874 70591 23364 88611 80953 79702 8213 97094 59330 36171 83843 82811 48174 10441 92262 28167 
2800 18
77910 56100 12913 39203 90568 95150 54667 56015 42750 97105 99798 30445 26297 8644 15279 35165 76622 29571 
416 17
27052 96196 71411 80870 58698 61397 57140 78548 10280 82929 19674 84065 97542 348 1508 34561 85782 
2548 17
32726 57484 28728 32195 13294 33891 47803 86674 45656 74100 75343 94111 84796 4499 79523 27691 52917 
4631 19
80045 80217 9577 49982 43970 98260 49649 66446 52408 56132 15196 40434 85608 80023 74390 6866 489 12505 63708 
1133 19
89093 48670 67618 35861 41188 21741 20708 87020 41625 20269 4635 80544 23940 6023 84375 23045 24559 22869 28103 
7179 18
58721 36250 2258 68807 46987 41750 35544 38619 22200 37668 45570 53577 47013 95940 22705 64217 59713 41291 
438 18
66969 35391 83889 99274 35054 32649 42082 15813 80223 66175 69232 60434 89610 38629 79345 26861 63712 27092 
1682 10
21978 71806 3620 15285 53116 78983 30759 64179 4814 67791 
669 13
5489 22820 88598 60768 24324 23691 56166 7125 7292 11092 44792 56834 44373 
6134 20
88845 8314 20223 28511 59575 15130 15983 16441 83989 14464 46847 72197 54442 58272 21341 84770 53746 3 93362 17304 
2701 19
58852 20053 46258 84931 96024 99187 12255 71792 11694 86873 14226 99502 26007 94087 30546 18748 53122 86529 54900 
6966 12
5047 7993 38473 39549 94353 15390 19073 60597 16670 60828 910 90600 
2408 15
10316 30644 62915 39388 92567 98443 72354 17126 59770 52346 42614 77156 87852 95519 29820 
6783 12
79679 38845 16383 95095 33737 2324 44717 67583 48392 51427 16770 82698 
1427 11
16915 98986 40047 8827 56741 82504 7576 36020 86916 75006 87619 
4626 16
40041 93171 5871 59185 72668 43299 47208 61425 5799 55430 41373 31619 76669 47575 12639 27547 
124 19
24621 24050 73992 27245 14060 85089 95809 42217 1761 15639 22781 19998 50535 14797 90452 15396 72008 98554 59965 
7274 17
28536 41077 99322 56897 11288 15416 67335 13037 98846 79949 97279 65962 56510 77659 70856 37253 37224 
4924 18
92541 59614 93078 48782 56151 13354 87012 66749 44645 21951 44115 66609 99110 59889 33792 66797 71417 6532 
6202 13
35878 47571 3489 70036 69527 37978 87037 92835 18657 81666 32439 26051 88430 
2250 14
38008 10297 87671 68845 14779 46943 19243 52198 54812 3417 3737 95542 84817 70257 
8931 19
44975 46470 5681 56908 78860 19568 95780 30542 85129 9389 68618 14462 48430 99045 14270 73278 51296 64479 79669 
2373 19
92511 95985 99184 91996 57460 60194 5275 42763 81065 90410 29834 80114 79075 60599 80700 56102 90475 33766 2562 
8492 19
17683 50772 97644 559 1799 16249 51312 68276 55838 80257 52401 17689 23108 42043 9358 95341 55423 35518 48367 
2044 19
29958 39554 69029 71861 27066 89068 25945 63471 64546 92294 79761 7230 69976 90947 34336 2766 73699 63723 84863 
111 14
70445 1692 38153 55457 20320 15253 61427 1559 40466 79430 45472 8792 78382 97759 
8887 17
19827 12560 89506 96383 42539 41297 74971 45450 67211 73556 63045 69321 19482 26988 50060 87881 6956 
8409 15
82810 70955 19868 16772 56398 10599 64630 30021 69191 38887 98392 38604 65606 59291 86197 
9686 17
12234 58585 1739 19857 67539 67202 98885 18898 4984 65300 92969 3052 66874 89718 91702 29417 65441 
8912 16
5735 53735 31202 11771 61440 51355 23631 24608 57032 74752 48048 37555 69852 33840 67082 51469 
4637 18
63609 28299 26142 46712 95262 16353 59528 50684 78679 72198 48895 96659 67409 54237 89342 58115 89102 20123 
5697 18
46481 70873 31031 87577 1121 55750 95299 20694 22237 66684 80194 87279 71978 24566 85458 15736 64853 27942 
7368 10
56298 83691 14375 91433 40763 15296 10925 11093 18208 67270 
6570 19
81143 91607 69553 94364 87210 8442 44856 53585 91144 30656 78013 57453 57606 23095 10335 26069 75928 18679 8919 
1584 15
80641 55911 51502 39082 13976 20516 67789 21771 11055 35610 87744 92745 91937 41634 30631 
5811 18
85320 74557 27102 6893 35642 45346 50897 25826 17872 73954 99537 13126 74209 1668 30850 72936 97719 72787 
9737 18
71264 72656 84487 41855 29563 38358 66868 55201 14225 6091 67947 29742 58047 71043 29309 67536 86655 48490 
6418 17
14997 77682 22844 79744 82879 91998 96150 75744 3708 4176 71901 55251 7124 81382 99717 36770 55802 
7786 18
17896 28405 35502 53760 15505 38905 39415 79747 49193 95619 54098 25158 1248 58615 76788 98713 41312 30416 
868 19
24532 71352 20414 52243 47902 44131 17941 98580 50525 50252 89428 42156 55200 38056 4267 19436 48775 26508 4022 
2567 15
36475 71812 96810 20741 47761 8448 15997 18612 17752 63381 48742 72348 30691 72801 96368 
3201 11
14868 30259 54824 62462 54403 99450 51060 89925 8566 69498 86729 
3981 14
34633 47001 29189 15513 11556 21890 16378 53195 24824 8408 29157 4900 51948 28564 
1432 14
44014 43667 71266 696 74840 39239 92158 63003 84417 35888 4996 39998 67751 1554 
2317 15
20878 87402 65696 82056 38890 66434 85883 10806 70890 41224 32673 75328 15438 60074 61382 
5437 18
58359 29133 84137 62156 75118 39244 78972 63416 94845 40517 90727 10326 36537 70941 99313 46209 49865 37541 
1241 18
29536 35438 7283 31753 25953 22364 6017 67054 32832 86125 58465 64170 38480 99029 90313 34500 47856 33262 
5013 13
12961 83254 39938 74158 74804 99669 94442 1295 83357 64550 94655 33940 96735 
5975 17
15347 3718 91807 90835 44575 66573 32719 82194 41287 62527 90172 4841 26539 26127 46 99437 90411 
3277 17
23432 19826 67204 68496 60395 39314 30216 39191 18635 96648 94314 4816 32672 13431 18984 15674 29145 
6342 19
92024 40639 83420 56610 14438 78035 17891 21926 72245 32670 7859 54197 66637 69395 9810 92418 82294 55491 15146 
993 19
37640 5913 15551 93522 98506 73163 73605 65658 98571 82869 96099 1939 76936 61584 62743 3923 2896 81791 83276 
9847 20
40102 53569 49572 25360 83320 76930 96190 11764 81346 98774 83562 67470 90236 51583 34886 42249 31148 86436 37905 85170 
7120 13
92811 52987 81466 78578 55580 49243 86758 84236 98211 19466 32987 58277 46518 
6976 20
81336 89056 92586 97336 11231 2163 56081 92699 97119 69510 89120 74902 32712 66507 34239 26150 60936 80822 64849 33516 
417 19
1989 6910 94957 53611 54617 35858 275 15324 96586 66048 10368 24763 99685 93582 47041 23860 42052 67351 95889 
8085 16
4954 97376 81805 55989 19725 92916 58823 21077 75703 75493 24745 98690 87050 79086 66731 31991 
5439 20
96330 74913 60442 21990 49521 86206 69698 75089 24440 17824 11942 80092 20181 10570 95183 92296 86027 62001 838 51725 
88 17
92257 9925 64710 83567 26920 13921 16584 30039 87879 28074 15842 42841 8235 85299 83687 16004 96717 
1789 12
69302 77689 77289 39740 20399 97752 84132 88868 30775 79708 20616 13792 
9367 15
49908 90301 10106 32324 43507 82428 36361 49525 23025 31744 69960 94991 55924 65640 19891 
2534 12
3005 54764 98645 57994 42677 98177 39222 10908 85254 51616 4306 23855 
7395 17
99629 48837 14845 31829 8767 14282 86634 78735 23391 35842 59961 75150 1267 7913 3946 53029 74136 
7021 16
8126 69638 66024 19902 71524 34954 71094 39880 15673 84776 65056 14586 93967 58903 78444 86633 
2469 9
60170 1645 27590 87765 57522 9735 44522 67973 87022 
9100 14
40503 79050 41747 67500 72373 1905 11852 53450 58793 26345 24333 48829 6610 28665 
1023 14
9084 94739 10828 85591 97098 27354 97587 89160 61112 55186 83452 99039 43370 30515 
1618 19
30016 59773 98289 41190 34808 30245 87687 19733 97250 2216 37148 89628 52505 39408 59552 27330 43601 36 16210 
6292 13
45089 92475 86702 93010 9771 14418 70920 56082 70925 21918 1772 48791 15878 
6924 20
71058 52515 321 21608 74778 914 26289 11872 72342 79063 63846 85194 99091 17326 72444 35243 79444 74130 28224 437 
9316 16
5807 70147 99852 47309 82906 37623 47249 75727 83085 33100 43322 78016 42636 19434 85069 23358 
7987 10
54411 25794 19943 83873 7106 9875 44951 17843 22739 10682 
4252 18
73224 19213 86957 72729 62340 26067 73659 92372 73169 87121 48475 58654 6511 28200 41155 69466 51077 34069 
5107 10
26124 16207 99782 91670 89436 71935 42282 90546 25261 74495 
1307 18
46815 23465 40496 72959 33850 60016 52535 1529 77218 75297 48817 37105 24787 54991 76167 82495 30185 86902 
9063 16
78557 41721 79025 62537 41578 70280 92500 8470 78046 87908 77451 83540 68657 58503 65731 59255 
9291 19
61965 90997 18754 49163 67203 31620 98661 55315 21108 85620 77294 70367 28135 26874 18872 43178 28222 6043 66701 
2514 19
88402 41775 87400 3575 78308 71331 45178 75230 96852 60439 9548 9566 22132 197 4266 10028 47355 50825 49575 
3698 10
91786 32312 3504 64709 18098 68347 32386 8503 29770 24081 
3313 19
15087 29810 39101 21240 78315 27001 16056 55400 69247 61534 27145 76838 97791 29372 86764 13500 54001 15393 12670 
1244 18
69323 4661 58545 65878 2194 9198 75652 73099 71727 60745 60374 15399 98458 71236 8718 40847 30477 88658 
2991 18
80187 71546 18985 82300 90602 69656 35481 465 85266 16259 37044 60312 11897 37961 44075 3424 5604 11800 
1296 11
80466 19174 88340 88752 28937 9005 26826 95303 84642 45191 95991 
930 20
15374 77709 50122 98123 69882 32075 60154 30940 68671 24536 24066 64593 64149 69252 62830 8878 55988 31670 68975 76659 
3433 18
71399 95524 5421 80172 22651 45251 83669 19146 54041 24680 98998 93282 60305 94544 66059 18941 29242 75651 
2508 12
92510 48357 88179 92124 89656 1316 25993 73503 63695 41036 11189 65240 
9647 18
6639 93830 20992 36874 77077 22523 36307 29392 69201 25354 35547 14951 3723 46419 25514 24037 95318 47109 
4112 17
572 27645 65305 35584 7423 49884 67144 30218 88453 95395 72854 20577 8516 8967 68058 46917 13957 
1037 16
91667 36246 59078 46511 43317 11076 89697 59650 38137 17608 67113 97148 90382 23309 61415 86998 
6792 14
29429 7163 18607 71996 28459 74662 5277 3160 52189 2690 37289 56258 60785 17248 
9070 18
1833 95623 26864 50741 79699 34749 28391 18933 48849 41616 95459 78692 78830 22344 46400 78622 12507 12301 
4646 17
64540 30050 57217 74853 8376 87555 47445 36223 73883 61007 99991 61592 21572 37218 89958 94651 52237 
693 14
30884 79029 18233 77061 24973 66704 66038 32671 38587 84908 98204 39490 52967 70660 
4704 11
88817 45187 66137 47679 26048 79826 96939 11965 53376 46492 14343 
9566 10
52477 57624 65721 48216 76358 44518 60741 85657 3302 41865 
6338 18
99700 12190 60792 87196 95615 14542 90076 24605 84191 50679 68607 73241 28228 45550 97460 85867 3993 87956 
673 19
73053 37068 58881 17215 46508 72520 50079 96349 29444 44256 93437 59134 42583 92933 97092 20178 4694 74144 65306 
3854 17
2245 69562 6534 36681 23466 80787 84046 23882 76913 94929 20817 92790 32246 28893 28622 27739 34562 
7493 17
83598 26660 79072 99864 87541 90060 85267 52915 63839 85796 48977 93534 50461 2100 78279 90439 7072 
3507 9
1983 45935 78255 90321 39656 49256 12840 28944 38983 
2892 19
51425 30672 26190 51820 85247 50451 37513 56667 55996 15090 20135 74543 20815 53745 9474 4658 72634 10531 69949 
6760 18
58782 18940 39307 55649 84077 77028 92406 62767 98616 10514 85057 950 1126 76560 44692 65570 55458 52244 
8314 11
56962 8642 63791 26183 3608 2974 49592 15104 68776 41045 13404 
4813 18
53605 80961 33887 79227 94508 92336 33141 80938 1619 4381 44893 81110 48889 56513 46409 61968 4925 70504 
1488 12
24347 5672 94462 22695 39288 94939 1762 80258 32887 97224 14619 37975 
9927 11
15046 62049 62499 74206 79480 25242 6861 6495 87095 75180 79254 
6237 14
91042 57855 50591 96515 14727 59450 44804 65844 39697 11327 85750 47326 35897 99963 
462 16
11995 88288 65678 36094 36722 92412 96865 12322 82077 31505 72407 29109 84319 76817 73681 45164 
6330 15
52309 5890 27328 80921 78765 16610 58730 10959 27979 28898 2361 30262 5528 73012 95250 
6997 16
89931 98688 78792 5905 19589 40161 29304 15745 17992 87668 28159 789 87233 72751 15852 66150 
2126 19
91307 15433 24695 2994 83515 37437 39045 39158 5152 33272 46775 80042 18221 79908 75921 92653 6266 16653 14772 
7494 12
623 10857 41288 10663 79302 90878 36353 70468 51017 76735 4463 85508 
5002 10
31469 26815 79017 56284 79583 4951 10707 62072 18834 74901 
1752 20
34219 14251 226 97137 83265 63175 32922 3970 30714 50923 66285 6294 67044 88425 14089 78980 40002 3907 56345 70743 
7801 12
74929 34242 64579 8998 53143 52343 42360 9805 66911 64401 67131 46320 
2556 12
65874 84869 51491 15140 97682 75658 24058 96278 37056 64000 6996 66167 
678 11
85487 33440 94664 17194 47386 14878 8939 68211 31520 36725 47622 
8834 18
27790 26969 32461 94166 47838 28952 20112 94079 24810 57592 17043 29971 73288 27208 66250 80124 69488 47536 
6900 14
70957 61143 95188 26881 40778 31425 33507 30226 17678 49873 65779 9796 56122 84837 
8677 19
59762 61954 69066 98603 36527 63444 84362 95939 27075 87787 86212 5765 75934 11813 57476 65537 70719 55736 54100 
4381 20
21975 38669 40460 18215 75947 3505 1852 49126 46161 24950 38524 81256 47841 58217 4894 89736 1734 31979 50195 54841 
4772 11
14058 80451 61067 15021 42719 57075 10587 73300 20258 56268 48141 
1351 11
89302 21165 47154 31055 36187 28930 19843 91501 59813 2942 36129 
1236 20
85762 48669 70965 17094 48466 84241 47 64338 10906 38719 27413 74084 41630 47664 79905 72766 2636 93601 67494 83149 
6544 9
43666 69844 46923 57478 41247 8945 8670 84526 99586 
1812 17
90159 89310 81393 40192 89741 97811 66766 85113 78702 53322 87752 86931 87679 65584 26813 54479 78892 
3173 12
86738 9338 13293 8710 75369 1244 16449 65043 33767 68142 48593 55754 
5008 18
46396 32426 90021 23607 92382 61781 37524 33962 36188 43876 25249 67910 54929 22899 49354 46355 96769 93949 
2446 13
7088 9049 16604 665 57737 30018 16820 72180 56570 31139 91203 50706 70857 
24 19
51615 264 79114 1864 17724 38835 47774 44558 88984 68370 67938 29104 46741 33209 37301 62132 480 77741 46348 
7344 17
77416 66432 90169 12714 8712 77088 22816 26817 10626 61206 3380 91488 48724 46076 36586 81481 65945 
9028 15
33839 1506 85016 37017 90292 70946 18377 69008 75877 27682 83450 51723 71195 9170 151 
4892 14
11386 41906 67902 67747 84002 27342 91660 53588 42322 99600 92278 62575 23298 50779 
8177 18
86465 62193 37076 27778 18057 61129 12332 34772 72882 12082 15824 87722 47292 19949 68303 41349 30779 42461 
9315 10
13578 57019 96890 45363 66798 2485 915 6 85557 32713 
3342 11
72979 65979 39507 52081 84123 4931 49654 44990 9122 9498 96178 
8766 17
66061 53644 82021 54844 48753 83141 54211 58834 844 8966 2111 97126 28304 22981 48338 757 98720 
3164 11
49782 32687 69313 7633 66562 61670 72596 31190 67484 31033 97316 
7625 14
39690 98958 47819 32089 57240 74305 34769 99362 523 26625 14042 77960 36828 34218 
9053 15
40703 71014 5886 1638 87880 16455 62941 99762 85879 60614 5280 47051 76721 89802 22199 
8138 13
20108 96157 72141 45672 77636 67623 36224 88287 74246 14820 66280 42854 13542 
6980 18
53205 55463 46236 96257 95986 5817 40284 5705 37419 23837 57681 25220 52865 92148 18909 10247 345 57447 
4847 12
86820 85766 16173 15764 39814 43770 18218 28196 2851 78893 49101 81475 
5123 17
68230 22311 31182 94583 73875 87725 4620 44 33095 44326 87570 18712 47057 32289 35623 26371 60536 
7363 9
40816 91931 47600 15437 30267 41293 16559 2912 80638 
2664 19
52093 54995 84514 69525 70202 65434 57718 47150 73448 47589 80596 57976 96111 31295 73485 91693 60287 30059 39531 
5117 15
81352 84432 8709 18535 3822 6466 4056 94198 99375 96074 47619 12315 23603 99343 46548 
5030 20
36814 35724 8186 66633 1763 82133 53718 90423 10444 57136 30735 36144 52071 42899 99897 98456 19728 44278 63887 43874 
2510 11
20151 88952 51299 90510 94567 68356 58544 39652 58393 19813 70989 
7666 19
57985 21917 59732 69744 10829 83744 71368 43543 72848 62577 23158 64442 4587 74893 67198 35764 12676 6528 7657 
9837 17
7111 46633 67611 59260 42122 1223 68610 85264 15461 55380 33788 83415 11881 6827 6324 44252 63596 
8255 10
49042 94380 26522 2022 2880 35282 52136 79527 98629 19779 
3550 14
36462 62814 67059 38174 48062 59389 60417 30761 44797 74796 25997 9428 61815 77749 
5386 10
87326 42897 50928 46440 65754 13760 65753 47129 43464 4963 
2919 16
66105 92778 54171 36953 45296 26334 37464 22402 832 36354 22673 86866 41339 35907 43217 43173 
6698 18
52944 76220 48694 89391 78589 29418 14519 16542 70031 61763 48976 48503 90165 78901 78305 78708 49808 57357 
2783 14
38236 52842 14714 42792 23568 86454 50528 56288 93047 95945 59093 441 17055 7560 
4397 17
58227 62566 70596 57816 78149 766 26663 18659 1045 88370 10042 47282 61075 41856 22832 5263 27853 
8848 11
75239 24353 86294 52782 1925 23014 86770 15262 31345 36789 88061 
6006 12
70357 1566 60527 44847 24682 47446 84040 80012 86144 22513 91153 8714 
6322 19
77448 8541 95407 96378 59487 79098 58584 14568 77658 95384 36355 94809 30533 1277 21297 28954 72980 36185 28881 
2252 18
94128 20491 48674 68416 43402 98399 61904 98116 45813 45591 37181 66032 14864 12246 28909 54837 75086 6297 
8328 16
86907 92596 3549 46690 17414 8882 9753 74458 76330 45149 70422 22131 63526 42852 45518 1788 
8989 19
6476 38628 85112 4882 50402 77555 82394 9571 51990 88693 67915 7459 81799 43675 36103 90827 36422 79068 71547 
4592 16
22756 11984 50130 2737 67041 94241 7033 56565 66520 32609 62166 73461 71248 22769 99838 128 
3631 10
66266 86143 59251 30548 40965 34949 12851 11774 64207 67343 
1559 13
48838 83093 90715 51878 52328 13735 44809 57844 91615 49428 21448 94008 32310 
1737 15
11483 75599 7055 24216 38352 41108 1912 35667 75169 18610 63090 39513 74518 28258 7610 
2824 12
55254 97295 55607 72587 97960 52131 46614 14508 10632 59793 87607 91273 
2065 20
97799 32432 82327 80974 27879 97684 81298 91884 96522 72615 86063 20447 57532 93607 55547 75472 56967 43614 75920 68313 
548 14
4373 84013 52961 54149 47559 71669 87751 95358 32263 30740 74869 28077 87470 53466 
156 10
13469 15885 65197 1251 54977 20438 46885 42859 47307 36043 
4988 16
16906 38009 49700 11200 28523 11922 61986 30035 29791 50618 35058 20568 93955 64253 65045 65671 
6387 11
85082 78762 98934 96352 36080 96160 47331 16104 15951 29687 24505 
811 18
94207 7006 87847 13093 66814 43056 33777 60123 32257 58470 87977 36628 18871 84120 50881 19254 11148 68738 
7669 17
3891 86859 75219 87550 1874 17776 3415 33805 67918 81457 37324 52435 17927 30222 2149 74602 11788 
6821 19
34765 13254 40424 1631 64475 6120 40734 65710 47392 99232 74059 38721 85849 36401 82842 95339 30421 2614 93884 
2632 15
58992 58005 63572 45380 33741 84222 55553 15425 69919 17173 83070 70290 32822 33928 19336 
7448 14
8312 13613 688 71722 51398 61332 43561 56963 76218 74924 91450 87961 10205 8036 
3352 12
70537 51576 88278 6699 94067 61459 94089 8964 16546 86334 86456 60306 
2819 14
53398 37738 73219 94870 3543 84131 84230 70051 11173 30728 37410 66875 43177 43189 
2415 13
17257 74055 95638 94287 27490 83554 4557 17962 42484 53402 36089 45738 86608 
3091 14
24479 90370 33403 33875 78266 8607 29249 64373 30466 11278 50612 37800 86977 57247 
6115 18
63877 83165 74708 46716 63246 1292 68866 8724 77082 28690 31377 25374 87223 30659 20120 37543 61183 7852 
2075 18
24782 49072 84055 68423 92693 1448 18433 18122 39879 70852 86288 50393 41424 99139 69430 39111 4859 38228 
6603 15
97381 72164 55519 4878 52475 78897 14793 33966 32980 33322 63190 91856 29803 8443 59514 
9486 16
77993 25214 88324 29916 88042 144 96171 85828 42294 1142 3667 13021 47863 25217 50136 81616 
5707 18
77110 55450 94206 85162 73003 64178 76052 46879 82908 45800 24447 88993 1421 29307 52522 69918 49598 10591 
9061 9
97758 6623 14719 47228 34454 40717 6237 97493 36314 
820 16
17999 52153 83119 30251 60338 8452 54419 97361 27479 82097 26664 9376 44633 86250 44370 66360 
8427 13
3442 82839 98543 79441 50819 82993 10276 43211 3291 28841 79329 63169 85437 
825 17
96894 9758 72211 62630 44047 35649 16387 19761 20058 49609 69306 83695 78064 32974 37375 88894 72176 
1478 17
29736 81910 56764 95287 31959 59763 16091 11030 70272 40915 94114 99281 44076 3165 94760 88154 16541 
3865 11
44454 15987 21619 56930 59457 96823 22710 90434 56899 92300 73034 
6708 15
86005 33847 37840 46731 41018 3164 13767 74189 77942 65529 51954 68926 4332 25097 60358 
9833 11
74638 74124 14706 60218 13060 63306 4580 29207 69354 33929 42595 
5989 17
57364 68220 46964 71362 40063 97000 24230 99033 12405 44621 94712 39514 80697 3142 9030 62547 35174 
984 17
5364 20155 38364 55512 64584 3149 10131 62866 3243 78657 26821 43392 43599 29093 73305 67207 99627 
9667 14
13401 59887 70655 54762 90180 36504 43833 16180 40011 66302 94791 20501 66630 50609 
1743 19
65475 29366 24269 20821 94296 50750 23004 11480 12591 89597 50948 87627 76602 9692 68503 34912 12481 80002 24247 
3148 14
36813 23400 48541 32967 20102 41864 87563 95340 21022 69943 87166 23660 71769 63389 
4979 13
55331 34099 5945 52596 9990 18678 82888 57151 68539 69293 17766 98510 37300 
461 17
39768 37561 43121 42774 47063 88031 33194 79697 47118 8756 47155 47097 32445 50918 19242 50539 83538 
383 13
4838 88866 94394 94186 69734 91316 32051 92070 23838 928 82241 67988 4887 
8392 14
69215 80643 41824 29951 42060 20066 99981 6519 96946 32513 95714 96203 2231 36885 
8283 16
21288 75797 34666 69572 52552 81890 96375 29584 93762 84177 91275 77395 778 93624 75951 13885 
1883 18
54108 67858 93686 55701 8527 46341 87448 93831 57105 53033 43476 34850 35036 87919 18921 97496 12144 41480 
1325 12
14556 45731 39053 2146 12569 50593 49607 29431 31296 65793 34972 22494 
8518 10
85977 38231 56852 92374 41806 36836 11461 22438 97315 1534 
9004 18
50181 36971 91454 15081 4126 97560 43022 99714 81614 56579 57502 94860 21376 2341 2861 90422 42909 35105 
9795 18
82816 40005 63213 20885 76529 21612 27957 51869 21198 17117 43506 66744 91990 41804 76716 47305 20434 65418 
3647 18
60015 17388 68843 26260 46038 6182 42891 63484 25825 6503 58458 53261 17450 87904 70903 84733 26457 80277 
5607 15
87884 40859 1577 47916 93808 59715 1237 35592 99744 66512 1411 49891 2953 25977 86135 
9751 17
30671 97787 77396 94983 86798 40731 68269 36902 6374 78043 81153 15698 12414 92385 68977 67431 16176 
7072 18
23190 95736 17708 39286 3659 96718 60880 95521 23931 52746 80706 73842 28666 14344 90714 96889 97556 72820 
9285 12
65242 5962 31541 78262 31449 22749 31286 97926 95510 29181 5194 91577 
561 16
96955 95256 53763 74585 62468 97761 8806 97800 8987 85188 81332 72772 51002 51720 25871 58923 
7588 13
13340 69406 85330 21726 92177 99026 99210 91954 86414 76625 12516 96929 77317 
9203 10
24592 81842 27088 71731 83264 38458 6905 8113 67814 91060 
9609 17
73674 44164 41868 8162 28488 57058 32920 77805 60409 55771 33804 78960 41899 23331 12285 87569 6423 
3612 10
12164 75570 74097 94125 16598 22854 26970 15834 60652 25134 
81 10
50496 46586 31915 36541 50891 83633 84897 10508 13133 44840 
2657 19
12476 24266 47663 66936 60851 70935 67057 20372 29608 68893 46433 83921 86839 36709 69036 14268 32792 86153 42175 
6416 17
92349 45119 10158 52550 57172 15413 5425 10699 20964 99308 16620 66830 56390 81253 47968 90005 74318 
7217 16
28172 73827 39816 63234 52813 26071 60144 6572 96348 10306 43719 81395 90888 30053 29793 50363 
6715 14
70288 49510 96008 69349 94724 95314 3598 68116 98111 26822 67956 75926 92033 1147 
1361 17
2574 24193 8013 66725 49862 245 23315 37985 93481 98455 82665 67742 36891 65315 13303 77140 36320 
6662 14
33638 44556 64323 46197 22401 2576 53378 67410 59662 77505 11990 95718 63706 65002 
2394 16
47576 34607 94214 96142 36757 83514 1998 25967 43263 95029 73569 6758 20575 12871 36193 29201 
3569 12
43756 3684 13205 70041 22472 8374 72916 5517 24740 98861 30338 62610 
1204 20
691 88684 78355 62670 97140 58673 11271 6582 12557 64777 79823 86720 50420 91388 54349 27545 29562 11677 31487 85773 
1557 17
3194 79620 23157 2858 11168 5566 64895 5543 85028 49134 8127 13668 60485 657 24504 69284 23294 
202 16
12111 81782 23863 57482 82870 1949 27531 80022 25208 79375 49870 8733 43366 29389 19987 32242 
197 18
63467 38155 28875 59236 15815 44601 90359 27485 80152 55961 66394 97230 91460 38453 60766 47884 24851 66822 
897 14
3370 89915 44446 35768 30177 90241 31964 6362 43187 92813 64407 13632 85252 71146 
1431 16
9867 22562 94101 6437 79633 34911 50723 21459 99262 54743 72767 92474 40323 89197 40976 14684 
7175 12
66907 75263 28784 39305 23413 28230 17709 96386 68888 4082 14897 55577 
2943 19
89074 42824 10040 34734 14627 36728 35038 19155 56395 38998 11954 4916 61497 68429 56722 68857 48077 8051 90985 
3719 16
98025 81004 47367 34807 37449 80832 26483 7953 41713 74216 89283 90708 38987 23489 97039 94938 
6464 17
73781 58880 71231 73743 49221 42483 37271 70117 7568 84763 66338 51166 88610 42093 7421 19163 8972 
9489 13
45503 18137 69838 38547 19784 30649 91694 45883 92402 1669 4490 88497 29598 
6751 12
92329 82752 53100 53945 6353 9499 3186 91002 84948 97696 57764 46146 
8056 12
31110 63827 35890 3561 75487 45770 24457 19817 87430 34361 17128 96476 
1918 14
18580 83313 56616 76592 85415 38064 77303 1933 7079 72096 80304 61531 79082 64145 
115 10
76397 58775 15264 96238 44635 99249 50746 55235 5443 60419 
458 15
48823 30142 15900 31129 56783 97306 52949 43977 28797 80536 11323 50016 28423 45076 62355 
7843 19
20265 17796 13585 31208 40070 5667 9698 99266 45791 15016 75591 40884 44404 31352 74467 42817 77573 38684 9526 
1154 19
76263 89411 4517 21593 94666 38244 68390 33886 87964 22384 93107 44725 33249 28816 45281 78403 13341 36558 10939 
4516 17
86587 2311 93931 1037 51959 56900 21637 68844 94234 77442 33593 47854 77158 39206 1114 94837 18256 
2023 20
44072 19183 89505 14117 10811 4709 71120 68558 68773 25754 65288 65821 32472 29948 80121 3966 64230 17888 96004 16809 
6929 10
37857 1246 41736 74880 48522 51237 91054 27730 33361 59689 
1229 13
79616 90096 42863 89893 69387 11794 11142 52749 50904 8896 76472 79141 63469 
4364 13
21995 61301 70129 34699 83347 15208 94136 36672 34216 7404 30905 33386 48440 
8648 13
33752 80463 5663 61228 31855 85459 81295 22446 41666 55376 40446 25704 15391 
7407 15
71967 84012 99915 65910 88573 17054 56070 58136 75113 18397 5091 72956 90246 46170 41471 
8180 13
61325 28946 41992 78188 54818 52039 9612 2533 75155 65147 50585 98201 47789 
339 16
55575 72357 17915 46187 37593 86688 13498 52082 34201 36061 42160 43697 69372 88088 79228 77635 
2863 9
58684 99870 11046 70638 855 51663 30562 19056 72313 
5971 18
29132 22135 38344 22971 30555 74513 36326 83747 37400 48281 66882 70249 29902 46878 26586 89985 17058 33269 
5551 20
2017 82686 16393 42531 49872 40140 25876 2528 46752 53504 96884 2612 12935 42489 29773 99068 69726 35382 61909 30948 
9918 9
71772 47523 14457 27484 83949 61821 79933 49584 31825 
4275 19
60857 63686 80892 86342 47970 99148 21220 70417 71821 2809 4338 32042 39744 95189 86091 80800 93416 98905 92110 
1658 18
60520 82205 75040 41702 45556 7516 44846 27417 46336 82603 77913 28445 41362 53409 90179 61092 46412 54505 
4506 13
46480 68459 32001 63107 98349 69560 48250 39993 93152 7121 5368 88297 9268 
1499 12
87742 48559 43493 49634 4927 68796 61651 42547 62500 8360 25111 47232 
6446 17
97353 66792 68545 68205 46530 53448 69144 36923 35735 27618 83774 98393 35871 99013 78839 10142 58291 
490 11
88188 10519 60348 30696 39605 5411 44257 737 53040 24207 104 
9110 10
99103 78629 8444 67737 54757 93603 90052 34898 4345 84142 
7575 15
67566 43509 79454 81317 53525 60496 80057 14517 96630 31529 11851 99998 56723 57733 66420 
7956 16
23650 83790 34990 86621 25103 2365 19498 11082 59305 43098 99270 76310 39793 8361 89710 91358 
6899 13
95073 51050 94621 10095 83721 85338 7382 66671 56318 85529 14246 36977 66595 
9064 13
53135 11002 26172 48449 81296 75503 50724 59567 14144 68486 63288 67031 97723 
7729 17
24647 28235 31058 43920 4197 6685 15638 80885 25440 16001 86053 5343 54159 72099 89627 15641 74182 
9733 13
39173 38374 90923 55543 58337 16989 55530 14939 77857 25678 52738 46377 4715 
2022 15
2424 70038 55342 97373 41513 50555 45013 40461 20722 39519 19805 86338 78752 67434 22655 
3726 12
25619 60925 4363 64035 32226 36631 28561 19778 28990 85115 64529 98339 
4893 12
28005 30989 75560 30105 93129 56984 77511 45773 96674 37160 4774 29853 
7038 13
61179 99644 64379 87874 80352 22970 34793 74706 3068 11272 70019 16268 19777 
9564 17
78145 39193 32607 38194 65091 4400 3879 47827 70424 56167 77329 94564 87438 92259 89514 36491 69604 
751 15
51453 15151 91075 29854 5449 33695 18471 15535 59538 74094 70627 59492 94239 41058 15713 
3919 10
90734 1184 40245 66590 94347 4461 89941 15819 56056 69802 
682 15
6927 88473 47847 32681 57490 93357 90207 68424 33000 75338 67458 3557 84194 97980 44613 
5331 18
20629 92488 92308 10877 13676 96405 95007 70113 69643 33983 3955 4122 46233 4075 71101 64448 27177 83820 
906 11
60103 51287 44052 11604 24241 36627 87150 2770 75208 73612 46263 
1342 11
57895 74766 19315 46270 67961 86196 6330 14075 88043 56297 34616 
3134 15
34939 78031 85767 57795 66699 51206 76660 34373 24736 76719 79014 48041 49408 57609 96407 
7645 15
54916 5565 16202 10327 80297 74489 11713 51951 98631 91775 7549 33181 49720 38206 28757 
1515 14
74559 61927 54137 42788 64359 25660 35100 77174 81455 86824 82275 17660 36317 3235 
3050 12
7507 17096 89911 80440 31709 57053 55851 41617 50044 77035 63291 20139 
8139 17
20698 57494 67726 30109 54522 68501 56432 99605 98805 12427 8074 69867 93749 87734 10964 4255 15831 
8412 9
96599 88384 65076 3224 47400 71832 38169 75065 63364 
6367 19
8507 89772 95063 18716 68008 74113 41361 7512 51554 12701 4513 55679 51998 59315 55688 4138 46085 85339 53725 
3932 14
35609 76902 56522 59960 50601 80363 64017 70752 82149 49927 29211 2929 77422 40438 
3906 11
83516 87685 94329 55817 6030 36478 8468 67311 45066 91591 49262 
6422 16
46069 52506 69829 50202 65229 63944 52344 5889 24331 47794 13722 66921 35634 80055 88776 8087 
733 16
79180 92724 39705 92955 49094 67770 13284 65928 10133 76251 80266 83833 95415 66261 27665 5837 
8649 11
33636 62417 61716 68823 26555 89832 30396 89830 25295 53719 45589 
2984 15
59464 71432 911 65932 99933 15268 77802 37544 17016 98914 52854 36968 74210 63935 1455 
1830 15
36419 38070 23345 67032 5094 11193 19379 99555 87850 49157 84167 35453 11233 36071 26905 
9809 12
7458 91995 81683 14461 76882 23774 41078 36806 8225 57612 68260 23340 
2868 16
97267 93229 13782 28241 26426 62894 50956 82584 77889 13959 58064 64559 74618 68021 16062 97707 
419 14
50235 1346 60744 38240 99886 82453 18565 83146 65285 4736 38525 79506 36273 49040 
2890 11
60955 55383 53382 58072 64427 8520 58129 58257 87869 4120 59460 
8841 12
72659 84550 36520 68411 51934 56422 90949 85002 33631 17203 60487 20256 
242 17
20744 36153 189 19002 23468 395 70018 45438 43269 89742 48235 10942 17280 86949 78106 10820 98978 
1551 15
57630 56068 37223 9404 57225 8504 4790 2684 88606 44066 60973 34746 51535 41567 21609 
8050 16
68239 93694 18693 42059 37194 39647 50751 70363 63540 12728 813 24179 36105 63265 3975 78373 
7737 15
32276 83212 14995 95552 91654 76706 46327 17918 77702 12538 99172 73796 62385 42927 13038 
729 16
28997 60903 58995 95471 80707 55959 15315 76777 74269 94761 92604 10015 50795 73175 2445 55762 
3622 19
17987 75569 4741 17060 1945 95080 22725 73330 90636 57909 84960 44900 89331 42567 76681 66237 80674 11707 12239 
5833 18
36749 92834 32656 79243 18789 20500 87141 95441 474 7966 88336 56234 71847 78707 59226 31143 36829 35847 
555 15
79265 57518 37310 22635 29340 29929 67932 11256 35007 81758 83947 13054 26049 52206 52560 
180 19
22770 56086 52970 71005 98128 862 79716 20863 72660 75870 84541 97815 53633 57753 65750 31588 87213 35394 54866 
6493 10
18975 82563 75107 88148 56683 17080 80393 92547 95151 24233 
1899 14
23284 60303 1716 62989 58204 38591 57857 20237 18414 54589 9339 93748 42150 25893 
8902 17
33301 22675 45112 37332 22065 32830 18407 60157 38268 42818 24014 40132 39516 45574 96807 63862 31122 
9724 10
72055 9593 52416 18668 24199 52985 90703 50861 89926 43882 
7442 11
43972 88066 83475 51910 2411 75666 95694 18588 31144 60742 84007 
6386 9
11094 19711 2109 49757 59511 71764 17594 22813 9874 
4457 14
89928 29127 89588 48851 90672 43625 29944 10762 39188 52833 87383 13166 72866 74825 
9760 19
54485 74169 31786 22413 10930 70395 18717 17563 37745 13954 88970 24160 79470 74916 36057 55041 88640 14682 91632 
7937 17
32944 48614 7517 78805 4329 81827 13847 48712 50105 34861 92731 79984 74379 3015 12807 12068 62239 
787 14
93804 28454 28770 56648 68117 26830 58404 22951 18196 14260 39007 65673 28862 44816 
3073 12
58315 57744 69617 4705 68318 79548 48848 92503 3090 17186 56146 90184 
2830 17
73779 43765 27169 2816 85802 50999 24754 93477 11521 66058 69904 17347 2023 22923 62515 3571 65030 
4811 12
23714 11988 25127 47531 97513 17046 18354 39833 86550 12987 4535 83854 
2904 9
19713 55723 27446 60058 54135 31835 94923 42921 91335 
5961 9
63531 90312 96351 28828 12167 61363 94338 7684 10454 
322 12
37233 86071 22915 26229 52127 65870 72500 6746 11553 24630 98762 96607 
2786 12
15562 29626 88803 99560 10714 7537 38790 72419 55427 25368 27246 34993 
832 17
86392 29746 98497 26078 76482 3870 4567 54441 4118 53142 17213 12923 1489 44419 85275 75680 29059 
6623 13
31681 42512 49504 26996 96838 31814 60235 25918 2008 2855 70799 27997 4384 
5555 14
43114 26780 5128 48511 40617 72557 77368 44824 52666 43089 53231 21604 3773 88406 
7438 20
92491 76815 43162 1137 35463 42865 51686 50938 85581 86426 68645 50115 74677 29776 82920 7093 59314 89848 39760 60101 
5227 12
47732 7672 83714 81167 46717 56598 62742 40790 93187 33407 74622 25082 
6236 17
95663 46152 89336 72514 26472 74537 85494 43916 49075 71100 89773 67257 89011 6736 31748 23755 21997 
220 15
80199 58268 53737 42679 16920 19587 51537 17440 92984 90127 48577 79410 27476 33342 18369 
9574 19
93797 32523 58606 78540 47383 62810 5934 2343 10510 30215 23994 15704 46276 99574 65428 97499 58472 59397 28041 
4375 16
16231 95399 38847 38677 26762 5480 98562 24021 88802 91642 19349 71870 33089 77906 97571 94844 
9096 11
22767 38478 95825 41134 37455 83646 37806 30748 85824 91376 35543 
2214 16
71149 6515 37980 9236 69006 25274 21223 59437 45646 36172 59288 88742 94368 69665 75024 51556 
3921 17
46074 76490 43430 60181 45079 1420 43480 61771 15053 14659 63852 89556 89729 54401 86890 85820 74507 
8279 8
63029 73237 11213 96414 32039 79437 63624 82502 
9002 18
62316 12124 37414 52024 13716 74681 58943 86336 39863 99659 57226 2591 14234 49905 77985 42901 16782 34020 
3720 14
39381 46806 19264 60814 32015 94835 35343 11291 84943 31747 47043 85826 73304 41114 
2652 15
63502 9734 65446 65701 15734 46407 67212 89908 63606 81516 91425 44178 31093 76209 22805 
5917 19
95004 26981 22198 49539 40222 10382 65539 61491 62847 67427 44745 61071 43678 84627 80670 78933 27251 75324 8769 
5481 16
92815 22218 91840 6010 99293 32190 91537 11602 27096 73486 35425 32556 64489 76109 60798 63430 
3038 19
77961 87132 35781 39108 74535 69583 39175 6670 78023 15187 77621 54771 6021 85081 42724 15116 83715 87299 88556 
1137 15
94733 49198 52467 23843 73122 32799 15617 53183 49964 181 41013 38498 89486 75813 86110 
9509 14
24596 21418 60900 82260 92439 26695 52293 76534 10100 66103 64549 78419 24265 64473 
6188 14
83244 1470 63904 6076 22434 82998 53838 45607 37085 40909 31166 35967 81763 98498 
1486 17
26716 72111 40667 53225 78407 14278 72607 13851 18832 44282 5811 39766 65666 12250 79319 96225 96627 
7243 16
30369 27950 76394 57434 83823 91025 50394 60513 77263 24818 43122 36003 42008 92712 41457 50324 
1130 13
18701 44954 2139 91319 62980 76108 32539 34023 64945 34535 38974 9715 78467 
6212 13
62838 10024 84445 15924 35388 35386 29498 14766 52625 28692 96981 11374 5696 
3491 18
39981 83403 16186 36976 24849 52272 84838 24919 87251 81078 49651 52810 19591 751 55230 74566 39672 77477 
4065 13
69141 69244 43537 18030 33951 16624 59940 44996 9496 6561 86029 50234 99292 
744 19
44928 82185 85983 64813 89879 89986 94161 98329 49069 26319 58535 15353 1518 27823 87698 31502 25780 46198 48801 
5761 15
90886 19707 82127 82537 22202 13204 17367 70757 59747 7101 77951 51586 9465 58848 84117 
4278 14
1017 60842 89993 71948 25418 25988 86558 71572 67135 84134 4872 20348 54399 95136 
6745 15
62429 60746 88542 47585 35824 42366 780 52664 52174 44584 61366 85155 49435 26657 69730 
4709 15
47659 2950 48454 95146 2618 5092 99015 23260 21958 22896 56521 83375 32335 17018 99818 
9616 10
86840 17570 99815 1364 75156 7556 16417 41559 78190 26504 
7420 13
7513 98194 99750 37638 88951 67796 44672 10652 87665 461 94842 51974 85221 
5184 8
52462 81290 86390 20590 64904 16570 50275 49202 
1989 12
61260 79182 39893 85142 89037 24761 80644 60870 97175 51836 64154 70849 
2881 10
13893 25536 80716 96993 5967 17468 76033 43130 90360 20498 
2990 10
1694 18740 19416 21894 92293 59140 96168 91357 55196 29099 
7042 17
60582 42074 72464 37687 64879 38712 77640 24343 94727 18110 79123 87349 18938 1911 92896 27467 69648 
6940 13
69993 27468 57710 73925 39870 42102 79244 9446 6553 26739 58983 39164 60078 
542 13
90563 98687 53334 56865 77058 77627 15560 88830 12927 45750 85408 60895 35954 
5805 11
750 60441 10948 44922 26733 42579 11382 38167 17515 42416 17082 
7143 13
45165 61091 34953 71568 81037 20580 33208 90787 82181 55892 4712 46194 35678 
1705 17
69544 50406 45330 54074 27480 55585 26647 22932 60703 28747 29573 10868 41700 76267 5702 26430 20589 
6541 17
44691 68842 4944 163 39887 77811 85907 56695 45221 96216 87112 90349 25167 18141 71626 60893 60428 
9239 16
78515 97260 73807 24764 6754 65093 12123 75646 55016 34855 86429 6812 93009 52478 56230 25718 
8450 19
48365 65968 28509 74610 52759 25301 24474 12668 42454 60389 44254 28983 48071 32778 18541 14602 46318 96231 40969 
7954 10
19268 66778 44258 38185 88317 154 1340 10657 96374 91676 
9577 17
39698 2887 83169 49745 82330 77890 35161 47865 67762 22691 61011 47131 83488 70471 25852 32744 81441 
3876 14
61517 30773 39365 82329 39322 60734 96222 80512 61376 74294 41615 32338 68830 35264 
8839 16
73517 13780 11548 62467 17418 25692 80409 4964 15830 66404 30601 79479 48420 24954 25978 76776 
3025 14
89152 795 16177 23992 75910 39219 13068 78581 12837 25569 2813 33754 62511 14804 
5857 14
6504 40680 22716 72811 85184 94779 99699 7444 86694 44471 65193 25390 76320 32808 
8831 11
8173 935 21173 92109 73255 83003 9652 90428 8156 60767 28394 
8952 16
17669 48981 84255 43254 37968 3930 2670 4424 56958 5161 71089 15071 93758 97024 35415 13821 
2111 13
29311 8110 26952 60105 43759 41618 6653 47961 10258 6578 5996 60359 88323 
2565 13
67723 13699 1357 31243 98444 90677 53394 60023 92265 98761 1581 45078 77450 
7104 15
6640 86511 88759 92978 52594 11303 2984 50761 80549 31313 13281 61556 72320 71194 26014 
917 10
97211 85545 29121 38274 99771 3449 59516 44084 33126 60729 
5438 13
94553 87397 98 68452 13272 41381 44812 6373 76256 89930 49632 60056 527 
2200 11
65165 88829 99833 71186 85916 15714 48075 57766 20587 46567 98647 
7512 19
26310 13473 74 35094 60390 32530 8122 90572 88722 64121 25400 64757 45226 2705 76456 76140 50160 93792 63912 
7166 11
43444 35811 20255 99387 98138 74754 49505 99442 59221 58833 60261 
29 17
93750 80532 66311 68449 12708 33042 69361 80009 55674 33336 68691 77350 99675 97733 50056 23600 69534 
3979 17
23630 94197 93216 45443 10049 26728 20470 45508 530 96016 64361 92409 9043 74542 32274 60135 12753 
8122 9
93479 98957 6121 22757 55650 93036 99042 62802 53274 
7293 12
12574 14667 70986 49312 51647 3704 36429 14763 57054 73884 13465 44087 
7975 18
72722 24213 83556 61299 25559 98766 37579 3073 20873 40404 62832 9242 59175 69390 34605 70037 5211 36179 
8895 12
78725 76840 18660 14632 902 8810 70260 16896 6344 89374 17425 92615 
9540 10
64100 76067 69550 40796 22506 34381 15348 3354 15073 99580 
1316 18
2024 8399 54062 76036 40854 47191 91966 42573 31724 11195 53426 67807 9602 16101 27652 88579 39821 16199 
1711 9
77518 15318 22263 27128 86544 87749 45685 15797 67380 
7351 16
54109 67279 72240 58439 61674 72391 40042 38075 13311 36168 23973 22850 14182 3102 96421 28531 
5426 16
72585 5925 19950 48107 28081 75702 80817 89167 72459 51907 8856 68419 55517 80783 45328 94840 
4485 12
98218 69610 77202 62292 59886 17039 61833 93103 93939 88934 79752 52345 
6355 16
97645 41965 33872 70258 20133 84084 65387 94618 50907 17030 62766 56480 31177 44783 10185 91485 
7499 12
84968 51896 26531 17602 31954 41222 37774 73227 32669 19177 33465 42663 
9222 17
53996 43120 83346 81417 71913 43681 50454 10277 56873 96090 97879 29421 13243 30434 78095 92806 56249 
6409 14
57875 51245 6406 28494 25469 11627 36878 98997 76413 6061 9160 67297 40316 39456 
5990 11
24991 72817 8844 46525 27051 70341 27750 71709 24689 35951 63765 
9805 19
205 54566 53462 25462 3203 77204 55021 34639 60084 63350 85938 64975 69928 82251 30928 61658 57977 23730 30299 
2287 19
37959 29041 76604 20311 9081 19265 25463 53458 43334 19960 28412 11353 76323 79671 61029 43938 28578 35555 67123 
3852 14
77060 83839 58777 48069 187 72242 77869 53683 15380 40172 78232 30191 74830 9965 
2595 18
68600 24051 74434 65394 6211 14294 53077 47277 7402 43589 89403 37988 99774 85163 21527 32210 58789 4574 
3942 13
89499 86425 29547 52919 68953 63091 36673 63283 79762 55387 63998 30676 48230 
5193 15
57071 69331 45002 31968 60938 74255 32326 84756 55715 28848 89721 78377 21798 78706 36532 
6017 19
47062 81823 80407 27909 76518 24947 46107 23138 908 13927 76080 90235 97607 96869 90217 99079 44017 36596 99549 
3950 13
20770 19394 54027 47975 72185 73229 66784 71643 23511 8417 53118 20507 90489 
4355 16
55999 62148 73320 57430 45052 87950 1478 7753 56024 50139 81916 51294 98644 13807 47254 60822 
3708 18
42834 52573 91748 83868 41962 57344 26006 9115 79985 62570 80897 70739 68448 20149 90844 70782 34595 58657 
7544 18
67706 13399 91815 20078 19966 44018 74945 23574 38212 26082 30934 91142 31305 28023 88862 13364 50145 95545 
3215 19
97697 28626 87224 87041 76153 17979 23408 85996 45484 94834 56506 16565 29694 9127 56551 19258 48973 12289 85233 
7803 14
44789 49077 74195 77821 64949 29809 15174 22727 4527 37021 84449 27483 37234 54908 
6960 13
6247 71899 54459 19748 10844 72698 50433 14405 67911 82588 69862 36781 61486 
4058 13
46516 84900 55020 29557 53443 46267 56871 62267 7826 17426 7336 50042 27207 
3737 15
43158 47737 85327 59688 21489 49181 88312 12565 21407 43515 34756 68991 84845 12217 59149 
8736 19
21646 8865 94262 80692 49650 69455 33504 66827 33706 350 38512 16084 85576 11859 90079 60008 5591 24446 25964 
7098 11
90624 95965 70642 92652 7070 13858 89075 72707 18441 81733 33795 
969 11
11375 16352 3560 94144 29407 51351 64681 24281 90538 7644 4938 
4019 17
46896 75900 24748 73502 77622 68577 8242 4418 93507 11158 22638 28194 97352 70984 86048 97287 17988 
8582 11
95124 31680 60342 36499 73331 41460 90971 78272 56004 91550 36362 
3546 10
83879 46983 76616 55898 55536 92353 84271 46114 29226 46370 
2312 13
13823 98469 91794 59775 68329 28085 36522 85350 13730 57537 96364 94581 52696 
5219 15
22188 22397 30980 48243 90846 11650 65749 94762 15058 27426 2318 89641 50308 86054 68110 
4645 11
23371 14428 95329 63969 87740 35526 8274 43472 4785 81895 29448 
5899 15
26518 10866 56433 78402 221 66043 34492 17809 26953 97845 62590 25478 84654 55300 78904 
5282 14
80965 89398 29560 10608 1157 24977 17716 32451 53797 38026 8636 39097 88941 26361 
8678 11
21770 89380 10741 50886 38243 83628 26285 91413 55365 9158 71282 
3907 10
14146 45631 92245 99279 42943 34950 58981 27219 33825 39237 
3290 15
23482 82662 90740 18661 76 33484 84907 81172 43961 93512 14447 28385 91742 3676 79759 
8226 15
55921 97687 63151 39877 1389 80110 32452 94548 39729 67199 23282 89734 62583 42020 1636 
7445 10
54006 15917 34472 19351 80365 80625 85554 84320 15716 33977 
4661 12
17597 72713 21867 81257 81821 13396 84872 42756 10589 97597 429 3276 
2608 17
17701 94767 70583 49034 37863 80164 11918 79658 63594 86940 54742 36745 34119 56123 99212 46504 54120 
8879 17
34976 43742 46449 1229 50012 80113 76499 74457 99081 55425 61471 21564 3454 85342 42340 40765 77080 
3094 9
62188 10417 96483 41836 91141 19811 70804 72753 4876 
9775 12
63160 77427 79094 63112 61448 40064 4152 7553 65172 75873 51106 10071 
5405 8
30086 18415 52991 77257 29074 59687 69271 58490 
5836 12
74107 21366 99548 60268 93283 64724 4677 47206 16605 59628 11646 15179 
8618 11
15525 26628 17819 92996 13828 98333 59270 55352 21205 80547 43686 
599 19
65840 77874 84613 56373 86730 12746 11155 89722 2772 70241 78333 95277 91700 23800 20019 25834 77534 87674 87928 
3391 14
85516 8278 90087 43068 91595 86483 12530 83840 58357 46689 37570 15023 12422 35485 
6313 9
31659 43265 78987 82829 67578 40845 71033 55835 87162 
5397 17
53613 46379 25888 53554 78555 3816 98963 53189 54150 71639 27789 5699 77282 94475 90129 15078 73351 
6370 19
33734 88380 46583 427 32239 37690 34253 18097 91160 32566 93433 94898 93870 3501 84683 43840 60385 40362 25601 
8449 13
14558 20646 45138 28274 80146 8130 1067 63841 79160 6551 88496 150 18333 
8109 11
66840 75268 5407 34450 42969 31540 23360 42782 59017 36052 52339 
5285 12
2419 88880 33018 66260 64457 26087 669 31780 84286 39323 17578 83059 
165 17
77458 56855 28355 37089 6338 82111 76135 81958 78600 57068 71402 78531 77356 91426 33518 88798 29967 
201 12
36432 22782 41939 71461 45238 55418 16015 71506 97865 43702 37292 10122 
2900 12
63775 64218 51805 28661 71673 15207 47321 5624 8159 314 21725 42158 
9204 14
63140 30909 97721 54110 41533 14911 82570 77844 21536 27638 23565 94816 1827 59900 
7096 10
14081 74848 51471 7263 56709 98137 70558 21657 37822 74167 
2590 15
59603 54953 97615 34053 70859 83513 78111 45635 37688 5742 48875 24522 45069 66541 81087 
1721 17
96680 1328 66601 97360 92021 12941 12706 75648 9681 13436 1271 45900 29998 6368 979 46182 49144 
9101 17
6785 64819 86821 19066 58552 77147 37049 50232 82354 48757 81259 29575 21606 10730 45693 53852 72384 
5756 18
65536 53238 96998 56170 63638 12744 61638 47231 93402 34190 41802 38831 3436 29088 35867 15017 84478 26779 
9095 13
75822 3621 72812 18313 37934 86290 12473 93109 49484 17192 86613 92928 20395 
5569 13
64850 34230 84254 59384 3796 62797 42224 9565 17805 83966 1429 54440 49204 
9029 18
8174 21238 93249 14741 86492 90513 67385 73968 87109 15784 54927 15282 67865 15325 63312 16128 76134 26710 
2276 14
16594 49600 40974 53887 39529 60061 28198 83080 75298 80809 50057 59168 43859 22235 
3369 8
44346 36496 1077 38612 50739 19956 17204 15038 
8751 14
47966 98134 97838 72545 86186 14149 95125 2229 75430 4492 64277 18817 11360 5650 
7658 11
8891 20970 40645 48988 16453 55638 62112 25900 47815 31242 82620 
2426 14
62386 46011 29891 79815 47956 20121 83455 80268 32695 26876 57164 41980 51424 36818 
8432 12
93899 84831 38700 21028 66072 30883 85760 23122 57386 98897 31249 29205 
3045 10
67923 68613 59391 5849 49542 49107 602 62891 60553 39703 
8981 9
73258 36381 15079 52999 53912 87611 11981 89217 68881 
4037 14
98773 10238 57868 36940 47427 81436 84441 54646 25943 37484 15345 90516 79528 56820 
9548 12
5328 33079 12593 79741 42365 49282 76966 2920 87321 90100 50610 65341 
1226 11
77342 44775 86281 44968 233 62617 22973 94276 96907 64032 46361 
1777 13
18594 13881 96529 65113 45429 12658 77184 12267 93435 89216 43822 45486 90073 
6497 18
84139 80218 4320 80411 39819 45431 52642 33968 39310 58460 25232 59139 41187 10431 91704 791 91970 54968 
5565 19
4315 56005 51182 79310 77462 5639 91866 72878 48934 68023 95217 14332 3209 64592 29798 66873 70688 39586 70730 
2872 16
46245 77664 3029 53109 76796 10387 21967 71926 83886 9651 93211 25658 79408 50922 15290 5149 
9836 18
78858 64956 79991 32683 72558 92220 84746 85288 54368 65991 46523 10156 37094 34747 49563 32046 63244 93608 
8634 16
23976 34853 42327 6769 9430 88575 36577 94148 37942 45978 52063 35963 54945 69194 96264 91370 
5687 13
80350 56915 24711 77519 93903 11163 16767 99532 26971 12006 1309 40386 82885 
1533 11
75930 86906 28961 48497 704 39028 58829 7331 21579 59692 20335 
3407 18
13860 10902 76951 62572 69065 1747 8722 83592 15630 49376 32395 56627 44095 60096 85147 98202 79535 48469 
6634 14
86293 2045 95224 67365 10566 14480 20397 53104 11963 14221 20489 76078 92692 73348 
1640 14
18860 10173 17916 7256 57479 21242 61934 82408 230 5558 45617 97768 46517 28535 
1453 19
17714 25123 54983 15385 56190 28208 24651 38811 66733 39332 49749 74243 1339 59341 61255 12015 70749 68226 51412 
2079 14
82091 87837 87813 10174 9323 47464 49627 60294 65350 96654 24382 87657 49369 22275 
1189 15
18505 83259 92432 97821 79407 87032 76647 24042 15220 4207 96492 42713 95218 18054 822 
8910 15
61520 97575 92261 32055 87320 56663 55435 83365 35807 26215 22611 81603 19559 19798 13132 
5933 11
95523 56989 57640 69265 52059 80946 73147 7410 98996 33213 67783 
5172 18
51447 57499 78612 52269 6742 17102 52564 57587 40985 22553 863 71104 45727 8430 24432 67828 5955 32583 
4463 17
28195 7858 47964 25685 87340 25398 53413 49953 83013 45282 829 32644 79233 90453 93378 33779 47407 
4434 9
52445 76501 95613 26596 90926 66710 22448 90285 61601 
3289 13
6747 52384 59597 93301 46612 37342 72724 93236 26706 76704 50625 88478 36689 
9916 14
75779 19396 95010 88744 1394 89381 80348 58820 1929 93644 92092 22530 77432 96141 
5171 20
16578 35832 10543 49129 52278 83485 98516 58294 59834 71222 53013 31258 22050 72825 72316 8111 32968 57161 30835 80163 
9488 18
35734 65239 48457 15888 54925 88831 46060 38918 84273 29148 6478 68383 56445 83841 64962 69093 2066 65138 
6826 10
44766 75337 41184 46958 6581 56931 49952 17486 31516 45341 
72 19
78903 86298 89314 46450 48253 91093 11162 4881 4102 54942 91784 59615 12452 17698 60433 38635 16099 63639 52737 
8628 14
92518 10086 58598 90841 31738 19720 47784 78777 44180 72673 70325 25297 63623 15373 
4055 8
62326 20119 72834 24286 46505 87860 37116 22090 
2887 18
52250 93017 80591 79304 49005 85103 45836 69447 85251 22640 59569 83250 38765 9226 99720 51033 49829 36666 
2493 20
33551 79579 4729 43399 39918 33432 63953 32355 74389 48818 42085 15829 40108 95617 35806 8519 57871 76814 83473 58246 
6492 10
47686 86629 38826 62025 49255 66855 23251 78408 15388 28525 
4398 14
29918 59630 92429 75088 79383 6175 65777 72267 1839 29501 58223 37258 81038 68863 
8717 17
62598 75814 92231 561 5540 15790 37199 92915 5045 15628 16116 32028 79015 51551 21379 41006 58355 
4196 12
91324 49991 44793 83566 2434 7145 84588 48304 70177 64552 88966 56245 
8009 15
13648 68769 14514 78705 28725 90648 98556 69965 29209 9383 70748 92270 89396 28795 76941 
4850 14
6854 41341 98188 29540 51376 25458 2783 46309 4216 58560 22074 2965 64737 97177 
6916 11
11809 72127 50484 73880 52775 69602 41285 30454 70456 28824 1234 
2848 11
31963 69102 58578 98293 33192 77165 28308 28054 65442 74347 50366 
4684 9
82189 25207 57563 14547 75207 46343 85546 58392 63262 
5931 13
49252 96836 99511 9728 40080 44063 27522 25042 49678 65322 45909 33896 17093 
854 18
41186 99670 68050 46127 41059 24645 70000 20317 22817 81781 38894 59807 59064 78498 30572 5310 95779 59377 
3454 18
61351 98346 52330 32422 4898 19304 7321 31384 65309 65984 65362 84783 19732 34871 9148 65778 55062 68136 
4430 16
44228 62452 81339 52219 68883 55012 1557 11400 92534 12679 3216 58755 80658 73238 80369 93730 
5100 14
70299 75251 32501 81289 3095 8513 96189 3664 63229 57302 46790 65914 736 88881 
6957 14
41944 72670 69907 32686 23121 89883 94880 8280 35443 97950 4446 93239 16211 51669 
7533 17
22825 20309 49380 50358 12511 37097 32632 52756 46742 54296 95154 70435 43745 69426 43403 87845 45926 
9767 16
72338 84385 95529 20734 51380 18458 87893 27427 64491 20073 49839 25318 87193 49889 63897 65146 
6441 12
78139 89384 2647 32392 48752 68267 9868 85948 74361 34475 25434 72742 
7804 12
10549 40986 65230 42228 30002 72232 90637 51995 50894 30785 3827 55552 
470 19
34110 50532 75916 83487 71140 7128 61793 85789 84614 84978 34263 30681 84652 60568 54586 72655 42465 65050 72346 
3535 16
72449 97839 95380 81839 37 4609 86831 68628 40813 96779 17332 95166 24231 38130 64927 82397 
6232 12
93005 79311 66470 94921 94613 11405 19078 94076 39407 31697 33573 24693 
5849 18
1608 97553 99523 2889 49834 44926 19152 79817 89578 13806 75944 11766 80951 45652 45671 15950 45274 80858 
6314 16
93868 85291 94703 6555 90467 11219 75 89015 51302 80367 54430 83103 55216 24415 28450 62765 
1403 11
60650 68456 55951 80403 59518 74162 58077 42019 94238 40767 8000 
5159 14
48536 66428 72289 33771 91427 28051 53252 44456 96577 18426 68138 35207 60365 21122 
5202 17
18250 60356 31782 86155 19273 21096 65496 84690 58369 62898 97824 34541 87187 84619 58381 70761 15311 
2295 18
92423 86721 39973 53545 42630 72977 57390 77952 65724 98602 99188 98839 22146 58739 17887 70899 7720 12395 
9218 11
71906 23172 41448 8590 70639 27311 24201 68963 35538 89612 50339 
6084 14
80020 41715 91466 40142 69840 81884 21830 70603 29120 5947 24662 34816 26978 82735 
9103 9
40936 63709 94900 98080 46179 51298 38012 12231 59467 
1973 13
28670 94800 27527 50348 37676 96683 14394 94537 24433 68673 65534 5102 55929 
6537 10
47626 33790 17495 34347 49660 16189 31147 89357 93851 62561 
3301 19
25109 89106 1990 31788 19561 8738 16442 40547 4023 4947 38908 19556 92476 2972 87044 71697 17449 35755 70229 
6633 15
97717 48990 66888 63971 27148 23120 50672 7343 4861 71810 12603 38820 91131 46796 69673 
3145 17
37013 18558 96033 56520 9298 56795 67669 8138 82833 75249 1539 37118 18257 92592 24891 38087 43228 
131 16
93985 72683 6272 34517 34978 71666 10950 85533 46392 79822 72352 24483 76953 28985 56828 10523 
3124 14
99244 31431 99456 1683 57835 79809 42065 11593 4303 89360 88888 45851 24803 7441 
486 14
97830 62384 70433 92872 57487 74082 1886 92546 21153 32434 80033 28477 78122 31791 
2100 18
35894 83379 59515 79502 53743 8045 35427 46250 81719 71192 30916 5865 23256 97726 54872 54967 94917 61905 
271 10
20456 63979 58492 43628 32097 73697 10308 69751 21063 52609 
7760 18
34227 43704 1343 372 44571 34118 95709 97709 65340 27226 34935 63035 39941 73282 99834 79031 66598 71543 
4395 18
66605 93942 77725 91034 90725 91851 84928 93784 48010 82899 80554 14023 68609 78663 12772 69050 97933 19596 
5044 18
75461 95696 35396 68627 52869 31816 46512 81268 25684 43088 27376 54043 61145 25110 91104 31022 19821 14489 
1603 15
45451 3401 67702 65493 69034 29990 25215 70693 29603 62512 22941 91212 64885 87388 64443 
8254 16
71939 13658 18461 67518 12813 51557 21884 88947 59811 42451 99576 82031 81783 10821 494 31572 
5342 12
31034 24588 48339 37346 97698 87158 19776 66480 45242 6178 95655 55204 
765 19
32747 38161 60530 94373 56285 43247 9582 88755 55065 98221 61130 11814 77002 3914 5981 75525 88594 55569 14281 
7454 16
33783 47915 64954 70501 69299 86612 60581 40925 36989 17645 2689 31054 68045 78091 2732 96982 
1844 15
95886 84941 6335 67733 28593 32769 92028 98585 3226 82730 22883 69508 67700 54363 19179 
2017 16
20243 5622 94563 97604 74179 75426 76967 3036 29367 17264 23740 62087 67785 57327 59125 14595 
1978 13
39689 25345 65957 38207 98454 26571 46371 98923 92074 89758 76064 37793 14277 
4067 10
47766 67754 89745 60634 33250 39419 53144 91082 80449 95975 
2837 10
35309 91512 94003 93926 70238 43769 50798 57761 99704 42141 
4919 12
6006 89104 98753 60469 76319 74860 92830 19554 30015 97559 24316 82160 
9596 15
68283 28257 92897 36022 46877 70628 62020 82845 83745 74803 24317 6407 58817 51612 83441 
3560 11
79096 905 7808 72829 43330 33925 89405 57584 9078 50046 34503 
5663 14
52013 19879 37358 81716 62251 56926 11433 45285 27257 88330 44041 71284 44330 71163 
4676 9
11921 19836 52453 48092 32880 59718 12589 52489 51827 
2040 18
97630 12595 86185 89776 11210 9926 60122 90442 4730 29103 11489 790 75402 19921 52394 43297 78800 34030 
4859 12
72169 59151 16224 16957 41671 27090 18766 71993 86388 97398 3792 33989 
3730 9
53438 71144 68549 12766 87049 77932 40837 86078 54628 
2021 17
1843 27794 71286 50373 37252 78156 81421 71534 35269 23418 32198 37960 74288 59167 78468 12950 64069 
1029 9
2582 19794 64097 79024 7468 15258 90196 25966 55391 
8536 10
46383 24795 76757 48124 69885 22722 72420 29653 47251 96280 
8828 10
20517 8643 98048 60793 60340 54634 73633 2725 32078 3074 
2738 8
60345 99070 51020 85669 11467 29926 80013 87867 
7131 13
61498 18476 68575 139 99603 17520 37842 95842 14603 44293 14064 88459 29677 
5820 14
5564 72015 82516 30951 23868 48008 86589 89636 20213 12817 87294 92884 91019 51451 
2760 13
78645 36859 27297 57304 64077 93269 30126 89490 78331 64610 16929 26113 85851 
1960 9
15752 64186 67313 63258 35270 71320 30379 90691 13869 
5595 11
17171 62505 76198 52660 58454 78073 62828 23998 7417 83255 77645 
6779 15
96152 42236 81514 80698 32041 23458 17379 28854 55496 41851 47812 2282 47364 64426 24773 
7308 13
10896 21713 75913 48460 67249 11678 78871 24598 38808 97823 29482 31752 40867 
427 9
40282 97772 77837 50193 99282 98000 92463 77656 43303 
2119 14
95209 45675 12283 27592 88212 23288 40627 39745 4940 76818 93238 34485 10162 59456 
2928 15
84448 67282 16309 16159 18109 12157 57257 31414 15036 82132 47749 63149 77931 83392 63521 
7770 15
24312 86072 26233 79058 91932 45775 8627 36542 81669 18641 99518 47936 85119 67958 88979 
5568 14
11989 65855 66563 40116 15721 70548 22644 72568 11333 86322 83113 17432 45053 67294 
