844
4074 20
2184 22232 75565 60749 95481 92803 66165 33235 7282 15039 47160 87003 95431 39999 40629 87243 71391 99133 31062 87114 
4871 20
920 12492 79041 29616 52743 42134 10014 2030 11543 55914 58146 68337 17652 50357 83073 18945 98377 17164 66996 72701 
8696 20
35619 45104 44776 86267 17085 89554 3876 87902 38304 24855 77630 82092 78115 2284 82577 94634 66416 42488 5076 65791 
6644 20
89990 62465 5281 47332 52990 87633 79918 60249 35676 34217 91504 2164 10816 32722 59710 43182 39066 67532 73905 34688 
177 18
56212 95196 74013 35086 79625 32108 58466 68856 24856 38787 859 58838 63728 41033 86060 56541 45612 722 
6782 20
69692 37178 58313 2356 94939 41134 22771 50684 71384 42706 10634 36522 1649 17917 92799 6926 74177 35177 86027 84072 
6342 19
92024 40639 83420 56610 14438 78035 17891 21926 72245 32670 7859 54197 66637 69395 9810 92418 82294 55491 15146 
1453 20
17714 25123 54983 15385 56190 28208 24651 38811 66733 39332 49749 74243 1339 59341 61255 12015 70749 68226 51412 22832 
6754 12
48874 16462 73946 69574 57188 6136 64971 54195 47046 9716 60674 38055 
8617 14
27336 12078 70208 80572 65001 89450 56222 27070 53656 58113 96366 24555 73616 62826 
8005 19
66483 43568 69565 63014 54867 7518 80374 38757 58998 22715 2171 98798 11769 59779 50403 63729 75201 44049 71358 
3407 20
13860 10902 76951 62572 69065 1747 8722 83592 15630 49376 32395 56627 44095 60096 85147 98202 23169 52696 79535 48469 
7281 18
4425 53518 35664 83800 8971 20628 33026 12771 39968 64213 88047 87511 27077 15340 74003 3009 92440 26693 
8384 20
29310 76168 27699 71023 90223 79781 84313 24067 67329 15212 84933 67804 45614 54344 4986 37923 69826 34713 81966 89482 
6232 14
93005 79311 66470 94921 94613 11405 19078 94076 52136 39407 11374 31697 33573 24693 
3483 19
90279 42098 11010 87119 51336 82304 72828 94901 909 87024 94004 37523 30642 18848 91934 88637 38455 69536 1098 
5348 19
2519 30289 22038 37958 21795 43951 27669 16521 30371 60666 44592 63951 6144 42335 75228 92159 70428 9820 44219 
1559 13
48838 83093 90715 51878 52328 13735 44809 57844 91615 49428 21448 94008 32310 
8490 14
12447 70466 48919 72199 50163 75442 52199 82276 6067 6575 74268 5462 1738 11887 
9447 20
38493 70663 38593 673 76262 410 89681 38320 34612 76725 33653 90735 98621 61857 42871 20351 83518 38150 14339 63821 
9829 19
56041 83501 86822 88487 64120 77453 20136 75869 3990 47730 21391 97558 32779 67231 1070 11205 47315 51779 70861 
1949 20
24096 18968 71256 82966 98832 52845 2883 63589 5658 7767 96757 99572 99686 77607 75188 21318 29512 46254 41367 1416 
4038 13
81515 75852 55901 46822 42184 52765 49080 8676 28298 46611 42005 53368 95365 
8530 20
11503 81373 87719 5892 26138 53582 59089 88957 32631 2304 20859 16064 42760 19448 98024 99723 22968 96213 27044 82458 
8728 18
71936 35203 33260 69082 65433 50050 87702 32405 56671 10134 74374 73194 74978 35881 72584 18116 81479 15654 
3525 19
60690 22992 53202 39839 33222 88124 26248 28338 90138 4701 9648 72796 5122 89782 54655 97816 80204 11729 99793 
906 12
60103 28069 51287 44052 11604 24241 36627 87150 2770 75208 73612 46263 
627 20
74570 6016 49106 41993 94802 39432 20137 76493 13907 46427 61874 92874 60226 60962 18989 17668 47618 75802 52170 38799 
7819 20
47416 71839 45905 88097 42215 89224 58796 8183 21414 86747 20549 60221 53006 39170 32704 86604 1367 37514 58040 85469 
4252 19
73224 19213 86957 72729 62340 26067 73659 92372 73169 87121 48475 58654 6511 28200 41155 56397 69466 51077 34069 
6760 18
58782 18940 39307 55649 84077 77028 92406 62767 98616 10514 85057 950 1126 76560 44692 65570 55458 52244 
349 20
83215 64201 17897 92378 49971 45706 10212 55168 56492 71808 20469 87536 18167 97265 39545 93253 59352 73350 99807 34171 
2359 15
9508 55889 14067 60259 78319 30503 98686 63497 83803 19053 20678 28632 12451 52615 85810 
1634 15
75776 5282 2981 36241 90605 69902 34392 18305 15323 87092 24468 48779 774 57740 42058 
3391 15
85516 8278 90087 43068 91595 86483 12530 16084 83840 58357 46689 37570 15023 12422 35485 
661 20
48941 87312 32402 83190 46618 77606 50977 25973 15297 26557 49350 31489 55860 41272 44823 15973 86001 9112 5110 66405 
6441 16
69323 30909 78139 89384 5683 2647 32392 48752 68267 9868 88836 85948 74361 34475 25434 72742 
5805 13
750 60441 10948 44922 26733 42579 11382 89107 38167 17515 42416 17082 70432 
4193 12
82470 16068 8596 51587 29869 52011 58278 97482 99564 34675 49397 24403 
6550 19
94970 97138 10051 35700 31067 49892 65313 11530 97857 7958 93066 63103 12759 33058 80912 57286 85050 57527 16395 
8917 14
32911 3456 38007 42526 18745 65614 10177 14901 40941 61097 22365 60134 39083 6604 
7360 9
11512 42389 26904 50678 48561 23450 99682 33085 93449 
5707 18
77110 55450 94206 85162 73003 64178 76052 46879 82908 45800 24447 88993 1421 29307 52522 69918 49598 10591 
2044 20
29958 39554 69029 71861 27066 89068 25945 63471 64546 92294 79761 7230 69976 59429 90947 34336 2766 73699 63723 84863 
8691 20
48126 46058 1012 33992 55052 80049 35565 87419 18437 15480 78477 20152 50247 78715 55714 29434 85175 15371 11153 59290 
8648 18
33752 82906 10856 80463 5890 5663 61228 70053 31855 85459 81295 22446 92903 41666 55376 40446 25704 15391 
414 20
58203 57632 134 4391 35170 30257 13209 3857 11876 12491 43849 47195 82540 55000 67594 72431 98692 78367 75477 61099 
7327 16
97546 91198 10089 2444 91892 66385 50738 80916 62968 5377 72011 85856 7209 89861 69788 23059 
1864 13
30623 34568 78112 80808 46864 18625 94551 54703 96511 52248 22717 43957 33943 
4979 15
55331 34099 5945 52596 9990 18678 82888 57151 68539 69293 77280 17766 52458 98510 37300 
1800 12
62554 51532 24025 29997 39404 31341 97417 88329 62440 75484 37546 81760 
6241 18
40462 36531 42960 25240 54471 21600 74814 40351 66575 48146 12416 61451 13562 66639 98014 31889 86442 88617 
1653 18
37098 38343 94606 23427 57035 29400 96842 94978 91818 93600 28095 28629 53375 28621 32573 13447 98634 85842 
1349 19
28366 22375 94002 45850 11511 19353 74174 82237 75381 17539 56202 42110 32056 50069 8164 86640 63894 44508 75694 
1807 20
99187 7847 92886 74681 89163 86753 77216 55560 8010 39933 93474 63275 97929 94259 60598 88738 48294 88360 49334 90073 
7984 19
44930 27980 6981 57104 7690 38861 57279 91557 40900 55615 78896 88120 97991 96995 83098 98660 59248 60574 56008 
4112 17
572 27645 65305 35584 7423 49884 67144 30218 88453 95395 72854 20577 8516 8967 68058 46917 13957 
6636 15
42641 997 71874 5454 54092 97223 34089 1816 60066 95361 75695 47875 47982 88953 32592 
3938 12
83826 75092 43547 68684 20791 92820 70893 38662 16110 59885 37595 12180 
9128 17
26264 20291 77778 14032 6199 22056 76510 59735 41170 48531 56152 90595 43449 6763 88368 76763 66290 
3428 20
612 47401 28439 69864 36727 51354 44929 88298 49856 97430 49358 71379 56796 53296 25787 94797 87468 63123 39161 61709 
6588 20
60125 88210 19537 75995 48982 50826 49067 50809 7618 42352 66794 98341 1988 82960 38766 2159 75758 47631 37636 36766 
8989 19
6476 38628 85112 4882 50402 77555 82394 9571 51990 88693 67915 7459 81799 43675 36103 90827 36422 79068 71547 
9027 15
30917 80014 57018 65839 672 33279 66363 7339 7881 32154 87363 96865 58873 65327 16771 
6897 18
56907 95402 83304 28038 71074 14860 3932 87937 54263 6564 43423 14925 48793 75602 16476 73295 54084 37550 
8181 19
82963 39996 15098 76450 45999 80560 83126 49564 56979 34337 7259 52171 23141 74272 59532 29408 37489 56597 40430 
751 18
51453 15151 91075 275 29854 5449 33695 18471 15535 59538 92605 74094 70627 59492 94239 41058 65399 15713 
9487 20
24335 64606 42850 62805 32525 32426 98040 76083 26750 6038 75819 54543 30970 32950 2958 75389 35812 72923 9282 52169 
1351 11
89302 21165 47154 31055 36187 28930 19843 91501 59813 2942 36129 
5551 20
2017 82686 16393 42531 49872 40140 25876 2528 46752 53504 96884 2612 12935 42489 29773 99068 69726 35382 61909 30948 
462 15
11995 88288 65678 36094 36722 92412 12322 82077 31505 72407 29109 84319 76817 73681 45164 
4705 17
37941 9691 19051 51664 92431 71928 26982 33664 24661 95102 66365 29112 15961 28939 58350 46654 27498 
1356 19
83283 52190 15920 73445 49706 77787 89796 40507 61543 74453 1718 98328 70779 66975 63860 57786 7850 74656 13975 
8831 12
8173 935 21173 54090 92109 73255 83003 9652 90428 8156 60767 28394 
6698 20
52944 76220 93865 48694 89391 78589 29418 14519 16542 70031 61763 48976 48503 90165 20552 78901 78305 78708 49808 57357 
2110 14
24868 61289 1347 39568 34012 21009 59501 33033 89707 86964 76856 26358 51188 91268 
4083 11
52309 50999 1959 71983 16089 17715 23437 67135 43990 92141 3262 
2006 13
94498 96323 16873 36998 3964 20664 88446 79411 27157 42790 96719 75657 42447 
9855 20
60258 74200 83257 45533 55738 34698 84226 89198 14014 94033 64392 21342 79077 31629 2999 56073 18568 51479 24583 69233 
9092 14
27133 70866 56179 39395 52279 14736 59636 33002 43902 83350 4727 61446 50047 14305 
9836 19
78858 64956 79991 86374 32683 72558 92220 84746 85288 54368 65991 46523 10156 37094 34747 49563 32046 63244 93608 
9772 16
45682 10161 77264 41179 10639 18994 71956 39849 1331 12919 34725 70656 95372 90925 20394 63725 
8736 19
21646 8865 94262 80692 49650 69455 33504 66827 33706 350 38512 85576 11859 90079 60008 5591 51427 24446 25964 
1045 20
17105 25087 20595 95978 77344 63622 90560 21886 41485 54028 20566 44114 43439 87873 56316 91949 29992 39892 38313 49560 
8178 10
9401 81080 40436 45833 4923 53621 40020 50605 50677 96730 
4359 10
25459 42468 30486 18416 97827 88920 14621 43800 2302 44374 
6772 13
95671 19919 86445 24112 75938 62509 23500 45113 88834 90050 95512 46842 68161 
7634 19
59905 29078 68475 30016 19427 2837 97306 14300 98006 30971 87371 73185 79794 7308 84565 79671 62194 43729 6752 
918 12
26806 50606 76152 48558 86026 3345 26656 12247 92080 51025 50540 67123 
3145 18
37013 18558 96033 56520 9298 56795 67669 8138 82833 75249 1539 37118 18257 21898 92592 24891 38087 43228 
7038 16
61179 99644 64379 87874 80352 22970 34793 74706 3068 11272 45102 70019 1508 43484 16268 19777 
8572 19
5616 12537 23157 22464 61981 91093 96767 69201 93536 11908 88489 82427 99978 29877 64529 54514 35534 53430 83108 
8758 17
13373 66675 45583 57507 17985 77120 18403 74958 51760 95727 5445 88026 60299 49244 24925 68057 36492 
2021 19
1843 27794 71286 50373 37252 78156 81421 71534 35269 23418 32198 37960 74288 59167 51017 34561 78468 12950 64069 
3202 12
40153 53811 77943 85328 40329 14449 78302 62991 91975 34677 33477 22439 
4758 19
41803 61417 26076 4552 94218 63986 71749 2686 74497 91216 47525 54287 2051 92408 33654 24709 23928 99010 84347 
993 19
37640 5913 15551 93522 98506 73163 73605 65658 98571 82869 96099 1939 76936 61584 62743 3923 2896 81791 83276 
2305 20
71856 41775 13779 51651 34646 97576 68432 68312 74346 42829 8465 15683 75993 38883 29152 67030 89882 75577 29008 65640 
706 16
20841 2800 13147 15331 28375 2442 10091 9322 90300 1804 68665 20981 96598 10130 21956 27067 
2541 18
23352 96147 57554 79040 25662 73929 12444 32094 41831 12038 54239 98796 43459 29965 19302 59039 14967 5197 
7989 14
22925 6800 31099 46874 12877 34694 46347 25304 39418 86559 92114 95793 33147 4181 
5437 19
58359 29133 84137 62156 75118 39244 78972 63416 94845 40517 90727 10326 36537 70941 99313 46209 49865 37541 19419 
8887 18
19827 12560 89506 96383 42539 41297 74971 45450 67211 80223 73556 63045 69321 19482 26988 50060 87881 6956 
2610 20
1382 65479 61304 49113 77032 39325 48043 89240 66708 4174 7820 74761 25060 53356 30494 52297 11071 10458 48745 71113 
416 15
27052 96196 71411 80870 58698 61397 57140 78548 10280 82929 19674 84065 97542 348 85782 
5851 20
8445 79965 3982 23556 21720 87530 56563 30381 12513 17291 95728 45502 85653 3163 21555 35601 99002 21719 50129 16980 
555 17
28172 79265 57518 37310 22635 29340 29929 67932 11256 35007 81758 83947 13054 26049 52206 52560 47424 
2297 16
32352 98491 19238 67018 61759 74118 54343 20451 72402 48161 5511 6718 42504 70960 26037 34902 
3794 10
61049 77809 73939 2033 59590 20429 67482 64506 90603 9590 
526 13
87714 67485 29292 2504 33586 98157 9200 69570 54307 62761 16735 33981 1491 
8521 18
64176 83416 49863 86004 5922 3523 9525 52981 14317 66555 55003 92700 98065 53094 75115 6293 94592 72412 
6953 15
4460 44169 71259 13413 40597 2391 45821 54548 6931 67642 46259 29728 66523 84887 46501 
7980 19
86410 90438 62769 2826 38104 54027 16543 49741 32628 93507 54236 18108 43111 67078 76541 80831 97011 57574 60624 
3854 18
2245 69562 55034 6534 36681 23466 80787 84046 23882 76913 94929 20817 92790 32246 28893 28622 27739 34562 
3993 15
47019 56292 58199 92861 21837 89549 63237 57768 4313 22861 80554 60365 50285 90129 43520 
6115 19
63877 83165 74708 46716 63246 1292 68866 8724 77082 28690 31377 25374 87223 30659 20120 15175 37543 61183 7852 
2732 14
98643 96872 34513 60437 17453 48868 58308 55683 61549 12612 45352 30026 16158 32601 
7280 15
80899 6392 93565 38742 1658 24479 5116 55355 35081 2535 88372 35778 5917 4380 86327 
4633 19
16590 73972 94199 77396 38658 20706 26653 1542 27747 16914 44404 78025 5107 48799 68795 55488 15868 51555 542 
5390 19
1629 26973 91957 41659 46059 96555 76674 98409 37734 9937 80485 5053 65140 61675 83944 32506 75021 41223 41258 
2737 18
1780 35484 13839 78710 64827 77444 43703 40330 46156 3905 80130 33748 31512 9560 3325 25708 87118 78758 
7358 19
8226 41726 81897 46729 65508 65619 36550 63957 45114 59605 34271 81543 47834 46203 30585 67570 34122 51487 88944 
2346 11
90784 3616 22001 38852 62638 23022 5214 75265 33916 90132 2355 
6202 14
35878 47571 3489 73534 70036 69527 37978 87037 92835 18657 81666 32439 26051 88430 
811 19
94207 7006 87847 13093 66814 43056 25691 33777 60123 32257 58470 87977 36628 18871 84120 50881 19254 11148 68738 
6423 19
16915 6832 18339 40246 95350 95909 60935 7116 51462 64766 77451 59936 10228 83681 23991 28524 9657 92164 29438 
18 14
52395 75224 35169 98878 80302 64396 52255 56601 55842 73308 69057 29586 74997 74125 
5724 19
83428 63547 24578 72830 21401 8025 43701 12844 3319 16663 13122 89956 53478 4331 91251 9003 93722 19536 64761 
9872 11
46559 42558 51849 47501 85527 91580 4537 60493 32420 86685 56111 
3953 18
5704 78057 66720 51407 54495 88667 95826 11603 32155 95955 64015 64680 38261 15550 80813 28280 19290 8169 
6063 20
54575 67622 67848 78200 9552 95598 41516 96428 79788 1266 85987 48962 51504 36058 66962 28199 5828 91877 9218 50947 
8677 19
59762 61954 69066 98603 36527 63444 84362 95939 27075 87787 86212 5765 75934 11813 57476 65537 70719 55736 54100 
8149 10
16863 79950 87508 71560 59349 39297 11281 46288 42728 88199 
2919 18
66105 2194 92778 54171 36953 45296 26334 37464 81202 22402 832 36354 22673 86866 41339 35907 43217 43173 
8390 20
70232 32568 42303 48266 60519 49743 87760 1030 90866 56049 52167 83316 17788 27709 65036 18962 9561 93150 90497 44742 
2047 19
31450 16869 65400 85450 16253 81296 28650 75276 7932 37522 5708 956 80520 75223 44463 19298 94556 29083 10296 
4286 19
68496 20151 73082 66223 8873 36066 24471 98587 97766 59139 68748 39682 25702 74607 37881 30247 19737 36134 94078 
2097 17
71974 13950 4479 36914 56512 59220 12344 99396 58614 95184 70408 55915 30639 19472 72902 35119 84576 
3245 12
16918 34803 16529 13640 17762 25424 44312 92454 53768 23154 38197 12848 
7709 18
99195 24499 69407 9816 71892 58854 6194 78733 23021 56021 67654 91415 53259 88615 70512 80735 37972 17174 
5117 17
81352 84432 8709 18535 3822 6466 4056 94198 57577 24745 99375 96074 47619 12315 23603 99343 46548 
2991 19
36568 80187 71546 18985 82300 90602 69656 35481 465 85266 16259 37044 60312 11897 37961 44075 3424 5604 11800 
5311 18
88308 47594 27 85283 73422 52285 82953 37385 75001 71301 41168 81510 56186 66267 5980 26765 40337 31674 
5664 18
90558 48407 99451 46966 62042 59453 89379 79939 64089 71750 23238 56387 74449 23990 26666 47216 35355 6082 
2942 14
98932 81564 73004 90045 69898 19722 39100 23015 82493 25245 86813 6497 54930 5417 
1760 10
5901 39132 49620 14830 22422 40929 58487 82880 46805 28953 
5771 18
86501 33122 1209 24242 99914 72219 64988 59863 66534 3612 93974 75809 79899 54432 93188 49265 33987 61655 
667 15
6535 49708 28636 42870 65505 84084 1529 37390 6330 92353 76211 6328 4430 42355 85898 
2286 10
28324 67637 97300 77774 90105 34977 36406 44449 51610 16365 
6871 20
40071 599 47629 87851 67662 31515 12282 59306 42836 75548 36149 80127 74615 74736 16615 59246 66013 21581 39044 13601 
4319 12
92950 88250 64662 24612 49885 83203 61789 67521 5288 28815 31577 7365 
6929 10
37857 1246 41736 74880 48522 51237 91054 27730 33361 59689 
9294 18
42080 72711 16973 96726 23597 68640 97076 89243 7009 57516 37909 747 37479 48181 54341 87581 33522 57295 
1537 20
83836 48693 12074 77438 74527 42729 97801 91907 10681 61374 87307 33275 37321 69114 17099 72268 54007 2729 6451 86409 
1004 12
87426 7509 2399 71234 62479 24346 19231 71759 40950 77426 99535 70011 
2882 11
16292 6626 34082 78934 24478 34255 48828 7897 83698 130 65860 
4067 10
47766 67754 89745 60634 33250 39419 53144 91082 80449 95975 
4374 19
77843 86257 46345 83665 14610 8107 35776 7662 2140 23023 84396 82383 36125 32556 91289 21304 65200 5748 76539 
6915 11
65488 39955 36036 74797 94434 5398 42644 29988 85197 71522 85422 
4138 19
7028 92204 45568 17444 74424 68663 55497 97831 57207 16048 41421 45495 34073 96595 37046 67693 59332 57000 6958 
2754 16
98693 4700 71756 52108 65435 63882 64367 86571 64840 60594 64036 51675 69218 81834 65303 35310 
1967 14
43927 40905 58156 8369 33135 92869 11981 43534 5236 44470 26335 73638 40595 82135 
5912 16
58401 15943 77245 7871 88435 63121 99381 14229 56772 17694 36075 35156 13665 55233 96622 4145 
5804 16
94485 99751 90819 91571 51893 4467 68128 41712 8105 22763 48473 62136 8102 62289 30618 34521 
5687 17
57895 80350 56915 24711 77519 93903 11163 16767 99532 26971 12006 1309 71188 40386 20019 82885 64527 
2145 15
73044 93690 3674 34410 28582 19381 42413 6704 50672 17748 14306 14802 25938 18655 43892 
1348 17
19371 53262 13098 39422 90465 58518 6111 27379 41574 65834 10838 56091 90943 73329 9142 55706 81953 
5339 19
74857 8649 63380 97317 93773 61805 72427 57668 56296 82022 11166 58639 40789 57166 68007 42866 21895 58878 12125 
6253 18
51545 43682 10342 66108 98355 77863 34810 71436 51490 43797 83025 25956 9713 56995 98882 51496 1822 96307 
2440 12
36019 32503 17250 95621 29022 52280 48961 273 51054 38466 44569 95859 
7555 11
80645 59433 9913 34991 98853 49271 33388 28735 93960 62262 31057 
2115 20
57393 56546 631 52372 56731 70698 30329 99970 67550 40196 44940 50089 82299 3811 72783 62652 36470 54155 99988 28285 
479 11
65438 31568 15780 13011 90023 95650 77731 9176 95716 4191 15992 
8563 14
75952 57728 49851 94874 55323 52295 43239 67599 94453 34045 63806 48599 75383 74839 
8279 11
63029 73237 11213 96414 98543 32039 43322 79437 63624 82502 24737 
2415 14
17257 74055 95638 94287 27490 83554 4557 80257 17962 42484 53402 36089 45738 86608 
6885 13
27088 17732 85859 63259 5015 92336 6488 82690 55405 57256 37539 6480 66579 
2380 12
11146 42369 37395 29106 12664 65802 90457 11550 83028 6118 96137 75099 
7442 13
43972 88066 83475 51910 88608 2411 75666 7033 95694 18588 31144 60742 84007 
7042 19
60582 42074 72464 37687 49221 64879 38712 77640 24343 10231 94727 18110 79123 87349 18938 1911 92896 27467 69648 
1854 16
92240 80308 21987 79869 70433 20221 97159 24160 54545 18828 8373 56918 68031 53349 11054 88236 
1283 17
78912 89194 18163 65797 29280 99157 21454 30634 38825 18667 43971 61184 34956 96458 87663 50561 9751 
88 20
92257 9925 71517 64710 83567 2478 26920 13921 16584 30039 87879 95943 28074 15842 42841 8235 85299 83687 16004 96717 
2235 19
18597 56327 81026 65586 75038 95174 47269 39343 91372 60651 71171 90978 91502 94805 19971 4980 34107 31664 24426 
6235 20
54675 98310 2510 89751 51514 33564 21213 14188 78483 27975 20599 23126 10813 67868 16201 74048 89434 85956 44347 43368 
3742 19
22010 98741 34927 57230 19787 93305 38617 40542 24138 39609 38515 12235 70768 90056 27890 10046 45008 53473 43408 
3597 17
30212 95110 43268 15572 44464 11413 10118 37962 76133 43181 26650 84345 90342 12667 73670 55285 59146 
9389 18
80869 49390 98735 59846 6821 265 70341 18197 42849 26876 54082 50923 95062 81612 57832 78494 93554 12242 
3981 14
34633 47001 29189 15513 11556 21890 16378 53195 24824 8408 29157 4900 51948 28564 
2901 18
21422 6452 19814 20707 55482 32616 94766 67673 12040 88634 58807 13741 34002 32970 85111 16397 71126 55760 
7175 12
66907 75263 28784 39305 23413 28230 17709 96386 68888 4082 14897 55577 
6997 16
89931 98688 78792 5905 19589 40161 29304 15745 17992 87668 28159 789 87233 72751 15852 66150 
242 17
20744 36153 189 19002 23468 395 70018 45438 43269 89742 48235 10942 17280 86949 78106 10820 98978 
4717 15
56201 65413 2654 51880 86264 67252 43891 61195 61563 81351 28190 26828 49956 12998 79767 
440 18
97381 92904 22116 75875 72845 65068 17196 14865 81887 22669 22051 52863 29751 90229 52208 64025 88277 98786 
8590 16
1543 97390 61764 98516 76354 74555 55167 25796 95994 64676 17877 19499 79954 33481 5843 6843 
5134 14
91032 93992 97031 41345 78271 73307 68890 41570 6727 98153 79664 97582 10421 62796 
9255 14
80757 17705 54473 12490 14871 40739 1875 29485 19731 33025 69499 87929 10121 82545 
9096 11
22767 38478 95825 37455 83646 37806 56082 30748 85824 91376 35543 
3991 18
13418 76039 74394 60091 84748 965 19820 53412 90156 47613 18276 14943 89303 14661 49440 63001 46311 59533 
7075 17
99835 92121 86304 80133 37195 2387 66289 27107 91201 71055 29624 88983 17920 52111 92755 69741 753 
9775 16
63160 77427 96993 79094 63112 74620 61448 40064 94834 58834 4152 7553 65172 75873 51106 10071 
1316 18
2024 8399 54062 76036 40854 47191 91966 42573 31724 11195 53426 67807 9602 16101 27652 88579 39821 16199 
9316 14
5807 70147 99852 47309 37623 47249 75727 83085 33100 78016 42636 19434 85069 23358 
8791 18
77912 7524 86695 7772 68515 10195 70762 32205 58323 55805 40812 99958 73654 5851 95022 67079 27407 89708 
6977 17
66128 32183 70449 71114 50143 34286 75975 32393 26326 17293 1942 99975 97203 16614 48057 70124 99006 
165 18
77458 56855 28355 37089 6338 82111 76135 81958 78600 57068 71402 78531 77356 91426 51720 33518 88798 29967 
6464 17
78557 73781 58880 71231 73743 42483 37271 70117 7568 84763 66338 51166 88610 42093 7421 19163 8972 
111 14
70445 1692 38153 55457 20320 15253 61427 1559 40466 79430 45472 8792 78382 97759 
1159 18
21036 67215 64056 80434 7122 59639 72173 99429 75209 64702 1249 65211 14703 80502 27948 36093 90461 80270 
4084 12
43610 22613 28414 80992 63578 68634 684 28011 7800 37389 41848 47224 
296 18
13112 53679 13780 20885 34006 34131 9523 80421 62489 18247 68972 44461 32470 7083 95246 70315 5286 18353 
8889 15
3463 18750 83443 48720 22287 37309 88574 40934 46390 60433 89360 64860 20182 26306 47511 
6805 19
8175 5852 63182 87313 12103 12320 4740 21120 83178 49444 72651 83935 6252 7080 96088 51279 85071 20240 59020 
3091 14
5660 90370 33403 33875 78266 8607 29249 64373 30466 11278 50612 37800 86977 57247 
7791 18
23942 27113 54133 35109 83007 41427 75810 87331 49959 81321 87958 48237 26638 84014 32187 91641 81874 93181 
1868 13
26663 11514 31924 62025 61130 16181 68996 57376 50201 96293 57160 23550 7898 
5023 18
71227 57179 42712 75447 66078 8667 54788 85676 13803 72850 31201 82184 73933 50887 5825 90649 87136 44869 
5064 16
58186 1436 904 23729 76181 45071 36767 31266 55912 84578 92927 43448 51920 57941 56560 65751 
3764 19
51167 60792 85103 69583 56429 71135 95518 6181 86064 75741 60695 26712 89748 84960 69806 33508 6290 76664 4642 
7956 16
23650 83790 34990 86621 25103 2365 19498 11082 59305 43098 99270 76310 39793 8361 89710 91358 
2131 19
39127 40821 96117 58267 57250 32293 28303 63610 30118 96149 83882 5323 4950 49793 98680 60033 35568 99241 70660 
2977 13
55942 3911 26975 15505 5806 59016 22277 93384 51874 12353 17198 1255 2309 
9517 14
24720 97001 52964 64422 61144 58949 51558 91100 76115 97254 88018 25943 36928 65632 
157 10
93822 28513 54832 50132 82967 76461 37367 54386 78510 38214 
4637 18
63609 28299 26142 46712 95262 16353 59528 78679 72198 48895 36055 96659 67409 54237 89342 58115 89102 20123 
5523 18
74547 82572 20012 37009 89131 33580 80571 36834 44354 48363 65454 67081 31078 64293 17531 95018 31675 18711 
7491 18
32661 60681 24104 14389 29611 21049 39743 67568 89044 70505 75423 25513 39338 6316 43424 48935 8221 69142 
81 11
40496 50496 46586 31915 36541 50891 83633 84897 10508 13133 44840 
9647 18
6639 93830 20992 36874 77077 22523 36307 29392 25354 15121 35547 14951 3723 46419 25514 24037 95318 47109 
2143 12
15678 17145 18889 34395 67372 79592 87144 21511 28330 86761 98833 21501 
3134 17
34939 78031 35068 85767 57795 66699 51206 76660 34373 24736 76719 79014 48041 49408 67351 57609 96407 
868 19
24532 71352 20414 52243 47902 44131 17941 98580 50525 50252 89428 42156 55200 38056 4267 19436 48775 26508 4022 
752 16
12133 28446 16350 55619 93744 18064 61302 70551 31700 72792 39254 94303 81483 26416 43031 91548 
2798 19
62930 13972 5547 90997 55073 74714 25320 24639 58337 28463 39151 96876 7485 46101 79291 3363 51701 2298 36023 
8738 17
34438 20614 68221 1081 46844 42857 89237 2052 92795 33701 88550 485 69069 47390 10840 36519 41936 
9948 12
4624 24599 90758 23869 74943 15301 7578 78907 83858 60007 44866 55894 
1990 16
72533 56703 23667 81657 73552 72717 54740 66203 93908 17487 86013 37612 55240 14021 32968 51128 
9985 19
5474 86708 18118 352 81477 35989 4521 95315 81469 46976 43277 39791 57997 13262 94829 27065 44342 31641 71651 
72 17
78903 86298 89314 46450 48253 11162 4881 4102 54942 91784 59615 12452 17698 38635 16099 63639 52737 
4631 19
80045 80217 9577 49982 43970 98260 49649 66446 52408 56132 15196 40434 85608 80023 74390 6866 489 12505 63708 
4376 17
89126 13235 92619 6162 11674 67537 93326 39423 89574 67236 50534 85611 13887 35578 11920 61068 36979 
9918 10
63551 71772 47523 14457 27484 83949 61821 79933 49584 31825 
7363 9
40816 91931 47600 15437 30267 41293 16559 2912 80638 
6955 18
21275 28711 2565 60026 67275 36468 65034 49558 74295 68399 97034 12895 21270 32217 69721 4935 84510 75617 
1478 18
29736 81910 56764 95287 31959 59763 21990 16091 11030 70272 40915 94114 99281 44076 3165 94760 88154 16541 
4893 12
28005 30989 75560 30105 93129 56984 77511 45773 96674 37160 4774 29853 
4278 14
99700 1017 60842 89993 71948 25418 25988 86558 71572 84134 4872 20348 54399 95136 
4924 18
92541 59614 93078 48782 56151 13354 87012 66749 44645 21951 44115 66609 99110 59889 33792 66797 71417 6532 
4496 12
65932 51627 92646 61278 53580 54582 15628 93963 95947 86869 2210 94856 
1488 12
24347 5672 94462 22695 39288 1762 80258 33891 32887 97224 14619 37975 
1504 19
89495 53279 27272 73289 60114 6788 33029 48312 55493 5201 87612 81801 76629 36228 10783 25159 95023 12996 39026 
5020 12
72364 56306 61717 28296 24078 84053 23908 97385 71679 34753 70976 11335 
1296 11
80466 19174 88340 88752 28937 9005 26826 95303 84642 45191 95991 
9002 18
62316 12124 37414 52024 13716 58943 86336 39863 99659 57226 2591 14234 49905 77985 31122 42901 16782 34020 
2017 17
20243 5622 94563 97604 74179 75426 76967 3036 29367 17264 23740 62087 67785 57327 59125 8443 14595 
9629 17
76914 33547 63036 87028 69054 51633 13258 29531 18160 50041 56195 88717 60819 1721 30591 37812 8705 
935 12
72928 4926 36374 75066 63191 84411 77101 77001 3125 41147 22181 86976 
917 10
97211 85545 29121 38274 99771 3449 59516 44084 33126 60729 
1427 10
98986 40047 8827 56741 82504 7576 36020 86916 75006 87619 
827 15
90159 11999 14452 63086 78821 39758 92953 28526 64403 61652 97238 63738 37984 10366 66214 
5568 14
11989 65855 66563 40116 15721 70548 22644 72568 11333 86322 83113 17432 45053 67294 
5408 16
19633 66077 91673 17041 17215 29436 18040 9079 65560 80071 70424 74655 48945 76400 76681 16106 
92 10
73669 87154 33545 20672 9131 37274 57354 42710 23932 76538 
3623 13
51326 56935 10805 2417 54320 53344 75668 18974 13622 50416 89642 23510 74106 
3883 15
81808 44369 73083 97903 33589 48709 52270 51928 42944 24416 73176 45299 99574 60726 22713 
4460 17
76084 82131 56836 43208 51201 95798 36327 54694 35789 42973 12804 69675 21702 98425 25169 8319 96436 
2144 12
7776 62673 39234 65933 40437 18220 2623 37470 36485 59023 83373 8888 
1557 16
3194 79620 2858 11168 5566 64895 5543 85028 49134 8127 13668 60485 657 24504 69284 23294 
5604 20
88745 9206 98615 83808 9978 26363 26512 42354 3229 21085 83291 89538 19539 63689 63423 74267 60539 98019 95456 75707 
61 15
26401 83635 10448 30734 22628 26630 270 91850 91434 4280 78493 81777 99911 74641 38128 
7104 18
6640 86511 88759 92978 52594 14464 11303 87687 54403 2984 50761 80549 31313 13281 61556 72320 71194 26014 
6979 19
89839 41474 32591 40294 57859 71799 71246 93347 41412 21211 30325 25493 15498 8991 43631 3425 18600 22906 76206 
8075 19
92108 64482 69962 89686 16487 44525 28729 16535 12571 69878 85974 5356 86182 67814 47080 53858 75713 74208 28757 
5873 19
51111 71845 52916 49162 80581 64148 25664 54746 72106 10884 31494 34432 30683 68214 76811 97334 11228 45383 26816 
4473 20
42415 4317 53865 73746 26005 6122 81713 50259 71325 49167 23389 95684 43064 18569 91984 51623 80782 50710 62394 77021 
1906 18
10481 49715 26068 28221 4114 57508 33200 12108 56452 71320 94019 64520 14576 39267 41627 12547 47343 75392 
7937 20
32944 58431 48614 7517 78805 4329 81827 13847 48712 50105 34861 92731 97092 79984 74379 3015 12807 3518 12068 62239 
7833 19
48921 80729 81100 15040 75439 28263 27970 6455 13335 25955 76171 17284 55296 951 77924 65603 82706 28929 96292 
3034 18
44302 45572 70245 1035 25349 47277 50059 69266 28057 88522 91869 64024 67044 64825 65198 41881 86482 97841 
6338 16
12190 87196 95615 14542 90076 24605 84191 50679 68607 73241 28228 45550 97460 85867 3993 87956 
4351 15
39778 19361 62473 29015 12710 91438 46872 11978 63437 74284 79471 16849 38794 46112 55224 
733 18
79180 92724 39705 55817 92955 86454 49094 67770 13284 65928 10133 76251 80266 83833 95415 66261 27665 5837 
8233 12
74651 94539 29526 29074 80454 64706 58218 56765 68056 89099 53464 8745 
650 12
88226 26135 68353 59551 50898 68345 60100 18275 44740 61008 33694 78383 
9847 20
40102 53569 49572 25360 83320 76930 96190 11764 81346 98774 83562 67470 90236 51583 34886 42249 31148 86436 37905 85170 
553 13
85293 24031 41198 4588 94079 99737 17475 92964 68602 11263 86338 47859 14976 
4614 13
4248 59414 38614 92694 6797 80231 11040 96201 44479 89416 90052 32798 76366 
9169 12
11520 11370 56712 94001 84264 73787 57665 25298 20169 78627 26658 31518 
7995 16
76518 7514 78404 25285 77993 19974 95027 30852 72285 28990 47295 5768 64041 55364 74621 96627 
9423 13
36085 22882 45286 49658 90895 87100 54992 5340 29518 73513 36838 23440 12736 
8618 12
15525 26628 17819 92996 13828 98333 59270 55352 21205 80547 84943 43686 
2394 18
47576 34607 94214 96142 36757 83514 1998 63799 25967 43263 95029 73569 6758 20575 12871 36193 9796 29201 
3586 13
57227 71835 69041 69328 44102 40780 7837 5869 43105 15365 86665 74127 66498 
1154 20
76263 89411 4517 21593 94666 38244 68390 82830 33886 87964 22384 93107 44725 33249 28816 45281 78403 13341 36558 10939 
5971 19
29132 22135 38344 22971 30555 74513 36326 83747 37400 48281 66882 70249 29902 46878 26586 59170 89985 17058 33269 
1448 14
89811 53233 91418 45379 95566 14370 97191 46160 88725 92889 88507 45990 61385 52876 
3868 16
88866 35657 15235 78867 15483 8246 20585 93556 71860 77797 48204 36551 14853 79373 45565 38492 
8873 18
92255 48072 74413 79786 95808 68268 93445 39483 41699 16774 12952 10726 20192 14974 13408 39456 12894 95587 
2960 16
34976 12111 55584 43250 87793 81236 86783 45342 36144 50442 51282 57689 45574 73536 63754 93223 
6054 8
4824 58795 69265 19734 63110 15284 52082 61539 
1777 12
18594 13881 96529 65113 45429 12658 77184 12267 93435 89216 43822 45486 
7582 20
37525 88057 33158 82778 1809 91952 74381 20934 48702 16226 47879 71537 84906 57028 62470 21340 29878 47593 69696 77684 
352 17
30431 37959 52633 93909 28700 51758 15183 80885 24466 83094 91416 34317 43463 84745 55062 42321 93988 
9610 14
26024 15889 72458 10310 73708 51124 99410 7226 82028 46899 81281 94445 8256 61799 
2075 18
24782 49072 84055 68423 92693 1448 18433 18122 39879 70852 86288 50393 41424 99139 69430 39111 4859 38228 
6783 12
79679 38845 16383 95095 33737 2324 57165 44717 67583 48392 16770 82698 
3277 17
23432 19826 67204 60395 39549 39314 30216 39191 18635 96648 94314 4816 32672 13431 18984 15674 29145 
53 10
19871 45897 60488 1061 70968 67042 56156 61098 42293 27198 
9227 13
54980 75128 42200 67461 30542 63726 66562 43939 98859 18981 38461 14391 27902 
4439 17
6785 40174 72389 91600 10386 75771 75100 20796 39744 13903 11204 24579 65954 42593 99588 30114 9881 
9223 20
79117 19206 99925 16943 82751 60316 51677 91989 21969 76369 49304 8897 91480 65124 4591 65671 13571 65343 97985 39553 
1342 10
74766 19315 46270 67961 86196 14075 88043 56297 34616 63941 
1737 18
11483 75184 75599 7055 24216 38352 41108 1912 35667 75169 18610 63090 10209 39513 96574 74518 28258 7610 
1989 13
61260 79182 39893 85142 89037 24761 80644 60870 97175 51836 64154 53033 70849 
7841 19
53855 51679 13603 47100 18316 24318 59880 91832 29602 29245 38953 73346 48987 34294 17413 32406 72893 40280 92195 
3726 11
25619 60925 84645 4363 64035 32226 36631 28561 19778 85115 98339 
6976 20
81336 89056 92586 97336 11231 2163 56081 92699 97119 69510 89120 74902 32712 66507 34239 26150 60936 80822 64849 33516 
1161 11
41509 24904 17614 57095 31630 50715 45754 83258 35684 47289 6615 
4472 10
11639 22 68847 35070 77229 24982 74212 96709 6311 13360 
4284 18
20698 72299 37144 79590 23103 39219 74488 33387 94524 79501 99442 4492 84059 55489 91306 76024 95026 40266 
9641 15
95066 91498 13853 90634 39752 56583 85065 52231 46240 77591 91071 79482 78078 22138 79147 
3022 19
38872 59416 25983 426 90683 3416 6448 14072 61920 88733 30140 79857 9564 78659 12561 6089 73124 18402 1628 
7201 19
75421 1870 46664 33173 97303 98275 95419 7886 71207 2668 71365 81726 17893 5891 54759 23777 22662 76802 38846 
587 11
14665 73207 55872 43069 53810 56129 5159 79343 80208 89899 9451 
2065 20
97799 32432 82327 80974 27879 97684 81298 91884 96522 72615 86063 20447 57532 93607 55547 75472 56967 43614 75920 68313 
7078 16
33797 18627 83541 64421 29359 2187 26141 51012 73397 74044 43578 94088 37913 61642 64525 65959 
3679 15
43919 30290 53944 77953 73279 33897 49586 15648 91484 54193 20209 39446 8895 73820 64846 
8626 17
90155 1598 30495 65461 16719 79842 80601 38393 44305 35809 92368 39454 42397 58663 31604 72696 64830 
9077 10
19144 19468 25597 97153 46321 44704 8165 27174 32335 33616 
2863 10
58684 99870 11046 70638 855 51663 30562 95997 19056 72313 
198 12
36870 79943 3333 11316 19029 46140 9872 42091 37953 86139 64023 38878 
5853 17
45690 74745 69503 15189 86337 95766 35992 74376 46472 40237 98161 7334 52055 26098 78738 71022 51319 
8226 18
55921 97687 63151 39877 1389 80110 32452 91670 94548 39729 67199 23282 89734 64000 62583 32778 42020 1636 
2994 17
30713 8702 63097 79064 92299 18592 89280 10665 42543 28101 50273 61227 1889 95636 92873 43842 48952 
806 11
68168 71891 61355 43442 81762 91541 43249 59283 25022 2074 82846 
1948 15
51547 21221 44912 85158 90682 44627 62011 21302 39560 47299 87494 27621 80843 99273 55184 
7474 16
31076 56439 46285 10368 56389 96179 10447 37821 50513 88361 26720 40882 74623 20262 52192 55913 
1963 19
36219 41579 47421 21730 53039 77314 41118 27447 85379 41602 65636 60410 41207 70641 6107 95370 61203 33341 36653 
694 11
58055 57748 50489 56320 42094 55401 49859 62376 44731 76704 2487 
1640 16
80930 18860 91380 10173 17916 7256 57479 21242 61934 82408 230 5558 45617 97768 46517 28535 
4386 20
55589 76411 81146 63486 27770 25605 55159 51559 8144 74910 53983 20278 58984 1441 41768 41057 51286 70149 2757 50686 
9406 17
5841 90664 38995 99727 50040 21811 37802 61802 21450 61376 61266 71155 99666 34427 4440 96098 99586 
3364 18
9061 29613 63077 26865 263 12337 75871 22334 40354 12458 43230 65692 89773 57623 18219 16241 4523 14553 
1023 14
9084 94739 10828 85591 97098 27354 97587 89160 61112 55186 83452 99039 43370 30515 
7511 13
16503 31358 7833 33910 61640 75046 76480 59683 60278 56141 8434 86698 77109 
7914 13
57089 74671 81934 97637 1456 96940 44292 49133 46977 74167 16138 59744 21151 
2535 16
91013 214 13128 6673 42348 30238 31798 82376 74586 89687 70731 84923 69875 11668 71440 91069 
2252 19
94128 20491 48674 68416 43402 5275 98399 61904 98116 45813 45591 37181 66032 14864 12246 28909 54837 75086 6297 
122 8
89613 22078 37843 98090 47800 78834 13385 55902 
5884 20
53596 67277 60894 12610 52919 97193 47661 37194 61495 56104 35610 66744 3318 15153 2820 40088 20604 44190 13796 95464 
399 10
36203 59660 55849 58319 86560 72616 44405 92949 16700 83483 
205 17
48013 59987 38482 66489 17610 89409 35266 36301 67607 64997 5036 28752 22789 15899 54398 81965 85922 
8260 12
8391 43255 81941 63560 47005 35133 92119 2337 83122 75316 59725 87805 
6427 18
58856 62995 52416 2848 25164 83845 76053 8433 10875 19623 57032 19349 51994 93618 434 27721 29195 74901 
1844 15
95886 84941 6335 67733 28593 32769 92028 98585 3226 82730 22883 69508 67700 54363 19179 
2222 15
71598 6515 86356 50365 80824 96638 35595 85718 91389 52052 58117 12172 50142 34229 14026 
7839 19
53652 80364 56161 24635 33866 99122 60653 74508 26812 94038 16484 25222 33645 66130 4628 13704 25682 99997 67734 
6517 14
94997 68098 54157 30237 48405 15326 21435 96553 69713 56846 99325 82125 47637 77181 
7143 13
45165 61091 34953 71568 81037 20580 33208 90787 82181 55892 4712 46194 35678 
891 19
5752 87948 33768 39858 68095 74930 64491 67375 77788 69921 44791 76477 88916 2533 10855 6322 25101 61413 79752 
6367 19
8507 89772 95063 18716 68008 74113 41361 7512 51554 12701 4513 55679 51998 59315 55688 4138 46085 85339 53725 
1668 18
80410 44718 9362 36335 24030 55783 58743 88494 67446 45921 46296 40392 71723 97548 21420 77215 17657 54122 
1201 20
78818 16196 58677 48464 28933 91106 33588 99331 63192 4850 34078 8851 93111 8585 6471 84256 26759 66837 33482 99899 
2339 16
95783 84827 69216 65811 86162 55998 93801 48621 82212 88562 13989 73062 98479 16402 63521 676 
637 16
31175 33750 57881 63248 53337 69260 62392 40066 86656 55018 36630 85689 27172 81280 47643 76965 
5107 9
26124 16207 99782 89436 71935 42282 90546 25261 74495 
9774 19
25109 80411 76717 371 40227 25862 32812 83016 41094 36765 22042 11415 12156 79538 71644 66156 75372 1554 9780 
9367 14
49908 90301 10106 32324 43507 82428 36361 49525 23025 31744 69960 94991 55924 19891 
5172 18
51447 57499 78612 52269 6742 17102 52564 57587 40985 22553 863 71104 45727 8430 24432 67828 5955 32583 
7512 19
26310 13473 74 35094 60390 32530 8122 90572 88722 64121 25400 64757 45226 2705 76456 76140 50160 93792 63912 
5881 12
29196 3297 46731 44575 22099 7243 38748 37564 46384 85665 95567 66780 
4589 17
15019 60847 25544 63137 69690 7474 16290 96657 57543 85547 13094 68905 21652 37167 42443 35659 65364 
3553 10
50288 34662 85269 64438 77845 10148 5665 17902 18201 56077 
8366 17
92987 85671 42380 28568 10967 83581 90808 83744 42059 48329 53228 6347 69000 38146 65423 87384 57116 
5388 7
31625 29262 22454 16596 47577 68884 6239 
2939 18
15294 83578 71221 60020 34818 48044 49061 44832 86735 92297 94255 58811 21792 20079 38351 45175 11719 43139 
5179 12
90694 21367 63971 51946 92395 53451 19886 17049 37816 19435 56178 42878 
6893 15
86137 4230 75829 25011 6665 22537 47187 80059 96605 47292 69038 95392 84211 80312 95732 
7296 13
49203 79028 9476 11285 77828 51538 33372 23355 32866 2547 36981 54115 12073 
3612 10
12164 75570 74097 94125 16598 22854 26970 15834 60652 25134 
1812 19
89310 81393 52135 40192 89741 97811 38890 66766 85113 78702 53322 87752 86931 87679 65584 26813 54479 78892 52496 
7700 15
79847 37349 57094 31134 8017 35445 53053 94219 37318 41648 62642 92346 3172 80107 45602 
6416 17
92349 45119 10158 52550 57172 15413 5425 10699 20964 99308 16620 66830 56390 81253 47968 90005 74318 
1476 16
47921 36162 67602 57158 72019 80283 96318 81097 86219 75901 67690 71712 97603 1961 97715 62389 
9564 16
78145 39193 32607 38194 65091 4400 3879 47827 56167 77329 94564 87438 92259 89514 36491 69604 
9910 14
27326 43973 29210 63854 93810 46506 66884 30943 59231 76814 32962 65676 36877 77649 
8582 13
95124 31680 60342 49047 36499 73331 83989 41460 90971 78272 56004 91550 36362 
9140 15
9370 84293 79025 65141 89373 53846 53376 30449 1914 61135 79150 62595 44914 53400 9965 
8124 17
24203 92010 91445 60124 17381 43674 16017 73964 63901 96909 47515 64953 77569 74777 9262 69653 93906 
7179 18
58721 36250 2258 68807 46987 41750 35544 38619 22200 37668 45570 53577 47013 95940 22705 64217 59713 41291 
7438 20
92491 76815 43162 1137 35463 42865 51686 50938 85581 86426 68645 50115 74677 29776 82920 7093 59314 89848 39760 60101 
5065 19
32542 28614 40458 9950 71471 311 6870 20130 3096 69453 75917 99038 63892 77520 71880 28703 62380 89812 99758 
4713 20
7840 20958 42024 16018 72070 4500 47016 6256 15110 97498 15233 2430 70362 79089 18798 344 86903 55232 20393 76521 
2147 16
14417 21848 23635 69647 58874 70931 87523 88703 76154 69524 79979 39926 94883 66472 46721 70177 
593 13
4576 98908 20253 97468 55806 29224 55337 8236 23907 97676 24653 27216 50082 
6717 19
81339 36096 18367 33661 74352 14982 2492 95454 41992 83653 32544 68371 87993 18904 26392 25539 52310 28162 62589 
7515 11
32060 77803 32430 61005 13034 63763 1370 35357 5656 85042 27885 
4395 17
66605 93942 77725 91034 90725 91851 84928 93784 48010 82899 14023 68609 78663 12772 69050 97933 19596 
8177 18
86465 62193 37076 27778 18057 61129 12332 45970 34772 72882 12082 15824 87722 19949 68303 41349 30779 42461 
6006 13
70357 1566 60527 44847 24682 82593 47446 84040 80012 86144 22513 91153 8714 
5765 12
68457 4691 88576 21176 65957 54227 37791 66855 89199 15756 6430 86956 
9100 15
40503 79050 41747 67500 72373 1905 11852 53450 58793 26345 14179 24333 48829 6610 28665 
2109 18
59548 69361 53017 16081 19152 43212 31327 64071 9177 42324 84424 53156 60640 39183 32541 35173 81350 12460 
417 17
1989 6910 94957 53611 54617 35858 15324 96586 66048 24763 99685 93582 60189 47041 23860 42052 95889 
310 14
56999 58340 2192 17185 14930 83307 27463 9345 99948 18449 22665 91758 75665 53010 
5272 17
37152 6228 26000 54677 14946 18631 83652 52185 49264 37339 38740 37519 79790 44610 8396 50995 82744 
8254 16
71939 13658 18461 67518 12813 51557 21884 88947 59811 42451 99576 82031 81783 10821 494 31572 
4277 15
1840 87780 43436 34590 50526 59812 76239 41002 93834 43504 46843 76576 99806 88908 15890 
4710 9
78330 85880 2898 43311 79156 6909 34288 80858 6924 
1606 18
70957 22806 70198 14572 16695 443 89988 87052 82204 70712 81083 60313 73298 5223 92791 93400 81745 95307 
2778 15
53630 5212 64301 10732 12271 6688 13424 95289 7237 11107 75312 5981 61039 66600 95839 
2664 19
52093 54995 84514 69525 70202 65434 57718 47150 73448 47589 80596 57976 96111 31295 73485 91693 60287 30059 39531 
7338 16
53832 84415 35371 4659 41679 32836 22529 44353 12927 60799 26694 67426 44533 42876 33146 20506 
6995 19
65061 69744 28301 95925 7997 82356 31004 79584 44045 59001 88527 91388 64793 19352 61402 36061 59224 31952 10252 
1109 9
29735 70282 78813 25962 74628 83089 14698 61713 38329 
8098 12
20487 52912 86941 35499 83543 6241 32178 78523 48510 45918 7982 98316 
2497 15
65230 17597 10644 80191 81091 90565 30941 41298 89009 2357 95546 66535 33888 86828 11387 
6134 18
88845 8314 20223 28511 59575 15130 15983 16441 46847 72197 54442 58272 21341 84770 53746 3 93362 17304 
4535 17
77091 28322 69520 66425 25667 36600 7516 58582 4879 96236 81877 60973 23752 57008 17603 59703 30949 
8751 13
47966 98134 97838 72545 86186 14149 95125 2229 75430 64277 18817 11360 5650 
4059 10
95569 62569 88056 12229 19054 3166 23918 50230 86716 36425 
3978 18
83202 79777 64383 38070 30858 97688 16539 95845 63814 23535 92462 8031 64152 16469 14252 22060 37725 34379 
486 19
97830 4790 62384 35600 92872 57487 16438 74082 1886 17824 92546 21153 32434 30785 80033 28477 78122 77753 31791 
7465 19
46289 47669 73454 97510 11794 80338 65252 48741 97822 89671 18598 85514 90797 7105 47497 1415 78301 83690 8736 
9927 12
15046 62049 62499 74206 79480 25242 30544 6861 6495 87095 75180 79254 
7159 15
78410 34573 84649 89347 1623 72887 39578 7829 53138 79578 18427 99647 66644 4463 84160 
6152 14
28053 5991 71306 14160 6747 94538 6315 3713 75597 71362 23049 16806 24180 33034 
9566 10
52477 57624 65721 48216 76358 44518 60741 85657 3302 41865 
1397 18
17529 14265 45733 50055 56640 83582 1422 62582 13136 29597 11232 73566 80506 18788 92248 95221 66665 36689 
1923 12
26537 71859 45187 23612 98448 58861 9757 51298 40123 778 33125 99277 
8795 17
47816 36151 89427 30617 31898 51607 7588 75616 72714 7515 35653 81608 33606 24629 34827 20115 19282 
2548 17
32726 86711 57484 28728 32195 13294 47803 86674 45656 74100 75343 94111 84796 4499 79523 27691 52917 
7293 13
12574 14667 70986 49312 39981 51647 3704 36429 14763 57054 73884 13465 44087 
5996 12
82015 17702 68575 53352 89268 79553 41087 71949 57764 43453 73667 76764 
6821 19
34765 13254 40424 1631 64475 6120 40734 65710 47392 99232 74059 38721 85849 36401 82842 95339 30421 2614 93884 
7368 10
56298 83691 14375 91433 40763 15296 10925 11093 18208 67270 
1525 18
27961 60421 53366 68314 24060 42323 16791 93090 88997 91112 59789 73558 22667 9352 62072 94367 95293 9687 
2091 16
18151 94265 78724 38805 55930 32851 964 62641 26503 4295 21854 46405 94547 51513 89886 23965 
6468 19
33024 70998 45359 52653 12308 38772 39842 6743 5418 29476 60710 84678 2730 85490 43956 3664 15038 81275 68680 
9489 14
45503 18137 69838 38547 19784 30649 91694 45883 92402 1669 4490 88497 29598 56940 
4836 13
73557 21989 17933 39400 54472 15298 72803 35219 38026 52640 47155 17574 42800 
832 18
86392 29746 98497 26078 76482 42719 3870 4567 54441 4118 53142 17213 12923 1489 44419 85275 75680 29059 
4381 20
21975 38669 40460 18215 75947 3505 1852 49126 46161 24950 38524 81256 47841 58217 4894 89736 1734 31979 50195 54841 
6185 17
43886 10957 64503 26521 88182 94908 13777 85140 80553 39140 75533 1550 81670 53631 4259 92901 49168 
2571 16
61811 9829 48545 6138 78656 63698 72476 27805 2390 30729 51132 75167 95472 17496 99777 62721 
1856 15
76259 2765 76732 53164 48493 89652 89860 72030 9312 45182 93539 21384 86909 58053 72598 
6420 16
27802 26901 64256 99289 49121 33427 87551 37419 85449 41874 75090 49578 33493 71096 30337 92856 
7193 18
57697 88975 59092 69087 45085 92266 69289 71752 85721 21857 59466 87526 81187 84847 82055 28134 39397 53826 
3999 14
97302 56661 65489 13657 77440 48817 87352 3733 68419 12382 98584 34483 51204 22678 
2786 12
15562 29626 88803 99560 10714 7537 38790 72419 55427 25368 27246 34993 
1642 11
60376 28992 27676 39035 40340 3529 44640 90029 33251 32091 80174 
1065 19
77947 91882 78289 87160 73016 93966 56400 54970 9015 76483 33295 36080 88148 59899 39346 28543 50281 9836 95946 
3818 19
40684 36133 82884 77664 79850 85029 68854 88240 84791 21513 24980 63719 30574 75954 98521 37897 825 96670 55017 
8818 14
62386 42040 94583 98773 70211 39943 2506 95488 294 27965 86782 18827 36626 40659 
1985 16
21711 53075 17474 61947 21684 79703 44967 75766 36762 12654 85728 46771 50199 52897 72046 77460 
4545 17
35911 35642 92567 25117 50157 84783 89590 92914 82672 90514 51995 49877 64327 21389 52327 70153 25769 
3406 18
22649 39556 28551 67680 2525 55139 82917 53507 3749 86556 77535 82683 84299 66604 2838 36740 33196 91345 
220 19
80199 58268 37332 69313 53737 15813 42679 16920 19587 51537 813 17440 92984 90127 48577 79410 27476 33342 18369 
9667 14
13401 59887 70655 54762 90180 36504 43833 16180 40011 66302 94791 20501 66630 50609 
6618 11
78488 45396 23316 96378 25153 5349 30485 54774 69228 43613 30986 
6960 14
6247 71899 54459 19748 10844 72698 99689 50433 14405 67911 82588 69862 36781 61486 
7493 17
83598 26660 79072 99864 87541 90060 85267 52915 63839 85796 48977 93534 50461 2100 78279 90439 7072 
2408 14
10316 30644 62915 39388 98443 72354 17126 59770 52346 42614 77156 87852 95519 29820 
6262 19
93060 70207 36002 73243 89241 98920 95424 65048 26480 31805 94372 31089 90285 15210 67794 69858 27910 79897 46852 
2887 17
52250 93017 80591 79304 49005 45836 69447 85251 22640 59569 83250 38765 9226 99720 51033 49829 36666 
2998 16
16572 31009 41318 13822 71448 88364 26160 31381 12141 94677 54540 42006 59790 14986 26729 87616 
4847 13
86820 85766 16173 11089 15764 39814 43770 18218 28196 2851 78893 49101 81475 
3394 12
39436 15939 54203 95135 81118 98924 10938 58482 2863 41598 64967 93786 
3967 14
45867 5029 98150 3934 81836 65345 82439 89256 37267 58643 16002 78743 37839 9551 
5263 16
73291 34601 15260 64389 38744 83457 36344 21385 805 41725 37405 63602 32725 78398 27573 90365 
2943 20
89074 42824 10040 34734 14627 36728 35038 19155 56395 38998 44522 11954 4916 61497 68429 56722 68857 48077 8051 90985 
8792 10
20600 70303 38764 70023 54232 9735 6357 22102 89532 64469 
6814 11
34219 89769 47988 11644 28698 94721 69706 80318 64063 30338 67486 
7149 19
29920 60953 71742 51668 37193 58859 22909 35757 18504 9418 95513 40271 53612 30072 64592 55256 84170 98003 64461 
3052 12
40708 77918 96397 27905 70283 55255 60593 9617 74867 20065 18689 92615 
5100 15
70299 3203 75251 90513 32501 81289 3095 8513 96189 63229 57302 46790 65914 736 88881 
3848 12
72226 34433 7572 27191 8609 83866 36978 41325 78497 2041 7502 86141 
2928 15
97630 84448 67282 16309 16159 18109 12157 57257 31414 15036 82132 47749 63149 77931 83392 
5224 14
43444 93184 36041 58443 62445 98348 2099 96989 6991 31136 50196 32278 83369 38857 
5701 13
68735 64425 28281 30569 84038 99776 74897 31361 22166 6398 40605 61055 27509 
5818 16
55359 1281 66216 84011 40475 91785 98400 34960 32589 35342 70993 6644 14283 10087 51908 72617 
2595 19
68600 24051 74434 65394 6211 14294 53077 7402 43589 89403 20237 37988 99774 85163 21527 32210 58789 56102 4574 
7770 16
24312 86072 41381 26233 79058 91932 45775 8627 36542 81669 18641 99518 47936 85119 67958 88979 
510 18
14700 58361 68384 94691 12979 16880 52722 64848 39147 61597 32718 26530 78369 93514 59844 17887 35139 24451 
8363 20
86460 75160 19297 8218 22066 24495 10067 58215 52197 4338 95698 79757 90492 77027 21268 21457 17958 421 13267 12905 
8314 12
56962 8642 63791 26183 3608 2974 49592 15104 41770 68776 41045 13404 
3168 13
76902 20526 67307 72436 11196 13995 46645 6522 68294 60984 48903 12102 44860 
1970 10
30317 49785 13325 60718 92429 35806 71777 60864 22341 17137 
1064 11
33307 63948 30403 51195 55237 58305 25526 519 43738 68709 3696 
8931 18
44975 46470 5681 56908 78860 19568 95780 85129 9389 68618 14462 48430 99045 14270 73278 51296 64479 79669 
3459 19
1678 87515 77920 8575 57400 24874 17120 22522 25755 87562 75515 71217 55157 65964 10876 12206 53358 28136 97886 
1394 18
2359 1096 11683 81438 88850 66090 54932 77041 94512 15018 15424 31292 5295 39712 62801 15102 24054 63950 
1549 11
52239 47431 78457 39536 92602 36648 5245 52007 61854 98461 25013 
561 16
96955 95256 53763 74585 62468 97761 8806 97800 8987 99897 85188 81332 72772 51002 25871 58923 
7602 19
19354 16194 57756 55866 51179 92992 68971 35322 8564 73009 69532 35406 93420 84010 24569 66308 62940 46366 20107 
115 10
76397 58775 15264 96238 44635 99249 50746 55235 5443 60419 
9053 16
40703 71014 5886 1638 87880 16455 62941 99762 85879 60614 5280 47051 76721 89802 55265 22199 
5360 18
33065 91915 18325 82605 56937 43051 56856 69020 20246 20416 31018 55642 66546 76585 22487 1845 73095 59857 
5171 18
16578 35832 10543 49129 52278 83485 58294 59834 71222 53013 31258 22050 72825 72316 8111 57161 30835 80163 
7120 13
92811 52987 81466 78578 55580 49243 86758 84236 98211 19466 32987 58277 46518 
3199 11
31616 50556 55105 30461 52228 88395 11593 2875 68187 34905 98845 
3318 12
76786 43084 69979 61006 58059 15194 32281 86023 94732 45513 22250 80271 
5345 18
860 89116 97852 15602 94530 98257 32964 24450 72349 11138 17624 31374 36536 95436 90912 13629 30131 56301 
3124 12
99244 31431 99456 1683 57835 79809 42065 4303 88888 45851 24803 7441 
2830 18
73779 43765 27169 2816 85802 24754 93477 11521 52506 81508 66058 69904 17347 2023 22923 62515 3571 65030 
1687 11
60403 16381 26185 77478 68762 38083 43034 76770 80459 99883 33471 
5532 14
77124 9624 75618 36759 45150 64219 20449 84803 81458 4594 70554 56444 8841 99553 
5811 17
85320 74557 27102 6893 45346 50897 25826 17872 73954 99537 13126 74209 1668 30850 72936 97719 72787 
6779 16
96152 42236 97360 81514 80698 32041 23458 17379 28854 55496 41851 47812 2282 47364 64426 24773 
9097 16
9902 9544 68480 96626 79677 98423 66826 95707 3683 69480 94747 3785 16676 70185 19818 85560 
1310 17
21496 24043 84607 58675 58607 59988 83275 71875 32186 66170 57469 72089 55867 80156 21089 72820 29655 
1773 14
68833 73845 13988 79356 16687 56875 23778 79246 13491 70494 83220 93441 33405 61380 
7881 11
30489 8436 94115 69356 47235 30549 40758 27882 50018 95013 29647 
1195 13
9331 14934 67451 34 58034 12925 16525 81708 60713 65784 61163 99673 79555 
7407 15
71967 84012 99915 65910 88573 17054 56070 58136 75113 18397 5091 72956 90246 46170 41471 
8409 16
82810 70955 19868 16772 56398 36205 10599 64630 30021 69191 38887 98392 38604 65606 59291 86197 
8543 12
418 8552 26499 76542 22740 24849 40890 8755 13968 48140 8409 71101 
5006 17
54408 54828 50106 21514 30427 91079 53649 6050 25614 12938 18289 57867 64415 76702 95257 35815 39830 
3216 10
81216 74598 74588 20333 21563 14944 79179 9436 72361 66583 
7630 14
2334 70287 37838 23548 58172 82939 86198 64382 60555 92006 1471 79061 7311 47513 
5082 14
93467 70780 40477 21451 44216 45331 30904 7318 13119 8812 15071 24117 95536 60503 
7305 10
23444 89141 17735 27769 569 31000 71052 41276 16103 80227 
5530 16
59366 81846 95967 94165 8809 70492 6221 51062 15173 59019 78721 36305 76723 81028 19170 38569 
3613 19
37763 43355 30742 55759 4461 14696 64790 44158 68941 4368 28634 91166 77609 26915 25581 27244 31038 63209 21856 
5002 8
31469 26815 79017 56284 79583 4951 10707 18834 
8449 14
14558 20646 45138 28274 80146 39740 8130 1067 63841 79160 6551 88496 150 18333 
6957 14
41944 72670 69907 32686 23121 89883 94880 8280 35443 97950 4446 93239 16211 51669 
4164 15
87460 40738 44932 13419 35906 4947 4903 31466 83030 32376 36802 5488 29670 91515 83957 
9486 16
25214 29781 88324 29916 88042 144 96171 85828 42294 1142 3667 13021 47863 25217 50136 81616 
7803 15
44789 49077 74195 77821 64949 29809 15174 22727 4527 37021 12753 84449 27483 37234 54908 
2881 10
13893 25536 80716 5967 17468 76033 43130 90360 92110 20498 
1803 20
11354 55820 66257 6187 40407 20220 4746 88812 30171 99296 99959 65450 15430 29714 49557 60834 74092 90642 4666 39287 
7786 17
17896 28405 35502 53760 38905 39415 79747 49193 95619 54098 25158 1248 58615 76788 98713 41312 30416 
2640 10
64665 43158 9111 48514 98431 12777 37323 40635 81426 12632 
5569 13
64850 34230 84254 59384 3796 62797 42224 9565 17805 83966 1429 54440 49204 
2848 13
31963 69102 58578 43702 98293 33192 77165 28308 28054 65442 74347 83820 50366 
6669 18
59832 96915 92111 3242 85781 83505 23109 99363 42918 67049 38592 85615 76938 13095 35314 77258 1918 1901 
5445 16
39533 85940 90210 5522 79675 10722 15126 23504 51340 89421 34009 26529 49837 94705 66372 64410 
7734 18
95387 92277 95683 76638 73853 108 42257 25989 59922 16254 23806 12479 47672 90738 41152 70372 96541 10068 
6446 19
15900 97353 66792 68545 68205 46530 53448 69144 69387 36923 35735 27618 83774 98393 35871 99013 78839 10142 58291 
8050 14
68239 93694 18693 39647 50751 70363 63540 12728 24179 36105 88971 63265 3975 78373 
5635 17
71504 43377 86870 54205 61221 25642 60210 72732 32143 57236 21248 13394 85062 37473 76916 50090 23086 
6079 14
81771 15659 16853 80276 77000 76709 22024 26665 61223 72673 49 49798 51612 10997 
9291 18
61965 18754 49163 67203 31620 98661 55315 21108 85620 77294 70367 28135 26874 18872 43178 28222 6043 66701 
1506 14
63896 26680 10774 98002 35612 11935 32575 87382 71105 95044 16653 81939 38992 45517 
8505 17
51950 91543 75626 82264 70781 63958 99498 40259 80284 10869 35399 62215 4848 44883 68405 68816 53693 
5219 15
22188 22397 30980 48243 90846 11650 65749 94762 15058 27426 2318 89641 50308 86054 68110 
4556 16
32157 40510 57800 36222 87866 43049 15115 45034 972 64985 74165 54089 33926 76785 91644 64604 
2126 18
91307 15433 24695 2994 83515 37437 39045 39158 5152 33272 46775 80042 18221 79908 75921 92653 6266 14772 
6213 16
63457 77424 10865 13393 29136 94635 72552 46054 82724 63817 51875 9811 29045 58212 40932 82901 
6875 14
66497 32861 41025 70291 98759 20546 81715 72868 84495 89635 71002 44600 74135 96535 
9636 18
66300 13836 94382 22875 97065 45399 8473 11817 26596 14039 3261 52435 85429 74739 7273 4076 27211 77358 
9616 10
86840 17570 99815 1364 75156 7556 16417 41559 78190 26504 
6602 20
23964 69698 64584 66197 71718 24465 87723 83015 5244 21751 65253 24284 80221 69991 93392 33369 64012 86127 52271 63803 
7294 16
9222 87816 64804 14773 92094 74403 83381 83796 14520 10973 23108 1412 79261 12787 55349 21556 
8577 13
98163 65165 44684 96314 49179 49567 45768 53749 66657 43763 96963 41585 48014 
4618 15
5242 12430 78103 62124 44069 49356 18713 73190 39285 56330 63734 86718 97876 99623 95468 
6733 13
26945 93077 40005 89258 49628 29486 95617 15119 99115 22144 37530 16580 43975 
5471 16
65498 60059 92558 62953 69600 90653 31354 54303 85226 33430 64136 70949 24670 67905 14515 44193 
4397 15
58227 62566 70596 57816 78149 766 18659 1045 88370 10042 47282 61075 41856 5263 27853 
7164 18
16300 88532 51927 46932 93598 11034 22616 51026 11250 1665 26683 11969 92743 59655 89788 4667 32675 43695 
8912 16
5735 53735 31202 11771 61440 51355 23631 24608 74752 48048 37555 69852 33840 67082 76800 51469 
1095 18
57281 86347 46464 15225 27094 40242 43559 98685 99860 18637 88104 71408 96168 23275 13560 23742 86935 95602 
5397 16
53613 46379 25888 53554 78555 3816 98963 53189 54150 71639 27789 5699 77282 94475 15078 73351 
6380 14
96388 80460 22929 80653 55784 80477 62129 43186 64808 94526 87093 39333 20074 90161 
1629 17
17964 87209 5176 2401 83017 10507 52389 63281 14848 90454 5238 72780 25124 79503 29793 21337 57310 
3877 13
56436 96445 78695 10917 99715 99109 63049 51413 73025 49300 93138 71269 15317 
490 12
88188 10519 60348 30696 39605 97000 5411 44257 737 53040 24207 104 
4430 16
44228 62452 52219 68883 36836 55012 1557 11400 92534 12679 3216 58755 80658 73238 80369 93730 
4506 14
46480 38358 68459 32001 63107 98349 69560 48250 39993 93152 7121 5368 88297 9268 
4037 13
14868 10238 57868 36940 47427 81436 84441 54646 37484 15345 90516 79528 56820 
5761 15
90886 19707 82127 82537 22202 13204 17367 70757 59747 7101 77951 51586 9465 58848 84117 
8006 16
60392 62620 4818 14832 41921 48008 99907 79417 18103 24175 3051 5618 4207 5148 92461 11358 
5833 18
36749 92834 32656 79243 18789 20500 87141 95441 474 7966 88336 56234 71847 78707 59226 31143 36829 35847 
3423 13
76678 33003 62122 39312 39192 82192 48157 27132 26412 25385 4815 75475 84195 
4899 12
80821 62154 76791 9500 86865 85295 27080 48682 29330 73846 74215 65691 
8109 12
66840 10811 75268 5407 34450 42969 31540 23360 42782 59017 36052 52339 
2957 19
86534 61837 54493 55932 85993 92555 23816 30778 58996 9027 92453 65272 7117 98914 14432 47103 32919 53080 54888 
2457 8
73007 58821 8334 24780 23508 55480 91283 36987 
8285 13
57228 15191 77979 45320 34260 72167 80043 3807 13554 21592 93030 96181 51240 
7205 10
14711 37738 94841 88876 84681 23637 94683 43391 83334 14607 
8569 12
92334 79948 27666 20946 2644 86805 61663 71048 22059 85709 52315 50467 
3536 11
84469 26612 2153 91468 94519 7099 78188 63716 30838 82930 25393 
8839 16
73517 11548 62467 17418 61444 25692 80409 4964 15830 66404 30601 79479 48420 24954 25978 76776 
9167 20
92920 73258 8367 77225 11176 71673 21547 85517 69956 40075 80895 93263 67701 3914 41561 27139 52473 30912 36578 93134 
8198 14
26204 51113 58483 66286 59495 88933 41823 79594 48942 20928 3079 10738 96298 92622 
1978 12
39689 25345 38207 98454 26571 46371 98923 92074 89758 76064 37793 14277 
4279 12
85440 15832 444 10095 82621 68922 5318 55163 74936 12553 8351 60707 
576 11
27135 96841 61498 58222 39389 16664 30843 68442 22253 35571 47697 
5991 14
2021 43414 46778 43359 19807 52399 75806 37440 20863 87276 96612 8066 61370 14614 
1973 13
28670 94800 27527 50348 37676 96683 14394 94537 24433 68673 65534 5102 55929 
8902 15
33301 22675 45112 94621 22065 32830 18407 60157 38268 42818 24014 40132 39516 96807 63862 
9870 20
34553 59381 84963 98810 26958 34399 91285 95460 40288 7031 65133 27792 10416 40333 35560 99838 49916 35036 68752 42155 
2608 19
17701 94767 70583 49034 37863 80164 11918 79658 63594 86940 54742 36745 34119 56123 36770 99212 54180 46504 54120 
3449 14
44514 74802 96827 73661 48924 52262 90226 8659 40004 88322 6963 64216 72523 42370 
787 15
93804 28454 28770 56648 68117 26830 58404 22951 18196 14260 39007 87547 65673 28862 44816 
3262 11
76096 16906 33764 30813 7047 52486 1965 85357 12097 6771 4360 
7256 16
33739 25935 24119 41554 8926 65158 10760 50095 5014 86858 13834 65334 36733 12778 25048 2354 
2890 11
60955 55383 53382 58072 64427 8520 58129 58257 87869 4120 59460 
6900 12
61143 95188 26881 40778 31425 33507 30226 17678 49873 65779 56122 84837 
3074 17
82820 72959 88267 81360 1016 32454 92498 28384 45069 88537 21746 24574 40967 63173 61306 61127 75486 
5789 13
54566 87405 13429 62416 347 78124 30447 69491 16737 31614 34964 5401 97026 
7021 16
8126 69638 66024 19902 71524 34954 71094 39880 15673 84776 65056 14586 93967 58903 78444 86633 
2244 8
2579 41287 52907 67510 1072 86802 13962 30155 
2098 15
81133 3598 11875 66021 17562 26209 26588 96341 44220 90714 52591 85743 54257 67487 1994 
2738 10
60345 90672 99070 51020 79375 85669 11467 29926 80013 87867 
1615 12
72081 8743 48943 41562 16979 2573 2039 79922 81152 79395 50652 83953 
4170 15
24690 78045 62164 13380 21707 9654 8546 56800 84045 52006 39584 83717 62841 80354 61321 
9795 15
82816 63213 76529 21612 27957 51869 21198 17117 43506 91990 41804 76716 47305 20434 65418 
5565 18
4315 56005 51182 79310 77462 5639 91866 72878 48934 68023 95217 14332 3209 29798 66873 70688 39586 70730 
1014 15
62913 33578 74625 67950 21950 30283 55274 41197 77146 7927 27325 74634 65429 46274 37599 
3548 11
40089 7620 43615 85798 98495 18494 15037 49240 69461 72581 62046 
5654 17
58774 55252 49319 3479 26060 13720 89846 26456 83268 59164 42559 80070 87670 3565 10907 8560 94010 
6603 13
72164 55519 4878 52475 78897 14793 33966 32980 33322 63190 91856 29803 59514 
6289 10
24167 11857 93353 25275 67445 9609 80833 37646 757 63421 
9507 14
47750 61625 22639 76685 37861 43700 82357 50520 84733 38469 13243 107 28393 46675 
9835 16
20168 57544 89911 36816 72948 99155 26071 46300 91263 68441 99419 11209 19439 93928 70311 8440 
973 14
91042 56535 18062 83999 67173 94639 50798 92793 46139 6862 60779 92156 34780 64268 
2984 14
59464 71432 911 99933 15268 77802 37544 17016 52854 2953 36968 74210 63935 1455 
6370 19
33734 88380 46583 427 32239 37690 34253 18097 91160 32566 93433 94898 93870 3501 84683 43840 60385 40362 25601 
7516 20
32105 4378 9207 33682 57087 23092 8639 25892 91721 72832 45618 82512 54684 70559 8224 44872 35605 73740 46465 39664 
4977 14
63297 11224 49185 24860 50638 67647 37896 65947 16293 90518 29970 67010 28157 36862 
2469 7
60170 1645 27590 87765 57522 67973 87022 
8958 12
35279 63505 60861 406 59386 19992 60567 55120 9150 37090 68824 55618 
7933 11
27227 57455 36875 10471 7634 46747 95906 18063 73831 3183 84759 
1361 17
2574 24193 8013 66725 49862 245 23315 37985 93481 98455 82665 67742 36891 65315 13303 77140 36320 
4457 13
89928 29127 89588 48851 43625 29944 10762 39188 52833 87383 13166 72866 74825 
5590 14
61929 48678 15804 50886 64380 6726 97946 32891 83643 45621 20555 95129 55291 82048 
5030 18
36814 35724 8186 66633 1763 82133 53718 90423 10444 57136 30735 52071 42899 98456 19728 44278 63887 43874 
7843 19
20265 17796 13585 31208 40070 5667 9698 99266 45791 15016 3970 75591 40884 31352 74467 42817 77573 38684 9526 
3932 13
35609 56522 59960 50601 80363 64017 70752 82149 49927 29211 2929 77422 40438 
820 17
17999 52153 81969 83119 30251 60338 8452 54419 97361 27479 82097 26664 9376 44633 86250 44370 66360 
4592 14
22756 11984 50130 2737 67041 94241 56565 66520 32609 62166 73461 71248 22769 128 
2052 19
13676 51552 9028 23868 35474 24808 47943 81526 9021 17373 19915 67938 67046 51723 41650 90795 23671 4242 3675 
8759 18
16022 62324 82684 36112 8005 500 99128 95389 82995 59325 61957 61649 31443 73987 49661 27489 9231 40249 
1991 19
73953 60564 68417 10423 48448 94371 74190 5893 44969 85632 17969 39228 66087 64320 17214 86998 39315 19294 94589 
3859 15
13583 30049 53180 84076 67860 90034 40901 67990 61686 22248 50188 51337 24656 76163 17275 
1383 10
73903 38561 9729 17427 59664 7362 50952 33607 18792 49296 
7658 12
8891 20970 40645 48988 6353 16453 55638 62112 25900 47815 31242 82620 
3944 8
31866 21773 39648 31687 71849 20268 340 45395 
3246 16
85337 56250 92785 65762 60922 65952 17430 89760 16692 78963 47320 87941 57524 76156 64095 29981 
673 17
73053 37068 58881 46508 72520 50079 96349 29444 44256 93437 59134 42583 92933 20178 4694 74144 65306 
1867 19
14997 39063 27386 62671 87484 52202 28659 88528 19289 27367 50692 33625 83663 45859 20149 67210 6598 29385 81855 
9286 17
26395 50225 86477 26962 87900 66849 44411 43336 11219 12145 5441 4073 27276 91755 61292 78822 99937 
2200 10
88829 99833 71186 85916 15714 48075 57766 20587 46567 98647 
339 16
55575 72357 17915 46187 37593 86688 13498 34201 19998 42160 43697 69372 88088 79228 27942 77635 
6683 19
10427 54273 98182 92097 40642 77971 93585 53939 30537 71803 15737 61531 65452 83197 48767 31128 93888 88756 34842 
5016 15
20560 18744 22775 23219 88305 14204 94353 84141 99707 65166 11671 84538 26797 71818 50570 
7445 10
54006 15917 34472 19351 80365 80625 85554 84320 15716 33977 
3342 11
72979 65979 39507 52081 84123 4931 49654 44990 9122 9498 96178 
3284 13
51945 2767 12838 9287 53539 8831 39091 15592 86114 64521 73280 41690 31942 
1412 19
25377 28802 52786 91297 84700 59640 37952 15775 16953 758 6274 22126 12127 48450 89466 3804 88743 95001 20562 
3211 18
23753 51082 33432 45273 57344 60062 80958 42423 2888 74216 75480 17693 71341 890 21718 8863 93215 87303 
5697 17
46481 70873 31031 87577 1121 55750 95299 20694 22237 66684 80194 87279 71978 24566 85458 15736 64853 
8493 18
46929 67179 23222 52495 64870 51494 33816 98137 28829 38151 11529 46814 39706 58613 82670 49013 19203 95865 
3694 11
5169 23734 15275 25839 18790 41072 71694 35134 336 51636 6270 
7667 11
39613 4956 26569 6573 73264 77727 28346 19697 87755 62098 27384 
6237 13
57855 50591 96515 14727 59450 44804 65844 39697 11327 85750 47326 35897 99963 
218 18
7132 32818 67838 15960 52929 54246 53609 97613 8535 27175 37074 19801 18636 69023 88327 32885 17283 88732 
8085 15
4954 97376 81805 55989 19725 92916 58823 21077 75703 75493 98690 87050 79086 66731 31991 
2276 15
16594 88880 49600 40974 53887 39529 60061 28198 83080 75298 80809 50057 59168 43859 22235 
9560 10
46631 67873 52476 24124 81457 8613 82282 17699 384 33354 
350 10
16689 4757 28363 10810 43238 77936 8204 39345 55647 34408 
4380 17
20565 20263 82752 43103 66833 52213 38621 93492 44273 11324 61185 42963 18963 5229 46072 45042 21474 
1886 13
23337 90527 69917 34381 99025 18501 24943 27423 56011 77196 19375 76267 16148 
3301 17
89106 1990 31788 19561 8738 16442 40547 4023 38908 19556 92476 2972 87044 71697 17449 35755 70229 
7564 15
55770 80755 82152 41308 16994 20135 37631 31824 37330 17103 1101 13484 80929 15735 50779 
16 16
45060 59477 46573 65538 46212 12081 31044 14484 40720 69365 78933 45051 80933 21273 86246 79317 
6794 9
58079 64947 20271 22895 94962 61900 3069 23957 60680 
7010 12
3374 50049 76342 73618 32844 84419 76992 6527 88013 33506 7866 9494 
1521 9
22701 91929 33311 67054 25408 13049 73574 16704 34218 
9017 13
91709 14022 5712 19329 60058 26768 60619 43329 91072 80430 42812 65630 95557 
3919 10
90734 1184 21917 40245 66590 94347 89941 15819 56056 69802 
9070 19
1833 95623 26864 50741 79699 34749 28391 18933 48849 41616 95459 18941 78692 78830 22344 46400 78622 12507 12301 
5555 16
43114 41617 26780 15588 5128 48511 40617 72557 77368 44824 52666 43089 53231 21604 3773 88406 
1830 14
36419 23345 67032 5094 11193 19379 99555 87850 49157 84167 35453 11233 36071 26905 
7666 16
57985 59732 10829 71368 43543 72848 62577 23158 64442 4587 74893 67198 35764 12676 6528 7657 
4330 10
96715 71274 72368 96206 60050 2290 80442 97836 87042 6287 
8843 12
62185 75867 51046 50624 39604 82538 56130 30128 78685 26685 6612 41879 
3111 17
82039 17227 90209 31337 42439 12005 95224 68153 98980 91260 59836 50867 96751 56622 71263 84242 11102 
984 16
5364 20155 38364 55512 3149 10131 62866 3243 78657 26821 43392 43599 29093 73305 67207 99627 
4921 14
12409 15197 68273 35437 5410 60328 1884 67308 11288 88129 47298 78077 60828 49225 
9992 17
65697 18310 63811 12834 19245 84675 24118 50037 21906 60898 65970 2448 94642 54487 28487 97315 11896 
8518 9
85977 38231 56852 92374 41806 11461 22438 1534 48724 
4148 14
42985 13890 29142 55818 39748 20686 40062 41458 57102 67569 43422 15851 83557 55540 
7285 11
40018 63576 89313 26738 73564 5389 69891 83724 81492 65547 24772 
4551 12
31254 66200 22069 69393 61841 88189 63800 1469 84267 95037 11445 11478 
7910 19
57938 8794 50267 99337 73452 21206 71592 61836 20787 67778 12077 10951 19839 64885 53740 99522 97902 69760 97655 
1813 16
15149 72561 86728 94960 8506 31624 41353 71192 92945 32864 86714 21712 58637 68464 55178 97048 
4449 17
98500 83404 77964 94003 46057 78847 97606 68749 65525 74759 25783 78519 37354 58512 46169 36067 19175 
3593 12
47659 34994 54417 67321 86790 4356 93767 97806 43298 25849 63730 56321 
9751 16
30671 97787 94983 86798 40731 68269 36902 6374 78043 81153 15698 12414 92385 68977 67431 16176 
5542 11
1351 57556 32188 27598 10256 47170 84741 98926 51210 59631 4458 
8056 13
31110 63827 35890 3561 75487 45770 24457 19817 87430 34361 17128 96476 28167 
9873 17
75357 71994 34943 83456 4663 31850 12600 61023 45056 31740 95099 69032 69151 46637 786 13861 96284 
3240 16
3239 58788 31252 88967 24970 70624 41151 63771 40965 48404 66073 28472 75140 95905 59117 31503 
1765 12
33898 40949 70233 51951 90941 39292 8683 46022 72258 12637 93856 79709 
2783 16
38236 52842 14714 42792 23568 85089 50528 71281 56288 93047 95945 59093 441 76368 17055 7560 
2819 13
53398 73219 94870 3543 84131 84230 70051 11173 30728 37410 66875 43177 43189 
4630 19
91356 7100 57171 43959 69243 368 84719 84525 66660 28823 79817 94786 7177 82768 29479 47610 72945 54033 67946 
2514 18
88402 87400 3575 78308 71331 45178 75230 96852 60439 9548 9566 22132 197 4266 10028 47355 50825 49575 
4951 16
60464 83976 54317 60946 17168 17051 47056 80866 4648 99435 84586 9077 81802 97325 58531 79988 
1367 16
46282 13827 45539 22765 84147 66062 86150 38559 9091 16532 15715 47353 98276 82433 11608 75717 
983 10
8149 74032 22963 94891 23431 42650 21861 44155 13684 1403 
1789 11
69302 77689 77289 20399 97752 84132 88868 30775 79708 20616 13792 
7838 13
41456 59223 32256 4101 76370 81182 23853 44332 34832 44970 34154 3645 23441 
930 20
15374 77709 50122 98123 69882 32075 60154 30940 68671 24536 24066 64593 64149 69252 62830 8878 55988 31670 68975 76659 
6076 15
18577 66935 8076 73316 90393 12702 50101 10124 20059 19881 98737 88709 20161 16963 31939 
3580 15
54485 15914 26308 68291 74033 43312 88651 94672 33000 12403 58325 29107 47553 93285 22381 
3546 9
83879 46983 76616 55898 55536 84271 46114 29226 46370 
9101 16
64819 86821 19066 58552 77147 37049 50232 82354 48757 81259 29575 21606 10730 45693 53852 72384 
1331 14
69820 69818 38127 59676 12924 25333 72124 53581 3541 86946 81015 31281 59974 82656 
7644 14
43396 26476 71355 59212 97054 43063 62560 11830 22370 79845 7510 86800 51970 14114 
4604 12
82423 12035 96775 63847 97600 2724 98772 43924 39649 41997 15376 5038 
445 17
27036 14411 24640 90346 86612 92413 64459 24482 59344 35349 36172 32384 2014 69678 55148 18854 47090 
6017 18
47062 81823 80407 27909 24947 46107 23138 908 13927 76080 90235 97607 96869 90217 99079 44017 36596 99549 
4065 14
69141 69244 43537 90021 18030 33951 16624 59940 44996 9496 6561 86029 50234 99292 
3139 12
10883 39342 89178 30075 31626 89733 82019 53065 31857 71431 42701 37825 
2590 17
59603 58315 54953 97615 34053 70859 83513 78111 45635 37688 5742 48875 24522 66541 90452 42927 81087 
1485 19
50290 45290 63188 17274 91393 47028 68201 68523 1268 74662 18868 76026 22952 56084 4679 33775 9283 87854 55995 
5076 17
53659 5897 95265 84936 71239 31972 58890 86919 88867 54394 6149 69382 91725 61896 10279 86242 4276 
5423 16
27803 31739 46430 95207 35455 1409 9815 55156 1773 50200 16272 94963 49455 70050 21946 59012 
6916 11
11809 72127 50484 73880 52775 69602 41285 30454 70456 28824 1234 
3891 15
70328 96200 77393 36064 64916 21847 5875 92040 46221 17549 27807 45174 42805 47052 86807 
520 12
24213 81727 63571 13982 61116 41348 19502 13745 90702 22444 34091 110 
8535 11
96481 84944 72743 14705 27150 14731 86208 93153 47874 94947 75860 
8110 18
72192 91336 31303 94203 45337 38936 13435 54565 89872 72146 7508 74360 94374 5736 14359 34147 99527 73153 
7124 14
50099 54052 84187 80820 33815 95164 78852 15534 15911 72194 63152 43774 66112 11559 
5857 14
6504 40680 22716 72811 85184 94779 99699 7444 86694 44471 65193 25390 76320 32808 
9974 17
84938 67287 38381 3130 98977 65344 74953 97944 92066 90364 96448 44834 40907 79498 23324 99437 98201 
2657 19
12476 24266 47663 66936 60851 70935 67057 20372 29608 68893 46433 83921 86839 36709 69036 14268 32792 86153 42175 
2652 15
63502 9734 65446 65701 15734 46407 67212 89908 63606 81516 91425 44178 31093 76209 22805 
9550 18
13768 16900 62462 78565 42609 41342 7589 65218 72705 4066 1235 72989 77601 55522 24547 62549 96624 94058 
6715 14
70288 49510 96008 69349 94724 95314 68116 34769 98111 26822 67956 75926 92033 1147 
9488 18
35734 65239 48457 15888 54925 88831 46060 38918 84273 29148 6478 68383 56445 83841 64962 69093 2066 65138 
4563 15
4685 90525 60440 77153 89260 9803 34839 77888 72835 57610 13028 33076 98262 23443 50753 
4900 13
22179 86116 73689 31060 84342 39725 62800 58292 67258 97207 56998 79457 91273 
6236 18
95663 46152 89336 72514 26472 74537 37495 85494 43916 49075 71100 67257 89011 6736 31748 23755 21997 97316 
2935 18
79361 34906 75105 91478 37916 29005 89387 84668 37879 44126 89879 34047 94414 14544 7784 63695 68413 1992 
7506 11
50423 57125 75419 8129 59395 53271 86524 64897 97004 70054 13059 
9151 19
49325 39121 87691 29763 59721 4598 49083 83569 33175 95891 82145 2175 4327 64454 87444 69350 30530 79959 52753 
6924 20
71058 52515 321 21608 74778 914 26289 11872 72342 79063 63846 85194 99091 17326 72444 35243 79444 74130 28224 437 
9848 11
38687 31778 66696 59308 50014 78222 19846 50894 19154 87308 25141 
1617 13
77589 59984 29324 3912 28758 2333 90550 29606 91605 26184 19774 91056 47934 
2269 20
13151 68373 36013 77141 83406 54550 7341 37632 27432 25367 24443 96431 16400 77337 54049 48995 21349 79711 60244 96225 
9265 9
33298 24823 53397 91487 68331 82736 67953 48707 58858 
7218 18
75619 17868 42873 41014 91340 46565 67526 32922 9385 10604 19101 45458 68180 21624 7404 49821 58235 88476 
1133 19
89093 48670 67618 35861 41188 21741 20708 87020 41625 20269 4635 80544 23940 6023 84375 23045 24559 22869 28103 
7243 16
30369 27950 76394 57434 83823 91025 50394 60513 77263 24818 43122 36003 42008 92712 41457 50324 
3167 9
16768 24472 54201 45937 65740 46728 53198 50490 38722 
1420 17
76512 26410 18028 72371 28783 88102 74425 89894 11526 24206 24401 46426 80524 39276 82035 1597 84686 
251 16
42139 36247 41394 2436 36245 51726 88034 49704 43465 56930 68948 380 6156 16364 30613 96369 
2161 12
85231 60933 8541 77726 35535 42313 79403 33316 54735 11177 27813 29731 
3564 15
77305 1094 59508 5687 85539 22124 50257 92079 62024 73121 83454 90183 82267 61102 45590 
7181 13
16045 63472 22329 34225 13376 30614 53471 53606 48613 8779 15860 6457 26305 
1826 15
83330 21922 18765 64048 26070 38060 79766 17481 62632 83776 21512 5968 9471 55687 90765 
2904 8
19713 55723 27446 54135 31835 94923 42921 91335 
4145 18
97083 70297 41819 42562 63541 81685 31357 74187 27858 17431 94869 40349 15333 582 85829 46297 47120 74678 
2426 13
46011 29891 79815 47956 20121 83455 80268 32695 57164 41980 15831 51424 36818 
4813 18
53605 80961 33887 79227 94508 33141 80938 1619 4381 44893 81110 48889 56513 40613 46409 61968 4925 70504 
15 12
1051 17740 97244 23394 81548 8913 59740 17745 2196 21436 29618 12330 
5427 14
25335 48764 78939 92912 33340 16191 60495 95337 75811 28677 37203 70834 13678 96387 
8157 16
30093 33974 29338 77610 52112 88748 38401 17039 8976 62986 5079 56037 43416 80212 43003 34530 
363 18
31948 37433 80368 16716 11267 97712 78075 96606 42838 90068 53736 90484 82794 53122 65294 33729 40487 66598 
9095 14
75822 3621 72812 18313 37934 86290 12473 93109 49484 14246 17192 86613 92928 20395 
215 12
57345 89190 66100 99274 57002 94955 58909 80511 91887 73349 85451 53445 
7731 17
74564 70586 71930 31608 22107 6507 32855 36559 30295 4279 72130 52336 19993 53230 3217 89097 63158 
4041 15
36209 61332 7519 42016 39959 18840 94230 1697 60264 29633 30664 48152 79585 5935 58815 
1229 11
79616 90096 42863 89893 11142 52749 50904 8896 76472 79141 63469 
1752 15
14251 226 97137 83265 63175 30714 66285 6294 88425 14089 78980 40002 3907 56345 70743 
5933 10
95523 56989 57640 52059 80946 73147 7410 98996 33213 67783 
4750 18
54443 58125 83605 96351 27589 65542 37091 59189 38488 12153 20032 37214 68822 89323 5762 88763 42356 71773 
9760 17
74169 31786 22413 10930 70395 18717 17563 37745 13954 88970 79470 74916 36057 55041 88640 14682 91632 
1731 18
95703 43551 45653 49365 58646 62603 9773 68097 88863 6756 26239 26296 40693 84056 44982 76857 2408 19645 
2312 12
13823 98469 91794 81542 59775 68329 28085 85350 13730 57537 96364 94581 
9767 15
72338 84385 95529 20734 51380 18458 87893 27427 20073 49839 25318 87193 49889 63897 65146 
438 16
66969 35391 83889 35054 32649 42082 11330 66175 69232 60434 89610 38629 79345 26861 63712 27092 
7575 16
67566 43509 79454 43121 81317 53525 60496 80057 14517 96630 31529 11851 99998 56723 57733 66420 
2504 14
449 22770 34013 53082 33155 70525 83227 56410 7223 95592 370 67989 48916 24035 
9530 19
78919 59229 30646 46332 27657 65930 70247 94433 71577 72234 84206 5518 83438 3263 71665 3782 91234 8645 18334 
4333 10
36076 4619 32963 15539 38383 75385 30546 37171 67480 31836 
8984 17
97532 32331 63146 74661 69829 27151 52831 69578 48797 4737 66188 9453 95310 91919 55067 17908 57582 
5357 15
30926 28226 86311 61566 49688 23666 61616 69433 2897 29070 41159 14299 41964 15395 86499 
5999 14
96427 11566 50054 21000 10128 59137 70701 33623 41739 75402 42056 89070 75664 69509 
1601 13
99629 1408 8350 24960 48156 44328 7951 97871 77556 40625 21338 39225 98568 
3837 16
77213 22974 98230 52789 9470 81538 27601 62685 1730 91342 77605 89564 48163 64117 76390 25504 
1730 17
31005 29521 14125 33137 3985 96830 39910 60663 19580 68670 72761 83809 62644 2446 61511 24367 14141 
25 10
69060 16523 31263 8959 97951 60620 87786 28562 5898 87370 
8283 16
21288 75797 34666 69572 52552 81890 94482 96375 29584 93762 84177 91275 77395 93624 75951 13885 
656 11
53488 65486 79955 1859 41713 6519 78048 72462 4613 58936 79008 
3192 10
48592 87211 76950 97915 93968 80379 30196 36237 2209 96441 
2836 14
87463 15635 36783 97073 19216 92523 39257 97490 62614 2022 53922 52889 76217 16876 
5589 12
30920 93461 18607 63705 41680 8447 59911 7436 59009 68026 32515 99825 
4709 13
2950 48454 95146 2618 5092 99015 23260 21958 22896 56521 83375 17018 99818 
4539 18
36249 89392 44329 35108 19496 36758 28212 25131 6492 92356 32612 32819 26069 73832 84436 48898 44378 18155 
1075 12
92942 23274 21028 93093 82974 13107 49919 86355 90382 22177 25621 59192 
7351 17
54109 67279 72240 58439 61674 34023 72391 40042 38075 13311 36168 23973 22850 14182 3102 96421 28531 
141 8
61373 42032 33554 84401 11061 1616 27534 21027 
3998 12
30958 19932 94628 4051 57688 71934 88054 97779 64979 89508 91337 53876 
4205 17
96470 99204 92641 64709 52548 32574 75530 15390 553 34821 45749 47251 45589 25076 94816 13924 57353 
458 13
48823 30142 31129 56783 52949 43977 28797 80536 11323 50016 28423 45076 62355 
8534 11
84520 37898 93623 17498 84302 57696 74239 86509 77373 29668 88065 
7308 14
10896 21713 75913 48460 67249 11678 56598 78871 24598 38808 97823 29482 31752 40867 
4055 9
62326 20119 72834 24286 54818 46505 87860 37116 22090 
2892 18
51425 30672 26190 51820 85247 50451 37513 56667 55996 15090 74543 20815 53745 9474 4658 72634 10531 69949 
1679 14
51344 28976 19995 68538 25432 90049 91367 6282 57066 96725 77193 89694 72933 20174 
29 17
93750 80532 77682 66311 68449 12708 33042 80009 55674 33336 68691 77350 99675 97733 50056 23600 69534 
5438 12
94553 87397 98 68452 13272 44812 6373 76256 89930 49632 60056 527 
2100 18
35894 83379 59515 79502 1945 53743 8045 35427 46250 81719 30916 5865 23256 97726 54872 54967 94917 61905 
3186 14
15050 64921 31037 33520 37262 25812 12675 11697 5550 12170 15814 9898 4252 13938 
6129 8
76567 18743 21030 85677 14224 43174 60913 95606 
2162 17
93034 31645 49668 54504 17961 42376 81610 63614 31401 84861 54449 34879 81932 66269 35593 33165 44531 
9701 18
65966 27268 25174 1525 1052 8094 31395 15781 2818 68342 91110 62016 51074 72243 31118 8182 82937 86794 
7350 17
92488 27668 79338 60368 90188 38172 94330 20649 55469 4297 98671 54143 89478 26527 95775 20851 87115 
1129 16
52060 6439 30442 72190 85699 99305 42788 80633 97345 90120 99732 43757 33649 92967 49311 51561 
4448 12
59581 52993 62840 43242 53593 64484 78641 54427 78168 27649 39794 39713 
9460 12
2404 22338 72555 66906 87693 87181 10043 3868 19632 60724 27752 43007 
7344 16
77416 66432 90169 12714 8712 77088 22816 26817 10626 61206 3380 91488 46076 36586 81481 65945 
124 16
24621 24050 73992 27245 14060 95809 42217 1761 15639 22781 50535 14797 15396 72008 98554 59965 
960 14
72642 26015 68638 81617 84332 76569 79697 10369 69955 98653 96800 5744 46488 99227 
7291 14
22361 46919 93667 5342 59060 94577 91141 97174 12393 35956 41236 4819 29640 2913 
1516 19
74133 89052 28928 6026 25096 65931 21851 68551 75545 54631 35392 99725 25771 88346 93938 7187 26779 86602 38377 
1246 10
30500 51374 25166 54425 80211 20097 93683 80527 90353 4487 
1960 8
15752 64186 67313 63258 35270 30379 90691 13869 
3148 14
36813 23400 48541 32967 20102 41864 87563 95340 21022 69943 87166 23660 71769 63389 
657 9
39742 7188 35060 62073 18766 28948 27863 42847 83887 
7823 13
13575 61273 81343 71873 50974 54319 61716 45769 22647 16731 1341 36717 12201 
972 19
67802 47495 17859 27474 16153 41005 15185 22442 90445 2389 23737 60423 42783 67061 2497 71103 55508 54586 35199 
4801 13
27033 75340 66706 40202 66669 31314 86630 6454 69639 70761 85702 23200 2688 
9963 18
54749 66242 13534 51392 11101 74257 13159 43895 55717 32448 23537 34741 27003 99824 3471 35723 9928 47722 
4011 14
56544 17556 27377 93247 91863 62780 27333 45199 64750 71497 25444 95834 84344 37512 
537 17
81853 27234 39709 25397 98577 14282 26854 30595 85228 86922 51889 76734 17842 15699 2473 98569 81581 
8616 11
70430 97818 38923 96194 82814 71062 75987 78358 68422 65752 38917 
1596 14
43430 75356 60540 25014 30880 29111 76098 99733 15116 66979 11141 5745 19531 2125 
9164 14
113 15190 82409 32366 73259 5151 82822 29362 14989 21899 52413 21543 77024 25792 
3293 12
17869 68393 64583 32674 88660 60315 39321 59861 16870 3090 83761 73889 
791 10
96927 15091 30392 20611 46734 67455 38850 62948 10627 88556 
9060 16
17460 91847 85768 78524 58438 32288 49125 82115 30539 2832 39421 51498 28418 47744 3631 21954 
3947 12
46971 40480 18930 29341 50385 92530 6863 12650 55870 97418 70178 21316 
4215 13
2736 18783 4969 46303 25445 12790 89433 67456 97864 71012 80542 9327 72899 
6228 10
11952 40575 79731 82742 49933 4185 60978 91247 86229 87492 
5510 10
66083 15448 45455 23029 61620 49426 63147 67104 69642 77436 
7494 10
623 10857 41288 10663 79302 90878 36353 70468 76735 85508 
