435
5712 11
79116 5529 44794 77170 3449 38714 65409 32655 23199 57198 26306 
3334 19
70502 52459 66019 8390 3390 74193 78535 78792 25209 1165 72123 87949 95596 9662 86180 28291 67012 49268 18424 
8390 20
70232 32568 42303 48266 60519 49743 87760 1030 90866 56049 52167 83316 17788 27709 65036 18962 9561 93150 90497 44742 
8617 14
27336 12078 70208 80572 65001 89450 56222 27070 53656 58113 96366 24555 73616 62826 
883 19
13416 15897 32016 63654 39197 89808 8546 99259 20801 90284 33199 83012 81799 74562 85694 92585 67718 76270 18590 
2548 19
32726 86711 57484 28728 32195 13294 33891 47803 86674 55805 45656 74100 75343 94111 84796 4499 79523 27691 52917 
3679 17
43919 30290 53944 77953 73279 33897 32628 49586 15648 91484 54193 20209 39446 8895 23169 73820 64846 
8824 13
22004 66680 95888 10212 65461 49785 86449 56839 87239 35200 42049 4865 20000 
414 20
58203 57632 134 4391 35170 30257 13209 3857 11876 12491 43849 47195 82540 55000 67594 72431 98692 78367 75477 61099 
7833 20
48921 80729 81100 15040 75439 28263 13413 27970 6455 13335 25955 76171 17284 55296 951 77924 65603 82706 28929 96292 
4271 20
16292 43577 24347 20987 26395 61454 18754 12340 34348 68113 48279 11583 44465 54256 86717 29450 71604 49633 28379 1111 
2224 17
51945 41920 90958 50479 21783 995 84004 50268 43924 12718 21346 54079 63440 8599 99336 58266 56122 
5761 20
90886 19707 82127 82537 22202 10195 13204 17367 70757 59747 7101 77951 58793 51586 90546 9465 83633 49440 58848 84117 
899 17
58414 56691 99322 38886 20626 33072 76762 6685 53626 29159 619 84273 7004 92845 82082 43145 10913 
5857 16
6504 40680 22716 72811 85184 94779 99699 7444 67607 86694 44471 65193 25390 58643 76320 32808 
3943 10
9541 45268 26310 87373 90311 38926 32241 21566 67942 71086 
470 20
58852 34110 50532 75916 83487 71140 7128 61793 85789 84614 84978 34263 30681 84652 60568 54586 72655 42465 65050 72346 
20 18
79689 45286 88220 54544 82710 37314 92494 17453 60514 83263 6642 46404 70902 21904 54112 68344 99671 56269 
18 14
52395 75224 35169 98878 80302 64396 52255 56601 55842 73308 69057 29586 74997 74125 
7338 20
53832 84415 56161 84645 35371 4659 37339 41679 32836 22529 44353 12927 60799 26694 67426 44533 95318 42876 33146 20506 
1115 17
49700 33992 25468 82814 64997 64888 58699 53591 51470 91108 16311 52045 54562 87517 78853 58771 63104 
5152 11
44070 68687 67851 36819 39151 74716 44341 73503 35436 81009 99857 
7693 19
25314 54135 38123 28229 44264 11113 77084 89295 57349 3799 63759 46440 68186 92043 61718 48395 47120 69254 11502 
2517 19
45412 2596 68048 20133 88848 33849 57559 44247 39228 85574 24015 47298 3109 95282 52577 66457 85778 30781 74696 
2501 19
7601 2417 6315 28483 2239 67853 29739 53816 50297 39933 42937 18132 32033 96396 43177 44372 86438 62253 52339 
8601 10
21256 49002 54949 862 26922 44672 66301 27514 74182 75173 
3483 19
90279 42098 11010 87119 51336 82304 72828 94901 909 87024 94004 37523 30642 18848 91934 88637 38455 69536 1098 
2991 20
36568 38343 80187 71546 18985 82300 90602 69656 35481 465 85266 16259 37044 60312 11897 37961 44075 3424 5604 11800 
3229 15
99601 45433 43290 25510 14939 60149 43248 45081 10429 35511 9100 76434 96380 65445 74019 
3788 19
5704 20309 54384 94356 98751 89413 67305 54710 91594 18810 99265 20704 45294 89924 4613 26619 94641 79613 35027 
1045 20
17105 25087 20595 95978 77344 63622 90560 21886 41485 54028 20566 44114 43439 87873 56316 91949 29992 39892 38313 49560 
349 19
83215 64201 17897 92378 49971 45706 55168 56492 71808 20469 87536 18167 97265 39545 93253 59352 73350 99807 34171 
2939 19
15294 83578 71221 60020 34818 48044 49061 44832 86735 92297 94255 58811 21792 20079 38351 45175 11719 82135 43139 
3428 20
612 47401 28439 69864 36727 51354 44929 88298 49856 97430 49358 71379 56796 53296 25787 94797 87468 63123 39161 61709 
88 20
92257 9925 71517 64710 83567 2478 26920 13921 16584 30039 87879 95943 28074 15842 42841 8235 85299 83687 16004 96717 
415 20
35379 51182 35870 89686 4159 81386 54775 23893 38207 51525 14555 31832 27588 20048 32142 48942 61405 5888 33165 16613 
2331 12
99421 67429 47495 77431 7728 99841 78051 95845 35191 82730 79548 86018 
7104 18
6640 86511 88759 92978 52594 14464 11303 87687 54403 2984 50761 80549 31313 13281 61556 72320 71194 26014 
8190 15
46345 82179 63055 86973 71534 42732 33263 84964 71017 14996 56899 56861 69522 26622 60097 
5379 14
2764 75619 89115 81143 88736 23465 94105 76487 64056 31790 7914 44426 64738 53520 
7512 19
13473 74 35094 60390 32530 8122 90572 88722 64121 25400 64757 45226 2705 76456 50060 76140 50160 93792 63912 
8969 17
69672 4302 21451 46138 81901 77044 66073 17998 81980 28677 35926 88480 11054 34427 25072 75262 92425 
2590 20
59603 58315 54953 97615 34053 43951 70859 83513 78111 45635 29997 37688 5742 48875 24522 45069 66541 90452 42927 81087 
5635 19
71504 43377 86870 58156 54205 94606 61221 25642 60210 72732 32143 57236 21248 13394 85062 37473 76916 50090 23086 
7737 16
32276 83212 41993 14995 95552 91654 90138 76706 46327 17918 77702 12538 99172 73796 62385 13038 
9847 20
40102 53569 49572 25360 83320 76930 96190 11764 81346 98774 83562 67470 90236 51583 34886 42249 31148 86436 37905 85170 
4106 16
20739 30996 4571 44682 74113 28660 60014 45631 84662 52055 91470 62699 32081 10172 8488 45410 
3737 16
43158 47737 85327 59688 21489 49181 88312 12565 21407 70424 43515 34756 68991 84845 12217 59149 
1859 18
49937 56201 95287 77104 24970 2263 39394 21594 61791 43435 7584 53742 21577 77377 58056 77776 65587 376 
5724 19
83428 63547 24578 72830 21401 8025 43701 12844 3319 16663 13122 89956 53478 4331 91251 9003 93722 19536 64761 
2 18
16023 35387 7100 96619 11192 81548 85500 99122 70281 88815 2833 86566 29805 70856 9041 95109 81874 59105 
2908 11
20969 46658 56188 41295 34005 59140 84953 82047 50659 56549 9530 
4871 20
920 12492 79041 29616 52743 42134 10014 2030 11543 55914 58146 68337 17652 50357 83073 18945 98377 17164 66996 72701 
3732 16
5660 75132 89479 90200 9031 41315 4090 18021 13662 8359 46578 55707 33443 82885 60078 20327 
5565 18
4315 56005 79310 77462 5639 91866 72878 48934 68023 95217 14332 3209 64592 29798 66873 70688 39586 70730 
7839 17
53652 80364 24635 33866 60653 74508 26812 94038 16484 25222 33645 66130 4628 13704 25682 99997 67734 
9829 19
56041 83501 86822 88487 64120 77453 20136 75869 3990 47730 21391 97558 32779 67231 1070 11205 47315 51779 70861 
627 19
74570 6016 49106 94802 39432 20137 76493 13907 46427 61874 92874 60226 60962 18989 17668 47618 75802 52170 38799 
1364 20
46785 61473 9703 53457 22118 67215 6637 5480 50191 16602 35016 83629 13278 36175 7442 78179 43337 18075 95115 31631 
7630 14
2334 70287 37838 23548 58172 82939 86198 64382 60555 92006 1471 79061 7311 47513 
6975 18
48375 11224 14249 24245 10280 46325 79796 93470 98257 75636 68997 2698 40852 50699 99874 2149 88140 94171 
6582 16
75942 11085 9341 7725 89566 96211 49159 71803 28203 11429 21859 62459 19636 61703 51402 92849 
9981 12
45675 85950 11285 50667 98998 87829 57431 77470 50305 25940 56954 33265 
5348 18
2519 30289 22038 37958 21795 27669 16521 30371 60666 44592 63951 6144 42335 75228 92159 70428 9820 44219 
6229 10
76302 75827 28422 81657 24198 14751 61540 8106 10817 17584 
2217 20
34384 2258 75914 76189 76516 58294 60061 77362 66 79015 26516 78480 21551 89459 22787 6107 9062 90451 20262 46501 
715 17
44323 19503 11144 21910 76165 76192 73512 30759 84798 67361 7237 54003 11640 68664 82598 41997 2755 
2863 10
58684 99870 11046 70638 855 51663 30562 95997 19056 72313 
2798 18
62930 13972 5547 90997 55073 74714 25320 24639 58337 28463 96876 7485 46101 79291 3363 51701 2298 36023 
9855 20
60258 74200 83257 45533 55738 34698 84226 89198 14014 94033 64392 21342 79077 31629 2999 56073 18568 51479 24583 69233 
5214 14
40998 46919 76337 22728 59734 64575 1811 86571 82635 14659 1398 13490 55110 61701 
4395 20
66605 93942 77725 91034 9978 90725 91851 84928 93784 48010 82899 80554 14023 68609 78663 12772 94303 69050 97933 19596 
6025 18
15234 6027 51664 69963 10318 83520 30227 22909 95640 59016 55115 73040 7756 60996 79770 57798 32999 22120 
9053 17
40703 71014 5886 1638 87880 16455 62941 99762 85879 60614 5280 47051 76721 89802 21702 55265 22199 
2737 18
1780 35484 13839 78710 64827 77444 43703 40330 46156 3905 80130 33748 31512 9560 3325 25708 87118 78758 
690 20
93830 63739 10675 65560 70571 27357 43053 34705 77729 60717 29876 43332 36148 51220 31170 1690 98225 65151 82388 2067 
4460 16
76084 82131 56836 43208 51201 95798 36327 54694 35789 42973 12804 69675 98425 25169 8319 96436 
8008 18
71377 50829 23597 61943 33914 37017 35381 18070 78600 3839 38386 93520 86370 765 69382 47538 78634 69813 
7563 15
36002 32510 43328 68873 65703 7770 14278 94500 58990 88704 87420 40230 45788 99084 40181 
3854 19
2245 69562 45850 55034 6534 36681 23466 80787 84046 23882 76913 94929 20817 92790 32246 28893 28622 27739 34562 
4637 19
63609 28299 26142 46712 95262 16353 59528 50684 78679 72198 48895 36055 96659 67409 54237 89342 58115 89102 20123 
4355 19
55999 62148 73320 57430 45052 87950 1478 7753 56024 50139 81916 51294 98644 28851 13807 62132 26051 47254 60822 
4726 20
75840 81026 13779 36109 84358 17125 98764 3912 49086 19746 57335 26168 4894 17828 44633 35025 3425 81654 49787 32557 
1690 20
91761 32861 93681 56080 53919 99536 32610 22256 81012 44080 74950 48518 74480 22036 33213 55029 85301 21823 74698 47934 
339 18
55575 72357 17915 46187 37593 86688 13498 52082 34201 19998 36061 42160 43697 69372 88088 79228 27942 77635 
2159 14
95876 5075 42551 7283 11073 73915 5738 37790 3137 26220 99497 4601 47592 20067 
1013 20
78045 91133 74588 9821 29253 91386 48286 41999 79547 97815 66255 11233 94765 89238 70292 23742 7462 42144 9411 94464 
9002 20
62316 12124 91892 37414 52024 13716 74681 58943 86336 39863 99659 57226 2591 14234 49905 77985 31122 42901 16782 34020 
2131 19
39127 40821 96117 58267 57250 32293 28303 63610 30118 96149 83882 5323 4950 49793 98680 60033 35568 99241 70660 
2709 20
36546 24031 98491 80085 18216 45712 25044 38049 82438 7110 23723 90342 18647 39089 87374 336 34423 12126 26392 25871 
2232 19
74077 65923 49393 31579 38837 45810 64780 83134 48270 1186 5615 47299 94374 37010 95592 69642 62561 25193 67763 
9447 20
38493 70663 38593 673 76262 410 89681 38320 34612 76725 33653 90735 98621 61857 42871 20351 83518 38150 14339 63821 
2523 11
86536 15035 1014 95480 95160 70620 75088 92359 22995 99834 51193 
8110 19
72192 91336 31303 94203 56984 45337 38936 13435 54565 89872 72146 57256 7508 74360 5736 14359 34147 99527 73153 
7475 17
69195 95291 89106 95673 30433 68584 49117 56617 24988 80950 27772 85665 65288 44233 51279 96374 33495 
8226 18
55921 97687 63151 39877 1389 80110 32452 91670 94548 39729 67199 23282 89734 64000 62583 32778 42020 1636 
5523 19
74547 82572 20012 37009 89131 33580 80571 36834 40020 44354 48363 65454 67081 31078 64293 17531 95018 31675 18711 
8492 19
17683 50772 97644 559 1799 16249 51312 68276 55838 80257 52401 17689 23108 42043 9358 95341 55423 35518 48367 
5853 16
45690 74745 69503 15189 86337 95766 35992 74376 46472 40237 98161 7334 26098 78738 71022 51319 
9929 18
48263 62131 30122 78255 10639 91059 72197 64777 13977 17181 35823 43126 46547 34296 28868 22371 4267 58044 
7734 20
95387 92277 95683 76638 73853 108 42257 25989 59922 27975 16254 60539 23806 12479 47672 90738 41152 70372 96541 10068 
2044 20
29958 39554 69029 71861 27066 89068 25945 63471 64546 92294 79761 7230 69976 59429 90947 34336 2766 73699 63723 84863 
1305 20
64397 80068 19682 85390 82176 16546 2 75980 1409 63400 463 24 16862 19686 86033 771 67935 32496 53253 66909 
111 14
70445 1692 38153 55457 20320 15253 61427 1559 40466 79430 45472 8792 78382 97759 
6213 19
63457 77424 10865 13393 29136 94635 72552 46054 82724 63817 51875 9811 64840 29045 32725 95472 58212 40932 82901 
381 16
83622 64923 41769 26995 75098 86835 13349 8747 17315 7 2754 40665 97925 23543 3837 78218 
4256 19
90718 67670 77955 69984 29091 50931 51468 73946 59251 68175 805 28656 27314 96044 50621 14682 18564 64685 71393 
3742 19
22010 98741 34927 57230 19787 93305 38617 40542 24138 39609 38515 12235 70768 90056 27890 10046 45008 53473 43408 
5558 17
81428 23092 84504 85980 52752 80896 57283 98107 43492 55631 73892 25135 79856 489 13453 69716 8906 
5390 20
1629 26973 91957 41659 46059 96555 76674 98409 37734 9937 80485 5053 65140 61675 83944 32506 75021 41223 6763 41258 
8124 19
24203 92010 91445 60124 17381 43674 16017 73964 63901 96909 47515 64953 77569 20796 74777 9262 42355 69653 93906 
9100 15
40503 79050 41747 67500 72373 1905 11852 59863 53450 26345 14179 24333 48829 6610 28665 
3376 19
52944 45742 46074 5317 4966 9500 7997 27132 5472 69567 69095 33396 43711 80503 53369 70632 66007 44679 42109 
3953 17
78057 66720 51407 54495 88667 95826 11603 32155 95955 64015 64680 38261 15550 80813 28280 19290 8169 
5845 18
90038 73472 71256 27031 93562 427 8076 67884 60337 47640 55953 16532 41347 2749 80895 37128 2551 3521 
1653 16
37098 23427 57035 29400 96842 94978 91818 93600 28095 28629 53375 28621 32573 13447 98634 85842 
1356 20
83283 52190 15920 73445 49706 77787 89796 40507 56979 61543 74453 1718 98328 70779 66975 63860 57786 7850 74656 13975 
2610 20
1382 65479 61304 49113 77032 39325 48043 89240 66708 4174 7820 74761 25060 53356 30494 52297 11071 10458 48745 71113 
4332 18
52462 89208 18928 71084 23826 73236 15487 32045 63187 16806 36088 12382 74164 97407 91119 58291 80483 49096 
3289 15
10448 6747 52384 59597 93301 46612 37342 72724 49749 93236 26706 76704 50625 88478 36689 
2631 20
28844 95646 53154 27196 41551 48846 91910 65968 46628 98470 51443 72913 92325 86463 39248 49839 63405 11334 72613 30747 
3282 18
69785 31272 46258 37385 66421 29704 66052 53939 609 51444 98038 78360 86368 99806 82144 11258 88090 83116 
7819 20
47416 71839 45905 88097 42215 89224 58796 8183 21414 86747 20549 60221 53006 39170 32704 86604 1367 37514 58040 85469 
2100 19
35894 83379 59515 79502 1945 53743 8045 35427 46250 81719 71192 30916 5865 23256 97726 54872 54967 94917 61905 
5485 17
85344 11452 37542 92665 9544 5576 97710 27780 62968 22607 80877 37989 18833 16431 72241 44747 6395 
1180 19
44896 21824 61611 2382 26326 26733 18416 64980 49862 25379 51156 51639 96851 60378 5158 70244 64689 87408 18078 
8654 18
8283 73803 11386 87588 44501 95879 83828 59438 93649 28178 5419 43786 83698 79317 86537 45237 95915 1226 
3113 11
94902 10712 13297 62424 97135 26670 87922 58432 73162 62118 27193 
8384 20
29310 76168 27699 71023 90223 79781 84313 24067 67329 15212 84933 67804 45614 54344 4986 37923 69826 34713 81966 89482 
2047 19
31450 16869 65400 85450 16253 81296 28650 75276 7932 37522 5708 956 80520 75223 44463 19298 94556 29083 10296 
4669 17
53493 80104 50155 33474 20140 51957 97651 38851 97200 92949 7570 70364 32340 46370 10928 47499 16777 
7974 12
59320 26314 27448 26355 45484 36882 76647 20571 74034 46166 46572 88310 
587 12
95174 14665 73207 55872 43069 53810 56129 5159 79343 80208 89899 9451 
1453 19
17714 25123 54983 15385 56190 28208 24651 38811 66733 39332 74243 1339 59341 61255 12015 70749 68226 51412 22832 
7881 12
30489 8436 94115 69356 47235 30549 40758 27882 50018 12040 95013 29647 
6342 19
92024 40639 83420 56610 14438 78035 17891 21926 72245 32670 7859 54197 66637 69395 9810 92418 82294 55491 15146 
5023 19
71227 57179 42712 75447 32205 66078 8667 54788 85676 13803 72850 31201 82184 73933 50887 5825 90649 87136 44869 
7522 16
29767 61301 2928 28974 86221 85693 10837 80038 81844 76845 50272 46514 79079 66881 62507 16835 
8691 19
48126 46058 1012 55052 80049 35565 87419 18437 15480 78477 20152 50247 78715 55714 29434 85175 15371 11153 59290 
438 19
66969 35391 83889 99274 35054 32649 42082 15813 80223 11330 66175 69232 60434 89610 38629 79345 26861 63712 27092 
9294 18
42080 72711 16973 96726 68640 97076 42870 89243 7009 57516 37909 747 37479 48181 54341 87581 33522 57295 
8472 20
40905 96439 46723 37818 28863 42765 71149 52642 74540 99210 1120 47754 42883 88166 96632 87231 27105 15709 78122 31206 
7327 15
97546 91198 10089 2444 66385 50738 80916 5377 72011 85856 7209 89861 69788 23059 56397 
3211 19
23753 51082 33432 45273 57344 60062 80958 42423 2888 74216 75480 61302 17693 71341 890 21718 8863 93215 87303 
2269 20
13151 68373 36013 77141 83406 54550 7341 37632 27432 25367 24443 96431 16400 77337 54049 48995 21349 79711 60244 96225 
7173 18
16765 67600 51287 4461 99739 80374 15122 61890 59334 35610 668 24620 50199 83147 8986 56419 48093 45957 
6484 19
73073 64720 22878 37335 6410 39787 66040 91647 53319 70009 3922 50057 26862 5028 86189 87186 30527 2347 65804 
8696 20
35619 45104 44776 86267 17085 89554 3876 87902 38304 24855 77630 82092 78115 2284 82577 94634 66416 42488 5076 65791 
2235 17
18597 56327 65586 75038 47269 39343 91372 60651 71171 90978 91502 94805 19971 4980 34107 31664 24426 
969 15
11375 16352 3560 94144 29407 6800 51351 77890 36205 64681 38137 24281 90538 7644 4938 
3848 13
72226 34433 7572 27191 8609 83866 36978 41325 78497 2041 7502 86141 9780 
5818 19
55359 1281 66216 84011 40475 91785 98400 34960 59170 32589 35342 70993 6644 20394 14283 10087 51908 72617 63941 
3963 14
2032 40951 9198 77271 14372 46136 44899 40175 5135 8815 85557 84695 86171 38634 
6633 17
97717 48990 66888 63971 28747 27148 23120 50672 7343 13722 4861 71810 12603 38820 91131 46796 69673 
458 16
48823 30142 15900 31129 56783 97306 52949 43977 28797 80536 11323 50016 28423 128 45076 62355 
7223 20
15989 52320 34182 8314 70059 19198 89055 70266 60703 18879 83700 10849 59305 67807 27721 95218 23151 20730 27130 99790 
2708 19
82422 64931 43114 96552 14008 14779 96343 58419 73774 34517 28024 74184 39506 42940 56282 83932 37677 46311 75651 
1507 15
96383 62551 44935 23003 54791 45804 14531 21198 70437 90475 84089 9953 30098 63316 958 
7910 20
57938 8794 50267 99337 73452 21206 71592 61836 20787 67778 12077 10951 19839 32439 64885 53740 99522 97902 69760 97655 
8758 17
13373 66675 45583 57507 17985 77120 18403 74958 51760 95727 5445 88026 60299 49244 24925 68057 36492 
61 14
26401 83635 30734 22628 26630 270 91850 91434 4280 78493 81777 99911 74641 38128 
5030 20
36814 35724 8186 66633 1763 82133 53718 90423 10444 57136 30735 36144 52071 42899 99897 98456 19728 44278 63887 43874 
3267 18
31347 19951 74437 21116 32154 39327 74502 6432 54747 30344 37906 61801 73566 32751 16456 31974 91120 34595 
8858 16
27458 60132 6962 42378 65065 63679 52613 17356 86450 13232 79921 9267 1147 99019 88898 32555 
1298 16
65581 81228 3430 61009 18622 44073 777 27229 17089 61899 71548 42801 78054 91395 20610 75556 
1564 20
81853 689 75205 72867 70173 32537 19947 35287 26533 57713 41926 95567 17678 91579 47212 23275 14838 2726 4629 14084 
1002 17
64128 51557 43863 53213 49726 80553 79194 45978 38278 38792 19564 61038 9968 27661 28160 29363 75761 
3134 19
34939 78031 35068 85767 57795 66699 51206 85527 76660 34373 24736 76719 79014 48041 56152 49408 67351 57609 96407 
7984 19
44930 27980 6981 57104 7690 38861 57279 91557 40900 55615 78896 88120 97991 96995 83098 98660 59248 60574 56008 
7354 12
10232 66114 34541 33765 72044 21133 28930 69023 1217 69995 90073 77181 
4074 20
2184 22232 75565 60749 95481 92803 66165 33235 7282 15039 47160 87003 95431 39999 40629 87243 71391 99133 31062 87114 
9985 19
5474 86708 18118 352 81477 35989 4521 95315 81469 46976 43277 39791 57997 13262 94829 27065 44342 31641 71651 
357 16
61351 92139 33060 10222 25803 56416 19929 80180 65813 93205 68392 44175 9152 13082 41663 29489 
5383 17
68250 20688 82825 26831 3636 49497 29170 44877 3881 92416 65620 30 93727 85200 84778 39229 61230 
4133 19
95746 14050 62526 47704 70263 67283 14498 93670 56197 97621 18892 99677 46845 93933 69249 8612 44015 87641 38481 
6070 17
94225 63603 28214 68512 4557 87106 66253 38831 84262 32850 96793 2446 61639 88715 32494 42821 58015 
7078 18
6535 33797 18627 83541 64421 29359 2187 26141 51012 73397 74044 43578 94088 37913 13571 61642 64525 65959 
9739 16
68408 75752 59011 52009 65235 47914 18494 83135 5553 1930 94857 67310 50398 49512 5857 75047 
6897 19
56907 95402 83304 28038 71074 14860 10856 3932 87937 54263 6564 43423 14925 48793 75602 16476 73295 54084 37550 
5873 20
51111 42960 71845 52916 49162 80581 64148 25664 54746 72106 10884 31494 34432 30683 68214 76811 97334 11228 45383 26816 
4144 13
62863 53109 28661 22877 75399 25841 82676 24065 68020 45036 39404 39049 37344 
6418 19
14997 77682 22844 79744 82879 91998 96150 57577 75744 3708 39035 4176 71901 55251 7124 81382 99717 36770 55802 
5561 18
78902 86943 89336 22333 83556 56036 45745 16694 95691 22956 46088 19769 60024 62957 63862 77839 88233 66602 
4717 16
65413 2654 29078 51880 86264 68665 67252 43891 61195 61563 81351 28190 26828 49956 12998 79767 
1721 18
96680 1328 66601 97360 92021 12941 12706 26762 75648 9681 13436 1271 45900 29998 6368 979 46182 49144 
5547 12
3379 49370 50578 77720 71951 9153 79694 89992 77659 83536 5500 35887 
1348 17
19371 53262 13098 39422 90465 58518 6111 27379 41574 65834 10838 56091 90943 73329 9142 55706 81953 
2324 15
57356 37865 76509 60253 96312 39077 32373 71526 3573 41683 87567 72166 39409 40233 8027 
9749 20
94485 29324 31232 72750 97711 17246 96204 28937 52119 79235 64759 17147 15928 44371 73080 42492 84429 50273 1487 17275 
9291 17
61965 49163 67203 31620 98661 55315 21108 85620 77294 70367 28135 26874 18872 43178 28222 6043 66701 
2394 18
47576 34607 94214 96142 36757 83514 1998 63799 25967 43263 95029 73569 6758 20575 12871 36193 9796 29201 
2362 15
22806 77336 97700 83727 97818 79951 53428 87158 38353 14853 60505 44309 93035 2097 36651 
4506 14
46480 38358 68459 32001 63107 98349 69560 48250 39993 93152 7121 5368 88297 9268 
8839 19
73517 93992 13780 11548 81713 62467 17418 61444 25692 80409 4964 15830 66404 30601 79479 48420 24954 25978 76776 
8181 18
82963 39996 15098 76450 45999 80560 83126 49564 34337 7259 52171 23141 74272 59532 29408 37489 56597 40430 
3423 14
76678 33003 62122 39312 39192 82192 48157 88752 58117 26412 25385 4815 75475 84195 
401 20
76985 17057 5896 76566 56920 13170 58449 2236 54414 4749 45239 13769 26745 61483 75380 48257 37875 88244 86633 20960 
8279 11
63029 73237 11213 96414 98543 32039 43322 79437 63624 82502 24737 
4638 19
18505 98657 70003 14960 6786 13147 483 38607 76066 25768 29217 86539 3973 8491 21217 60699 50338 23495 26387 
1864 14
30623 34568 78112 35086 80808 46864 18625 94551 54703 96511 52248 22717 43957 33943 
4418 19
8449 66886 80276 74273 23067 19468 13175 41108 76399 22534 86946 86187 60606 19681 39182 67755 33205 29282 57803 
1259 19
99353 28266 56803 56051 75573 60630 28781 61376 98368 39047 8781 42156 83618 36579 61386 61958 49760 76400 67866 
6423 19
16915 6832 18339 40246 95350 95909 60935 7116 51462 64766 77451 59936 10228 83681 23991 28524 9657 92164 29438 
2943 20
89074 42824 10040 34734 14627 36728 35038 19155 56395 38998 44522 11954 4916 61497 68429 56722 68857 48077 8051 90985 
8728 18
71936 35203 33260 69082 65433 50050 87702 32405 56671 10134 74374 73194 74978 35881 72584 18116 81479 15654 
1203 20
96313 16762 81118 39203 81526 82886 23833 89545 51705 82655 99858 18330 70436 43067 4995 92275 6960 99530 20943 64922 
1949 19
24096 18968 82966 98832 52845 2883 63589 5658 7767 96757 99572 99686 77607 75188 21318 29512 46254 41367 1416 
6775 19
46827 18653 38220 45455 47371 20503 91134 21603 77959 1486 30379 16085 64188 51108 13257 2439 80551 15497 40484 
3406 19
22649 39556 28551 67680 2525 55139 82917 53507 3749 37390 86556 77535 82683 84299 66604 2838 36740 33196 91345 
746 13
48407 191 96218 20325 16373 52454 73907 79867 90779 5247 52203 43748 79365 
1361 16
2574 24193 8013 66725 245 23315 37985 93481 98455 82665 67742 36891 65315 13303 77140 36320 
8096 17
90108 79359 12929 34875 20205 29802 92274 17953 63352 64920 67931 77878 17341 98215 57028 44950 24932 
7311 16
50312 69982 73064 14559 66042 54613 5593 39425 23023 91613 70667 81420 59852 89013 55262 64217 
6900 11
70957 61143 95188 26881 40778 31425 33507 30226 49873 65779 84837 
6189 18
84448 29089 80523 60912 99320 27544 57806 27676 72577 28025 73003 77413 55154 74773 38508 35114 35704 55709 
8477 20
98545 1345 74320 31932 2488 92382 63522 93866 5189 77580 39721 19176 94715 77335 17832 17685 64335 42039 69391 68110 
8530 20
11503 81373 87719 5892 26138 53582 59089 88957 32631 2304 20859 16064 42760 19448 98024 99723 22968 96213 27044 82458 
8482 19
70288 96977 78597 73754 63112 35307 57165 81431 79819 67501 37324 61594 84574 47033 48488 80066 56376 15793 16809 
9106 16
44677 66450 97799 11562 1528 62637 16225 38499 33723 7416 15789 44468 88686 37095 55477 62653 
1140 19
84840 75455 55056 93535 88515 21112 63640 63017 2089 6225 32885 9961 8234 13356 58254 96123 90425 88504 5908 
1937 17
69105 10563 22489 93648 91844 57859 74192 44641 49694 2659 75463 87323 20797 54879 50371 23226 92847 
5844 19
80473 83846 74024 62655 91261 14098 30325 65480 31017 31592 30088 85756 79640 44659 56456 53695 34687 65352 16876 
5771 18
86501 33122 1209 28069 24242 99914 72219 64988 66534 3612 93974 75809 79899 54432 93188 49265 33987 61655 
5864 17
17286 21317 42196 8476 43119 15566 25414 80337 68544 59944 21909 53152 90621 92453 13095 64865 99285 
993 19
37640 5913 15551 93522 98506 73163 73605 65658 98571 82869 96099 1939 76936 61584 62743 3923 2896 81791 83276 
1283 17
78912 89194 18163 65797 29280 99157 21454 30634 38825 18667 43971 61184 34956 96458 87663 50561 9751 
5450 20
57511 82616 22566 52840 68959 59419 57238 38670 53752 14522 71235 63132 72058 23928 65428 77409 56603 15446 29993 53725 
3941 16
35672 22286 84220 45541 41179 85941 41397 67271 16478 8724 82345 28017 11777 80541 81858 68285 
1584 16
80641 55911 51502 39082 13976 20516 67789 75917 21771 11055 87744 92745 95584 91937 41634 30631 
8791 16
77912 7524 86695 7772 91907 68515 70762 58323 40812 99958 73654 5851 95022 67079 27407 89708 
7782 20
25794 34599 831 81436 11179 20925 64187 49464 22326 89022 35762 55517 99438 54891 63147 58632 31891 17596 16366 85627 
9596 17
68283 28257 92897 36022 46877 70628 62020 82845 350 83745 36722 74803 24317 6407 58817 51612 83441 
1850 17
3355 29296 63741 25450 90780 68331 19467 8444 9389 50412 3066 48298 84207 62816 37475 39750 70442 
6338 18
99700 12190 60792 87196 95615 14542 90076 24605 84191 50679 68607 73241 28228 45550 97460 85867 3993 87956 
8738 17
34438 20614 68221 1081 46844 42857 89237 2052 92795 33701 88550 485 69069 47390 10840 36519 41936 
8505 19
51950 91543 75626 82264 70781 63958 99498 40259 80284 10869 86182 35399 62215 4848 44883 68405 68816 53693 64527 
5957 18
12683 73285 16118 9519 14059 69655 16538 92937 4178 30236 45400 7362 38263 56863 41798 15857 11601 69754 
6976 20
81336 89056 92586 97336 11231 2163 56081 92699 97119 69510 89120 74902 32712 66507 34239 26150 60936 80822 64849 33516 
180 18
22770 56086 52970 71005 98128 79716 3243 20863 72660 75870 84541 53633 57753 65750 31588 87213 35394 54866 
5709 18
66727 88558 87671 6974 11121 97300 97304 18774 44180 4763 11969 8034 19499 80157 20477 57132 55913 73304 
3572 17
61989 60392 89382 56378 57615 83768 92553 11614 58966 86559 7170 65971 55647 36954 71847 52260 25351 
4741 13
60103 56904 7262 14982 46894 79541 30807 40058 11211 68621 77687 79975 29095 
7376 17
67716 18082 28986 80415 58034 70527 71277 87071 62527 5122 62376 33229 87739 91656 12791 57302 22084 
8280 18
47797 87048 45879 72845 4407 68234 93569 86752 41699 17809 81120 61471 86664 23330 75747 93009 40693 88592 
1603 15
45451 3401 67702 65493 69034 29990 40011 25215 70693 29603 62512 22941 91212 87388 64443 
6115 18
63877 83165 74708 46716 63246 1292 68866 77082 28690 31377 25374 87223 30659 20120 15175 37543 61183 7852 
4924 18
92541 59614 93078 48782 56151 13354 87012 66749 44645 21951 44115 66609 99110 59889 33792 66797 71417 6532 
2204 19
82370 50179 70258 58586 25954 57300 57312 41436 12889 29880 9205 55043 43892 58758 5261 59184 22494 100 95659 
4889 13
46248 45739 77367 55128 71586 91971 65668 66954 29829 17574 69332 95107 20165 
1978 12
39689 25345 65957 98454 26571 46371 98923 92074 89758 76064 37793 14277 
1537 19
83836 48693 12074 77438 74527 42729 97801 10681 61374 87307 33275 37321 69114 17099 72268 54007 2729 6451 86409 
462 15
11995 88288 65678 36094 92412 96865 12322 82077 31505 72407 29109 84319 76817 73681 45164 
3868 15
88866 35657 15235 78867 15483 8246 20585 93556 71860 77797 48204 36551 79373 45565 38492 
7297 17
51061 42441 35331 83038 65635 94280 92049 45654 32832 1331 13277 69728 94794 39143 81948 69140 6562 
7021 15
8126 69638 66024 19902 71524 34954 71094 39880 15673 84776 65056 14586 93967 58903 78444 
2165 19
39897 5751 15537 41707 31359 34551 58770 30023 31140 14905 34105 66297 7075 25994 92114 34557 86229 83067 42089 
7491 18
32661 60681 24104 14389 29611 21049 39743 67568 89044 70505 75423 25513 39338 6316 43424 48935 8221 69142 
29 17
93750 80532 66311 68449 12708 33042 69361 80009 55674 33336 68691 77350 99675 97733 50056 23600 69534 
9066 19
66300 80719 11625 86606 73467 78821 1232 86419 16172 53453 89128 38650 9903 57252 58568 68939 17606 49881 47537 
6692 14
28401 7892 32200 76111 96767 89424 35104 22339 45944 77310 25615 46558 76676 12835 
3092 19
27169 56358 18211 77378 41758 28130 30594 53688 43220 52121 52667 31908 30153 97590 45266 68998 61478 76547 85027 
2494 19
81348 27023 56915 68176 60429 90979 43388 25365 34295 27872 9685 47821 83281 48097 35272 28125 79527 30695 27902 
1726 19
75490 73610 75996 84172 63258 28478 43904 5840 65232 28713 16183 96499 3281 47647 20072 68987 39951 18466 58299 
109 16
36017 78690 44771 80047 28527 83469 6688 73208 14563 31234 53431 96201 99720 10753 6005 1127 
8283 17
21288 75797 34666 69572 52552 81890 94482 96375 29584 93762 84177 91275 77395 778 93624 75951 13885 
5448 12
75511 34312 8400 85640 38164 70394 59195 79973 16013 83643 26090 95751 
1559 13
48838 83093 90715 51878 52328 13735 44809 57844 91615 49428 21448 94008 32310 
319 14
71080 56712 1286 55351 44632 75106 65450 13491 29987 61579 12761 3195 30045 2162 
820 18
17999 52153 81969 83119 30251 60338 20672 8452 54419 97361 27479 88971 82097 26664 9376 86250 44370 66360 
3817 18
84587 27449 37798 84939 20117 12370 88142 35154 1970 76056 23889 99112 24180 88456 97393 99407 554 99990 
8451 16
36906 24308 41612 50218 83834 21008 51777 73698 81121 7966 18493 94988 93693 16334 5643 5197 
6871 20
40071 599 47629 87851 67662 31515 12282 59306 42836 75548 36149 80127 74615 74736 16615 59246 66013 21581 39044 13601 
3755 19
28997 36632 89399 28933 37715 93679 54060 89386 66021 69000 1719 86288 93419 11814 98204 63749 6167 79379 84772 
6536 13
91558 42673 66779 35677 32258 19140 39187 13986 63845 24902 87480 87706 98272 
3954 17
19488 82309 60846 65040 65492 41916 73802 89107 34879 72792 29964 43546 26948 53931 90743 73483 41484 
2442 18
98604 84503 25730 48399 73543 99505 48981 58775 27609 31444 48214 4533 40660 72868 16842 69852 96549 9663 
5112 18
71083 89177 48218 44597 42629 54105 73965 37379 5765 22666 85659 9680 36802 58076 94714 1413 65237 29648 
4243 14
39913 88258 59160 93977 79234 7236 84251 97226 43064 86541 9299 51708 16267 14031 
2786 14
37310 15562 29626 88803 99560 10714 7537 53376 38790 72419 55427 25368 27246 34993 
6185 18
43886 10957 64503 26521 88182 94908 13777 85140 39140 75533 1550 81670 50605 47875 53631 4259 92901 49168 
2904 9
19713 55723 27446 60058 43181 31835 94923 42921 91335 
6505 17
92636 9439 60768 64357 89064 36361 76670 16283 62069 14857 85323 85638 3957 32164 13290 66992 31280 
6979 16
89839 41474 32591 40294 71799 71246 93347 41412 21211 25493 15498 8991 43631 18600 22906 76206 
6821 19
34765 13254 40424 1631 64475 6120 40734 65710 47392 99232 74059 38721 85849 36401 82842 95339 30421 2614 93884 
5683 19
74394 72636 31175 66715 82664 51768 800 49671 17039 57248 4390 83848 97195 80897 65148 79651 92977 93425 89904 
7305 10
23444 89141 17735 27769 569 31000 71052 41276 16103 80227 
1476 17
47921 36162 67602 57158 72019 80283 96318 81097 86219 75901 67690 71712 97603 1961 97715 19419 62389 
7358 19
8226 41726 81897 46729 65508 65619 36550 63957 45114 59605 34271 81543 47834 46203 30585 67570 34122 51487 88944 
4278 14
1017 60842 89993 71948 25418 25988 86558 71572 67135 84134 4872 20348 54399 95136 
7318 14
48205 9167 61079 44140 9290 23189 49480 31961 48578 81759 17126 15066 60486 60185 
9998 17
53242 14081 63916 85931 7193 23867 7541 17066 97190 32067 93052 31316 78073 865 39237 34701 64416 
1302 18
59592 80925 70175 37395 33320 30149 87842 10070 11106 36161 78333 64725 52201 60380 10683 80169 86249 44582 
4611 16
48644 24938 72190 59658 89559 56369 6808 10445 42628 8176 66315 76734 97014 15809 1484 72423 
3260 19
91237 89863 14826 96228 24043 55655 39142 66299 43231 72765 74932 54925 76746 40396 45027 93053 64924 3875 15742 
1412 19
25377 28802 52786 91297 84700 59640 37952 15775 16953 758 6274 22126 12127 48450 89466 3804 88743 95001 20562 
8415 19
64311 95206 35542 22281 12713 60657 84351 58378 67938 72796 91987 49044 33500 69499 75736 39777 30125 99057 76527 
843 13
33381 15324 62833 67255 72511 22885 67977 90206 84510 25799 86739 11148 49541 
832 18
86392 29746 98497 26078 76482 42719 3870 4567 54441 4118 53142 17213 12923 1489 44419 85275 75680 29059 
6977 16
66128 32183 70449 71114 50143 34286 75975 32393 17293 1942 99975 97203 16614 48057 70124 99006 
4421 16
85567 64911 3838 86342 76290 38759 23613 9133 77218 83081 2923 50695 37471 37705 20627 64069 
6741 18
72490 2793 75653 54057 67631 37771 88703 72195 35352 50053 9936 65519 62404 4192 97324 87355 65020 88928 
6056 16
48590 28932 28454 3467 84558 47488 68542 92693 20677 42778 38645 97224 69759 54763 28906 62072 
2611 15
20379 72537 97483 2013 85641 57813 30014 35787 52184 42207 20784 46689 55573 2252 70329 
5339 19
74857 8649 63380 97317 93773 61805 72427 57668 56296 82022 11166 58639 40789 57166 68007 42866 21895 58878 12125 
5993 18
75314 27179 13307 26814 56553 10395 40378 18678 76948 77467 22207 18655 22145 98734 97533 24354 47922 43264 
3799 12
88472 15914 61032 80779 15463 19530 11880 58789 51969 39530 10226 46694 
1246 11
30500 51374 25166 54425 80211 20097 93683 11177 80527 90353 4487 
8519 15
82029 3815 5406 76034 15364 72958 68342 45773 21247 28883 35301 42595 90641 69270 85292 
5830 19
60649 78489 12702 23539 13259 72476 72903 38494 66515 78890 31295 24291 6634 69900 66499 72095 48468 88894 19095 
7089 17
34870 11262 85517 3028 55925 22833 76058 83525 85957 31087 54589 98515 17002 96454 43482 93726 32113 
5263 15
73291 34601 15260 64389 38744 35600 83457 36344 21385 41725 37405 63602 78398 27573 90365 
5172 20
51447 57499 4624 78612 70466 52269 6742 17102 52564 57587 40985 22553 863 71104 45727 8430 24432 67828 5955 32583 
3693 15
90278 74180 2621 30050 9515 29942 93130 2420 9461 18420 26675 11202 8475 80997 50038 
3837 17
77213 22974 98230 52789 9470 81538 27601 62685 1730 64520 91342 77605 89564 48163 64117 76390 25504 
6754 11
48874 16462 69574 57188 6136 64971 54195 47046 9716 60674 38055 
2705 19
2852 92883 97524 62448 11947 74749 11972 67267 71973 15115 74344 60232 30196 39744 9652 38713 16779 13044 68061 
7841 19
53855 51679 13603 47100 18316 24318 59880 91832 29602 29245 38953 73346 48987 34294 17413 32406 72893 40280 92195 
4803 14
38697 93237 88996 10540 25838 42472 64724 82890 31486 10665 4008 88501 81947 54173 
3622 19
17987 75569 4741 17060 24612 95080 22725 73330 90636 57909 84960 44900 89331 42567 76681 66237 80674 11707 12239 
6588 20
60125 88210 19537 75995 48982 50826 49067 50809 7618 42352 66794 98341 1988 82960 38766 2159 75758 47631 37636 36766 
2524 19
72656 53354 84253 38801 4644 87577 11 35547 15506 88784 57799 2294 70940 42163 85366 4246 63605 64775 82134 
7835 10
1884 41831 72749 78364 9571 76123 16859 64473 77092 15442 
3074 17
26264 82820 72959 88267 81360 1016 32454 92498 28384 88537 21746 24574 40967 63173 61306 61127 75486 
8984 20
97532 32331 63146 74661 29022 69829 7517 27151 52831 69578 48797 4737 66188 9453 95310 91919 55067 17908 57582 48952 
3196 19
42418 98233 26223 82021 40925 1195 17497 51129 7176 39714 8165 46780 25747 36052 37232 59739 84731 41923 21474 
4830 18
90407 2082 65869 44469 43359 19407 52179 90737 12587 50014 47652 57205 38252 297 16188 9797 60012 31810 
9336 14
31985 4034 50935 14610 18601 7095 89465 76358 77454 95682 18473 70375 98817 69072 
9795 19
82816 40005 63213 20885 76529 6194 21612 27957 51869 17117 43506 66744 91990 41804 76716 34002 47305 20434 65418 
7469 17
66061 49765 46561 72288 26555 50580 10449 3855 87561 75060 92579 15760 85156 8064 10636 49720 69581 
4215 17
2736 21730 18783 4969 46303 25445 12790 89433 67456 64071 23126 99574 97864 71012 80542 9327 72899 
6368 19
90879 70116 78818 57167 33864 67879 73608 97682 73317 39583 11775 71238 77728 40840 99559 86003 52160 85750 52652 
1196 18
11075 73981 58752 98626 1790 43066 64886 57301 32901 65261 35100 74139 44959 20232 75906 78667 49692 65784 
9421 18
46482 45779 99889 9220 63456 86837 58262 91362 83448 2690 92428 33654 24786 56960 38279 33784 50109 50353 
9775 16
77110 63160 77427 96993 79094 74620 61448 40064 94834 58834 4152 7553 65172 75873 51106 10071 
6084 17
80020 41715 91466 40142 69840 83085 81884 21830 70603 37595 29120 5947 24662 75328 34816 26978 82735 
9918 10
63551 71772 47523 14457 27484 83949 61821 79933 49584 31825 
3578 19
74638 97569 70313 40264 5579 58819 96063 64182 79769 52656 93387 68401 33315 89090 91329 13901 43948 88430 5215 
9624 17
9714 32801 89915 79526 67997 55523 70804 9731 64194 57375 36330 21005 77579 94716 4868 21810 65292 
8252 20
15644 24053 43887 1999 37139 22870 75849 95482 36026 70777 48007 41332 23250 36571 62528 7933 82089 29847 3773 66036 
3708 15
42834 52573 91748 83868 41962 26006 9115 79985 62570 70739 68448 20149 90844 70782 58657 
2819 14
53398 37738 73219 94870 3543 84131 84230 70051 75810 11173 30728 37410 66875 43189 
3215 18
97697 28626 87224 87041 76153 17979 23408 85996 56506 16565 29694 9127 56551 51720 19258 48973 12289 85233 
6550 19
94970 97138 10051 35700 31067 49892 65313 11530 97857 7958 93066 63103 12759 33058 80912 57286 85050 57527 16395 
2882 10
6626 34082 78934 24478 34255 48828 54090 7897 130 65860 
5895 15
85487 24176 39803 26288 48597 70738 46911 98518 10235 32811 76260 41462 18396 23350 93298 
1065 19
77947 91882 78289 87160 73016 93966 56400 54970 9015 76483 33295 36080 88148 59899 39346 28543 50281 9836 95946 
3520 17
17340 84153 15055 62718 25285 15549 93530 6933 54409 58047 64111 77097 8184 42699 98266 51922 82462 
4705 16
37941 9691 19051 92431 71928 26982 33664 24661 95102 66365 29112 15961 28939 58350 46654 27498 
3935 19
51000 9755 30259 62845 75558 48344 6155 24056 4154 49806 98650 7913 38539 69027 17515 6491 31271 72962 40673 
8007 18
54352 6443 96427 40022 72541 11953 30831 69823 46666 81508 72651 57778 29781 49812 3544 62831 3974 96336 
5804 16
99751 90819 91571 51893 4467 68128 41712 8105 22763 48473 62136 8102 62289 5917 30618 34521 
7094 18
64048 1428 77473 84941 79965 74424 51750 59037 80845 31213 64642 24734 23434 75526 21472 96503 1162 93398 
8186 10
4106 66406 20166 54686 80745 38853 75208 78862 75246 45298 
232 9
58592 98365 80486 88859 42948 53034 61519 35581 7495 
1906 17
10481 49715 26068 28221 4114 57508 33200 12108 56452 71320 94019 14576 39267 41627 12547 47343 75392 
4386 20
55589 76411 81146 63486 27770 25605 55159 51559 8144 74910 53983 20278 58984 1441 41768 41057 51286 70149 2757 50686 
4829 17
4054 58157 81716 44157 4124 99286 71875 31465 8982 71142 54991 77243 68181 92867 32419 61378 14139 
2137 18
70379 37854 56949 23621 64790 14704 4572 36726 75376 26245 93795 56775 24477 75016 88626 23019 70737 16397 
4297 18
41818 40293 7838 40342 71757 77693 28652 75660 8519 10514 85081 19612 81533 55765 596 50128 35826 5924 
3865 11
44454 15987 21619 56930 59457 96823 22710 90434 92300 38846 73034 
2297 15
32352 19238 67018 61759 74118 54343 20451 72402 48161 5511 6718 42504 70960 26037 34902 
92 9
73669 87154 33545 9131 37274 57354 42710 23932 76538 
3631 11
66266 86143 30548 40965 90539 34949 12851 11774 22869 64207 67343 
3386 19
48672 65280 601 70284 79735 60438 66282 32900 77735 10393 17583 44849 62818 28211 13858 20068 67194 43192 37604 
9484 10
226 58229 40800 5182 47437 99188 79794 95619 35567 8011 
2607 17
59797 66276 68756 50563 60773 20853 19986 26259 48538 21475 79583 74969 41352 14038 80190 19021 52364 
6416 19
92349 45119 10158 52550 57172 15413 5425 10699 20964 99308 16620 31915 66830 95684 56390 81253 47968 90005 74318 
6644 20
89990 62465 5281 47332 52990 87633 79918 60249 35676 34217 91504 2164 10816 32722 59710 43182 39066 67532 73905 34688 
650 14
88226 4701 26135 68353 59551 78483 50898 68345 60100 18275 44740 61008 33694 78383 
4138 18
7028 92204 45568 17444 68663 55497 97831 57207 16048 41421 45495 34073 96595 37046 67693 59332 57000 6958 
5851 19
8445 3982 23556 21720 87530 56563 30381 12513 17291 95728 45502 85653 3163 21555 35601 99002 21719 50129 16980 
1397 16
17529 14265 45733 50055 56640 83582 1422 62582 13136 29597 11232 80506 18788 92248 95221 66665 
2998 18
3616 16572 31009 41318 13822 95424 71448 88364 26160 31381 12141 94677 54540 42006 59790 14986 26729 87616 
4758 17
41803 61417 26076 4552 94218 63986 71749 2686 74497 91216 47525 54287 2051 92408 24709 99010 84347 
6805 17
8175 5852 63182 87313 12103 12320 4740 21120 83178 49444 83935 6252 7080 96088 85071 20240 59020 
9748 14
38008 60608 84258 99689 60313 27627 44145 99759 42285 43852 31566 22155 38506 66583 
8180 13
61325 28946 41992 78188 54818 52039 9612 2533 75155 65147 50585 98201 47789 
561 14
96955 95256 53763 74585 62468 97761 8806 97800 8987 85188 81332 72772 51002 58923 
7793 17
20711 64014 18067 73878 76578 94310 76605 85846 72487 71042 58735 45180 32914 74441 72328 31285 32793 
4112 17
572 27645 65305 35584 7423 49884 67144 30218 88453 95395 72854 20577 8516 8967 68058 46917 13957 
870 13
74054 54552 22543 76505 68536 48404 32743 46356 40612 63660 1639 17882 95293 
6063 20
54575 67622 67848 78200 9552 95598 41516 96428 79788 1266 85987 48962 51504 36058 66962 28199 5828 91877 9218 50947 
9318 10
95715 96650 4760 14622 11138 4198 36506 67701 76808 89511 
9760 18
54485 74169 31786 22413 10930 70395 18717 17563 37745 13954 88970 24160 79470 74916 36057 55041 88640 91632 
4499 14
46030 31124 31202 4488 5062 77295 39591 91860 45442 68031 87612 87198 86469 45969 
5381 12
88 48757 45044 31958 27804 22398 29608 35827 42487 44381 87277 46857 
1910 15
75890 32105 38706 10968 90245 17618 11762 71281 40637 48246 83784 77121 44994 88359 4959 
8518 12
85977 38231 56852 92374 97852 41806 36836 11461 22438 97315 1534 48724 
4016 18
96984 52193 39368 59159 44634 416 3854 95660 90385 36916 87430 5140 76887 47331 55216 65954 52022 36082 
9061 10
97758 6623 14719 47228 34454 40717 6237 97493 42091 36314 
8447 10
61640 66747 48818 42675 32208 5819 72714 27837 23489 69837 
6594 14
50315 54261 23659 31640 23273 87680 56405 86297 84968 83086 28837 78452 62447 67175 
4781 16
94795 22539 31469 2412 82957 91706 94454 33718 79472 81073 18917 59962 59558 51238 73475 51071 
537 17
27234 39709 25397 98577 14282 26854 30595 85228 81256 86922 51889 91758 17842 15699 2473 98569 81581 
6885 13
27088 17732 85859 63259 5015 92336 6488 82690 55405 37539 6480 66579 69466 
1154 20
76263 89411 4517 21593 94666 38244 68390 82830 33886 87964 22384 93107 44725 33249 28816 45281 78403 13341 36558 10939 
9797 14
83705 4103 32109 20576 21164 88882 51079 93826 45942 31216 91869 31556 94156 9823 
9071 19
25835 31204 83218 95547 67721 91316 40649 90759 41982 21056 71336 69935 86439 12463 56557 9845 2797 96832 42509 
5569 13
64850 34230 84254 59384 3796 62797 42224 9565 17805 83966 1429 54440 49204 
5532 16
77124 9624 58431 75618 36759 45150 76154 64219 20449 84803 81458 4594 70554 56444 8841 99553 
4631 18
80045 80217 9577 49982 43970 98260 49649 66446 52408 56132 15196 40434 85608 80023 74390 6866 12505 63708 
8902 17
33301 22675 45112 94621 37332 22065 32830 18407 60157 38268 42818 24014 40132 39516 45574 96807 51948 
3991 16
13418 76039 60091 84748 965 19820 53412 20429 90156 47613 18276 14943 89303 14661 63001 59533 
3786 19
87270 81384 58570 7314 43818 3314 21969 55876 51900 80568 95905 65085 75095 43397 65906 90266 34796 98907 66102 
7956 15
23650 83790 34990 86621 25103 2365 19498 11082 43098 99270 76310 39793 8361 89710 91358 
1812 20
90159 89310 81393 52135 40192 89741 97811 38890 66766 85113 78702 53322 87752 86931 87679 65584 26813 54479 78892 52496 
7454 19
33783 47915 64954 70501 69299 86612 96529 60581 36989 4424 65962 17645 2689 31054 68045 78091 2732 62802 96982 
7445 10
54006 15917 34472 19351 80365 80625 85554 84320 15716 33977 
9772 12
45682 10161 77264 18994 71956 39849 12919 34725 70656 95372 90925 63725 
8381 14
71304 80165 67433 47617 73556 19668 4713 60797 35589 65589 57847 79498 31023 35758 
645 11
84181 55001 98599 29121 18510 6448 19778 41048 26267 47155 34872 
5608 17
55890 27604 47547 80381 77152 95222 91541 5011 66487 77270 88551 25460 31736 81161 19034 72801 77010 
5345 16
860 89116 15602 94530 32964 24450 62392 72349 17624 31374 36536 95436 90912 13629 30131 56301 
2742 17
42873 75630 83366 57366 44566 85298 44405 30876 5139 35022 77880 36699 9917 84502 87701 62290 74470 
8085 16
4954 97376 81805 55989 19725 92916 58823 21077 75703 75493 24745 98690 87050 79086 66731 31991 
4437 18
80624 51678 39214 93000 87815 40073 9398 34930 43054 69434 68618 59281 47173 58316 13497 3701 87657 30799 
2894 15
74533 20037 19594 74529 29811 80293 14242 62927 62024 58558 67697 42520 43440 96920 38285 
9730 20
70796 24739 58576 55585 14811 22331 64189 86731 32356 95043 46789 90332 93533 77896 11655 9781 97708 19222 6266 53014 
6946 17
1989 49436 73738 25083 18210 23064 41924 6374 65574 17325 19104 45419 7713 73366 41494 30558 91591 
5707 16
55450 94206 85162 64178 76052 46879 82908 45800 24447 88993 1421 29307 52522 69918 49598 10591 
4594 19
84842 22614 41582 77518 44564 40791 53272 39124 4139 75031 28316 54533 27283 59311 73947 88118 14772 87370 82528 
5008 18
46396 32426 90021 23607 61781 37524 33962 36188 43876 25249 67910 45570 54929 22899 49354 46355 96769 93949 
9713 19
60065 19566 25139 23881 68845 78852 16817 95474 2191 67220 80613 54868 30492 6232 48285 91090 11934 62078 27696 
6241 17
40462 36531 25240 54471 21600 74814 40351 66575 48146 12416 61451 13562 66639 98014 31889 86442 88617 
9884 18
25211 28536 6323 20190 69399 64705 82191 31633 3832 62799 40805 7455 18796 15029 72755 57860 53437 26703 
6802 16
28392 70515 32525 74384 62855 56425 20814 20599 99924 33143 81284 8377 41580 43484 64426 40156 
6020 18
38495 38747 38092 37584 16329 6235 95373 7074 67998 25232 95225 141 35028 77779 46814 55774 20367 5209 
7008 17
71452 85954 7918 24046 50291 71077 29874 96913 67708 37594 84644 85135 45728 87201 16898 92654 45588 
6609 18
62769 26726 22173 78614 73426 64281 69910 20546 84281 76612 40813 15824 8037 44884 34525 91760 17782 6635 
5890 13
45170 21303 87132 51014 54564 2906 38068 86418 6903 59698 74252 21789 60359 
637 14
33750 57881 63248 53337 69260 40066 86656 55018 36630 85689 27172 81280 47643 76965 
3568 15
57089 38570 66803 1417 31134 3120 9324 37582 34112 5430 38169 20511 15600 40438 99956 
3061 19
22613 15962 20077 91936 6632 64670 95164 20567 14430 57090 40159 36616 57520 74465 95849 46670 73747 43136 52590 
3253 13
7439 20922 40567 38384 39019 89321 72398 78447 2215 48906 6077 49955 12058 
7494 12
623 10857 41288 10663 79302 90878 36353 70468 51017 76735 4463 85508 
22 81713 50259 71325 49167 23389 95684 43064 18569 91984 51623 80782 50710 77021 
7259 15
28997 72463 70983 14752 76191 32807 65832 25195 44513 28395 76989 40686 14943 40291 28376 
4059 10
95569 62569 88056 12229 19054 3166 23918 50230 86716 36425 
