645
8384 20
29310 76168 27699 71023 90223 79781 84313 24067 67329 15212 84933 67804 45614 54344 4986 37923 69826 34713 81966 89482 
1949 20
24096 18968 71256 82966 98832 52845 2883 63589 5658 7767 96757 99572 99686 77607 75188 21318 29512 46254 41367 1416 
5724 19
83428 63547 24578 72830 21401 8025 43701 12844 3319 16663 13122 89956 53478 4331 91251 9003 93722 19536 64761 
1045 20
17105 25087 20595 95978 77344 63622 90560 21886 41485 54028 20566 44114 43439 87873 56316 91949 29992 39892 38313 49560 
8696 20
35619 45104 44776 86267 17085 89554 3876 87902 38304 24855 77630 82092 78115 2284 82577 94634 66416 42488 5076 65791 
3428 20
612 47401 28439 69864 36727 51354 44929 88298 49856 97430 49358 71379 56796 53296 25787 94797 87468 63123 39161 61709 
8530 20
11503 81373 87719 5892 26138 53582 59089 88957 32631 2304 20859 16064 42760 19448 98024 99723 22968 96213 27044 82458 
2610 20
1382 65479 61304 49113 77032 39325 48043 89240 66708 4174 7820 74761 25060 53356 30494 52297 11071 10458 48745 71113 
4871 20
920 12492 79041 29616 52743 42134 10014 2030 11543 55914 58146 68337 17652 50357 83073 18945 98377 17164 66996 72701 
8110 20
72192 91336 31303 94203 56984 45337 38936 13435 54565 89872 72146 57256 7508 74360 94374 5736 14359 34147 99527 73153 
349 20
83215 64201 17897 92378 49971 45706 10212 55168 56492 71808 20469 87536 18167 97265 39545 93253 59352 73350 99807 34171 
1373 19
31404 18763 35685 41060 74489 83590 43493 60932 53709 44301 85717 54436 40442 25918 65244 89229 37280 68101 18782 
8050 17
68239 93694 18693 42059 37194 39647 50751 70363 63540 12728 813 24179 36105 88971 63265 3975 78373 
6871 20
40071 599 47629 87851 67662 31515 12282 59306 42836 75548 36149 80127 74615 74736 16615 59246 66013 21581 39044 13601 
5771 19
86501 33122 1209 28069 24242 99914 72219 64988 59863 66534 3612 93974 75809 79899 54432 93188 49265 33987 61655 
7839 19
53652 80364 56161 24635 33866 99122 60653 74508 26812 94038 16484 25222 33645 66130 4628 13704 25682 99997 67734 
8728 19
71936 35203 33260 69082 65433 50050 87702 32405 56671 10134 74374 73194 74978 35881 72584 47730 18116 81479 15654 
627 20
74570 6016 49106 41993 94802 39432 20137 76493 13907 46427 61874 92874 60226 60962 18989 17668 47618 75802 52170 38799 
9447 20
38493 70663 38593 673 76262 410 89681 38320 34612 76725 33653 90735 98621 61857 42871 20351 83518 38150 14339 63821 
8617 14
27336 12078 70208 80572 65001 89450 56222 27070 53656 58113 96366 24555 73616 62826 
7630 15
2334 70287 37838 23548 58172 82939 86198 64382 60555 92006 1471 79061 20506 7311 47513 
4395 20
66605 93942 77725 91034 9978 90725 91851 84928 93784 48010 82899 80554 14023 68609 78663 12772 94303 69050 97933 19596 
3038 20
54995 77961 87132 35781 39108 74535 69583 39175 6670 78023 15187 77621 54771 6021 85081 42724 15116 83715 87299 88556 
8124 19
24203 92010 91445 60124 17381 43674 16017 73964 63901 96909 47515 64953 77569 20796 74777 9262 42355 69653 93906 
6644 20
89990 62465 5281 47332 52990 87633 79918 60249 35676 34217 91504 2164 10816 32722 59710 43182 39066 67532 73905 34688 
8691 20
48126 46058 1012 33992 55052 80049 35565 87419 18437 15480 78477 20152 50247 78715 55714 29434 85175 15371 11153 59290 
2830 20
73779 43765 27169 2816 85802 50999 24754 93477 11521 52506 81508 66058 69904 17347 2023 22923 62515 74125 3571 65030 
1154 20
76263 89411 4517 21593 94666 38244 68390 82830 33886 87964 22384 93107 44725 33249 28816 45281 78403 13341 36558 10939 
4758 19
41803 61417 26076 4552 94218 63986 71749 2686 74497 91216 47525 54287 2051 92408 33654 24709 23928 99010 84347 
6550 19
94970 97138 10051 35700 31067 49892 65313 11530 97857 7958 93066 63103 12759 33058 80912 57286 85050 57527 16395 
4473 20
42415 4317 53865 73746 26005 6122 81713 50259 71325 49167 23389 95684 43064 18569 91984 51623 80782 50710 62394 77021 
6897 19
56907 95402 83304 28038 71074 14860 10856 3932 87937 54263 6564 43423 14925 48793 75602 16476 73295 54084 37550 
486 20
97830 4790 62384 35600 70433 92872 57487 16438 74082 1886 17824 92546 21153 32434 30785 80033 28477 78122 77753 31791 
7582 20
37525 88057 33158 82778 1809 91952 74381 20934 48702 16226 47879 71537 84906 57028 62470 21340 29878 47593 69696 77684 
2939 19
15294 83578 71221 60020 34818 48044 49061 44832 86735 92297 94255 58811 21792 20079 38351 45175 11719 82135 43139 
1420 19
76512 27803 26410 18028 72371 28783 88102 74425 89894 20791 11526 24206 24401 46426 80524 39276 82035 1597 84686 
7937 20
32944 58431 48614 7517 78805 4329 81827 13847 48712 50105 34861 92731 97092 79984 74379 3015 12807 3518 12068 62239 
8839 18
73517 93992 13780 11548 62467 17418 61444 25692 80409 4964 15830 66404 30601 79479 48420 24954 25978 76776 
88 20
92257 9925 71517 64710 83567 2478 26920 13921 16584 30039 87879 95943 28074 15842 42841 8235 85299 83687 16004 96717 
5523 19
74547 82572 20012 37009 89131 33580 80571 36834 40020 44354 48363 65454 67081 31078 64293 17531 95018 31675 18711 
3764 19
51167 83190 60792 85103 56429 71135 95518 6181 86064 75741 60695 26712 89748 84960 69806 33508 6290 76664 4642 
9092 14
27133 70866 56179 39395 52279 14736 59636 33002 43902 83350 4727 61446 50047 14305 
1349 19
28366 22375 94002 45850 11511 19353 74174 82237 75381 17539 56202 42110 32056 50069 8164 86640 63894 44508 75694 
1668 19
80410 44718 9362 36335 24030 55783 58743 88494 67446 45921 46296 40392 71723 97548 21420 77215 17657 54122 77181 
906 11
60103 51287 44052 11604 24241 36627 87150 2770 75208 73612 46263 
3742 19
22010 98741 34927 57230 19787 93305 38617 40542 24138 39609 38515 12235 70768 90056 27890 10046 45008 53473 43408 
7984 19
44930 27980 6981 57104 7690 38861 57279 91557 40900 55615 78896 88120 97991 96995 83098 98660 59248 60574 56008 
7709 18
99195 24499 69407 9816 71892 58854 6194 78733 23021 56021 67654 91415 53259 88615 70512 80735 37972 17174 
4386 20
55589 76411 81146 63486 27770 25605 55159 51559 8144 74910 53983 20278 58984 1441 41768 41057 51286 70149 2757 50686 
9985 19
5474 86708 18118 352 81477 35989 4521 95315 81469 46976 43277 39791 57997 13262 94829 27065 44342 31641 71651 
414 20
58203 57632 134 4391 35170 30257 13209 3857 11876 12491 43849 47195 82540 55000 67594 72431 98692 78367 75477 61099 
5851 20
8445 79965 3982 23556 21720 87530 56563 30381 12513 17291 95728 45502 85653 3163 21555 35601 99002 21719 50129 16980 
4387 20
58918 94306 31932 40894 87709 35950 67898 56953 13442 5374 25562 72096 9395 71236 65472 72884 58327 99666 78543 40262 
6327 19
75885 69984 28670 17312 13024 29164 30559 4165 73051 54813 85312 81507 30031 18304 49531 20231 97058 44738 17976 
7358 19
8226 41726 81897 46729 65508 65619 36550 63957 45114 59605 34271 81543 47834 46203 30585 67570 34122 51487 88944 
9855 20
60258 74200 83257 45533 55738 34698 84226 89198 14014 94033 64392 21342 79077 31629 2999 56073 18568 51479 24583 69233 
6976 20
81336 89056 92586 97336 11231 2163 56081 92699 97119 69510 89120 74902 32712 66507 34239 26150 60936 80822 64849 33516 
5989 20
57364 68220 46964 69041 29280 71362 1030 40063 97000 24230 99033 12405 44621 94712 39514 80697 3142 9030 62547 35174 
4138 19
7028 92204 45568 17444 74424 68663 55497 97831 57207 16048 41421 45495 34073 96595 37046 67693 59332 57000 6958 
6253 19
51545 43682 10342 66108 98355 77863 34810 71436 81202 51490 43797 83025 25956 9713 56995 98882 51496 1822 96307 
5551 20
2017 82686 16393 42531 49872 40140 25876 2528 46752 53504 96884 2612 12935 42489 29773 99068 69726 35382 61909 30948 
4951 20
60464 83976 54317 96872 60946 68640 17168 17051 47056 80866 4648 94786 99435 84586 28703 9077 81802 97325 58531 79988 
1551 17
57630 56068 37223 9404 57225 8504 2684 97317 68416 88606 44066 60973 34746 12481 51535 41567 21609 
5530 19
59366 81846 95967 1436 94165 8809 70492 6221 3036 51062 71384 15173 59019 78721 36305 76723 81028 19170 38569 
1241 18
29536 35438 7283 31753 25953 22364 6017 67054 32832 86125 58465 64170 38480 99029 90313 34500 47856 33262 
2252 18
94128 20491 48674 43402 5275 98399 61904 98116 45813 45591 37181 66032 14864 12246 28909 54837 75086 6297 
9829 18
56041 83501 86822 88487 64120 77453 20136 75869 3990 21391 97558 32779 67231 1070 11205 47315 51779 70861 
9070 20
1833 95623 26864 50741 79699 34749 28391 18933 48849 34078 41616 95459 18941 78692 78830 22344 46400 78622 12507 12301 
2359 15
9508 55889 14067 60259 78319 30503 98686 63497 83803 19053 20678 28632 12451 52615 85810 
2276 15
16594 88880 49600 40974 53887 39529 60061 28198 83080 75298 80809 50057 59168 43859 22235 
4637 19
63609 28299 26142 46712 95262 16353 59528 50684 78679 72198 48895 36055 96659 67409 54237 89342 58115 89102 20123 
8791 19
77912 7524 86695 7772 91907 68515 10195 70762 32205 58323 55805 40812 99958 73654 5851 95022 67079 27407 89708 
7819 20
47416 71839 45905 88097 42215 89224 58796 8183 21414 86747 20549 60221 53006 39170 32704 86604 1367 37514 58040 85469 
2943 20
89074 42824 10040 34734 14627 36728 35038 19155 56395 38998 44522 11954 4916 61497 68429 56722 68857 48077 8051 90985 
417 20
1989 6910 94957 53611 54617 35858 275 15324 96586 66048 10368 24763 99685 93582 60189 47041 23860 42052 67351 95889 
7920 19
77123 7006 88474 39962 74158 73462 82750 9604 32889 99381 808 5772 13218 16447 22341 77008 12732 89857 42019 
4297 18
41818 40293 7838 40342 71757 77693 28652 25838 75660 8519 10514 19612 81533 55765 596 50128 35826 5924 
1661 20
24511 85544 148 52131 38934 31834 63329 54200 78657 11558 39745 99581 61243 51298 24792 88907 35534 41620 75322 86486 
4074 20
2184 22232 75565 60749 95481 92803 66165 33235 7282 15039 47160 87003 95431 39999 40629 87243 71391 99133 31062 87114 
930 20
15374 77709 50122 98123 69882 32075 60154 30940 68671 24536 24066 64593 64149 69252 62830 8878 55988 31670 68975 76659 
6063 20
54575 67622 67848 78200 9552 95598 41516 96428 79788 1266 85987 48962 51504 36058 66962 28199 5828 91877 9218 50947 
2394 19
47576 34607 94214 40639 96142 36757 83514 1998 63799 25967 43263 95029 73569 6758 20575 12871 36193 9796 29201 
8479 19
25091 94909 88960 52254 3951 79872 48079 19577 91147 2235 22192 32749 78718 12207 27434 34905 4393 69873 82925 
820 18
17999 52153 81969 83119 30251 60338 20672 8452 54419 97361 27479 82097 26664 9376 44633 86250 44370 66360 
1521 9
22701 91929 33311 25408 13049 73574 16704 26915 34218 
6418 19
14997 77682 22844 79744 82879 91998 96150 57577 75744 3708 39035 4176 71901 55251 7124 81382 99717 36770 55802 
2737 18
1780 35484 13839 78710 64827 77444 43703 40330 46156 3905 80130 33748 31512 9560 3325 25708 87118 78758 
661 19
48941 87312 32402 46618 77606 50977 25973 15297 26557 49350 31489 55860 41272 44823 15973 86001 9112 5110 66405 
1356 20
83283 52190 15920 73445 49706 77787 89796 40507 56979 61543 74453 1718 98328 70779 66975 63860 57786 7850 74656 13975 
8149 10
16863 79950 87508 71560 59349 39297 11281 46288 42728 88199 
7305 11
23444 89141 17735 27769 569 31000 71052 41276 95997 16103 80227 
6760 17
58782 18940 39307 55649 84077 77028 92406 62767 98616 85057 950 1126 76560 44692 65570 55458 52244 
6213 19
63457 77424 10865 13393 29136 94635 72552 46054 82724 63817 51875 9811 64840 29045 32725 95472 58212 40932 82901 
8288 20
11126 14251 51406 55696 65392 16193 41398 37087 66430 87187 79891 48140 38115 67118 59943 28143 24827 70475 3235 36652 
8390 19
70232 32568 42303 48266 60519 49743 87760 90866 56049 52167 83316 17788 27709 65036 18962 9561 93150 90497 44742 
8283 17
21288 75797 34666 69572 52552 81890 94482 96375 29584 93762 84177 91275 77395 778 93624 75951 13885 
9108 14
67184 69876 97664 3767 2947 44442 42463 87785 10878 5784 14044 85237 45545 21047 
1296 11
80466 19174 88340 88752 28937 9005 26826 95303 84642 45191 95991 
2044 20
29958 39554 69029 71861 27066 89068 25945 63471 64546 92294 79761 7230 69976 59429 90947 34336 2766 73699 63723 84863 
5818 19
55359 1281 66216 84011 40475 91785 98400 34960 59170 32589 35342 70993 6644 20394 14283 10087 51908 72617 63941 
5635 19
71504 43377 86870 58156 54205 94606 61221 25642 60210 72732 32143 57236 21248 13394 85062 37473 76916 50090 23086 
5849 19
1608 97553 99523 2889 49834 44926 19152 79817 15196 89578 13806 75944 11766 80951 45652 45671 15950 45274 80858 
1201 19
78818 16196 58677 48464 28933 91106 33588 99331 63192 4850 8851 93111 8585 6471 84256 26759 66837 33482 99899 
1549 11
52239 47431 78457 39536 92602 36648 5245 52007 61854 98461 25013 
5513 17
92024 56844 71501 87634 44137 68500 31381 87175 49374 65210 58261 4574 75099 3443 85906 53280 39013 
4614 13
4248 59414 38614 92694 6797 80231 11040 96201 44479 89416 90052 32798 76366 
1985 20
21711 53075 17474 61947 55034 21684 79703 44967 75766 36762 12654 85728 46771 50199 52897 15175 71188 21898 72046 77460 
8879 19
34976 43742 46449 1229 50012 80113 76499 42788 74457 99081 55425 61471 21564 3454 85342 42340 40765 77080 28665 
7995 17
76518 7514 78404 25285 77993 19974 95027 30852 72285 28990 47295 5768 64041 55364 74621 38128 96627 
9647 19
6639 93830 20992 36874 77077 22523 36307 29392 69201 25354 15121 35547 14951 3723 46419 25514 24037 95318 47109 
2235 19
18597 56327 81026 65586 75038 95174 47269 39343 91372 60651 71171 90978 91502 94805 19971 4980 34107 31664 24426 
6416 18
92349 45119 10158 52550 57172 15413 5425 10699 20964 99308 16620 31915 66830 56390 81253 47968 90005 74318 
8738 17
34438 20614 68221 1081 46844 42857 89237 2052 92795 33701 88550 485 69069 47390 10840 36519 41936 
8490 14
12447 70466 48919 72199 50163 75442 52199 82276 6067 6575 74268 5462 1738 11887 
6134 20
88845 8314 20223 28511 59575 15130 15983 16441 83989 14464 46847 72197 54442 58272 21341 84770 53746 3 93362 17304 
7042 19
60582 42074 72464 37687 49221 64879 38712 77640 24343 10231 94727 18110 79123 87349 18938 1911 92896 27467 69648 
165 18
77458 56855 28355 37089 6338 82111 76135 81958 78600 57068 71402 78531 77356 91426 51720 33518 88798 29967 
5804 17
94485 99751 90819 91571 51893 4467 68128 41712 8105 22763 48473 62136 8102 62289 5917 30618 34521 
4193 12
82470 16068 8596 51587 29869 52011 58278 97482 99564 34675 49397 24403 
5311 19
88308 47594 27 85283 73422 52285 82953 37385 75001 71301 41168 81510 56186 66267 5980 26765 40337 31674 76763 
7544 19
67706 13399 91815 20078 19966 44018 74945 23574 38212 48181 26082 30934 91142 31305 28023 88862 13364 50145 95545 
8181 18
82963 39996 15098 76450 45999 80560 83126 49564 34337 7259 52171 23141 74272 59532 29408 37489 56597 40430 
2006 13
94498 96323 16873 36998 3964 20664 88446 79411 27157 42790 96719 75657 42447 
6218 16
28704 99660 71790 9772 18018 21458 11167 26004 97296 70536 66609 93996 36207 78879 52549 90010 
5339 18
74857 8649 63380 93773 61805 72427 57668 56296 82022 11166 58639 40789 57166 68007 42866 21895 58878 12125 
2590 20
59603 58315 54953 97615 34053 43951 70859 83513 78111 45635 29997 37688 5742 48875 24522 45069 66541 90452 42927 81087 
5348 18
2519 30289 22038 37958 21795 27669 16521 30371 60666 44592 63951 6144 42335 75228 92159 70428 9820 44219 
2137 20
70379 37854 56949 23621 64790 14704 4572 44632 36726 75376 26245 46404 93795 56775 24477 75016 88626 23019 70737 16397 
1752 19
34219 226 97137 83265 63175 32922 3970 30714 50923 66285 6294 67044 88425 14089 78980 40002 3907 56345 70743 
220 18
80199 58268 37332 69313 53737 15813 42679 16920 19587 51537 17440 92984 90127 48577 79410 27476 33342 18369 
4430 20
44228 62452 81339 52219 68883 36836 55012 37464 1557 14462 11400 92534 12679 37523 3216 58755 80658 73238 80369 93730 
7438 20
92491 76815 43162 1137 35463 42865 51686 50938 85581 86426 68645 50115 74677 29776 82920 7093 59314 89848 39760 60101 
7164 19
16300 88532 51927 46932 93598 11034 22616 51026 11250 1665 26683 11969 92743 59655 89788 4667 15824 32675 43695 
2595 19
68600 24051 74434 65394 6211 14294 53077 47277 7402 43589 89403 20237 37988 99774 85163 21527 32210 58789 56102 
7833 20
48921 80729 81100 15040 75439 28263 13413 27970 6455 13335 25955 76171 17284 55296 951 77924 65603 82706 28929 96292 
18 13
52395 75224 35169 98878 80302 64396 52255 56601 55842 73308 69057 29586 74997 
9255 14
80757 17705 54473 12490 14871 40739 1875 29485 19731 33025 69499 87929 10121 82545 
6717 19
36096 18367 33661 74352 14982 2492 95454 41992 83653 32544 68371 87993 18904 26392 40088 25539 52310 28162 62589 
3548 11
40089 7620 43615 85798 98495 18494 15037 49240 69461 72581 62046 
2928 16
97630 84448 67282 16309 16159 18109 12157 57257 31414 15036 82132 47749 63149 77931 83392 63521 
2075 18
24782 49072 84055 68423 92693 1448 18433 18122 39879 70852 86288 50393 41424 99139 69430 39111 4859 38228 
111 14
70445 1692 38153 55457 20320 15253 61427 1559 40466 79430 45472 8792 78382 97759 
8505 19
51950 91543 75626 82264 70781 63958 99498 40259 80284 10869 86182 35399 62215 4848 44883 68405 68816 53693 64527 
5664 18
90558 48407 99451 46966 62042 59453 89379 79939 64089 71750 23238 56387 74449 23990 26666 47216 35355 6082 
1803 20
11354 55820 66257 6187 40407 20220 4746 88812 30171 99296 99959 65450 15430 29714 49557 60834 74092 90642 4666 39287 
198 13
36870 79943 3333 11316 19029 46140 9872 42091 40934 37953 86139 64023 38878 
1004 12
87426 7509 2399 71234 62479 24346 19231 71759 40950 77426 99535 70011 
4330 11
96715 71274 72368 96206 60050 2290 80442 97836 87042 6287 52496 
8758 17
13373 66675 45583 57507 17985 77120 18403 74958 51760 95727 5445 88026 60299 49244 24925 68057 36492 
6953 15
4460 44169 71259 40597 2391 45821 54548 6931 67642 46259 29728 66523 84887 52169 46501 
4252 19
73224 19213 86957 72729 62340 26067 73659 92372 73169 87121 48475 58654 6511 28200 41155 56397 69466 51077 34069 
6588 20
60125 88210 19537 75995 48982 50826 49067 50809 7618 42352 66794 98341 1988 82960 38766 2159 75758 47631 37636 36766 
4381 20
21975 38669 40460 18215 75947 3505 1852 49126 46161 24950 38524 81256 47841 58217 4894 89736 1734 31979 50195 54841 
2901 18
21422 6452 19814 20707 25691 55482 32616 94766 67673 12040 88634 58807 13741 34002 32970 85111 71126 55760 
5390 20
1629 26973 91957 41659 46059 96555 76674 98409 37734 9937 80485 5053 65140 61675 83944 32506 75021 41223 6763 41258 
4717 18
56201 65413 2654 29078 36568 51880 86264 68665 67252 43891 61195 61563 81351 28190 26828 49956 12998 79767 
3134 18
34939 78031 35068 85767 57795 66699 51206 85527 76660 34373 24736 76719 79014 48041 56152 49408 57609 96407 
6370 20
33734 88380 46583 427 32239 37690 34253 18097 91160 32566 93433 94898 93870 3501 84683 48312 43840 60385 40362 25601 
3407 20
13860 10902 76951 62572 69065 1747 8722 83592 15630 49376 32395 56627 44095 60096 85147 98202 23169 52696 79535 48469 
6698 20
52944 76220 93865 48694 89391 78589 29418 14519 16542 70031 61763 48976 48503 90165 20552 78901 78305 78708 49808 57357 
7201 19
75421 1870 46664 33173 97303 98275 95419 7886 71207 2668 71365 81726 17893 5891 54759 23777 22662 76802 38846 
6979 19
89839 41474 32591 40294 57859 71799 71246 93347 41412 21211 30325 25493 15498 8991 43631 3425 18600 22906 76206 
5917 20
95004 27465 26981 22198 49539 40222 10382 65539 61491 62847 67427 44745 61071 43678 84627 80670 78933 27251 75324 8769 
7534 17
6159 57846 42500 65621 62332 57589 63250 96584 75223 47444 46911 12910 62273 70731 15974 60646 23357 
1550 15
68279 46278 27391 39689 95024 9830 53781 76247 33528 55633 96794 40400 94711 18735 38858 
7734 20
95387 92277 95683 76638 73853 108 42257 25989 59922 27975 16254 60539 23806 12479 47672 90738 41152 70372 96541 10068 
4705 17
37941 9691 19051 51664 92431 71928 26982 33664 24661 95102 66365 29112 15961 28939 58350 46654 27498 
7666 19
57985 21917 59732 69744 10829 83744 71368 43543 72848 62577 23158 64442 4587 74893 67198 35764 12676 6528 7657 
9992 17
65697 18310 63811 12834 19245 84675 24118 50037 21906 60898 65970 2448 94642 54487 28487 97315 11896 
1448 14
89811 53233 91418 45379 95566 14370 97191 46160 88725 92889 88507 45990 61385 52876 
5020 12
72364 56306 61717 28296 24078 84053 23908 97385 71679 34753 70976 11335 
3525 19
60690 22992 53202 39839 33222 88124 26248 28338 90138 4701 9648 72796 5122 89782 54655 97816 80204 11729 99793 
1485 19
50290 45290 63188 17274 91393 47028 68201 68523 1268 74662 18868 76026 22952 56084 4679 33775 9283 87854 55995 
8917 14
32911 3456 38007 42526 18745 65614 10177 14901 40941 61097 22365 60134 39083 6604 
873 20
99080 52468 26751 7037 40448 74897 70023 82000 35992 69268 58891 20673 55579 75970 92375 74841 51555 72629 79035 18274 
868 19
24532 71352 20414 52243 47902 44131 17941 98580 50525 50252 89428 42156 55200 38056 4267 19436 48775 26508 4022 
7193 18
57697 88975 59092 69087 45085 92266 69289 71752 85721 21857 59466 87526 81187 84847 82055 28134 39397 53826 
4813 20
53605 80961 33887 79227 94508 92336 33141 80938 1619 4381 44893 81110 48889 56513 40613 80023 46409 61968 4925 70504 
6957 14
41944 72670 69907 32686 23121 89883 94880 8280 35443 97950 4446 93239 16211 51669 
6235 19
54675 98310 2510 89751 51514 33564 21213 14188 78483 20599 23126 10813 67868 16201 74048 89434 85956 44347 43368 
2701 19
58852 20053 46258 84931 96024 99187 12255 71792 11694 86873 14226 99502 26007 94087 30546 18748 53122 86529 54900 
5532 15
77124 9624 75618 36759 45150 76154 64219 20449 84803 81458 4594 70554 56444 8841 99553 
6185 19
43886 10957 64503 26521 88182 94908 13777 85140 80553 39140 75533 1550 81670 50605 47875 53631 4259 92901 49168 
3928 20
1040 11109 99984 79929 30902 32229 67684 81414 20790 98055 45529 94388 36372 15018 75480 76960 27612 41979 49155 88388 
1397 18
17529 14265 45733 50055 56640 83582 1422 62582 13136 29597 11232 73566 80506 18788 92248 95221 66665 36689 
8931 18
44975 46470 5681 56908 78860 19568 95780 30542 85129 9389 68618 48430 99045 14270 73278 51296 64479 79669 
5857 16
6504 40680 22716 72811 85184 94779 99699 7444 67607 86694 44471 65193 25390 58643 76320 32808 
7327 16
97546 91198 10089 2444 91892 66385 50738 80916 62968 5377 72011 85856 7209 89861 69788 23059 
5345 19
860 89116 97852 15602 94530 98257 32964 24450 62392 72349 11138 17624 31374 36536 95436 90912 13629 30131 56301 
5294 20
87435 95852 78911 93228 78899 16698 77661 80627 98765 42723 24523 35912 28350 22848 93883 99504 14456 48438 22139 48322 
3740 18
77835 63558 58495 96736 46351 16097 27039 89604 66815 58097 54151 40681 68795 37086 28429 70126 74579 70845 
3854 17
2245 69562 6534 36681 23466 80787 84046 23882 76913 94929 20817 92790 32246 28893 28622 27739 34562 
6924 20
71058 52515 321 21608 74778 914 26289 11872 72342 79063 63846 85194 99091 17326 72444 35243 79444 74130 28224 437 
2732 13
98643 34513 60437 17453 48868 58308 55683 61549 12612 45352 30026 16158 32601 
8008 17
71377 50829 23597 61943 33914 37017 35381 18070 3839 38386 93520 86370 765 69382 47538 78634 69813 
5065 18
32542 28614 40458 9950 71471 311 6870 20130 3096 69453 75917 99038 63892 77520 71880 62380 89812 99758 
3605 19
8975 83102 13642 45987 61346 66554 94252 90870 23769 87257 68443 72147 31578 25793 27779 4942 83853 98521 42192 
6702 18
32460 89309 25794 18442 19296 36390 25065 65657 46273 22817 75983 76843 41999 8808 81785 93166 63639 50753 
2548 18
32726 86711 57484 28728 32195 13294 33891 47803 86674 45656 74100 75343 94111 84796 4499 79523 27691 52917 
8109 13
66840 10811 75268 5407 34450 42969 31540 23360 52328 42782 59017 36052 52339 
3211 18
23753 51082 33432 45273 57344 60062 80958 42423 2888 74216 61302 17693 71341 890 21718 8863 93215 87303 
9291 20
61965 53569 90997 18754 49163 67203 31620 98661 55315 21108 85620 77294 70367 28135 26874 18872 43178 28222 6043 66701 
3301 20
25109 89106 1990 31788 96993 19561 8738 16442 40547 4023 4947 38908 19556 92476 2972 87044 71697 17449 35755 70229 
5064 15
58186 904 23729 76181 45071 36767 31266 55912 84578 92927 43448 51920 57941 56560 65751 
9507 15
47750 61625 22639 76685 37861 426 43700 82357 50520 84733 38469 13243 107 28393 46675 
9847 19
40102 49572 25360 83320 76930 96190 11764 81346 98774 83562 67470 90236 51583 34886 42249 31148 86436 37905 85170 
7791 18
23942 27113 54133 35109 83007 41427 75810 87331 49959 81321 87958 48237 26638 84014 32187 91641 81874 93181 
4275 20
46631 60857 63686 80892 86342 47970 99148 21220 70417 71821 2809 4338 32042 39744 95189 86091 80800 93416 98905 92110 
6342 17
83420 56610 14438 78035 17891 21926 72245 32670 7859 54197 66637 69395 9810 92418 82294 55491 15146 
1133 20
89093 48670 67618 35861 41188 21741 20708 87020 41625 20269 4635 80544 50898 23940 6023 84375 23045 24559 22869 28103 
9486 16
25214 29781 88324 29916 88042 144 96171 85828 42294 1142 3667 13021 47863 25217 50136 81616 
9795 18
82816 40005 63213 20885 76529 21612 27957 51869 21198 17117 43506 66744 91990 41804 76716 47305 20434 65418 
6029 19
85567 90447 48449 75020 96859 93137 9711 19924 93439 11396 15123 6174 20803 86811 88249 55830 83667 83137 3780 
9897 17
33714 28302 76563 2374 82779 97718 90042 46953 8004 49368 90831 27806 13149 36505 98787 17302 91000 
3572 19
61989 60392 89382 56378 57615 83768 92553 11614 58966 86559 7170 65971 55647 36954 71847 52260 25351 4815 38634 
9616 10
86840 17570 99815 1364 75156 7556 16417 41559 78190 26504 
8477 19
98545 1345 74320 2488 92382 63522 93866 5189 77580 39721 19176 94715 77335 17832 17685 64335 42039 69391 68110 
3612 10
12164 75570 74097 94125 16598 22854 26970 15834 60652 25134 
2761 19
63322 51499 76196 23168 66730 27433 35400 17870 43486 53753 75348 51639 41063 47506 87746 13609 24111 94016 32886 
3215 19
97697 28626 87224 87041 76153 17979 23408 85996 45484 94834 56506 16565 29694 9127 56551 19258 48973 12289 85233 
6446 20
26401 15900 97353 66792 68545 68205 46530 53448 69144 69387 36923 35735 27618 83774 98393 35871 99013 78839 10142 58291 
2882 12
16292 6626 34082 78934 24478 34255 48828 54090 7897 83698 130 65860 
5766 20
94640 96258 20151 921 12480 99985 44295 62407 62105 82161 88109 95273 70642 28019 55134 58096 8848 16849 93662 12886 
1023 14
9084 94739 10828 85591 97098 27354 97587 89160 61112 55186 83452 99039 43370 30515 
3545 20
70207 52409 76042 62319 96911 94688 35466 90854 11624 51188 14653 67367 6648 13834 78285 21320 40498 5685 24607 25525 
5006 20
54408 54828 50106 68314 43268 21514 30427 91079 53649 6050 25614 12938 18289 57867 64415 76702 46101 95257 35815 39830 
3944 11
31866 21773 39648 64848 31687 72868 71849 20268 340 45395 24737 
8139 18
20698 57494 67726 30109 54522 68501 56432 99605 98805 12427 8074 69867 93749 87734 10964 4255 15831 35907 
5697 19
46481 70873 31031 87577 60488 1121 55750 95299 20694 22237 66684 80194 87279 71978 24566 85458 15736 64853 27942 
7278 20
45108 35900 35771 50232 64332 48621 86081 52228 8948 16466 99744 46903 64488 19675 22653 37699 68790 72239 39541 81138 
8397 19
31210 9817 5590 49023 94061 69177 51866 1354 44684 1579 61890 11572 97489 72996 60563 93644 31618 65404 11403 
177 18
56212 95196 74013 35086 79625 32108 58466 68856 24856 38787 859 58838 63728 41033 86060 56541 45612 722 
1864 13
30623 34568 78112 80808 46864 18625 94551 54703 96511 52248 22717 43957 33943 
4630 18
91356 7100 57171 43959 69243 368 84719 84525 66660 28823 7177 82768 29479 48216 47610 72945 54033 67946 
5023 18
71227 57179 42712 75447 66078 8667 54788 85676 13803 72850 31201 82184 73933 50887 5825 90649 87136 44869 
2115 20
57393 56546 631 52372 56731 70698 30329 99970 67550 40196 44940 50089 82299 3811 72783 62652 36470 54155 99988 28285 
4374 19
77843 86257 46345 83665 14610 8107 35776 7662 2140 23023 84396 82383 36125 32556 91289 21304 65200 5748 76539 
3774 18
99852 18594 16820 87531 62564 64308 28910 50395 12810 35652 31987 64044 78004 74135 39444 74696 9862 45267 
2295 18
92423 86721 39973 53545 42630 72977 57390 77952 65724 98602 99188 98839 22146 58739 17887 70899 7720 12395 
72 18
78903 86298 89314 46450 48253 91093 11162 4881 4102 54942 91784 59615 12452 17698 60433 38635 16099 52737 
3597 18
40462 30212 95110 15572 44464 11413 10118 37962 76133 43181 26650 84345 90342 82493 12667 73670 55285 59146 
3443 18
4024 75404 66081 64492 48427 31995 57606 19345 32762 69146 92469 7417 33487 63020 1069 68596 86970 52417 
9487 19
24335 64606 42850 62805 32525 32426 98040 76083 26750 6038 75819 54543 30970 32950 2958 75389 35812 72923 9282 
2517 19
45412 2596 68048 20133 88848 33849 57559 44247 39228 85574 24015 47298 3109 95282 52577 66457 84652 85778 30781 
6484 18
73073 64720 22878 37335 6410 39787 66040 91647 53319 70009 3922 26862 5028 86189 87186 30527 2347 65804 
6821 19
34765 13254 40424 1631 64475 6120 40734 65710 47392 99232 74059 38721 85849 36401 82842 95339 30421 2614 93884 
537 18
81853 27234 39709 25397 98577 14282 26854 30595 85228 86922 51889 76734 91758 17842 15699 2473 98569 81581 
4154 13
2105 3619 50924 26091 32941 51548 816 66068 1117 59035 63752 35994 89968 
5873 20
51111 42960 71845 52916 49162 80581 64148 25664 54746 72106 10884 31494 34432 30683 68214 76811 97334 11228 45383 26816 
1478 18
29736 81910 56764 95287 31959 59763 21990 16091 11030 70272 40915 94114 99281 44076 3165 94760 88154 16541 
3034 17
44302 45572 70245 1035 25349 50059 69266 18416 28057 88522 91869 64024 64825 65198 41881 86482 97841 
5134 13
91032 97031 41345 78271 73307 68890 41570 6727 98153 79664 97582 10421 62796 
7085 19
1085 28941 59008 74389 18032 22645 90552 18898 69414 49080 29796 177 58960 69555 11216 92421 65478 32294 45590 
9760 19
54485 74169 31786 22413 10930 70395 18717 17563 37745 13954 88970 24160 79470 74916 36057 55041 88640 14682 91632 
8518 9
85977 38231 56852 92374 41806 11461 22438 1534 48724 
458 16
48823 30142 31129 56783 97306 52949 43977 28797 80536 16259 11323 50016 28423 128 45076 62355 
8005 19
66483 43568 69565 63014 54867 7518 80374 38757 58998 22715 2171 98798 11769 59779 50403 63729 75201 44049 71358 
4040 20
82759 22430 11924 65694 21499 63898 45873 66779 96219 8867 52041 26095 98640 99214 67458 30424 14432 12231 34899 89659 
806 13
68168 71891 61355 43442 81762 91541 93536 43249 77280 59283 25022 2074 82846 
6023 12
92097 27053 7563 94561 82460 33275 99298 21768 60407 64872 65630 90994 
9294 16
42080 72711 16973 96726 97076 42870 89243 7009 57516 37909 747 37479 54341 87581 33522 57295 
9772 15
45682 10161 77264 41179 10639 18994 71956 39849 1331 12919 34725 70656 95372 90925 63725 
4513 19
38479 63081 11304 49050 5672 47890 28662 88072 77628 85018 52031 60769 4090 22984 40848 38189 48415 38979 60048 
5360 18
33065 91915 18325 82605 56937 43051 56856 69020 20246 20416 31018 55642 66546 76585 22487 1845 73095 59857 
1800 11
62554 51532 24025 39404 31341 97417 88329 62440 75484 37546 81760 
8521 20
64176 83416 49863 86004 86374 5922 3523 9525 52981 14317 66555 55003 92700 98065 53094 45102 75115 6293 94592 72412 
3818 18
40684 36133 82884 77664 79850 85029 68854 88240 84791 21513 24980 63719 30574 75954 37897 825 96670 55017 
9002 19
62316 12124 37414 52024 13716 74681 58943 86336 39863 99659 57226 2591 14234 49905 77985 31122 42901 16782 34020 
8279 10
63029 73237 11213 96414 98543 32039 43322 79437 63624 82502 
6202 14
35878 47571 3489 73534 70036 69527 37978 87037 92835 18657 81666 32439 26051 88430 
4631 17
80045 80217 9577 49982 43970 98260 49649 66446 52408 56132 40434 85608 74390 6866 489 12505 63708 
401 20
76985 17057 5896 76566 56920 13170 58449 2236 54414 4749 45239 13769 26745 61483 75380 48257 37875 88244 86633 20960 
6468 20
33024 70998 45359 52653 12308 38772 39842 6743 5418 29476 93445 60710 84678 2730 85490 43956 3664 15038 81275 68680 
973 14
91042 56535 18062 83999 67173 94639 50798 92793 46139 6862 60779 92156 34780 64268 
9821 20
53120 63208 39547 63571 59651 91297 32324 21714 93674 39084 58818 47720 56717 81806 78544 13743 77756 98068 95071 50004 
8989 19
6476 38628 85112 4882 50402 77555 82394 9571 51990 88693 67915 7459 81799 43675 36103 90827 36422 79068 71547 
5423 19
28551 31739 46430 95207 35455 68353 45970 1409 9815 55156 1773 50200 16272 94963 49455 70050 8351 21946 59012 
5263 15
73291 34601 15260 64389 38744 83457 36344 21385 805 41725 37405 63602 78398 27573 90365 
4320 19
22018 18150 77437 64836 72292 33109 38599 830 69719 23979 62707 6675 89483 1680 61953 42132 17619 48582 15289 
8795 17
47816 36151 89427 30617 31898 51607 7588 75616 72714 7515 35653 81608 33606 24629 34827 20115 19282 
3622 19
17987 75569 4741 17060 24612 1945 95080 22725 73330 90636 57909 44900 89331 42567 76681 66237 80674 11707 12239 
3483 18
90279 42098 11010 87119 51336 82304 72828 94901 909 87024 94004 30642 18848 91934 88637 38455 69536 1098 
7841 19
53855 51679 13603 47100 18316 24318 59880 91832 29602 29245 38953 73346 48987 34294 17413 32406 72893 40280 92195 
1642 10
60376 28992 27676 40340 3529 44640 90029 33251 32091 80174 
7197 19
33752 79354 40527 45087 9789 70548 60373 57881 37221 35493 57825 50884 22905 29183 47711 32052 85002 23852 17486 
7175 12
66907 75263 28784 39305 23413 28230 17709 96386 68888 4082 14897 55577 
9751 17
30671 97787 77396 94983 86798 40731 68269 36902 6374 78043 81153 15698 12414 92385 68977 67431 16176 
8177 17
86465 62193 37076 27778 18057 61129 12332 34772 72882 12082 87722 47292 19949 68303 41349 30779 42461 
440 19
97381 92904 22116 75875 72845 65068 51407 17196 14865 81887 22669 22051 52863 29751 90229 52208 64025 88277 98786 
5315 16
89245 54183 73952 51460 38890 22766 60702 9001 1134 83558 30728 576 29853 19028 65764 70880 
5164 18
47743 86577 25602 25995 20458 50794 40348 84369 36117 53324 81659 30040 27638 99252 5217 73833 21399 82170 
2346 11
90784 3616 22001 38852 62638 23022 5214 75265 33916 90132 2355 
7843 19
20265 17796 13585 31208 40070 5667 9698 99266 45791 15016 75591 40884 44404 31352 74467 42817 77573 38684 9526 
3991 19
13418 76039 74394 60091 84748 965 19820 53412 20429 90156 47613 18276 14943 89303 14661 49440 63001 46311 59533 
2457 11
73007 58821 8334 74588 24780 36205 77001 23508 55480 91283 36987 
9701 18
65966 27268 25174 1525 1052 8094 31395 15781 2818 68342 91110 62016 51074 72243 31118 8182 82937 86794 
6258 20
49500 39742 18166 64880 80381 89297 99517 1626 78186 6905 91261 56382 52036 4743 40405 61990 79538 86338 18399 2681 
5437 19
58359 29133 84137 62156 75118 39244 78972 63416 94845 40517 90727 10326 36537 70941 99313 46209 49865 37541 19419 
4713 20
7840 20958 42024 16018 72070 4500 47016 6256 15110 97498 15233 2430 70362 79089 18798 344 86903 55232 20393 76521 
5761 18
90886 19707 82127 82537 22202 13204 17367 70757 59747 7101 77951 58793 51586 90546 9465 83633 58848 84117 
6241 16
36531 25240 54471 21600 74814 40351 66575 48146 12416 61451 13562 66639 98014 31889 86442 88617 
6510 13
2021 40951 45690 78087 44000 17510 66966 34644 80520 50618 76426 76344 66033 
5537 16
5845 19500 11241 12098 6531 87772 70136 19373 72118 49850 8392 31487 61039 41961 96971 66420 
2994 17
30713 8702 63097 79064 92299 18592 89280 10665 42543 28101 50273 61227 1889 95636 92873 43842 48952 
2804 17
94527 87397 33230 75044 15559 70212 90984 59683 31996 58257 93924 3882 95493 98398 33613 60222 99392 
379 16
60701 50125 83468 49135 86948 97853 93399 40299 6458 48493 89172 39454 72588 64684 47267 97232 
2991 18
38343 80187 71546 18985 82300 90602 69656 35481 465 85266 37044 60312 11897 37961 44075 3424 5604 11800 
7380 18
49526 86398 35840 90981 91080 86337 77412 87971 28082 93267 2230 12342 38921 64757 31465 37914 60172 20947 
180 20
22770 56086 52970 71005 98128 862 79716 3243 20863 72660 75870 84541 97815 53633 57753 65750 31588 87213 35394 54866 
7002 20
54429 91709 35239 75234 50958 22331 51230 21175 77826 61501 84701 44080 20431 65327 70547 28906 38729 33692 28610 34282 
6277 15
20523 79942 96051 7871 78484 24975 22942 96071 14576 67239 19770 31178 80304 36900 38283 
6115 18
63877 83165 74708 46716 63246 1292 68866 8724 77082 28690 31377 25374 87223 30659 20120 37543 61183 7852 
1618 20
30016 59773 98289 41190 34808 30245 87687 19733 97250 2216 37148 89628 52505 39408 59552 81907 27330 43601 36 16210 
4938 19
83616 81378 78429 1015 25904 68451 63177 18616 79391 61107 3511 51973 84557 75362 88649 78176 68058 14537 96512 
6851 17
7601 88250 6744 10565 53761 4614 88064 29042 67363 13616 20274 58695 75112 19728 13606 80767 10621 
2575 19
78058 41355 40924 81276 55042 76927 40481 94059 33192 80547 44689 21892 55496 72994 20891 81697 40774 29889 10225 
2097 17
71974 13950 4479 36914 56512 59220 12344 99396 58614 95184 70408 55915 30639 19472 72902 35119 84576 
5172 19
51447 57499 4624 78612 52269 6742 17102 52564 57587 40985 22553 863 71104 45727 8430 24432 67828 5955 32583 
503 19
97855 85287 16134 89481 93094 49999 46751 37329 84747 93464 36628 48761 4800 59765 97641 88756 11663 68970 79900 
9027 14
30917 80014 57018 65839 672 33279 66363 7339 7881 32154 87363 96865 58873 16771 
9713 19
60065 19566 25139 23881 68845 78852 16817 95474 2191 67220 80613 54868 30492 6232 48285 91090 11934 62078 27696 
9553 19
86467 60561 44997 10375 33033 42722 21529 87340 15090 73449 95899 66104 22578 84565 78814 64309 81772 45017 323 
7339 16
77692 95078 53848 47960 18156 2107 32093 28568 37395 56101 29228 27500 5671 29480 50903 99861 
1760 10
5901 39132 49620 14830 22422 40929 58487 82880 46805 28953 
1334 20
8339 18461 22186 45848 83091 69265 5880 41435 27934 63640 55424 15579 95044 26470 61348 56533 6596 40785 90367 90521 
3953 17
5704 78057 66720 54495 88667 95826 11603 32155 95955 64015 64680 38261 15550 80813 28280 19290 8169 
9574 19
93797 32523 58606 78540 47383 62810 5934 2343 10510 30215 23994 15704 46276 99574 65428 97499 58472 59397 28041 
2664 18
52093 84514 69525 70202 65434 57718 47150 73448 47589 80596 57976 96111 31295 73485 91693 60287 30059 39531 
8509 18
43691 51038 28184 76382 1031 19652 20134 96577 16006 29118 71242 42005 751 18181 22417 56204 95215 84855 
9582 17
80930 79771 91380 49047 84645 18295 65333 72460 62732 76051 38096 57117 75325 82593 26027 72058 68781 
8902 17
33301 22675 45112 94621 22065 32830 18407 60157 38268 42818 24014 40132 39516 45574 96807 63862 51948 
8896 18
57153 96932 9647 31074 20100 69415 38522 97426 32486 95375 82346 80737 45229 64989 76707 48716 83277 96574 
3165 19
81007 35346 22320 75008 7821 73267 71062 8716 97667 50084 67357 57440 39688 58941 58390 66331 64523 21748 80585 
8910 19
61520 97575 43138 94724 92261 32055 87320 56663 4878 42750 55435 83365 35807 26215 22611 81603 19559 19798 13132 
9432 19
2249 98418 56335 17858 81542 95835 11634 11793 96975 69921 89583 29522 43546 34357 76675 1915 36104 16250 42127 
6338 17
99700 12190 87196 95615 14542 90076 24605 84191 50679 68607 73241 28228 45550 97460 85867 3993 87956 
9873 19
75357 71994 34943 83456 4663 21049 31850 12600 61023 45056 31740 95099 69032 69151 46637 786 13861 26306 96284 
2269 20
13151 68373 36013 77141 83406 54550 7341 37632 27432 25367 24443 96431 16400 77337 54049 48995 21349 79711 60244 96225 
2131 19
39127 40821 96117 58267 57250 32293 28303 63610 30118 96149 83882 5323 4950 49793 98680 60033 35568 99241 70660 
5138 16
60787 52796 57020 8507 8238 79360 56052 2221 10533 39655 91315 58099 50843 20745 48386 96137 
3307 17
60928 23112 62701 61555 95164 3028 29291 80457 25869 44376 40813 53292 74641 43229 19159 68951 24765 
5607 15
87884 13976 40859 1577 47916 93808 59715 1237 35592 66512 1411 49891 2953 25977 86135 
7516 20
32105 4378 9207 33682 57087 23092 8639 25892 91721 72832 45618 82512 54684 70559 8224 44872 35605 73740 46465 39664 
2312 13
13823 98469 91794 59775 68329 28085 36522 85350 71048 13730 57537 96364 94581 
5819 19
65284 70332 6439 94967 29729 24465 75753 4776 25489 17454 86836 68576 27159 30670 10056 40661 51931 95856 10473 
462 15
11995 88288 65678 36094 36722 92412 12322 82077 31505 72407 29109 84319 76817 73681 45164 
2013 19
92691 53835 31217 65444 23008 25257 71968 64823 44499 51428 79480 16225 51244 95549 58155 22440 9792 64668 41015 
5171 20
16578 35832 10543 49129 52278 83485 98516 58294 59834 71222 53013 31258 22050 72825 72316 8111 32968 57161 30835 80163 
5608 18
55890 27604 80523 47547 83487 77152 95222 5011 66487 77270 88551 25460 31736 81161 19034 72801 31023 77010 
6980 19
53205 55463 46236 96257 95986 5817 40284 5705 37419 23837 57681 25220 52865 92148 18909 10247 86902 345 57447 
6956 19
23222 12022 24652 96357 51299 69003 51266 91610 39583 9618 35034 65207 17917 41029 4121 51478 53783 44889 95428 
2608 18
17701 94767 70583 49034 37863 80164 11918 79658 63594 86940 54742 36745 34119 56123 99212 54180 46504 54120 
2662 19
52404 57077 33380 40153 14649 32010 93311 85479 17141 87757 45575 47660 8780 9764 74261 63189 53561 31580 37215 
2380 9
11146 42369 29106 12664 65802 90457 11550 83028 6118 
416 17
27052 96196 71411 80870 58698 61397 57140 78548 10280 82929 19674 84065 97542 348 1508 34561 85782 
2462 20
18966 90192 33256 25560 82594 81724 40482 28724 64127 57420 56248 18998 67505 3605 43688 89684 46928 36828 7134 99909 
205 17
48013 59987 38482 66489 17610 89409 35266 36301 64997 5036 28752 22789 15899 54398 81965 8895 85922 
5604 18
88745 9206 98615 83808 26363 26512 42354 3229 21085 83291 89538 19539 63689 63423 74267 98019 95456 75707 
1556 19
27036 31645 94060 19297 39198 6231 10303 26954 91670 70486 16757 67871 40897 99500 30508 53033 82565 18307 74855 
8285 13
57228 15191 77979 45320 34260 72167 80043 3807 13554 21592 93030 96181 51240 
4116 12
9338 40454 52495 28986 19149 61807 43174 67788 14922 36488 70766 10414 
3406 18
22649 39556 67680 2525 55139 82917 53507 3749 37390 86556 77535 82683 84299 66604 2838 36740 33196 91345 
6636 14
42641 997 71874 5454 54092 97223 34089 1816 60066 95361 75695 47982 88953 32592 
2253 20
47500 16297 89202 55119 89178 41436 96855 25107 15369 71521 225 16480 77523 73192 43078 40755 97419 15113 37203 92577 
7218 18
75619 53763 17868 42873 41014 91340 46565 67526 9385 10604 19101 45458 68180 21624 7404 49821 58235 88476 
4046 18
47550 55001 45505 83754 25200 21386 34800 63367 49922 99007 80920 9968 93155 5601 69492 37364 64874 48110 
5481 17
92815 22218 91840 6010 99293 32190 91537 11602 27096 73486 87430 77802 35425 64489 76109 60798 63430 
3720 15
70147 39381 46806 19264 60814 32015 94835 35343 11291 84943 31747 47043 85826 73304 41114 
2644 19
25465 76246 86827 8260 25096 53516 35291 84739 45494 57696 45285 35476 86734 21544 4356 6193 27945 43777 91944 
3794 9
61049 77809 73939 2033 59590 67482 64506 90603 9590 
9836 19
15151 78858 64956 79991 32683 72558 92220 84746 85288 54368 65991 46523 10156 37094 34747 49563 32046 63244 93608 
9800 18
29458 21735 37308 62670 39110 83343 72334 97820 62235 42314 23887 27170 4382 16573 84088 65584 29173 87909 
1731 18
95703 43551 45653 49365 58646 62603 9773 68097 88863 6756 26239 26296 40693 84056 44982 76857 2408 19645 
124 18
24621 24050 73992 27245 14060 85089 95809 42217 1761 15639 22781 19998 50535 14797 15396 72008 98554 59965 
53 9
19871 45897 1061 70968 67042 56156 61098 42293 27198 
5789 17
54566 87405 50132 13429 62416 347 78124 30447 69491 15119 16737 31614 89758 61402 34964 5401 97026 
972 19
67802 47495 17859 27474 16153 41005 15185 22442 90445 2389 23737 60423 42783 67061 2497 71103 55508 54586 35199 
7075 17
99835 92121 86304 80133 37195 2387 66289 27107 91201 71055 29624 88983 17920 52111 92755 69741 753 
1401 18
21662 36831 32087 99567 40839 88283 25313 59882 89744 650 63603 33765 10209 4430 85309 63672 77727 41249 
9963 19
54749 66242 13534 51392 11101 74257 13159 43895 55717 32448 23537 34741 1914 27003 99824 3471 35723 9928 47722 
8531 19
36364 65222 18210 51681 47191 81979 29678 64312 76901 52444 87376 36051 95539 179 1931 63130 30210 45256 31881 
814 19
41032 23036 55991 74620 46466 84848 52641 17022 94732 54707 93376 50581 84488 49076 63855 36942 5977 97902 93737 
7338 16
53832 84415 35371 4659 37339 41679 32836 22529 44353 12927 60799 26694 67426 44533 42876 33146 
7512 19
26310 13473 74 35094 60390 32530 8122 90572 88722 64121 25400 45226 2705 76456 50060 76140 50160 93792 63912 
1743 18
65475 29366 24269 20821 94296 50750 23004 11480 12591 89597 50948 87627 76602 9692 68503 34912 80002 24247 
6236 19
95663 46152 89336 72514 26472 74537 37495 85494 43916 49075 71100 89773 67257 89011 6736 31748 23755 21997 97316 
7838 15
41456 59223 32256 4101 76370 81182 23853 67961 44332 34832 10875 44970 34154 3645 23441 
5269 18
27223 38405 26048 5257 7929 39365 86823 9236 50139 24854 55893 61193 66959 41417 34903 79595 84148 63780 
1845 19
32656 3355 18127 78228 74723 94274 65950 46178 94414 42100 36266 68031 71105 20129 81059 32815 41147 11601 71896 
9418 18
91655 20980 26456 78381 62226 43477 76325 73199 92734 67217 39933 74813 38012 90469 23166 6337 94844 31984 
4178 20
47125 91807 32197 75232 74890 25652 49630 69147 66912 92119 35827 34756 42297 28486 66613 27491 25170 33825 30797 4458 
1283 16
78912 89194 18163 65797 99157 21454 30634 38825 18667 43971 61184 34956 96458 87663 50561 9751 
6150 19
49284 99629 54220 44012 75076 77013 64338 37180 62165 47484 13041 29653 10418 99681 82490 64973 8500 26833 48829 
2050 18
91098 54561 63098 67661 38205 41604 22575 47813 57326 69260 41857 26804 99519 50714 98129 20173 67012 14026 
8088 19
62620 15338 85361 77674 21981 72158 88815 58535 98644 88903 52491 41880 69830 76440 81787 16299 59852 74629 19779 
9392 15
41583 92031 60152 16853 14097 93839 50804 17618 15826 4218 94867 61886 35946 95834 38506 
4671 20
42602 48643 36875 96949 96157 69601 30696 53642 10631 70832 545 49897 29707 31714 51509 25118 99977 18473 41773 71013 
2655 20
57456 69053 78284 5767 89725 80016 90550 55319 79903 20397 81355 33581 83632 64957 16138 46808 68865 29910 84924 18033 
2143 12
15678 17145 18889 34395 67372 79592 87144 21511 28330 86761 98833 21501 
7088 20
94375 8412 27637 75544 27839 21222 24928 67545 57061 8631 29514 10166 42899 58188 85703 4075 97301 45307 42986 23859 
4891 16
4167 95816 81515 68083 45691 28857 4718 35489 99788 74078 23732 28267 42432 49811 28246 4689 
5445 18
39533 85940 90210 99532 5522 79675 10722 15126 23504 51340 89421 34009 26529 49837 94705 66372 64410 92164 
3511 18
86459 67403 49801 16661 73895 87866 36645 21298 78003 96446 98336 26075 84028 25701 58760 62307 52794 36731 
1516 18
74133 89052 28928 6026 65931 21851 68551 75545 54631 35392 99725 25771 88346 93938 7187 26779 86602 38377 
5247 18
5047 13910 53541 23711 53320 33596 92041 55085 6620 23472 79458 62844 8655 67210 38520 15195 94238 56996 
4355 16
55999 62148 73320 57430 45052 87950 1478 7753 56024 81916 51294 28851 13807 62132 47254 60822 
2998 16
16572 31009 41318 13822 95424 71448 88364 26160 12141 94677 54540 42006 59790 14986 26729 87616 
5030 18
36814 35724 8186 66633 1763 82133 53718 90423 10444 57136 30735 36144 52071 99897 98456 44278 63887 43874 
7567 17
73283 82185 34472 95613 80550 70694 70487 43419 27587 61604 4547 72519 84061 26377 19642 81367 61202 
9774 17
80411 76717 371 40227 25862 32812 83016 41094 36765 22042 11415 12156 71644 66156 75372 1554 9780 
8260 11
8391 43255 81941 63560 47005 35133 2337 83122 75316 59725 87805 
4241 19
65406 22983 57750 63342 28901 11817 80956 62174 87208 32512 39604 94093 64581 69432 23074 72229 5812 16678 66206 
8793 13
81521 67518 73535 80599 14752 40743 20512 52159 58865 64717 84170 56029 72313 
3248 17
11308 2977 42666 21240 84944 39905 30894 61461 48751 75845 78913 49707 60365 8989 43382 40135 21954 
599 19
65840 77874 84613 56373 86730 12746 11155 89722 2772 70241 78333 95277 91700 23800 20019 25834 77534 87674 87928 
9028 14
33839 1506 85016 90292 70946 18377 69008 75877 27682 83450 51723 71195 9170 151 
9207 15
1997 99601 31623 71464 26043 98717 55619 66648 16170 9954 81410 92322 20404 52375 5809 
2182 17
4052 12963 18783 36973 55177 35341 63447 87383 65215 99264 72956 76145 725 33505 55063 28692 15319 
8226 17
55921 97687 63151 39877 1389 80110 32452 94548 39729 67199 23282 89734 64000 62583 32778 42020 1636 
9071 19
25835 31204 83218 95547 67721 91316 40649 90759 41982 21056 71336 69935 86439 12463 56557 9845 2797 96832 42509 
8677 19
59762 61954 69066 98603 36527 63444 84362 95939 27075 87787 86212 5765 75934 11813 57476 65537 70719 55736 54100 
6751 12
92329 82752 53100 53945 6353 9499 3186 91002 84948 97696 57764 46146 
6129 10
76567 10774 18743 21030 92605 85677 14224 65399 60913 95606 
4828 20
19797 80928 94398 54907 45350 91043 18825 91838 24457 30359 66981 28147 51609 80393 32776 41459 24202 44288 11114 21408 
4041 17
36209 61332 7519 42016 39959 18840 8987 96657 94230 1697 60264 29633 30664 48152 79585 5935 58815 
6229 10
76302 75827 28422 81657 24198 14751 61540 8106 10817 17584 
7243 17
30369 27950 76394 57434 83823 91025 50394 11852 60513 77263 24818 43122 36003 42008 92712 41457 50324 
6289 10
24167 11857 93353 25275 67445 9609 80833 37646 757 63421 
1868 13
26663 11514 31924 62025 61130 16181 68996 57376 50201 96293 57160 23550 7898 
7702 20
44431 44954 69145 29319 42188 22798 10293 23592 68778 77442 95141 8305 84473 89217 57316 45200 81986 9761 5790 129 
6184 19
28008 84214 38293 94488 64638 78160 86204 35939 42884 14604 13783 18704 93340 3305 52227 86455 65147 91861 48458 
8363 18
86460 75160 8218 22066 24495 10067 58215 52197 95698 79757 90492 77027 21268 21457 17958 421 13267 12905 
5450 17
57511 82616 22566 52840 68959 59419 57238 38670 53752 14522 71235 63132 77409 56603 15446 29993 53725 
9218 11
71906 23172 41448 8590 70639 27311 24201 68963 35538 89612 50339 
733 18
79180 92724 39705 55817 92955 86454 49094 67770 13284 65928 10133 76251 80266 83833 95415 66261 27665 5837 
8512 17
90563 84517 61951 50550 31080 48083 71883 66669 73787 10582 53362 93377 95155 17812 14183 86828 24515 
81 9
40496 50496 46586 36541 50891 84897 10508 13133 44840 
4975 17
46795 82202 31058 50453 59131 4055 34111 44093 67501 17712 31660 9209 32445 95820 8832 480 27153 
2885 18
37712 5495 12986 85916 70927 43345 28873 20873 68301 36342 72549 68465 16282 94554 69592 44827 38549 75664 
4042 16
23310 61435 52535 12940 95977 88417 13082 12077 98479 19164 99568 77494 91056 57011 7293 66503 
2297 16
32352 98491 19238 67018 61759 74118 54343 20451 72402 48161 5511 6718 42504 70960 26037 34902 
857 18
59832 39757 38267 13871 60684 80225 81804 38945 25445 90291 93507 21563 59024 14388 81420 44310 96102 62602 
6193 18
39912 48885 9104 81647 14845 3566 8650 90838 35872 46958 60882 30943 86553 6591 91125 36402 75383 80380 
8834 19
27790 26969 32461 94166 47838 28952 15140 20112 94079 24810 57592 17043 29971 73288 27208 66250 80124 69488 47536 
5869 18
84992 54390 59403 96734 45920 37696 18265 72179 47200 78797 75846 45573 77755 7472 81444 85130 30653 58798 
7050 20
53270 34199 13613 40683 37230 11958 63853 85014 79055 21397 54619 37315 66657 45019 57452 39815 41269 35575 6540 84806 
4855 20
21275 49002 1671 85241 54726 96302 96900 61253 51015 44135 42704 60112 68090 48909 46226 50795 27092 61824 74976 66955 
8587 17
67325 4685 62910 56007 61696 64378 35465 37892 89433 44756 2274 32612 61852 79082 47251 75555 39498 
8157 16
30093 33974 29338 77610 52112 88748 38401 17039 8976 62986 5079 56037 43416 80212 43003 34530 
2652 17
63502 48851 9734 65446 65701 65834 15734 46407 67212 89908 63606 81516 91425 44178 31093 76209 22805 
2305 20
71856 41775 13779 51651 34646 97576 68432 68312 74346 42829 8465 15683 75993 38883 29152 67030 89882 75577 29008 65640 
2415 15
17257 74055 95638 94287 27490 83554 4557 80257 17962 42484 53402 36089 45738 86608 46548 
3394 13
39436 15939 54203 95135 81118 98924 10310 10938 58482 2863 41598 64967 93786 
122 9
89613 22078 37843 98090 47800 78834 70053 13385 55902 
3074 17
26264 82820 72959 88267 81360 1016 32454 92498 28384 88537 21746 24574 40967 63173 61306 61127 75486 
2200 11
65165 88829 99833 71186 15714 48075 57766 20587 46567 9436 98647 
6189 16
29089 60912 16253 99320 27544 57806 72577 28025 73003 77413 55154 74773 38508 35114 35704 55709 
3202 12
53811 77943 85328 40329 14449 78302 9868 62991 91975 34677 33477 22439 
5912 14
58401 15943 77245 88435 63121 14229 56772 17694 36075 35156 13665 55233 96622 4145 
5959 19
82786 7456 80143 30054 38771 35526 32423 63552 35242 46878 77538 43306 96085 55488 73741 87472 99849 46385 77394 
1155 16
23425 23384 55144 84432 25553 64607 43248 81625 65851 96634 99590 95713 95111 81703 33453 10736 
2274 19
13812 95580 21433 5724 14237 69748 706 45754 81383 51872 20424 31581 5336 83970 50802 71022 95634 89548 68863 
650 10
88226 26135 59551 68345 60100 18275 44740 61008 33694 78383 
6591 18
71289 3917 20794 47170 74079 79707 98322 49517 87551 91109 76733 6139 59767 52332 28308 7197 60052 38928 
3459 20
33307 1678 87515 77920 8575 57400 24874 17120 22522 25755 87562 75515 71217 55157 65964 10876 12206 53358 28136 97886 
7308 16
10896 21713 75913 48460 67249 11678 56598 78871 24598 24479 38808 97823 29482 31752 54440 40867 
7989 13
22925 6800 31099 46874 12877 34694 46347 25304 39418 92114 95793 33147 4181 
2800 18
77910 56100 12913 39203 5862 90568 95150 54667 56015 97105 99798 30445 26297 8644 15279 35165 76622 29571 
9395 16
63323 73868 3728 38865 74413 80327 76918 95505 47997 74230 72621 37366 84421 39446 26482 72655 
7908 17
44321 44520 30794 46472 34104 76460 49429 34323 59497 44876 98041 50020 27706 60343 28502 51800 97239 
5327 19
42237 88264 63407 51877 99218 83701 77762 27648 28744 45937 9908 90862 94202 12826 71382 82095 70315 10520 5678 
3290 16
23482 82662 90740 18661 76 33484 84907 81172 43961 93512 10959 14447 28385 91742 3676 79759 
2429 20
19201 68148 80317 14201 49180 50104 11679 66504 8951 57579 14625 87863 37185 11092 16390 65499 2292 14546 85520 79520 
4736 19
23051 64186 41403 34286 1236 406 98447 69697 89745 10008 65571 58834 58432 8326 9639 49261 96509 56385 52345 
3679 14
43919 30290 53944 77953 73279 33897 32628 49586 15648 91484 54193 20209 73820 64846 
7398 18
71296 66114 18750 39781 53453 1439 41257 42631 74803 24894 61562 30072 20413 43433 22270 26487 590 88162 
8391 16
30772 53929 7061 63384 3636 85727 48123 92858 61249 89204 34392 69383 33601 8085 78938 83387 
8912 18
36219 5735 53735 31202 11771 61440 51355 23631 24608 57032 74752 48048 37555 69852 33840 67082 76800 51469 
253 19
29621 54820 64782 3707 8376 22242 70376 45203 67183 70493 48207 96108 37101 80919 89607 66844 15033 48777 32602 
3491 17
39981 83403 16186 36976 24849 52272 84838 24919 87251 81078 49651 52810 19591 55230 74566 39672 77477 
3996 18
51051 57060 43290 58993 70919 35666 47535 87377 84099 80609 51006 87655 61597 55704 75272 92155 93675 11956 
8415 18
49937 64311 95206 35542 22281 12713 60657 84351 58378 67938 91987 49044 33500 75736 39777 30125 99057 76527 
3294 19
99181 67760 25172 79092 89124 1874 63666 3881 27329 17387 6154 1 32059 35009 1013 53751 92871 95669 95868 
7718 14
56013 62902 45232 27298 95154 43357 78201 87371 35277 81664 60359 60428 38221 62446 
5565 19
4315 56005 51182 79310 77462 5639 91866 72878 48934 68023 95217 14332 3209 64592 29798 66873 70688 39586 70730 
9097 17
9902 9544 68480 96626 79677 98423 66826 95707 3683 30544 69480 94747 3785 16676 70185 19818 85560 
6910 19
1819 1461 29866 84035 24360 92039 34096 77514 68231 29904 15916 59656 83844 15432 42546 30148 79901 72794 10629 
9566 9
52477 57624 65721 76358 44518 60741 85657 3302 41865 
1963 18
41579 47421 21730 53039 77314 41118 27447 85379 41602 65636 60410 41207 70641 6107 95370 61203 33341 36653 
6669 18
96915 92111 3242 85781 83505 23109 99363 42918 67049 70627 38592 85615 76938 13095 35314 77258 1918 1901 
6017 18
47062 81823 80407 27909 24947 46107 23138 908 13927 76080 90235 97607 96869 90217 99079 44017 36596 99549 
6960 15
6247 71899 54459 19748 38352 10844 72698 99689 50433 14405 67911 82588 69862 36781 61486 
7 19
40419 22656 90821 95812 37092 47086 71696 79184 32082 17095 87022 37050 12603 63360 84296 50744 21142 27984 37266 
4863 18
15612 99373 21759 62723 45776 99144 14433 84737 45500 23304 95228 2632 46266 88676 7020 16770 83980 79209 
479 11
65438 31568 15780 13011 90023 95650 77731 9176 95716 4191 15992 
7555 11
80645 59433 9913 34991 98853 49271 33388 28735 93960 62262 31057 
1302 18
59592 80925 70175 33320 30149 87842 10070 11106 80549 36161 64725 77959 52201 60380 10683 80169 86249 44582 
9373 16
8126 11392 75104 63585 38801 86777 26149 12790 47709 43687 30136 71619 14100 54309 8685 42278 
3580 17
15914 26308 68291 74033 43312 88651 94672 7837 33000 12403 58325 29107 47553 93285 84211 24670 22381 
5002 11
23352 31469 26815 79017 56284 79583 4951 10707 62072 18834 74901 
3938 11
83826 75092 43547 68684 92820 70893 38662 16110 59885 37595 12180 
1274 17
54462 78981 66288 23872 83511 48214 60824 93789 61181 82843 76576 41491 43074 4021 27435 71581 65240 
3632 11
42140 34962 73286 56974 60329 55839 64088 31648 94062 46997 91017 
3216 7
81216 74598 20333 14944 79179 72361 66583 
9918 10
63551 71772 47523 14457 27484 83949 61821 79933 49584 31825 
4460 17
76084 82131 56836 43208 51201 95798 36327 54694 35789 42973 12804 69675 21702 98425 25169 8319 96436 
1427 11
16915 98986 40047 8827 56741 82504 7576 36020 86916 75006 87619 
886 19
58244 96329 56359 50608 1077 95729 59837 74639 99355 73724 39817 22617 46596 82062 99704 8700 31949 18089 87083 
3593 13
28053 47659 34994 54417 67321 86790 43069 93767 97806 43298 25849 63730 56321 
6633 18
3560 97717 48990 66888 63971 78792 28747 27148 23120 50672 7343 13722 4861 71810 38820 91131 46796 69673 
6541 16
44691 68842 4944 163 39887 77811 85907 56695 45221 96216 87112 90349 25167 18141 71626 60893 
3954 17
19488 82309 60846 65040 65492 41916 73802 89107 34879 72792 29964 5135 26948 53931 90743 73483 41484 
7368 10
56298 83691 14375 91433 40763 15296 10925 11093 18208 67270 
6794 10
58079 64947 20271 22895 94962 13622 61900 3069 23957 60680 
1874 14
88265 6524 46601 39683 16826 12569 87458 67362 10693 33390 15509 58190 71871 72639 
1453 20
17714 25123 54983 15385 56190 28208 24651 38811 66733 39332 49749 74243 1339 59341 61255 12015 70749 68226 51412 22832 
5830 18
60649 78489 12702 23539 13259 72476 72903 38494 66515 78890 24291 6634 69900 66499 72095 48468 88894 19095 
5387 18
92732 173 31591 96791 18480 63514 9852 79307 55447 82531 28799 7927 73041 7167 55566 367 59020 41478 
8887 17
19827 12560 89506 96383 42539 41297 74971 45450 67211 80223 73556 63045 69321 19482 26988 87881 6956 
1161 10
41509 24904 17614 57095 31630 50715 83258 35684 47289 6615 
444 16
3077 53963 55257 1892 41619 80636 50386 46666 84956 31693 33829 47918 75863 21992 25777 94801 
4145 20
97083 92108 70297 41819 42562 63541 17872 81685 31357 74187 27858 17431 94869 40349 15333 582 85829 46297 47120 74678 
1351 11
89302 21165 47154 31055 36187 28930 19843 91501 59813 2942 36129 
3708 18
42834 52573 91748 83868 41962 26006 91434 9115 79985 62570 80897 70739 68448 20149 90844 70782 34595 58657 
2959 17
10966 79181 53266 24428 59342 78222 95288 7950 45449 90280 34390 37926 52099 87495 47127 93502 50771 
4367 15
17724 83811 27337 8973 83027 16329 55056 17410 44992 69318 72896 65627 92503 87161 62775 
2731 14
40647 29909 66571 86934 95506 34970 80896 26107 26358 27455 94610 150 83470 64858 
2126 19
91307 15433 24695 2994 83515 37437 39045 39158 5152 33272 46775 80042 18221 79908 75921 92653 6266 16653 14772 
4112 16
572 27645 65305 35584 7423 49884 67144 30218 88453 95395 72854 20577 8516 8967 46917 13957 
2023 19
44072 19183 89505 14117 4709 71120 68558 68773 25754 65288 65821 32472 29948 80121 3966 64230 17888 96004 16809 
9128 13
20291 77778 14032 6199 22056 76510 59735 41170 48531 90595 43449 88368 66290 
7533 17
22825 20309 49380 50358 12511 37097 32632 52756 46742 54296 70435 43745 69426 43403 61163 87845 45926 
1394 17
2359 1096 11683 81438 88850 66090 54932 77041 94512 15424 31292 5295 39712 62801 15102 24054 63950 
6493 9
18975 82563 75107 88148 56683 17080 92547 95151 24233 
1504 18
89495 53279 27272 73289 60114 6788 33029 55493 5201 87612 81801 76629 36228 10783 25159 95023 12996 39026 
1209 18
13140 2502 46711 26356 67727 38583 28900 74452 82260 80743 86065 67779 57637 42770 91337 38776 90164 15166 
5833 16
36749 92834 79243 18789 20500 87141 95441 474 7966 88336 56234 78707 59226 31143 36829 35847 
4294 16
28259 3732 24074 7179 94992 70777 84844 69477 97694 42612 36302 6940 71949 56474 75213 82569 
6367 17
89772 95063 18716 68008 74113 41361 7512 51554 12701 4513 55679 51998 59315 55688 4138 46085 85339 
6609 17
80532 62769 26726 22173 78614 73426 64281 69910 20546 84281 76612 8037 44884 34525 91760 17782 6635 
3771 14
25515 37818 50067 29084 52795 91814 76040 68262 88728 61793 82940 36790 17287 84474 
854 18
41186 99670 68050 46127 41059 92231 24645 70000 20317 81781 38894 59807 59064 78498 30572 5310 95779 59377 
3788 17
54384 94356 98751 89413 67305 54710 91594 18810 99265 20704 45294 89924 4613 26619 94641 79613 35027 
4933 18
20954 94648 26933 67725 92209 14509 23819 26349 8786 23748 79794 84850 20475 12876 1839 17651 79686 38428 
6497 17
84139 80218 4320 39819 45431 52642 33968 39310 58460 25232 59139 41187 10431 91704 791 91970 54968 
3737 15
43158 47737 85327 59688 21489 49181 88312 12565 21407 70424 43515 68991 84845 12217 59149 
9962 18
61263 96903 32814 59462 75876 58369 94676 94146 84389 57707 73156 16559 29450 93742 27352 39096 23354 65389 
3504 19
2931 86256 2227 32051 24848 6111 22243 19368 35977 23888 43294 19191 61649 81395 55495 58138 37019 49790 15406 
752 12
12133 28446 16350 93744 18064 70551 31700 39254 81483 26416 43031 91548 
9550 19
13768 16900 62462 78565 42609 41342 7589 65218 72705 8236 4066 1235 72989 77601 55522 24547 62549 96624 94058 
9755 15
18508 95345 11163 79838 84657 51101 21292 1295 34112 78306 81960 41092 1971 35419 22760 
7104 15
6640 86511 88759 92978 52594 11303 54403 2984 50761 31313 13281 61556 72320 71194 26014 
3199 10
31616 50556 39943 55105 30461 88395 11593 2875 68187 98845 
6142 18
96172 67154 66960 4260 50789 9233 58994 83565 5618 32804 93663 24029 28300 65056 34822 13480 73522 83010 
9656 17
69692 40244 29505 67639 60770 67172 70693 5714 77205 46988 84892 41026 28586 1713 52553 74266 58660 
6441 15
69323 30909 78139 89384 5683 2647 32392 48752 68267 88836 85948 74361 34475 25434 72742 
7975 18
72722 24213 52789 83556 61299 25559 98766 37579 3073 40404 62832 9242 59175 69390 34605 70037 5211 36179 
5331 17
20629 92488 92308 10877 13676 96405 95007 70113 69643 33983 3955 4122 46233 71101 64448 27177 83820 
1537 18
83836 48693 12074 77438 74527 42729 97801 10681 61374 87307 37321 69114 17099 72268 54007 2729 6451 86409 
3546 10
83879 46983 76616 55898 55536 92353 84271 46114 29226 46370 
2052 17
51552 9028 23868 35474 24808 47943 81526 9021 17373 19915 79375 67046 41650 90795 23671 4242 3675 
7575 15
67566 43509 79454 43121 81317 53525 60496 80057 14517 96630 31529 11851 99998 56723 57733 
1525 17
27961 60421 53366 24060 42323 16791 93090 88997 91112 59789 73558 22667 9352 84745 94367 95293 9687 
3147 18
95666 38394 44216 68113 53785 14779 10737 33718 58389 16008 2318 65986 86080 19203 86918 49251 66151 13856 
7167 18
3379 32331 47408 68814 40069 14696 13628 29985 68796 38461 32397 53254 86626 11057 47604 54348 39117 36703 
5337 15
35646 73977 64465 76649 64741 78638 44852 25542 89207 91595 62762 39789 85424 83241 24497 
136 19
59229 89139 44802 13761 40032 91654 56992 80739 30890 62274 59705 58009 96918 71630 26421 98607 43787 13762 82340 
7424 17
80275 96478 99679 21074 79582 32507 99761 32975 35913 93336 68365 40705 37115 66877 58581 31399 87547 
5871 20
20509 97376 60195 91276 52472 74943 59699 35879 89828 81484 37162 73504 281 86954 585 37461 25723 71203 49451 24136 
3342 11
72979 65979 39507 52081 84123 4931 49654 44990 9122 9498 96178 
6423 17
6832 18339 40246 95350 95909 60935 7116 51462 64766 77451 59936 10228 83681 23991 28524 9657 29438 
1553 18
21370 69645 1360 342 30234 69349 60459 2859 96651 19105 54830 68934 66173 40468 422 50422 93628 30699 
3313 18
15087 29810 39101 78315 27001 16056 55400 69247 61534 27145 76838 97791 29372 86764 13500 54001 15393 12670 
8449 13
14558 20646 45138 28274 80146 39740 8130 1067 63841 79160 6551 88496 18333 
9223 20
79117 19206 99925 16943 82751 60316 51677 91989 21969 76369 49304 8897 91480 65124 4591 65671 13571 65343 97985 39553 
9460 12
2404 22338 72555 66906 87693 87181 10043 3868 19632 60724 27752 43007 
8973 17
76599 8089 94822 80592 18526 72550 35726 20203 75414 54002 42555 6258 65888 82094 3804 16911 103 
3761 19
11607 51684 32960 63048 9296 97569 41286 36152 58738 39340 55676 68579 6914 69288 68646 88316 89142 95687 18111 
1785 18
75745 13637 3713 71438 25081 83641 89629 20710 28923 72860 2644 8805 70753 65211 35779 23543 4612 67301 
8984 17
97532 63146 74661 29022 69829 27151 52831 69578 48797 4737 66188 9453 95310 91919 55067 17908 57582 
4704 10
88817 45187 66137 47679 79826 96939 11965 53376 46492 14343 
7875 10
1899 27527 66772 94447 42940 9257 19248 31130 57116 27280 
3334 17
70502 52459 66019 8390 3390 74193 78535 25209 1165 72123 87949 95596 9662 86180 28291 49268 18424 
1815 17
39778 46231 11472 77584 53452 93261 73409 66241 96408 32932 62223 72567 19271 20432 52911 7803 36287 
4750 19
54443 58125 83605 96351 27589 65542 37091 59189 38488 12153 20032 37214 36626 68822 89323 5762 88763 42356 71773 
2047 16
31450 16869 65400 85450 81296 28650 75276 7932 37522 5708 956 44463 19298 94556 29083 10296 
6084 17
49700 80020 41715 91466 40142 69840 83085 81884 21830 70603 29120 5947 24662 75328 34816 26978 82735 
7038 14
61179 99644 64379 87874 80352 22970 34793 74706 3068 11272 70019 43484 16268 19777 
2868 16
97267 93229 13782 28241 26426 62894 50956 82584 77889 13959 58064 64559 74618 68021 16062 97707 
8482 17
70288 96977 78597 73754 63112 35307 57165 81431 79819 37324 61594 84574 47033 48488 80066 56376 15793 
751 13
51453 91075 29854 5449 33695 18471 15535 59538 74094 59492 94239 41058 15713 
8053 17
60080 35471 67107 74032 91128 34645 4725 39178 16834 77052 48913 64663 59117 90371 63201 85937 86779 
9523 18
15103 8121 43052 61699 22045 83933 28505 19986 83295 85501 4092 78621 10946 43352 93787 27261 64733 87532 
917 10
97211 85545 29121 38274 99771 3449 59516 44084 33126 60729 
2373 17
92511 95985 99184 91996 57460 60194 42763 81065 90410 29834 80114 79075 60599 80700 90475 33766 2562 
7786 18
17896 28405 35502 53760 15505 38905 39415 79747 49193 95619 54098 25158 1248 58615 76788 98713 41312 30416 
949 17
85340 66774 85625 99103 51721 16433 81237 96095 35429 22710 46937 27370 44036 8189 75318 86022 83829 
2541 17
96147 57554 79040 25662 73929 12444 32094 41831 12038 54239 98796 43459 29965 19302 59039 14967 5197 
5313 14
18388 9801 53210 80434 74021 81844 69937 25944 84725 25581 145 82066 50286 20380 
2919 15
66105 2194 92778 54171 36953 45296 26334 22402 832 36354 22673 86866 41339 43217 43173 
7281 18
4425 53518 35664 83800 8971 20628 33026 12771 39968 64213 88047 87511 27077 15340 74003 3009 92440 26693 
5495 18
25638 36969 10996 98486 4225 20545 26156 42819 81251 38441 67932 12806 30753 72216 52963 75415 97860 72012 
6995 17
65061 28301 95925 7997 82356 31004 79584 44045 59001 88527 91388 64793 19352 36061 59224 31952 10252 
4970 16
54697 16374 93042 92407 1884 64532 86094 25864 65783 50590 66749 22227 78106 23565 78365 29620 
2714 13
88095 16027 243 38324 20559 61915 26672 18199 88007 77069 4870 1865 52974 
6313 10
31659 43265 78987 82829 67578 11942 40845 71033 55835 87162 
141 10
61373 37098 52135 42032 33554 84401 11061 1616 27534 21027 
2100 18
35894 83379 59515 79502 53743 8045 35427 46250 81719 71192 30916 5865 23256 97726 54872 54967 94917 61905 
8976 18
99108 935 11277 89239 74851 53060 12849 78872 73120 10516 7834 3108 64180 33228 82073 43847 99779 6077 
6215 16
17113 4949 29973 23386 11421 16553 94148 52762 4744 24129 56408 67089 94517 45216 49415 96662 
1726 19
75490 73610 75996 84172 63258 28478 43904 5840 65232 28713 16183 96499 3281 47647 20072 68987 39951 18466 58299 
1737 15
11483 75184 75599 7055 24216 41108 1912 35667 75169 18610 63090 39513 74518 28258 7610 
1215 17
11905 72463 66450 93761 76553 72157 32697 74238 38052 92420 38005 31267 67496 78323 3191 28288 87296 
5707 17
77110 55450 94206 85162 64178 76052 46879 82908 45800 24447 88993 1421 29307 52522 69918 49598 10591 
5370 18
81893 55462 17146 86901 26596 23049 87603 92455 1512 1905 57716 35111 47155 96547 75474 96929 84439 51241 
7663 19
27279 46485 58342 82678 82013 10202 52184 11499 6206 65101 53745 42858 34679 97141 87819 34881 32816 30796 13453 
3439 14
64887 62989 42178 39392 97960 31612 47501 38761 47302 55859 82258 10234 75470 91591 
3837 16
77213 22974 98230 9470 81538 27601 62685 1730 64520 91342 77605 89564 48163 64117 76390 25504 
2079 17
81842 82091 87837 87813 10174 9323 47464 49627 13037 60294 65350 96654 24382 72866 87657 49369 22275 
4646 16
64540 30050 57217 74853 87555 47445 36223 73883 61007 99991 61592 21572 37218 89958 94651 52237 
1807 17
7847 92886 89163 86753 77216 55560 8010 93474 63275 97929 94259 60598 88738 48294 88360 49334 90073 
255 16
39570 82915 46524 80009 5944 79059 79133 94892 61948 28377 34142 18475 53204 60046 94936 65354 
3629 17
21168 5750 51851 72472 64501 66715 5300 6044 12758 93128 99147 68531 4753 16242 789 26714 24513 
3435 18
40744 63873 88635 68538 65899 50797 94982 15999 91562 92450 71378 22634 87263 45946 65026 78060 50652 98917 
9744 18
67430 25851 52079 6025 74301 1606 98560 61474 70085 60736 39222 76401 62339 4325 54079 96031 85878 12058 
4550 17
61058 59736 40124 99066 36315 63824 81175 24733 20036 72087 24544 8255 91085 92481 48410 1788 75654 
667 10
6535 49708 28636 65505 84084 1529 6330 76211 6328 85898 
2900 12
63775 64218 51805 28661 71673 15207 47321 5624 8159 314 21725 42158 
2754 16
98693 4700 71756 52108 65435 63882 64367 86571 60594 64036 51675 69218 81834 65303 35310 47424 
7404 15
52462 33973 12349 29744 66185 41564 89545 42065 30082 30479 63607 74386 79959 76466 1300 
1318 19
30334 99962 14868 53550 80494 57100 10334 95654 98679 61901 55870 81761 31460 29097 44748 97398 33648 49411 82763 
7763 18
19066 68755 12655 21690 5361 4436 95717 18194 14149 22963 24817 24533 16058 95144 95513 70401 21400 72077 
1137 15
94733 49198 52467 23843 73122 32799 15617 53183 49964 181 41013 38498 89486 75813 86110 
9007 20
81262 60182 80618 14445 4163 59658 12347 43561 14134 20795 44806 20561 29593 80807 92554 35901 95500 83338 84699 5882 
7290 13
40944 70151 44016 82550 44059 33845 55529 29914 9800 25441 82954 91738 12415 
9927 10
15046 62049 62499 74206 25242 6861 6495 87095 75180 79254 
2798 17
62930 13972 5547 55073 74714 25320 24639 58337 28463 39151 96876 7485 79291 3363 51701 2298 36023 
4134 11
51236 94628 32660 20179 92683 50719 99695 31823 96714 65192 83069 
1438 18
68407 23290 2534 81831 97390 71586 70205 12833 1026 57769 42181 28131 8610 93989 4492 78128 10044 65681 
6517 13
94997 68098 54157 30237 48405 15326 21435 96553 69713 56846 99325 82125 47637 
3889 17
96883 88838 52778 89650 89230 26768 57568 75642 46887 62618 89417 3376 89443 35563 75888 35015 44863 
7293 13
12574 14667 70986 49312 51647 3704 36429 49885 14763 57054 73884 13465 44087 
6754 12
48874 16462 73946 69574 57188 6136 64971 54195 47046 9716 60674 38055 
7491 17
32661 60681 24104 14389 29611 39743 67568 89044 70505 75423 25513 39338 6316 43424 48935 8221 69142 
555 15
28172 79265 57518 37310 22635 29340 29929 11256 35007 81758 83947 13054 26049 52206 52560 
