767
7984 19
44930 27980 6981 57104 7690 38861 57279 91557 40900 55615 78896 88120 97991 96995 83098 98660 59248 60574 56008 
7709 19
99195 24499 28069 69407 9816 71892 58854 6194 78733 23021 56021 67654 91415 53259 88615 70512 80735 37972 17174 
7330 19
64336 99326 62727 36096 62179 2640 28662 43214 1405 1190 50827 67048 73596 7272 46124 98435 93978 49032 82553 
417 20
1989 6910 94957 53611 54617 35858 275 15324 96586 66048 10368 24763 99685 93582 60189 47041 23860 42052 67351 95889 
2977 13
55942 3911 26975 15505 5806 59016 22277 93384 51874 12353 17198 1255 2309 
1985 20
21711 53075 17474 61947 55034 21684 79703 44967 75766 36762 12654 85728 46771 50199 52897 15175 71188 21898 72046 77460 
627 20
74570 6016 49106 41993 94802 39432 20137 76493 13907 46427 61874 92874 60226 60962 18989 17668 47618 75802 52170 38799 
8696 20
35619 45104 44776 86267 17085 89554 3876 87902 38304 24855 77630 82092 78115 2284 82577 94634 66416 42488 5076 65791 
4074 20
2184 22232 75565 60749 95481 92803 66165 33235 7282 15039 47160 87003 95431 39999 40629 87243 71391 99133 31062 87114 
5724 19
83428 63547 24578 72830 21401 8025 43701 12844 3319 16663 13122 89956 53478 4331 91251 9003 93722 19536 64761 
1844 17
95886 84941 6335 67733 28593 32769 92028 98585 47525 3226 20577 82730 22883 69508 67700 54363 19179 
6821 20
34765 13254 40424 1631 64475 6120 40734 65710 47392 99232 53296 74059 38721 85849 36401 82842 95339 30421 2614 93884 
3854 18
2245 69562 45850 6534 36681 23466 80787 84046 23882 76913 94929 20817 92790 32246 28893 28622 27739 34562 
6871 20
40071 599 47629 87851 67662 31515 12282 59306 42836 75548 36149 80127 74615 74736 16615 59246 66013 21581 39044 13601 
1949 20
24096 18968 71256 82966 98832 52845 2883 63589 5658 7767 96757 99572 99686 77607 75188 21318 29512 46254 41367 1416 
9829 19
56041 83501 86822 88487 64120 77453 20136 75869 3990 47730 21391 97558 32779 67231 1070 11205 47315 51779 70861 
661 20
48941 87312 32402 83190 46618 77606 50977 25973 15297 26557 49350 31489 55860 41272 44823 15973 86001 9112 5110 66405 
8505 19
51950 91543 75626 82264 70781 63958 99498 40259 80284 10869 86182 35399 62215 4848 44883 68405 68816 53693 64527 
2737 19
1780 35484 13839 78710 64827 77444 89450 43703 40330 46156 3905 80130 33748 31512 9560 3325 25708 87118 78758 
2044 20
29958 39554 69029 71861 27066 89068 25945 63471 64546 92294 79761 7230 69976 59429 90947 34336 2766 73699 63723 84863 
6644 20
89990 62465 5281 47332 52990 87633 79918 60249 35676 34217 91504 2164 10816 32722 59710 43182 39066 67532 73905 34688 
349 20
83215 64201 17897 92378 49971 45706 10212 55168 56492 71808 20469 87536 18167 97265 39545 93253 59352 73350 99807 34171 
6235 20
54675 98310 2510 89751 51514 33564 21213 14188 78483 27975 20599 23126 10813 67868 16201 74048 89434 85956 44347 43368 
8384 20
29310 76168 27699 71023 90223 79781 84313 24067 67329 15212 84933 67804 45614 54344 4986 37923 69826 34713 81966 89482 
3953 18
5704 78057 66720 51407 54495 88667 95826 11603 32155 95955 64015 64680 38261 15550 80813 28280 19290 8169 
2732 14
98643 96872 34513 60437 17453 48868 58308 55683 61549 12612 45352 30026 16158 32601 
7358 19
8226 41726 81897 46729 65508 65619 36550 63957 45114 59605 34271 81543 47834 46203 30585 67570 34122 51487 88944 
4041 19
36209 67203 36335 61332 7519 42016 39959 18840 8987 96657 94230 1697 60264 29633 30664 48152 79585 5935 58815 
5339 19
74857 8649 63380 97317 93773 61805 72427 57668 56296 82022 11166 58639 40789 57166 68007 42866 21895 58878 12125 
8181 19
82963 39996 15098 76450 45999 80560 83126 49564 56979 34337 7259 52171 23141 74272 59532 29408 37489 56597 40430 
4871 20
920 12492 79041 29616 52743 42134 10014 2030 11543 55914 58146 68337 17652 50357 83073 18945 98377 17164 66996 72701 
4758 18
41803 61417 26076 4552 94218 63986 71749 2686 74497 91216 54287 2051 92408 33654 24709 23928 99010 84347 
6550 19
94970 97138 10051 35700 31067 49892 65313 11530 97857 7958 93066 63103 12759 33058 80912 57286 85050 57527 16395 
6979 19
89839 41474 32591 40294 57859 71799 71246 93347 41412 21211 30325 25493 15498 8991 43631 3425 18600 22906 76206 
5020 12
72364 56306 61717 28296 24078 84053 23908 97385 71679 34753 70976 11335 
7072 19
23190 95736 17708 39286 3659 96718 60880 95521 23931 52746 26289 80706 73842 28666 14344 90714 96889 97556 72820 
5523 19
74547 82572 20012 37009 89131 33580 80571 36834 40020 44354 48363 65454 67081 31078 64293 17531 95018 31675 18711 
2919 18
66105 2194 92778 54171 36953 45296 26334 37464 81202 22402 832 36354 22673 86866 41339 35907 43217 43173 
5390 20
1629 26973 91957 41659 46059 96555 76674 98409 37734 9937 80485 5053 65140 61675 83944 32506 75021 41223 6763 41258 
9447 20
38493 70663 38593 673 76262 410 89681 38320 34612 76725 33653 90735 98621 61857 42871 20351 83518 38150 14339 63821 
8738 17
34438 20614 68221 1081 46844 42857 89237 2052 92795 33701 88550 485 69069 47390 10840 36519 41936 
6588 20
60125 88210 19537 75995 48982 50826 49067 50809 7618 42352 66794 98341 1988 82960 38766 2159 75758 47631 37636 36766 
2882 12
16292 6626 34082 78934 24478 34255 48828 54090 7897 83698 130 65860 
1356 19
83283 52190 15920 73445 49706 77787 89796 40507 61543 74453 1718 98328 70779 66975 63860 57786 7850 74656 13975 
6063 20
54575 67622 67848 78200 9552 95598 41516 96428 79788 1266 85987 48962 51504 36058 66962 28199 5828 91877 9218 50947 
1045 20
17105 25087 20595 95978 77344 63622 90560 21886 41485 54028 20566 44114 43439 87873 56316 91949 29992 39892 38313 49560 
7819 20
47416 71839 45905 88097 42215 89224 58796 8183 21414 86747 20549 60221 53006 39170 32704 86604 1367 37514 58040 85469 
9855 20
60258 74200 83257 45533 55738 34698 84226 89198 14014 94033 64392 21342 79077 31629 2999 56073 18568 51479 24583 69233 
29 18
93750 80532 77682 66311 68449 12708 33042 69361 80009 55674 33336 68691 77350 99675 97733 50056 23600 69534 
92 10
73669 87154 33545 20672 9131 37274 57354 42710 23932 76538 
4986 16
52927 66917 22541 36753 44980 54419 25224 40099 6363 99737 20097 1414 40128 63605 3255 82988 
7833 20
48921 80729 81100 15040 75439 28263 13413 27970 6455 13335 25955 76171 17284 55296 951 77924 65603 82706 28929 96292 
8691 20
48126 46058 1012 33992 55052 80049 35565 87419 18437 15480 78477 20152 50247 78715 55714 29434 85175 15371 11153 59290 
3428 19
612 47401 28439 69864 36727 51354 44929 88298 49856 97430 49358 71379 56796 25787 94797 87468 63123 39161 61709 
2440 12
36019 32503 17250 95621 29022 52280 48961 273 51054 38466 44569 95859 
5765 12
68457 4691 88576 21176 65957 54227 37791 66855 89199 15756 6430 86956 
2590 20
59603 58315 54953 97615 34053 43951 70859 83513 78111 45635 29997 37688 5742 48875 24522 45069 66541 90452 42927 81087 
2610 20
1382 65479 61304 49113 77032 39325 48043 89240 66708 4174 7820 74761 25060 53356 30494 52297 11071 10458 48745 71113 
8917 14
32911 3456 38007 42526 18745 65614 10177 14901 40941 61097 22365 60134 39083 6604 
650 13
88226 4701 26135 68353 59551 50898 68345 60100 18275 44740 61008 33694 78383 
1668 18
80410 44718 9362 24030 55783 58743 88494 67446 45921 46296 40392 71723 97548 21420 77215 17657 54122 77181 
3938 12
83826 75092 43547 68684 20791 92820 70893 38662 16110 59885 37595 12180 
9013 20
64716 79910 88859 28809 63012 56101 23750 45327 41657 52400 75957 97195 33431 73728 64041 46927 56551 49605 47364 92583 
6897 19
56907 95402 83304 28038 71074 14860 10856 3932 87937 54263 6564 43423 14925 48793 75602 16476 73295 54084 37550 
6313 12
93797 31659 43265 78987 82829 28797 67578 11942 40845 71033 55835 87162 
3277 18
23432 19826 67204 68496 60395 39549 39314 30216 39191 18635 96648 94314 4816 32672 13431 18984 15674 29145 
5771 18
86501 33122 1209 24242 99914 72219 64988 59863 66534 3612 93974 75809 79899 54432 93188 49265 33987 61655 
8530 20
11503 81373 87719 5892 26138 53582 59089 88957 32631 2304 20859 16064 42760 19448 98024 99723 22968 96213 27044 82458 
220 19
80199 58268 37332 69313 53737 15813 42679 16920 19587 51537 813 17440 92984 90127 48577 79410 27476 33342 18369 
667 15
6535 49708 28636 42870 65505 84084 1529 37390 6330 92353 76211 6328 4430 42355 85898 
1201 20
78818 16196 58677 48464 28933 91106 33588 99331 63192 4850 34078 8851 93111 8585 6471 84256 26759 66837 33482 99899 
8005 19
66483 43568 69565 63014 54867 7518 80374 38757 58998 22715 2171 98798 11769 59779 50403 63729 75201 44049 71358 
248 17
84520 45880 42673 9102 63932 7283 42868 33656 4364 21590 71460 10590 14983 41047 41711 31765 99836 
9002 20
62316 12124 91892 37414 52024 13716 74681 58943 86336 39863 99659 57226 2591 14234 49905 77985 31122 42901 16782 34020 
2664 19
52093 54995 84514 69525 70202 65434 57718 47150 73448 47589 80596 57976 96111 31295 73485 91693 60287 30059 39531 
3483 19
90279 42098 11010 87119 51336 82304 72828 94901 909 87024 94004 37523 30642 18848 91934 88637 38455 69536 1098 
2939 19
15294 83578 71221 60020 34818 48044 49061 44832 86735 92297 94255 58811 21792 20079 38351 45175 11719 82135 43139 
8758 17
13373 66675 45583 57507 17985 77120 18403 74958 51760 95727 5445 88026 60299 49244 24925 68057 36492 
1618 20
30016 59773 98289 41190 34808 30245 87687 19733 97250 2216 37148 89628 52505 39408 59552 81907 27330 43601 36 16210 
8969 18
69672 4302 21451 46138 81901 77044 66073 17998 32241 81980 28677 35926 88480 11054 34427 25072 75262 92425 
6262 20
93060 77843 70207 36002 73243 89241 98920 95424 65048 26480 31805 94372 31089 90285 15210 67794 69858 27910 79897 46852 
8056 13
31110 63827 35890 3561 75487 45770 24457 19817 87430 34361 17128 96476 28167 
6134 20
88845 8314 20223 28511 59575 15130 15983 16441 83989 14464 46847 72197 54442 58272 21341 84770 53746 3 93362 17304 
2394 19
47576 34607 94214 40639 96142 36757 83514 1998 63799 25967 43263 95029 73569 6758 20575 12871 36193 9796 29201 
6241 18
40462 36531 42960 25240 54471 21600 74814 40351 66575 48146 12416 61451 13562 66639 98014 31889 86442 88617 
438 18
66969 35391 83889 99274 35054 32649 42082 80223 11330 66175 69232 60434 89610 38629 79345 26861 63712 27092 
9927 12
15046 62049 62499 74206 79480 25242 30544 6861 6495 87095 75180 79254 
1743 20
65475 29366 24269 20821 94296 50750 23621 23004 11480 12591 89597 50948 87627 76602 9692 68503 34912 12481 80002 24247 
2297 17
32352 98491 19238 67018 61759 74118 54343 20451 72402 48161 5511 6718 42504 70960 26037 34902 44219 
2359 15
9508 55889 14067 60259 78319 30503 98686 63497 83803 19053 20678 28632 12451 52615 85810 
7075 17
99835 92121 86304 80133 37195 2387 66289 27107 91201 71055 29624 88983 17920 52111 92755 69741 753 
5952 20
17991 1899 22646 30609 75597 51011 65163 76298 54206 78011 84164 77966 36215 18374 69092 6659 77573 51829 26553 50889 
6253 18
51545 43682 10342 66108 98355 77863 34810 71436 51490 43797 83025 25956 9713 56995 98882 51496 1822 96307 
1537 20
83836 48693 12074 77438 74527 42729 97801 91907 10681 61374 87307 33275 37321 69114 17099 72268 54007 2729 6451 86409 
5917 20
95004 27465 26981 22198 49539 40222 10382 65539 61491 62847 67427 44745 61071 43678 84627 80670 78933 27251 75324 8769 
4717 18
56201 65413 2654 29078 36568 51880 86264 68665 67252 43891 61195 61563 81351 28190 26828 49956 12998 79767 
9092 14
27133 70866 56179 39395 52279 14736 59636 33002 43902 83350 4727 61446 50047 14305 
8050 16
68239 93694 18693 42059 37194 39647 50751 70363 63540 12728 24179 36105 88971 63265 3975 78373 
9294 18
42080 72711 16973 96726 23597 68640 97076 89243 7009 57516 37909 747 37479 48181 54341 87581 33522 57295 
3719 16
98025 81004 47367 34807 37449 80832 26483 7953 41713 74216 89283 90708 38987 23489 97039 94938 
9423 13
36085 22882 45286 49658 90895 87100 54992 5340 29518 73513 36838 23440 12736 
4398 16
29918 91995 59630 92429 75088 79383 6175 65777 59341 72267 1839 29501 58223 37258 81038 68863 
2174 18
92010 5145 69658 12767 5590 62158 47470 43276 30598 12926 34489 61096 79470 93320 34206 15093 76941 20768 
3967 15
45867 5029 98150 3934 81836 65345 82439 78523 89256 37267 58643 16002 78743 37839 9551 
9101 18
6785 64819 86821 19066 58552 77147 37049 50232 82354 48757 81259 29575 21606 68857 10730 45693 53852 72384 
2830 20
73779 43765 27169 2816 85802 50999 24754 93477 11521 52506 81508 66058 69904 17347 2023 22923 62515 74125 3571 65030 
5348 17
2519 30289 22038 37958 21795 27669 16521 30371 60666 44592 63951 6144 42335 75228 92159 70428 9820 
9553 20
86467 60561 22616 44997 10375 33033 42722 21529 87340 15090 73449 95899 66104 22578 84565 78814 64309 81772 45017 323 
1551 16
57630 56068 37223 9404 57225 8504 4790 2684 68416 88606 44066 60973 34746 51535 41567 21609 
1349 18
28366 22375 94002 11511 19353 74174 82237 75381 17539 56202 42110 32056 50069 8164 86640 63894 44508 75694 
5607 17
87884 13976 52916 40859 1577 47916 93808 59715 1237 35592 99744 66512 1411 49891 2953 25977 86135 
1427 11
16915 98986 40047 8827 56741 82504 7576 36020 86916 75006 87619 
8728 18
71936 35203 33260 69082 65433 50050 87702 32405 56671 10134 74374 73194 74978 35881 72584 18116 81479 15654 
8912 19
36219 9206 5735 53735 31202 11771 61440 51355 23631 24608 57032 74752 48048 37555 69852 33840 67082 76800 51469 
4589 17
15019 60847 25544 63137 69690 96842 7474 16290 57543 85547 13094 68905 21652 37167 42443 35659 65364 
5134 14
91032 93992 97031 41345 78271 73307 68890 41570 6727 98153 79664 97582 10421 62796 
2115 20
57393 56546 631 52372 56731 70698 30329 99970 67550 40196 44940 50089 82299 3811 72783 62652 36470 54155 99988 28285 
5023 19
71227 57179 42712 75447 32205 66078 8667 54788 85676 13803 72850 31201 82184 73933 50887 5825 90649 87136 44869 
7327 16
97546 91198 10089 2444 66385 50738 80916 62968 5377 72011 85856 7209 89861 69788 23059 56397 
8279 11
63029 73237 11213 96414 98543 32039 43322 79437 63624 82502 24737 
8791 17
77912 7524 86695 7772 68515 10195 70762 58323 55805 40812 99958 73654 5851 95022 67079 27407 89708 
6760 18
58782 18940 39307 55649 84077 77028 92406 62767 98616 10514 85057 950 1126 76560 44692 65570 55458 52244 
9836 20
15151 78858 64956 79991 86374 32683 72558 92220 84746 85288 54368 65991 46523 10156 37094 34747 49563 32046 63244 93608 
3794 11
61049 77809 73939 2033 59590 20429 67482 64506 75484 90603 9590 
4951 18
60464 83976 54317 60946 17168 17051 47056 80866 4648 94786 99435 84586 28703 9077 81802 97325 58531 79988 
6342 18
92024 83420 56610 14438 78035 17891 21926 72245 32670 7859 54197 66637 69395 9810 92418 82294 55491 15146 
18 13
52395 75224 35169 98878 80302 64396 52255 56601 55842 73308 69057 29586 74997 
1737 18
11483 75184 75599 7055 24216 38352 41108 1912 35667 75169 18610 63090 10209 39513 96574 74518 28258 7610 
5345 19
860 89116 97852 15602 94530 98257 32964 24450 62392 72349 11138 17624 31374 36536 95436 90912 13629 30131 56301 
5171 20
16578 35832 10543 49129 52278 83485 98516 58294 59834 71222 53013 31258 22050 72825 72316 8111 32968 57161 30835 80163 
6213 19
63457 77424 10865 13393 29136 94635 72552 46054 82724 63817 51875 9811 64840 29045 32725 95472 58212 40932 82901 
7201 19
75421 1870 46664 33173 97303 98275 95419 7886 71207 2668 71365 81726 17893 5891 54759 23777 22662 76802 38846 
1760 10
5901 39132 49620 14830 22422 40929 58487 82880 46805 28953 
7021 16
8126 69638 66024 19902 71524 34954 71094 39880 15673 84776 65056 14586 93967 58903 78444 86633 
9027 15
30917 80014 57018 65839 672 33279 66363 7339 7881 32154 87363 96865 58873 65327 16771 
2943 19
89074 42824 10040 34734 14627 36728 35038 19155 56395 38998 44522 11954 4916 61497 68429 56722 48077 8051 90985 
1549 11
52239 47431 78457 39536 92602 36648 5245 52007 61854 98461 25013 
7175 12
66907 75263 28784 39305 23413 28230 17709 96386 68888 4082 14897 55577 
4193 12
82470 16068 8596 51587 29869 52011 58278 97482 99564 34675 49397 24403 
553 12
85293 24031 41198 4588 94079 17475 92964 68602 11263 86338 47859 14976 
6189 19
84448 29089 80523 60912 16253 99320 27544 57806 27676 72577 28025 73003 77413 55154 74773 38508 35114 35704 55709 
9367 15
49908 90301 10106 32324 43507 82428 36361 49525 23025 31744 69960 94991 55924 65640 19891 
2131 19
39127 40821 96117 58267 57250 32293 28303 63610 30118 96149 83882 5323 4950 49793 98680 60033 35568 99241 70660 
3548 11
40089 7620 43615 85798 98495 18494 15037 49240 69461 72581 62046 
7841 19
53855 51679 13603 47100 18316 24318 59880 91832 29602 29245 38953 73346 48987 34294 17413 32406 72893 40280 92195 
2235 19
18597 56327 81026 65586 75038 95174 47269 39343 91372 60651 71171 90978 91502 94805 19971 4980 34107 31664 24426 
1065 19
77947 91882 78289 87160 73016 93966 56400 54970 9015 76483 33295 36080 88148 59899 39346 28543 50281 9836 95946 
587 11
14665 73207 55872 43069 53810 56129 5159 79343 80208 89899 9451 
2006 13
94498 96323 16873 36998 3964 20664 88446 79411 27157 42790 96719 75657 42447 
820 16
17999 52153 81969 83119 30251 60338 8452 97361 27479 82097 26664 9376 44633 86250 44370 66360 
8149 10
16863 79950 87508 71560 59349 39297 11281 46288 42728 88199 
53 11
19871 45897 2478 60488 1061 70968 67042 56156 61098 42293 27198 
9847 20
40102 53569 49572 25360 83320 76930 96190 11764 81346 98774 83562 67470 90236 51583 34886 42249 31148 86436 37905 85170 
4828 19
19797 80928 94398 54907 45350 91043 18825 91838 30359 66981 28147 51609 80393 32776 41459 24202 44288 11114 21408 
122 10
89613 22078 37843 98090 47800 78834 12344 70053 13385 55902 
5311 19
88308 47594 27 85283 73422 52285 82953 37385 75001 71301 41168 81510 56186 66267 5980 26765 40337 31674 76763 
7989 15
22925 80808 6800 31099 46874 12877 34694 46347 25304 39418 86559 92114 95793 33147 4181 
5360 18
33065 91915 18325 82605 56937 43051 56856 69020 20246 20416 31018 55642 66546 76585 22487 1845 73095 59857 
7582 20
37525 88057 33158 82778 1809 91952 74381 20934 48702 16226 47879 71537 84906 57028 62470 21340 29878 47593 69696 77684 
3764 19
51167 60792 85103 69583 56429 71135 95518 6181 86064 75741 60695 26712 89748 84960 69806 33508 6290 76664 4642 
5604 19
88745 98615 83808 9978 26363 26512 42354 3229 21085 83291 89538 19539 63689 63423 74267 60539 98019 95456 75707 
2608 19
17701 94767 70583 49034 37863 80164 11918 79658 63594 86940 54742 36745 34119 56123 36770 99212 54180 46504 54120 
5851 20
8445 79965 3982 23556 21720 87530 56563 30381 12513 17291 95728 45502 85653 3163 21555 35601 99002 21719 50129 16980 
2983 19
39829 31792 73794 28723 53431 27751 62853 81344 79861 71482 90998 34677 63288 96094 41909 63461 86792 22581 10748 
4855 19
21275 49002 1671 85241 54726 96302 96900 61253 51015 44135 42704 60112 68090 48909 46226 50795 61824 74976 66955 
2380 12
11146 42369 37395 29106 12664 65802 90457 11550 83028 6118 96137 75099 
3216 10
81216 74598 74588 20333 21563 14944 79179 9436 72361 66583 
1653 17
37098 38343 94606 23427 57035 29400 94978 91818 93600 28095 28629 53375 28621 32573 13447 98634 85842 
9985 19
5474 86708 18118 352 81477 35989 4521 95315 81469 46976 43277 39791 57997 13262 94829 27065 44342 31641 71651 
9647 19
6639 93830 20992 36874 77077 22523 36307 29392 69201 25354 15121 35547 14951 3723 46419 25514 24037 95318 47109 
6772 13
95671 19919 86445 24112 75938 62509 23500 45113 88834 90050 95512 46842 68161 
293 16
89089 32085 1378 30919 15322 88008 35161 19233 74344 52805 98159 66807 21757 87656 46410 23028 
1154 20
76263 89411 4517 21593 94666 38244 68390 82830 33886 87964 22384 93107 44725 33249 28816 45281 78403 13341 36558 10939 
2468 18
67246 15132 59586 22455 50910 55111 6745 76499 71515 58641 82367 92160 64188 4270 97638 75860 44075 84408 
7630 15
2334 70287 37838 23548 58172 82939 86198 64382 60555 92006 1471 79061 20506 7311 47513 
1486 18
26716 11094 72111 40667 53225 78407 14278 72607 13851 18832 44282 5811 39766 65666 12250 79319 96225 96627 
7010 13
3374 50049 76342 73618 32844 36326 84419 76992 6527 88013 33506 7866 9494 
2510 12
36151 20151 88952 51299 90510 94567 68356 58544 39652 58393 19813 70989 
7731 18
74564 70586 71930 54980 31608 22107 6507 32855 36559 30295 4279 72130 52336 19993 53230 3217 89097 63158 
6976 20
81336 89056 92586 97336 11231 2163 56081 92699 97119 69510 89120 74902 32712 66507 34239 26150 60936 80822 64849 33516 
6493 8
18975 82563 75107 56683 17080 92547 95151 24233 
3525 18
60690 22992 53202 39839 33222 88124 26248 28338 90138 9648 72796 5122 89782 54655 97816 80204 11729 99793 
9951 19
30746 79279 99083 23612 51430 29724 93979 49895 98805 30497 64155 77165 50703 15113 59129 75166 50730 6896 83863 
7791 18
23942 27113 54133 35109 83007 41427 75810 87331 49959 81321 87958 48237 26638 84014 32187 91641 81874 93181 
6060 10
96346 93867 58658 33014 38156 82043 44028 9960 86675 2388 
7920 19
77123 7006 88474 39962 74158 73462 82750 9604 32889 99381 808 5772 13218 16447 22341 77008 12732 89857 42019 
7442 13
43972 88066 83475 51910 88608 2411 75666 7033 95694 18588 31144 60742 84007 
6202 14
35878 47571 3489 73534 70036 69527 37978 87037 92835 18657 81666 32439 26051 88430 
5687 15
57895 80350 56915 24711 77519 93903 11163 16767 99532 26971 12006 1309 40386 20019 82885 
7602 19
19354 16194 57756 55866 51179 92992 68971 35322 8564 73009 69532 35406 93420 84010 24569 66308 62940 46366 20107 
4705 17
37941 9691 19051 51664 92431 71928 26982 33664 24661 95102 66365 29112 15961 28939 58350 46654 27498 
2900 12
63775 64218 51805 28661 71673 15207 47321 5624 8159 314 21725 42158 
9108 14
67184 69876 97664 3767 2947 44442 42463 87785 10878 5784 14044 85237 45545 21047 
6636 15
42641 997 71874 5454 54092 97223 34089 1816 60066 95361 75695 47875 47982 88953 32592 
5789 17
54566 87405 50132 13429 62416 347 78124 30447 69491 15119 16737 31614 89758 61402 34964 5401 97026 
2928 16
97630 67282 16309 16159 18109 12157 57257 31414 15036 82132 50115 47749 63149 77931 83392 63521 
2824 12
55254 97295 55607 72587 97960 52131 46614 14508 10632 59793 87607 91273 
3406 18
22649 39556 28551 67680 2525 55139 82917 53507 3749 86556 77535 82683 84299 66604 2838 36740 33196 91345 
5933 11
95523 56989 57640 69265 52059 80946 73147 7410 98996 33213 67783 
8390 20
70232 32568 42303 48266 60519 49743 87760 1030 90866 56049 52167 83316 17788 27709 65036 18962 9561 93150 90497 44742 
6215 18
17113 4949 29973 23386 11421 16553 94148 52762 4744 24129 2140 14576 56408 67089 94517 45216 49415 96662 
6669 20
59832 96915 92111 3242 85781 83505 23109 99363 42918 67049 70627 38592 85615 76938 13095 35314 77258 1918 1889 1901 
2252 18
94128 20491 48674 43402 5275 98399 61904 98116 45813 45591 37181 66032 14864 12246 28909 54837 75086 6297 
4395 19
66605 93942 77725 91034 90725 91851 84928 93784 48010 82899 80554 14023 68609 78663 12772 94303 69050 97933 19596 
3134 18
34939 78031 35068 85767 57795 66699 51206 85527 76660 34373 24736 76719 79014 48041 56152 49408 57609 96407 
1478 19
29736 81910 56764 95287 31959 59763 21990 29280 16091 11030 70272 40915 94114 99281 44076 3165 94760 88154 16541 
7624 11
36908 74820 49741 45974 48802 40917 27731 6321 90492 660 83452 
3586 13
57227 71835 69041 69328 44102 40780 7837 5869 43105 15365 86665 74127 66498 
5551 20
2017 82686 16393 42531 49872 40140 25876 2528 46752 53504 96884 2612 12935 42489 29773 99068 69726 35382 61909 30948 
6446 20
26401 15900 97353 66792 68545 68205 46530 53448 69144 69387 36923 35735 27618 83774 98393 35871 99013 78839 10142 58291 
5388 8
31625 29262 22454 48235 16596 47577 68884 6239 
4963 18
99629 28048 34875 28802 47826 32355 21883 62023 61153 13355 21360 67334 36289 99191 39937 44372 31380 42460 
9751 17
30671 97787 77396 94983 86798 40731 68269 36902 6374 78043 81153 15698 12414 92385 68977 67431 16176 
255 17
39570 82915 5672 46524 5944 79059 79133 94892 61948 28377 34142 18475 53204 60046 1534 94936 65354 
7305 11
23444 89141 17735 27769 569 31000 71052 41276 95997 16103 80227 
7839 19
53652 80364 56161 24635 33866 99122 60653 74508 26812 94038 16484 25222 33645 66130 4628 13704 25682 99997 67734 
3622 19
17987 75569 4741 17060 24612 1945 95080 22725 73330 90636 57909 44900 89331 42567 76681 66237 80674 11707 12239 
1351 11
89302 21165 47154 31055 36187 28930 19843 91501 59813 2942 36129 
868 19
24532 71352 20414 52243 47902 44131 17941 98580 50525 50252 89428 42156 55200 38056 4267 19436 48775 26508 4022 
7438 19
92491 76815 43162 1137 35463 42865 51686 50938 85581 86426 68645 74677 29776 82920 7093 59314 89848 39760 60101 
9636 19
66300 13836 94382 22875 97065 45399 81091 8473 11817 26596 14039 3261 52435 85429 74739 7273 4076 27211 77358 
414 20
58203 57632 134 4391 35170 30257 13209 3857 11876 12491 43849 47195 82540 55000 67594 72431 98692 78367 75477 61099 
6782 20
69692 37178 58313 2356 94939 41134 22771 50684 71384 42706 10634 36522 1649 17917 92799 6926 74177 35177 86027 84072 
5352 18
88351 41030 17964 98738 59949 21095 25045 5795 90614 68770 2262 55325 97559 78988 34744 66857 59355 4535 
4386 20
55589 76411 81146 63486 27770 25605 55159 51559 8144 74910 53983 20278 58984 1441 41768 41057 51286 70149 2757 50686 
8839 18
73517 13780 11548 81713 62467 17418 61444 25692 80409 4964 15830 66404 30601 79479 48420 24954 25978 76776 
555 17
28172 79265 57518 37310 22635 29340 29929 67932 11256 35007 81758 83947 13054 26049 52206 52560 47424 
6924 19
71058 52515 321 21608 74778 914 11872 72342 79063 63846 85194 99091 17326 72444 35243 79444 74130 28224 437 
2991 17
80187 71546 18985 82300 90602 69656 35481 465 85266 16259 37044 60312 11897 37961 3424 5604 11800 
8931 19
44975 46470 5681 56908 78860 19568 95780 30542 85129 9389 68618 14462 48430 99045 14270 73278 51296 64479 79669 
5247 19
5047 13910 53541 10565 23711 53320 33596 92041 55085 6620 23472 79458 62844 8655 67210 38520 15195 94238 56996 
4320 19
22018 18150 77437 64836 72292 33109 38599 830 69719 23979 62707 6675 89483 1680 61953 42132 17619 48582 15289 
7380 20
49526 86398 35840 90981 91080 86337 77412 87971 28082 82460 93267 2230 12342 38921 64757 31465 37914 60172 60646 20947 
6423 18
6832 18339 40246 95350 95909 60935 7116 51462 64766 77451 59936 10228 83681 23991 28524 9657 92164 29438 
8628 14
92518 10086 58598 90841 31738 19720 47784 78777 44180 72673 70325 25297 63623 15373 
9291 18
61965 90997 18754 49163 31620 98661 55315 21108 85620 77294 70367 28135 26874 18872 43178 28222 6043 66701 
1730 19
23635 31005 29521 14125 33137 3985 92916 96830 39910 60663 19580 68670 72761 83809 62644 2446 61511 24367 14141 
180 20
22770 56086 52970 71005 98128 862 79716 3243 20863 72660 75870 84541 97815 53633 57753 65750 31588 87213 35394 54866 
7702 20
44431 44954 69145 29319 42188 22798 10293 23592 68778 77442 95141 8305 84473 89217 57316 45200 81986 9761 5790 129 
906 11
60103 51287 44052 11604 24241 36627 87150 2770 75208 73612 46263 
111 14
70445 1692 38153 55457 20320 15253 61427 1559 40466 79430 45472 8792 78382 97759 
3454 18
61351 98346 52330 32422 4898 19304 7321 31384 65309 65984 65362 84783 19732 34871 9148 65778 55062 68136 
6185 18
43886 10957 64503 26521 88182 94908 13777 85140 80553 39140 75533 1550 81670 50605 53631 4259 92901 49168 
7164 18
16300 88532 51927 46932 93598 11034 51026 11250 1665 26683 11969 92743 59655 89788 4667 15824 32675 43695 
1316 18
2024 8399 54062 76036 40854 47191 91966 42573 31724 11195 53426 67807 9602 16101 27652 88579 39821 16199 
9772 16
45682 10161 77264 41179 10639 18994 71956 39849 1331 12919 34725 70656 95372 90925 20394 63725 
7287 17
31985 75752 35972 9724 70999 91452 31373 51665 12943 47716 53773 35538 67875 18785 73935 41289 84244 
88 19
92257 9925 71517 64710 83567 26920 13921 16584 30039 87879 95943 28074 15842 42841 8235 85299 83687 16004 96717 
7278 18
45108 35900 35771 64332 48621 86081 52228 8948 16466 46903 64488 19675 22653 37699 68790 72239 39541 81138 
3597 18
30212 95110 43268 15572 44464 11413 10118 37962 76133 43181 26650 84345 90342 82493 12667 73670 55285 59146 
2548 18
32726 86711 57484 28728 32195 13294 33891 47803 86674 45656 74100 75343 94111 84796 4499 79523 27691 52917 
1268 18
47798 98037 17914 42468 30239 12045 85192 73816 97669 80268 17540 21854 6648 2779 99819 5787 37784 68325 
3799 12
88472 15914 61032 80779 15463 19530 11880 58789 51969 39530 10226 46694 
9733 15
39173 58005 38374 90923 55543 58337 16989 55530 14939 77857 25678 52738 73503 46377 4715 
1559 13
48838 83093 90715 51878 52328 13735 44809 57844 91615 49428 21448 94008 32310 
4380 17
20565 20263 82752 43103 66833 52213 38621 93492 44273 11324 61185 42963 18963 5229 46072 45042 21474 
8490 14
12447 70466 48919 72199 50163 75442 52199 82276 6067 6575 74268 5462 1738 11887 
5269 19
27223 38405 26048 5257 7929 39365 86823 9236 50139 24854 55893 61193 66959 41417 32970 34903 79595 84148 63780 
9218 10
71906 23172 41448 8590 70639 27311 24201 68963 89612 50339 
7937 20
32944 58431 48614 7517 78805 4329 81827 13847 48712 50105 34861 92731 97092 79984 74379 3015 12807 3518 12068 62239 
6698 20
52944 76220 93865 48694 89391 78589 29418 14519 16542 70031 61763 48976 48503 90165 20552 78901 78305 78708 49808 57357 
9373 17
11392 75104 63585 38801 86777 26149 12790 47709 4743 43687 67642 30136 71619 14100 54309 8685 42278 
3148 14
36813 23400 48541 32967 20102 41864 87563 95340 21022 69943 87166 23660 71769 63389 
9128 14
26264 20291 77778 14032 6199 22056 76510 59735 41170 48531 90595 43449 88368 66290 
1923 12
26537 71859 45187 98448 58861 85162 9757 51298 40123 778 33125 99277 
6603 15
97381 72164 55519 4878 52475 78897 14793 33966 32980 33322 63190 91856 29803 8443 59514 
8109 12
66840 10811 75268 5407 34450 42969 31540 23360 42782 59017 36052 52339 
752 15
12133 28446 16350 55619 93744 18064 61302 70551 31700 72792 39254 81483 26416 43031 91548 
1634 15
75776 5282 2981 36241 90605 69902 34392 18305 15323 87092 24468 48779 774 57740 42058 
4486 18
18005 32414 2710 98899 58740 32430 92910 85850 84361 15357 62927 89647 88634 7655 32746 64356 66033 3231 
2595 19
68600 24051 74434 65394 6211 14294 53077 47277 7402 43589 89403 20237 37988 99774 85163 21527 32210 56102 4574 
5591 18
24683 83878 26456 97283 88136 52095 81217 99839 51549 61275 50450 88878 58858 39808 8994 14661 91090 69509 
198 13
36870 79943 3333 11316 19029 46140 9872 42091 40934 37953 86139 64023 38878 
1397 18
17529 14265 45733 50055 56640 83582 1422 62582 13136 29597 11232 73566 80506 18788 92248 95221 66665 36689 
3877 13
56436 96445 78695 10917 99715 99109 63049 51413 73025 49300 93138 71269 15317 
3781 19
88523 18807 22066 57694 53516 23043 78560 79803 95159 60123 65990 20103 61465 41810 12040 62955 44084 89886 65909 
4059 10
95569 62569 88056 12229 19054 3166 23918 50230 86716 36425 
2872 19
46245 5565 77664 3029 53109 76796 10387 21967 71926 83886 9651 39893 93211 25658 79408 37800 50922 15290 5149 
8124 17
24203 91445 60124 17381 43674 16017 73964 63901 96909 47515 64953 77569 20796 74777 9262 69653 93906 
9566 10
52477 57624 65721 48216 76358 44518 60741 85657 3302 41865 
806 13
68168 71891 61355 43442 81762 91541 93536 43249 77280 59283 25022 2074 82846 
5114 10
51753 71274 19101 39537 64125 84008 21348 85069 17830 83395 
4138 19
7028 92204 45568 17444 74424 68663 55497 97831 57207 16048 41421 45495 34073 96595 37046 67693 59332 57000 6958 
5707 16
77110 55450 94206 64178 76052 46879 82908 45800 24447 88993 1421 29307 52522 69918 49598 10591 
9795 19
82816 40005 63213 20885 76529 21612 27957 51869 21198 17117 43506 66744 91990 41804 76716 34002 47305 20434 65418 
165 18
77458 56855 28355 37089 6338 82111 76135 81958 78600 57068 71402 78531 77356 91426 51720 33518 88798 29967 
8887 17
19827 12560 89506 96383 42539 41297 74971 45450 67211 73556 63045 69321 19482 26988 50060 87881 6956 
6367 19
8507 89772 95063 18716 68008 74113 41361 7512 51554 12701 4513 55679 51998 59315 55688 4138 46085 85339 53725 
72 19
78903 86298 89314 46450 48253 91093 11162 4881 4102 54942 91784 59615 12452 17698 60433 38635 16099 63639 52737 
1387 14
7146 33853 83555 24782 69901 47755 82649 1764 87865 47004 69293 1750 33690 11485 
2766 15
63970 67435 29003 83218 98781 64813 8959 87284 25862 75043 49417 362 95311 84355 17508 
2052 20
13676 51552 9028 23868 35474 24808 47943 81526 9021 17373 19915 67938 79375 67046 51723 41650 90795 23671 4242 3675 
2144 12
7776 62673 39234 65933 40437 18220 2623 37470 36485 59023 83373 8888 
6717 19
81339 18367 33661 74352 14982 2492 95454 41992 83653 32544 68371 87993 18904 26392 40088 25539 52310 28162 62589 
3313 19
15087 29810 39101 21240 78315 27001 16056 55400 69247 61534 27145 76838 97791 29372 86764 13500 54001 15393 12670 
4252 18
73224 19213 86957 72729 62340 26067 73659 92372 73169 87121 48475 58654 6511 28200 41155 69466 51077 34069 
7511 13
16503 31358 7833 33910 61640 75046 76480 59683 60278 56141 8434 86698 77109 
7956 16
23650 83790 34990 86621 25103 2365 19498 11082 59305 43098 99270 76310 39793 8361 89710 91358 
2257 11
37279 92596 8041 97877 53545 49709 35380 24086 83071 26567 44184 
783 16
41389 593 99401 50900 32306 89896 63943 68715 92020 99706 2958 18165 14838 67862 85759 42106 
7177 11
92866 37924 5660 3402 79707 28825 7818 98723 41812 41307 91994 
2284 18
89717 15874 98240 50853 47570 76186 27127 28458 89132 78727 51288 38263 24642 2421 44839 70665 26017 20660 
1283 16
78912 89194 18163 65797 99157 21454 30634 38825 18667 43971 61184 34956 96458 87663 50561 9751 
4559 18
68591 86546 57514 29787 36860 6674 15893 34123 69713 55647 18603 20583 20961 12540 28288 51072 17856 56940 
4460 17
76084 82131 56836 43208 51201 95798 36327 54694 35789 42973 12804 69675 21702 98425 25169 8319 96436 
4933 19
20954 39705 94648 26933 67725 92209 14509 23819 26349 8786 23748 93439 79794 84850 20475 12876 17651 79686 38428 
832 18
86392 29746 98497 26078 76482 42719 3870 4567 54441 4118 53142 17213 12923 1489 44419 85275 75680 29059 
7120 13
92811 52987 81466 78578 55580 49243 86758 84236 98211 19466 32987 58277 46518 
4704 9
88817 66137 47679 79826 96939 11965 53376 46492 14343 
8617 13
27336 12078 70208 80572 65001 56222 27070 53656 58113 96366 24555 73616 62826 
711 19
2203 31080 71328 63830 81407 58610 78062 68240 59837 32652 61796 49402 58142 96244 17137 98897 58184 18528 74171 
4473 19
42415 4317 53865 73746 26005 6122 50259 71325 49167 23389 95684 43064 18569 91984 51623 80782 50710 62394 77021 
4506 14
46480 38358 68459 32001 63107 98349 69560 48250 39993 93152 7121 5368 88297 9268 
486 19
97830 62384 35600 70433 92872 57487 16438 74082 1886 17824 92546 21153 32434 30785 80033 28477 78122 77753 31791 
5761 19
90886 19707 82127 82537 22202 13204 17367 70757 59747 7101 77951 58793 51586 90546 9465 83633 49440 58848 84117 
7429 19
58852 35175 35101 95903 21014 90788 22838 44322 42623 84284 99863 49286 17580 89356 771 4756 80569 70015 9608 
2305 19
71856 41775 13779 51651 34646 97576 68432 68312 74346 42829 8465 15683 75993 38883 29152 67030 89882 75577 29008 
9255 14
80757 17705 54473 12490 14871 40739 1875 29485 19731 33025 69499 87929 10121 82545 
1023 13
9084 94739 10828 85591 97098 27354 97587 89160 61112 55186 99039 43370 30515 
9872 11
46559 42558 22001 51849 47501 91580 4537 60493 32420 86685 56111 
1348 17
19371 53262 13098 39422 90465 58518 6111 27379 41574 65834 10838 56091 90943 73329 9142 55706 81953 
3991 16
13418 76039 74394 60091 84748 965 19820 53412 90156 47613 18276 14943 89303 63001 46311 59533 
5810 13
78145 7993 28584 21603 78493 86804 63360 61998 92677 51085 74309 74884 81225 
1420 18
76512 27803 26410 18028 72371 28783 88102 74425 89894 11526 24206 24401 46426 80524 39276 82035 1597 84686 
124 18
24621 24050 73992 27245 14060 85089 95809 42217 1761 15639 22781 19998 50535 14797 15396 72008 98554 59965 
3558 19
94267 92282 61121 34487 70610 82945 73416 39249 34992 36649 30266 55099 98656 51990 96325 7510 20240 23169 22903 
9460 13
2404 22338 72555 66906 87693 87181 10043 94677 3868 19632 60724 27752 43007 
7608 17
87736 69553 20488 80796 53447 24036 44059 41725 25200 15482 41740 75706 91533 69723 52203 52173 25640 
8178 8
9401 81080 40436 45833 4923 53621 50677 96730 
4669 17
53493 80104 50155 33474 20140 51957 97651 38851 97200 92949 7570 70364 32340 46370 10928 47499 16777 
9918 10
63551 71772 47523 14457 27484 83949 61821 79933 49584 31825 
4457 15
89928 29127 89588 48851 90672 72070 43625 29944 10762 39188 52833 87383 13166 72866 74825 
2047 18
31450 16869 65400 85450 81296 28650 75276 7932 37522 5708 956 80520 75223 44463 19298 94556 29083 10296 
5484 15
66854 59674 41165 57344 22448 97383 27715 50882 72129 34300 37417 13019 34213 30386 43379 
2075 17
49072 84055 68423 92693 1448 18433 18122 39879 70852 86288 50393 41424 99139 69430 39111 4859 38228 
2881 11
13893 25536 80716 96993 5967 17468 76033 43130 90360 92110 20498 
462 15
11995 88288 65678 36094 36722 92412 12322 82077 31505 72407 29109 84319 76817 73681 45164 
9564 16
39193 32607 38194 65091 4400 3879 47827 70424 56167 77329 94564 87438 92259 89514 36491 69604 
5583 17
63516 53929 79473 4516 68806 34270 59162 90531 82006 8187 56583 7432 44755 45946 31047 34931 21855 
8784 17
5372 50502 51993 10223 30512 37047 82046 87260 67980 54925 75460 33089 9527 65022 20149 25601 92449 
3091 13
24479 90370 33403 33875 78266 8607 29249 64373 30466 11278 50612 86977 57247 
8521 19
64176 83416 49863 86004 5922 3523 9525 52981 14317 66555 55003 92700 98065 53094 45102 75115 6293 94592 72412 
4464 10
82991 83456 62752 42507 48372 41837 84420 60055 35018 99596 
733 17
79180 92724 55817 92955 86454 49094 67770 13284 65928 10133 76251 80266 83833 95415 66261 27665 5837 
8283 16
21288 75797 34666 69572 52552 81890 94482 96375 29584 93762 84177 91275 77395 93624 75951 13885 
2497 14
65230 17597 10644 80191 90565 30941 41298 89009 2357 95546 66535 33888 86828 11387 
7658 13
8891 20970 40645 25826 48988 6353 16453 55638 62112 25900 47815 31242 82620 
9070 19
1833 95623 26864 50741 79699 34749 28391 18933 48849 41616 95459 18941 78692 78830 22344 46400 78622 12507 12301 
8482 20
70288 96977 78597 73754 63112 35307 57165 81431 79819 10884 67501 37324 61594 84574 47033 48488 80066 56376 15793 16809 
5868 13
28704 27020 88255 48711 12983 87977 98874 92859 66193 36045 90940 94951 8171 
5853 16
45690 74745 69503 15189 95766 35992 74376 46472 40237 98161 7334 52055 26098 78738 71022 51319 
6115 18
63877 83165 74708 46716 63246 1292 68866 8724 77082 28690 31377 25374 87223 30659 20120 37543 61183 7852 
917 9
97211 85545 29121 38274 99771 3449 59516 33126 60729 
5603 20
11639 18771 63919 44483 60253 68814 91467 36033 91287 71466 50688 45866 18846 70731 39712 23256 15974 32625 49701 74338 
4750 19
54443 58125 83605 96351 27589 65542 37091 59189 38488 12153 20032 37214 36626 68822 89323 5762 88763 42356 71773 
9222 17
53996 43120 83346 81417 71913 43681 50454 10277 56873 96090 97879 29421 13243 30434 78095 92806 56249 
8989 18
6476 38628 85112 4882 50402 77555 82394 9571 88693 67915 7459 81799 43675 36103 90827 36422 79068 71547 
9221 19
76388 57012 19985 67088 26344 74554 24514 70487 25306 52725 29873 90500 83297 88825 86722 93774 8245 88738 84026 
479 11
65438 31568 15780 13011 90023 95650 77731 9176 95716 4191 15992 
5045 13
81929 91510 69841 96736 19538 74295 15487 47278 22951 8168 5722 16030 59458 
7050 20
53270 34199 13613 40683 37230 11958 63853 85014 79055 21397 54619 37315 66657 45019 57452 39815 41269 35575 6540 84806 
268 18
83737 78859 50837 55432 27501 93039 23276 79130 26520 81467 78162 67623 1221 21054 59143 40478 19026 71056 
5532 15
77124 9624 75618 36759 45150 76154 64219 20449 84803 81458 4594 70554 56444 8841 99553 
8751 14
47966 98134 97838 72545 86186 14149 95125 2229 75430 4492 64277 18817 11360 5650 
4086 6
77228 90228 78895 30170 66900 14904 
8895 16
78725 76840 18660 14632 902 8810 70260 61651 87744 16896 6344 89374 38128 17425 69648 92615 
4775 18
39341 78072 85930 63833 80663 3796 51815 56806 27594 18438 44376 82844 76773 46064 22934 24571 75465 40231 
416 17
27052 96196 71411 80870 58698 61397 57140 78548 10280 82929 19674 84065 97542 348 1508 34561 85782 
6779 15
96152 42236 97360 81514 80698 32041 23458 17379 28854 55496 41851 47812 2282 64426 24773 
310 15
56999 58340 2192 17185 14930 83307 27463 9345 99948 18449 22665 91758 75665 53010 47216 
8449 14
14558 20646 45138 28274 80146 39740 8130 1067 63841 79160 6551 88496 150 18333 
9431 18
52589 54312 66093 72948 99710 56225 59627 86009 20445 29574 92356 20072 9232 15629 50933 86163 78398 54152 
1133 19
89093 48670 67618 35861 41188 21741 20708 87020 41625 20269 4635 80544 23940 6023 84375 23045 24559 22869 28103 
7975 19
72722 24213 52789 83556 61299 25559 98766 37579 3073 20873 40404 62832 9242 59175 69390 34605 70037 5211 36179 
7729 18
24647 28235 31058 43920 4197 6685 15638 80885 25440 16001 86053 5343 54159 31033 72099 89627 15641 74182 
4803 15
38697 93237 88996 73946 10540 25838 42472 64724 82890 31486 10665 4008 88501 81947 54173 
6997 16
89931 98688 78792 5905 19589 40161 29304 15745 17992 87668 28159 789 87233 72751 15852 66150 
3605 19
8975 83102 13642 45987 61346 66554 94252 90870 23769 87257 68443 72147 31578 25793 27779 4942 83853 98521 42192 
2761 20
63322 51499 76196 23168 66730 27433 35400 17870 43486 53753 75348 51639 99504 41063 47506 87746 13609 24111 94016 32886 
3774 18
99852 18594 16820 87531 62564 64308 28910 50395 12810 35652 31987 64044 78004 74135 39444 74696 9862 45267 
9871 11
1601 84703 15552 87836 47617 29061 92079 58231 63085 70576 21955 
1789 11
69302 77689 77289 20399 97752 84132 88868 30775 79708 20616 13792 
1241 17
29536 35438 31753 25953 22364 6017 67054 32832 86125 58465 64170 38480 99029 90313 34500 47856 33262 
8660 13
30049 58150 84869 61300 98773 70044 57561 80465 33923 1159 44756 23836 62067 
6057 9
16604 23430 30803 98002 72172 92341 63838 58911 67348 
1642 10
60376 28992 39035 40340 3529 44640 90029 33251 32091 80174 
3215 18
97697 28626 87224 87041 76153 17979 23408 85996 45484 94834 56506 16565 29694 9127 19258 48973 12289 85233 
6500 19
25719 2890 11085 98012 73916 9035 96711 78351 64823 18749 53992 23687 72995 4401 45027 99291 20652 73215 41780 
9486 17
77993 25214 29781 88324 29916 88042 144 96171 85828 42294 1142 3667 13021 47863 25217 50136 81616 
814 20
41032 23036 55991 74620 46466 84848 52641 17022 94732 54707 93376 50581 84488 75362 49076 63855 36942 5977 97902 93737 
2339 15
95783 84827 69216 65811 86162 55998 93801 82212 88562 13989 73062 98479 16402 31604 676 
2426 14
62386 46011 29891 79815 47956 20121 83455 32695 26876 57164 41980 15831 51424 36818 
2457 10
73007 58821 8334 24780 36205 77001 23508 55480 91283 36987 
1401 17
21662 36831 32087 99567 40839 88283 25313 59882 89744 35776 650 63603 33765 85309 63672 77727 41249 
2942 14
98932 81564 73004 90045 69898 19722 39100 23015 25245 86813 6497 62440 54930 5417 
5471 16
65498 60059 92558 62953 69600 90653 31354 54303 85226 33430 64136 70949 24670 67905 14515 44193 
2901 15
21422 6452 19814 20707 25691 55482 32616 94766 67673 58807 13741 85111 16397 71126 55760 
5569 12
64850 34230 84254 59384 62797 42224 9565 17805 83966 1429 54440 49204 
9516 19
36278 34582 0 77661 51247 63077 87026 82412 66578 62174 72198 92026 77075 27814 70622 11898 69081 20852 15462 
5337 16
35646 73977 34927 64465 76649 64741 78638 44852 25542 89207 91595 62762 39789 85424 83241 24497 
8222 12
40631 74797 56920 89187 98195 45179 96763 80975 52797 63316 5394 32921 
4863 20
15612 99373 89245 21759 62723 45776 99144 14433 84737 45500 23304 95228 2632 46266 88676 7020 55508 16770 83980 79209 
2346 10
90784 3616 38852 62638 23022 5214 75265 33916 90132 2355 
8256 19
68335 54117 25039 20292 3418 11487 99689 84839 177 24371 81585 32691 41512 69869 72918 12431 81915 72819 70836 
4275 19
46631 60857 63686 80892 86342 47970 99148 21220 70417 71821 2809 4338 32042 39744 95189 86091 80800 93416 98905 
6754 11
48874 16462 69574 57188 6136 64971 54195 47046 9716 60674 38055 
4381 20
21975 38669 40460 18215 75947 3505 1852 49126 46161 24950 38524 81256 47841 58217 4894 89736 1734 31979 50195 54841 
3407 19
13860 10902 76951 62572 69065 1747 8722 83592 15630 49376 32395 56627 44095 60096 85147 98202 52696 79535 48469 
7424 17
80275 96478 99679 21074 79582 32507 99761 32975 35913 93336 68365 40705 37115 66877 58581 31399 87547 
6609 17
62769 26726 22173 78614 73426 64281 69910 20546 84281 76612 40813 8037 44884 34525 91760 17782 6635 
1504 19
89495 53279 27272 73289 60114 6788 33029 48312 55493 5201 87612 81801 76629 36228 10783 25159 95023 12996 39026 
3413 11
11789 23259 7166 56065 46956 14911 82597 80404 70750 44479 93981 
9732 18
34279 70399 68587 25547 45457 46395 59657 91031 14832 27469 30621 23745 16150 21619 97489 97694 23923 50564 
1864 13
30623 34568 78112 35086 46864 18625 94551 54703 96511 52248 22717 43957 33943 
8902 17
33301 22675 45112 94621 22065 32830 18407 60157 38268 42818 24014 40132 39516 45574 96807 63862 51948 
370 16
94177 63098 12080 99380 66522 48966 18799 21353 32684 68900 96575 29325 46210 72080 60985 32555 
1453 19
17714 25123 54983 15385 56190 28208 24651 38811 66733 39332 49749 74243 1339 61255 12015 70749 68226 51412 22832 
6671 13
98670 26968 95983 6542 28793 56116 79169 69414 93712 44283 12097 51409 10627 
6793 14
5382 79152 6450 33019 42097 67385 11329 35889 19311 77295 93306 57183 28348 17817 
1004 12
87426 7509 2399 71234 62479 24346 19231 71759 40950 77426 99535 70011 
6900 13
70957 61143 95188 26881 40778 31425 33507 30226 17678 49873 65779 56122 84837 
1041 11
54408 14469 94426 73870 10289 57473 18919 93566 76267 23470 80354 
5172 19
51447 57499 4624 78612 52269 6742 17102 52564 57587 40985 22553 863 71104 45727 8430 24432 67828 5955 32583 
399 9
36203 59660 55849 58319 86560 72616 44405 16700 83483 
8366 16
92987 85671 42380 28568 10967 83581 90808 83744 48329 53228 6347 69000 38146 65423 87384 57116 
9239 17
78515 97260 73807 24764 6754 95095 65093 12123 75646 55016 34855 86429 6812 93009 52478 56230 25718 
2159 13
95876 5075 42551 11073 73915 5738 37790 3137 26220 99497 4601 47592 20067 
8177 18
86465 62193 37076 27778 18057 61129 12332 45970 34772 72882 12082 87722 47292 19949 68303 41349 30779 42461 
6515 17
21935 69818 57343 14794 99105 99634 25225 91885 16528 3350 54125 88653 95801 50064 1897 20010 22189 
7360 9
11512 42389 26904 50678 48561 23450 99682 33085 93449 
7734 18
95387 92277 95683 76638 73853 108 42257 25989 59922 16254 23806 12479 47672 90738 41152 70372 96541 10068 
2137 18
70379 37854 56949 64790 14704 4572 44632 36726 75376 26245 46404 93795 56775 24477 75016 88626 23019 70737 
4241 17
65406 22983 57750 63342 28901 80956 87208 32512 39604 94093 64581 69432 23074 72229 5812 16678 66206 
4713 19
7840 20958 42024 16018 4500 47016 6256 15110 97498 15233 2430 70362 79089 18798 344 86903 55232 20393 76521 
5942 14
28518 16285 38755 7265 75667 97150 13868 36810 46122 4449 9609 84071 62284 71138 
4101 11
2013 840 65631 92118 16166 39838 8983 65510 30611 37650 97993 
9316 13
5807 70147 47309 82906 37623 47249 75727 83085 33100 78016 42636 19434 23358 
1525 19
27961 60421 53366 68314 24060 42323 16791 93090 88997 91112 59789 73558 22667 9352 62072 84745 94367 95293 9687 
6953 14
4460 44169 71259 40597 2391 45821 54548 6931 46259 29728 66523 84887 52169 46501 
1448 14
89811 53233 91418 45379 95566 14370 97191 46160 88725 92889 88507 45990 61385 52876 
6464 18
78557 73781 58880 71231 73743 49221 42483 37271 70117 7568 84763 66338 51166 88610 42093 7421 19163 8972 
1415 10
36581 60818 59570 86353 12331 67311 89423 35560 11057 18746 
5044 19
75461 95696 35396 68627 52869 31816 46512 81268 25684 43088 27376 54043 61145 25110 91104 22530 31022 19821 14489 
6893 15
86137 22644 4230 75829 25011 6665 22537 47187 80059 96605 69038 95392 84211 80312 95732 
5635 18
71504 43377 86870 58156 54205 61221 25642 60210 72732 32143 57236 21248 13394 85062 37473 76916 50090 23086 
9913 15
86317 73854 34662 54421 5896 74864 11524 96531 44924 36752 27883 49953 79315 26746 6464 
2998 15
16572 31009 41318 13822 71448 88364 26160 31381 12141 54540 42006 59790 14986 26729 87616 
9800 18
29458 21735 37308 62670 39110 83343 72334 97820 62235 42314 23887 27170 4382 16573 84088 65584 29173 87909 
6152 13
28053 5991 71306 14160 6747 94538 6315 3713 71362 23049 16806 24180 33034 
526 13
87714 67485 29292 2504 33586 98157 9200 69570 54307 62761 16735 33981 1491 
2110 13
24868 61289 1347 39568 34012 21009 59501 89707 86964 76856 26358 51188 91268 
4592 15
22756 11984 50130 2737 67041 94241 56565 66520 32609 62166 73461 71248 22769 99838 128 
1318 20
30334 99962 14868 53550 80494 57100 10334 95654 15196 98679 61901 55870 81761 31460 29097 44748 97398 33648 49411 82763 
5525 16
28392 73677 985 25763 3297 53555 93457 9905 2694 75965 60775 37553 77308 51593 64360 91800 
3915 13
63550 67403 72951 30953 98284 74117 45917 60639 98747 55918 27006 74855 83261 
9285 14
65242 5962 31541 78262 41747 31449 22749 31286 97926 95510 29181 47155 5194 91577 
5697 18
46481 70873 31031 87577 1121 55750 95299 20694 22237 66684 80194 87279 71978 24566 85458 15736 64853 27942 
3557 19
32255 10628 92543 46084 91890 67424 68202 72189 29299 13712 49773 74202 74924 88257 82178 48606 63197 73815 78521 
1679 14
51344 28976 19995 68538 25432 90049 91367 6282 57066 96725 77193 89694 72933 20174 
3852 16
77060 38591 83839 58777 48069 187 72242 77869 53683 15380 60599 40172 78232 30191 74830 9965 
2798 17
62930 13972 5547 55073 74714 25320 24639 28463 39151 96876 7485 46101 79291 3363 51701 2298 36023 
1584 15
80641 55911 51502 39082 20516 67789 75917 21771 11055 35610 92745 95584 91937 41634 30631 
3768 19
79282 91960 33847 43732 97372 48366 98927 59399 55403 60994 46748 43230 459 14432 57134 63934 15408 66500 7072 
2415 15
17257 74055 95638 94287 27490 83554 4557 80257 17962 42484 53402 36089 45738 86608 46548 
8747 16
57801 91512 84470 88816 75445 77610 59038 77217 91328 15796 50798 93589 71553 12647 387 50868 
4637 17
63609 28299 26142 46712 95262 16353 59528 78679 48895 36055 96659 67409 54237 89342 58115 89102 20123 
5313 17
18388 31866 9801 53210 80434 74021 81844 69937 25944 46276 84725 25581 145 82066 50286 74841 20380 
3694 11
5169 23734 15275 25839 18790 41072 71694 35134 336 51636 6270 
1037 17
91667 36246 59078 46511 43317 11076 89697 59650 90410 38137 17608 67113 97148 90382 23309 61415 86998 
2100 17
35894 83379 59515 79502 53743 8045 35427 46250 81719 71192 30916 5865 97726 54872 54967 94917 61905 
6915 10
65488 39955 36036 94434 5398 42644 29988 85197 71522 85422 
8792 11
20600 70303 38764 70023 54232 9735 54239 6357 22102 89532 64469 
7124 17
50099 54052 84187 80820 33815 95164 78852 15534 84791 15911 72194 63152 43774 47497 66112 76659 11559 
2069 14
63965 34774 24195 5920 78539 9301 78801 7766 72044 9032 86208 72935 40362 40074 
4813 20
53605 80961 33887 79227 94508 92336 33141 80938 1619 4381 44893 81110 48889 56513 40613 80023 46409 61968 4925 70504 
4084 12
43610 22613 28414 80992 63578 68634 684 28011 7800 37389 41848 47224 
2652 15
63502 9734 65446 65701 15734 46407 67212 89908 63606 81516 91425 44178 31093 76209 22805 
3742 18
22010 98741 57230 19787 93305 38617 40542 24138 39609 38515 12235 70768 90056 27890 10046 45008 53473 43408 
6076 15
18577 66935 8076 73316 90393 12702 50101 10124 20059 19881 98737 88709 20161 16963 31939 
5502 9
50235 538 86072 95575 44134 31933 59022 7192 77010 
2126 19
91307 15433 24695 2994 83515 37437 39045 39158 5152 33272 46775 80042 18221 79908 75921 92653 6266 16653 14772 
8166 14
31469 57240 48631 67667 3081 82522 87513 21247 84643 55214 60959 17778 47428 42478 
1752 20
34219 14251 226 97137 83265 63175 32922 3970 30714 50923 66285 6294 67044 88425 14089 78980 40002 3907 56345 70743 
2494 19
81348 27023 68176 60429 90979 43388 25365 34295 27872 9685 47821 83281 48097 35272 28125 79527 23495 30695 27902 
4893 12
28005 30989 75560 30105 93129 56984 77511 45773 96674 37160 4774 29853 
7025 10
10805 52644 5509 19809 18708 19506 81812 98482 33186 52788 
3267 16
31347 19951 74437 21116 39327 74502 6432 54747 30344 37906 61801 32751 16456 31974 91120 34595 
5263 13
73291 34601 15260 64389 38744 83457 36344 21385 805 37405 63602 27573 90365 
6236 19
95663 46152 89336 72514 26472 74537 37495 85494 43916 49075 71100 89773 67257 89011 6736 31748 23755 21997 97316 
2269 19
13151 68373 36013 77141 83406 54550 7341 37632 27432 25367 24443 96431 16400 77337 54049 48995 21349 79711 60244 
8717 17
62598 75814 92231 561 5540 15790 37199 92915 5045 15628 16116 32028 79015 51551 21379 41006 58355 
5437 19
58359 29133 84137 62156 75118 39244 78972 63416 94845 40517 90727 10326 36537 70941 99313 46209 49865 37541 19419 
8205 15
35930 32461 26796 39588 40269 73051 5799 60534 17075 47142 50746 26935 25283 17245 44266 
1161 11
41509 24904 17614 57095 31630 50715 45754 83258 35684 47289 6615 
3074 16
82820 72959 88267 81360 1016 32454 92498 28384 88537 21746 24574 40967 63173 61306 61127 75486 
7843 18
20265 17796 13585 31208 40070 5667 9698 99266 45791 15016 75591 40884 44404 31352 74467 42817 38684 9526 
2312 13
13823 98469 91794 81542 59775 68329 28085 85350 71048 13730 57537 96364 94581 
909 15
89774 42366 87173 17502 33171 27663 75877 65927 51278 94417 87262 8163 92502 53707 68062 
4355 17
55999 62148 73320 57430 45052 87950 1478 7753 56024 81916 51294 98644 28851 13807 62132 47254 60822 
7782 20
25794 34599 831 81436 11179 20925 64187 49464 22326 89022 35762 55517 99438 54891 63147 58632 31891 17596 16366 85627 
7205 10
14711 37738 94841 88876 84681 23637 94683 43391 83334 14607 
9667 14
13401 59887 70655 54762 90180 36504 43833 16180 40011 66302 94791 20501 66630 50609 
6107 8
57899 35692 40983 57147 75760 7771 78660 23954 
4042 17
23310 99660 61435 32426 52535 12940 95977 88417 13082 12077 19164 99568 77494 91056 57011 7293 66503 
115 9
76397 58775 15264 96238 44635 99249 55235 5443 60419 
5315 15
54183 73952 51460 38890 22766 60702 9001 1134 83558 30728 576 19028 65764 46675 70880 
2097 16
71974 13950 4479 36914 56512 59220 99396 58614 95184 70408 55915 30639 19472 72902 35119 84576 
6084 16
49700 80020 41715 91466 40142 69840 81884 21830 70603 29120 5947 24662 75328 34816 26978 82735 
317 9
87192 14071 82751 5507 50601 91989 35908 47106 62775 
5805 13
750 60441 10948 44922 26733 42579 11382 89107 38167 17515 42416 17082 70432 
7088 20
94375 8412 27637 75544 27839 21222 24928 67545 57061 8631 29514 10166 42899 58188 85703 4075 97301 45307 42986 23859 
8795 16
47816 89427 30617 31898 51607 7588 75616 72714 7515 35653 81608 33606 24629 34827 20115 19282 
6468 20
33024 70998 45359 52653 12308 38772 39842 6743 5418 29476 93445 60710 84678 2730 85490 43956 3664 15038 81275 68680 
3981 13
34633 47001 29189 15513 11556 21890 16378 53195 24824 8408 29157 4900 28564 
3679 16
43919 30290 53944 77953 73279 33897 32628 49586 15648 91484 54193 20209 39446 8895 73820 64846 
5107 9
26124 16207 99782 91670 89436 71935 42282 25261 74495 
5065 17
32542 28614 40458 9950 71471 311 6870 20130 3096 69453 99038 63892 77520 71880 62380 89812 99758 
8834 17
27790 26969 94166 47838 28952 15140 20112 24810 57592 17043 29971 73288 27208 66250 80124 69488 47536 
6702 16
32460 89309 18442 19296 36390 25065 65657 46273 22817 75983 76843 41999 8808 81785 93166 50753 
5219 15
22188 22397 30980 48243 90846 11650 65749 94762 15058 27426 2318 89641 50308 86054 68110 
2143 12
15678 17145 18889 34395 67372 79592 87144 21511 28330 86761 98833 21501 
3626 17
48568 12872 88247 93048 35013 43673 83171 93140 18769 64512 71046 51156 97070 36207 60051 71871 47103 
4641 9
5616 45553 80228 45136 45687 84080 22167 97160 3338 
4924 18
92541 59614 93078 48782 56151 13354 87012 66749 44645 21951 44115 66609 99110 59889 33792 66797 71417 6532 
8089 18
41762 54984 9116 44812 29833 80291 61881 81815 68676 6358 25009 33351 85408 76792 68442 91715 31345 34919 
7752 17
26310 26628 81003 84178 96246 29161 42856 10399 35443 5055 58271 33804 39290 62161 5070 79946 4406 
6209 17
98836 4248 56753 83615 42256 74403 55237 94080 65669 31357 73196 23915 4664 50002 60849 4689 53650 
5849 18
1608 97553 99523 2889 49834 44926 19152 79817 89578 13806 75944 11766 80951 45652 45671 15950 45274 80858 
4083 10
52309 1959 71983 16089 17715 23437 67135 43990 92141 3262 
3818 16
40684 36133 82884 79850 85029 68854 88240 21513 24980 63719 30574 75954 37897 825 96670 55017 
2868 16
97267 93229 13782 28241 26426 62894 50956 82584 77889 13959 58064 64559 74618 68021 16062 97707 
7845 18
16633 91286 74608 16732 6176 77346 67944 55609 60552 3778 49341 3102 44139 1206 36968 44229 83324 40262 
8139 15
20698 57494 67726 30109 54522 68501 56432 99605 12427 8074 69867 93749 87734 10964 4255 
1967 13
43927 40905 8369 33135 86026 92869 11981 43534 5236 44470 26335 73638 40595 
5100 15
70299 3203 75251 90513 32501 81289 3095 8513 96189 63229 57302 46790 65914 736 88881 
251 17
42139 36247 41394 2436 36245 51726 88034 49704 43465 56930 68948 380 42849 6156 16364 30613 96369 
8099 20
17593 79468 3692 9270 27412 56783 31370 68658 70865 30841 57619 90324 62421 22224 8566 26491 93601 96664 58652 93657 
6960 13
6247 71899 54459 19748 10844 72698 50433 14405 67911 82588 69862 36781 61486 
9748 13
38008 60608 84258 60313 4737 27627 44145 99759 42285 43852 31566 22155 38506 
4364 14
21995 61301 70129 34699 83347 15208 94136 36672 34216 95358 7404 30905 33386 48440 
4496 11
65932 51627 92646 61278 53580 54582 93963 95947 86869 2210 94856 
2657 19
12476 24266 47663 66936 60851 70935 67057 20372 29608 68893 46433 83921 86839 36709 69036 14268 32792 86153 42175 
3022 19
38872 59416 25983 426 90683 3416 6448 14072 61920 88733 30140 79857 9564 78659 12561 6089 73124 18402 1628 
8180 12
61325 28946 78188 54818 52039 9612 2533 75155 65147 50585 98201 47789 
7281 18
4425 53518 35664 83800 8971 20628 33026 12771 39968 64213 88047 87511 27077 15340 74003 3009 92440 26693 
7308 14
10896 21713 75913 48460 67249 11678 56598 78871 24598 38808 97823 29482 31752 40867 
3245 12
16918 34803 16529 13640 17762 25424 44312 92454 53768 23154 38197 12848 
5423 16
31739 46430 95207 35455 1409 9815 55156 1773 50200 16272 94963 49455 70050 8351 21946 59012 
3987 13
74591 1696 78045 9082 95453 67400 22648 83090 10272 86824 75163 84063 70107 
4625 19
3244 32231 74454 31209 45503 14110 289 55332 83423 61470 60406 47909 3512 53076 99017 19517 75621 19131 48111 
281 18
77402 47053 81944 13010 22164 20667 59726 89640 43663 77729 1500 90495 48546 39299 10581 70653 71018 43427 
2567 15
36475 71812 96810 20741 47761 8448 15997 18612 17752 63381 48742 72348 30691 72801 96368 
7043 16
88365 33162 71566 75671 81624 98556 72034 27507 39966 43947 24775 48884 15875 25777 61378 9879 
3546 8
83879 46983 76616 55898 55536 84271 46114 29226 
5804 17
94485 99751 90819 91571 51893 4467 68128 41712 8105 22763 48473 62136 8102 62289 5917 30618 34521 
5357 15
30926 28226 86311 61566 49688 23666 61616 69433 2897 29070 41159 14299 41964 15395 86499 
5957 18
12683 93648 73285 16118 9519 14059 69655 16538 92937 4178 30236 45400 7362 56863 41798 15857 11601 69754 
8260 12
8391 43255 81941 63560 47005 35133 92119 2337 83122 75316 59725 87805 
5585 16
52702 21281 96805 22256 21611 3807 88662 74742 19380 32575 48826 8062 47944 72826 7109 82005 
2253 19
47500 16297 89202 55119 89178 41436 96855 25107 15369 71521 225 16480 77523 73192 43078 40755 97419 37203 92577 
6218 12
71790 9772 18018 21458 11167 26004 97296 70536 93996 78879 52549 90010 
6805 18
8175 5852 63182 87313 12103 12320 4740 21120 83178 49444 72651 83935 6252 7080 96088 51279 85071 59020 
5002 9
23352 26815 79017 56284 79583 4951 10707 18834 74901 
7666 18
57985 21917 59732 69744 10829 71368 43543 72848 62577 23158 64442 4587 74893 67198 35764 12676 6528 7657 
1815 19
39778 46231 11472 77584 53452 93261 73409 66241 96408 32932 11558 62223 72567 19271 20432 52911 7803 36287 72742 
9508 17
24235 75059 85016 85823 14879 67267 98168 11493 97151 76912 40741 5450 97289 7592 92230 12510 78213 
892 14
29306 83271 59479 20037 52872 69377 98953 75139 13088 87443 51822 90487 51096 42250 
7223 17
15989 52320 34182 70059 19198 89055 70266 60703 18879 83700 10849 27721 95218 23151 20730 27130 99790 
2541 16
96147 57554 79040 25662 73929 12444 32094 41831 12038 98796 43459 29965 19302 59039 14967 5197 
3307 14
60928 23112 62701 61555 3028 29291 80457 25869 53292 74641 43229 19159 68951 24765 
1418 19
36158 56241 48647 41546 70987 26719 76551 80455 90864 37168 40677 20226 76713 55364 5959 49730 16675 56066 84881 
8536 11
46383 24795 76757 48124 69885 37942 22722 72420 29653 47251 96280 
3219 15
93454 14863 25465 38291 42464 28236 82555 36132 3403 33000 11184 96811 6771 45171 50410 
4145 19
97083 92108 70297 41819 42562 63541 17872 81685 74187 27858 17431 94869 40349 15333 582 85829 46297 47120 74678 
9265 8
33298 24823 53397 91487 68331 82736 67953 48707 
9610 15
26024 15889 72458 10310 73708 51124 99410 59639 7226 82028 46899 81281 94445 8256 61799 
6228 13
11952 31680 40575 79731 79417 82742 49933 4185 60978 3471 91247 86229 87492 
3394 12
39436 15939 54203 95135 81118 98924 10938 58482 2863 41598 64967 93786 
470 19
34110 50532 75916 83487 71140 7128 61793 85789 84614 84978 34263 30681 84652 60568 54586 72655 42465 65050 72346 
128 20
64844 24791 70280 97901 61270 59641 39851 52782 76845 80845 91524 12263 3846 37425 65396 1909 23700 25020 5254 75475 
8301 18
42833 77553 60520 77403 8668 33035 59243 80421 56580 68204 25209 94550 73315 93091 91618 79257 44378 79564 
2140 18
68277 11014 61889 51199 34067 21656 96257 32349 74569 92186 1216 48255 44281 16729 31007 99635 53975 33375 
8910 18
61520 97575 43138 94724 92261 32055 87320 56663 42750 55435 83365 35807 26215 22611 81603 19559 19798 13132 
4430 16
44228 62452 52219 68883 36836 55012 1557 11400 92534 12679 3216 58755 80658 73238 80369 93730 
2994 15
30713 8702 63097 79064 92299 18592 89280 42543 28101 50273 61227 95636 92873 43842 48952 
2892 18
51425 30672 26190 51820 85247 50451 37513 56667 55996 20135 74543 20815 53745 9474 4658 72634 10531 69949 
350 10
16689 4757 28363 2565 10810 43238 77936 8204 39345 34408 
4286 17
73082 66223 8873 36066 24471 98587 97766 59139 68748 39682 25702 74607 37881 30247 19737 36134 94078 
6418 16
14997 22844 79744 82879 91998 96150 57577 75744 3708 4176 71901 55251 7124 81382 99717 55802 
3755 16
28997 36632 89399 37715 93679 54060 89386 66021 1719 93419 11814 98204 63749 6167 79379 84772 
3871 16
93037 83757 34264 38562 67022 52692 98821 67314 93465 36057 6198 86380 2283 60672 29774 68647 
2049 16
8173 58646 3273 98753 8094 35266 22890 13156 49714 9086 60204 13521 75571 79668 8782 20983 
8226 17
55921 97687 63151 39877 1389 80110 32452 94548 39729 67199 23282 89734 64000 62583 32778 42020 1636 
5091 15
88734 69124 8330 79615 89906 31388 44496 25414 38037 57384 28866 21570 39856 28304 65945 
5193 15
57071 69331 45002 31968 60938 74255 32326 84756 55715 28848 89721 78377 21798 78706 36532 
873 17
99080 52468 26751 7037 40448 74897 82000 69268 58891 20673 55579 75970 92375 51555 72629 79035 18274 
7039 18
67834 77918 35573 42126 42519 36815 98041 27978 83474 50114 77076 85555 72967 70713 76407 20064 27899 71440 
147 19
85475 37898 25669 55169 77014 37483 53926 37740 14550 52718 63425 73296 19749 94927 22178 10586 68662 35845 88118 
3491 18
39981 83403 16186 36976 24849 52272 84838 24919 87251 81078 49651 52810 19591 751 55230 74566 39672 77477 
1359 17
84048 68374 3128 92632 61514 43706 1296 38457 23124 80642 16416 79517 57453 18195 17115 15919 90005 
3369 7
44346 36496 1077 38612 50739 19956 17204 
8981 7
73258 36381 15079 52999 53912 87611 68881 
5857 15
6504 40680 22716 72811 85184 94779 99699 7444 67607 86694 44471 65193 25390 76320 32808 
3568 15
57089 38570 66803 1417 31134 3120 9324 37582 34112 5430 38169 20511 15600 40438 99956 
902 17
28491 90777 82594 47270 51080 19534 34226 38084 45571 71507 14359 61879 27653 26361 4292 10078 60991 
6484 19
73073 64720 22878 37335 6410 39787 66040 91647 53319 70009 3922 50057 26862 5028 86189 87186 30527 2347 65804 
7294 15
9222 87816 64804 14773 92094 83381 83796 14520 10973 23108 1412 79261 12787 55349 21556 
9096 11
22767 38478 95825 37455 83646 37806 56082 30748 85824 91376 35543 
1980 11
47964 46700 64586 22823 39884 97763 79643 34784 71029 46836 19343 
1800 9
62554 51532 24025 39404 31341 97417 88329 37546 81760 
9656 16
40244 29505 67639 60770 67172 70693 5714 77205 46988 84892 41026 28586 1713 52553 74266 58660 
5030 19
36814 35724 8186 66633 1763 82133 53718 90423 10444 57136 30735 36144 52071 99897 98456 19728 44278 63887 43874 
8582 11
95124 60342 49047 36499 73331 41460 90971 78272 56004 91550 36362 
9963 18
54749 66242 13534 51392 11101 74257 13159 43895 55717 32448 23537 34741 1914 27003 99824 35723 9928 47722 
3550 14
36462 62814 67059 38174 48062 59389 60417 30761 44797 74796 25997 9428 61815 77749 
763 10
32342 91292 50314 76645 37379 32527 63742 18827 68872 82729 
9974 17
84938 67287 38381 3130 98977 65344 94198 74953 97944 92066 90364 96448 44834 40907 79498 23324 99437 
7771 12
82552 77935 85176 38827 68564 18581 54735 19220 18979 12602 55147 50161 
1516 19
74133 89052 28928 6026 25096 65931 21851 68551 75545 54631 35392 99725 25771 88346 93938 7187 26779 86602 38377 
9050 17
17366 88577 88542 66215 74653 49814 23599 69708 48854 71952 36869 6413 15685 3889 77321 58266 78140 
7344 16
77416 66432 90169 12714 8712 77088 22816 26817 10626 61206 3380 91488 48724 46076 36586 81481 
2200 11
65165 88829 99833 71186 85916 15714 48075 57766 20587 46567 98647 
3211 16
23753 51082 33432 45273 60062 80958 42423 2888 75480 17693 71341 890 21718 8863 93215 87303 
4374 16
86257 46345 83665 14610 8107 7662 23023 84396 82383 36125 32556 91289 21304 65200 5748 76539 
3591 18
21848 74472 78294 24699 36412 43479 82769 97822 69047 27866 58816 83310 47889 41652 85637 7495 75978 31468 
7645 14
54916 16202 10327 80297 74489 11713 51951 98631 91775 7549 33181 49720 38206 28757 
1606 16
22806 70198 14572 16695 443 89988 87052 82204 70712 81083 73298 5223 92791 93400 81745 95307 
4431 17
55114 7277 60032 63847 41381 17664 91132 86464 74076 27275 18859 41337 55444 45797 79125 57498 38796 
7491 18
32661 60681 24104 14389 29611 21049 39743 67568 89044 70505 75423 25513 39338 6316 43424 48935 8221 69142 
3613 18
37763 43355 30742 55759 4461 14696 44158 68941 4368 28634 91166 77609 26915 27244 19254 31038 63209 21856 
4660 15
39466 49130 50666 72867 62952 34629 82664 6364 10404 18015 49197 68486 26081 53046 8268 
4959 16
8115 81043 90498 18060 63591 34997 69932 3267 84925 20512 33020 3639 49735 43890 4300 29723 
6783 10
79679 38845 16383 33737 2324 44717 67583 48392 51427 82698 
6029 18
85567 90447 48449 75020 96859 93137 9711 19924 11396 15123 6174 20803 86811 88249 55830 83667 83137 3780 
4194 12
40861 16943 13128 73906 53815 56177 66263 54420 21300 23520 7184 19288 
8698 18
14916 20144 66760 45332 63710 90729 92938 71134 28972 22417 56630 27204 71847 98818 46625 68296 41265 25362 
5202 18
18250 60356 31782 86155 19273 21096 65496 84690 58369 62898 97824 34541 24818 87187 84619 58381 70761 15311 
4631 17
80045 80217 9577 49982 43970 98260 49649 66446 52408 56132 40434 85608 74390 6866 489 12505 63708 
4439 14
40174 72389 91600 10386 75771 75100 13903 11204 24579 65954 42593 99588 30114 9881 
2887 17
52250 93017 80591 79304 49005 45836 69447 85251 22640 59569 83250 38765 9226 99720 51033 49829 36666 
2617 11
99451 15414 2874 93149 96935 83565 81492 46798 10352 17281 46241 
6575 17
16265 30716 67507 90459 65896 56261 4708 66548 52064 65958 97667 34928 67228 89958 97009 27221 52090 
4154 13
2105 3619 50924 26091 32941 51548 816 66068 1117 59035 63752 35994 89968 
3572 16
61989 60392 89382 56378 57615 83768 92553 11614 58966 7170 65971 36954 52260 25351 4815 38634 
3324 10
56075 49851 65658 16067 77126 63905 63487 80630 23321 29258 
2786 12
15562 29626 88803 99560 10714 7537 38790 72419 55427 25368 27246 34993 
6841 16
36146 74315 56925 9220 59651 1436 68119 27150 57768 84903 58045 67634 295 82596 76721 60697 
4250 19
64845 25688 12544 98758 95329 8999 4060 8404 20049 59754 25963 22377 71909 95498 89802 66035 6612 89315 16418 
8457 10
97027 55780 11518 6957 58960 98132 13852 88898 12093 85884 
3707 15
94335 59239 77984 32128 26731 766 36584 73730 10101 15299 22587 20909 69122 38976 57803 
1129 17
1840 52060 6439 30442 72190 85699 99305 42788 80633 97345 90120 99732 43757 33649 92967 49311 51561 
673 18
73053 37068 58881 17215 46508 72520 50079 96349 29444 44256 93437 59134 42583 92933 20178 4694 74144 65306 
8828 11
20517 8643 98048 60793 60340 54634 54746 73633 2725 32078 3074 
1996 10
30382 63868 73587 26562 24317 69113 33775 67027 34632 83088 
5565 19
4315 56005 51182 79310 77462 5639 91866 72878 48934 68023 95217 14332 3209 64592 29798 66873 70688 39586 70730 
9782 10
69884 39125 30423 38046 83419 77517 34804 21270 80754 72748 
2469 7
60170 1645 27590 87765 57522 67973 87022 
1726 18
75490 73610 75996 84172 63258 28478 43904 5840 65232 28713 16183 96499 3281 47647 68987 39951 18466 58299 
7786 17
17896 28405 35502 53760 38905 39415 79747 49193 95619 54098 25158 1248 58615 76788 98713 41312 30416 
3147 18
95666 38394 99293 44216 68113 53785 14779 10737 33718 58389 16008 65986 86080 19203 86918 49251 66151 13856 
9540 10
64100 76067 69550 40796 22506 34381 15348 3354 15073 99580 
177 17
56212 95196 74013 79625 32108 58466 68856 24856 38787 859 58838 63728 41033 86060 56541 45612 722 
7193 18
57697 88975 59092 69087 45085 92266 69289 71752 85721 21857 59466 87526 81187 84847 82055 28134 39397 53826 
3999 14
97302 56661 65489 13657 77440 48817 87352 3733 68419 12382 98584 34483 51204 22678 
5075 18
89739 638 71612 70278 32000 78804 84717 84096 15737 61730 67759 19314 94708 64700 93072 13816 98129 76774 
1485 18
50290 45290 63188 17274 91393 47028 68201 68523 1268 74662 18868 76026 22952 56084 4679 9283 87854 55995 
6957 13
41944 72670 69907 32686 23121 89883 94880 8280 97950 4446 93239 16211 51669 
5873 16
51111 71845 49162 80581 64148 25664 72106 31494 34432 30683 68214 76811 97334 11228 45383 26816 
8409 15
82810 70955 19868 16772 56398 10599 64630 30021 69191 38887 98392 38604 65606 59291 86197 
8651 15
25462 11361 18893 89367 39508 50717 49211 49212 40752 97194 51171 39478 43346 31493 29347 
4676 10
11921 19836 52453 48092 44846 32880 59718 12589 52489 51827 
2023 18
44072 19183 89505 14117 4709 71120 68558 68773 25754 65288 65821 32472 29948 80121 3966 64230 17888 96004 
215 13
57345 89190 66100 66489 57002 75230 94955 58909 80511 91887 73349 85451 53445 
6416 17
92349 45119 10158 52550 57172 15413 5425 10699 20964 99308 16620 31915 66830 56390 81253 47968 74318 
7042 17
60582 42074 72464 37687 64879 38712 77640 24343 10231 94727 18110 79123 87349 18938 1911 92896 27467 
7293 13
12574 14667 70986 49312 51647 3704 36429 49885 14763 57054 73884 13465 44087 
2138 10
20154 4045 49068 59919 70282 76670 1663 43595 15015 25805 
983 12
8149 74032 46586 80601 22963 94891 23431 42650 21861 44155 13684 1403 
7338 17
53832 84415 84645 35371 4659 37339 41679 32836 22529 44353 12927 60799 26694 67426 44533 42876 33146 
6054 8
4824 58795 4114 19734 63110 15284 52082 61539 
5691 19
95249 50772 29553 79199 74690 80721 64446 69411 70937 35215 33677 92145 58108 99953 35029 53533 63007 39093 87170 
3740 17
77835 63558 58495 46351 16097 27039 89604 66815 58097 54151 40681 68795 37086 28429 70126 74579 70845 
3010 11
1375 84358 64683 74400 8844 91177 7269 92637 32005 35918 14804 
3420 11
37876 67460 57729 3386 52101 56510 92850 11895 55407 64815 51528 
4429 17
57360 93142 94090 24337 42363 71662 95082 70702 46052 50830 64078 8306 7073 26025 53036 99623 20277 
2944 15
87254 92961 41843 7074 49060 60093 30132 69314 94190 95759 24911 91058 50234 1994 65795 
9360 16
24107 21817 50690 10309 56144 78325 80313 5046 30705 90434 73221 34983 82589 53414 61639 79495 
7217 15
73827 39816 63234 52813 26071 60144 6572 96348 10306 43719 81395 90888 30053 29793 50363 
9487 17
24335 64606 42850 62805 32525 98040 76083 26750 6038 75819 54543 30970 32950 75389 35812 72923 9282 
2079 17
81842 82091 87837 87813 10174 9323 47464 49627 13037 60294 65350 96654 24382 58472 87657 49369 22275 
8873 17
92255 48072 74413 79786 95808 68268 39483 41699 16774 12952 10726 20192 14974 13408 39456 12894 95587 
2863 9
58684 99870 11046 70638 855 51663 30562 19056 72313 
5555 16
43114 41617 26780 15588 5128 48511 40617 72557 77368 44824 52666 43089 53231 21604 3773 88406 
4297 17
41818 40293 7838 40342 71757 77693 28652 75660 8519 85081 19612 81533 55765 596 50128 35826 5924 
8964 20
35362 76338 96959 31142 17605 15675 97490 83880 80136 43860 80145 58163 4600 93683 75538 88448 9849 9673 53561 64755 
7280 13
80899 6392 93565 38742 1658 5116 55355 35081 2535 88372 35778 4380 86327 
973 13
91042 56535 18062 83999 67173 94639 92793 46139 6862 60779 92156 34780 64268 
2876 8
14557 92305 69894 76590 72468 93202 11362 42288 
3907 10
14146 45631 92245 99279 42943 34950 58981 27219 33825 39237 
7967 13
87274 30594 20191 59764 76043 71696 70732 40555 81258 82680 3249 58473 48520 
7974 11
59320 26314 27448 26355 36882 76647 20571 74034 46166 46572 88310 
8513 19
27196 78999 80326 9355 8451 70395 57138 76048 63122 58511 80430 23203 73576 92868 18214 90384 88078 31214 23562 
5855 18
93623 52507 41554 51933 54583 31324 18629 4484 53439 57420 36157 40828 74886 35682 46390 44709 51440 54054 
5530 17
59366 81846 95967 94165 8809 70492 6221 3036 51062 15173 59019 78721 36305 76723 81028 19170 38569 
1195 13
9331 14934 67451 34 58034 12925 16525 81708 60713 65784 61163 99673 79555 
6338 17
99700 12190 87196 95615 14542 90076 24605 84191 50679 68607 73241 28228 45550 97460 85867 3993 87956 
401 17
76985 17057 76566 13170 58449 2236 54414 4749 45239 13769 26745 61483 75380 48257 37875 88244 20960 
2856 17
39200 47067 59702 73026 21655 76568 61572 27880 7468 97690 92568 16872 21957 62806 74623 86111 88979 
5064 15
58186 904 23729 76181 45071 36767 31266 55912 84578 92927 43448 51920 57941 56560 65751 
5918 7
94782 92538 74460 84977 33117 50371 69940 
9624 17
9714 32801 89915 79526 67997 55523 70804 9731 64194 57375 36330 21005 77579 94716 4868 21810 65292 
3730 9
53438 71144 68549 12766 87049 77932 40837 86078 54628 
7512 17
13473 74 35094 60390 32530 8122 90572 88722 64121 25400 45226 2705 76456 76140 50160 93792 63912 
7650 8
3584 2927 93619 59307 98815 62493 24415 27528 
4681 18
76932 13242 8956 9211 26436 20058 74041 72529 50545 83177 35887 36866 25106 55202 81294 42506 88926 74710 
2244 8
2579 41287 52907 67510 1072 86802 13962 30155 
242 16
20744 36153 189 19002 23468 395 70018 45438 43269 89742 10942 17280 86949 78106 10820 98978 
1830 15
36419 38070 23345 67032 5094 11193 19379 99555 87850 49157 84167 35453 11233 36071 26905 
7307 20
7843 62934 57695 94495 48963 69264 22807 83317 75500 86853 89015 9078 2575 80389 98806 60425 22940 67741 82144 1736 
7730 15
96731 41906 13963 49142 79303 23892 89426 40274 25129 14673 42926 8499 75932 11914 53384 
7881 11
30489 8436 94115 69356 47235 30549 40758 27882 50018 95013 29647 
3691 15
9338 66869 41646 2121 25828 10688 31459 27344 43392 20903 27638 72906 65137 97037 14220 
1661 17
24511 85544 148 38934 31834 63329 54200 78657 39745 99581 61243 24792 88907 35534 41620 75322 86486 
5510 11
66083 80974 15448 45455 23029 61620 49426 67104 69642 78494 77436 
6188 15
83244 1470 63904 6076 21435 22434 82998 53838 45607 37085 40909 31166 35967 81763 98498 
6633 18
3560 97717 48990 66888 63971 28747 27148 23120 50672 7343 13722 4861 71810 12603 38820 91131 46796 69673 
7431 16
47840 56813 87510 77423 95171 38561 40587 51785 20654 48338 87278 73926 49009 98460 44971 96441 
2910 12
52868 18535 54790 21634 10136 40077 58367 21025 51169 8918 92237 26523 
2651 15
87520 69343 6709 84919 33345 15485 51735 90615 34930 303 66504 87639 35995 98402 89695 
2266 18
71253 19800 74471 60016 68150 10048 25295 23986 50627 67926 84455 24113 56289 30974 37725 69372 32981 61976 
9061 9
97758 6623 14719 47228 34454 40717 6237 97493 36314 
2865 16
15962 42951 37273 23953 59338 22468 94145 59061 54150 25546 39714 96130 38450 72684 49230 78982 
9574 16
32523 58606 78540 47383 62810 5934 2343 10510 30215 23994 15704 99574 65428 97499 59397 28041 
8677 19
59762 61954 69066 98603 36527 63444 84362 95939 27075 87787 86212 5765 75934 11813 57476 65537 70719 55736 54100 
3954 16
19488 82309 60846 65040 65492 41916 73802 34879 29964 43546 5135 26948 53931 90743 73483 41484 
4038 13
81515 75852 55901 46822 42184 52765 49080 8676 28298 46611 42005 53368 95365 
2785 15
55366 98054 33072 54422 52119 38362 70317 18454 73725 69712 51073 71194 94534 52716 32182 
7115 11
90158 19452 97567 4575 17951 18436 94336 79612 27172 55395 85480 
4645 11
23371 14428 63969 87740 35526 98861 8274 43472 4785 81895 29448 
949 18
85340 66774 85625 99103 51721 16433 81237 96095 35429 22710 46937 29480 27370 44036 8189 75318 86022 83829 
9582 16
80930 79771 91380 18295 65333 72460 62732 76051 38096 57117 15781 75325 82593 26027 72058 68781 
6079 14
81771 15659 16853 80276 77000 76709 22024 26665 61223 97034 49 49798 51612 10997 
3320 18
29761 29547 74031 34399 89313 48480 43708 2011 70630 90812 11026 91490 30588 20553 7118 91773 41739 1967 
2520 12
54251 75242 85757 81415 4711 58768 58484 78694 18188 17323 95271 64602 
984 15
5364 20155 38364 55512 64584 3149 10131 98443 62866 26821 43599 29093 73305 67207 99627 
1599 17
58741 30274 91774 56688 68823 57591 9635 87916 53349 98789 75713 24330 20088 67861 3455 62123 90073 
156 10
13469 15885 65197 1251 54977 20438 46885 42859 47307 36043 
2320 12
14615 99893 37325 53624 55354 90177 69965 26836 14302 9827 35716 20327 
7078 17
33797 18627 83541 64421 29359 2187 26141 51012 73397 74044 43578 94088 37913 13571 61642 64525 65959 
9277 18
1677 75269 26618 1404 17950 82049 76296 24431 8730 95698 61344 85535 32901 69537 16941 98478 71851 4990 
9807 17
70357 28046 11262 70931 17926 56356 50486 21311 2996 17472 54826 11704 7706 59896 88376 70097 35041 
7218 16
75619 53763 17868 42873 41014 91340 46565 67526 9385 10604 45458 68180 21624 49821 58235 88476 
1674 18
45603 52323 59155 28027 90096 69888 79131 20686 35132 40543 79945 81845 3818 90720 53870 44751 37825 34528 
1120 16
23815 56255 97012 46760 40692 88529 2804 95433 41930 32711 19989 77685 16512 76503 89004 25925 
3038 17
77961 87132 35781 39108 74535 39175 6670 78023 15187 77621 54771 6021 42724 15116 83715 87299 88556 
7197 19
33752 79354 40527 45087 9789 70548 60373 57881 37221 35493 57825 50884 22905 29183 47711 32052 85002 23852 17486 
3119 11
10077 86395 2830 7275 18037 19906 55852 43504 15739 39006 62099 
3124 14
99244 31431 99456 1683 57835 79809 42065 11593 4303 89360 88888 45851 24803 7441 
9097 16
9902 9544 68480 96626 79677 98423 66826 95707 3683 69480 94747 3785 16676 70185 19818 85560 
1367 17
46282 13827 45539 22765 84147 66062 86150 38559 9091 16532 15715 47353 98276 82433 11608 75717 91069 
8098 11
20487 52912 86941 35499 83543 6241 32178 48510 45918 7982 98316 
444 16
3077 53963 55257 1892 41619 80636 50386 46666 84956 31693 33829 47918 75863 21992 31023 94801 
9007 20
81262 60182 80618 14445 4163 59658 12347 43561 14134 20795 44806 20561 29593 80807 92554 35901 95500 83338 84699 5882 
2021 18
1843 27794 71286 50373 37252 78156 81421 71534 35269 23418 32198 37960 74288 59167 51017 78468 12950 64069 
1541 10
79029 78308 29962 34350 86216 33129 52855 36213 78420 66921 
3459 20
33307 1678 87515 77920 8575 57400 24874 17120 22522 25755 87562 75515 71217 55157 65964 10876 12206 53358 28136 97886 
751 15
51453 91075 29854 5449 33695 18471 15535 59538 92605 74094 59492 94239 41058 65399 15713 
