838
9985 19
5474 86708 18118 352 81477 35989 4521 95315 81469 46976 43277 39791 57997 13262 94829 27065 44342 31641 71651 
627 20
74570 6016 49106 41993 94802 39432 20137 76493 13907 46427 61874 92874 60226 60962 18989 17668 47618 75802 52170 38799 
1949 20
24096 18968 71256 82966 98832 52845 2883 63589 5658 7767 96757 99572 99686 77607 75188 21318 29512 46254 41367 1416 
4112 17
572 27645 65305 35584 7423 49884 67144 30218 88453 95395 72854 20577 8516 8967 68058 46917 13957 
8738 17
34438 20614 68221 1081 46844 42857 89237 2052 92795 33701 88550 485 69069 47390 10840 36519 41936 
5134 15
91032 93992 97031 41345 78271 77120 73307 68890 41570 6727 98153 79664 97582 10421 62796 
5687 18
57895 80350 56915 24711 77519 93903 11163 16767 99532 26971 12006 1309 71188 40386 20019 82885 17174 64527 
6063 20
54575 67622 67848 78200 9552 95598 41516 96428 79788 1266 85987 48962 51504 36058 66962 28199 5828 91877 9218 50947 
6783 13
79679 38845 16383 95095 33737 2324 57165 44717 67583 48392 51427 16770 82698 
370 17
94177 63098 12080 99380 66522 48966 18799 21353 32684 68900 4267 96575 29325 46210 72080 60985 32555 
9255 14
80757 17705 54473 12490 14871 40739 1875 29485 19731 33025 69499 87929 10121 82545 
7791 18
23942 27113 54133 35109 83007 41427 75810 87331 49959 81321 87958 48237 26638 84014 32187 91641 81874 93181 
8005 19
66483 43568 69565 63014 54867 7518 80374 38757 58998 22715 2171 98798 11769 59779 50403 63729 75201 44049 71358 
8530 20
11503 81373 87719 5892 26138 53582 59089 88957 32631 2304 20859 16064 42760 19448 98024 99723 22968 96213 27044 82458 
2394 19
47576 34607 94214 40639 96142 36757 83514 1998 63799 25967 43263 95029 73569 6758 20575 12871 36193 9796 29201 
6871 20
40071 599 47629 87851 67662 31515 12282 59306 42836 75548 36149 80127 74615 74736 16615 59246 66013 21581 39044 13601 
3428 20
612 47401 28439 69864 36727 51354 44929 88298 49856 97430 49358 71379 56796 53296 25787 94797 87468 63123 39161 61709 
5551 20
2017 82686 16393 42531 49872 40140 25876 2528 46752 53504 96884 2612 12935 42489 29773 99068 69726 35382 61909 30948 
7327 17
97546 91198 10089 2444 91892 66385 50738 80916 62968 5377 72011 85856 7209 89861 69788 23059 56397 
2919 18
66105 2194 92778 54171 36953 45296 26334 37464 81202 22402 832 36354 22673 86866 41339 35907 43217 43173 
490 12
88188 10519 60348 30696 39605 97000 5411 44257 737 53040 24207 104 
6550 19
94970 97138 10051 35700 31067 49892 65313 11530 97857 7958 93066 63103 12759 33058 80912 57286 85050 57527 16395 
9772 17
45682 52743 10161 77264 41179 10639 18994 71956 39849 1331 12919 34725 70656 95372 90925 20394 63725 
4705 17
37941 9691 19051 51664 92431 71928 26982 33664 24661 95102 66365 29112 15961 28939 58350 46654 27498 
6588 20
60125 88210 19537 75995 48982 50826 49067 50809 7618 42352 66794 98341 1988 82960 38766 2159 75758 47631 37636 36766 
2403 14
95397 61520 58740 3908 14708 45372 91504 3412 34821 73757 86793 40306 5938 25531 
3938 12
83826 75092 43547 68684 20791 92820 70893 38662 16110 59885 37595 12180 
8696 20
35619 45104 44776 86267 17085 89554 3876 87902 38304 24855 77630 82092 78115 2284 82577 94634 66416 42488 5076 65791 
5523 19
74547 82572 20012 37009 89131 33580 80571 36834 40020 44354 48363 65454 67081 31078 64293 17531 95018 31675 18711 
2595 20
68600 24051 74434 65394 6211 14294 53077 47277 7402 43589 89403 20237 37988 99774 85163 21527 32210 58789 56102 4574 
4924 18
92541 59614 93078 48782 56151 13354 87012 66749 44645 21951 44115 66609 99110 59889 33792 66797 71417 6532 
8791 19
77912 7524 86695 7772 91907 68515 10195 70762 32205 58323 55805 40812 99958 73654 5851 95022 67079 27407 89708 
6342 18
92024 83420 56610 14438 78035 17891 21926 72245 32670 7859 54197 66637 69395 9810 92418 82294 55491 15146 
1639 18
40148 40667 63544 56413 62976 58003 48788 28634 38137 98183 36302 70902 9286 22144 85719 4577 38898 31777 
9751 19
30671 83119 97787 77396 94983 88494 86798 40731 68269 36902 6374 78043 81153 15698 12414 92385 68977 67431 16176 
1283 18
78912 89194 18163 45905 65797 29280 99157 21454 30634 38825 18667 43971 61184 34956 96458 87663 50561 9751 
8384 20
29310 76168 27699 71023 90223 79781 84313 24067 67329 15212 84933 67804 45614 54344 4986 37923 69826 34713 81966 89482 
5604 20
88745 9206 98615 83808 9978 26363 26512 42354 3229 21085 83291 89538 19539 63689 63423 74267 60539 98019 95456 75707 
4951 20
60464 83976 54317 96872 60946 68640 17168 17051 47056 80866 4648 94786 99435 84586 28703 9077 81802 97325 58531 79988 
2610 20
1382 65479 61304 49113 77032 39325 48043 89240 66708 4174 7820 74761 25060 53356 30494 52297 11071 10458 48745 71113 
683 20
65377 60442 54715 60715 154 62794 98625 42069 96692 3386 12114 53838 2189 88048 22835 13929 79372 13587 68152 42734 
5761 19
90886 19707 82127 82537 22202 13204 17367 70757 59747 7101 77951 58793 51586 90546 9465 83633 49440 58848 84117 
9447 20
38493 70663 38593 673 76262 410 89681 38320 34612 76725 33653 90735 98621 61857 42871 20351 83518 38150 14339 63821 
8181 19
82963 39996 15098 76450 45999 80560 83126 49564 56979 34337 7259 52171 23141 74272 59532 29408 37489 56597 40430 
5804 17
94485 99751 90819 91571 51893 4467 68128 41712 8105 22763 48473 62136 8102 62289 5917 30618 34521 
4847 14
43682 86820 85766 16173 11089 15764 39814 43770 18218 28196 2851 78893 49101 81475 
2737 19
1780 35484 13839 78710 64827 77444 89450 43703 40330 46156 3905 80130 33748 31512 9560 3325 25708 87118 78758 
7075 18
26973 99835 92121 86304 80133 37195 2387 66289 27107 91201 71055 29624 88983 17920 52111 92755 69741 753 
6644 19
89990 62465 5281 47332 52990 87633 79918 60249 35676 34217 2164 10816 32722 59710 43182 39066 67532 73905 34688 
6897 19
56907 95402 83304 28038 71074 14860 10856 3932 87937 54263 6564 43423 14925 48793 75602 16476 73295 54084 37550 
5912 16
58401 15943 77245 7871 88435 63121 99381 14229 56772 17694 36075 35156 13665 55233 96622 4145 
8124 19
24203 92010 91445 60124 17381 43674 16017 73964 63901 96909 47515 64953 77569 20796 74777 9262 42355 69653 93906 
8795 18
47816 36151 89427 30617 31898 51607 7588 75616 72714 7515 35653 81608 33606 24629 34827 20115 11887 19282 
6253 17
51545 10342 66108 98355 77863 34810 71436 51490 43797 83025 25956 9713 56995 98882 51496 1822 96307 
3854 19
2245 69562 45850 55034 6534 36681 23466 80787 84046 23882 76913 94929 20817 92790 32246 28893 28622 27739 34562 
4496 12
65932 51627 92646 61278 53580 54582 15628 93963 95947 86869 2210 94856 
2297 17
32352 98491 19238 67018 61759 74118 54343 20451 72402 48161 5511 6718 42504 70960 26037 34902 44219 
3243 16
90145 88483 86477 95605 87999 91479 36187 85091 36767 23264 85995 22446 20909 30365 81520 22565 
5450 20
57511 82616 22566 52840 68959 59419 57238 38670 53752 14522 71235 63132 72058 23928 65428 77409 56603 15446 29993 53725 
3491 19
39981 83403 16186 36976 24849 92693 52272 84838 24919 87251 81078 49651 52810 19591 751 55230 74566 39672 77477 
8283 17
21288 75797 34666 69572 52552 81890 94482 96375 29584 93762 84177 91275 77395 778 93624 75951 13885 
8677 19
59762 61954 69066 98603 36527 63444 84362 95939 27075 87787 86212 5765 75934 11813 57476 65537 70719 55736 54100 
661 20
48941 87312 32402 83190 46618 77606 50977 25973 15297 26557 49350 31489 55860 41272 44823 15973 86001 9112 5110 66405 
2359 15
9508 55889 14067 60259 78319 30503 98686 63497 83803 19053 20678 28632 12451 52615 85810 
3991 18
13418 76039 74394 60091 84748 965 19820 53412 20429 90156 47613 18276 14943 89303 14661 63001 46311 59533 
8728 19
71936 35203 33260 69082 65433 50050 87702 32405 56671 10134 74374 73194 74978 35881 72584 47730 18116 81479 15654 
198 13
36870 79943 3333 11316 19029 46140 9872 42091 40934 37953 86139 64023 38878 
7709 18
99195 24499 28069 69407 9816 71892 58854 6194 78733 23021 56021 67654 91415 53259 88615 70512 80735 37972 
4506 14
46480 38358 68459 32001 63107 98349 69560 48250 39993 93152 7121 5368 88297 9268 
2017 17
20243 5622 94563 97604 74179 75426 76967 3036 29367 17264 23740 62087 67785 57327 59125 8443 14595 
5426 16
72585 5925 19950 48107 28081 75702 80817 89167 72459 51907 8856 68419 55517 80783 45328 94840 
751 18
51453 15151 91075 275 29854 5449 33695 18471 15535 59538 92605 74094 70627 59492 94239 41058 65399 15713 
5707 18
77110 55450 94206 85162 73003 64178 76052 46879 82908 45800 24447 88993 1421 29307 52522 69918 49598 10591 
4138 19
7028 92204 45568 17444 74424 68663 55497 97831 57207 16048 41421 45495 34073 96595 37046 67693 59332 57000 6958 
349 20
83215 64201 17897 92378 49971 45706 10212 55168 56492 71808 20469 87536 18167 97265 39545 93253 59352 73350 99807 34171 
18 14
52395 75224 35169 98878 80302 64396 52255 56601 55842 73308 69057 29586 74997 74125 
29 18
93750 80532 77682 66311 68449 12708 33042 69361 80009 55674 33336 68691 77350 99675 97733 50056 23600 69534 
7281 18
4425 53518 35664 83800 8971 20628 33026 12771 39968 64213 88047 87511 27077 15340 74003 3009 92440 26693 
1045 20
17105 25087 20595 95978 77344 63622 90560 21886 41485 54028 20566 44114 43439 87873 56316 91949 29992 39892 38313 49560 
5023 18
71227 57179 42712 75447 66078 8667 54788 85676 13803 72850 31201 82184 73933 50887 5825 90649 87136 44869 
7534 17
6159 57846 42500 65621 62332 57589 63250 96584 75223 47444 46911 12910 62273 70731 15974 60646 23357 
2732 13
98643 34513 60437 17453 48868 58308 55683 61549 12612 45352 30026 16158 32601 
2701 19
58852 20053 46258 84931 96024 99187 12255 71792 11694 86873 14226 99502 26007 94087 30546 18748 53122 86529 54900 
8617 13
27336 12078 70208 80572 65001 56222 27070 53656 58113 96366 24555 73616 62826 
3953 18
5704 78057 66720 51407 54495 88667 95826 11603 32155 95955 64015 64680 38261 15550 80813 28280 19290 8169 
3318 13
76786 43084 69979 1598 61006 58059 15194 32281 86023 94732 45513 22250 80271 
3679 17
43919 30290 53944 77953 73279 33897 32628 49586 15648 91484 54193 20209 39446 8895 23169 73820 64846 
4041 19
36209 67203 36335 61332 7519 42016 39959 18840 8987 96657 94230 1697 60264 29633 30664 48152 79585 5935 58815 
1133 20
89093 48670 67618 35861 41188 21741 20708 87020 41625 20269 4635 80544 50898 23940 6023 84375 23045 24559 22869 28103 
220 19
80199 58268 37332 69313 53737 15813 42679 16920 19587 51537 813 17440 92984 90127 48577 79410 27476 33342 18369 
3134 20
34939 78031 35068 85767 57795 66699 51206 85527 76660 34373 24736 76719 79014 48041 56152 55714 49408 67351 57609 96407 
3612 10
12164 75570 74097 94125 16598 22854 26970 15834 60652 25134 
61 15
26401 83635 10448 30734 22628 26630 270 91850 91434 4280 78493 81777 99911 74641 38128 
322 13
37233 86071 22915 26229 52127 65870 72500 6746 11553 24630 98762 96607 47789 
2380 12
11146 42369 37395 29106 12664 65802 90457 11550 83028 6118 96137 75099 
7104 18
6640 86511 88759 92978 52594 14464 11303 87687 54403 2984 50761 80549 31313 13281 61556 72320 71194 26014 
7989 15
22925 80808 6800 31099 46874 12877 34694 46347 25304 39418 86559 92114 95793 33147 4181 
5339 19
74857 8649 63380 97317 93773 61805 72427 57668 56296 82022 11166 58639 40789 57166 68007 42866 21895 58878 12125 
7424 18
80275 96478 99679 21074 79582 15121 32507 99761 32975 35913 93336 68365 40705 37115 66877 58581 31399 87547 
8967 12
24999 89005 5548 67219 93546 35219 14848 48808 53033 73093 55867 42625 
2664 19
52093 54995 84514 69525 70202 65434 57718 47150 73448 47589 80596 57976 96111 31295 73485 91693 60287 30059 39531 
5532 16
77124 9624 58431 75618 36759 45150 76154 64219 20449 84803 81458 4594 70554 56444 8841 99553 
7582 20
37525 88057 33158 82778 1809 91952 74381 20934 48702 16226 47879 71537 84906 57028 62470 21340 29878 47593 69696 77684 
9855 20
60258 74200 83257 45533 55738 34698 84226 89198 14014 94033 64392 21342 79077 31629 2999 56073 18568 51479 24583 69233 
4535 18
77091 28322 69520 66425 25667 36600 7516 58582 4879 96236 81877 60973 23752 57008 17603 59703 30949 28816 
4074 20
2184 22232 75565 60749 95481 92803 66165 33235 7282 15039 47160 87003 95431 39999 40629 87243 71391 99133 31062 87114 
1737 18
11483 75184 75599 7055 24216 38352 41108 1912 35667 75169 18610 63090 10209 39513 96574 74518 28258 7610 
5697 20
46481 70873 31031 87577 60488 1121 55750 95299 20694 22237 46771 66684 80194 87279 71978 24566 85458 15736 64853 27942 
5 16
48874 90613 30091 70553 47081 98759 14459 86009 31929 83777 62891 41431 34776 32713 85820 69906 
2998 19
3616 16572 31009 41318 13822 95424 71448 88364 26160 31381 12141 94677 54540 1070 42006 59790 14986 26729 87616 
4871 19
920 12492 79041 29616 42134 10014 2030 11543 55914 58146 68337 17652 50357 83073 18945 98377 17164 66996 72701 
3888 16
18783 31181 65978 48997 19790 16043 36669 53145 50173 50971 49927 82433 65341 14061 72634 52605 
5724 19
83428 63547 24578 72830 21401 8025 43701 12844 3319 16663 13122 89956 53478 4331 91251 9003 93722 19536 64761 
7833 20
48921 80729 81100 15040 75439 28263 13413 27970 6455 13335 25955 76171 17284 55296 951 77924 65603 82706 28929 96292 
9829 17
56041 83501 86822 88487 64120 77453 20136 75869 3990 21391 97558 32779 67231 11205 47315 51779 70861 
436 18
41981 63990 73634 30423 15140 94503 96497 6930 20540 86715 11589 80284 65951 48725 58907 78386 57743 6619 
1204 20
691 88684 78355 62670 97140 58673 11271 6582 12557 64777 79823 86720 50420 91388 54349 27545 29562 11677 31487 85773 
7491 18
32661 60681 24104 14389 29611 21049 39743 67568 89044 70505 75423 25513 39338 6316 43424 48935 8221 69142 
6979 19
89839 41474 32591 40294 57859 71799 71246 93347 41412 21211 30325 25493 15498 8991 43631 3425 18600 22906 76206 
6338 18
99700 12190 60792 87196 95615 14542 90076 24605 84191 50679 68607 73241 28228 45550 97460 85867 3993 87956 
9934 14
62769 40644 26078 85896 76048 33290 31611 48939 61475 13865 42785 12599 50954 74498 
5255 15
91419 90966 16814 1064 76864 62365 38278 43445 23025 64732 63159 60635 78135 52593 37518 
6079 15
81771 15659 16853 80276 77000 76709 22024 26665 61223 97034 72673 49 49798 51612 10997 
1899 16
23284 60303 1716 62989 58204 38591 27669 57857 18414 54589 9339 3380 32672 93748 42150 25893 
526 13
87714 67485 29292 2504 33586 98157 9200 69570 54307 62761 16735 33981 1491 
2590 20
59603 58315 54953 97615 34053 43951 70859 83513 78111 45635 29997 37688 5742 48875 24522 45069 66541 90452 42927 81087 
2541 18
23352 96147 57554 79040 25662 73929 12444 32094 41831 12038 54239 98796 43459 29965 19302 59039 14967 5197 
9775 17
63160 77427 96993 79094 63112 74620 61448 40064 94834 91818 58834 4152 7553 65172 75873 51106 10071 
5065 18
32542 28614 40458 9950 71471 311 6870 20130 3096 69453 75917 99038 63892 77520 71880 62380 89812 99758 
4437 19
80624 51678 39214 93000 87815 21619 40073 9398 34930 43054 69434 68618 59281 47173 58316 13497 3701 87657 30799 
5830 18
60649 78489 12702 23539 13259 72476 72903 38494 66515 78890 24291 6634 69900 66499 72095 48468 88894 19095 
8931 19
44975 73422 46470 5681 56908 78860 19568 95780 30542 85129 9389 14462 48430 99045 14270 73278 51296 64479 79669 
2426 16
62386 46011 29891 79815 47956 20121 83455 80268 32695 26876 57164 41980 15831 51424 36818 6297 
479 13
65438 31568 15780 13011 90023 95650 70053 77731 9176 95716 4191 98692 15992 
4460 17
76084 82131 56836 43208 51201 95798 36327 54694 35789 42973 12804 69675 21702 98425 25169 8319 96436 
7937 19
32944 48614 7517 78805 4329 81827 13847 48712 50105 34861 92731 97092 79984 74379 3015 12807 3518 12068 62239 
7494 12
623 10857 41288 10663 79302 90878 36353 70468 51017 76735 4463 85508 
3670 16
85010 46239 63076 31194 95329 18286 98103 74496 16434 89428 74261 6842 8655 78106 99673 49289 
4631 19
80045 80217 9577 49982 43970 98260 49649 66446 52408 56132 15196 40434 85608 80023 74390 6866 489 12505 63708 
4355 19
55999 62148 73320 57430 45052 87950 1478 7753 56024 50139 81916 51294 98644 28851 13807 62132 26051 47254 60822 
4736 19
23051 64186 41403 34286 1236 406 98447 69697 89745 10008 65571 58432 8326 87734 9639 49261 96509 56385 52345 
1425 11
68541 41816 74273 90989 24556 55771 82434 44715 74693 71125 61665 
177 18
56212 95196 74013 35086 79625 32108 58466 68856 24856 38787 859 58838 63728 41033 86060 56541 45612 722 
1984 10
41551 29613 12902 95766 33464 33105 92038 32744 60456 80178 
909 20
89774 1692 42366 87173 17502 23621 33171 27663 24854 75877 65927 51278 94417 31093 87262 3975 8163 92502 53707 68062 
8917 14
32911 3456 38007 42526 18745 65614 10177 14901 40941 61097 22365 60134 39083 6604 
1760 10
5901 39132 49620 14830 22422 40929 58487 82880 46805 28953 
2565 14
67723 13699 60170 1357 31243 98444 90677 53394 60023 92265 98761 1581 45078 77450 
2021 18
1843 27794 71286 50373 37252 78156 81421 71534 35269 23418 32198 37960 74288 59167 34561 78468 12950 64069 
9203 11
24592 81842 27088 71731 83264 8470 38458 6905 8113 67814 91060 
2269 20
13151 68373 36013 77141 83406 54550 7341 37632 27432 25367 24443 96431 16400 77337 54049 48995 21349 79711 60244 96225 
7984 19
44930 27980 6981 57104 7690 38861 57279 91557 40900 55615 78896 88120 97991 96995 83098 98660 59248 60574 56008 
7358 19
8226 41726 81897 46729 65508 65619 36550 63957 45114 59605 34271 81543 47834 46203 30585 67570 34122 51487 88944 
8149 10
16863 79950 87508 71560 59349 39297 11281 46288 42728 88199 
5348 16
2519 30289 22038 37958 21795 16521 30371 60666 44592 63951 6144 42335 75228 92159 70428 9820 
8490 13
12447 70466 48919 72199 50163 75442 52199 82276 6067 6575 74268 5462 1738 
5635 19
71504 43377 86870 58156 54205 94606 61221 25642 60210 72732 32143 57236 21248 13394 85062 37473 76916 50090 23086 
9918 10
63551 71772 47523 14457 27484 83949 61821 79933 49584 31825 
7639 12
55346 14711 11865 41488 69811 4433 70089 24980 34941 11453 14760 41217 
1683 17
99563 97826 26994 71602 76241 69275 95226 11831 55987 26936 99745 62990 20579 87175 16740 65612 28803 
1161 11
41509 24904 17614 57095 31630 50715 45754 83258 35684 47289 6615 
72 19
78903 86298 89314 46450 48253 91093 11162 4881 4102 54942 91784 59615 12452 17698 60433 38635 16099 63639 52737 
5853 16
45690 74745 69503 15189 86337 35992 74376 46472 40237 98161 7334 52055 26098 78738 71022 51319 
336 13
33376 95097 68306 69547 14879 35413 708 45101 4456 4018 20031 78480 72530 
4193 12
82470 16068 8596 51587 29869 52011 58278 97482 99564 34675 49397 24403 
3459 20
33307 1678 87515 77920 8575 57400 24874 17120 22522 25755 87562 75515 71217 55157 65964 10876 12206 53358 28136 97886 
5311 18
88308 47594 27 85283 52285 82953 37385 75001 71301 41168 81510 56186 66267 5980 26765 40337 31674 76763 
5117 17
81352 84432 8709 18535 3822 6466 4056 94198 57577 24745 99375 96074 47619 12315 23603 99343 46548 
7974 12
59320 26314 27448 26355 45484 36882 76647 20571 74034 46166 46572 88310 
9083 15
86690 83084 61835 88035 40282 6584 43505 42921 73373 87954 59202 56694 44722 83883 64502 
2942 15
98932 81564 73004 90045 69898 19722 39100 23015 82493 25245 86813 6497 62440 54930 5417 
3605 19
8975 83102 13642 45987 61346 66554 94252 90870 23769 87257 68443 72147 31578 25793 27779 4942 83853 98521 42192 
5771 18
86501 33122 1209 24242 99914 72219 64988 59863 66534 3612 93974 75809 79899 54432 93188 49265 33987 61655 
1356 19
83283 52190 15920 73445 49706 77787 89796 40507 61543 74453 1718 98328 70779 66975 63860 57786 7850 74656 13975 
1229 14
79616 90096 42863 89893 69387 11794 11142 52749 50904 8896 76472 60936 79141 63469 
2250 15
38008 10297 87671 68845 14779 46943 19243 87037 52198 54812 3417 3737 95542 84817 70257 
4059 10
95569 62569 88056 12229 19054 3166 23918 50230 86716 36425 
2892 18
51425 30672 26190 51820 85247 50451 37513 56667 55996 15090 20135 74543 20815 53745 9474 4658 10531 69949 
2247 18
82702 68220 38308 22281 8131 30364 37130 84230 75941 51686 996 33832 36357 48484 63658 81455 68102 12144 
2882 12
16292 6626 34082 78934 24478 34255 48828 54090 7897 83698 130 65860 
7819 19
47416 71839 88097 42215 89224 58796 8183 21414 86747 20549 60221 53006 39170 32704 86604 1367 37514 58040 85469 
1800 10
62554 51532 24025 39404 31341 97417 88329 75484 37546 81760 
5064 16
58186 1436 904 23729 76181 45071 31266 55912 84578 92927 43448 51920 14305 57941 56560 65751 
960 17
4926 72642 26015 68638 81617 84332 76569 79697 10369 87430 87879 69955 98653 96800 5744 46488 99227 
8691 19
48126 46058 1012 33992 55052 80049 35565 87419 18437 15480 78477 20152 50247 78715 29434 85175 15371 11153 59290 
2608 19
17701 94767 70583 49034 37863 80164 11918 79658 63594 86940 54742 36745 34119 56123 36770 99212 54180 46504 54120 
8109 13
66840 10811 75268 5407 34450 42969 31540 23360 52328 42782 59017 36052 52339 
1653 16
37098 38343 23427 57035 29400 96842 94978 93600 28095 28629 53375 28621 32573 13447 98634 85842 
4381 20
21975 38669 40460 18215 75947 3505 1852 49126 46161 24950 38524 81256 47841 58217 4894 89736 1734 31979 50195 54841 
7703 19
11933 95279 63948 44564 32939 68317 54345 89064 94079 64877 32516 79496 79705 43787 96912 38896 50033 83945 25525 
416 16
27052 96196 71411 80870 58698 61397 57140 78548 10280 82929 19674 84065 97542 348 1508 85782 
1348 17
19371 53262 13098 39422 90465 58518 6111 27379 41574 65834 10838 56091 90943 73329 9142 55706 81953 
7602 19
19354 16194 57756 55866 51179 92992 68971 35322 8564 73009 69532 35406 93420 84010 24569 66308 62940 46366 20107 
6115 19
63877 83165 74708 46716 63246 1292 68866 8724 77082 28690 31377 25374 87223 30659 20120 15175 37543 61183 7852 
4717 18
56201 65413 2654 29078 36568 51880 86264 68665 67252 43891 61195 61563 81351 28190 26828 49956 12998 79767 
7259 15
28997 72463 70983 5724 14752 76191 32807 65832 25195 44513 28395 76989 40686 40291 28376 
8572 18
5616 12537 23157 22464 61981 96767 69201 93536 11908 88489 82427 99978 29877 64529 54514 35534 53430 83108 
350 11
16689 4757 28363 2565 10810 43238 77936 8204 39345 55647 34408 
9200 17
95783 40998 49335 23736 5786 75076 72874 94798 26733 81025 86219 59635 15517 8628 13319 23611 21877 
8279 11
63029 73237 11213 96414 98543 32039 43322 79437 63624 82502 24737 
7078 18
6535 33797 18627 83541 64421 29359 2187 26141 51012 73397 74044 43578 94088 37913 13571 61642 64525 65959 
2830 19
73779 43765 27169 2816 85802 50999 24754 93477 11521 52506 81508 66058 69904 17347 2023 22923 62515 3571 65030 
2006 13
94498 96323 16873 36998 3964 20664 88446 79411 27157 42790 96719 75657 42447 
6976 19
81336 89056 92586 97336 11231 2163 56081 92699 97119 69510 89120 74902 32712 66507 34239 26150 80822 64849 33516 
6213 19
63457 77424 10865 13393 29136 94635 72552 46054 82724 63817 51875 9811 64840 29045 32725 95472 58212 40932 82901 
8648 15
33752 82906 80463 5890 5663 61228 31855 85459 81295 92903 41666 55376 40446 25704 15391 
1960 8
15752 67313 63258 35270 71320 30379 90691 13869 
806 12
68168 71891 61355 43442 81762 91541 43249 77280 59283 25022 2074 82846 
3478 16
19603 46573 84384 75878 27194 78047 56797 14397 47361 87497 38160 67220 27823 50353 60296 82528 
5360 18
33065 91915 18325 82605 56937 43051 56856 69020 20246 20416 31018 55642 66546 76585 22487 1845 73095 59857 
3536 11
84469 26612 2153 91468 94519 7099 78188 63716 30838 82930 25393 
6277 15
20523 79942 96051 74588 78484 24975 22942 96071 14576 67239 19770 31178 80304 36900 38283 
399 11
5660 36203 59660 55849 58319 86560 72616 44405 92949 16700 83483 
7120 13
92811 52987 81466 78578 55580 49243 86758 84236 98211 19466 32987 58277 46518 
2339 16
84827 69216 65811 86162 55998 93801 48621 82212 88562 13989 73062 98479 16402 31604 63521 676 
1349 18
28366 22375 94002 11511 19353 74174 82237 75381 17539 56202 42110 32056 50069 8164 86640 63894 44508 75694 
7838 15
41456 59223 32256 4101 76370 81182 23853 67961 44332 34832 10875 44970 34154 3645 23441 
8887 18
19827 12560 89506 96383 42539 41297 74971 45450 67211 80223 73556 63045 69321 19482 26988 50060 87881 6956 
53 10
19871 45897 2478 1061 70968 67042 56156 61098 42293 27198 
4758 18
41803 61417 26076 4552 94218 63986 71749 2686 74497 91216 47525 54287 2051 92408 33654 24709 99010 84347 
2901 19
21422 6452 19814 20707 25691 55482 32616 94766 67673 12040 88634 58807 13741 34002 32970 85111 16397 71126 55760 
9027 15
30917 80014 57018 65839 672 33279 66363 7339 7881 32154 87363 96865 58873 65327 16771 
1137 15
94733 49198 52467 23843 73122 32799 15617 53183 49964 181 41013 38498 89486 75813 86110 
1448 14
89811 53233 91418 45379 95566 14370 97191 46160 88725 92889 88507 45990 61385 52876 
854 20
41186 99670 68050 46127 41059 92231 24645 70000 20317 22817 81781 40915 38894 59807 59064 78498 30572 5310 95779 59377 
2819 13
53398 37738 73219 94870 3543 84131 70051 11173 30728 37410 66875 43177 43189 
7841 19
53855 51679 13603 47100 18316 24318 59880 91832 29602 29245 38953 73346 48987 34294 17413 32406 72893 40280 92195 
7261 12
80930 42784 11531 19734 9894 56593 65000 44155 88509 78525 1049 69987 
3631 11
66266 86143 59251 30548 40965 90539 34949 12851 11774 64207 67343 
9956 12
34601 84525 73679 97509 38387 83481 26478 32066 882 86895 39065 51185 
293 16
89089 32085 1378 30919 15322 88008 35161 19233 74344 52805 98159 66807 21757 87656 46410 23028 
5219 16
22188 22397 30980 48243 90846 11650 65749 94762 15058 27426 2318 89641 4727 50308 86054 68110 
3707 16
94335 59239 77984 32128 26731 766 36584 73730 10101 816 15299 22587 69122 13629 38976 57803 
6025 17
15234 6027 69963 10318 83520 30227 22909 95640 59016 55115 73040 7756 60996 79770 57798 32999 22120 
7042 19
60582 42074 72464 37687 49221 64879 38712 77640 24343 10231 94727 18110 79123 87349 18938 1911 92896 27467 69648 
9647 17
6639 93830 20992 36874 77077 22523 36307 29392 25354 35547 14951 3723 46419 25514 24037 95318 47109 
6772 13
95671 19919 86445 24112 75938 62509 23500 45113 88834 90050 95512 46842 68161 
5849 18
1608 97553 99523 2889 49834 44926 19152 79817 89578 13806 75944 11766 80951 45652 45671 15950 45274 80858 
3720 16
70147 39381 46806 19264 60814 32015 63846 94835 35343 11291 84943 31747 47043 85826 73304 41114 
6241 18
40462 36531 42960 25240 54471 21600 74814 40351 66575 48146 12416 61451 13562 66639 98014 31889 86442 88617 
5263 15
73291 15260 64389 38744 35600 83457 36344 21385 805 41725 37405 63602 78398 27573 90365 
4284 18
20698 72299 37144 79590 23103 39219 74488 33387 94524 79501 99442 4492 84059 55489 91306 76024 95026 40266 
1504 19
89495 53279 27272 73289 60114 6788 33029 48312 55493 5201 87612 81801 76629 36228 10783 25159 95023 12996 39026 
5202 18
18250 60356 31782 86155 19273 21096 65496 84690 58369 62898 97824 34541 24818 87187 84619 58381 70761 15311 
1154 19
76263 89411 4517 21593 94666 38244 68390 82830 33886 87964 22384 93107 44725 33249 45281 78403 13341 36558 10939 
2044 20
29958 39554 69029 71861 27066 89068 25945 63471 64546 92294 79761 7230 69976 59429 90947 34336 2766 73699 63723 84863 
9643 13
89827 20495 46820 80901 63647 77608 9887 10389 7922 74217 38126 52650 41542 
9291 19
61965 53569 90997 18754 49163 31620 98661 55315 21108 85620 77294 70367 28135 26874 18872 43178 28222 6043 66701 
2126 19
91307 15433 24695 2994 83515 37437 39045 39158 5152 33272 46775 80042 18221 79908 75921 92653 6266 16653 14772 
2097 17
71974 13950 4479 36914 56512 59220 12344 99396 58614 95184 70408 55915 30639 19472 72902 35119 84576 
4116 13
9338 40454 52495 28986 19149 61807 43174 67788 14922 36488 70766 41152 10414 
9053 16
40703 71014 5886 1638 87880 16455 62941 99762 85879 60614 5280 47051 76721 89802 55265 22199 
8226 18
55921 97687 63151 39877 1389 80110 32452 91670 94548 39729 67199 23282 89734 64000 62583 32778 42020 1636 
2939 19
15294 83578 71221 60020 34818 48044 49061 44832 86735 92297 94255 58811 21792 20079 38351 45175 11719 82135 43139 
314 15
63165 1523 93867 44995 50012 59963 60167 22302 10109 84531 64337 88138 70539 92456 64334 
8285 13
57228 15191 77979 45320 34260 72167 80043 3807 13554 21592 93030 96181 51240 
4282 13
48647 24119 2826 73848 92529 28368 44260 25863 64616 84431 70708 27680 64745 
1596 15
79620 43430 75356 60540 25014 30880 29111 76098 99733 15116 66979 11141 5745 19531 2125 
3993 15
47019 56292 58199 92861 21837 89549 63237 57768 4313 22861 80554 60365 50285 90129 43520 
1004 12
87426 7509 2399 71234 62479 24346 19231 71759 40950 77426 99535 70011 
6416 19
92349 45119 10158 52550 57172 15413 5425 10699 20964 99308 16620 31915 66830 95684 56390 81253 47968 90005 74318 
2567 15
36475 71812 96810 20741 47761 8448 15997 18612 17752 63381 48742 72348 30691 72801 96368 
8758 16
13373 66675 45583 57507 17985 18403 74958 51760 95727 5445 88026 60299 49244 24925 68057 36492 
973 14
91042 56535 18062 83999 67173 94639 50798 92793 46139 6862 60779 92156 34780 64268 
1634 15
75776 5282 2981 36241 90605 69902 34392 18305 15323 87092 24468 48779 774 57740 42058 
6760 18
58782 18940 39307 55649 84077 77028 92406 62767 98616 10514 85057 950 1126 76560 44692 65570 55458 52244 
2943 20
89074 42824 10040 34734 14627 36728 35038 19155 56395 38998 44522 11954 4916 61497 68429 56722 68857 48077 8051 90985 
587 12
95174 14665 73207 55872 43069 53810 56129 5159 79343 80208 89899 9451 
1201 20
78818 16196 58677 48464 28933 91106 33588 99331 63192 4850 34078 8851 93111 8585 6471 84256 26759 66837 33482 99899 
8050 15
68239 93694 18693 42059 37194 39647 50751 70363 63540 12728 24179 36105 88971 63265 78373 
7258 14
13832 49014 66786 79746 73383 53365 66192 83588 79404 9938 80630 33015 60285 51793 
6940 17
69993 27468 24199 57710 73925 39870 85883 42102 79244 9446 6553 26739 58983 59466 89434 39164 60078 
6054 8
4824 58795 69265 4114 63110 15284 52082 61539 
8449 14
14558 20646 45138 28274 80146 39740 8130 1067 63841 79160 6551 88496 150 18333 
8505 17
51950 91543 75626 82264 70781 63958 99498 40259 10869 86182 35399 62215 4848 44883 68405 68816 53693 
8417 14
15806 34207 5554 54051 95160 69505 48496 29388 59672 84194 90421 91406 52090 52851 
9128 15
26264 20291 77778 14032 6199 22056 76510 59735 41170 48531 90595 43449 6763 88368 66290 
868 17
24532 71352 20414 52243 47902 44131 17941 98580 50525 50252 42156 55200 38056 19436 48775 26508 4022 
1668 17
80410 44718 9362 24030 55783 58743 67446 45921 46296 40392 71723 97548 21420 77215 17657 54122 77181 
5555 16
43114 41617 26780 15588 5128 48511 40617 72557 77368 44824 52666 43089 53231 21604 3773 88406 
5397 16
53613 46379 25888 53554 78555 3816 98963 53189 54150 71639 27789 5699 77282 94475 15078 73351 
5565 19
4315 56005 51182 79310 77462 5639 91866 72878 48934 68023 95217 14332 3209 64592 29798 66873 70688 39586 70730 
794 10
74291 19230 26937 19564 94453 81411 19740 14396 9991 64596 
1023 14
9084 94739 10828 85591 97098 27354 97587 89160 61112 55186 83452 99039 43370 30515 
5107 8
26124 16207 99782 89436 71935 42282 25261 74495 
3525 19
60690 22992 53202 39839 33222 88124 26248 28338 90138 4701 9648 72796 5122 89782 54655 97816 80204 11729 99793 
1453 20
17714 25123 54983 15385 56190 28208 24651 38811 66733 39332 49749 74243 1339 59341 61255 12015 70749 68226 51412 22832 
8841 12
72659 84550 36520 68411 51934 56422 90949 85002 33631 17203 60487 20256 
7630 15
2334 70287 37838 23548 58172 82939 86198 64382 60555 92006 1471 79061 20506 7311 47513 
9564 17
78145 39193 32607 38194 65091 4400 3879 47827 70424 56167 77329 94564 87438 92259 89514 36491 69604 
1721 18
96680 1328 66601 97360 92021 12941 12706 26762 75648 9681 13436 1271 45900 29998 6368 979 46182 49144 
6215 17
17113 4949 29973 23386 11421 16553 94148 52762 4744 24129 2140 56408 67089 94517 45216 49415 96662 
8792 10
20600 70303 38764 70023 54232 9735 6357 22102 89532 64469 
8409 16
82810 70955 19868 16772 56398 36205 10599 64630 30021 69191 38887 98392 38604 65606 59291 86197 
5810 11
7993 28584 21603 86804 63360 61998 92677 51085 74309 74884 81225 
6973 18
23983 77403 46445 12060 95609 53502 6542 81117 46200 37169 7409 77705 3243 27754 15418 39018 87416 29035 
122 8
89613 22078 37843 98090 47800 78834 13385 55902 
5510 12
66083 80974 15448 45455 23029 61620 49426 63147 67104 69642 78494 77436 
3216 9
81216 74598 20333 21563 14944 79179 9436 72361 66583 
4430 18
44228 62452 81339 52219 68883 36836 55012 1557 11400 92534 12679 37523 3216 58755 80658 73238 80369 93730 
7305 11
23444 89141 17735 27769 569 31000 71052 41276 95997 16103 80227 
8177 19
86465 62193 37076 27778 18057 61129 12332 45970 34772 72882 12082 15824 87722 47292 19949 68303 41349 30779 42461 
1478 17
29736 81910 56764 95287 31959 59763 21990 16091 11030 70272 94114 99281 44076 3165 94760 88154 16541 
5926 15
35943 78192 78639 69838 40395 86784 52752 97132 71833 33209 87561 66234 34786 18542 59526 
4589 16
15019 60847 25544 63137 69690 7474 16290 57543 85547 13094 68905 21652 37167 42443 35659 65364 
2075 17
24782 49072 84055 68423 1448 18433 18122 39879 70852 86288 50393 41424 99139 69430 39111 4859 38228 
4592 16
22756 11984 50130 2737 67041 94241 7033 56565 66520 32609 62166 73461 71248 22769 99838 128 
1864 12
30623 34568 78112 46864 18625 94551 54703 96511 52248 22717 43957 33943 
1420 18
76512 27803 26410 18028 72371 28783 88102 74425 89894 11526 24206 24401 46426 80524 39276 82035 1597 84686 
414 19
58203 57632 134 4391 35170 30257 13209 3857 11876 12491 43849 47195 82540 55000 67594 72431 78367 75477 61099 
3597 17
30212 95110 43268 15572 44464 11413 10118 37962 76133 43181 26650 84345 90342 12667 73670 55285 59146 
7235 10
30491 47777 84840 92170 44781 73562 33766 8567 45488 66345 
7038 16
61179 99644 64379 87874 80352 22970 95361 34793 74706 3068 11272 45102 70019 43484 16268 19777 
2137 18
70379 37854 56949 64790 14704 4572 44632 36726 75376 26245 46404 93795 56775 24477 75016 88626 23019 70737 
7438 19
92491 76815 43162 1137 35463 42865 50938 85581 86426 68645 50115 74677 29776 82920 7093 59314 89848 39760 60101 
69 12
61389 68154 51531 84681 24952 65739 92147 5808 11810 61912 52387 35067 
9100 14
40503 79050 41747 67500 72373 1905 11852 53450 26345 14179 24333 48829 6610 28665 
6751 12
92329 82752 53100 53945 6353 9499 3186 91002 84948 97696 57764 46146 
2868 16
97267 93229 13782 28241 26426 62894 50956 82584 77889 13959 58064 64559 74618 68021 16062 97707 
2346 10
90784 22001 38852 62638 23022 5214 75265 33916 90132 2355 
1559 12
48838 83093 90715 51878 13735 44809 57844 91615 49428 21448 94008 32310 
92 10
73669 87154 33545 20672 9131 37274 57354 42710 23932 76538 
8300 12
33813 54196 41532 62377 92704 73038 31408 60051 10836 51039 15770 9754 
5390 18
1629 91957 41659 46059 96555 76674 98409 37734 9937 80485 5053 65140 61675 83944 32506 75021 41223 41258 
1432 15
44014 43667 71266 696 74840 39239 92158 63003 84417 35888 4996 39998 26297 67751 1554 
205 17
48013 59987 38482 66489 17610 89409 35266 36301 67607 64997 5036 28752 22789 15899 54398 81965 85922 
679 18
8937 76598 98826 5008 10728 38913 39950 5442 1380 85535 63537 91702 38440 56499 66304 28064 42288 93904 
3632 11
42140 34962 73286 56974 60329 55839 64088 31648 94062 46997 91017 
8518 11
85977 38231 56852 92374 97852 41806 11461 22438 97315 1534 48724 
6960 14
6247 71899 54459 19748 10844 72698 99689 50433 14405 67911 82588 69862 36781 61486 
3568 15
57089 38570 66803 1417 31134 3120 9324 37582 34112 5430 38169 20511 15600 40438 99956 
6602 20
23964 69698 64584 66197 71718 24465 87723 83015 5244 21751 65253 24284 80221 69991 93392 33369 64012 86127 52271 63803 
3747 11
94619 30582 47358 98704 61016 90067 82267 74597 33314 62901 11780 
2415 14
17257 74055 95638 94287 27490 83554 4557 80257 17962 42484 53402 36089 45738 86608 
4977 18
63297 11224 11548 49185 28301 24860 50638 67647 37896 25892 76211 65947 16293 90518 29970 67010 28157 36862 
4068 14
72005 57186 46190 73470 64187 19220 53856 53021 24237 75385 93308 25918 48269 79609 
2748 19
97353 89307 58708 50870 6769 46437 69404 88290 37030 62407 9987 52911 49258 90422 4870 35159 18483 61210 64461 
6229 10
76302 75827 28422 81657 24198 14751 61540 8106 10817 17584 
2787 13
41695 42080 39196 18277 48839 40733 9806 88269 57208 29539 27314 48346 30131 
6528 13
25347 50675 47273 75647 95983 13492 15264 66048 94286 44540 89483 31839 52222 
7017 20
7207 15917 23908 56804 11293 82204 33816 59088 67201 53743 91429 41110 91928 64645 72638 3454 24393 88873 99676 68073 
6953 15
4460 44169 71259 40597 2391 45821 54548 6931 67642 46259 29728 66523 84887 52169 46501 
5818 18
55359 1281 66216 84011 40475 91785 98400 34960 59170 32589 35342 70993 6644 14283 10087 51908 72617 63941 
7285 11
40018 63576 89313 26738 73564 5389 69891 83724 81492 65547 24772 
1351 10
89302 21165 47154 31055 28930 19843 91501 59813 2942 36129 
7344 15
77416 66432 90169 12714 8712 77088 22816 26817 10626 61206 91488 46076 36586 81481 65945 
4177 14
7032 76985 62027 7074 53773 83485 4981 92357 55037 7999 46104 29695 96601 46241 
7302 12
69412 98405 76795 91896 74549 37237 18178 15124 95949 24210 90996 4551 
9992 16
65697 18310 63811 12834 19245 84675 24118 50037 21906 60898 65970 2448 94642 54487 28487 11896 
1084 18
288 57725 51927 74065 10259 50587 96351 98028 30821 42423 80884 59424 56084 66173 48937 50612 5573 27688 
4398 15
29918 91995 59630 92429 75088 79383 6175 65777 72267 1839 29501 58223 37258 81038 68863 
3148 14
36813 23400 48541 32967 20102 41864 87563 95340 21022 69943 87166 23660 71769 63389 
1307 18
46815 23465 40496 72959 33850 60016 52535 1529 77218 75297 48817 37105 24787 54991 76167 82495 30185 86902 
8429 19
85646 23975 78313 31461 89881 57694 90302 89449 78878 63330 51622 22533 62183 49799 46195 32858 28795 99216 33232 
694 11
58055 57748 50489 56320 42094 55401 49859 62376 44731 76704 2487 
673 18
73053 37068 58881 17215 46508 72520 50079 96349 29444 44256 93437 59134 42583 92933 20178 4694 74144 65306 
7021 16
8126 69638 66024 19902 71524 34954 71094 39880 15673 84776 65056 14586 93967 58903 78444 86633 
4286 19
68496 20151 73082 66223 8873 36066 24471 98587 97766 59139 68748 39682 25702 74607 37881 30247 19737 36134 94078 
6885 13
17732 85859 63259 5015 92336 6488 82690 55405 57256 37539 6480 66579 69466 
6129 8
76567 10774 18743 21030 85677 14224 60913 95606 
2548 18
32726 86711 57484 28728 32195 13294 33891 47803 86674 45656 74100 75343 94111 84796 4499 79523 27691 52917 
5272 17
37152 6228 26000 54677 14946 18631 83652 52185 49264 37339 38740 37519 79790 44610 8396 50995 82744 
6020 18
38495 38747 65581 38092 37584 16329 6235 95373 67998 25232 95225 141 35028 77779 46814 55774 20367 5209 
3726 12
25619 60925 84645 4363 64035 32226 36631 28561 19778 28990 85115 98339 
1007 14
18663 92284 37204 78567 27332 7203 16711 71556 48630 5299 37659 25899 84969 3875 
8606 13
35088 4860 7285 45505 23292 4646 27312 3733 2235 34083 62608 97013 86372 
5851 20
8445 79965 3982 23556 21720 87530 56563 30381 12513 17291 95728 45502 85653 3163 21555 35601 99002 21719 50129 16980 
7193 17
57697 88975 59092 69087 45085 92266 69289 71752 85721 21857 87526 81187 84847 82055 28134 39397 53826 
5030 20
36814 35724 8186 66633 1763 82133 53718 90423 10444 57136 30735 36144 52071 42899 99897 98456 19728 44278 63887 43874 
5008 19
46396 32426 90021 23607 92382 61781 37524 33962 36188 43876 25249 67910 45570 54929 22899 49354 46355 96769 93949 
3546 10
83879 46983 76616 55898 55536 92353 84271 46114 29226 46370 
3729 10
2650 91787 95081 15581 83971 25485 92769 62809 52186 11564 
6900 13
70957 61143 95188 26881 40778 31425 33507 30226 17678 49873 65779 56122 84837 
2652 15
63502 48851 9734 65446 65701 15734 46407 67212 89908 63606 81516 91425 44178 76209 22805 
7839 19
53652 80364 56161 24635 33866 99122 60653 74508 26812 94038 16484 25222 33645 66130 4628 13704 25682 99997 67734 
4637 19
63609 28299 26142 46712 95262 16353 59528 50684 78679 72198 48895 36055 96659 67409 54237 89342 58115 89102 20123 
3483 18
90279 42098 11010 87119 51336 82304 72828 94901 909 87024 94004 30642 18848 91934 88637 38455 69536 1098 
6741 19
72490 2793 75653 54057 67631 37771 88703 72195 80958 35352 50053 9936 65519 62404 4192 97324 87355 65020 88928 
2325 20
72250 62375 84942 88131 164 356 77998 29651 99729 35649 78626 7115 62261 9016 89195 51699 28641 96724 99825 67783 
7818 16
26381 26526 9532 39858 34012 47381 95767 83950 78276 23712 93802 22325 46272 42522 48322 34181 
2973 17
34945 69762 98433 33853 14497 14362 37616 34494 48717 25017 78862 12163 33642 18578 27393 61101 75883 
9095 14
75822 3621 72812 18313 37934 86290 12473 93109 49484 14246 17192 86613 92928 20395 
3034 18
44302 45572 70245 1035 25349 50059 69266 18416 28057 88522 91869 64024 67044 64825 65198 41881 86482 97841 
4704 11
88817 45187 66137 47679 26048 79826 96939 11965 53376 46492 14343 
9367 14
49908 90301 10106 32324 43507 82428 36361 49525 31744 69960 94991 55924 65640 19891 
9836 19
78858 64956 79991 86374 32683 72558 92220 84746 85288 54368 65991 46523 10156 37094 34747 49563 32046 63244 93608 
7493 17
83598 26660 79072 99864 87541 90060 85267 52915 63839 85796 48977 93534 50461 2100 78279 90439 7072 
4026 11
398 57601 9852 15377 8548 94401 77408 79079 25243 86359 97985 
6446 17
15900 66792 68545 68205 46530 53448 69144 36923 35735 27618 83774 98393 35871 99013 78839 10142 58291 
896 17
10622 51615 84771 65633 73411 55381 17942 32544 31190 43258 23617 91672 27111 56854 95797 72230 11746 
9461 14
16352 9925 87580 40413 8414 19856 78587 4073 40090 87140 63315 44422 35751 1827 
9821 19
53120 63208 39547 63571 59651 91297 21714 93674 39084 58818 47720 56717 81806 78544 13743 77756 98068 95071 50004 
6202 12
35878 47571 3489 73534 70036 69527 37978 92835 18657 81666 32439 88430 
9927 12
15046 62049 62499 74206 79480 25242 30544 6861 6495 87095 75180 79254 
3334 19
70502 52459 66019 8390 3390 74193 78535 78792 25209 1165 72123 87949 95596 9662 86180 28291 67012 49268 18424 
9566 10
52477 57624 65721 48216 76358 44518 60741 85657 3302 41865 
8262 17
14172 60403 48694 34545 38939 48070 11053 30397 4437 78104 98408 55618 48142 77806 54072 95669 13390 
3548 11
40089 7620 43615 85798 98495 18494 15037 49240 69461 72581 62046 
2657 19
12476 24266 47663 66936 60851 70935 67057 20372 29608 68893 46433 83921 86839 36709 69036 14268 32792 86153 42175 
2994 17
30713 8702 63097 79064 92299 18592 89280 10665 42543 28101 50273 61227 1889 95636 92873 43842 48952 
6633 18
3560 97717 48990 66888 63971 28747 27148 23120 50672 7343 13722 4861 71810 12603 38820 91131 46796 69673 
2754 16
98693 4700 71756 52108 65435 63882 64367 86571 60594 64036 51675 69218 81834 65303 35310 47424 
6065 13
88845 81438 93146 28416 15583 72186 863 22293 19478 51498 12812 10920 19210 
783 18
41389 593 99401 80409 50900 32306 89896 63943 68715 92020 99706 2958 18165 14838 67862 55062 85759 42106 
3342 11
72979 65979 39507 52081 84123 4931 49654 44990 9122 9498 96178 
4532 17
41083 93917 64100 91673 5467 30403 46561 27178 71134 72658 97706 2569 42493 9004 95218 92946 92526 
3837 17
77213 22974 98230 52789 9470 81538 27601 62685 1730 64520 91342 77605 89564 48163 64117 76390 25504 
7995 15
76518 7514 78404 25285 77993 19974 95027 30852 72285 47295 5768 64041 55364 74621 96627 
5873 19
51111 71845 52916 49162 80581 64148 25664 54746 72106 10884 31494 34432 30683 68214 76811 97334 11228 45383 26816 
7175 12
66907 75263 28784 39305 23413 28230 17709 96386 68888 4082 14897 55577 
8254 16
71939 13658 18461 67518 12813 51557 21884 88947 59811 42451 99576 82031 81783 10821 494 31572 
159 16
77305 1475 74531 28313 17575 5647 42404 33318 69649 75567 2286 41696 34480 38822 17971 95085 
1679 14
51344 28976 19995 68538 25432 90049 91367 6282 57066 96725 77193 89694 72933 20174 
4324 17
21303 37433 60880 10861 7085 36462 64852 58868 76245 46786 17589 34964 92318 19829 35785 22055 79672 
4684 10
82189 25207 41616 57563 14547 75207 46343 85546 58392 63262 
1985 16
21711 53075 17474 61947 21684 79703 44967 75766 36762 12654 85728 50199 52897 21898 72046 77460 
4277 17
1840 87780 43436 34590 5683 50526 21120 59812 76239 41002 93834 43504 46843 76576 99806 88908 15890 
3764 18
51167 85103 69583 56429 71135 95518 6181 86064 75741 60695 26712 89748 84960 69806 33508 6290 76664 4642 
2138 11
20154 37049 4045 49068 59919 70282 76670 1663 43595 15015 25805 
88 17
92257 71517 64710 83567 26920 13921 16584 30039 95943 28074 15842 42841 8235 85299 83687 16004 96717 
3586 13
57227 71835 69041 69328 44102 40780 7837 5869 43105 15365 86665 74127 66498 
3246 17
85337 56250 92785 65762 60922 65952 17430 89760 16692 78963 47320 87941 41312 57524 76156 64095 29981 
9429 15
43984 21221 13900 66779 90446 43772 7413 88304 45939 78376 59323 88954 73726 56724 70552 
2334 16
8620 62145 91457 59955 58380 47801 31677 7992 31041 3961 57452 69276 52364 99641 5977 24924 
6603 14
97381 72164 55519 4878 52475 78897 14793 33966 32980 33322 63190 91856 29803 59514 
6754 11
16462 73946 69574 57188 6136 64971 54195 47046 9716 60674 38055 
555 16
28172 79265 57518 37310 22635 29340 29929 67932 11256 35007 81758 83947 13054 26049 52206 52560 
4164 16
87460 40738 44932 13419 35906 4947 4903 31466 83030 32376 84170 36802 5488 29670 91515 83957 
6050 16
99832 80507 91793 63268 1830 48674 93530 47940 71569 28603 3903 48586 79283 14185 42578 31694 
1296 11
80466 19174 88340 88752 28937 9005 26826 95303 84642 45191 95991 
2991 18
80187 71546 18985 82300 90602 69656 35481 465 85266 16259 37044 60312 11897 37961 44075 3424 5604 11800 
4709 15
47659 2950 48454 95146 2618 5092 99015 23260 21958 22896 56521 83375 32335 17018 99818 
6924 19
71058 52515 321 21608 74778 914 26289 11872 72342 79063 85194 99091 17326 72444 35243 79444 74130 28224 437 
9686 16
12234 58585 1739 19857 67539 67202 98885 18898 4984 65300 92969 3052 66874 89718 29417 65441 
8260 12
8391 43255 81941 63560 47005 35133 92119 2337 83122 75316 59725 87805 
462 15
11995 88288 65678 36094 36722 92412 12322 82077 31505 72407 29109 84319 76817 73681 45164 
7734 18
95387 92277 95683 76638 73853 108 42257 25989 59922 27975 16254 23806 12479 47672 90738 70372 96541 10068 
4187 17
34811 24083 74882 74113 36547 17209 49193 16251 9564 26352 72156 20997 22792 26427 31820 62549 49274 
752 16
12133 28446 16350 55619 93744 18064 61302 70551 31700 72792 39254 94303 81483 26416 43031 91548 
6235 18
54675 98310 2510 89751 51514 33564 21213 14188 78483 20599 23126 10813 67868 16201 74048 85956 44347 43368 
9294 17
72711 16973 96726 23597 97076 42870 89243 7009 57516 37909 747 37479 48181 54341 87581 33522 57295 
9724 9
72055 9593 52416 18668 52985 90703 50861 89926 43882 
4439 16
6785 40174 72389 91600 10386 75771 75100 39744 13903 11204 24579 65954 42593 99588 30114 9881 
5423 18
28551 31739 46430 95207 35455 68353 1409 9815 55156 1773 50200 16272 94963 49455 70050 8351 21946 59012 
1830 15
36419 38070 23345 67032 5094 11193 19379 99555 87850 49157 84167 35453 11233 36071 26905 
8522 14
17286 18228 47135 69732 93729 19716 42883 83545 28243 38803 94556 6607 48633 87599 
4001 15
13030 21650 90042 65591 79390 31140 8528 97667 51954 19280 81051 13888 89416 29890 45852 
9092 12
27133 70866 56179 39395 52279 14736 59636 33002 43902 83350 61446 50047 
8366 16
92987 85671 42380 28568 10967 83581 90808 83744 48329 53228 6347 69000 38146 65423 87384 57116 
6636 14
42641 997 71874 5454 54092 97223 34089 1816 60066 75695 47875 47982 88953 32592 
4633 18
16590 73972 94199 38658 20706 26653 1542 27747 16914 44404 78025 5107 48799 68795 55488 15868 51555 542 
458 14
48823 30142 31129 56783 97306 52949 43977 28797 80536 11323 50016 28423 45076 62355 
6913 17
83790 14559 46107 90774 16714 33046 87433 64705 53882 15183 36458 28372 46861 47134 39853 7138 5856 
969 10
11375 94144 29407 51351 77890 64681 24281 90538 7644 4938 
9795 18
82816 40005 63213 20885 76529 21612 27957 51869 21198 17117 43506 66744 91990 41804 76716 47305 20434 65418 
9061 9
97758 6623 14719 47228 34454 40717 6237 97493 36314 
5530 17
59366 81846 95967 94165 8809 70492 6221 51062 71384 15173 59019 78721 36305 76723 81028 19170 38569 
5471 16
65498 60059 92558 62953 69600 90653 31354 54303 85226 33430 64136 70949 24670 67905 14515 44193 
4473 19
42415 4317 53865 73746 26005 6122 81713 50259 71325 49167 23389 43064 18569 91984 51623 80782 50710 62394 77021 
8893 10
1543 83218 53488 38000 90842 41848 49793 40824 94973 3751 
3919 11
90734 1184 21917 40245 66590 94347 4461 89941 15819 56056 69802 
3761 19
11607 51684 32960 63048 9296 97569 41286 36152 58738 39340 55676 68579 6914 69288 68646 88316 89142 95687 18111 
7741 19
9181 17677 90671 18161 47448 21046 20515 87028 33656 29353 91219 36635 45832 16857 82609 41489 56165 41997 18092 
1743 19
65475 29366 24269 20821 94296 50750 23004 11480 12591 89597 50948 87627 76602 9692 68503 34912 12481 80002 24247 
7339 15
77692 95078 53848 47960 18156 2107 32093 56101 29228 27500 5671 29480 72783 50903 99861 
7331 14
41586 19970 1203 99870 14327 5 70136 48211 27423 79397 9848 20211 30168 90883 
9714 17
53291 50532 32449 66724 5309 62448 44892 37184 66213 99827 55377 86864 56006 11274 1713 81462 1513 
8305 18
54721 62895 33976 12187 46303 68416 413 83764 38368 63507 49195 68054 12372 81358 93597 5448 86177 82989 
561 15
96955 95256 53763 74585 62468 97761 8806 97800 85188 81332 72772 51002 51720 25871 58923 
5654 18
58774 55252 49319 47669 3479 26060 13720 89846 26456 83268 59164 42559 80070 87670 3565 10907 8560 94010 
5331 19
20629 92488 92308 10877 13676 96405 95007 12569 70113 69643 33983 3955 4122 46233 4075 71101 64448 27177 83820 
2730 17
18560 35101 60416 66784 71854 70104 76645 91768 12548 67025 18595 27652 40990 13444 93833 48575 8906 
7956 15
23650 34990 86621 25103 2365 19498 11082 59305 43098 99270 76310 39793 8361 89710 91358 
4386 20
55589 76411 81146 63486 27770 25605 55159 51559 8144 74910 53983 20278 58984 1441 41768 41057 51286 70149 2757 50686 
2863 8
58684 11046 70638 855 51663 30562 19056 72313 
9697 17
92789 28009 87488 10223 29846 4436 50677 12457 47004 92546 2671 24642 49633 24677 79986 75307 85714 
6980 18
53205 55463 46236 96257 95986 5817 40284 5705 37419 23837 57681 25220 52865 92148 18909 10247 345 57447 
5832 15
11230 29541 89442 55845 94280 81362 47628 35128 88401 96715 71492 41880 34345 26420 10779 
5002 10
31469 26815 79017 56284 79583 4951 10707 62072 18834 74901 
6370 19
33734 88380 46583 427 32239 37690 34253 18097 91160 32566 93433 94898 93870 3501 84683 43840 60385 40362 25601 
6867 10
27024 8746 44935 38443 51229 53114 83791 41730 91405 74037 
7007 13
98729 80330 65628 37396 97215 51572 48876 60591 4710 1617 52012 13798 45220 
5999 14
96427 11566 50054 21000 10128 59137 70701 33623 41739 75402 42056 89070 75664 69509 
3593 12
28053 34994 54417 67321 86790 4356 93767 97806 43298 25849 63730 56321 
3281 11
74446 72335 57830 34566 61555 87524 32534 62089 31111 51293 64347 
500 17
57125 91652 66310 83347 58655 98148 78037 25274 65414 99206 71608 23993 53816 94222 22226 22260 98225 
3552 15
43720 31819 89918 68779 4127 85967 42 12167 15879 53591 77022 64890 46670 39157 58989 
7575 16
67566 43509 79454 43121 81317 53525 60496 80057 14517 96630 31529 11851 99998 56723 57733 66420 
339 16
55575 72357 17915 46187 37593 86688 13498 34201 19998 36061 42160 43697 69372 88088 79228 77635 
7201 19
75421 1870 46664 33173 97303 98275 95419 7886 71207 2668 71365 81726 17893 5891 54759 23777 22662 76802 38846 
6717 18
36096 18367 33661 74352 14982 2492 95454 41992 83653 68371 87993 18904 26392 40088 25539 52310 28162 62589 
6468 20
33024 70998 45359 52653 12308 38772 39842 6743 5418 29476 93445 60710 84678 2730 85490 43956 3664 15038 81275 68680 
1618 19
30016 59773 98289 41190 34808 30245 19733 97250 2216 37148 89628 52505 39408 59552 81907 27330 43601 36 16210 
5095 14
42635 10740 2442 9341 73565 35594 35743 72588 34202 57603 23429 49580 74182 54888 
7096 13
14081 74848 51471 3912 7263 56709 98137 59961 70558 21657 37822 74167 11788 
2885 17
37712 5495 12986 85916 70927 43345 28873 20873 68301 36342 72549 68465 16282 94554 69592 44827 38549 
2200 10
65165 88829 99833 71186 15714 48075 57766 20587 46567 98647 
5345 16
860 89116 15602 94530 98257 32964 24450 62392 72349 11138 17624 31374 36536 95436 90912 56301 
440 17
92904 22116 75875 72845 65068 17196 14865 81887 22669 22051 52863 29751 90229 52208 64025 88277 98786 
9097 16
9902 9544 68480 96626 79677 98423 66826 95707 3683 69480 94747 3785 16676 70185 19818 85560 
9668 12
67290 741 40944 14610 92403 77810 33008 77940 40659 78750 88782 4925 
9574 18
93797 32523 58606 78540 47383 62810 5934 2343 10510 30215 23994 15704 46276 99574 97499 58472 59397 28041 
7511 13
16503 31358 7833 33910 61640 75046 76480 59683 60278 56141 8434 86698 77109 
1878 12
28574 48646 44655 84076 11468 55740 18070 98695 95668 54475 39007 33312 
1274 16
54462 78981 66288 23872 83511 48214 60824 93789 61181 82843 41491 43074 4021 27435 71581 65240 
4255 17
81866 56287 86341 72649 86205 43634 64636 77860 30433 96564 67242 82795 26711 80831 49819 63616 36939 
9610 15
26024 15889 72458 10310 73708 51124 99410 59639 7226 82028 46899 81281 94445 8256 61799 
3074 15
82820 88267 81360 1016 32454 92498 28384 88537 21746 24574 40967 63173 61306 61127 75486 
8434 16
55689 12511 92130 54956 40677 26163 53482 28374 61200 30601 29037 11842 84341 27251 45588 39428 
9582 15
79771 91380 49047 18295 65333 72460 62732 76051 38096 57117 15781 75325 82593 26027 68781 
8951 9
42317 14094 6716 9708 20901 84563 65174 41158 76806 
8923 12
19488 58545 59575 81985 4086 73575 60193 62108 18916 52393 84962 51239 
3580 16
54485 15914 26308 68291 74033 43312 88651 94672 33000 12403 58325 29107 47553 93285 84211 22381 
8969 18
69672 4302 21451 46138 81901 77044 66073 17998 32241 81980 28677 35926 88480 11054 34427 25072 75262 92425 
9486 16
25214 29781 88324 29916 88042 144 96171 85828 42294 1142 3667 13021 47863 25217 50136 81616 
6623 15
31681 42512 49504 89744 26996 16614 96838 31814 60235 2008 2855 70799 27997 4384 46320 
9847 19
40102 49572 25360 83320 76930 96190 11764 81346 98774 83562 67470 90236 51583 34886 42249 31148 86436 37905 85170 
2375 17
29920 68368 37447 20658 59676 34782 15912 50227 93719 7137 72883 10711 66067 7000 23324 81737 72134 
2252 16
94128 20491 43402 5275 98399 61904 98116 45813 45591 37181 66032 14864 12246 28909 54837 75086 
5172 18
51447 57499 4624 78612 52269 6742 17102 52564 57587 40985 22553 71104 45727 8430 24432 67828 5955 32583 
3667 10
80618 67393 69139 13608 18478 41337 88836 62143 31002 84363 
6084 17
49700 80020 41715 91466 40142 69840 83085 81884 21830 70603 29120 5947 24662 75328 34816 26978 82735 
7731 18
74564 70586 71930 54980 31608 22107 6507 32855 36559 30295 4279 72130 52336 19993 53230 3217 89097 63158 
2504 15
449 22770 34013 53082 33155 70525 86931 83227 56410 7223 95592 370 67989 48916 24035 
6185 18
43886 10957 64503 26521 88182 94908 13777 85140 80553 39140 75533 1550 81670 50605 53631 4259 92901 49168 
401 18
17057 5896 76566 56920 13170 58449 2236 54414 4749 45239 13769 26745 61483 75380 48257 37875 88244 20960 
2110 13
24868 61289 1347 39568 21009 59501 33033 89707 86964 76856 26358 51188 91268 
5169 17
94276 77688 12931 31372 49902 9265 81107 56605 7598 29783 96286 32860 66741 60266 84648 55356 26720 
5971 18
29132 22135 38344 22971 30555 74513 36326 83747 37400 48281 66882 70249 29902 46878 26586 89985 17058 33269 
7025 10
10805 52644 5509 19809 18708 19506 81812 98482 33186 52788 
6997 15
89931 98688 5905 19589 40161 29304 15745 17992 87668 28159 789 87233 72751 15852 66150 
2899 18
23790 22960 76929 66185 97510 7636 89161 64415 28443 73507 33647 78020 37429 97387 43619 44661 2976 68108 
3018 17
57657 40816 42088 65065 3919 97192 41392 77621 25042 96944 83338 35915 80889 52662 48743 69163 48801 
2655 20
57456 69053 78284 5767 89725 80016 90550 55319 79903 20397 81355 33581 83632 64957 16138 46808 68865 29910 84924 18033 
352 15
30431 37959 52633 93909 28700 51758 80885 24466 83094 91416 34317 43463 84745 42321 93988 
2738 10
60345 90672 99070 51020 79375 85669 11467 29926 80013 87867 
180 18
56086 52970 71005 98128 862 79716 20863 72660 75870 84541 97815 53633 57753 65750 31588 87213 35394 54866 
5752 19
43691 17600 78501 67987 49030 59570 74346 68601 98243 36865 83835 72565 26997 60909 99666 44716 7877 53650 23046 
1606 17
22806 70198 14572 16695 443 89988 87052 70712 74681 81083 60313 73298 5223 92791 93400 81745 95307 
8161 17
31477 6200 17521 93036 87256 22634 14718 89203 32884 43391 29254 23701 814 19010 3038 75964 73772 
4395 17
66605 93942 77725 91034 90725 91851 84928 93784 48010 82899 14023 68609 78663 12772 69050 97933 19596 
3742 19
22010 98741 34927 57230 19787 93305 38617 40542 24138 39609 38515 12235 70768 90056 27890 10046 45008 53473 43408 
6698 19
52944 76220 93865 89391 78589 29418 14519 16542 70031 61763 48976 48503 90165 20552 78901 78305 78708 49808 57357 
2495 18
66336 26985 47549 27764 14896 65060 1722 45994 76494 22049 4707 68844 98988 36009 48434 86643 75157 92082 
7287 16
31985 75752 35972 9724 70999 91452 31373 51665 12943 47716 35538 67875 18785 73935 41289 84244 
4316 18
13342 77513 87587 71294 27151 14926 35146 5208 69061 37870 24007 33788 99961 59990 26179 66447 4950 18902 
5673 18
81990 5547 22496 91309 89370 7076 88499 31897 30761 14906 13124 82515 61293 22702 67506 40491 13898 68993 
4038 13
81515 75852 55901 46822 42184 52765 49080 8676 28298 46611 42005 53368 95365 
2984 16
59464 71432 911 20223 99933 15268 77802 37544 17016 98914 52854 2953 36968 74210 63935 1455 
4154 12
2105 3619 50924 26091 32941 51548 66068 1117 59035 63752 35994 89968 
9767 16
72338 84385 95529 20734 51380 18458 87893 27427 64491 20073 49839 25318 87193 49889 63897 65146 
9748 12
60608 84258 4737 27627 44145 99759 42285 43852 31566 22155 38506 16366 
1815 18
39778 46231 11472 77584 53452 93261 73409 66241 96408 32932 11558 62223 72567 19271 20432 7803 36287 72742 
141 9
61373 52135 42032 33554 84401 11061 1616 27534 21027 
81 8
50496 46586 36541 50891 84897 10508 13133 44840 
5896 10
50877 1633 25352 6549 53833 25822 96973 5847 91507 88504 
897 15
3370 89915 44446 35768 30177 90241 31964 62212 6362 43187 92813 64407 13632 85252 71146 
7179 17
58721 36250 2258 68807 46987 41750 35544 38619 22200 37668 53577 47013 95940 22705 64217 59713 41291 
1331 14
69820 69818 38127 12924 25333 72124 53581 3541 86946 81015 31281 41770 59974 82656 
9960 9
54985 19578 87648 72481 10159 81485 72726 6102 51956 
8521 18
64176 83416 49863 86004 5922 3523 9525 52981 14317 66555 55003 92700 98065 53094 75115 6293 94592 72412 
733 18
79180 92724 39705 55817 92955 86454 49094 67770 13284 65928 10133 76251 80266 83833 95415 66261 27665 5837 
7368 10
56298 83691 14375 91433 40763 15296 10925 11093 18208 67270 
7601 13
70028 60839 77438 51149 9712 30420 48744 44649 16892 31394 4908 83421 89117 
1755 13
60801 61944 40026 3173 84168 54029 3516 40138 61892 87988 61840 61923 51144 
6427 15
58856 62995 2848 25164 83845 76053 8433 19623 57032 19349 51994 93618 434 27721 29195 
7786 16
17896 28405 35502 53760 15505 38905 39415 79747 95619 54098 25158 1248 58615 76788 98713 30416 
5444 18
10256 61132 20854 3652 18930 47063 84560 98166 48021 6503 49271 18787 2622 53417 33361 65462 17988 48914 
1927 14
40567 86437 73243 91736 23592 3347 37925 57500 25473 77772 33481 45031 32340 27236 
9463 12
43157 30440 69491 12448 71472 42681 77451 21219 20179 33674 29093 5247 
4376 18
89126 98040 13235 92619 6162 11674 67537 93326 39423 89574 67236 50534 85611 13887 35578 11920 61068 36979 
1195 12
9331 14934 67451 34 58034 12925 16525 81708 60713 65784 61163 79555 
6313 10
31659 43265 78987 82829 67578 11942 40845 71033 55835 87162 
2115 19
57393 56546 631 52372 56731 70698 30329 99970 67550 40196 44940 50089 82299 3811 62652 36470 54155 99988 28285 
8088 17
62620 15338 85361 77674 21981 72158 88815 58535 88903 52491 69830 76440 81787 16299 59852 74629 19779 
9467 18
39303 53328 6583 9160 51019 39592 96825 90682 16008 71187 91860 96722 86572 24454 45658 56654 25834 20302 
4863 19
15612 99373 89245 21759 62723 45776 99144 14433 84737 45500 23304 95228 2632 46266 88676 7020 55508 83980 79209 
2928 15
97630 84448 67282 16309 16159 18109 12157 57257 31414 15036 82132 47749 63149 77931 83392 
2268 12
16134 82754 16826 53492 46685 17071 99746 45035 35862 46809 37530 18519 
7217 15
73827 39816 63234 52813 26071 60144 6572 96348 10306 43719 81395 90888 30053 29793 50363 
5020 11
72364 56306 61717 28296 24078 84053 97385 71679 34753 70976 11335 
5580 14
59124 56641 40436 87843 70417 17189 80063 46759 17645 44945 56542 34412 91608 74674 
3788 18
20309 54384 94356 98751 89413 67305 54710 91594 18810 99265 20704 45294 89924 4613 26619 94641 79613 35027 
1516 19
74133 89052 28928 6026 25096 65931 21851 68551 75545 54631 35392 99725 25771 88346 93938 7187 26779 86602 38377 
5438 13
94553 87397 98 68452 13272 41381 44812 6373 76256 89930 49632 60056 527 
4486 16
18005 32414 2710 98899 32430 92910 85850 84361 15357 62927 89647 7655 32746 64356 66033 3231 
3211 16
23753 51082 33432 45273 57344 60062 2888 74216 75480 17693 71341 890 21718 8863 93215 87303 
5171 19
16578 35832 10543 49129 52278 98516 58294 59834 71222 53013 31258 22050 72825 72316 8111 32968 57161 30835 80163 
7644 15
43396 26476 71355 59212 89347 97054 43063 62560 11830 22370 79845 7510 86800 51970 14114 
9756 16
26626 10075 28712 45579 1506 64002 83686 32642 70970 32028 6729 32263 66913 41945 31285 72367 
8139 14
57494 67726 30109 54522 68501 56432 99605 98805 12427 8074 69867 93749 10964 4255 
4335 13
55942 63322 68833 81200 80515 31668 99288 29956 17438 33185 39524 15255 99095 
8839 14
73517 13780 62467 17418 61444 25692 4964 15830 66404 79479 48420 24954 25978 76776 
3418 14
19757 8222 92780 21134 78891 4314 39322 12207 65342 67750 37794 96870 28143 48325 
486 18
97830 4790 62384 70433 92872 57487 16438 74082 1886 17824 21153 32434 30785 80033 28477 78122 77753 31791 
9101 15
64819 86821 19066 58552 77147 50232 82354 48757 81259 29575 21606 10730 45693 53852 72384 
9316 12
5807 99852 47309 37623 47249 75727 33100 78016 42636 19434 85069 23358 
2235 18
18597 56327 81026 65586 75038 47269 39343 91372 60651 71171 90978 91502 94805 19971 4980 34107 31664 24426 
8070 12
2615 39913 9028 66976 81476 14443 56742 59182 96632 45026 28071 52774 
9108 14
67184 69876 97664 3767 2947 44442 42463 87785 10878 5784 14044 85237 45545 21047 
8512 19
90563 84517 61951 50550 31080 48083 71883 66669 73787 10582 31687 84473 53362 93377 95155 17812 14183 86828 24515 
6805 18
8175 5852 63182 87313 12103 12320 4740 83178 49444 72651 83935 6252 7080 96088 51279 85071 20240 59020 
6218 15
28704 99660 71790 9772 18018 21458 11167 26004 97296 70536 93996 36207 78879 52549 90010 
4933 18
20954 94648 26933 67725 92209 14509 23819 26349 8786 23748 93439 79794 84850 20475 12876 17651 79686 38428 
4252 17
73224 19213 86957 72729 62340 26067 73659 92372 73169 87121 48475 58654 6511 28200 41155 51077 34069 
6386 10
11094 19711 2109 49757 67054 59511 71764 17594 22813 9874 
7294 17
9222 87816 64804 14773 92094 74403 83381 24763 83796 14520 10973 23108 1412 79261 12787 55349 21556 
6387 12
85082 78762 65040 98934 96352 36080 96160 47331 16104 15951 29687 24505 
1876 14
73738 42203 59688 36846 59643 47861 89753 46246 36623 69212 62546 70547 64029 32017 
7736 10
90159 56439 99773 94907 51154 77480 63164 85917 32385 17270 
6236 19
95663 46152 89336 72514 26472 74537 37495 85494 43916 49075 71100 89773 67257 89011 6736 31748 23755 21997 97316 
8261 12
69785 52714 4281 1120 14258 4423 91973 78430 93877 36050 13211 52458 
5568 14
11989 65855 66563 40116 15721 70548 22644 72568 11333 86322 83113 17432 45053 67294 
9279 8
91244 899 8995 83034 9652 44752 89798 7327 
650 10
88226 26135 59551 68345 60100 18275 44740 61008 33694 78383 
8482 17
70288 96977 78597 73754 35307 81431 79819 67501 37324 61594 84574 47033 48488 80066 56376 15793 16809 
111 13
70445 38153 55457 20320 15253 61427 1559 40466 79430 45472 8792 78382 97759 
5286 10
84511 47790 22812 74002 33603 27086 4117 94415 60639 83647 
3220 14
94160 90438 54555 20613 82464 64952 24106 47995 37185 54061 80587 57394 54112 50392 
4380 16
20565 20263 43103 66833 52213 38621 93492 44273 11324 61185 42963 18963 5229 46072 45042 21474 
2651 15
87520 7277 69343 6709 84919 33345 15485 51735 90615 303 66504 87639 35995 98402 89695 
917 10
97211 85545 29121 38274 99771 3449 59516 44084 33126 60729 
6418 16
14997 22844 79744 82879 91998 96150 75744 3708 39035 4176 71901 55251 7124 81382 99717 55802 
8771 15
50238 26404 22333 59328 34343 76464 37487 25658 3611 37824 65416 5528 30804 85921 45323 
6006 12
70357 1566 60527 44847 24682 47446 84040 80012 86144 22513 91153 8714 
7243 15
30369 27950 76394 57434 83823 91025 50394 60513 77263 43122 36003 42008 92712 41457 50324 
5094 14
31735 42126 66827 59218 68166 73576 49277 45437 35863 35148 67580 88548 4146 34413 
8587 19
67325 4685 62910 76951 56007 61696 64378 35465 37892 89433 96446 44756 2274 32612 61852 79082 47251 75555 39498 
8211 12
91735 93585 30378 85379 38720 38438 17390 81279 24150 12421 15603 89942 
3013 15
92138 51003 17961 92067 67829 41692 73862 84605 94457 3970 13328 13296 92196 82705 58792 
2629 12
47125 81092 95648 29301 62938 17039 43998 21234 32692 24319 9097 56906 
2783 16
38236 52842 14714 42792 23568 85089 50528 71281 56288 93047 95945 59093 441 76368 17055 7560 
3719 15
98025 81004 47367 34807 37449 80832 26483 7953 41713 89283 90708 38987 23489 97039 94938 
124 16
24621 24050 73992 27245 14060 95809 42217 1761 15639 22781 50535 14797 15396 72008 98554 59965 
3313 19
15087 29810 39101 21240 78315 27001 16056 55400 69247 61534 27145 76838 97791 29372 86764 13500 54001 15393 12670 
2510 10
88952 51299 90510 94567 68356 58544 39652 58393 19813 70989 
6423 18
16915 6832 18339 40246 95350 95909 60935 7116 51462 64766 59936 10228 83681 23991 28524 9657 92164 29438 
3504 18
2931 86256 2227 32051 24848 22243 40481 19368 35977 23888 43294 19191 61649 55495 58138 37019 49790 15406 
6094 20
23926 95466 71611 38025 72426 63342 75071 60997 221 90979 94923 72589 53451 34292 40450 98301 95557 71778 67491 88227 
6134 16
8314 28511 15130 15983 16441 83989 46847 72197 54442 58272 21341 84770 53746 3 93362 17304 
1241 17
29536 35438 7283 31753 25953 22364 6017 32832 86125 58465 64170 38480 99029 90313 34500 47856 33262 
2708 16
82422 64931 96552 14008 96343 58419 73774 34517 28024 74184 39506 42940 56282 83932 37677 75651 
684 17
76599 59709 47959 96289 89530 3569 18534 62168 77143 76404 29962 7471 6642 90353 78566 17968 75396 
6669 18
59832 96915 92111 3242 85781 83505 23109 99363 42918 67049 38592 85615 76938 13095 35314 77258 1918 1901 
3755 15
36632 89399 37715 93679 54060 89386 66021 1719 93419 11814 98204 63749 6167 79379 84772 
7407 15
71967 84012 99915 65910 88573 17054 56070 58136 75113 18397 5091 72956 90246 46170 41471 
8095 13
90214 90909 56953 66163 55875 17722 28981 47435 13218 16669 80424 92161 73611 
3162 13
45853 15787 7200 44136 38786 94050 56030 48889 90027 92112 40323 50177 46635 
9460 12
2404 22338 72555 66906 87693 87181 10043 3868 19632 60724 27752 43007 
7967 16
87274 43138 30594 96830 20191 59764 76043 71696 70732 85309 40555 81258 82680 3249 58473 48520 
5458 8
21729 22777 75330 29942 80526 54394 76266 98801 
3591 19
21848 74472 78294 24699 36412 43479 82769 97822 69047 27866 58816 83310 35134 47889 41652 85637 7495 75978 31468 
2798 17
62930 13972 55073 74714 25320 24639 58337 28463 39151 96876 7485 46101 79291 3363 51701 2298 36023 
4892 14
11386 41906 67902 67747 84002 27342 91660 53588 42322 99600 92278 62575 23298 50779 
3911 15
13515 59299 75134 83408 27976 44991 95828 81688 67263 21063 79329 29816 82337 43879 77208 
7512 19
26310 13473 74 35094 60390 32530 8122 90572 88722 64121 25400 64757 45226 2705 76456 76140 50160 93792 63912 
8330 16
75340 35579 80067 19806 17885 30160 63306 55804 35551 27438 58250 62001 45963 59117 91846 86200 
8912 17
36219 5735 53735 31202 11771 61440 51355 23631 24608 74752 48048 37555 69852 33840 67082 76800 51469 
242 16
20744 36153 189 19002 23468 395 70018 45438 43269 89742 48235 10942 17280 86949 10820 98978 
3774 17
18594 16820 87531 62564 64308 28910 50395 12810 35652 31987 64044 78004 74135 39444 74696 9862 45267 
4250 17
64845 25688 12544 98758 8999 4060 8404 20049 59754 25963 22377 71909 95498 66035 6612 89315 16418 
8388 13
92996 60592 65980 93028 47698 73436 5630 93683 25618 40309 693 70556 97776 
3613 17
37763 43355 30742 55759 14696 44158 68941 4368 91166 77609 26915 25581 27244 19254 31038 63209 21856 
7843 18
20265 17796 13585 31208 40070 5667 9698 99266 45791 15016 75591 40884 31352 74467 42817 77573 38684 9526 
5617 13
27294 46285 99329 34974 67356 15587 94622 21853 37642 97478 36389 44982 93659 
9124 18
32653 44053 62522 92274 20981 15298 21421 68026 43429 94572 12780 12191 40886 79060 15162 60377 72526 17411 
6957 14
41944 72670 69907 32686 23121 89883 94880 8280 35443 97950 4446 93239 16211 51669 
9573 8
73438 79675 45212 2480 23543 45598 69101 4039 
2143 12
15678 17145 18889 34395 67372 79592 87144 21511 28330 86761 98833 21501 
6763 14
75245 41581 36512 77733 47378 91707 40343 34547 84762 79299 33409 65348 39160 50338 
6029 18
85567 90447 48449 75020 96859 93137 9711 19924 11396 15123 6174 20803 86811 88249 55830 83667 83137 3780 
6977 15
66128 32183 70449 71114 50143 75975 32393 26326 17293 1942 99975 97203 48057 70124 99006 
9 16
83907 31528 35949 67053 75171 90178 23584 64402 83380 95375 21205 15538 51373 91115 18888 32264 
5091 16
12683 88734 69124 8330 79615 89906 31388 10382 44496 25414 38037 57384 28866 21570 39856 28304 
517 18
41481 46862 4500 89982 74245 54503 30055 79584 60630 47947 21012 45419 73642 54076 57333 3476 49599 74050 
7737 14
32276 83212 14995 95552 91654 76706 46327 17918 77702 12538 99172 73796 62385 13038 
1397 18
17529 14265 45733 50055 56640 83582 1422 62582 13136 29597 11232 73566 80506 18788 92248 95221 66665 36689 
9442 11
1360 42149 85227 60780 14671 67455 92568 93120 19166 8825 36637 
3876 14
61517 83254 30773 39365 82329 60734 96222 80512 61376 74294 41615 32338 68830 35264 
5239 19
96215 93034 98401 60165 84253 40472 78457 72887 31060 60645 77807 77922 77815 48604 85295 32705 84030 84346 99630 
4194 12
40861 16943 13128 73906 53815 56177 66263 54420 21300 23520 7184 19288 
1403 11
60650 68456 55951 80403 59518 74162 58077 42019 94238 40767 8000 
3944 9
31866 21773 39648 64848 72868 71849 20268 340 45395 
3550 12
62814 67059 38174 48062 59389 60417 44797 74796 25997 9428 61815 77749 
9871 13
1601 84703 15552 87836 47617 29061 92079 80393 58231 63085 15113 70576 21955 
4681 19
76932 13242 5920 8956 9211 26436 20058 74041 72529 50545 83177 35887 36866 25106 55202 81294 42506 88926 74710 
1515 13
74559 61927 54137 42788 64359 25660 35100 77174 86824 82275 17660 36317 3235 
906 11
60103 51287 44052 11604 24241 36627 87150 2770 75208 73612 46263 
3954 15
82309 60846 65492 41916 73802 89107 34879 29964 43546 5135 26948 53931 90743 73483 41484 
6660 11
503 21371 715 48688 8197 15571 76945 77481 71964 62446 50595 
6517 13
94997 68098 54157 30237 48405 15326 21435 96553 69713 56846 99325 82125 47637 
4275 18
46631 60857 63686 80892 86342 47970 99148 21220 71821 2809 4338 32042 95189 86091 80800 93416 98905 92110 
7445 9
54006 34472 19351 80365 80625 85554 84320 15716 33977 
6826 12
44766 75337 52131 41184 46958 6581 56931 18798 49952 17486 31516 45341 
2131 17
39127 40821 96117 58267 57250 32293 28303 63610 30118 96149 83882 5323 98680 60033 35568 99241 70660 
1549 10
52239 47431 39536 92602 36648 5245 52007 61854 98461 25013 
5857 15
6504 40680 22716 72811 85184 94779 99699 7444 86694 44471 65193 25390 58643 76320 32808 
5558 14
81428 23092 84504 85980 80896 57283 98107 43492 55631 73892 25135 79856 13453 69716 
8910 16
97575 94724 92261 32055 87320 56663 42750 55435 83365 35807 26215 22611 81603 19559 19798 13132 
1316 17
2024 8399 54062 76036 40854 47191 91966 42573 31724 11195 53426 67807 9602 16101 88579 39821 16199 
438 17
66969 35391 83889 99274 35054 32649 42082 11330 66175 69232 60434 89610 38629 79345 26861 63712 27092 
4397 15
58227 62566 70596 57816 78149 26663 18659 1045 88370 10042 47282 61075 41856 5263 27853 
1476 16
47921 36162 67602 57158 72019 80283 96318 81097 75901 67690 71712 97603 1961 97715 19419 62389 
4022 18
78996 68940 33776 29183 90962 40856 92884 83225 16987 86956 26964 71920 64145 6158 8372 16473 42356 53440 
3290 16
23482 82662 90740 18661 76 33484 84907 81172 43961 93512 10959 14447 28385 91742 3676 79759 
4618 15
5242 12430 78103 62124 44069 49356 18713 73190 39285 56330 63734 86718 97876 99623 95468 
3124 14
99244 31431 99456 1683 57835 79809 42065 11593 4303 89360 88888 45851 24803 7441 
2519 16
62060 64646 1451 75849 73603 19181 53276 47709 59337 86829 48564 41871 16126 48554 80311 24441 
4402 9
59661 92752 56187 15847 94612 47813 28026 31459 4185 
2257 11
37279 92596 8041 97877 53545 49709 35380 24086 83071 26567 44184 
9239 16
78515 97260 73807 24764 6754 65093 12123 75646 55016 34855 86429 6812 93009 52478 56230 25718 
7803 16
44789 49077 74195 77821 64949 29809 15174 22727 2896 4527 37021 12753 84449 27483 37234 54908 
1525 17
27961 60421 53366 68314 24060 42323 16791 93090 88997 91112 59789 73558 22667 9352 94367 95293 9687 
6542 17
27834 37335 41807 47151 25248 39715 313 16738 56004 26640 1772 44310 71922 15106 82613 7702 48087 
1642 11
60376 28992 27676 40340 3529 44640 60189 90029 33251 32091 80174 
1359 19
84048 68374 3128 92632 61514 43706 92916 1296 38457 23124 80642 16416 79517 57453 18195 18984 17115 15919 76659 
5933 9
95523 56989 57640 52059 80946 73147 7410 98996 33213 
4563 14
90525 60440 77153 89260 9803 34839 77888 72835 57610 13028 33076 98262 23443 50753 
6441 13
69323 30909 78139 89384 2647 32392 48752 68267 9868 85948 74361 34475 25434 
6733 10
26945 93077 89258 49628 29486 95617 15119 99115 16580 43975 
4058 13
46516 84900 55020 29557 53443 46267 56871 62267 7826 17426 7336 50042 27207 
930 19
15374 77709 50122 98123 69882 32075 60154 30940 68671 24536 24066 64593 64149 69252 62830 8878 55988 31670 68975 
4065 13
69141 69244 43537 18030 33951 16624 59940 44996 9496 6561 86029 50234 99292 
5159 13
48536 66428 72289 33771 91427 28051 53252 44456 96577 18426 68138 35207 21122 
6609 16
26726 22173 78614 73426 64281 69910 20546 84281 76612 40813 8037 44884 34525 91760 17782 6635 
4009 15
68550 23720 11151 46566 470 12842 50902 48518 10299 19945 22849 6223 12036 88274 27711 
9963 19
54749 66242 13534 51392 11101 74257 13159 43895 55717 32448 23537 34741 1914 27003 99824 3471 35723 9928 47722 
3794 9
61049 77809 73939 2033 59590 67482 64506 90603 9590 
814 17
41032 23036 55991 46466 84848 52641 17022 54707 93376 50581 84488 75362 49076 63855 36942 97902 93737 
9553 18
86467 60561 22616 44997 10375 42722 21529 87340 73449 95899 66104 22578 84565 78814 64309 81772 45017 323 
9737 17
71264 72656 84487 41855 29563 66868 55201 14225 6091 67947 29742 58047 71043 29309 67536 86655 48490 
7291 16
22361 46919 93667 5342 59060 94577 91141 97174 12393 35956 41236 72354 95257 4819 29640 2913 
3535 16
72449 97839 95380 81839 37 87611 4609 86831 68628 96779 17332 95166 24231 38130 64927 82397 
6209 15
98836 4248 56753 83615 42256 55237 94080 65669 31357 73196 23915 4664 50002 60849 4689 
9683 12
24398 97025 10780 14538 1793 11178 84496 92547 82376 69763 94091 47785 
6571 12
23129 83358 5567 3865 16266 95036 40622 87513 17244 18691 8036 56438 
8157 15
30093 33974 29338 77610 52112 88748 38401 8976 62986 5079 56037 43416 80212 43003 34530 
5513 12
56844 71501 87634 44137 68500 49374 65210 58261 3443 85906 53280 39013 
1659 13
6279 53843 75181 66551 60276 19804 50300 56181 17025 42808 55938 76475 43695 
3868 16
88866 35657 15235 78867 15483 8246 20585 93556 71860 77797 48204 36551 14853 79373 45565 38492 
2274 15
13812 95580 21433 14237 69748 706 81383 51872 20424 31581 5336 83970 50802 95634 89548 
7871 16
3498 48620 68848 61404 47906 58400 5990 20931 25031 58297 98450 26575 50662 13896 87464 42478 
1617 12
77589 59984 29324 28758 2333 29606 91605 26184 19774 91056 47934 70432 
3429 9
66050 79597 64040 72290 92626 63632 98794 51983 78194 
7308 16
10896 21713 75913 48460 67249 11678 56598 78871 24598 24479 38808 97823 29482 31752 54440 40867 
5447 13
30448 36315 27290 84528 16324 62481 2567 90007 78198 45425 47558 57038 83557 
136 18
59229 89139 44802 13761 40032 56992 80739 30890 62274 59705 77442 58009 96918 71630 26421 98607 13762 82340 
7645 15
54916 5565 16202 10327 80297 74489 11713 51951 98631 91775 7549 33181 49720 38206 28757 
5931 13
49252 96836 99511 9728 40080 44063 27522 96216 49678 65322 45909 33896 17093 
3678 16
10529 79816 74726 76329 59509 21110 78677 62688 47403 61464 29646 85429 82683 89351 63738 53732 
6493 8
18975 82563 75107 88148 56683 17080 95151 24233 
1640 14
18860 10173 17916 7256 57479 21242 61934 82408 230 5558 45617 97768 46517 28535 
3622 19
17987 75569 4741 17060 24612 1945 95080 22725 73330 90636 57909 44900 89331 42567 76681 66237 80674 11707 12239 
8488 16
51405 38326 69767 45522 1030 84875 91683 52721 3389 12973 57569 12162 74067 73183 60544 7698 
9336 11
4034 50935 18601 7095 89465 77454 95682 18473 70375 98817 69072 
9534 16
69664 94191 812 93040 26956 59041 57504 9067 52139 78748 78828 43216 21698 57427 53740 40101 
8989 19
6476 38628 85112 4882 50402 77555 82394 9571 51990 88693 67915 7459 81799 43675 36103 90827 36422 79068 71547 
4042 13
23310 61435 12940 95977 88417 13082 12077 19164 99568 77494 57011 7293 66503 
1966 16
96754 69105 79121 32503 89946 22877 51362 78308 57809 14222 83275 18759 44201 8523 42289 60672 
9002 18
62316 12124 37414 52024 13716 58943 86336 39863 99659 57226 2591 14234 49905 77985 31122 42901 16782 34020 
4893 12
28005 30989 75560 30105 93129 56984 77511 45773 96674 37160 4774 29853 
8008 16
71377 50829 61943 33914 37017 35381 78600 3839 38386 93520 86370 765 69382 47538 78634 69813 
3583 16
53798 90911 68581 4863 47975 88876 3620 70855 70646 75039 4142 10296 84632 25809 26736 66245 
2036 19
40670 27844 83062 92696 45700 51581 16038 63312 34011 93088 21988 83164 81755 94494 84093 4076 81429 13604 98617 
4919 12
6006 89104 98753 60469 76319 74860 92830 19554 30015 97559 24316 82160 
2162 14
31645 49668 54504 42376 81610 63614 31401 84861 54449 81932 66269 35593 33165 44531 
7044 16
68706 5434 32077 19378 7181 35737 95244 31924 80696 74382 64793 90484 31676 2768 47887 28427 
8390 19
70232 32568 42303 48266 60519 49743 87760 90866 56049 52167 83316 17788 27709 65036 18962 9561 93150 90497 44742 
8098 12
20487 52912 86941 35499 83543 6241 32178 78523 48510 45918 7982 98316 
993 18
37640 5913 15551 93522 98506 73163 73605 65658 98571 82869 96099 1939 76936 61584 62743 3923 81791 83276 
7899 10
66347 87502 8119 84878 1187 17954 66203 5052 43562 45542 
2844 17
80140 68704 60242 42675 33407 25923 36905 54250 71923 7206 17128 26121 45857 24330 4865 37364 56319 
3215 17
97697 28626 87224 87041 76153 17979 23408 85996 56506 16565 29694 9127 56551 19258 48973 12289 85233 
5569 12
64850 34230 84254 59384 3796 62797 42224 9565 17805 83966 1429 49204 
5097 15
99934 78906 44628 77137 61972 71511 79915 1141 93115 96530 22486 60295 20396 95489 68596 
6327 19
75885 69984 28670 17312 13024 29164 30559 4165 73051 54813 85312 81507 30031 18304 49531 20231 97058 44738 17976 
2312 15
13823 98469 91794 81542 59775 68329 28085 36522 85350 71048 13730 57537 96364 94581 52696 
6251 13
16022 87309 15844 12864 85018 80211 43764 55479 77515 43311 41244 59385 69835 
1948 13
51547 44912 85158 44627 62011 21302 39560 47299 87494 27621 80843 99273 55184 
5805 10
750 60441 10948 44922 42579 11382 38167 17515 42416 17082 
7732 19
78965 35838 62073 59179 6974 7447 71698 12833 53221 34297 86978 19159 49001 30839 82290 29420 13198 68683 10798 
4073 15
2359 68855 46024 27061 80978 27832 28100 15207 74354 54761 55069 15461 10082 63376 53563 
4830 18
90407 2082 65869 44469 43359 19407 52179 90737 12587 50014 47652 57205 38252 297 16188 9797 60012 31810 
228 11
88076 44984 50459 74918 89338 83972 92786 95860 71514 39747 46001 
3557 20
32255 10628 92543 46084 91890 67424 68202 72189 1414 29299 13712 49773 74202 74924 88257 82178 48606 63197 73815 78521 
4713 18
7840 20958 42024 16018 72070 47016 6256 15110 97498 15233 2430 70362 79089 344 86903 55232 20393 76521 
3123 14
16604 65361 93947 91522 89390 21875 9875 79511 37330 13231 85511 22255 88004 16148 
7400 14
13517 7689 34825 8590 69153 55175 69903 63989 57596 78907 61739 81389 29435 17790 
7777 15
79701 14376 26636 93426 20705 59567 408 57641 90702 91120 58955 47567 64101 91346 36507 
8981 8
73258 36381 15079 52999 53912 11981 89217 68881 
9873 18
75357 71994 34943 83456 4663 31850 12600 61023 45056 31740 95099 69032 69151 46637 786 13861 26306 96284 
4241 18
65406 22983 57750 28901 11817 80956 62174 87208 32512 39604 94093 64581 69432 23074 72229 5812 16678 66206 
6432 16
30107 85330 48847 28722 22396 18529 7593 65967 42312 51804 69146 98143 13804 31803 84472 92162 
7555 10
80645 59433 9913 34991 98853 33388 28735 93960 62262 31057 
7801 12
92511 74929 34242 64579 8998 53143 52343 42360 9805 66911 64401 67131 
1427 10
98986 40047 8827 56741 82504 7576 36020 86916 75006 87619 
4959 18
66854 8115 81043 90498 18060 63591 34997 69932 902 3267 84925 20512 33020 3639 49735 43890 4300 29723 
3817 18
84587 27449 37798 84939 20117 12370 88142 35154 1970 76056 23889 99112 24180 88456 97393 99407 554 99990 
1364 20
46785 61473 9703 53457 22118 67215 6637 5480 50191 16602 35016 83629 13278 36175 7442 78179 43337 18075 95115 31631 
7218 18
75619 17868 42873 41014 91340 46565 67526 32922 9385 10604 19101 45458 68180 21624 7404 49821 58235 88476 
7482 11
31437 51816 43376 8270 70191 36606 83066 15239 87246 41660 92072 
7002 18
54429 91709 35239 75234 50958 22331 51230 21175 77826 61501 84701 44080 20431 28906 38729 33692 28610 34282 
7356 18
55815 86203 60057 22450 33828 19397 64821 68976 79611 26562 63317 65611 85225 75304 52921 79870 10786 94419 
2022 15
2424 70038 55342 97373 41513 50555 45013 40461 20722 39519 19805 86338 78752 67434 22655 
9163 9
54751 17015 18853 34883 61298 1486 35283 99903 57111 
8642 16
57282 55907 35326 73628 24376 84091 94145 6597 13987 87733 74503 79253 62339 18130 19957 99333 
1044 13
60239 32697 36160 46398 51997 46663 35191 47616 72992 14907 60159 2081 60633 
3446 18
8884 35821 76421 91942 70854 46876 94965 54906 18490 65819 82575 28174 66528 9849 21778 17830 98867 48811 
908 15
10315 6822 40632 79850 4979 18170 20747 46361 53434 95210 91148 69632 30744 95934 58626 
6078 10
77277 6101 25439 46423 74191 51350 57182 73020 88396 14322 
1973 12
94800 27527 50348 37676 96683 14394 94537 24433 68673 65534 5102 55929 
7624 10
36908 74820 49741 45974 48802 40917 27731 6321 90492 660 
2856 17
39200 47067 59702 73026 21655 76568 82006 61572 27880 7468 97690 16872 21957 62806 74623 86111 88979 
1736 12
76014 14500 64976 25645 69424 38986 28835 3596 34738 63766 87013 79834 
2848 13
31963 69102 58578 43702 98293 94845 33192 77165 28308 28054 65442 74347 50366 
820 16
17999 52153 81969 30251 60338 8452 54419 97361 27479 82097 26664 9376 44633 86250 44370 66360 
3818 16
40684 36133 82884 77664 85029 68854 88240 84791 21513 63719 30574 75954 37897 825 96670 55017 
3307 13
60928 23112 62701 95164 3028 29291 80457 25869 44376 53292 43229 68951 24765 
3202 12
40153 53811 77943 85328 40329 14449 78302 62991 91975 34677 33477 22439 
1789 11
69302 77689 77289 20399 97752 84132 88868 30775 79708 20616 13792 
417 15
1989 6910 94957 53611 54617 35858 15324 96586 10368 99685 93582 47041 23860 42052 95889 
6153 16
3584 42225 66858 74845 99823 66107 84343 75433 26120 69519 51064 16235 72700 21525 60960 29233 
4803 13
38697 93237 88996 10540 25838 42472 64724 82890 31486 4008 88501 81947 54173 
5200 15
739 17045 73487 16919 38119 46191 66843 3784 60888 98368 90506 28276 60617 58521 60677 
7206 19
47820 41266 49390 29521 88660 20160 81385 88863 72895 80798 38030 4177 3952 10470 9799 70535 24913 98366 55301 
4801 10
27033 66706 40202 31314 86630 6454 69639 85702 23200 2688 
7401 18
54275 4583 17399 42695 87432 86906 57822 85005 33447 37779 96744 71559 16673 31059 14565 83953 34308 78467 
4606 11
34227 44605 93551 45877 24020 57936 40242 93740 20684 78370 59143 
7901 16
10970 29395 83517 26579 58602 29644 51089 57998 2992 83308 99186 18318 80845 88339 16893 88594 
8687 18
35805 88030 56193 57094 23849 82021 6251 43713 16672 54190 73159 38470 12743 90065 23300 57826 261 44458 
2986 12
14964 42996 94600 90172 9746 5536 75541 18884 10776 36128 79125 6110 
3277 15
23432 19826 67204 60395 39549 39314 30216 39191 18635 96648 94314 4816 13431 15674 29145 
4646 17
64540 30050 57217 74853 8376 87555 47445 36223 73883 61007 99991 61592 21572 37218 89958 94651 52237 
2826 17
42833 27031 27319 94735 69989 96238 65409 22339 89284 769 37111 6595 52052 9304 40478 8700 42370 
1192 16
3642 73614 93095 40448 97350 41635 46738 24015 10881 93879 16515 2495 6912 7660 66298 72602 
2058 12
32764 85397 9370 20315 36073 80998 19708 37058 96608 89966 65925 51763 
4813 16
53605 80961 33887 79227 94508 33141 80938 1619 4381 44893 81110 56513 40613 46409 61968 70504 
6355 16
97645 41965 33872 70258 20133 84084 65387 94618 50907 17030 62766 56480 31177 44783 10185 91485 
