612
8696 20
35619 45104 44776 86267 17085 89554 3876 87902 38304 24855 77630 82092 78115 2284 82577 94634 66416 42488 5076 65791 
4871 20
920 12492 79041 29616 52743 42134 10014 2030 11543 55914 58146 68337 17652 50357 83073 18945 98377 17164 66996 72701 
1949 20
24096 18968 71256 82966 98832 52845 2883 63589 5658 7767 96757 99572 99686 77607 75188 21318 29512 46254 41367 1416 
8728 19
71936 35203 33260 69082 65433 50050 87702 32405 56671 10134 74374 73194 74978 35881 72584 47730 18116 81479 15654 
6063 20
54575 67622 67848 78200 9552 95598 41516 96428 79788 1266 85987 48962 51504 36058 66962 28199 5828 91877 9218 50947 
8384 20
29310 76168 27699 71023 90223 79781 84313 24067 67329 15212 84933 67804 45614 54344 4986 37923 69826 34713 81966 89482 
4473 20
42415 4317 53865 73746 26005 6122 81713 50259 71325 49167 23389 95684 43064 18569 91984 51623 80782 50710 62394 77021 
2610 20
1382 65479 61304 49113 77032 39325 48043 89240 66708 4174 7820 74761 25060 53356 30494 52297 11071 10458 48745 71113 
5971 19
29132 22135 38344 22971 30555 74513 36326 83747 37400 48281 66882 70249 29902 46878 26586 59170 89985 17058 33269 
2957 20
86534 61837 54493 55932 85993 47661 92555 23816 30778 58996 9027 92453 65272 7117 98914 14432 47103 32919 53080 54888 
7438 20
92491 76815 43162 1137 35463 42865 51686 50938 85581 86426 68645 50115 74677 29776 82920 7093 59314 89848 39760 60101 
8530 20
11503 81373 87719 5892 26138 53582 59089 88957 32631 2304 20859 16064 42760 19448 98024 99723 22968 96213 27044 82458 
8124 19
24203 92010 91445 60124 17381 43674 16017 73964 63901 96909 47515 64953 77569 20796 74777 9262 42355 69653 93906 
963 14
6568 37402 1039 98800 91036 83252 75948 83507 52089 82597 28885 80121 30255 72532 
8005 19
66483 43568 69565 63014 54867 7518 80374 38757 58998 22715 2171 98798 11769 59779 50403 63729 75201 44049 71358 
3428 20
612 47401 28439 69864 36727 51354 44929 88298 49856 97430 49358 71379 56796 53296 25787 94797 87468 63123 39161 61709 
4631 19
80045 80217 9577 49982 43970 98260 49649 66446 52408 56132 15196 40434 85608 80023 74390 6866 489 12505 63708 
6550 19
94970 97138 10051 35700 31067 49892 65313 11530 97857 7958 93066 63103 12759 33058 80912 57286 85050 57527 16395 
5772 19
53135 33608 6692 16659 4031 1982 98318 48467 41831 84184 57570 12725 23061 97814 84767 44449 93297 50064 53899 
6871 20
40071 599 47629 87851 67662 31515 12282 59306 42836 75548 36149 80127 74615 74736 16615 59246 66013 21581 39044 13601 
2590 20
59603 58315 54953 97615 34053 43951 70859 83513 78111 45635 29997 37688 5742 48875 24522 45069 66541 90452 42927 81087 
6821 19
34765 13254 40424 1631 64475 6120 40734 65710 47392 99232 74059 38721 85849 36401 82842 95339 30421 2614 93884 
1629 19
17964 87209 5176 2401 83017 10507 20469 52389 86931 63281 14848 90454 5238 72780 25124 79503 29793 21337 57310 
6588 20
60125 88210 19537 75995 48982 50826 49067 50809 7618 42352 66794 98341 1988 82960 38766 2159 75758 47631 37636 36766 
7984 19
44930 27980 6981 57104 7690 38861 57279 91557 40900 55615 78896 88120 97991 96995 83098 98660 59248 60574 56008 
4758 19
41803 61417 26076 4552 94218 63986 71749 2686 74497 91216 47525 54287 2051 92408 33654 24709 23928 99010 84347 
5724 19
83428 63547 24578 72830 21401 8025 43701 12844 3319 16663 13122 89956 53478 4331 91251 9003 93722 19536 64761 
349 19
83215 64201 17897 92378 49971 45706 10212 55168 56492 71808 87536 18167 97265 39545 93253 59352 73350 99807 34171 
4637 19
63609 28299 26142 46712 95262 16353 59528 50684 78679 72198 48895 36055 96659 67409 54237 89342 58115 89102 20123 
5761 20
90886 19707 82127 82537 22202 10195 13204 17367 70757 59747 7101 77951 58793 51586 90546 9465 83633 49440 58848 84117 
3938 12
83826 75092 43547 68684 20791 92820 70893 38662 16110 59885 37595 12180 
7833 20
48921 80729 81100 15040 75439 28263 13413 27970 6455 13335 25955 76171 17284 55296 951 77924 65603 82706 28929 96292 
8505 19
51950 91543 75626 82264 70781 63958 99498 40259 80284 10869 86182 35399 62215 4848 44883 68405 68816 53693 64527 
9294 20
42080 72711 16973 96726 23597 68640 97076 42870 89243 7009 57516 37909 747 37479 48181 54341 59429 87581 33522 57295 
9855 20
60258 74200 83257 45533 55738 34698 84226 89198 14014 94033 64392 21342 79077 31629 2999 56073 18568 51479 24583 69233 
5348 18
2519 30289 22038 37958 21795 27669 16521 30371 60666 44592 63951 6144 42335 75228 92159 70428 9820 44219 
6976 20
81336 89056 92586 97336 11231 2163 56081 92699 97119 69510 89120 74902 32712 66507 34239 26150 60936 80822 64849 33516 
7841 19
53855 51679 13603 47100 18316 24318 59880 91832 29602 29245 38953 73346 48987 34294 17413 32406 72893 40280 92195 
8181 19
82963 39996 15098 76450 45999 80560 83126 49564 56979 34337 7259 52171 23141 74272 59532 29408 37489 56597 40430 
1045 20
17105 25087 20595 95978 77344 63622 90560 21886 41485 54028 20566 44114 43439 87873 56316 91949 29992 39892 38313 49560 
5873 20
51111 42960 71845 52916 49162 80581 64148 25664 54746 72106 10884 31494 34432 30683 68214 76811 97334 11228 45383 26816 
5020 12
72364 56306 61717 28296 24078 84053 23908 97385 71679 34753 70976 11335 
1349 19
28366 22375 94002 45850 11511 19353 74174 82237 75381 17539 56202 42110 32056 50069 8164 86640 63894 44508 75694 
7819 20
47416 71839 45905 88097 42215 89224 58796 8183 21414 86747 20549 60221 53006 39170 32704 86604 1367 37514 58040 85469 
7922 19
71172 98150 50517 28021 44733 97664 40713 55821 60934 53090 98409 68941 27539 59814 66895 93038 27402 87544 30135 
7358 20
8226 6016 41726 81897 46729 65508 65619 36550 63957 45114 59605 34271 81543 47834 46203 30585 67570 34122 51487 88944 
7760 18
34227 43704 1343 372 44571 34118 95709 97709 65340 27226 34935 63035 39941 73282 99834 79031 66598 71543 
2137 20
70379 37854 56949 23621 64790 14704 4572 44632 36726 75376 26245 46404 93795 56775 24477 75016 88626 23019 70737 16397 
9447 20
38493 70663 38593 673 76262 410 89681 38320 34612 76725 33653 90735 98621 61857 42871 20351 83518 38150 14339 63821 
8691 20
48126 46058 1012 33992 55052 80049 35565 87419 18437 15480 78477 20152 50247 78715 55714 29434 85175 15371 11153 59290 
661 20
48941 87312 32402 83190 46618 77606 50977 25973 15297 26557 49350 31489 55860 41272 44823 15973 86001 9112 5110 66405 
4074 20
2184 22232 75565 60749 95481 92803 66165 33235 7282 15039 47160 87003 95431 39999 40629 87243 71391 99133 31062 87114 
733 19
74547 79180 92724 39705 55817 92955 86454 49094 67770 13284 65928 10133 76251 80266 83833 95415 66261 27665 5837 
6253 19
51545 43682 10342 66108 98355 77863 34810 71436 81202 51490 43797 83025 25956 9713 56995 98882 51496 1822 96307 
2044 19
29958 39554 69029 71861 27066 89068 25945 63471 64546 92294 79761 7230 69976 90947 34336 2766 73699 63723 84863 
7215 20
3786 9900 43626 36227 5056 31228 79452 13847 2668 71225 31435 44747 54209 26852 40909 71422 96816 30747 74385 51469 
2943 20
89074 42824 10040 34734 14627 36728 35038 19155 56395 38998 44522 11954 4916 61497 68429 56722 68857 48077 8051 90985 
1556 19
27036 31645 94060 19297 39198 6231 10303 26954 91670 70486 16757 67871 40897 99500 30508 53033 82565 18307 74855 
2991 20
36568 38343 80187 71546 18985 82300 90602 69656 35481 465 85266 16259 37044 60312 11897 37961 44075 3424 5604 11800 
627 19
74570 49106 41993 94802 39432 20137 76493 13907 46427 61874 92874 60226 60962 18989 17668 47618 75802 52170 38799 
5023 19
71227 57179 42712 75447 32205 66078 8667 54788 85676 13803 72850 31201 82184 73933 50887 5825 90649 87136 44869 
4395 20
66605 93942 77725 91034 9978 90725 91851 84928 93784 48010 82899 80554 14023 68609 78663 12772 94303 69050 97933 19596 
4138 19
7028 92204 45568 17444 74424 68663 55497 97831 57207 16048 41421 45495 34073 96595 37046 67693 59332 57000 6958 
2232 19
74077 65923 49393 31579 38837 45810 64780 83134 48270 1186 5615 47299 94374 37010 95592 69642 62561 25193 67763 
414 20
58203 57632 134 4391 35170 30257 13209 3857 11876 12491 43849 47195 82540 55000 67594 72431 98692 78367 75477 61099 
6644 20
89990 62465 5281 47332 52990 87633 79918 60249 35676 34217 91504 2164 10816 32722 59710 43182 39066 67532 73905 34688 
5523 18
82572 20012 37009 89131 33580 80571 36834 40020 44354 48363 65454 67081 31078 64293 17531 95018 31675 18711 
5771 19
86501 33122 1209 28069 24242 99914 72219 64988 59863 66534 3612 93974 75809 79899 54432 93188 49265 33987 61655 
7442 13
43972 88066 83475 51910 88608 2411 75666 7033 95694 18588 31144 60742 84007 
5481 19
92815 22218 91840 6010 99293 32190 26812 91537 11602 27096 73486 87430 77802 35425 32556 64489 76109 60798 63430 
7702 20
44431 44954 69145 29319 42188 22798 10293 23592 68778 77442 95141 8305 84473 89217 57316 45200 81986 9761 5790 129 
5360 18
33065 91915 18325 82605 56937 43051 56856 69020 20246 20416 31018 55642 66546 76585 22487 1845 73095 59857 
7989 15
22925 80808 6800 31099 46874 12877 34694 46347 25304 39418 86559 92114 95793 33147 4181 
8791 17
77912 7524 86695 7772 91907 68515 70762 58323 55805 40812 99958 73654 5851 95022 67079 27407 89708 
2998 19
3616 16572 31009 41318 13822 95424 71448 88364 26160 31381 12141 94677 54540 1070 42006 59790 14986 26729 87616 
3721 19
48308 29436 88853 15287 80779 31172 69190 13487 5071 30595 57034 96576 62372 54061 51636 3877 38258 58318 39625 
2901 18
21422 6452 19814 20707 25691 55482 32616 94766 67673 12040 88634 58807 13741 34002 32970 85111 71126 55760 
2297 16
32352 98491 19238 67018 61759 74118 54343 20451 72402 48161 5511 6718 42504 70960 26037 34902 
6609 19
80532 62769 26726 22173 78614 73426 64281 69910 20546 84281 76612 40813 15824 8037 44884 34525 91760 17782 6635 
3034 19
44302 45572 70245 1035 25349 47277 50059 69266 18416 28057 88522 91869 64024 67044 64825 65198 41881 86482 97841 
5339 19
74857 8649 63380 97317 93773 61805 72427 57668 56296 82022 11166 58639 40789 57166 68007 42866 21895 58878 12125 
9647 19
6639 93830 20992 36874 77077 22523 36307 29392 69201 25354 15121 35547 14951 3723 46419 25514 24037 95318 47109 
124 19
24621 61355 24050 73992 27245 14060 85089 95809 42217 1761 15639 22781 19998 50535 14797 15396 72008 98554 59965 
5851 20
8445 79965 3982 23556 21720 87530 56563 30381 12513 17291 95728 45502 85653 3163 21555 35601 99002 21719 50129 16980 
9291 20
61965 53569 90997 18754 49163 67203 31620 98661 55315 21108 85620 77294 70367 28135 26874 18872 43178 28222 6043 66701 
6698 20
52944 76220 93865 48694 89391 78589 29418 14519 16542 70031 61763 48976 48503 90165 20552 78901 78305 78708 49808 57357 
6213 19
63457 77424 10865 13393 29136 94635 72552 46054 82724 63817 51875 9811 64840 29045 32725 95472 58212 40932 82901 
7201 18
75421 1870 46664 33173 97303 98275 95419 7886 71207 71365 81726 17893 5891 54759 23777 22662 76802 38846 
6633 19
3560 97717 48990 66888 63971 78792 28747 27148 23120 50672 7343 13722 4861 71810 12603 38820 91131 46796 69673 
3597 20
40462 30212 95110 43268 15572 44464 11413 10118 37962 76133 90138 43181 26650 84345 90342 82493 12667 73670 55285 59146 
8521 20
64176 83416 49863 86004 86374 5922 3523 9525 52981 14317 66555 55003 92700 98065 53094 45102 75115 6293 94592 72412 
787 16
93804 28454 97031 28770 56648 68117 26830 58404 22951 18196 14260 39007 87547 65673 28862 44816 
5172 20
51447 57499 4624 78612 70466 52269 6742 17102 52564 57587 40985 22553 863 71104 45727 8430 24432 67828 5955 32583 
2131 19
39127 40821 96117 58267 57250 32293 28303 63610 30118 96149 83882 5323 4950 49793 98680 60033 35568 99241 70660 
9213 20
77782 53842 85258 23448 53196 96125 41888 47361 64112 6306 60571 95002 73271 78907 15280 33125 53140 6387 7026 76977 
1425 11
68541 41816 74273 90989 24556 55771 82434 44715 74693 71125 61665 
7709 18
99195 24499 69407 9816 71892 58854 6194 78733 23021 56021 67654 91415 53259 88615 70512 80735 37972 17174 
7843 20
20265 17796 13585 31208 40070 5667 9698 99266 45791 15016 3970 75591 40884 44404 31352 74467 42817 77573 38684 9526 
9829 17
56041 83501 86822 88487 64120 77453 20136 75869 3990 21391 97558 32779 67231 11205 47315 51779 70861 
2830 20
73779 43765 27169 2816 85802 50999 24754 93477 11521 52506 81508 66058 69904 17347 2023 22923 62515 74125 3571 65030 
4460 17
76084 82131 56836 43208 51201 95798 36327 54694 35789 42973 12804 69675 21702 98425 25169 8319 96436 
4705 17
37941 9691 19051 51664 92431 71928 26982 33664 24661 95102 66365 29112 15961 28939 58350 46654 27498 
6897 19
56907 95402 83304 28038 71074 14860 10856 3932 87937 54263 6564 43423 14925 48793 75602 16476 73295 54084 37550 
220 19
80199 58268 37332 69313 53737 15813 42679 16920 19587 51537 813 17440 92984 90127 48577 79410 27476 33342 18369 
4252 19
73224 19213 86957 72729 62340 26067 73659 92372 73169 87121 48475 58654 6511 28200 41155 56397 69466 51077 34069 
8931 20
44975 73422 46470 5681 56908 78860 19568 95780 30542 85129 9389 68618 14462 48430 99045 14270 73278 51296 64479 79669 
1201 20
78818 16196 58677 48464 28933 91106 33588 99331 63192 4850 34078 8851 93111 8585 6471 84256 26759 66837 33482 99899 
6446 20
26401 15900 97353 66792 68545 68205 46530 53448 69144 69387 36923 35735 27618 83774 98393 35871 99013 78839 10142 58291 
1154 20
76263 89411 4517 21593 94666 38244 68390 82830 33886 87964 22384 93107 44725 33249 28816 45281 78403 13341 36558 10939 
486 20
97830 4790 62384 35600 70433 92872 57487 16438 74082 1886 17824 92546 21153 32434 30785 80033 28477 78122 77753 31791 
1617 14
77589 59984 29324 3912 28758 2333 90550 29606 91605 26184 19774 91056 47934 70432 
6115 19
63877 83165 74708 46716 63246 1292 68866 8724 77082 28690 31377 25374 87223 30659 20120 15175 37543 61183 7852 
7975 19
72722 24213 52789 83556 61299 25559 98766 37579 3073 20873 40404 62832 9242 59175 69390 34605 70037 5211 36179 
3525 18
60690 22992 53202 39839 33222 88124 26248 28338 4701 9648 72796 5122 89782 54655 97816 80204 11729 99793 
6342 19
92024 40639 83420 56610 14438 78035 17891 21926 72245 32670 7859 54197 66637 69395 9810 92418 82294 55491 15146 
3844 20
22443 73669 86247 81936 77980 77212 16535 47994 27198 57808 48097 45800 99259 63905 74506 29882 56014 28254 9553 23640 
3991 18
13418 76039 74394 60091 84748 965 19820 53412 20429 90156 47613 18276 14943 89303 14661 63001 46311 59533 
1504 19
89495 53279 27272 73289 60114 6788 33029 48312 55493 5201 87612 81801 76629 36228 10783 25159 95023 12996 39026 
1743 19
65475 29366 24269 20821 94296 50750 23004 11480 12591 89597 50948 87627 76602 9692 68503 34912 12481 80002 24247 
1133 20
89093 48670 67618 35861 41188 21741 20708 87020 41625 20269 4635 80544 50898 23940 6023 84375 23045 24559 22869 28103 
2394 18
47576 34607 94214 96142 36757 83514 1998 63799 25967 43263 95029 73569 6758 20575 12871 36193 9796 29201 
7407 16
71967 84012 99915 65910 88573 17054 56070 58136 75113 18397 5091 72956 90246 64217 46170 41471 
5604 19
88745 9206 98615 83808 26363 26512 42354 3229 21085 83291 89538 19539 63689 63423 74267 60539 98019 95456 75707 
5390 19
1629 26973 91957 41659 46059 96555 76674 37734 9937 80485 5053 65140 61675 83944 32506 75021 41223 6763 41258 
5345 19
860 89116 97852 15602 94530 98257 32964 24450 62392 72349 11138 17624 31374 36536 95436 90912 13629 30131 56301 
2868 17
97267 93229 13782 28241 26426 62894 50956 14901 82584 77889 13959 58064 64559 74618 68021 16062 97707 
8226 17
55921 97687 63151 39877 1389 80110 32452 94548 39729 67199 23282 89734 64000 62583 32778 42020 1636 
4386 20
55589 76411 81146 63486 27770 25605 55159 51559 8144 74910 53983 20278 58984 1441 41768 41057 51286 70149 2757 50686 
6235 20
54675 98310 2510 89751 51514 33564 21213 14188 78483 27975 20599 23126 10813 67868 16201 74048 89434 85956 44347 43368 
8917 13
32911 3456 38007 42526 18745 65614 10177 40941 61097 22365 60134 39083 6604 
4660 15
39466 49130 50666 72867 62952 34629 82664 6364 10404 18015 49197 68486 26081 53046 8268 
1356 19
83283 52190 15920 73445 49706 77787 89796 40507 61543 74453 1718 98328 70779 66975 63860 57786 7850 74656 13975 
72 19
78903 86298 89314 46450 48253 91093 11162 4881 4102 54942 91784 59615 12452 17698 60433 38635 16099 63639 52737 
5530 19
59366 81846 95967 1436 94165 8809 70492 6221 3036 51062 71384 15173 59019 78721 36305 76723 81028 19170 38569 
820 19
17999 52153 81969 83119 30251 60338 20672 8452 54419 97361 27479 88971 82097 26664 9376 44633 86250 44370 66360 
8617 14
27336 12078 70208 80572 65001 89450 56222 27070 53656 58113 96366 24555 73616 62826 
2426 16
62386 46011 29891 79815 47956 20121 83455 80268 32695 26876 57164 41980 15831 51424 36818 6297 
1453 20
17714 25123 54983 15385 56190 28208 24651 38811 66733 39332 49749 74243 1339 59341 61255 12015 70749 68226 51412 22832 
8390 20
70232 32568 42303 48266 60519 49743 87760 1030 90866 56049 52167 83316 17788 27709 65036 18962 9561 93150 90497 44742 
1668 19
80410 44718 9362 36335 24030 55783 58743 88494 67446 45921 46296 40392 71723 97548 21420 77215 17657 54122 77181 
438 18
66969 35391 83889 99274 35054 32649 42082 80223 11330 66175 69232 60434 89610 38629 79345 26861 63712 27092 
9255 14
80757 17705 54473 12490 14871 40739 1875 29485 19731 33025 69499 87929 10121 82545 
2708 19
82422 64931 43114 96552 14008 57484 14779 96343 58419 73774 34517 28024 74184 39506 42940 56282 83932 37677 75651 
9316 16
5807 70147 99852 47309 82906 37623 47249 75727 83085 33100 43322 78016 42636 19434 85069 23358 
4713 20
7840 20958 42024 16018 72070 4500 47016 6256 15110 97498 15233 2430 70362 79089 18798 344 86903 55232 20393 76521 
198 13
36870 79943 3333 11316 19029 46140 9872 42091 40934 37953 86139 64023 38878 
3454 19
61351 98346 52330 32422 4898 19304 7321 79703 31384 65309 65984 65362 84783 19732 34871 9148 65778 55062 68136 
4951 19
60464 83976 54317 96872 60946 17168 17051 47056 80866 4648 94786 99435 84586 28703 9077 81802 97325 58531 79988 
8973 20
76599 52515 8089 94822 80592 18526 32010 72550 35726 20203 75414 54002 42555 6258 65888 82094 3804 16911 43139 103 
8989 19
6476 38628 85112 4882 50402 77555 82394 9571 51990 88693 67915 7459 81799 43675 36103 90827 36422 79068 71547 
4986 15
52927 66917 22541 36753 44980 25224 40099 6363 99737 20097 1414 40128 63605 3255 82988 
1864 13
30623 34568 78112 35086 46864 18625 94551 54703 96511 52248 22717 43957 33943 
5551 20
2017 82686 16393 42531 49872 40140 25876 2528 46752 53504 96884 2612 12935 42489 29773 99068 69726 35382 61909 30948 
115 10
76397 58775 15264 96238 44635 99249 50746 55235 5443 60419 
7368 10
56298 83691 14375 91433 40763 15296 10925 11093 18208 67270 
4717 17
56201 65413 2654 29078 51880 86264 68665 67252 43891 61195 61563 81351 28190 26828 49956 12998 79767 
4813 19
53605 80961 33887 79227 94508 92336 33141 80938 1619 4381 44893 81110 48889 56513 40613 46409 61968 4925 70504 
6835 20
32325 58628 34849 8575 31153 16479 20814 43578 19634 80336 24254 96916 3733 58688 9998 91645 54960 89216 58989 19175 
1760 10
5901 39132 49620 14830 22422 40929 58487 82880 46805 28953 
2881 11
13893 25536 80716 96993 5967 17468 76033 43130 90360 92110 20498 
4172 20
93456 37227 73170 61291 64796 25870 89841 1809 375 34144 9431 24224 24564 76277 81230 67135 95094 87093 11279 76947 
3719 16
98025 81004 47367 34807 37449 80832 26483 7953 41713 74216 89283 90708 38987 23489 97039 94938 
2250 14
38008 10297 87671 68845 46943 19243 87037 52198 54812 3417 3737 95542 84817 70257 
7512 20
26310 13473 74 35094 60390 32530 8122 90572 88722 64121 25400 64757 45226 2705 76456 50060 76140 50160 93792 63912 
1161 11
41509 24904 17614 57095 31630 50715 45754 83258 35684 47289 6615 
9926 19
60582 88696 93284 90990 60362 71798 78372 83446 47992 61502 56215 85636 31119 84581 64989 28125 81947 96756 51440 
6979 19
89839 41474 32591 40294 57859 71799 71246 93347 41412 21211 30325 25493 15498 8991 43631 3425 18600 22906 76206 
2732 13
98643 34513 60437 17453 48868 58308 55683 61549 12612 45352 30026 16158 32601 
6468 20
33024 70998 45359 52653 12308 38772 39842 6743 5418 29476 93445 60710 84678 2730 85490 43956 3664 15038 81275 68680 
3294 20
99181 67760 25172 79092 89124 1874 63666 3881 27329 17387 6154 57579 1 32059 35009 1013 53751 92871 95669 95868 
7044 19
68706 5434 32077 19378 7181 3822 35737 95244 31924 97215 80696 74382 64793 90484 31676 2768 40101 47887 28427 
9795 18
82816 40005 63213 20885 76529 21612 27957 51869 21198 17117 43506 66744 91990 41804 76716 47305 20434 65418 
5107 8
26124 16207 99782 89436 71935 42282 25261 74495 
2582 17
54651 17340 98909 28547 11168 57380 46142 79169 12794 85660 72491 77293 20963 35965 48410 86127 11734 
8363 19
86460 75160 8218 22066 24495 10067 58215 52197 4338 95698 79757 90492 77027 21268 21457 17958 421 13267 12905 
3854 18
2245 69562 55034 6534 36681 23466 80787 84046 23882 76913 94929 20817 92790 32246 28893 28622 27739 34562 
9772 16
45682 10161 77264 41179 10639 18994 71956 39849 1331 12919 34725 70656 95372 90925 20394 63725 
1071 18
32627 95206 63642 6887 40591 16958 95131 95444 51129 54740 72878 71649 69803 58381 18563 37300 93264 15724 
8288 20
11126 14251 51406 55696 65392 16193 41398 37087 66430 87187 79891 48140 38115 67118 59943 28143 24827 70475 3235 36652 
3622 20
17987 75569 4741 17060 24612 1945 95080 22725 73330 90636 57909 84960 44900 89331 42567 76681 66237 80674 11707 12239 
8964 20
35362 76338 96959 31142 17605 15675 97490 83880 80136 43860 80145 58163 4600 93683 75538 88448 9849 9673 53561 64755 
9847 19
40102 49572 25360 83320 76930 96190 11764 81346 98774 83562 67470 90236 51583 34886 42249 31148 86436 37905 85170 
2269 20
13151 68373 36013 77141 83406 54550 7341 37632 27432 25367 24443 96431 16400 77337 54049 48995 21349 79711 60244 96225 
3851 19
39971 77962 52840 95097 2886 50622 63080 93541 8631 75529 56534 55857 38306 76669 55910 94392 83123 99995 10676 
3134 19
34939 78031 35068 85767 57795 66699 51206 85527 76660 34373 24736 76719 79014 48041 56152 49408 67351 57609 96407 
5849 18
1608 97553 99523 2889 49834 44926 19152 79817 89578 13806 75944 11766 80951 45652 45671 15950 45274 80858 
3764 18
51167 60792 85103 69583 56429 71135 95518 6181 86064 75741 60695 26712 89748 69806 33508 6290 76664 4642 
1137 15
94733 49198 52467 23843 73122 32799 15617 53183 49964 181 41013 38498 89486 75813 86110 
88 20
92257 9925 71517 64710 83567 2478 26920 13921 16584 30039 87879 95943 28074 15842 42841 8235 85299 83687 16004 96717 
5804 17
94485 99751 90819 91571 51893 4467 68128 41712 8105 22763 48473 62136 8102 62289 5917 30618 34521 
1873 13
92516 81407 29783 83314 96876 14302 21409 91002 34416 83188 75354 89584 87217 
2737 18
1780 35484 13839 78710 64827 77444 43703 40330 46156 3905 80130 33748 31512 9560 3325 25708 87118 78758 
3483 19
90279 42098 11010 87119 51336 82304 72828 94901 909 87024 94004 37523 30642 18848 91934 88637 38455 69536 1098 
9701 20
65966 27268 25174 1525 1052 8094 31395 15781 2818 68342 91110 62016 51074 83698 72243 31118 8182 15834 82937 86794 
1401 19
21662 36831 32087 99567 40839 88283 25313 59882 89744 35776 650 63603 33765 10209 4430 85309 63672 77727 41249 
2939 18
15294 83578 71221 60020 34818 48044 49061 44832 86735 92297 94255 58811 21792 20079 38351 45175 11719 82135 
3202 13
40153 53811 77943 85328 40329 14449 78302 9868 62991 91975 34677 33477 22439 
650 11
88226 26135 68353 59551 68345 60100 18275 44740 61008 33694 78383 
7703 19
11933 95279 63948 44564 32939 68317 54345 89064 94079 64877 32516 79496 79705 43787 96912 38896 50033 83945 25525 
2115 20
57393 56546 631 52372 56731 70698 30329 99970 67550 40196 44940 50089 82299 3811 72783 62652 36470 54155 99988 28285 
7693 19
25314 54135 38123 28229 44264 11113 77084 89295 57349 3799 63759 46440 68186 92043 61718 48395 47120 69254 11502 
7582 19
37525 88057 33158 82778 91952 74381 20934 48702 16226 47879 71537 84906 57028 62470 21340 29878 47593 69696 77684 
9275 19
10678 65439 54384 5993 84400 46024 73807 20719 44588 52454 74937 24056 81883 34618 55292 96050 68647 27217 96342 
7937 19
32944 58431 48614 7517 78805 4329 81827 48712 50105 34861 92731 97092 79984 74379 3015 12807 3518 12068 62239 
5077 19
43978 15771 46349 38513 40690 42553 16354 43188 9076 48864 73937 62924 82116 42398 79743 40668 86166 99816 61882 
2380 12
11146 42369 37395 29106 12664 65802 90457 11550 83028 6118 96137 75099 
6084 16
49700 80020 41715 91466 40142 69840 81884 21830 70603 29120 5947 24662 75328 34816 26978 82735 
7281 18
4425 53518 35664 83800 8971 20628 33026 12771 39968 64213 88047 87511 27077 15340 74003 3009 92440 26693 
4618 17
5242 12430 78103 62124 78319 44069 49356 18713 73190 39285 56330 63734 86718 97876 74901 99623 95468 
9440 20
60042 88545 35473 20738 42590 71602 25065 60637 64404 76767 57446 68836 46341 16011 94665 23845 77144 33453 92797 72655 
9423 13
36085 22882 45286 49658 90895 87100 54992 5340 29518 73513 36838 23440 12736 
1065 19
77947 91882 78289 87160 73016 93966 56400 54970 9015 76483 33295 36080 88148 59899 39346 28543 50281 9836 95946 
1557 16
3194 79620 23157 2858 5566 64895 5543 85028 49134 8127 13668 60485 657 24504 69284 23294 
9002 20
62316 12124 91892 37414 52024 13716 74681 58943 86336 39863 99659 57226 2591 14234 49905 77985 31122 42901 16782 34020 
5388 8
31625 29262 22454 48235 16596 47577 68884 6239 
5635 19
71504 43377 86870 58156 54205 94606 61221 25642 60210 72732 32143 57236 21248 13394 85062 37473 76916 50090 23086 
2754 17
98693 4700 71756 52108 65435 63882 64367 86571 60594 64036 51675 69218 81834 65303 35310 70011 47424 
1730 19
23635 31005 29521 14125 33137 3985 92916 96830 39910 60663 19580 68670 72761 83809 62644 2446 61511 24367 14141 
1420 18
76512 27803 26410 18028 72371 28783 88102 74425 89894 11526 24206 24401 46426 80524 39276 82035 1597 84686 
2567 15
36475 71812 96810 20741 47761 8448 15997 18612 17752 63381 48742 72348 30691 72801 96368 
6953 15
4460 44169 71259 40597 2391 45821 54548 6931 67642 46259 29728 66523 84887 52169 46501 
6924 19
71058 321 21608 74778 914 26289 11872 72342 79063 63846 85194 99091 17326 72444 35243 79444 74130 28224 437 
7839 18
53652 80364 56161 24635 33866 99122 60653 74508 94038 16484 25222 33645 66130 4628 13704 25682 99997 67734 
2334 20
8620 62145 91457 40458 51587 59955 58380 47801 31677 86288 7992 31041 3961 79501 57452 69276 52364 99641 5977 24924 
9432 19
2249 98418 56335 17858 81542 95835 11634 11793 96975 69921 89583 29522 43546 34357 76675 1915 36104 16250 42127 
9836 19
15151 78858 64956 79991 32683 72558 92220 84746 85288 54368 65991 46523 10156 37094 34747 49563 32046 63244 93608 
5311 18
88308 47594 27 85283 52285 82953 37385 75001 71301 41168 81510 56186 66267 5980 26765 40337 31674 76763 
6203 19
69262 42262 82200 46185 13548 13131 38825 77401 94572 29643 47245 816 34475 97251 858 63104 95464 28955 75476 
165 18
77458 56855 28355 37089 6338 82111 76135 81958 78600 57068 71402 78531 77356 91426 51720 33518 88798 29967 
4042 18
23310 99660 61435 32426 20223 52535 12940 95977 88417 13082 12077 98479 19164 99568 77494 57011 7293 66503 
7956 16
23650 83790 34990 86621 25103 2365 19498 11082 59305 43098 99270 76310 39793 8361 89710 91358 
2049 16
8173 58646 3273 98753 35266 22890 32306 13156 49714 9086 60204 13521 75571 79668 8782 20983 
2052 20
13676 51552 9028 23868 35474 24808 47943 81526 9021 17373 19915 67938 79375 67046 51723 41650 90795 23671 4242 3675 
2429 19
19201 68148 80317 14201 49180 50104 11679 66504 8951 14625 87863 37185 11092 16390 65499 2292 14546 85520 79520 
6236 20
95663 46152 89336 72514 26472 74537 37495 85494 43916 49075 71100 88550 89773 67257 89011 6736 31748 23755 21997 97316 
1023 14
9084 94739 10828 85591 97098 27354 97587 89160 61112 55186 83452 99039 43370 30515 
4019 19
46896 75900 24748 73502 77622 68577 8242 4418 93507 11158 45883 22638 28194 97352 57610 70984 86048 97287 17988 
4893 12
28005 30989 75560 30105 93129 56984 77511 45773 96674 37160 4774 29853 
7039 19
91512 67834 77918 35573 42126 42519 36815 98041 27978 83474 50114 77076 85555 72967 70713 76407 20064 27899 71440 
506 18
92444 53867 41564 29859 71378 85986 48418 24920 93117 76893 41046 65987 24113 36430 13848 32130 42663 90367 
6185 19
43886 10957 64503 26521 88182 94908 13777 85140 80553 39140 75533 1550 81670 50605 47875 53631 4259 92901 49168 
7327 15
97546 91198 10089 2444 66385 50738 80916 62968 5377 72011 85856 7209 89861 69788 23059 
2919 17
66105 2194 92778 54171 36953 45296 26334 37464 22402 832 36354 22673 86866 41339 35907 43217 43173 
9092 14
27133 70866 56179 39395 52279 14736 59636 33002 43902 83350 4727 61446 50047 14305 
7021 16
8126 69638 66024 19902 71524 34954 71094 39880 15673 84776 65056 14586 93967 58903 78444 86633 
7218 19
75619 53763 17868 42873 41014 91340 46565 67526 32922 9385 10604 19101 45458 68180 21624 7404 49821 58235 88476 
2664 19
52093 54995 84514 69525 70202 65434 57718 47150 73448 47589 80596 57976 96111 31295 73485 91693 60287 30059 39531 
2075 17
24782 49072 84055 68423 92693 1448 18433 18122 39879 70852 50393 41424 99139 69430 39111 4859 38228 
6717 20
81339 36096 18367 33661 74352 14982 2492 95454 41992 83653 32544 68371 87993 18904 26392 40088 25539 52310 28162 62589 
9367 15
49908 90301 10106 32324 43507 82428 36361 49525 23025 31744 69960 94991 55924 65640 19891 
2317 14
20878 87402 65696 82056 38890 66434 85883 10806 70890 41224 32673 15438 60074 61382 
1923 12
26537 71859 45187 23612 98448 58861 85162 9757 51298 40123 778 99277 
7363 9
40816 91931 47600 15437 30267 41293 16559 2912 80638 
857 19
59832 39757 38267 13871 60684 80225 81804 38945 25445 90291 21563 59024 14388 81420 44310 96102 2797 2681 62602 
2548 17
32726 86711 28728 32195 13294 33891 47803 86674 45656 74100 75343 94111 84796 4499 79523 27691 52917 
5439 19
96330 74913 60442 21990 49521 86206 69698 75089 24440 11942 80092 20181 10570 95183 92296 86027 62001 838 51725 
8149 10
16863 79950 87508 71560 59349 39297 11281 46288 42728 88199 
3406 20
22649 39556 28551 86708 67680 2525 55139 82917 53507 3749 37390 86556 77535 82683 84299 66604 2838 36740 33196 91345 
2415 15
17257 74055 95638 94287 27490 83554 4557 80257 17962 42484 53402 36089 45738 86608 46548 
6387 11
85082 78762 65040 98934 96352 96160 47331 16104 15951 29687 24505 
18 13
52395 75224 35169 98878 80302 64396 52255 56601 55842 73308 69057 29586 74997 
2252 18
94128 20491 48674 68416 43402 5275 98399 61904 98116 45813 45591 37181 66032 14864 12246 28909 54837 75086 
417 19
1989 6910 94957 53611 54617 35858 275 15324 96586 66048 10368 24763 99685 93582 60189 47041 23860 42052 95889 
5006 19
54408 54828 50106 68314 21514 30427 91079 53649 6050 25614 12938 18289 57867 64415 76702 46101 95257 35815 39830 
268 19
83737 78859 50837 55432 53077 27501 93039 23276 79130 26520 81467 78162 67623 1221 21054 59143 40478 19026 71056 
4633 18
16590 73972 94199 77396 38658 20706 26653 1542 27747 16914 78025 5107 48799 68795 55488 15868 51555 542 
5565 18
4315 56005 51182 79310 77462 5639 91866 48934 68023 95217 14332 3209 64592 29798 66873 70688 39586 70730 
2346 10
90784 22001 38852 62638 23022 5214 75265 33916 90132 2355 
6338 17
99700 12190 87196 95615 14542 90076 24605 84191 50679 68607 73241 28228 45550 97460 85867 3993 87956 
868 19
24532 71352 20414 52243 47902 44131 17941 98580 50525 50252 89428 42156 55200 38056 4267 19436 48775 26508 4022 
4592 15
22756 11984 50130 2737 67041 94241 56565 66520 32609 62166 73461 71248 22769 99838 128 
6241 16
36531 25240 54471 21600 74814 40351 66575 48146 12416 61451 13562 66639 98014 31889 86442 88617 
1985 17
21711 53075 17474 61947 21684 44967 75766 36762 12654 85728 46771 50199 52897 71188 21898 72046 77460 
479 12
65438 31568 15780 13011 90023 95650 70053 77731 9176 95716 4191 15992 
4241 19
65406 22983 57750 63342 28901 11817 80956 62174 87208 32512 39604 94093 64581 69432 23074 72229 5812 16678 66206 
6966 13
5047 31074 7993 38473 39549 94353 15390 19073 60597 16670 60828 910 90600 
7511 13
16503 31358 7833 33910 61640 75046 76480 59683 60278 56141 8434 86698 77109 
2798 16
62930 13972 5547 55073 74714 25320 24639 58337 28463 39151 7485 79291 3363 51701 2298 36023 
6416 18
92349 45119 10158 52550 57172 15413 5425 10699 20964 99308 16620 31915 66830 56390 81253 47968 90005 74318 
6806 17
50328 31491 45483 38916 93911 64492 63429 31169 30564 62223 77625 61957 25068 45570 95854 55264 99485 
8405 20
62327 27052 75782 17767 94531 8937 85493 4455 21434 2869 15557 14680 23404 86386 54822 29265 35887 70616 55744 11318 
7791 18
23942 27113 54133 35109 83007 41427 75810 87331 49959 81321 87958 48237 26638 84014 32187 91641 81874 93181 
144 18
17601 68050 19783 36936 74147 66224 51871 82815 81337 5168 98171 431 82951 92868 44290 22337 90129 48185 
440 20
97381 92904 22116 75875 72845 65068 51407 17196 14865 96386 81887 22669 22051 52863 29751 90229 52208 64025 88277 98786 
3216 9
81216 74598 74588 20333 14944 79179 9436 72361 66583 
1731 17
95703 43551 45653 49365 62603 9773 68097 88863 6756 26239 26296 40693 84056 44982 76857 2408 19645 
6845 16
46919 12929 12793 91369 55542 91562 15734 22266 17241 17954 8574 82083 37282 70964 17609 44944 
7424 16
80275 96478 99679 21074 79582 32507 99761 32975 35913 93336 68365 40705 37115 66877 58581 31399 
5697 19
46481 70873 31031 87577 60488 1121 55750 95299 20694 22237 66684 80194 87279 71978 24566 85458 15736 64853 27942 
8330 16
75340 35579 80067 19806 17885 30160 63306 55804 35551 48779 27438 58250 45963 59117 91846 86200 
8591 18
31632 10379 50910 84079 55863 31112 79328 4367 30074 78446 94483 64419 92938 60267 60237 2595 49613 58214 
9276 19
31186 42442 95442 59640 9279 35307 6272 35265 83738 18749 31961 30236 4684 69224 98806 81698 37231 16185 9145 
5065 17
32542 28614 9950 71471 311 6870 20130 3096 69453 75917 99038 63892 77520 71880 62380 89812 99758 
2006 13
94498 96323 16873 36998 3964 20664 88446 79411 27157 42790 96719 75657 42447 
6980 19
53205 55463 46236 96257 95986 5817 40284 5705 37419 23837 57681 25220 52865 92148 18909 10247 86902 345 57447 
4231 17
22830 93013 28 33514 81509 90565 37715 26108 83453 7049 6070 21764 17548 68464 48429 52359 24035 
9751 16
30671 97787 94983 86798 40731 68269 36902 6374 78043 81153 15698 12414 92385 68977 67431 16176 
2652 16
63502 48851 9734 65446 65701 65834 46407 67212 89908 63606 81516 91425 44178 31093 76209 22805 
3211 18
23753 51082 33432 45273 57344 60062 80958 42423 2888 75480 61302 17693 71341 890 21718 8863 93215 87303 
3818 19
40684 36133 82884 77664 79850 85029 68854 88240 84791 21513 24980 63719 30574 75954 98521 37897 825 96670 55017 
5370 18
81893 55462 17146 86901 26596 23049 87603 92455 1512 1905 57716 35111 47155 96547 75474 96929 84439 51241 
8283 16
21288 75797 34666 69572 52552 81890 94482 96375 29584 93762 84177 91275 77395 93624 75951 13885 
1807 19
99187 7847 92886 89163 86753 77216 55560 8010 39933 93474 63275 97929 94259 60598 88738 48294 88360 49334 90073 
9985 18
5474 18118 352 81477 35989 4521 95315 81469 46976 43277 39791 57997 13262 94829 27065 44342 31641 71651 
4891 17
4167 95816 81515 68083 45691 28857 4718 23737 35489 99788 74078 23732 28267 42432 49811 28246 4689 
5171 20
16578 35832 10543 49129 52278 83485 98516 58294 59834 71222 53013 31258 22050 72825 72316 8111 32968 57161 30835 80163 
2608 19
17701 94767 70583 49034 37863 80164 11918 79658 63594 86940 54742 36745 34119 56123 36770 99212 54180 46504 54120 
1963 19
36219 41579 47421 21730 53039 77314 41118 27447 85379 41602 65636 60410 41207 70641 6107 95370 61203 33341 36653 
3215 19
97697 28626 87224 87041 76153 17979 23408 85996 45484 94834 56506 16565 29694 9127 56551 19258 48973 12289 85233 
6754 12
48874 16462 73946 69574 57188 6136 64971 54195 47046 9716 60674 38055 
9223 20
79117 19206 99925 16943 82751 60316 51677 91989 21969 76369 49304 8897 91480 65124 4591 65671 13571 65343 97985 39553 
53 8
19871 45897 1061 70968 67042 56156 61098 42293 
3165 19
81007 35346 22320 75008 7821 73267 71062 8716 97667 50084 67357 57440 39688 58941 58390 66331 64523 21748 80585 
416 16
96196 71411 80870 58698 61397 57140 78548 10280 82929 19674 84065 97542 348 1508 34561 85782 
7242 13
91960 11983 9035 87815 91208 66512 45620 47557 87552 7775 61358 66897 20262 
814 19
41032 23036 55991 74620 46466 84848 52641 17022 94732 54707 93376 50581 84488 75362 49076 63855 36942 97902 93737 
9095 14
75822 3621 72812 18313 37934 86290 12473 93109 49484 14246 17192 86613 92928 20395 
6772 13
95671 19919 86445 24112 75938 62509 23500 45113 88834 90050 95512 46842 68161 
2595 18
68600 24051 74434 65394 6211 14294 7402 43589 89403 20237 37988 99774 85163 21527 32210 58789 56102 4574 
8912 16
5735 53735 31202 11771 61440 51355 23631 24608 57032 74752 48048 37555 69852 33840 67082 76800 
1397 18
17529 14265 45733 50055 56640 83582 1422 62582 13136 29597 11232 73566 80506 18788 92248 95221 66665 36689 
9128 14
26264 20291 77778 14032 6199 22056 76510 59735 41170 48531 90595 43449 88368 66290 
8587 19
67325 4685 62910 76951 56007 61696 64378 35465 37892 89433 96446 44756 2274 32612 61852 79082 47251 75555 39498 
3459 19
33307 1678 87515 77920 57400 24874 17120 22522 25755 87562 75515 71217 55157 65964 10876 12206 53358 28136 97886 
3612 9
12164 75570 74097 94125 16598 22854 26970 60652 25134 
1529 18
4901 41270 38199 87482 34145 42523 79966 77662 51543 65288 25606 6554 87517 41228 41879 12962 9994 53440 
7734 18
95387 92277 95683 76638 73853 108 42257 25989 59922 16254 23806 12479 47672 90738 41152 70372 96541 10068 
2611 18
20379 72537 97483 2013 85641 57813 30014 35787 52184 29626 42207 20784 75980 71017 46689 55573 2252 70329 
1516 19
74133 89052 28928 6026 25096 65931 21851 68551 75545 54631 35392 99725 25771 88346 93938 7187 26779 86602 38377 
4193 11
82470 16068 8596 29869 52011 58278 97482 99564 34675 49397 24403 
9378 15
61959 37502 77217 568 36440 91143 98191 37796 35240 57704 22151 90055 39449 44048 91204 
9656 18
69692 40244 29505 67639 60770 67172 70693 5714 77205 46988 84892 41026 28586 1713 52553 96574 74266 58660 
1241 18
29536 35438 7283 31753 25953 22364 6017 67054 32832 86125 58465 64170 38480 99029 90313 34500 47856 33262 
2047 19
31450 16869 65400 85450 16253 81296 28650 75276 7932 37522 5708 956 80520 75223 44463 19298 94556 29083 10296 
3885 19
45779 63370 6336 36483 49921 11551 20905 22404 24058 76056 76958 86846 53339 22060 63961 18516 88956 50866 3729 
3313 19
15087 29810 39101 21240 78315 27001 16056 55400 69247 61534 27145 76838 97791 29372 86764 13500 54001 15393 12670 
6497 19
84139 80218 4320 80411 39819 45431 52642 33968 39310 58460 25232 59139 41187 10431 91704 791 91970 96622 54968 
6006 13
70357 1566 60527 44847 24682 82593 47446 84040 80012 86144 22513 91153 8714 
6955 18
21275 28711 2565 60026 67275 36468 65034 49558 74295 68399 97034 12895 21270 32217 69721 4935 84510 75617 
2701 18
58852 20053 46258 84931 96024 12255 71792 11694 86873 14226 99502 26007 94087 30546 18748 53122 86529 54900 
9852 20
49328 65136 43414 43624 14664 11346 24273 77919 71367 17676 46923 87708 42466 47385 43809 6912 2901 76378 52206 22245 
1618 20
30016 59773 98289 41190 34808 30245 87687 19733 97250 2216 37148 89628 52505 39408 59552 81907 27330 43601 36 16210 
3953 17
5704 78057 66720 54495 88667 95826 11603 32155 95955 64015 64680 38261 15550 80813 28280 19290 8169 
9094 19
57019 63761 28875 17127 68487 90170 35256 86300 53621 55849 15487 13876 96695 36772 4512 46268 75717 89783 62949 
4850 15
14741 6854 41341 98188 29540 51376 25458 2783 46309 4216 58560 22074 2965 64737 97177 
5460 18
5789 80838 68798 8816 18760 37802 44348 27625 74362 22269 82383 70349 8234 7083 21064 5330 97984 41157 
7505 12
57552 68357 67902 41195 11782 26447 37790 30327 35073 14061 52704 56146 
8569 13
92334 79948 27666 20946 38083 2644 86805 61663 71048 22059 85709 52315 50467 
4178 20
47125 91807 32197 75232 74890 25652 49630 69147 66912 92119 35827 34756 42297 28486 66613 27491 25170 33825 30797 4458 
909 18
89774 1692 42366 87173 17502 33171 27663 24854 75877 65927 51278 94417 87262 3975 8163 92502 53707 68062 
3026 19
5173 77824 54088 6166 91727 28839 96927 2743 26360 9895 22250 34292 55319 59567 59129 77345 95553 95428 46120 
5134 14
91032 93992 41345 78271 77120 73307 68890 41570 6727 98153 79664 97582 10421 62796 
5044 19
75461 95696 35396 68627 52869 31816 46512 81268 25684 43088 27376 54043 61145 25110 91104 22530 31022 19821 14489 
1448 14
89811 53233 91418 45379 95566 14370 97191 46160 88725 92889 88507 45990 61385 52876 
6956 19
23222 12022 24652 96357 51299 69003 51266 91610 39583 9618 35034 46911 65207 17917 41029 4121 51478 53783 44889 
122 9
89613 22078 37843 98090 47800 78834 12344 13385 55902 
6134 19
88845 8314 28511 59575 15130 15983 16441 83989 14464 46847 72197 54442 58272 21341 84770 53746 3 93362 17304 
9070 19
1833 95623 26864 50741 79699 34749 28391 18933 48849 41616 95459 18941 78692 78830 22344 46400 78622 12507 12301 
4646 18
64540 30050 57217 74853 8376 87555 47445 36223 73883 61007 99991 61592 21572 89107 37218 89958 94651 52237 
5013 14
12961 83254 39938 74158 74804 8702 99669 94442 1295 83357 64550 94655 33940 96735 
7763 19
19066 68755 12655 21690 5361 64178 4436 95717 18194 14149 22963 24817 24533 16058 95144 95513 70401 21400 72077 
1302 19
59592 80925 70175 33320 30149 87842 10070 11106 80549 36161 78333 64725 77959 52201 60380 10683 80169 86249 44582 
180 20
22770 56086 52970 71005 98128 862 79716 3243 20863 72660 75870 84541 97815 53633 57753 65750 31588 87213 35394 54866 
3301 19
25109 89106 1990 31788 19561 8738 16442 40547 4023 4947 38908 19556 92476 2972 87044 71697 17449 35755 70229 
7398 19
71296 59223 66114 18750 39781 53453 1439 41257 42631 74803 24894 61562 30072 20413 43433 22270 26487 590 88162 
2631 19
28844 95646 53154 27196 41551 48846 91910 65968 46628 98470 51443 72913 92325 86463 39248 49839 63405 11334 72613 
7197 19
33752 79354 40527 45087 9789 70548 60373 57881 37221 35493 57825 50884 22905 29183 47711 32052 85002 23852 17486 
4496 12
65932 51627 92646 61278 53580 54582 15628 93963 95947 86869 2210 94856 
4345 19
27254 38409 67291 53488 16142 23092 38457 40130 50703 88394 51719 31051 9961 52530 32792 14602 736 35844 57042 
993 19
37640 5913 15551 93522 98506 73163 73605 65658 98571 82869 96099 1939 76936 61584 62743 3923 2896 81791 83276 
3954 15
19488 82309 60846 65492 41916 73802 34879 72792 29964 5135 26948 53931 90743 73483 41484 
2657 18
12476 24266 47663 66936 60851 70935 67057 20372 29608 68893 46433 83921 86839 36709 69036 14268 86153 42175 
8301 20
42833 77553 60520 77403 8668 33035 59243 80421 56580 68204 25209 94550 23887 73315 93091 86813 91618 79257 44378 79564 
7786 18
17896 28405 35502 53760 15505 38905 39415 79747 49193 95619 54098 25158 1248 58615 76788 98713 41312 30416 
8887 16
19827 12560 89506 96383 42539 41297 74971 45450 67211 73556 63045 69321 19482 26988 87881 6956 
1478 18
29736 81910 56764 95287 31959 59763 29280 16091 11030 70272 40915 94114 99281 44076 3165 94760 88154 16541 
599 18
65840 77874 84613 56373 86730 12746 11155 89722 2772 70241 95277 91700 23800 20019 25834 77534 87674 87928 
8738 16
34438 20614 68221 1081 46844 42857 89237 2052 92795 33701 485 69069 47390 10840 36519 41936 
1492 19
19638 70166 85652 65481 84349 65626 56758 43939 38993 75541 13563 52358 89478 30988 92549 77029 32637 42748 71838 
8838 17
49997 49823 86787 68940 59702 2151 46113 65952 1276 4993 7292 90146 44964 13303 68477 2611 85036 
6995 18
65061 69744 28301 95925 7997 82356 31004 79584 44045 59001 88527 91388 19352 61402 36061 59224 31952 10252 
3074 16
82820 72959 88267 81360 1016 32454 92498 28384 88537 21746 24574 40967 63173 61306 61127 75486 
81 9
40496 50496 46586 36541 50891 84897 10508 13133 44840 
2325 20
72250 62375 84942 88131 164 356 77998 29651 99729 35649 78626 7115 62261 9016 89195 51699 28641 96724 99825 67783 
4429 18
2710 57360 93142 94090 24337 30761 42363 71662 95082 70702 46052 50830 64078 8306 7073 26025 53036 20277 
8839 17
73517 13780 11548 62467 17418 61444 25692 80409 4964 15830 66404 30601 79479 48420 24954 25978 76776 
3779 17
75632 62673 28976 75831 9020 46538 38003 62648 90762 96139 83184 34727 35710 52982 57981 53340 33981 
7400 15
13517 7689 74848 34825 8590 69153 89982 55175 69903 63989 57596 61739 81389 29435 17790 
2079 18
81842 82091 87837 87813 10174 9323 47464 49627 13037 60294 65350 96654 24382 58472 72866 87657 49369 22275 
8902 17
33301 22675 45112 94621 22065 32830 18407 60157 38268 42818 24014 40132 39516 45574 96807 63862 51948 
3545 19
70207 52409 76042 62319 96911 94688 35466 90854 11624 51188 14653 67367 6648 13834 78285 21320 40498 5685 24607 
4704 10
88817 66137 47679 26048 79826 96939 11965 53376 46492 14343 
2536 19
43240 99639 45330 65180 71919 93980 43 4616 56496 53599 18359 25440 71215 71439 48439 49330 26297 33712 20798 
8157 16
30093 33974 29338 77610 52112 88748 38401 17039 8976 62986 5079 56037 43416 80212 43003 34530 
2143 12
15678 17145 18889 34395 67372 79592 87144 21511 28330 86761 98833 21501 
6997 15
89931 98688 5905 19589 40161 29304 15745 17992 87668 28159 789 87233 72751 15852 66150 
5437 19
58359 29133 84137 62156 75118 39244 78972 63416 94845 40517 90727 10326 36537 70941 99313 46209 49865 37541 19419 
2235 19
18597 56327 81026 65586 75038 95174 47269 39343 91372 60651 71171 90978 91502 94805 19971 4980 34107 31664 24426 
4750 19
54443 58125 83605 96351 27589 65542 37091 59189 38488 12153 20032 37214 36626 68822 89323 5762 88763 42356 71773 
6603 14
72164 55519 4878 52475 78897 14793 33966 32980 33322 63190 91856 29803 8443 59514 
974 18
81788 50584 36841 18860 95871 2107 8501 18023 29246 52218 90806 5647 34577 44538 75170 50200 59541 81697 
9821 19
53120 63208 39547 63571 59651 91297 21714 93674 39084 58818 47720 56717 81806 78544 13743 77756 98068 95071 50004 
9963 19
54749 66242 13534 51392 11101 74257 13159 43895 55717 32448 23537 34741 1914 27003 99824 3471 35723 9928 47722 
2359 14
9508 55889 14067 60259 30503 98686 63497 83803 19053 20678 28632 12451 52615 85810 
8279 10
63029 73237 11213 96414 98543 32039 79437 63624 82502 24737 
2992 17
60307 95073 10896 11357 3561 72952 16692 23535 83804 5446 25118 13816 60782 64644 89410 43192 88976 
5789 16
54566 87405 50132 13429 62416 347 78124 30447 69491 15119 16737 31614 89758 34964 5401 97026 
4988 16
16906 38009 51197 11200 28523 11922 5799 61986 30035 29791 50618 35058 20568 93955 64253 65045 
8098 12
20487 52912 86941 35499 83543 6241 32178 78523 48510 45918 7982 98316 
908 15
10315 6822 40632 4979 70282 18170 20747 46361 53434 95210 91148 69632 30744 95934 58626 
930 20
15374 77709 50122 98123 69882 32075 60154 30940 68671 24536 24066 64593 64149 69252 62830 8878 55988 31670 68975 76659 
6367 19
8507 89772 95063 18716 68008 74113 41361 7512 51554 12701 4513 55679 51998 59315 55688 4138 46085 85339 53725 
1432 14
44014 43667 71266 696 74840 39239 92158 63003 84417 35888 4996 39998 67751 1554 
5269 16
27223 38405 5257 7929 39365 86823 9236 50139 55893 61193 66959 41417 34903 79595 84148 63780 
6309 17
11607 87322 80460 82507 38955 75658 93976 21737 86093 79448 17753 26640 38032 48809 95246 95180 63596 
8707 18
28732 77342 97505 76796 32570 85562 91412 70105 49177 8992 89254 4942 67471 16277 10087 20074 8323 97643 
79 11
40712 20294 15601 95827 81522 68010 9743 3069 34003 17409 92238 
8128 10
27904 98960 25117 78649 19960 19901 260 95115 6491 2429 
811 18
94207 7006 87847 13093 66814 43056 33777 60123 32257 58470 87977 36628 18871 84120 50881 19254 11148 68738 
9060 19
17460 91847 85768 78524 75184 15588 58438 32288 49125 82115 73534 30539 2832 39421 51498 28418 47744 3631 21954 
7611 10
53390 47914 18521 77532 38709 31248 72767 71784 11570 56217 
5423 16
31739 46430 95207 35455 45970 1409 9815 55156 1773 16272 94963 49455 70050 8351 21946 59012 
7390 19
32183 33598 14019 69405 61667 35471 35745 55874 6378 83525 18160 20872 54236 50256 5640 915 4670 27509 12894 
2274 19
13812 95580 21433 5724 14237 18594 69748 706 81383 51872 20424 31581 5336 83970 50802 71022 95634 89548 68863 
8759 17
16022 62324 82684 36112 8005 500 99128 95389 82995 59325 61649 31443 73987 49661 27489 9231 40249 
9540 10
64100 76067 69550 40796 22506 34381 15348 3354 15073 99580 
673 18
73053 37068 58881 17215 46508 72520 50079 96349 29444 44256 93437 59134 42583 92933 20178 4694 74144 65306 
1155 17
23425 23384 55144 84432 25553 64607 9001 85574 43248 81625 65851 96634 99590 95713 95111 81703 10736 
7312 17
50617 49967 44421 62565 24747 47154 61924 94242 12197 88202 28791 58254 39265 61897 33892 27440 23031 
8008 16
71377 50829 61943 33914 37017 35381 18070 3839 38386 93520 86370 765 69382 47538 78634 69813 
7465 19
46289 47669 73454 97510 11794 80338 65252 48741 97822 89671 18598 85514 90797 7105 47497 1415 78301 83690 8736 
7223 18
15989 52320 34182 70059 19198 89055 70266 60703 18879 83700 10849 67807 27721 95218 23151 20730 27130 99790 
9124 18
32653 44053 62522 92274 20981 15298 21421 68026 43429 12780 12191 92903 40886 79060 15162 60377 72526 17411 
3546 10
83879 46983 76616 55898 55536 92353 84271 46114 29226 46370 
8873 17
92255 48072 74413 79786 95808 68268 39483 41699 16774 12952 28930 10726 20192 14974 13408 39456 95587 
5104 10
61992 89429 26058 78500 15796 37333 88839 83748 75484 64858 
6727 18
3037 68367 169 46683 20419 27475 71129 89031 33345 9678 62815 33423 99493 35650 9975 53500 751 99419 
6202 12
35878 47571 3489 70036 69527 37978 92835 18657 81666 32439 26051 88430 
1310 18
21496 24043 84607 58675 58607 59988 54090 83275 71875 32186 66170 57469 72089 55867 80156 21089 72820 29655 
9867 17
93080 80104 37607 39009 86488 47324 49063 67226 89611 4609 67764 77515 79933 63913 22787 2580 74718 
7666 18
57985 21917 59732 10829 83744 71368 43543 72848 62577 23158 64442 4587 74893 67198 35764 12676 6528 7657 
2802 20
50397 23499 96771 9668 8801 45811 22263 32041 24226 16711 84309 99840 82962 35866 99134 36731 50305 12886 72496 25769 
8177 17
86465 62193 37076 27778 18057 61129 12332 34772 72882 12082 87722 47292 19949 68303 41349 30779 42461 
1839 19
17152 99373 97480 82453 36837 92567 77094 74205 1792 46025 24258 61471 45081 27506 28424 23230 37103 85682 34523 
1751 20
76085 10173 5504 85976 530 77078 38477 3221 82455 18610 25177 13126 75106 1225 98930 45212 59370 23485 54011 51072 
9029 18
8174 21238 93249 86492 90513 67385 73968 87109 15784 54927 15282 67865 15325 9474 63312 16128 76134 26710 
3364 19
9061 29613 63077 36527 26865 263 12337 75871 22334 40354 12458 43230 44704 65692 57623 18219 16241 4523 14553 
1789 12
69302 77689 77289 39740 20399 97752 84132 88868 30775 79708 20616 13792 
3761 18
51684 32960 63048 9296 97569 41286 36152 58738 39340 55676 68579 6914 69288 68646 88316 89142 95687 18111 
7737 14
32276 83212 14995 95552 91654 76706 46327 17918 77702 12538 99172 73796 62385 13038 
184 18
33542 80850 64993 69535 30330 66491 29786 33259 31799 56326 71043 34924 21874 87278 98043 33146 19888 40236 
2541 17
23352 96147 57554 79040 25662 73929 12444 32094 12038 54239 98796 43459 29965 19302 59039 14967 5197 
1627 20
32468 2782 2852 93772 54552 7555 28557 13616 5248 10080 32659 55647 56680 3957 49224 50094 92230 25732 14684 19660 
6423 19
16915 6832 18339 40246 95350 95909 60935 7116 51462 64766 77451 59936 10228 83681 23991 28524 9657 92164 29438 
6189 18
84448 29089 80523 60912 99320 27544 57806 27676 72577 28025 73003 77413 55154 74773 38508 35114 35704 55709 
5917 20
95004 27465 26981 22198 49539 40222 10382 65539 61491 62847 67427 44745 61071 43678 84627 80670 78933 27251 75324 8769 
5313 17
18388 31866 9801 53210 80434 74021 81844 69937 25944 46276 84725 25581 145 82066 50286 74841 20380 
1551 14
57630 56068 37223 9404 57225 8504 2684 88606 44066 60973 34746 51535 41567 21609 
9315 8
13578 96890 45363 66798 2485 6 85557 32713 
6826 12
44766 75337 52131 41184 46958 6581 98963 56931 49952 35453 31516 45341 
9900 17
97765 41059 92581 56380 27869 84631 51525 41969 41733 73966 25784 90242 61359 25311 84632 71963 56629 
3038 18
77961 87132 35781 39108 74535 39175 6670 78023 15187 77621 54771 6021 85081 42724 15116 83715 87299 88556 
7294 16
9222 87816 64804 14773 92094 74403 83381 83796 14520 10973 23108 1412 79261 12787 55349 21556 
3307 17
60928 23112 62701 61555 95164 3028 29291 80457 25869 44376 53292 74641 43229 19159 24629 68951 24765 
1525 18
27961 60421 53366 24060 42323 16791 93090 88997 91112 59789 73558 22667 9352 62072 84745 94367 95293 9687 
7175 11
66907 75263 28784 39305 23413 28230 17709 68888 4082 14897 55577 
4016 17
96984 52193 39368 59159 44634 416 3854 95660 90385 36916 5140 76887 55216 65954 52022 36082 81953 
4430 16
44228 62452 52219 68883 36836 55012 1557 11400 92534 12679 3216 58755 80658 73238 80369 93730 
1559 13
48838 83093 90715 51878 52328 13735 44809 57844 91615 49428 21448 94008 32310 
1283 15
78912 89194 18163 65797 99157 21454 30634 18667 43971 61184 34956 96458 87663 50561 9751 
4655 19
43167 97455 41797 47736 62696 2346 40082 56468 22398 49432 26094 97339 56423 29421 88310 37825 80909 29620 78799 
555 15
28172 79265 57518 37310 22635 29340 29929 67932 11256 35007 81758 83947 13054 26049 52560 
832 18
86392 29746 98497 26078 76482 42719 3870 4567 54441 4118 53142 17213 12923 1489 44419 85275 75680 29059 
6850 9
50099 35459 52749 87286 88496 64835 57428 79264 80685 
2761 20
63322 51499 76196 23168 66730 27433 35400 17870 43486 53753 75348 51639 99504 41063 47506 87746 13609 24111 94016 32886 
917 10
97211 85545 29121 38274 99771 3449 59516 44084 33126 60729 
3499 18
59050 91827 52685 74395 92429 88147 75149 9251 66315 42532 81902 75643 35971 40072 58211 1124 28102 24300 
9864 18
57304 87077 7356 54616 20449 74649 11576 63385 47069 3605 94143 89689 54687 90037 57004 49206 63611 43488 
3708 18
42834 52573 91748 83868 41962 26006 91434 9115 79985 62570 80897 70739 68448 20149 90844 70782 34595 58657 
6418 18
14997 77682 22844 79744 82879 91998 96150 57577 75744 3708 39035 4176 71901 55251 7124 81382 99717 55802 
177 17
56212 95196 74013 79625 32108 58466 68856 24856 38787 859 58838 63728 41033 86060 56541 45612 722 
783 15
41389 593 99401 50900 89896 63943 68715 92020 99706 2958 18165 14838 67862 85759 42106 
4828 20
19797 80928 94398 54907 45350 91043 18825 91838 24457 30359 66981 28147 51609 80393 32776 41459 24202 44288 11114 21408 
6054 9
4824 58795 69265 4114 19734 63110 15284 52082 61539 
8758 16
13373 66675 45583 57507 17985 18403 74958 51760 95727 5445 88026 60299 49244 24925 68057 36492 
8490 13
12447 48919 72199 50163 75442 52199 82276 6067 6575 74268 5462 1738 11887 
4381 20
21975 38669 40460 18215 75947 3505 1852 49126 46161 24950 38524 81256 47841 58217 4894 89736 1734 31979 50195 54841 
8477 20
98545 1345 74320 31932 2488 92382 63522 93866 5189 77580 39721 19176 94715 77335 17832 17685 64335 42039 69391 68110 
6218 15
28704 71790 9772 18018 21458 11167 26004 97296 70536 66609 93996 36207 78879 52549 90010 
4847 13
86820 85766 16173 11089 15764 39814 43770 18218 28196 2851 78893 49101 81475 
9396 17
54637 69794 6383 52455 73014 30473 33372 29758 64352 20884 78077 39624 58484 50439 17547 14030 88981 
5687 14
57895 80350 56915 24711 77519 93903 11163 16767 99532 26971 12006 1309 40386 82885 
111 13
70445 38153 55457 20320 15253 61427 1559 40466 79430 45472 8792 78382 97759 
9366 18
75178 85910 82205 34693 73429 37545 12622 23953 84561 39384 12263 7149 67766 27851 19637 60575 12057 29358 
3868 16
88866 35657 15235 78867 15483 8246 20585 93556 71860 77797 48204 36551 14853 79373 45565 38492 
3998 13
30958 50288 19932 94628 4051 57688 71934 88054 97779 64979 89508 91337 53876 
8482 18
70288 96977 78597 73754 63112 57165 81431 79819 67501 37324 61594 84574 47033 48488 80066 56376 15793 16809 
934 15
26019 93796 19007 32138 13233 12027 85234 18030 86128 68630 30588 41264 55116 66501 65599 
4975 16
46795 82202 31058 50453 59131 4055 34111 44093 17712 31660 9209 32445 95820 8832 480 27153 
2762 18
91667 25305 60104 41582 64889 51939 64425 88859 41243 64328 35912 97493 98228 5100 79870 80991 61888 11579 
7037 20
48985 81267 53124 43135 83890 48839 56971 76844 53984 99397 43065 91291 65088 78772 47961 5450 12469 30514 80734 37019 
401 19
76985 17057 5896 76566 56920 13170 58449 2236 54414 4749 45239 13769 26745 61483 75380 48257 37875 88244 20960 
8766 18
66061 53644 65305 82021 54844 48753 83141 54211 58834 844 8966 2111 97126 28304 22981 48338 757 98720 
5818 16
55359 1281 66216 84011 40475 91785 98400 34960 32589 35342 70993 6644 14283 51908 72617 63941 
9755 15
18508 95345 18940 79838 84657 51101 21292 34112 78306 81960 41092 1971 35419 62547 22760 
6910 19
1819 1461 29866 84035 24360 92039 34096 77514 68231 29904 15916 59656 83844 15432 42546 30148 79901 72794 10629 
9990 18
90932 97012 78087 15941 75856 65349 84247 97185 74101 91768 87181 68991 73697 12789 66763 86359 95940 18639 
4516 18
86587 58880 2311 93931 1037 51959 56900 21637 68844 94234 33593 47854 77158 39206 1114 47326 94837 18256 
3572 17
61989 60392 89382 56378 57615 83768 92553 11614 58966 7170 65971 36954 71847 52260 25351 4815 38634 
9025 15
85570 91403 94448 54608 49573 63513 87040 43467 4864 80246 77911 16832 38285 81156 44695 
852 18
85515 5871 33037 78418 44029 50386 39399 16154 22734 54763 32348 611 99912 92179 5739 51262 7622 7225 
3742 19
22010 98741 34927 57230 19787 93305 38617 40542 24138 39609 38515 12235 70768 90056 27890 10046 45008 53473 43408 
9050 17
17366 88577 88542 66215 74653 49814 23599 69708 48854 71952 36869 6413 15685 3889 77321 58266 78140 
6017 19
47062 81823 80407 27909 76518 24947 46107 23138 908 13927 76080 90235 97607 96869 90217 99079 44017 36596 99549 
8683 12
94313 22774 76224 70123 58644 87996 15613 5972 16759 44385 60422 25176 
690 19
63739 10675 65560 70571 27357 43053 34705 77729 60717 29876 43332 36148 51220 31170 1690 98225 65151 82388 2067 
1658 16
75040 41702 45556 7516 44846 27417 46336 82603 77913 28445 41362 53409 90179 61092 46412 54505 
128 19
64844 24791 70280 97901 61270 59641 39851 52782 76845 80845 91524 3846 37425 65396 1909 23700 25020 5254 75475 
9286 18
26395 50225 86477 26962 87900 66849 44411 43336 11219 12145 5441 4490 4073 27276 91755 61292 78822 99937 
9566 10
52477 57624 65721 48216 76358 44518 60741 85657 3302 41865 
3586 13
57227 71835 69041 69328 44102 40780 7837 5869 43105 15365 86665 74127 66498 
8993 20
44224 33743 17124 64519 98136 187 39834 56391 847 92714 79606 87988 80539 61528 3099 76163 77108 66780 20746 4825 
4431 18
55114 7277 60032 63847 41381 17664 91132 86464 74076 27275 18859 41337 55444 45797 79125 57498 38796 14772 
7362 18
11412 30868 57617 33847 21542 98195 3232 90788 7678 18756 69386 57354 20268 41627 65453 37403 25474 44863 
3883 15
81808 44369 73083 97903 33589 48709 52270 51928 42944 24416 73176 45299 99574 60726 22713 
7010 12
3374 50049 76342 73618 32844 84419 76992 6527 88013 33506 7866 9494 
8677 18
59762 61954 69066 98603 63444 84362 95939 27075 87787 86212 5765 75934 11813 57476 65537 70719 55736 54100 
9587 15
24878 98807 63923 82942 11040 56026 42978 84442 10874 37203 68673 35837 1564 24357 36979 
3740 17
77835 63558 58495 96736 46351 16097 27039 89604 66815 58097 54151 40681 37086 28429 70126 74579 70845 
9760 19
54485 74169 31786 22413 10930 70395 18717 17563 37745 13954 88970 24160 79470 74916 36057 55041 88640 14682 91632 
6025 17
15234 6027 69963 10318 83520 30227 22909 95640 59016 55115 73040 7756 60996 79770 57798 32999 22120 
9007 20
81262 60182 80618 14445 4163 59658 12347 43561 14134 20795 44806 20561 29593 80807 92554 35901 95500 83338 84699 5882 
6370 19
33734 88380 46583 427 32239 37690 34253 18097 91160 32566 93433 94898 93870 3501 84683 43840 60385 40362 25601 
1438 19
68407 23290 2534 81831 97390 71586 70205 12833 1026 57769 42181 28131 2235 8610 93989 4492 78128 10044 65681 
4112 16
572 27645 35584 7423 49884 67144 30218 88453 95395 72854 20577 8516 8967 68058 46917 13957 
854 17
41186 99670 46127 92231 24645 70000 20317 22817 81781 38894 59807 59064 78498 30572 5310 95779 59377 
6215 18
17113 4949 29973 23386 11421 16553 94148 52762 4744 24129 2140 14576 56408 67089 94517 45216 49415 96662 
2023 17
44072 19183 89505 14117 10811 4709 71120 68558 68773 25754 65821 32472 29948 3966 64230 17888 96004 
8516 20
37749 7934 52966 40117 71570 97292 52095 98294 74223 12477 8108 39338 44249 98274 91035 75237 47954 69865 46251 78660 
3978 17
83202 79777 64383 38070 30858 97688 81877 16539 95845 63814 92462 8031 64152 16469 14252 37725 34379 
9873 19
75357 71994 34943 83456 4663 21049 31850 12600 61023 45056 31740 95099 69032 69151 46637 786 13861 26306 96284 
9927 12
15046 62049 62499 74206 79480 25242 30544 6861 6495 87095 75180 79254 
9918 9
63551 71772 47523 14457 27484 83949 61821 49584 31825 
2946 18
92433 93096 92910 2777 48820 23193 14007 65665 95308 24439 83550 19058 23348 48516 73143 12946 898 89149 
6371 20
43838 71975 42036 85169 81901 64705 96124 83832 16378 27141 37767 29277 40283 11657 2155 72420 74896 47290 75638 65974 
8892 17
50423 16582 93909 29301 35005 82536 89945 71098 80208 67788 92227 28165 46819 4332 28879 57083 67031 
891 18
5752 87948 33768 39858 68095 74930 64491 67375 77788 44791 76477 88916 2533 10855 6322 25101 61413 79752 
2373 17
92511 95985 99184 91996 57460 60194 42763 81065 90410 29834 80114 79075 60599 80700 90475 33766 2562 
4006 16
20336 48413 69553 43253 27982 35677 51192 66990 26469 55852 29579 11214 73549 54398 94250 70040 
3788 17
20309 94356 98751 89413 67305 54710 91594 18810 99265 20704 45294 89924 4613 26619 94641 79613 35027 
9101 16
6785 64819 86821 58552 77147 37049 50232 82354 48757 81259 29575 21606 10730 45693 53852 72384 
752 14
30917 12133 28446 16350 55619 93744 18064 70551 31700 39254 81483 26416 43031 91548 
9218 10
71906 23172 41448 70639 27311 24201 68963 35538 89612 50339 
136 17
59229 89139 44802 13761 40032 56992 80739 30890 62274 59705 58009 96918 71630 26421 98607 13762 82340 
3381 20
63875 93871 80007 8431 72338 44594 6248 89081 71502 41724 11664 64125 26453 8244 50818 83773 66851 30818 98928 33978 
838 18
64465 77050 57282 40970 94773 6571 84356 26621 24089 74634 75906 82030 16912 65743 2425 90975 12628 37984 
6760 17
58782 39307 55649 84077 77028 92406 62767 98616 10514 85057 950 1126 76560 44692 65570 55458 52244 
906 11
60103 51287 44052 11604 24241 36627 87150 2770 75208 73612 46263 
4275 18
46631 60857 63686 80892 86342 47970 99148 21220 70417 71821 2809 32042 39744 95189 86091 80800 93416 98905 
4316 18
13342 77513 87587 71294 78639 27151 14926 35146 5208 69061 37870 24007 33788 99961 59990 26179 66447 18902 
5833 18
36749 92834 53944 32656 79243 18789 20500 87141 95441 474 7966 88336 56234 78707 59226 31143 36829 35847 
973 14
91042 56535 18062 83999 67173 94639 50798 92793 46139 6862 60779 92156 34780 64268 
8642 16
55907 35326 73628 24376 84091 94145 6597 13987 87733 74503 79253 62339 18130 51920 19957 99333 
4207 17
7401 93640 16671 20916 48940 38254 53111 73208 55547 74505 55892 20689 67657 43579 47688 3687 31328 
1661 18
24511 85544 148 38934 31834 63329 54200 78657 11558 39745 99581 61243 24792 88907 35534 41620 75322 86486 
3679 16
43919 30290 77953 73279 33897 32628 49586 15648 91484 54193 20209 39446 8895 23169 73820 64846 
2655 18
57456 69053 78284 5767 89725 80016 79903 20397 81355 33581 83632 64957 16138 46808 68865 29910 84924 18033 
9582 16
80930 79771 91380 49047 84645 18295 65333 72460 62732 76051 38096 57117 75325 26027 72058 68781 
2730 17
18560 63811 35101 60416 66784 71854 70104 76645 12548 67025 18595 27652 40990 13444 93833 48575 8906 
1653 16
37098 23427 57035 29400 96842 94978 91818 93600 28095 28629 53375 28621 32573 13447 98634 85842 
5387 18
92732 173 31591 96791 18480 63514 9852 79307 55447 82531 28799 7927 73041 7167 55566 367 59020 41478 
1812 18
90159 89310 81393 52135 40192 89741 97811 66766 85113 78702 53322 87752 87679 65584 26813 54479 78892 52496 
8801 16
44984 54175 2803 95673 71972 89241 89033 76044 68544 93922 14248 12550 42699 48706 67182 44087 
7401 18
54275 4583 17399 42695 87432 86906 57822 85005 33447 37779 96744 71559 16673 31059 14565 83953 34308 78467 
5219 14
22188 22397 30980 48243 90846 11650 65749 94762 15058 27426 2318 89641 50308 86054 
6805 18
8175 5852 63182 87313 12103 12320 4740 21120 83178 49444 72651 83935 6252 7080 96088 51279 85071 20240 
6522 17
7268 41959 25184 15542 24622 39169 36097 16813 24468 15811 50071 20421 27841 69031 81943 90661 90521 
1411 18
23714 50491 76697 28297 76499 19174 47228 7445 73094 44615 83239 89996 18177 32175 58473 50934 20610 93170 
4039 18
95248 24090 72928 68387 90115 49395 23246 35788 93823 48894 87521 93849 47653 86572 82057 66948 39058 77248 
1364 19
46785 61473 9703 53457 22118 67215 6637 5480 50191 16602 35016 83629 13278 36175 7442 78179 43337 18075 31631 
1815 17
39778 46231 11472 77584 53452 93261 73409 66241 96408 32932 72567 19271 20432 52911 7803 36287 72742 
994 13
36741 91309 56862 77909 34123 65395 70197 11129 57519 5456 30424 7394 38190 
8963 16
21749 63297 38623 29905 43063 16223 31161 93259 44230 10669 88675 82494 40902 45349 29817 97330 
2468 15
67246 15132 59586 22455 55111 6745 71515 58641 82367 92160 64188 4270 97638 75860 84408 
1307 14
46815 23465 33850 60016 1529 77218 75297 48817 37105 24787 54991 76167 82495 30185 
1204 19
691 88684 78355 62670 97140 58673 11271 6582 12557 64777 79823 86720 50420 54349 27545 29562 11677 31487 85773 
2457 10
73007 58821 8334 24780 36205 77001 23508 55480 91283 36987 
3535 16
69818 72449 97839 95380 81839 37 87611 86831 68628 96779 17332 95166 24231 38130 64927 82397 
5450 16
57511 82616 22566 68959 59419 57238 38670 53752 14522 71235 63132 65428 77409 56603 15446 29993 
9080 15
62283 62624 88381 36678 10837 22636 82772 71727 61045 50566 65491 25423 34134 95328 27874 
3591 18
21848 74472 78294 24699 36412 43479 82769 69047 27866 58816 83310 35134 47889 41652 85637 7495 75978 31468 
2495 18
66336 26985 47549 27764 14896 65060 1722 45994 76494 22049 4707 98988 36009 48434 86643 75157 92082 65423 
3774 16
16820 87531 62564 64308 28910 50395 12810 35652 31987 64044 78004 74135 39444 74696 9862 45267 
6368 17
90879 70116 57167 33864 67879 73608 97682 73317 11775 71238 77728 40840 99559 86003 52160 85750 52652 
1785 18
75745 13637 3713 71438 25081 83641 89629 20710 28923 72860 8805 70753 65211 35779 23543 4612 67301 26014 
6152 12
28053 5991 71306 14160 6747 94538 6315 75597 71362 16806 24180 33034 
2010 19
53596 11683 14559 19512 91829 62004 89941 3025 35289 26855 84423 51143 97036 63265 22144 29637 89211 12128 7615 
6623 15
31681 42512 49504 26996 16614 96838 31814 60235 25918 2008 2855 70799 27997 4384 46320 
7278 19
45108 35900 35771 64332 48621 86081 52228 8948 16466 99744 46903 64488 19675 22653 37699 68790 72239 39541 81138 
9962 17
61263 96903 32814 59462 75876 58369 94676 94146 84389 57707 73156 29450 93742 27352 39096 23354 65389 
4589 17
15019 60847 25544 63137 69690 7474 16290 96657 57543 85547 13094 68905 21652 37167 42443 35659 65364 
886 19
58244 96329 56359 50608 1077 95729 59837 74639 99355 73724 39817 22617 46596 82062 99704 8700 31949 18089 87083 
3135 20
31679 50172 32099 25132 35450 25826 91685 40743 20169 47306 85225 88937 61172 17376 90071 11580 69457 46807 29980 6834 
8228 18
16412 28481 36546 9793 95529 19384 85326 48280 64359 93087 71316 48211 6329 701 80453 88239 53566 83349 
1606 18
70957 22806 70198 14572 16695 443 89988 87052 82204 70712 81083 60313 73298 5223 92791 93400 81745 95307 
2892 18
51425 30672 26190 51820 85247 50451 37513 56667 55996 15090 20135 74543 20815 53745 4658 72634 10531 69949 
3605 17
8975 83102 13642 45987 61346 66554 94252 90870 23769 87257 68443 72147 31578 25793 27779 83853 42192 
6939 9
51405 22972 62718 51249 36094 99366 84569 87628 84101 
5144 18
55890 51038 96887 85210 71437 91029 2638 52029 80963 90561 14150 52513 95109 22084 17980 83712 64317 14562 
5409 17
71561 51718 28828 4404 91823 57375 12699 15665 20571 49027 23178 52105 22261 57712 81537 87002 48117 
1967 13
43927 40905 8369 33135 86026 92869 11981 43534 5236 44470 26335 73638 40595 
1634 13
75776 5282 2981 36241 90605 69902 34392 18305 15323 87092 774 57740 42058 
