869
7819 20
47416 71839 45905 88097 42215 89224 58796 8183 21414 86747 20549 60221 53006 39170 32704 86604 1367 37514 58040 85469 
7327 17
97546 91198 10089 2444 91892 66385 50738 80916 62968 5377 72011 85856 7209 89861 69788 23059 56397 
2881 11
13893 25536 80716 96993 5967 17468 76033 43130 90360 92110 20498 
627 20
74570 6016 49106 41993 94802 39432 20137 76493 13907 46427 61874 92874 60226 60962 18989 17668 47618 75802 52170 38799 
4074 20
2184 22232 75565 60749 95481 92803 66165 33235 7282 15039 47160 87003 95431 39999 40629 87243 71391 99133 31062 87114 
1634 15
75776 5282 2981 36241 90605 69902 34392 18305 15323 87092 24468 48779 774 57740 42058 
4112 17
572 27645 65305 35584 7423 49884 67144 30218 88453 95395 72854 20577 8516 8967 68058 46917 13957 
1800 12
62554 51532 24025 29997 39404 31341 97417 88329 62440 75484 37546 81760 
650 14
88226 4701 26135 68353 59551 78483 50898 68345 60100 18275 44740 61008 33694 78383 
2380 12
11146 42369 37395 29106 12664 65802 90457 11550 83028 6118 96137 75099 
6644 20
89990 62465 5281 47332 52990 87633 79918 60249 35676 34217 91504 2164 10816 32722 59710 43182 39066 67532 73905 34688 
5971 19
29132 22135 38344 22971 30555 74513 36326 83747 37400 48281 66882 70249 29902 46878 26586 59170 89985 17058 33269 
3428 20
612 47401 28439 69864 36727 51354 44929 88298 49856 97430 49358 71379 56796 53296 25787 94797 87468 63123 39161 61709 
7833 20
48921 80729 81100 15040 75439 28263 13413 27970 6455 13335 25955 76171 17284 55296 951 77924 65603 82706 28929 96292 
5551 20
2017 82686 16393 42531 49872 40140 25876 2528 46752 53504 96884 2612 12935 42489 29773 99068 69726 35382 61909 30948 
4871 20
920 12492 79041 29616 52743 42134 10014 2030 11543 55914 58146 68337 17652 50357 83073 18945 98377 17164 66996 72701 
6871 20
40071 599 47629 87851 67662 31515 12282 59306 42836 75548 36149 80127 74615 74736 16615 59246 66013 21581 39044 13601 
5172 20
51447 57499 4624 78612 70466 52269 6742 17102 52564 57587 40985 22553 863 71104 45727 8430 24432 67828 5955 32583 
5724 19
83428 63547 24578 72830 21401 8025 43701 12844 3319 16663 13122 89956 53478 4331 91251 9003 93722 19536 64761 
5771 19
86501 33122 1209 28069 24242 99914 72219 64988 59863 66534 3612 93974 75809 79899 54432 93188 49265 33987 61655 
8791 19
77912 7524 86695 7772 91907 68515 10195 70762 32205 58323 55805 40812 99958 73654 5851 95022 67079 27407 89708 
2610 20
1382 65479 61304 49113 77032 39325 48043 89240 66708 4174 7820 74761 25060 53356 30494 52297 11071 10458 48745 71113 
6550 19
94970 97138 10051 35700 31067 49892 65313 11530 97857 7958 93066 63103 12759 33058 80912 57286 85050 57527 16395 
7989 15
22925 80808 6800 31099 46874 12877 34694 46347 25304 39418 86559 92114 95793 33147 4181 
18 14
52395 75224 35169 98878 80302 64396 52255 56601 55842 73308 69057 29586 74997 74125 
5339 19
74857 8649 63380 97317 93773 61805 72427 57668 56296 82022 11166 58639 40789 57166 68007 42866 21895 58878 12125 
8728 19
71936 35203 33260 69082 65433 50050 87702 32405 56671 10134 74374 73194 74978 35881 72584 47730 18116 81479 15654 
1949 20
24096 18968 71256 82966 98832 52845 2883 63589 5658 7767 96757 99572 99686 77607 75188 21318 29512 46254 41367 1416 
2348 16
29342 75198 77993 46751 8266 92914 72651 97489 19924 84845 93827 91167 97491 29236 71503 67609 
9128 17
26264 20291 77778 14032 6199 22056 76510 59735 41170 48531 56152 90595 43449 6763 88368 76763 66290 
1432 16
44014 43667 71266 696 74840 39239 92158 63003 84417 35888 4996 39998 26297 87873 67751 1554 
9255 14
80757 17705 54473 12490 14871 40739 1875 29485 19731 33025 69499 87929 10121 82545 
6897 19
56907 95402 83304 28038 71074 14860 10856 3932 87937 54263 6564 43423 14925 48793 75602 16476 73295 54084 37550 
6134 20
88845 8314 20223 28511 59575 15130 15983 16441 83989 14464 46847 72197 54442 58272 21341 84770 53746 3 93362 17304 
349 20
83215 64201 17897 92378 49971 45706 10212 55168 56492 71808 20469 87536 18167 97265 39545 93253 59352 73350 99807 34171 
1154 20
76263 89411 4517 21593 94666 38244 68390 82830 33886 87964 22384 93107 44725 33249 28816 45281 78403 13341 36558 10939 
399 12
5704 5660 36203 59660 55849 58319 86560 72616 44405 92949 16700 83483 
2939 19
15294 83578 71221 60020 34818 48044 49061 44832 86735 92297 94255 58811 21792 20079 38351 45175 11719 82135 43139 
3307 19
60928 23112 62701 61555 95164 3028 29291 80457 25869 44376 40813 53292 74641 43229 91693 19159 24629 68951 24765 
1653 18
37098 38343 94606 23427 57035 29400 96842 94978 91818 93600 28095 28629 53375 28621 32573 13447 98634 85842 
7358 19
8226 41726 81897 46729 65508 65619 36550 63957 45114 59605 34271 81543 47834 46203 30585 67570 34122 51487 88944 
6979 19
89839 41474 32591 40294 57859 71799 71246 93347 41412 21211 30325 25493 15498 8991 43631 3425 18600 22906 76206 
7201 19
75421 1870 46664 33173 97303 98275 95419 7886 71207 2668 71365 81726 17893 5891 54759 23777 22662 76802 38846 
9889 13
17833 75653 75279 33093 70722 99860 28851 32305 47077 39701 71030 55108 29752 
2359 15
9508 55889 14067 60259 78319 30503 98686 63497 83803 19053 20678 28632 12451 52615 85810 
8005 19
66483 43568 69565 63014 54867 7518 80374 38757 58998 22715 2171 98798 11769 59779 50403 63729 75201 44049 71358 
7107 18
92792 3106 21113 91134 31035 55079 52873 78077 36800 5810 14179 75126 99389 3172 1787 86807 34814 7865 
6754 12
48874 16462 73946 69574 57188 6136 64971 54195 47046 9716 60674 38055 
9294 20
42080 72711 16973 96726 23597 68640 97076 42870 89243 7009 57516 37909 747 37479 48181 54341 59429 87581 33522 57295 
9564 17
78145 39193 32607 38194 65091 4400 3879 47827 70424 56167 77329 94564 87438 92259 89514 36491 69604 
9656 20
69692 40244 29505 81346 67639 60770 67172 70693 5714 77205 46988 84892 41026 28586 1713 52553 96574 74266 58660 52737 
2312 16
13823 98469 91794 81542 59775 68329 28085 36522 85350 71048 13730 49408 57537 96364 94581 52696 
9423 13
36085 22882 45286 49658 90895 87100 54992 5340 29518 73513 36838 23440 12736 
5851 20
8445 79965 3982 23556 21720 87530 56563 30381 12513 17291 95728 45502 85653 3163 21555 35601 99002 21719 50129 16980 
1668 19
80410 44718 9362 36335 24030 55783 58743 88494 67446 45921 46296 40392 71723 97548 21420 77215 17657 54122 77181 
6202 14
35878 47571 3489 73534 70036 69527 37978 87037 92835 18657 81666 32439 26051 88430 
8696 20
35619 45104 44776 86267 17085 89554 3876 87902 38304 24855 77630 82092 78115 2284 82577 94634 66416 42488 5076 65791 
4758 20
41803 61417 26076 4552 94218 63986 71749 2686 74497 91216 47525 54287 2051 37923 92408 33654 24709 23928 99010 84347 
2075 19
24782 49072 84055 68423 92693 1448 18433 18122 39879 70852 86288 50393 41424 87118 99139 69430 39111 4859 38228 
8149 10
16863 79950 87508 71560 59349 39297 11281 46288 42728 88199 
8979 14
33572 17492 14411 50379 60925 74241 70030 16948 59487 80074 41075 88106 74317 74461 
9855 20
60258 74200 83257 45533 55738 34698 84226 89198 14014 94033 64392 21342 79077 31629 2999 56073 18568 51479 24583 69233 
5408 16
19633 66077 91673 17041 17215 29436 18040 54368 9079 65560 80071 74655 48945 76400 76681 16106 
53 11
19871 45897 2478 60488 1061 70968 67042 56156 61098 42293 27198 
5804 17
94485 99751 90819 91571 51893 4467 68128 41712 8105 22763 48473 62136 8102 62289 5917 30618 34521 
6977 17
66128 32183 70449 71114 50143 34286 75975 32393 26326 17293 1942 99975 97203 16614 48057 70124 99006 
1864 13
30623 34568 78112 35086 46864 18625 94551 54703 96511 52248 22717 43957 33943 
9092 14
27133 70866 56179 39395 52279 14736 59636 33002 43902 83350 4727 61446 50047 14305 
1642 12
60376 28992 27676 39035 40340 3529 44640 60189 90029 33251 32091 80174 
4704 11
88817 45187 66137 47679 26048 79826 96939 11965 53376 46492 14343 
7021 16
8126 69638 66024 19902 71524 34954 71094 39880 15673 84776 65056 14586 93967 58903 78444 86633 
2297 17
32352 98491 19238 67018 61759 74118 54343 20451 72402 48161 5511 6718 42504 70960 26037 34902 44219 
8518 12
85977 38231 56852 92374 97852 41806 36836 11461 22438 97315 1534 48724 
1045 19
17105 25087 20595 95978 77344 63622 90560 21886 41485 54028 20566 44114 43439 56316 91949 29992 39892 38313 49560 
2346 11
90784 3616 22001 38852 62638 23022 5214 75265 33916 90132 2355 
8617 14
27336 12078 70208 80572 65001 89450 56222 27070 53656 58113 96366 24555 73616 62826 
9829 18
56041 83501 86822 88487 64120 77453 20136 75869 3990 21391 97558 32779 67231 1070 11205 47315 51779 70861 
124 20
24621 61355 24050 73992 27245 14060 85089 95809 42217 1761 15639 22781 19998 50535 14797 90452 15396 72008 98554 59965 
8505 19
51950 91543 75626 82264 70781 63958 99498 40259 80284 10869 86182 35399 62215 4848 44883 68405 68816 53693 64527 
8384 19
29310 76168 27699 71023 90223 79781 84313 24067 67329 15212 84933 67804 45614 54344 4986 69826 34713 81966 89482 
5966 16
49097 54755 19845 83074 13419 31161 68638 84774 24337 44632 37855 87237 52220 27856 71086 32717 
6236 20
95663 46152 89336 72514 26472 74537 37495 85494 43916 49075 71100 88550 89773 67257 89011 6736 31748 23755 21997 97316 
5510 14
66083 80974 15448 35068 45455 23029 61620 49426 63147 67104 69642 78494 77436 64469 
3730 10
53438 71144 68549 12766 87049 77932 40837 86078 69943 54628 
9948 12
24599 90758 23869 74943 15301 10231 7578 78907 83858 60007 44866 55894 
7281 18
4425 53518 35664 83800 8971 20628 33026 12771 39968 64213 88047 87511 27077 15340 74003 3009 92440 26693 
1201 20
78818 16196 58677 48464 28933 91106 33588 99331 63192 4850 34078 8851 93111 8585 6471 84256 26759 66837 33482 99899 
8181 19
82963 39996 15098 76450 45999 80560 83126 49564 56979 34337 7259 52171 23141 74272 59532 29408 37489 56597 40430 
7491 18
32661 60681 24104 14389 29611 21049 39743 67568 89044 70505 75423 25513 39338 6316 43424 48935 8221 69142 
8267 14
70464 4126 89131 86889 39956 53145 27492 2337 3538 5380 21054 69202 58405 16030 
6966 13
5047 31074 7993 38473 39549 94353 15390 19073 60597 16670 60828 910 90600 
9985 19
5474 86708 18118 352 81477 35989 4521 95315 81469 46976 43277 39791 57997 13262 94829 27065 44342 31641 71651 
6338 18
99700 12190 60792 87196 95615 14542 90076 24605 84191 50679 68607 73241 28228 45550 97460 85867 3993 87956 
7984 19
44930 27980 6981 57104 7690 38861 57279 91557 40900 55615 78896 88120 97991 96995 83098 98660 59248 60574 56008 
6063 20
54575 67622 67848 78200 9552 95598 41516 96428 79788 1266 85987 48962 51504 36058 66962 28199 5828 91877 9218 50947 
5311 18
88308 47594 27 85283 73422 52285 82953 37385 75001 71301 41168 81510 56186 66267 5980 26765 40337 31674 
9108 14
67184 69876 97664 3767 2947 44442 42463 87785 10878 5784 14044 85237 45545 21047 
6115 19
63877 83165 74708 46716 63246 1292 68866 8724 77082 28690 31377 25374 87223 30659 20120 15175 37543 61183 7852 
3057 16
33425 46553 44414 48011 86702 70657 32549 12960 49844 59471 12881 70575 73583 30479 17179 65549 
6241 18
40462 36531 42960 25240 54471 21600 74814 40351 66575 48146 12416 61451 13562 66639 98014 31889 86442 88617 
6588 20
60125 88210 19537 75995 48982 50826 49067 50809 7618 42352 66794 98341 1988 82960 38766 2159 75758 47631 37636 36766 
2548 18
32726 86711 57484 28728 32195 13294 33891 47803 86674 45656 74100 75343 94111 84796 4499 79523 27691 52917 
3548 11
40089 7620 43615 85798 98495 18494 15037 49240 69461 72581 62046 
8222 12
40631 74797 56920 89187 98195 45179 96763 80975 52797 63316 5394 32921 
5523 18
74547 82572 20012 37009 33580 80571 36834 40020 44354 48363 65454 67081 31078 64293 17531 95018 31675 18711 
5423 19
28551 27803 31739 46430 95207 35455 45970 1409 9815 55156 1773 50200 16272 94963 49455 70050 8351 21946 59012 
9701 20
65966 27268 25174 1525 1052 8094 31395 15781 2818 68342 91110 62016 51074 83698 72243 31118 8182 15834 82937 86794 
7786 18
17896 28405 35502 53760 15505 38905 39415 79747 49193 95619 54098 25158 1248 58615 76788 98713 41312 30416 
3938 12
83826 75092 43547 68684 20791 92820 70893 38662 16110 59885 37595 12180 
973 15
91042 56535 18062 83999 67173 94639 50798 61097 92793 46139 6862 60779 92156 34780 64268 
9633 19
93360 30444 18561 80346 92225 73445 34777 56849 71935 23837 61279 3389 85855 47195 70737 90869 32380 60893 65790 
7309 18
3127 4824 96155 75669 81415 23223 96211 55667 9204 97897 21771 52877 96743 41459 92775 8224 78598 42356 
4637 19
63609 28299 26142 46712 95262 16353 59528 50684 78679 72198 48895 36055 96659 67409 54237 89342 58115 89102 20123 
661 20
48941 87312 32402 83190 46618 77606 50977 25973 15297 26557 49350 31489 55860 41272 44823 15973 86001 9112 5110 66405 
3277 17
23432 19826 67204 68496 60395 39314 30216 39191 18635 96648 94314 4816 32672 13431 18984 15674 29145 
5604 20
88745 9206 98615 83808 9978 26363 26512 42354 3229 21085 83291 89538 19539 63689 63423 74267 60539 98019 95456 75707 
8109 13
66840 10811 75268 5407 34450 42969 31540 23360 52328 42782 59017 36052 52339 
8766 18
66061 53644 82021 54844 48753 83141 54211 58834 844 8966 49959 2111 97126 28304 22981 48338 757 98720 
1985 19
21711 53075 17474 61947 55034 21684 79703 44967 75766 36762 12654 85728 46771 50199 52897 71188 21898 72046 77460 
8490 13
12447 48919 72199 50163 75442 52199 82276 6067 6575 74268 5462 1738 11887 
111 14
70445 1692 38153 55457 20320 15253 61427 1559 40466 79430 45472 8792 78382 97759 
6805 18
8175 5852 63182 87313 12103 12320 4740 21120 83178 49444 83935 6252 7080 96088 51279 85071 20240 59020 
1351 11
89302 21165 47154 31055 36187 28930 19843 91501 59813 2942 36129 
8123 11
22643 31283 81466 4397 4213 25291 43034 26240 30748 20601 94174 
7937 20
32944 58431 48614 7517 78805 4329 81827 13847 48712 50105 34861 92731 97092 79984 74379 3015 12807 3518 12068 62239 
2863 10
58684 99870 11046 70638 855 51663 30562 95997 19056 72313 
4072 12
49199 82737 24964 82192 45975 79313 66899 72640 79547 20232 68899 27998 
1596 15
79620 43430 75356 60540 25014 30880 29111 76098 99733 15116 66979 11141 5745 19531 2125 
8751 14
47966 98134 97838 72545 86186 14149 95125 2229 75430 4492 64277 18817 11360 5650 
9447 20
38493 70663 38593 673 76262 410 89681 38320 34612 76725 33653 90735 98621 61857 42871 20351 83518 38150 14339 63821 
7312 17
50617 49967 44421 62565 24747 61924 94242 12197 88202 28791 58254 39265 61897 33892 27440 23031 18369 
3597 19
30212 95110 43268 15572 44464 11413 10118 37962 76133 90138 43181 26650 84345 90342 82493 12667 73670 55285 59146 
2097 17
71974 13950 4479 36914 56512 59220 12344 99396 58614 95184 70408 55915 30639 19472 72902 35119 84576 
8530 20
11503 81373 87719 5892 26138 53582 59089 88957 32631 2304 20859 16064 42760 19448 98024 99723 22968 96213 27044 82458 
1555 18
84057 22605 10250 54372 16113 83990 35507 6024 93744 6096 57008 59340 13741 11313 4985 23692 21476 43350 
2737 17
1780 35484 13839 78710 64827 77444 43703 40330 46156 3905 80130 33748 31512 9560 3325 25708 78758 
198 13
36870 79943 3333 11316 19029 46140 9872 42091 40934 37953 86139 64023 38878 
3954 19
19488 82309 60846 65040 65492 41916 94482 73802 89107 34879 72792 29964 43546 5135 26948 53931 90743 73483 41484 
4138 19
7028 92204 45568 17444 74424 68663 55497 97831 57207 16048 41421 45495 34073 96595 37046 67693 59332 57000 6958 
8572 19
5616 12537 23157 22464 61981 91093 96767 69201 93536 11908 88489 82427 99978 29877 64529 54514 35534 53430 83108 
794 10
74291 19230 26937 19564 94453 81411 19740 14396 9991 64596 
4278 14
1017 60842 89993 71948 25418 25988 86558 71572 67135 84134 4872 20348 54399 95136 
9772 16
45682 10161 77264 41179 10639 18994 71956 39849 1331 12919 34725 70656 95372 90925 20394 63725 
8887 18
19827 12560 89506 96383 42539 41297 74971 45450 67211 80223 73556 63045 69321 19482 26988 50060 87881 6956 
72 17
78903 86298 89314 46450 48253 11162 4881 4102 54942 91784 59615 12452 17698 60433 38635 16099 63639 
2864 19
63322 43610 27223 21117 55205 43383 29320 98949 45460 59625 29161 52667 48221 53824 77871 33641 18516 83057 60755 
2252 19
94128 20491 48674 68416 43402 5275 98399 61904 98116 45813 45591 37181 66032 14864 12246 28909 54837 75086 6297 
3525 17
60690 22992 53202 39839 33222 88124 26248 28338 9648 72796 5122 89782 54655 97816 80204 11729 99793 
7841 19
53855 51679 13603 47100 18316 24318 59880 91832 29602 29245 38953 73346 48987 34294 17413 32406 72893 40280 92195 
2394 19
47576 34607 94214 40639 96142 36757 83514 1998 63799 25967 43263 95029 73569 6758 20575 12871 36193 9796 29201 
7438 20
92491 76815 43162 1137 35463 42865 51686 50938 85581 86426 68645 50115 74677 29776 82920 7093 59314 89848 39760 60101 
1296 11
80466 19174 88340 88752 28937 9005 26826 95303 84642 45191 95991 
4592 16
22756 11984 50130 2737 67041 94241 7033 56565 66520 32609 62166 73461 71248 22769 99838 128 
751 18
51453 15151 91075 275 29854 5449 33695 18471 15535 59538 92605 74094 70627 59492 94239 41058 65399 15713 
4813 20
53605 80961 33887 79227 94508 92336 33141 80938 1619 4381 44893 81110 48889 56513 40613 80023 46409 61968 4925 70504 
587 12
95174 14665 73207 55872 43069 53810 56129 5159 79343 80208 89899 9451 
4705 17
37941 9691 19051 51664 92431 71928 26982 33664 24661 95102 66365 29112 15961 28939 58350 46654 27498 
6129 10
76567 10774 18743 21030 85677 14224 43174 88971 60913 95606 
2440 12
36019 32503 17250 95621 29022 52280 48961 273 51054 38466 44569 95859 
1004 12
87426 7509 2399 71234 62479 24346 19231 71759 40950 77426 99535 70011 
1348 17
19371 53262 13098 39422 90465 58518 6111 27379 41574 65834 10838 56091 90943 73329 9142 55706 81953 
6213 19
63457 77424 10865 13393 29136 94635 72552 46054 82724 63817 51875 9811 64840 29045 32725 95472 58212 40932 82901 
115 10
76397 58775 15264 96238 44635 99249 50746 55235 5443 60419 
9469 18
31650 99494 62718 43010 35641 11627 33135 78113 31485 30660 4172 39753 90241 47485 8036 81909 24870 38285 
8691 20
48126 46058 1012 33992 55052 80049 35565 87419 18437 15480 78477 20152 50247 78715 55714 29434 85175 15371 11153 59290 
9927 12
15046 62049 62499 74206 79480 25242 30544 6861 6495 87095 75180 79254 
1824 17
18005 15316 72932 65226 8572 30186 63962 46666 80885 33502 22845 29019 59120 81351 24816 93300 60722 
1868 13
26663 11514 31924 62025 61130 16181 68996 57376 50201 96293 57160 23550 7898 
383 15
4838 88866 94394 94186 69734 91316 32051 92070 54707 23838 928 82241 20909 67988 4887 
5451 10
24619 97843 43091 96027 11394 84604 84441 98744 66624 79931 
2991 19
36568 80187 71546 18985 82300 90602 69656 35481 465 85266 16259 37044 60312 11897 37961 44075 3424 5604 11800 
4386 20
55589 76411 81146 63486 27770 25605 55159 51559 8144 74910 53983 20278 58984 1441 41768 41057 51286 70149 2757 50686 
8536 11
46383 24795 76757 48124 69885 37942 22722 72420 29653 47251 96280 
7995 16
76518 7514 78404 25285 19974 95027 30852 72285 28990 47295 5768 64041 55364 74621 38128 96627 
8738 16
34438 20614 68221 1081 46844 42857 89237 2052 92795 33701 485 69069 47390 10840 36519 41936 
5818 17
55359 1281 66216 84011 40475 91785 98400 34960 32589 35342 70993 6644 14283 10087 51908 72617 63941 
752 15
30917 12133 28446 16350 55619 18064 61302 70551 31700 39254 94303 81483 26416 43031 91548 
4750 18
54443 58125 83605 96351 27589 65542 37091 59189 38488 12153 20032 37214 36626 68822 89323 5762 88763 71773 
9002 19
62316 12124 37414 52024 13716 74681 58943 86336 39863 99659 57226 2591 14234 49905 77985 31122 42901 16782 34020 
414 19
58203 57632 134 4391 35170 30257 13209 3857 11876 12491 43849 82540 55000 67594 72431 98692 78367 75477 61099 
7193 18
57697 88975 59092 69087 45085 92266 69289 71752 85721 21857 59466 87526 81187 84847 82055 28134 39397 53826 
5390 19
1629 26973 91957 41659 46059 96555 76674 98409 37734 9937 80485 5053 65140 61675 83944 32506 75021 41223 41258 
3974 18
20992 44861 80853 9946 326 85662 86681 78124 93311 19374 12244 85061 6329 20537 90179 44061 47786 43489 
4803 14
38697 93237 88996 10540 25838 42472 64724 82890 31486 10665 4008 88501 81947 54173 
6953 15
4460 44169 71259 40597 2391 45821 54548 6931 67642 46259 29728 66523 84887 52169 46501 
8677 19
59762 61954 69066 98603 36527 63444 84362 95939 27075 87787 86212 5765 75934 11813 57476 65537 70719 55736 54100 
906 11
60103 51287 44052 11604 24241 36627 87150 2770 75208 73612 46263 
7956 16
23650 83790 34990 86621 25103 2365 19498 11082 59305 43098 99270 76310 39793 8361 89710 91358 
7075 17
99835 92121 86304 80133 37195 2387 66289 27107 91201 71055 29624 88983 17920 52111 92755 69741 753 
2652 16
63502 48851 9734 65446 65701 15734 46407 67212 89908 63606 81516 91425 44178 31093 76209 22805 
9847 19
40102 53569 49572 25360 83320 76930 96190 11764 98774 83562 67470 90236 51583 34886 42249 31148 86436 37905 85170 
1070 9
29068 69810 34224 60827 59081 7092 48880 1264 21838 
6185 19
43886 10957 64503 26521 88182 94908 13777 85140 80553 39140 75533 1550 81670 50605 47875 53631 4259 92901 49168 
2998 17
16572 31009 41318 13822 95424 71448 88364 26160 31381 12141 94677 54540 42006 59790 14986 26729 87616 
9442 12
1360 42149 1120 85227 60780 14671 67455 92568 93120 19166 8825 36637 
2044 19
29958 39554 69029 71861 27066 89068 25945 63471 64546 92294 79761 7230 69976 90947 34336 2766 73699 63723 84863 
2250 14
38008 10297 87671 68845 14779 46943 19243 52198 54812 3417 3737 95542 84817 70257 
2868 17
97267 93229 13782 28241 26426 62894 50956 14901 82584 77889 13959 58064 64559 74618 68021 16062 97707 
2759 20
39908 59588 22593 33693 20900 90412 43513 39207 18178 10911 48522 89978 49471 90172 76238 23359 23179 91442 32169 59994 
9489 14
45503 18137 69838 38547 19784 30649 91694 45883 92402 1669 4490 88497 29598 56940 
8283 16
21288 75797 34666 69572 52552 81890 96375 29584 93762 84177 91275 77395 778 93624 75951 13885 
2143 12
15678 17145 18889 34395 67372 79592 87144 21511 28330 86761 98833 21501 
3955 16
87897 21941 21980 96437 76480 13169 6022 48803 88248 62354 77965 63838 9607 38251 20670 48400 
4059 10
95569 62569 88056 12229 19054 3166 23918 50230 86716 36425 
7582 20
37525 88057 33158 82778 1809 91952 74381 20934 48702 16226 47879 71537 84906 57028 62470 21340 29878 47593 69696 77684 
1342 11
57895 74766 19315 46270 67961 86196 6330 14075 88043 56297 34616 
9704 10
98748 86859 97986 59334 55951 60594 64171 82553 63779 81793 
8917 12
32911 3456 38007 42526 18745 65614 10177 40941 22365 60134 39083 6604 
1283 17
78912 89194 18163 65797 29280 99157 21454 30634 38825 18667 43971 61184 34956 96458 87663 50561 9751 
6698 20
52944 76220 93865 48694 89391 78589 29418 14519 16542 70031 61763 48976 48503 90165 20552 78901 78305 78708 49808 57357 
6751 12
92329 82752 53100 53945 6353 9499 3186 91002 84948 97696 57764 46146 
5023 18
71227 57179 42712 75447 66078 8667 54788 85676 13803 72850 31201 82184 73933 50887 5825 90649 87136 44869 
8285 13
57228 15191 77979 45320 34260 72167 80043 3807 13554 21592 93030 96181 51240 
1762 16
32857 35379 9439 6130 55553 4964 60651 4231 37863 63216 19368 74665 2787 36263 9533 96572 
6441 16
69323 30909 78139 89384 5683 2647 32392 48752 68267 9868 88836 85948 74361 34475 25434 72742 
7770 17
24312 82906 86072 41381 26233 79058 91932 45775 8627 36542 81669 18641 99518 47936 85119 67958 88979 
3837 17
77213 22974 98230 52789 9470 81538 27601 62685 1730 64520 91342 77605 89564 48163 64117 76390 25504 
5707 18
77110 55450 94206 85162 73003 64178 76052 46879 82908 45800 24447 88993 1421 29307 52522 69918 49598 10591 
9275 19
10678 65439 54384 5993 84400 46024 73807 20719 44588 52454 74937 24056 81883 34618 55292 96050 68647 27217 96342 
6821 19
34765 13254 40424 1631 64475 6120 40734 65710 47392 99232 74059 38721 85849 36401 82842 95339 30421 2614 93884 
6342 18
92024 83420 56610 14438 78035 17891 21926 72245 32670 7859 54197 66637 69395 9810 92418 82294 55491 15146 
4618 16
5242 12430 78103 62124 44069 49356 18713 73190 39285 56330 63734 86718 97876 74901 99623 95468 
5345 18
860 89116 15602 94530 98257 32964 24450 62392 72349 11138 17624 31374 36536 95436 90912 13629 30131 56301 
2590 18
59603 58315 54953 97615 34053 43951 70859 83513 78111 45635 37688 5742 48875 24522 45069 66541 42927 81087 
5853 17
45690 74745 69503 15189 86337 95766 35992 74376 46472 40237 98161 7334 52055 26098 78738 71022 51319 
1659 14
6279 53843 75181 66551 60276 19804 50300 56181 17025 42808 55938 76475 35568 43695 
1133 19
89093 48670 67618 35861 41188 21741 20708 87020 41625 20269 4635 80544 23940 6023 84375 23045 24559 22869 28103 
3557 20
32255 10628 92543 46084 91890 67424 68202 72189 1414 29299 13712 49773 74202 74924 88257 82178 48606 63197 73815 78521 
5348 17
2519 30289 22038 37958 21795 27669 16521 30371 60666 44592 63951 6144 42335 75228 92159 70428 9820 
1349 19
28366 22375 94002 45850 11511 19353 74174 82237 75381 17539 56202 42110 32056 50069 8164 86640 63894 44508 75694 
2415 15
17257 74055 95638 94287 27490 83554 4557 80257 17962 42484 53402 36089 45738 86608 46548 
3459 20
33307 1678 87515 77920 8575 57400 24874 17120 22522 25755 87562 75515 71217 55157 65964 10876 12206 53358 28136 97886 
8761 15
32117 90903 80009 11795 69040 95884 65387 22619 43118 32754 23153 53321 19517 89410 13934 
4933 20
20954 39705 94648 26933 67725 92209 14509 23819 26349 8786 23748 93439 79794 84850 20475 12876 1839 17651 79686 38428 
806 11
68168 71891 43442 81762 91541 43249 77280 59283 25022 2074 82846 
6794 11
58079 64947 20271 22895 94962 60555 13622 61900 3069 23957 60680 
7076 11
6424 14181 29780 18364 18119 38997 50088 16937 57314 56881 90988 
4277 15
1840 87780 43436 34590 50526 59812 76239 41002 93834 43504 46843 76576 99806 88908 15890 
2144 12
7776 62673 39234 65933 40437 18220 2623 37470 36485 59023 83373 8888 
5761 19
90886 19707 82127 82537 22202 13204 17367 70757 59747 7101 77951 58793 51586 90546 9465 83633 49440 58848 84117 
1760 10
5901 39132 49620 14830 22422 40929 58487 82880 46805 28953 
1427 11
16915 98986 40047 8827 56741 82504 7576 36020 86916 75006 87619 
4395 18
66605 93942 77725 91034 90725 91851 84928 93784 48010 82899 80554 14023 68609 78663 12772 69050 97933 19596 
2942 13
98932 81564 73004 90045 69898 19722 39100 23015 25245 86813 6497 54930 5417 
6025 17
15234 6027 69963 10318 83520 30227 22909 95640 59016 55115 73040 7756 60996 79770 57798 32999 22120 
8758 17
13373 66675 45583 57507 17985 77120 18403 74958 51760 95727 5445 88026 60299 49244 24925 68057 36492 
8124 19
24203 92010 91445 60124 17381 43674 16017 73964 63901 96909 47515 64953 77569 20796 74777 9262 42355 69653 93906 
2738 10
60345 90672 99070 51020 79375 85669 11467 29926 80013 87867 
1970 11
30317 80411 49785 13325 60718 92429 35806 71777 60864 22341 17137 
3953 17
78057 66720 51407 54495 88667 95826 11603 32155 95955 64015 64680 38261 15550 80813 28280 19290 8169 
7038 17
61179 99644 64379 87874 80352 22970 95361 34793 74706 3068 11272 45102 70019 1508 43484 16268 19777 
5697 18
46481 70873 31031 87577 1121 55750 95299 20694 22237 66684 80194 87279 71978 24566 85458 15736 64853 27942 
88 19
92257 9925 71517 64710 83567 26920 13921 16584 30039 87879 95943 28074 15842 42841 8235 85299 83687 16004 96717 
1679 14
51344 28976 19995 68538 25432 90049 91367 6282 57066 96725 77193 89694 72933 20174 
177 17
56212 95196 74013 79625 32108 58466 68856 24856 38787 859 58838 63728 41033 86060 56541 45612 722 
6976 20
81336 89056 92586 97336 11231 2163 56081 92699 97119 69510 89120 74902 32712 66507 34239 26150 60936 80822 64849 33516 
6313 12
93797 31659 43265 78987 82829 28797 67578 11942 40845 71033 55835 87162 
3216 10
81216 74598 74588 20333 21563 14944 79179 9436 72361 66583 
4646 18
64540 30050 57217 74853 8376 78733 87555 47445 36223 73883 61007 99991 61592 21572 37218 89958 94651 52237 
6418 18
14997 77682 22844 79744 82879 91998 96150 57577 75744 3708 4176 71901 55251 7124 81382 99717 36770 55802 
1922 15
28272 66594 78341 46302 47480 33006 83563 13471 10999 65637 56722 72825 26616 61330 12422 
4316 19
13342 77513 87587 71294 78639 27151 14926 35146 5208 69061 37870 24007 33788 99961 59990 26179 66447 4950 18902 
7881 12
30489 8436 94115 69356 47235 30549 40758 27882 50018 12040 95013 29647 
5733 19
85303 33074 48051 2977 74880 50965 40009 4066 16696 10711 39565 35877 97815 25911 42988 68420 89149 81994 28516 
3742 19
22010 98741 34927 57230 19787 93305 38617 40542 24138 39609 38515 12235 70768 90056 27890 10046 45008 53473 43408 
2608 17
17701 94767 70583 49034 80164 11918 79658 63594 86940 54742 36745 34119 56123 99212 54180 46504 54120 
7974 12
59320 26314 27448 26355 45484 36882 76647 20571 74034 46166 46572 88310 
4631 18
80045 80217 9577 49982 43970 98260 49649 66446 52408 56132 15196 40434 85608 74390 6866 489 12505 63708 
7963 11
9705 79522 74147 66573 28370 74649 89191 61205 25831 49736 63912 
9713 18
60065 19566 25139 23881 78852 16817 95474 2191 67220 80613 54868 30492 6232 48285 91090 11934 62078 27696 
4193 12
82470 16068 8596 51587 29869 52011 58278 97482 99564 34675 49397 24403 
2732 14
98643 96872 34513 60437 17453 48868 58308 55683 61549 12612 45352 30026 16158 32601 
7175 12
66907 75263 28784 39305 23413 28230 17709 96386 68888 4082 14897 55577 
2901 17
21422 6452 19814 20707 25691 55482 32616 94766 67673 88634 58807 34002 32970 85111 16397 71126 55760 
3719 16
98025 81004 47367 34807 37449 80832 26483 7953 41713 74216 89283 90708 38987 23489 97039 94938 
220 18
80199 58268 37332 69313 53737 15813 42679 16920 19587 51537 813 17440 92984 90127 48577 79410 27476 33342 
6997 16
89931 98688 78792 5905 19589 40161 29304 15745 17992 87668 28159 789 87233 72751 15852 66150 
5285 14
2419 88880 33018 41032 66260 64457 67607 26087 669 31780 84286 39323 17578 83059 
5569 13
64850 34230 84254 59384 3796 62797 42224 9565 17805 83966 1429 54440 49204 
5184 9
52462 81290 84137 86390 20590 64904 16570 50275 49202 
5888 13
99563 94808 27297 98551 60794 79815 82769 37781 79012 86405 363 70538 9853 
4717 16
56201 65413 2654 29078 51880 86264 68665 67252 43891 61195 61563 28190 26828 49956 12998 79767 
1559 12
48838 83093 90715 51878 13735 44809 57844 91615 49428 21448 94008 32310 
820 18
17999 52153 81969 83119 30251 60338 20672 8452 54419 97361 27479 82097 26664 9376 44633 86250 44370 66360 
2245 17
36444 56187 84864 67617 90681 98067 30853 72375 8514 20952 61596 93361 88986 43832 47198 12183 3476 
1356 18
83283 52190 15920 49706 77787 89796 40507 61543 74453 1718 98328 70779 66975 63860 57786 7850 74656 13975 
3050 15
7507 17096 20053 89911 80440 31709 57053 55851 41617 50044 77035 63291 69020 14042 20139 
9223 20
79117 19206 99925 16943 82751 60316 51677 91989 21969 76369 49304 8897 91480 65124 4591 65671 13571 65343 97985 39553 
6084 17
49700 80020 41715 91466 40142 69840 83085 81884 21830 70603 29120 5947 24662 75328 34816 26978 82735 
438 17
66969 35391 83889 99274 35054 32649 42082 11330 66175 69232 60434 89610 38629 79345 26861 63712 27092 
8226 18
55921 97687 63151 39877 1389 80110 32452 91670 94548 39729 67199 23282 89734 64000 62583 32778 42020 1636 
8931 19
44975 46470 5681 56908 78860 19568 95780 30542 85129 9389 68618 14462 48430 99045 14270 73278 51296 64479 79669 
2882 11
16292 6626 34082 78934 24478 34255 48828 54090 7897 130 65860 
350 12
63551 16689 4757 28363 2565 10810 43238 77936 8204 39345 55647 34408 
6386 10
11094 19711 2109 49757 67054 59511 71764 17594 22813 9874 
3761 19
11607 51684 32960 63048 9296 97569 41286 36152 58738 39340 55676 68579 6914 69288 68646 88316 89142 95687 18111 
8056 13
31110 63827 35890 3561 75487 45770 24457 19817 87430 34361 17128 96476 28167 
5064 16
58186 1436 904 23729 76181 45071 36767 31266 55912 84578 92927 43448 51920 57941 56560 65751 
7010 12
3374 50049 76342 73618 32844 84419 76992 6527 88013 33506 7866 9494 
3347 15
67037 18047 27081 63909 73956 39798 79488 42963 86885 58386 88907 73455 63417 56624 24924 
3240 19
3239 58788 31252 88967 24970 70624 41151 63771 40965 48404 66073 12530 2140 28472 60493 75140 95905 59117 31503 
5561 17
78902 86943 22333 83556 56036 45745 16694 95691 22956 46088 19769 60024 62957 63862 77839 88233 66602 
832 18
86392 29746 98497 26078 76482 42719 3870 4567 54441 4118 53142 17213 12923 1489 44419 85275 75680 29059 
7308 15
10896 21713 75913 48460 67249 11678 56598 78871 24598 24479 38808 97823 29482 31752 40867 
1967 13
43927 40905 58156 8369 86026 92869 11981 43534 5236 44470 26335 73638 40595 
9610 15
26024 15889 72458 10310 73708 51124 99410 59639 7226 82028 46899 81281 94445 8256 61799 
8409 16
82810 70955 19868 16772 56398 36205 10599 64630 30021 69191 38887 98392 38604 65606 59291 86197 
3472 12
98875 95870 15701 28175 54738 92424 3501 35120 587 59977 1105 99557 
9963 19
54749 66242 13534 51392 11101 74257 13159 43895 55717 32448 23537 34741 1914 27003 99824 3471 35723 9928 47722 
1448 14
89811 53233 91418 45379 95566 14370 97191 46160 88725 92889 88507 45990 61385 52876 
7368 10
56298 83691 14375 91433 40763 15296 10925 11093 18208 67270 
3124 14
99244 31431 99456 1683 57835 79809 42065 11593 4303 89360 88888 45851 24803 7441 
3546 10
83879 46983 76616 55898 55536 92353 84271 46114 29226 46370 
1504 19
89495 53279 27272 73289 60114 6788 33029 48312 55493 5201 87612 81801 76629 36228 10783 25159 95023 12996 39026 
7644 16
43396 26476 71355 59212 89347 97054 43063 62560 11830 22370 79845 7510 86800 37473 51970 14114 
4709 15
47659 2950 48454 95146 2618 5092 99015 23260 21958 22896 56521 83375 32335 17018 99818 
6783 13
79679 38845 16383 95095 33737 2324 57165 44717 67583 48392 51427 16770 82698 
4134 14
51236 69349 94628 32660 20179 92683 50719 16676 99695 31823 97582 96714 65192 83069 
5107 7
26124 16207 99782 89436 42282 25261 74495 
4460 17
76084 82131 56836 43208 51201 95798 36327 54694 35789 42973 12804 69675 21702 98425 25169 8319 96436 
2497 15
65230 17597 10644 80191 81091 90565 30941 41298 89009 2357 95546 66535 33888 86828 11387 
4101 12
2013 840 65631 92118 16166 39838 8983 65510 30611 37650 97993 58277 
3301 19
25109 89106 1990 31788 19561 8738 16442 40547 4023 4947 38908 19556 92476 2972 87044 71697 17449 35755 70229 
6835 19
32325 58628 34849 31153 16479 20814 43578 19634 80336 24254 96916 3733 58688 9998 91645 54960 89216 58989 19175 
8279 11
63029 73237 11213 96414 98543 32039 43322 79437 63624 82502 24737 
1086 7
45867 60512 76487 47250 92886 33845 35102 
8824 11
22004 66680 95888 65461 86449 56839 87239 35200 42049 4865 20000 
5219 15
22188 22397 30980 48243 90846 11650 65749 94762 15058 27426 2318 89641 50308 86054 68110 
2331 12
99421 67429 47495 77431 7728 99841 78051 95845 35191 82730 79548 86018 
7709 17
99195 24499 69407 9816 71892 58854 6194 23021 56021 67654 91415 53259 88615 70512 80735 37972 17174 
9508 17
24235 75059 85016 85823 14879 67267 98168 11493 97151 76912 40741 5450 97289 7592 92230 12510 78213 
7078 16
6535 33797 18627 83541 64421 29359 2187 26141 51012 73397 74044 94088 37913 61642 64525 65959 
4818 15
1357 61078 51633 78763 81206 14341 98938 38860 77117 46443 46047 50572 59787 23039 12670 
6636 13
42641 997 71874 5454 54092 97223 34089 1816 60066 75695 47982 88953 32592 
8178 8
9401 81080 40436 45833 4923 53621 50677 96730 
4439 16
6785 40174 72389 91600 10386 75771 75100 39744 13903 11204 24579 65954 42593 99588 30114 9881 
122 9
89613 22078 37843 98090 47800 78834 70053 13385 55902 
6885 13
27088 17732 85859 63259 5015 6488 82690 55405 57256 37539 6480 66579 69466 
2047 19
31450 16869 65400 85450 16253 81296 28650 75276 7932 37522 5708 956 80520 75223 44463 19298 94556 29083 10296 
7285 12
40018 63576 89313 26738 11089 73564 5389 69891 83724 81492 65547 24772 
5360 17
33065 91915 18325 82605 56937 43051 56856 20246 20416 31018 55642 66546 76585 22487 1845 73095 59857 
2848 14
31963 69102 58578 43702 98293 94845 33192 77165 28308 28054 65442 74347 83820 50366 
4284 17
20698 72299 37144 79590 23103 39219 74488 33387 94524 79501 99442 84059 55489 91306 76024 95026 40266 
9302 18
44023 23442 31657 39129 22657 15916 24685 46052 20060 6648 16179 8397 83431 85456 43289 85673 38601 35617 
9418 19
91655 20980 69177 26456 78381 62226 43477 76325 73199 92734 67217 39933 74813 38012 90469 23166 6337 94844 31984 
8848 11
75239 24353 86294 52782 1925 23014 86770 15262 31345 36789 88061 
5134 13
91032 93992 97031 41345 78271 73307 68890 41570 6727 98153 79664 10421 62796 
8919 15
39556 79545 38267 72968 14750 79987 70143 78472 63051 21368 1349 92903 47762 38421 4438 
909 18
89774 42366 87173 17502 23621 33171 27663 24854 75877 65927 51278 94417 87262 3975 8163 92502 53707 68062 
3686 18
86381 3504 368 4589 64481 48373 17946 48264 74785 30454 47652 8515 5290 72494 50903 75781 85782 1455 
7791 17
23942 27113 54133 35109 83007 41427 75810 87331 81321 87958 48237 26638 84014 32187 91641 81874 93181 
5484 15
66854 59674 41165 57344 22448 97383 27715 50882 72129 34300 37417 13019 34213 30386 43379 
1029 10
2582 19794 64097 79024 7468 15258 90196 25966 52505 55391 
370 17
94177 63098 12080 99380 66522 48966 18799 21353 32684 68900 4267 96575 29325 46210 72080 60985 32555 
4847 13
43682 86820 85766 16173 15764 39814 43770 18218 28196 2851 78893 49101 81475 
9566 10
52477 57624 65721 48216 76358 44518 60741 85657 3302 41865 
7338 20
53832 84415 56161 84645 35371 4659 37339 41679 32836 22529 44353 12927 60799 26694 67426 44533 95318 42876 33146 20506 
4473 20
42415 4317 53865 73746 26005 6122 81713 50259 71325 49167 23389 95684 43064 18569 91984 51623 80782 50710 62394 77021 
180 19
22770 56086 52970 71005 98128 862 79716 3243 20863 72660 75870 84541 53633 57753 65750 31588 87213 35394 54866 
7179 18
58721 36250 2258 68807 46987 41750 35544 38619 22200 37668 45570 53577 47013 95940 22705 64217 59713 41291 
7601 13
70028 60839 77438 51149 9712 30420 48744 44649 16892 31394 4908 83421 89117 
1549 11
52239 47431 78457 39536 92602 36648 5245 52007 61854 98461 25013 
5873 19
51111 71845 52916 49162 80581 64148 25664 54746 72106 10884 31494 34432 30683 68214 76811 97334 11228 45383 26816 
7305 10
23444 89141 17735 27769 569 31000 71052 41276 16103 80227 
2426 14
62386 46011 29891 47956 20121 83455 80268 32695 26876 57164 41980 15831 51424 36818 
9027 14
80014 57018 65839 672 33279 66363 7339 7881 32154 87363 96865 58873 65327 16771 
9487 19
24335 64606 42850 62805 32525 32426 98040 76083 26750 6038 75819 54543 30970 32950 2958 75389 35812 72923 9282 
3775 11
44989 95886 26001 69614 29432 51345 70629 61795 853 51774 2655 
2687 12
22525 73845 55575 33440 74329 10290 75463 53638 30789 18487 26687 4658 
4510 17
12865 61234 41060 85602 32447 90678 24387 1316 78869 11919 84263 8918 69317 93953 46784 44519 51588 
9534 18
69664 94191 812 93040 26956 59041 57504 29539 9067 52139 78748 78828 43216 21698 57427 85611 53740 40101 
3199 11
31616 50556 39943 55105 30461 52228 88395 2875 68187 34905 98845 
969 13
11375 16352 3560 94144 29407 51351 77890 64681 38137 24281 90538 7644 4938 
6900 13
70957 61143 95188 26881 40778 31425 33507 30226 17678 49873 65779 56122 84837 
1574 20
27191 64072 82845 27993 36976 60025 18382 60513 13165 79634 95189 23175 44988 38637 51446 48937 83151 95635 12155 69816 
2943 19
89074 42824 10040 34734 14627 36728 35038 19155 56395 38998 44522 11954 4916 61497 68429 68857 48077 8051 90985 
7894 15
16509 20035 36374 67157 45404 99182 27695 70051 69318 2205 28019 10287 46732 93310 36244 
1478 18
29736 81910 56764 95287 31959 59763 21990 16091 11030 70272 40915 94114 99281 44076 3165 94760 88154 16541 
3202 12
40153 53811 77943 85328 40329 14449 78302 62991 91975 34677 33477 22439 
3334 18
70502 52459 66019 8390 3390 74193 78535 25209 1165 72123 87949 95596 9662 86180 28291 67012 49268 18424 
9367 15
49908 90301 10106 32324 43507 82428 36361 49525 23025 31744 69960 94991 55924 65640 19891 
1622 18
70892 82130 45074 99205 45923 16534 82155 11158 59405 86851 11246 97323 67191 71550 7142 65512 75768 92452 
479 11
65438 31568 15780 13011 90023 95650 77731 9176 95716 4191 15992 
9 17
83907 31528 35949 67053 38744 75171 90178 23584 64402 83380 95375 21205 15538 51373 91115 18888 32264 
7104 17
6640 86511 88759 92978 52594 11303 87687 54403 2984 50761 80549 31313 13281 61556 72320 71194 26014 
7148 13
49863 8543 13913 3013 52707 4474 15901 71203 71260 48396 50825 51731 52590 
6229 10
76302 75827 28422 81657 24198 14751 61540 8106 10817 17584 
7839 18
53652 80364 24635 33866 99122 60653 74508 26812 94038 16484 25222 33645 66130 4628 13704 25682 99997 67734 
8330 15
75340 35579 80067 19806 17885 30160 63306 55804 35551 27438 58250 62001 45963 91846 86200 
3245 13
16918 34803 16529 13640 17762 59501 25424 44312 92454 53768 23154 38197 12848 
42 15
89954 75269 75467 5504 37126 27005 93173 83940 64401 8725 72038 29654 10211 4919 65467 
1499 12
87742 48559 43493 49634 4927 68796 61651 42547 62500 8360 25111 47232 
3755 17
28997 36632 89399 37715 93679 54060 89386 66021 69000 1719 93419 11814 98204 63749 6167 79379 84772 
9918 9
71772 47523 14457 27484 83949 61821 79933 49584 31825 
9926 18
60582 88696 93284 90990 60362 71798 78372 83446 47992 61502 56215 85636 31119 84581 64989 28125 96756 51440 
2110 13
24868 61289 1347 39568 34012 21009 33033 89707 86964 76856 26358 51188 91268 
7120 11
92811 52987 78578 55580 49243 86758 84236 98211 19466 32987 46518 
6416 18
92349 45119 10158 52550 57172 15413 5425 10699 20964 99308 16620 31915 66830 56390 81253 47968 90005 74318 
3679 17
43919 30290 53944 77953 73279 33897 32628 49586 15648 91484 54193 20209 39446 8895 23169 73820 64846 
3612 9
12164 75570 74097 94125 16598 22854 26970 60652 25134 
7731 18
74564 70586 71930 54980 31608 22107 6507 32855 36559 30295 4279 72130 52336 19993 53230 3217 89097 63158 
9250 13
64333 91350 85035 44363 81473 22362 56990 26902 40283 47229 401 36413 13243 
1390 17
34984 16486 93172 42695 27045 91844 10923 52498 64952 44031 77440 77629 21207 73468 54901 36942 16117 
9316 13
5807 70147 99852 47309 37623 47249 75727 33100 78016 42636 19434 85069 23358 
1538 11
89539 52573 41813 68919 18017 28339 47429 42143 58325 26690 65580 
1109 10
29735 70282 78813 65141 25962 74628 83089 14698 61713 38329 
2269 20
13151 68373 36013 77141 83406 54550 7341 37632 27432 25367 24443 96431 16400 77337 54049 48995 21349 79711 60244 96225 
1551 16
57630 56068 37223 9404 57225 8504 4790 2684 88606 44066 60973 34746 12481 51535 41567 21609 
5635 16
71504 43377 86870 54205 61221 25642 60210 72732 32143 57236 21248 13394 85062 76916 50090 23086 
462 15
11995 88288 65678 36094 36722 92412 12322 82077 31505 72407 29109 84319 76817 73681 45164 
9200 18
95783 40998 49335 23736 5786 75076 72874 94798 26733 90870 81025 86219 59635 15517 8628 13319 23611 21877 
6609 18
80532 62769 26726 22173 78614 73426 64281 69910 20546 84281 76612 15824 8037 44884 34525 91760 17782 6635 
2800 18
77910 56100 12913 39203 5862 90568 95150 54667 56015 42750 97105 99798 30445 8644 15279 35165 76622 29571 
4434 10
52445 76501 95613 26596 90926 66710 54041 50089 90285 61601 
8390 20
70232 32568 42303 48266 60519 49743 87760 1030 90866 56049 52167 83316 17788 27709 65036 18962 9561 93150 90497 44742 
703 17
86055 73064 49338 23091 66951 89033 56745 36614 70286 79756 49317 45427 10282 39014 97238 73048 75982 
5835 10
6703 24979 73781 30382 78040 89745 48697 93577 67862 93568 
9013 19
64716 79910 88859 28809 63012 56101 23750 45327 41657 52400 75957 97195 33431 73728 46927 56551 49605 47364 92583 
9096 11
22767 38478 95825 41134 37455 83646 37806 56082 85824 91376 35543 
92 9
73669 87154 33545 9131 37274 57354 42710 23932 76538 
6215 17
17113 4949 29973 23386 11421 16553 94148 52762 4744 24129 14576 56408 67089 94517 45216 49415 96662 
5912 16
58401 15943 77245 7871 88435 63121 99381 14229 56772 17694 36075 35156 13665 55233 96622 4145 
2403 13
95397 61520 58740 3908 14708 45372 3412 34821 73757 86793 40306 5938 25531 
2131 17
39127 40821 96117 58267 57250 32293 28303 63610 30118 96149 83882 5323 49793 98680 60033 99241 70660 
8759 18
16022 62324 82684 36112 8005 500 99128 95389 82995 59325 61957 61649 31443 73987 49661 27489 9231 40249 
9014 20
76922 72528 48580 70324 73267 120 85543 45285 380 58181 86615 76375 52811 56149 24627 54011 97275 16391 97547 82025 
7493 17
83598 26660 79072 99864 87541 90060 85267 52915 63839 85796 48977 93534 50461 2100 78279 90439 7072 
81 9
40496 50496 46586 36541 50891 84897 10508 13133 44840 
9182 19
58359 90879 44973 30453 93808 70878 31401 74689 85098 37440 70696 53019 95891 83200 90723 69375 22630 52385 58196 
4330 11
96715 71274 72368 96206 60050 2290 80442 97836 87042 6287 52496 
3764 18
51167 85103 69583 56429 71135 95518 6181 86064 75741 60695 26712 89748 84960 69806 33508 6290 76664 4642 
5108 19
49875 34110 23862 64238 14232 33685 79332 12918 38650 57384 32043 94578 44397 85404 22017 81021 35036 18639 64626 
2316 17
95291 66413 17859 70233 57368 11329 86564 72006 65992 85623 80495 31389 12222 37282 79380 47355 4131 
4589 17
15019 60847 25544 63137 69690 7474 16290 96657 57543 85547 13094 68905 21652 37167 42443 35659 65364 
2976 10
57087 71809 78019 67248 96358 90825 69552 74210 92701 38303 
4486 16
32414 2710 98899 32430 92910 85850 84361 15357 62927 79014 89647 7655 32746 64356 66033 3231 
1420 17
76512 26410 18028 72371 28783 88102 74425 89894 11526 24206 24401 46426 80524 39276 82035 1597 84686 
2200 11
65165 88829 99833 71186 85916 15714 48075 57766 20587 46567 98647 
2510 12
36151 20151 88952 51299 90510 94567 68356 58544 39652 58393 19813 70989 
8388 13
92996 60592 65980 93028 47698 73436 5630 93683 25618 40309 693 70556 97776 
3720 15
39381 46806 19264 60814 32015 63846 94835 35343 11291 84943 31747 47043 85826 73304 41114 
1023 14
9084 94739 10828 85591 97098 27354 97587 89160 61112 55186 83452 99039 43370 30515 
3148 13
36813 23400 48541 32967 20102 41864 87563 95340 21022 87166 23660 71769 63389 
9788 15
23507 39108 93478 68528 48924 98038 97895 95694 40467 26399 52534 66593 7586 3760 56700 
1161 11
41509 24904 17614 57095 31630 50715 45754 83258 35684 47289 6615 
3854 17
2245 69562 6534 36681 23466 80787 84046 23882 76913 94929 20817 92790 32246 28893 28622 27739 34562 
9460 12
2404 22338 72555 66906 87693 87181 10043 3868 19632 60724 27752 43007 
2006 13
94498 96323 16873 36998 3964 20664 88446 79411 27157 42790 96719 75657 42447 
9100 13
40503 79050 41747 67500 72373 1905 11852 53450 26345 24333 48829 6610 28665 
1973 13
28670 94800 27527 50348 37676 96683 14394 94537 24433 68673 65534 5102 55929 
2916 11
83837 87781 2499 19659 92953 1962 14347 8972 29865 63276 23779 
8963 15
21749 63297 38623 29905 53210 16223 93259 44230 10669 88675 82494 40902 45349 29817 97330 
5164 20
47743 70548 86577 25602 25995 20458 50794 40348 84369 36117 53324 4679 81659 30040 27638 99252 5217 73833 21399 82170 
1229 13
79616 90096 42863 89893 69387 11794 11142 52749 50904 8896 76472 79141 63469 
381 16
83622 64923 41769 26995 75098 86835 13349 8747 17315 7 2754 40665 97925 23543 3837 78218 
8989 19
6476 38628 85112 4882 50402 77555 82394 9571 51990 88693 67915 7459 81799 43675 36103 90827 36422 79068 71547 
9285 13
65242 5962 31541 78262 31449 22749 31286 97926 95510 29181 47155 5194 91577 
9960 12
54985 19578 87648 72481 90539 10159 62212 81485 72726 6102 51956 64334 
5020 12
72364 56306 61717 28296 24078 84053 23908 97385 71679 34753 70976 11335 
3192 11
48592 87211 76950 97915 93968 37464 80379 30196 36237 2209 96441 
9432 17
2249 98418 56335 17858 95835 11634 11793 96975 69921 89583 29522 34357 76675 1915 36104 16250 42127 
8912 18
36219 5735 53735 31202 11771 61440 51355 23631 24608 57032 74752 48048 37555 69852 33840 67082 76800 51469 
9833 10
74638 74124 14706 60218 13060 4580 29207 69354 33929 42595 
3883 15
81808 44369 73083 97903 33589 48709 52270 51928 42944 24416 73176 45299 99574 60726 22713 
2469 8
60170 1645 27590 87765 57522 9735 67973 87022 
4231 15
22830 93013 28 33514 81509 26108 83453 7049 6070 21764 17548 68464 48429 52359 24035 
416 15
27052 96196 71411 80870 58698 61397 57140 78548 10280 82929 19674 84065 97542 348 34561 
8117 17
4576 84635 82481 82206 86052 43528 45061 70570 85583 87340 25506 33954 77852 14959 25582 42394 97180 
6831 14
18500 63498 34782 83952 75823 90174 16931 56917 2046 62627 71665 98655 97591 39934 
3550 14
36462 62814 67059 38174 48062 59389 60417 30761 44797 74796 25997 9428 61815 77749 
3029 14
62134 65219 55278 68352 71462 65948 59879 24251 56589 26803 45586 71997 59796 44843 
6042 12
84238 37230 33475 32014 87219 10785 6829 75874 7709 68225 2857 79042 
7591 18
47366 42196 83991 37246 12943 97357 49217 57570 95763 87171 95993 2369 81682 28971 67175 81881 75651 66070 
5006 19
54408 54828 50106 68314 21514 30427 91079 53649 6050 25614 12938 18289 57867 64415 76702 46101 95257 35815 39830 
8795 15
47816 89427 30617 31898 51607 7588 75616 72714 7515 35653 81608 33606 34827 20115 19282 
2990 12
1694 86907 18740 19416 91454 21894 92293 59140 96168 91357 55196 29099 
7497 13
69808 99083 9135 57043 50765 74228 27131 62274 92768 53105 22867 14803 7073 
787 15
93804 28454 28770 56648 68117 26830 58404 22951 18196 14260 39007 87547 65673 28862 44816 
2556 11
65874 84869 51491 15140 97682 75658 24058 96278 37056 6996 66167 
4506 14
46480 38358 68459 32001 63107 98349 69560 48250 39993 93152 7121 5368 88297 9268 
293 16
89089 32085 1378 30919 15322 88008 35161 19233 74344 52805 98159 66807 21757 87656 46410 23028 
1789 12
69302 77689 77289 39740 20399 97752 84132 88868 30775 79708 20616 13792 
9095 14
75822 3621 72812 18313 37934 86290 12473 93109 49484 14246 17192 86613 92928 20395 
3483 19
90279 42098 11010 87119 51336 82304 72828 94901 909 87024 94004 37523 30642 18848 91934 88637 38455 69536 1098 
4977 17
11224 11548 49185 28301 24860 50638 67647 37896 25892 76211 65947 16293 90518 29970 67010 28157 36862 
8260 11
8391 43255 81941 63560 47005 35133 92119 83122 75316 59725 87805 
3407 18
13860 10902 76951 62572 69065 1747 8722 83592 15630 49376 32395 56627 44095 60096 85147 98202 79535 48469 
2052 19
13676 51552 9028 23868 35474 24808 47943 81526 9021 17373 19915 67938 67046 51723 41650 90795 23671 4242 3675 
5608 19
55890 27604 80523 47547 80381 83487 77152 95222 5011 66487 77270 88551 25460 31736 81161 19034 72801 31023 77010 
2119 15
95209 45675 12283 84550 27592 88212 23288 40627 39745 4940 76818 93238 34485 10162 59456 
6253 18
51545 10342 66108 98355 77863 34810 71436 81202 51490 43797 83025 25956 9713 56995 98882 51496 1822 96307 
7431 16
47840 56813 87510 77423 95171 38561 23043 40587 51785 24824 20654 87278 73926 49009 98460 44971 
9647 16
6639 93830 36874 77077 22523 36307 29392 25354 15121 35547 14951 3723 46419 25514 24037 47109 
7360 9
11512 42389 26904 50678 48561 23450 99682 33085 93449 
4775 16
39341 78072 85930 63833 80663 51815 56806 27594 18438 82844 76773 46064 22934 24571 75465 40231 
3768 18
79282 91960 33847 43732 97372 48366 98927 59399 55403 60994 46748 43230 459 14432 57134 63934 15408 66500 
8157 16
30093 33974 29338 77610 52112 88748 38401 17039 8976 62986 5079 56037 43416 80212 43003 34530 
2816 15
10524 22929 45160 73720 28229 14992 98923 81484 55708 1099 43990 89434 48063 89651 38634 
2664 18
52093 54995 84514 69525 70202 65434 57718 47150 73448 47589 80596 57976 96111 31295 73485 60287 30059 39531 
9775 14
63160 77427 79094 63112 74620 61448 40064 94834 4152 7553 65172 75873 51106 10071 
1737 17
11483 75184 75599 7055 24216 38352 41108 1912 35667 75169 18610 63090 10209 39513 74518 28258 7610 
993 19
37640 5913 15551 93522 98506 73163 73605 65658 98571 82869 96099 1939 76936 61584 62743 3923 2896 81791 83276 
8177 17
86465 62193 37076 27778 18057 61129 12332 34772 72882 12082 87722 47292 19949 68303 41349 30779 42461 
2783 16
38236 52842 14714 42792 23568 86454 50528 71281 56288 93047 95945 59093 441 76368 17055 7560 
8902 16
33301 22675 45112 94621 22065 32830 18407 60157 38268 42818 24014 40132 39516 45574 96807 51948 
9809 12
7458 91995 81683 14461 76882 23774 41078 36806 8225 57612 68260 23340 
4556 16
32157 40510 57800 36222 87866 43049 15115 45034 972 64985 74165 54089 33926 76785 91644 64604 
5397 17
53613 46379 25888 53554 78555 3816 98963 53189 54150 71639 27789 5699 77282 94475 90129 15078 73351 
3919 11
90734 1184 21917 40245 66590 94347 4461 89941 15819 56056 69802 
5252 12
22191 69887 57648 93958 43213 13382 58442 61595 39537 18168 83512 72222 
8717 18
62598 75814 92231 561 5540 15790 37199 92915 5045 15628 16116 32028 79015 51551 12431 21379 41006 58355 
3852 16
77060 38591 83839 58777 48069 187 72242 77869 53683 15380 60599 40172 78232 30191 74830 9965 
4319 12
92950 88250 64662 24612 49885 83203 61789 67521 5288 28815 31577 7365 
3342 11
72979 65979 39507 52081 84123 4931 49654 44990 9122 9498 96178 
5291 14
84149 34906 61936 57167 59522 84620 70384 38170 28149 56315 90668 14817 86902 65915 
5480 15
54781 78536 69440 48773 55859 25249 19780 61739 40792 55509 58589 77432 66940 13266 70508 
4571 18
63006 20001 48342 78709 355 36080 90706 90585 24545 2796 72756 79571 29599 5847 80300 47862 34647 90309 
8314 12
56962 8642 63791 26183 3608 2974 49592 15104 41770 68776 41045 13404 
2457 9
73007 58821 8334 24780 77001 23508 55480 91283 36987 
893 15
30105 76865 15894 46972 11179 9114 70961 66395 42308 56596 62298 54840 92677 95123 84548 
6558 13
92724 1310 13742 92593 32443 55430 38168 8947 35358 57102 63398 39113 20371 
9097 15
9902 9544 68480 96626 79677 98423 66826 95707 3683 69480 94747 3785 70185 19818 85560 
7205 10
14711 37738 94841 88876 84681 23637 94683 43391 83334 14607 
4924 18
92541 59614 93078 48782 56151 13354 87012 66749 44645 21951 44115 66609 99110 59889 33792 66797 71417 6532 
3991 18
13418 76039 74394 60091 84748 965 19820 53412 20429 90156 47613 18276 14943 89303 14661 63001 46311 59533 
2904 9
19713 55723 27446 60058 54135 31835 94923 42921 91335 
2126 19
91307 15433 24695 2994 83515 37437 39045 39158 5152 33272 46775 80042 18221 79908 75921 92653 6266 16653 14772 
9053 16
40703 71014 5886 1638 87880 16455 62941 99762 85879 60614 5280 47051 76721 89802 55265 22199 
8521 18
64176 83416 86004 86374 5922 3523 9525 52981 14317 66555 55003 92700 98065 53094 75115 6293 94592 72412 
733 15
79180 55817 92955 49094 67770 13284 65928 10133 76251 80266 83833 95415 66261 27665 5837 
9305 12
13544 67681 94107 8333 90253 82515 95658 20930 44751 61850 59824 62607 
7987 11
54411 25794 19943 77014 83873 7106 9875 44951 17843 22739 10682 
9971 14
24796 49050 183 5995 43708 49710 96296 35042 94187 43009 39106 77332 16829 25659 
337 14
42781 44595 21105 60311 90248 2378 60537 92183 14332 22544 12478 36601 92029 54872 
3491 17
39981 83403 16186 24849 52272 84838 24919 87251 81078 49651 52810 19591 751 55230 74566 39672 77477 
2830 19
73779 43765 27169 2816 85802 50999 24754 93477 11521 52506 81508 66058 69904 17347 2023 22923 62515 3571 65030 
4682 17
69794 40742 84998 72909 4104 64376 40842 77498 7837 86148 78245 78576 11640 29682 27390 48382 81271 
4215 16
2736 21730 18783 4969 46303 25445 12790 89433 67456 64071 23126 97864 71012 80542 9327 72899 
2926 15
54429 40328 65807 38518 73405 71063 64459 40243 766 79790 1535 3508 43807 58374 28810 
8256 18
68335 54117 25039 20292 3418 11487 99689 84839 177 24371 81585 32691 41512 69869 72918 81915 72819 70836 
7071 11
83596 32802 54358 83688 40860 49768 61317 93910 72570 67657 28620 
1743 18
65475 29366 24269 20821 94296 50750 23004 11480 12591 89597 50948 87627 76602 9692 68503 34912 80002 24247 
9431 18
52589 54312 66093 72948 99710 56225 59627 86009 20445 29574 92356 20072 9232 15629 50933 86163 78398 54152 
3698 9
91786 32312 64709 18098 68347 32386 8503 29770 24081 
7521 12
42962 47378 73849 71209 23072 2692 21305 53724 35569 99291 16318 64652 
7511 12
16503 31358 7833 33910 61640 75046 59683 60278 56141 8434 86698 77109 
1923 10
26537 71859 23612 98448 58861 9757 51298 40123 33125 99277 
4177 14
7032 76985 62027 7074 53773 83485 4981 92357 55037 7999 46104 29695 96601 46241 
917 10
97211 85545 29121 38274 99771 3449 59516 44084 33126 60729 
2137 16
70379 37854 56949 64790 14704 4572 36726 75376 26245 46404 93795 56775 24477 75016 88626 23019 
7838 14
41456 59223 32256 4101 76370 81182 23853 44332 34832 10875 44970 34154 3645 23441 
5091 15
12683 88734 69124 8330 79615 89906 31388 10382 44496 25414 38037 28866 21570 39856 65945 
5570 10
53291 93673 63811 73603 36077 17818 85598 53948 89836 34564 
3726 9
25619 4363 64035 32226 36631 28561 19778 85115 98339 
2540 16
99683 89034 31212 4729 5507 39125 84851 73872 94656 65705 55414 41233 86368 7864 91855 37287 
765 18
32747 38161 75930 60530 94373 56285 43247 9582 88755 55065 98221 77002 3914 5981 75525 88594 55569 14281 
5263 14
73291 34601 15260 64389 35600 83457 36344 21385 805 41725 37405 63602 27573 90365 
7007 13
98729 80330 65628 37396 97215 51572 48876 60591 4710 1617 52012 13798 45220 
2992 15
60307 95073 11357 72952 16692 23535 83804 5446 25118 13816 60782 64644 43192 88976 93737 
1883 17
54108 67858 93686 55701 8527 46341 87448 93831 57105 53033 43476 34850 87919 18921 97496 12144 41480 
5002 10
23352 31469 26815 79017 56284 79583 4951 10707 62072 18834 
9203 10
24592 81842 71731 83264 8470 38458 6905 8113 67814 91060 
7330 18
64336 99326 62727 36096 62179 2640 28662 43214 1405 1190 50827 67048 73596 7272 46124 98435 93978 49032 
6772 13
95671 19919 86445 24112 75938 62509 23500 45113 88834 90050 95512 46842 68161 
1241 17
29536 35438 7283 31753 25953 22364 6017 32832 86125 58465 64170 38480 99029 90313 34500 47856 33262 
1453 20
17714 25123 54983 15385 56190 28208 24651 38811 66733 39332 49749 74243 1339 59341 61255 12015 70749 68226 51412 22832 
499 14
47917 82950 70150 70058 63770 20822 8758 21219 98021 37497 94178 25679 93068 67158 
6860 11
57414 52009 73758 60350 52824 22766 27106 40502 85474 75756 94084 
2754 15
98693 4700 71756 52108 65435 63882 64367 86571 64036 51675 69218 81834 65303 35310 47424 
2595 20
68600 24051 74434 65394 6211 14294 53077 47277 7402 43589 89403 20237 37988 99774 85163 21527 32210 58789 56102 4574 
1731 18
95703 43551 45653 49365 58646 62603 9773 68097 88863 6756 26239 26296 40693 84056 44982 76857 2408 19645 
4252 17
73224 19213 86957 72729 62340 26067 73659 92372 73169 87121 48475 58654 6511 28200 41155 51077 34069 
526 13
87714 67485 29292 2504 33586 98157 9200 69570 54307 62761 16735 33981 1491 
3205 19
30243 89005 34194 809 54008 20758 78036 40700 96931 71591 56958 69207 76807 69228 42953 82634 72304 84068 67438 
6238 17
87463 98401 46892 22985 64631 39894 4634 53272 19186 5427 81134 32499 10176 52584 37264 81208 89598 
5340 11
32801 13309 24410 11811 79681 77868 44919 36370 39074 20765 82085 
4355 17
55999 62148 73320 57430 45052 87950 1478 7753 56024 50139 81916 51294 98644 13807 62132 47254 60822 
1989 12
61260 79182 39893 85142 89037 24761 80644 60870 97175 51836 64154 70849 
8582 13
95124 26310 31680 60342 49047 36499 73331 41460 90971 78272 56004 91550 36362 
6760 18
58782 18940 39307 55649 84077 77028 92406 62767 98616 10514 85057 950 1126 76560 44692 65570 55458 52244 
8621 7
98357 82447 77033 15003 47268 57534 58946 
1307 16
46815 23465 72959 33850 60016 52535 1529 77218 75297 48817 37105 24787 54991 76167 82495 30185 
4398 12
29918 59630 75088 79383 6175 65777 72267 29501 58223 37258 81038 68863 
560 13
13308 31826 15010 51380 50900 18659 44992 43582 7354 72904 41064 6850 494 
5589 14
28172 30920 93461 16716 18607 63705 41680 8447 59911 7436 59009 68026 32515 99825 
1775 16
74142 82479 63993 740 82586 35238 87732 98988 89492 14531 62011 35613 49194 27725 93811 73143 
248 16
84520 45880 42673 9102 63932 42868 33656 4364 21590 71460 10590 14983 41047 41711 31765 99836 
1485 18
50290 45290 63188 17274 91393 47028 68201 68523 1268 74662 18868 76026 22952 56084 33775 9283 87854 55995 
7729 17
24647 28235 31058 43920 4197 6685 15638 25440 16001 86053 5343 54159 31033 72099 89627 15641 74182 
7645 15
54916 5565 16202 10327 80297 74489 11713 51951 98631 91775 7549 33181 49720 38206 28757 
3406 17
22649 67680 2525 55139 82917 53507 3749 37390 86556 77535 82683 84299 66604 2838 36740 33196 91345 
814 15
23036 55991 46466 84848 52641 17022 94732 93376 50581 84488 75362 49076 63855 5977 97902 
3737 14
43158 47737 85327 59688 21489 49181 88312 12565 21407 43515 34756 68991 12217 59149 
1963 17
41579 47421 53039 77314 41118 27447 85379 41602 65636 60410 41207 70641 6107 95370 61203 33341 36653 
4402 9
12941 59661 92752 15847 94612 47813 28026 31459 4185 
2919 16
66105 2194 92778 54171 36953 45296 26334 22402 832 36354 22673 86866 41339 35907 43217 43173 
8118 11
62466 88348 76967 89407 16043 96778 17889 25701 82146 83065 80724 
5857 15
6504 40680 22716 72811 85184 94779 99699 7444 86694 44471 65193 25390 58643 76320 32808 
7512 17
13473 74 35094 60390 32530 8122 90572 88722 64121 25400 64757 45226 2705 76456 76140 50160 93792 
9257 10
78720 46564 33540 81248 31363 78962 86722 17126 82940 44352 
3394 12
39436 15939 54203 95135 81118 98924 10938 58482 2863 41598 64967 93786 
5173 13
38361 24828 48565 99749 45825 38728 72990 24304 28708 86399 55724 78571 32962 
3034 18
44302 45572 70245 1035 25349 50059 69266 18416 28057 88522 91869 64024 67044 64825 65198 41881 86482 97841 
7691 18
30954 51557 46271 21806 83082 30766 60508 73027 75723 26273 85920 64925 64855 75166 55956 58533 90266 50727 
7734 19
95387 92277 95683 76638 73853 108 42257 25989 59922 27975 16254 23806 12479 47672 90738 41152 70372 96541 10068 
7575 16
67566 43509 79454 43121 81317 53525 60496 80057 14517 96630 31529 11851 99998 56723 57733 66420 
6446 19
26401 15900 97353 66792 68545 68205 46530 53448 69144 36923 35735 27618 83774 98393 35871 99013 78839 10142 58291 
363 18
31948 37433 80368 11267 97712 78075 97688 96606 42838 90068 53736 90484 82794 53122 65294 33729 40487 66598 
165 18
77458 56855 28355 37089 6338 82111 76135 81958 78600 57068 71402 78531 77356 91426 51720 33518 88798 29967 
25 10
69060 16523 31263 8959 97951 60620 87786 28562 5898 87370 
555 15
79265 57518 37310 22635 29340 29929 67932 11256 35007 81758 83947 13054 26049 52206 52560 
9795 18
82816 40005 63213 20885 76529 21612 27957 51869 21198 17117 43506 66744 91990 41804 76716 47305 20434 65418 
4563 15
4685 90525 60440 77153 89260 9803 34839 77888 72835 57610 13028 33076 98262 23443 50753 
156 11
13469 15885 65197 1251 54977 73296 20438 46885 42859 47307 36043 
1937 15
69105 10563 22489 93648 74192 44641 49694 2659 87323 20797 54879 50371 23226 38481 92847 
9619 17
67923 53603 97570 74864 71889 81817 99231 63514 93670 94054 8715 4945 41545 22074 59750 33053 66905 
7424 16
80275 96478 99679 21074 79582 32507 99761 32975 35913 93336 68365 40705 37115 66877 58581 31399 
3423 13
76678 33003 62122 39312 39192 48157 27132 58117 26412 25385 4815 75475 84195 
8818 11
42040 94583 98773 70211 2506 95488 294 27965 86782 18827 40659 
1425 11
68541 41816 74273 90989 24556 55771 82434 44715 74693 71125 61665 
6235 16
54675 98310 2510 89751 51514 33564 21213 14188 20599 10813 67868 16201 74048 85956 44347 43368 
5297 16
75775 32375 8693 9758 93391 6091 3336 56120 73581 4695 79190 88091 37984 80148 8777 13157 
2115 19
57393 56546 631 52372 56731 70698 30329 99970 67550 40196 44940 82299 3811 72783 62652 36470 54155 99988 28285 
3944 10
31866 21773 39648 64848 31687 72868 71849 20268 340 45395 
7291 15
22361 46919 93667 5342 59060 94577 91141 97174 12393 35956 41236 72354 4819 29640 2913 
4389 16
30200 86341 45003 79175 54168 74590 22534 60294 99414 89475 31091 79346 33244 68435 39261 11318 
2329 12
40712 29778 41841 26570 63990 19110 22363 61537 66853 32615 39794 15360 
2541 17
96147 57554 79040 25662 73929 12444 32094 41831 12038 54239 98796 43459 29965 19302 59039 14967 5197 
4855 19
21275 49002 1671 85241 54726 96302 96900 61253 51015 44135 42704 60112 68090 48909 46226 50795 61824 74976 66955 
1618 18
30016 59773 98289 41190 34808 30245 19733 97250 2216 37148 89628 39408 59552 81907 27330 43601 36 16210 
4042 16
23310 99660 61435 12940 95977 88417 13082 12077 98479 19164 99568 77494 91056 57011 7293 66503 
6054 8
58795 69265 4114 19734 63110 15284 52082 61539 
9548 12
5328 33079 12593 79741 42365 49282 76966 2920 87321 90100 50610 65341 
1830 15
36419 38070 23345 67032 5094 11193 19379 99555 87850 49157 84167 35453 11233 36071 26905 
4188 18
55107 24790 78967 65716 74653 48855 61295 3949 9443 98086 9776 42996 94512 53254 61376 78816 40737 49469 
7042 17
42074 72464 37687 49221 64879 38712 77640 24343 94727 18110 79123 87349 18938 1911 92896 27467 69648 
9349 12
22034 46782 27110 49333 2672 61627 66258 29017 25475 12036 2822 82705 
2983 18
39829 31792 73794 28723 53431 27751 62853 81344 79861 71482 90998 63288 96094 41909 63461 86792 22581 10748 
4951 18
60464 83976 54317 60946 17168 17051 47056 80866 4648 94786 99435 84586 28703 9077 81802 97325 58531 79988 
7555 11
80645 59433 9913 34991 98853 49271 33388 28735 93960 62262 31057 
242 17
20744 36153 189 19002 23468 395 70018 45438 43269 89742 48235 10942 17280 86949 78106 10820 98978 
1807 17
99187 7847 89163 86753 77216 55560 8010 93474 63275 97929 94259 60598 88738 48294 88360 49334 90073 
3631 9
66266 86143 59251 30548 34949 12851 11774 64207 67343 
237 12
48154 91842 88352 73477 67478 86725 31849 80910 82791 7343 95786 62161 
9553 18
86467 60561 22616 44997 10375 42722 21529 15090 73449 95899 66104 22578 84565 78814 64309 81772 45017 323 
9291 19
61965 90997 18754 49163 67203 31620 98661 55315 21108 85620 77294 70367 28135 26874 18872 43178 28222 6043 66701 
3134 15
34939 78031 85767 57795 66699 51206 85527 76660 34373 24736 76719 48041 67351 57609 96407 
930 20
15374 77709 50122 98123 69882 32075 60154 30940 68671 24536 24066 64593 64149 69252 62830 8878 55988 31670 68975 76659 
5789 16
54566 87405 50132 13429 62416 347 30447 69491 15119 16737 31614 89758 61402 34964 5401 97026 
4457 13
89928 29127 89588 72070 43625 29944 10762 39188 52833 87383 13166 72866 74825 
4154 13
2105 3619 50924 26091 32941 51548 816 66068 1117 59035 63752 35994 89968 
3568 15
57089 38570 66803 1417 31134 3120 9324 37582 34112 5430 38169 20511 15600 40438 99956 
4669 15
53493 80104 50155 33474 20140 51957 97651 38851 97200 7570 70364 32340 10928 47499 16777 
9836 17
78858 64956 79991 32683 72558 92220 84746 85288 65991 46523 10156 37094 34747 49563 32046 63244 93608 
6603 15
97381 72164 55519 4878 52475 78897 14793 33966 32980 33322 63190 91856 29803 8443 59514 
3264 11
67899 49389 39176 82664 4402 11377 11631 36549 97251 46509 98432 
8969 17
69672 4302 21451 46138 81901 77044 17998 32241 81980 28677 35926 88480 11054 34427 25072 75262 92425 
2232 18
74077 65923 49393 31579 38837 45810 64780 83134 48270 1186 5615 47299 94374 37010 95592 62561 25193 67763 
417 17
1989 6910 94957 53611 54617 35858 15324 96586 66048 10368 24763 99685 93582 47041 23860 42052 95889 
29 15
93750 66311 68449 12708 33042 69361 55674 33336 68691 77350 99675 97733 50056 23600 69534 
9530 18
78919 59229 30646 46332 27657 65930 70247 94433 71577 72234 84206 5518 83438 3263 3782 91234 8645 18334 
2339 15
84827 69216 65811 86162 55998 93801 48621 82212 88562 13989 73062 16402 31604 63521 676 
7954 10
19268 66778 44258 38185 88317 154 1340 10657 96374 91676 
5269 14
38405 5257 7929 39365 86823 9236 55893 61193 66959 41417 34903 79595 84148 63780 
9151 18
49325 39121 87691 29763 59721 4598 49083 83569 33175 82145 2175 4327 64454 87444 69350 30530 79959 52753 
5565 18
4315 56005 51182 79310 77462 5639 91866 72878 48934 68023 95217 3209 64592 29798 66873 70688 39586 70730 
8839 15
73517 13780 62467 17418 61444 25692 80409 15830 66404 30601 79479 48420 24954 25978 76776 
9461 12
87580 40413 8414 19856 78587 4073 40090 87140 63315 44422 35751 1827 
783 14
41389 593 99401 32306 89896 63943 68715 92020 99706 18165 14838 55062 85759 42106 
6203 15
69262 42262 82200 46185 13548 13131 77401 94572 29643 47245 858 63104 95464 28955 75476 
5555 15
43114 26780 15588 5128 48511 40617 72557 77368 44824 52666 43089 53231 21604 3773 88406 
2023 19
44072 19183 89505 14117 4709 71120 68558 68773 25754 65288 65821 32472 29948 80121 3966 64230 17888 96004 16809 
5171 18
16578 35832 10543 49129 52278 98516 58294 59834 71222 53013 31258 22050 72316 8111 32968 57161 30835 80163 
7293 13
12574 14667 70986 49312 51647 3704 36429 78972 14763 57054 73884 13465 44087 
6258 18
49500 39742 18166 64880 89297 99517 1626 78186 91261 56382 52036 4743 40405 61990 79538 86338 18399 2681 
2703 15
76451 33571 75411 35143 56131 35603 50817 97736 22680 95526 96945 70683 35062 59556 68548 
2892 17
51425 30672 26190 51820 85247 50451 37513 56667 55996 20135 74543 20815 53745 9474 72634 10531 69949 
8101 17
85863 77330 7489 18975 19326 44892 25853 27883 9825 4386 69595 87425 46390 8586 96290 69837 87912 
1548 8
40589 7862 3475 92675 75022 934 97692 60640 
984 17
5364 20155 38364 55512 64584 3149 10131 98443 62866 78657 26821 43392 43599 29093 73305 67207 99627 
9486 16
25214 29781 88324 29916 88042 144 96171 85828 42294 1142 3667 13021 47863 25217 50136 81616 
2786 12
15562 29626 88803 99560 10714 7537 38790 72419 55427 25368 27246 34993 
3246 15
85337 56250 92785 65762 60922 65952 17430 89760 78963 47320 87941 57524 76156 64095 29981 
6629 18
30401 84110 89630 66411 84276 92103 56487 27322 29540 62057 34388 15665 47592 50800 53925 53287 68993 11501 
4297 17
41818 40293 7838 40342 71757 77693 28652 75660 8519 85081 19612 81533 55765 596 50128 35826 5924 
205 16
48013 59987 38482 66489 17610 89409 35266 36301 64997 5036 28752 22789 15899 54398 81965 85922 
3091 13
90370 33403 33875 78266 8607 29249 64373 30466 11278 50612 37800 86977 57247 
3981 12
34633 47001 29189 15513 11556 21890 16378 53195 8408 29157 4900 28564 
1516 19
74133 89052 28928 6026 25096 65931 21851 68551 75545 54631 35392 99725 25771 88346 93938 7187 26779 86602 38377 
2021 18
1843 27794 71286 50373 37252 78156 81421 71534 35269 23418 32198 37960 74288 59167 51017 78468 12950 64069 
9124 16
32653 44053 62522 92274 20981 15298 21421 43429 12780 12191 40886 79060 15162 60377 72526 17411 
7363 9
40816 91931 47600 15437 30267 41293 16559 2912 80638 
3211 16
23753 51082 33432 45273 60062 80958 42423 2888 75480 17693 71341 890 21718 8863 93215 87303 
7914 12
74671 81934 97637 1456 96940 44292 49133 46977 74167 16138 59744 21151 
4626 15
40041 93171 5871 59185 72668 43299 47208 61425 5799 41373 31619 76669 47575 12639 27547 
3707 13
94335 59239 77984 32128 26731 36584 73730 10101 15299 22587 69122 38976 57803 
1515 14
74559 61927 54137 42788 64359 25660 35100 77174 81455 86824 82275 17660 36317 3235 
693 12
30884 79029 18233 77061 24973 66704 66038 32671 38587 84908 39490 52967 
5805 11
750 60441 10948 44922 42579 11382 38167 17515 42416 17082 70432 
8095 15
6228 90214 90909 59218 56953 66163 55875 17722 28981 47435 13218 16669 80424 92161 73611 
8254 14
71939 13658 18461 67518 12813 21884 88947 59811 42451 99576 82031 81783 10821 31572 
5687 14
80350 56915 24711 77519 93903 11163 16767 99532 26971 12006 1309 40386 20019 82885 
1771 15
46295 78328 11951 47898 6637 96817 2411 9148 73579 80587 51819 98109 6126 66674 93029 
3025 13
89152 795 16177 23992 75910 13068 78581 12837 25569 2813 33754 62511 14804 
3865 11
44454 15987 21619 56930 59457 96823 22710 90434 56899 92300 73034 
4089 16
56486 23728 81364 18207 33144 92034 41204 10863 73313 80200 28599 44781 51237 17923 90666 8625 
2973 17
34945 69762 98433 33853 14497 14362 37616 34494 48717 25017 78862 12163 33642 18578 27393 61101 75883 
5678 12
6247 46381 91130 16922 14000 99348 34966 12407 74391 1690 70244 24480 
4275 17
46631 60857 63686 80892 86342 47970 99148 21220 70417 71821 2809 4338 32042 86091 80800 93416 98905 
6189 15
84448 29089 60912 99320 27544 57806 72577 28025 77413 55154 74773 38508 35114 35704 55709 
2657 19
12476 24266 47663 66936 60851 70935 67057 20372 29608 68893 46433 83921 86839 36709 69036 14268 32792 86153 42175 
8033 16
2919 8024 38348 44501 88568 46948 55854 41502 99271 73056 64948 85106 26887 68909 86261 87991 
9218 11
71906 23172 41448 8590 70639 27311 24201 68963 35538 89612 50339 
5437 15
29133 62156 75118 39244 63416 40517 90727 10326 36537 70941 99313 46209 49865 37541 19419 
8070 12
2615 39913 66976 81476 14443 56742 59182 93400 96632 45026 28071 52774 
2235 17
18597 56327 81026 65586 75038 47269 39343 91372 71171 90978 91502 94805 19971 4980 34107 31664 24426 
6602 19
23964 69698 66197 71718 24465 87723 83015 5244 21751 65253 24284 80221 69991 93392 33369 64012 86127 52271 63803 
9687 16
80941 92961 11686 13147 34454 30780 76523 66740 86975 55286 80224 30072 81604 42578 4968 18421 
3794 9
61049 77809 73939 2033 59590 67482 64506 90603 9590 
1246 10
30500 51374 25166 54425 80211 20097 11177 80527 90353 4487 
3022 19
38872 59416 25983 426 90683 3416 6448 14072 61920 88733 30140 79857 9564 78659 12561 6089 73124 18402 1628 
4469 17
1135 66599 53447 7916 50788 86224 3600 99739 76934 58366 2358 62532 11870 90234 79885 28881 72300 
7407 15
71967 84012 99915 65910 88573 17054 56070 58136 75113 18397 5091 72956 90246 46170 41471 
8792 8
20600 70303 38764 70023 54232 6357 22102 89532 
1476 15
47921 36162 67602 57158 72019 80283 96318 81097 75901 67690 71712 97603 1961 97715 62389 
3586 12
57227 71835 69041 69328 44102 40780 5869 43105 15365 86665 74127 66498 
6988 11
9943 5334 58901 12652 18633 1668 4783 41890 92781 86603 50123 
5337 15
35646 73977 64465 76649 64741 78638 44852 25542 89207 91595 62762 39789 85424 83241 24497 
1638 8
52448 89528 97787 71993 84949 10482 5087 3724 
1676 13
99340 97222 64768 71950 48718 80095 76968 47734 63290 18676 14419 54584 84112 
2977 11
55942 3911 26975 5806 22277 93384 51874 12353 17198 1255 2309 
9028 12
33839 1506 37017 90292 70946 18377 69008 27682 83450 71195 9170 151 
2111 14
29311 8110 26952 60105 43759 41618 6653 47961 10258 38453 6578 5996 60359 88323 
4381 20
21975 38669 40460 18215 75947 3505 1852 49126 46161 24950 38524 81256 47841 58217 4894 89736 1734 31979 50195 54841 
8449 13
14558 20646 45138 28274 80146 8130 1067 63841 79160 6551 88496 150 18333 
3580 16
54485 15914 26308 68291 74033 43312 88651 94672 33000 12403 29107 47553 93285 84211 24670 22381 
7803 15
44789 49077 74195 77821 64949 29809 15174 22727 4527 37021 12753 84449 27483 37234 54908 
3622 17
17987 75569 4741 17060 1945 95080 22725 73330 90636 57909 44900 89331 42567 66237 80674 11707 12239 
9336 13
31985 4034 50935 14610 18601 7095 89465 77454 95682 18473 70375 98817 69072 
1984 9
41551 29613 12902 33464 33105 92038 32744 60456 80178 
2554 15
57293 44396 48393 95841 49723 5803 50734 23895 64946 51064 39426 74645 49038 26553 20699 
5299 9
54506 93645 98286 55542 50784 60588 79448 26872 24657 
8543 11
418 8552 26499 76542 22740 40890 8755 13968 48140 8409 71101 
6665 13
94640 35658 60207 88816 50515 21582 31325 96148 67942 14148 49364 20270 15422 
9951 15
30746 79279 51430 29724 93979 49895 98805 30497 64155 50703 15113 59129 50730 6896 83863 
6156 16
3509 71536 87761 51624 18258 6176 51272 51909 79674 17259 66539 20588 93072 54257 19592 48814 
8577 12
98163 44684 96314 49179 49567 45768 53749 66657 43763 96963 41585 48014 
3463 11
27267 93133 30102 56875 50767 61060 46708 31695 4164 24529 49433 
6142 18
96172 67154 66960 4260 50789 9233 62810 58994 83565 5618 32804 93663 24029 28300 34822 13480 73522 83010 
1137 15
94733 49198 52467 23843 73122 32799 15617 53183 49964 181 41013 38498 89486 75813 86110 
4195 16
14239 37217 38978 85647 67375 19327 99352 35769 35656 35115 86803 90067 49837 72108 33871 81736 
2317 14
20878 87402 65696 82056 38890 66434 85883 10806 70890 41224 32673 15438 60074 61382 
5200 15
739 17045 73487 16919 38119 46191 66843 3784 60888 98368 90506 28276 60617 58521 60677 
1899 13
23284 60303 1716 62989 58204 57857 18414 54589 9339 3380 93748 42150 25893 
6733 11
26945 93077 89258 49628 29486 95617 99115 22144 37530 16580 43975 
1134 19
97847 75431 25465 54712 98064 74091 20869 56435 73491 56195 4977 64372 30164 23150 92712 99114 86112 98053 58042 
490 12
88188 10519 60348 30696 39605 97000 5411 44257 737 53040 24207 104 
5334 15
60477 15142 89359 14964 4656 59122 66577 53476 40560 37532 50292 69842 64881 78042 20608 
9596 15
68283 28257 92897 36022 46877 70628 62020 350 83745 74803 24317 6407 58817 51612 83441 
3535 17
69818 72449 97839 95380 81839 37 87611 4609 86831 68628 96779 17332 95166 24231 38130 64927 82397 
5426 16
72585 5925 19950 48107 28081 75702 80817 89167 72459 51907 8856 68419 55517 80783 45328 94840 
3787 12
64987 62970 80435 73811 33458 43803 94413 22520 10160 62463 96623 76474 
6423 18
6832 18339 40246 95350 95909 60935 7116 51462 64766 77451 59936 10228 83681 23991 28524 9657 92164 29438 
6367 19
8507 89772 95063 18716 68008 74113 41361 7512 51554 12701 4513 55679 51998 59315 55688 4138 46085 85339 53725 
918 11
26806 50606 76152 48558 3345 26656 12247 92080 51025 50540 67123 
4084 11
22613 28414 80992 63578 68634 684 28011 7800 37389 41848 47224 
3907 10
14146 45631 92245 99279 42943 34950 58981 27219 33825 39237 
3654 17
41723 86185 40369 93975 41612 42499 29744 29961 55971 29642 24886 25653 2604 99153 48247 26992 46833 
2819 12
53398 73219 94870 3543 84131 84230 11173 30728 37410 66875 43177 43189 
2986 9
94600 9746 5536 75541 18884 10776 36128 79125 6110 
8809 12
65406 2082 96813 42431 76208 57328 29388 31367 52657 48815 60339 21474 
5202 18
18250 60356 31782 86155 19273 21096 65496 84690 58369 62898 97824 34541 24818 87187 84619 58381 70761 15311 
2557 13
64183 57927 36464 41614 88848 88147 37269 11910 82808 12946 36888 71911 72443 
1873 12
92516 81407 29783 83314 96876 14302 21409 34416 83188 75354 89584 87217 
9543 9
16300 52330 44427 33083 79223 82555 61793 2995 66348 
4213 14
94775 24738 77531 94145 28342 79678 26825 30834 66911 9895 46208 47974 29636 16057 
5810 10
28584 21603 78493 86804 63360 61998 51085 74309 74884 81225 
537 18
81853 27234 39709 25397 98577 14282 26854 30595 85228 86922 51889 76734 91758 17842 15699 2473 98569 81581 
61 11
83635 10448 30734 22628 26630 270 91850 91434 4280 81777 99911 
9881 11
29777 11404 56079 79701 94920 58411 82411 81295 99172 69561 77283 
5876 15
22973 35316 4507 63167 87358 2520 33224 41663 33647 24128 7677 28293 8728 7802 24039 
483 18
82157 22428 31983 6826 28793 72158 55175 96505 76401 64702 95567 13374 60976 33160 35897 85773 23936 32841 
3066 13
94352 49657 47530 18046 75817 82886 54269 20648 35425 72191 84733 65385 17856 
7259 14
72463 70983 5724 14752 76191 32807 65832 25195 44513 28395 76989 40686 40291 28376 
3941 14
35672 22286 84220 45541 85941 41397 67271 16478 82345 28017 11777 80541 81858 68285 
5878 15
69799 98054 26382 66952 54676 31596 99054 40835 77185 74694 560 37761 84287 3227 9243 
7072 19
23190 95736 17708 39286 3659 96718 60880 95521 23931 52746 26289 80706 73842 28666 14344 90714 96889 97556 72820 
2375 16
29920 68368 37447 20658 59676 15912 50227 93719 7137 72883 66067 7000 11564 23324 81737 72134 
6517 13
94997 68098 54157 30237 48405 15326 21435 96553 69713 56846 99325 82125 47637 
891 17
5752 87948 33768 39858 68095 74930 64491 77788 44791 76477 88916 2533 10855 6322 25101 61413 79752 
4201 11
81159 479 39389 86555 10444 26927 81993 98822 5013 58652 64755 
2009 12
33317 78041 33013 97408 19635 31248 21247 56304 96195 41489 25205 11211 
7044 15
68706 5434 32077 19378 7181 3822 35737 95244 80696 74382 64793 31676 2768 47887 28427 
596 14
92762 4486 72410 19381 29978 93847 90416 46476 34563 21094 78750 45189 73424 62933 
4026 10
398 57601 9852 15377 8548 94401 77408 79079 25243 86359 
542 12
90563 98687 53334 56865 77058 77627 15560 88830 45750 85408 60895 35954 
6468 20
33024 70998 45359 52653 12308 38772 39842 6743 5418 29476 93445 60710 84678 2730 85490 43956 3664 15038 81275 68680 
821 13
48315 78254 37031 6047 88541 82006 76680 25530 88786 3292 75843 94072 63960 
3027 10
93498 36246 62107 686 94987 72139 30048 55443 26116 527 
5849 18
1608 97553 99523 2889 49834 44926 19152 79817 89578 13806 75944 11766 80951 45652 45671 15950 45274 80858 
7197 18
33752 79354 40527 45087 9789 60373 57881 37221 35493 57825 50884 22905 29183 47711 32052 85002 23852 17486 
141 9
61373 52135 42032 33554 84401 11061 1616 27534 21027 
2138 10
20154 37049 4045 49068 59919 76670 1663 43595 15015 25805 
5981 14
40538 13890 8497 35899 60168 13581 66557 13949 31851 74969 59199 52751 99955 70177 
2708 15
82422 64931 96552 14008 96343 58419 73774 34517 28024 74184 39506 42940 56282 83932 37677 
4346 11
74795 26532 49466 27145 66736 37910 28209 42961 59401 74401 94078 
699 18
23773 32827 7888 92304 82912 94146 54313 28292 89322 74873 49052 67302 2040 21691 48721 57289 34845 56321 
1603 15
45451 3401 67702 65493 69034 29990 40011 25215 29603 62512 22941 91212 64885 87388 64443 
7494 11
623 10857 41288 10663 79302 90878 36353 70468 76735 4463 85508 
1777 11
18594 13881 96529 65113 45429 12658 77184 12267 93435 43822 45486 
6915 10
65488 39955 36036 94434 5398 42644 29988 85197 71522 85422 
486 18
97830 62384 70433 92872 57487 16438 74082 1886 17824 92546 21153 32434 30785 80033 28477 78122 77753 31791 
9751 16
30671 77396 94983 86798 40731 68269 36902 6374 78043 81153 15698 12414 92385 68977 67431 16176 
3074 15
82820 88267 81360 1016 32454 92498 28384 88537 21746 24574 40967 63173 61306 61127 75486 
2651 16
87520 7277 69343 6709 84919 33345 15485 51735 90615 34930 303 66504 87639 35995 98402 89695 
9872 9
46559 42558 51849 47501 91580 4537 32420 86685 56111 
4742 15
56443 71519 93082 96223 13207 10573 19146 1743 31598 40125 79458 80334 31916 22189 87984 
5956 16
61150 73217 1566 33959 57377 66314 65480 81811 92215 83263 7784 62969 34372 23111 18497 89882 
949 17
85340 66774 85625 99103 51721 16433 81237 96095 35429 46937 29480 27370 44036 8189 75318 86022 83829 
6679 16
65843 32194 80781 31872 78144 67448 27102 29223 65611 82681 47119 35817 83887 72151 36508 55721 
7666 18
57985 59732 69744 10829 83744 71368 43543 72848 62577 23158 64442 4587 74893 67198 35764 12676 6528 7657 
5968 11
34276 45326 15547 53808 17157 25980 92878 19106 52656 72515 24225 
7825 10
4067 96742 83329 15817 847 85744 2219 46689 49239 28581 
1195 13
9331 14934 67451 34 58034 12925 16525 81708 60713 65784 61163 99673 79555 
2342 12
7961 83900 26060 73754 37579 4232 17441 69125 75904 19821 27401 72065 
5532 15
77124 9624 75618 36759 45150 76154 64219 20449 84803 81458 4594 70554 56444 8841 99553 
7261 11
80930 42784 11531 9894 56593 65000 44155 88509 78525 1049 69987 
4005 16
10721 5108 17846 71579 1005 50223 54756 76007 86819 74340 28436 1828 65563 21799 70546 48175 
3876 14
61517 83254 30773 82329 39322 60734 96222 80512 74294 41615 32338 68830 8714 35264 
5030 19
36814 35724 8186 66633 1763 82133 53718 90423 57136 30735 36144 52071 42899 99897 98456 19728 44278 63887 43874 
5304 15
44386 60894 18112 94101 61861 1640 58528 9574 37591 58849 82024 94930 13313 47103 8012 
1044 12
60239 32697 36160 46398 51997 46663 47616 72992 14907 60159 2081 60633 
5513 13
56844 71501 87634 44137 68500 87175 49374 65210 58261 3443 85906 53280 39013 
1992 10
27810 59875 19527 78260 12427 27647 40390 15657 23603 98786 
6522 16
7268 41959 25184 15542 24622 39169 36097 16813 15811 50071 20421 27841 69031 81943 90661 90521 
7077 16
36277 92308 46253 42623 35987 14866 2697 27858 44996 82709 66046 69374 56499 68936 60366 38395 
6597 9
92021 53302 15458 7440 88275 36057 61254 3198 97363 
6717 19
81339 18367 33661 74352 14982 2492 95454 41992 83653 32544 68371 87993 18904 26392 40088 25539 52310 28162 62589 
8910 16
97575 43138 94724 92261 32055 87320 56663 55435 83365 35807 26215 22611 81603 19559 19798 13132 
3722 13
74617 77650 17420 39803 30831 67561 22645 68679 8250 38383 86539 99809 81754 
2046 10
96894 2182 12494 42330 61705 70810 14743 55057 54706 61720 
3364 16
9061 63077 26865 263 12337 75871 22334 40354 12458 44704 65692 57623 18219 16241 4523 14553 
7942 11
38346 18351 8695 34307 47228 88800 16439 10428 4209 32854 42341 
8050 14
68239 93694 18693 42059 37194 39647 50751 70363 63540 12728 24179 36105 63265 78373 
3862 8
15225 16396 92766 68792 13943 71775 49033 44330 
7853 13
75222 20898 15962 74021 42611 64288 42252 36358 9936 51509 17603 4623 9761 
1209 19
13140 2502 46711 26356 67727 38583 28900 74452 82260 80743 86065 58099 67779 57637 42770 91337 38776 90164 15166 
9667 13
13401 59887 70655 54762 90180 36504 43833 16180 66302 94791 20501 66630 50609 
3605 18
8975 83102 13642 45987 61346 66554 94252 23769 87257 68443 72147 31578 25793 27779 4942 83853 98521 42192 
3545 18
70207 52409 76042 62319 96911 94688 35466 90854 11624 14653 67367 13834 78285 21320 40498 5685 24607 25525 
440 16
92904 22116 75875 72845 65068 17196 14865 81887 22669 22051 52863 29751 90229 52208 64025 88277 
4781 16
94795 22539 58752 2412 82957 91706 94454 33718 79472 81073 18917 59962 59558 51238 73475 51071 
8122 10
93479 98957 6121 22757 55650 93036 99042 62802 53274 70857 
4892 14
11386 41906 67902 67747 84002 27342 91660 53588 42322 99600 92278 62575 23298 50779 
5065 18
32542 28614 40458 9950 71471 311 6870 20130 3096 69453 75917 99038 63892 77520 71880 62380 89812 99758 
7217 15
73827 39816 63234 52813 26071 60144 6572 96348 10306 43719 81395 90888 30053 29793 50363 
1661 15
24511 85544 148 52131 38934 31834 63329 54200 11558 99581 61243 24792 41620 75322 86486 
517 18
41481 46862 4500 89982 74245 54503 30055 79584 60630 47947 81806 21012 45419 73642 54076 57333 49599 74050 
2162 15
93034 31645 49668 54504 17961 42376 81610 63614 84861 54449 81932 66269 35593 33165 44531 
4645 12
23371 14428 95329 63969 87740 35526 98861 8274 43472 4785 81895 29448 
9207 14
1997 99601 31623 71464 26043 98717 66648 16170 9954 81410 92322 20404 52375 5809 
9048 9
81440 69244 24196 87990 91713 41335 51399 76919 9139 
4496 11
65932 51627 92646 61278 53580 54582 93963 95947 86869 2210 94856 
1140 18
84840 75455 55056 93535 88515 21112 63640 63017 2089 6225 32885 9961 8234 13356 96123 90425 88504 5908 
5990 12
24991 72817 8844 46525 27051 70341 27750 71709 57778 24689 35951 63765 
7096 12
14081 74848 51471 3912 7263 56709 98137 59961 70558 21657 37822 11788 
3552 15
43720 31819 89918 68779 4127 85967 42 12167 69434 15879 53591 77022 64890 46670 39157 
1024 11
32114 24268 22368 4972 52032 38759 61721 82442 58408 68426 20277 
561 15
96955 95256 53763 74585 62468 97761 8806 97800 8987 85188 81332 72772 51002 25871 58923 
