541
8181 19
82963 39996 15098 76450 45999 80560 83126 49564 56979 34337 7259 52171 23141 74272 59532 29408 37489 56597 40430 
7819 20
47416 71839 45905 88097 42215 89224 58796 8183 21414 86747 20549 60221 53006 39170 32704 86604 1367 37514 58040 85469 
7358 20
8226 6016 41726 81897 46729 65508 65619 36550 63957 45114 59605 34271 81543 47834 46203 30585 67570 34122 51487 88944 
627 19
74570 49106 41993 94802 39432 20137 76493 13907 46427 61874 92874 60226 60962 18989 17668 47618 75802 52170 38799 
2939 19
15294 83578 71221 60020 34818 48044 49061 44832 86735 92297 94255 58811 21792 20079 38351 45175 11719 82135 43139 
1949 20
24096 18968 71256 82966 98832 52845 2883 63589 5658 7767 96757 99572 99686 77607 75188 21318 29512 46254 41367 1416 
661 20
48941 87312 32402 83190 46618 77606 50977 25973 15297 26557 49350 31489 55860 41272 44823 15973 86001 9112 5110 66405 
8696 20
35619 45104 44776 86267 17085 89554 3876 87902 38304 24855 77630 82092 78115 2284 82577 94634 66416 42488 5076 65791 
4758 20
41803 61417 26076 4552 94218 63986 71749 2686 74497 91216 47525 54287 2051 37923 92408 33654 24709 23928 99010 84347 
6063 20
54575 67622 67848 78200 9552 95598 41516 96428 79788 1266 85987 48962 51504 36058 66962 28199 5828 91877 9218 50947 
1985 20
21711 53075 17474 61947 55034 21684 79703 44967 75766 36762 12654 85728 46771 50199 52897 15175 71188 21898 72046 77460 
6871 20
40071 599 47629 87851 67662 31515 12282 59306 42836 75548 36149 80127 74615 74736 16615 59246 66013 21581 39044 13601 
4631 19
80045 80217 9577 49982 43970 98260 49649 66446 52408 56132 15196 40434 85608 80023 74390 6866 489 12505 63708 
6897 19
56907 95402 83304 28038 71074 14860 10856 3932 87937 54263 6564 43423 14925 48793 75602 16476 73295 54084 37550 
2044 20
29958 39554 69029 71861 27066 89068 25945 63471 64546 92294 79761 7230 69976 59429 90947 34336 2766 73699 63723 84863 
9829 19
56041 83501 86822 88487 64120 77453 20136 75869 3990 47730 21391 97558 32779 67231 1070 11205 47315 51779 70861 
814 20
41032 23036 55991 74620 46466 84848 52641 17022 94732 54707 93376 50581 84488 75362 49076 63855 36942 5977 97902 93737 
8530 20
11503 81373 87719 5892 26138 53582 59089 88957 32631 2304 20859 16064 42760 19448 98024 99723 22968 96213 27044 82458 
2610 20
1382 65479 61304 49113 77032 39325 48043 89240 66708 4174 7820 74761 25060 53356 30494 52297 11071 10458 48745 71113 
1618 20
30016 59773 98289 41190 34808 30245 87687 19733 97250 2216 37148 89628 52505 39408 59552 81907 27330 43601 36 16210 
6550 19
94970 97138 10051 35700 31067 49892 65313 11530 97857 7958 93066 63103 12759 33058 80912 57286 85050 57527 16395 
349 20
83215 64201 17897 92378 49971 45706 10212 55168 56492 71808 20469 87536 18167 97265 39545 93253 59352 73350 99807 34171 
5761 20
90886 19707 82127 82537 22202 10195 13204 17367 70757 59747 7101 77951 58793 51586 90546 9465 83633 49440 58848 84117 
8384 19
29310 76168 27699 71023 90223 79781 84313 24067 67329 15212 84933 67804 45614 54344 4986 69826 34713 81966 89482 
4074 20
2184 22232 75565 60749 95481 92803 66165 33235 7282 15039 47160 87003 95431 39999 40629 87243 71391 99133 31062 87114 
3428 20
612 47401 28439 69864 36727 51354 44929 88298 49856 97430 49358 71379 56796 53296 25787 94797 87468 63123 39161 61709 
7309 18
3127 4824 96155 75669 81415 23223 96211 55667 9204 97897 21771 52877 96743 41459 92775 8224 78598 42356 
4871 20
920 12492 79041 29616 52743 42134 10014 2030 11543 55914 58146 68337 17652 50357 83073 18945 98377 17164 66996 72701 
5818 19
55359 1281 66216 84011 40475 91785 98400 34960 59170 32589 35342 70993 6644 20394 14283 10087 51908 72617 63941 
8691 20
48126 46058 1012 33992 55052 80049 35565 87419 18437 15480 78477 20152 50247 78715 55714 29434 85175 15371 11153 59290 
5171 20
16578 35832 10543 49129 52278 83485 98516 58294 59834 71222 53013 31258 22050 72825 72316 8111 32968 57161 30835 80163 
5345 19
860 89116 97852 15602 94530 98257 32964 24450 62392 72349 11138 17624 31374 36536 95436 90912 13629 30131 56301 
6644 20
89990 62465 5281 47332 52990 87633 79918 60249 35676 34217 91504 2164 10816 32722 59710 43182 39066 67532 73905 34688 
6717 20
81339 36096 18367 33661 74352 14982 2492 95454 41992 83653 32544 68371 87993 18904 26392 40088 25539 52310 28162 62589 
5348 19
2519 30289 22038 37958 21795 43951 27669 16521 30371 60666 44592 63951 6144 42335 75228 92159 70428 9820 44219 
6976 20
81336 89056 92586 97336 11231 2163 56081 92699 97119 69510 89120 74902 32712 66507 34239 26150 60936 80822 64849 33516 
5524 20
48189 83834 27795 51040 35460 55998 77257 44437 1160 47806 62685 7213 93740 57821 16670 30022 87711 72562 57790 7378 
2881 11
13893 25536 80716 96993 5967 17468 76033 43130 90360 92110 20498 
5565 19
4315 56005 51182 79310 77462 5639 91866 72878 48934 68023 95217 14332 3209 64592 29798 66873 70688 39586 70730 
9447 20
38493 70663 38593 673 76262 410 89681 38320 34612 76725 33653 90735 98621 61857 42871 20351 83518 38150 14339 63821 
8917 14
32911 3456 38007 42526 18745 65614 10177 14901 40941 61097 22365 60134 39083 6604 
5851 20
8445 79965 3982 23556 21720 87530 56563 30381 12513 17291 95728 45502 85653 3163 21555 35601 99002 21719 50129 16980 
2590 19
59603 58315 54953 97615 34053 70859 83513 78111 45635 29997 37688 5742 48875 24522 45069 66541 90452 42927 81087 
1045 20
17105 25087 20595 95978 77344 63622 90560 21886 41485 54028 20566 44114 43439 87873 56316 91949 29992 39892 38313 49560 
5771 19
86501 33122 1209 28069 24242 99914 72219 64988 59863 66534 3612 93974 75809 79899 54432 93188 49265 33987 61655 
1154 20
76263 89411 4517 21593 94666 38244 68390 82830 33886 87964 22384 93107 44725 33249 28816 45281 78403 13341 36558 10939 
7438 20
92491 76815 43162 1137 35463 42865 51686 50938 85581 86426 68645 50115 74677 29776 82920 7093 59314 89848 39760 60101 
9855 20
60258 74200 83257 45533 55738 34698 84226 89198 14014 94033 64392 21342 79077 31629 2999 56073 18568 51479 24583 69233 
72 19
78903 86298 89314 46450 48253 91093 11162 4881 4102 54942 91784 59615 12452 17698 60433 38635 16099 63639 52737 
124 19
24621 61355 24050 73992 27245 14060 85089 95809 42217 1761 15639 22781 19998 50535 14797 15396 72008 98554 59965 
5390 20
1629 26973 91957 41659 46059 96555 76674 98409 37734 9937 80485 5053 65140 61675 83944 32506 75021 41223 6763 41258 
7484 20
30428 6999 499 97413 33899 74915 24604 1233 33011 62288 51693 35042 94567 31262 83090 68859 13048 89053 80159 27513 
8728 18
71936 35203 33260 69082 65433 50050 87702 32405 56671 10134 74374 73194 74978 35881 72584 18116 81479 15654 
4138 19
7028 92204 45568 17444 74424 68663 55497 97831 57207 16048 41421 45495 34073 96595 37046 67693 59332 57000 6958 
2252 19
94128 20491 48674 68416 43402 5275 98399 61904 98116 45813 45591 37181 66032 14864 12246 28909 54837 75086 6297 
5604 20
88745 9206 98615 83808 9978 26363 26512 42354 3229 21085 83291 89538 19539 63689 63423 74267 60539 98019 95456 75707 
2394 19
47576 34607 94214 40639 96142 36757 83514 1998 63799 25967 43263 95029 73569 6758 20575 12871 36193 9796 29201 
3091 15
5660 24479 90370 33403 33875 78266 8607 29249 64373 30466 11278 50612 37800 86977 57247 
8931 20
44975 73422 46470 5681 56908 78860 19568 95780 30542 85129 9389 68618 14462 48430 99045 14270 73278 51296 64479 79669 
765 20
32747 38161 75930 60530 94373 56285 43247 9582 88755 55065 98221 61130 11814 77002 3914 5981 75525 88594 55569 14281 
1453 20
17714 25123 54983 15385 56190 28208 24651 38811 66733 39332 49749 74243 1339 59341 61255 12015 70749 68226 51412 22832 
3742 19
22010 98741 34927 57230 19787 93305 38617 40542 24138 39609 38515 12235 70768 90056 27890 10046 45008 53473 43408 
9013 20
64716 79910 88859 28809 63012 56101 23750 45327 41657 52400 75957 97195 33431 73728 64041 46927 56551 49605 47364 92583 
6219 19
8084 93785 67009 22345 87990 91854 62356 97494 79843 63692 71785 35430 95567 60243 22313 47762 14586 43379 34281 
5724 19
83428 63547 24578 72830 21401 8025 43701 12844 3319 16663 13122 89956 53478 4331 91251 9003 93722 19536 64761 
2998 18
3616 16572 31009 41318 13822 95424 71448 88364 26160 31381 12141 94677 54540 42006 59790 14986 26729 87616 
5523 19
74547 82572 20012 37009 89131 33580 80571 36834 40020 44354 48363 65454 67081 31078 64293 17531 95018 31675 18711 
7984 19
44930 27980 6981 57104 7690 38861 57279 91557 40900 55615 78896 88120 97991 96995 83098 98660 59248 60574 56008 
414 20
58203 57632 134 4391 35170 30257 13209 3857 11876 12491 43849 47195 82540 55000 67594 72431 98692 78367 75477 61099 
868 19
24532 71352 20414 52243 47902 44131 17941 98580 50525 50252 89428 42156 55200 38056 4267 19436 48775 26508 4022 
1349 19
28366 22375 94002 45850 11511 19353 74174 82237 75381 17539 56202 42110 32056 50069 8164 86640 63894 44508 75694 
7839 19
53652 80364 56161 24635 33866 99122 60653 74508 26812 94038 16484 25222 33645 66130 4628 13704 25682 99997 67734 
417 20
1989 6910 94957 53611 54617 35858 275 15324 96586 66048 10368 24763 99685 93582 60189 47041 23860 42052 67351 95889 
9002 20
62316 12124 91892 37414 52024 13716 74681 58943 86336 39863 99659 57226 2591 14234 49905 77985 31122 42901 16782 34020 
2830 20
73779 43765 27169 2816 85802 50999 24754 93477 11521 52506 81508 66058 69904 17347 2023 22923 62515 74125 3571 65030 
3525 19
60690 22992 53202 39839 33222 88124 26248 28338 90138 4701 9648 72796 5122 89782 54655 97816 80204 11729 99793 
2991 20
36568 38343 80187 71546 18985 82300 90602 69656 35481 465 85266 16259 37044 60312 11897 37961 44075 3424 5604 11800 
8677 19
59762 61954 69066 98603 36527 63444 84362 95939 27075 87787 86212 5765 75934 11813 57476 65537 70719 55736 54100 
1485 20
50290 45290 63188 17274 91393 47028 68201 68523 1268 74662 18868 76026 20796 22952 56084 4679 33775 9283 87854 55995 
8976 19
99108 935 11277 65931 89239 74851 53060 12849 78872 73120 10516 7834 3108 64180 33228 82073 43847 99779 6077 
6342 18
92024 83420 56610 14438 78035 17891 21926 72245 32670 7859 54197 66637 69395 9810 92418 82294 55491 15146 
7841 19
53855 51679 13603 47100 18316 24318 59880 91832 29602 29245 38953 73346 48987 34294 17413 32406 72893 40280 92195 
6213 19
63457 77424 10865 13393 29136 94635 72552 46054 82724 63817 51875 9811 64840 29045 32725 95472 58212 40932 82901 
2608 19
17701 94767 70583 49034 37863 80164 11918 79658 63594 86940 54742 36745 34119 56123 36770 99212 54180 46504 54120 
6253 19
51545 43682 10342 66108 98355 77863 34810 71436 81202 51490 43797 83025 25956 9713 56995 98882 51496 1822 96307 
751 17
51453 15151 91075 29854 5449 33695 18471 15535 59538 92605 74094 70627 59492 94239 41058 65399 15713 
9927 12
15046 62049 62499 74206 79480 25242 30544 6861 6495 87095 75180 79254 
1661 20
24511 85544 148 52131 38934 31834 63329 54200 78657 11558 39745 99581 61243 51298 24792 88907 35534 41620 75322 86486 
2269 20
13151 68373 36013 77141 83406 54550 7341 37632 27432 25367 24443 96431 16400 77337 54049 48995 21349 79711 60244 96225 
2359 15
9508 55889 14067 60259 78319 30503 98686 63497 83803 19053 20678 28632 12451 52615 85810 
6924 20
71058 52515 321 21608 74778 914 26289 11872 72342 79063 63846 85194 99091 17326 72444 35243 79444 74130 28224 437 
5917 20
95004 27465 26981 22198 49539 40222 10382 65539 61491 62847 67427 44745 61071 43678 84627 80670 78933 27251 75324 8769 
6235 20
54675 98310 2510 89751 51514 33564 21213 14188 78483 27975 20599 23126 10813 67868 16201 74048 89434 85956 44347 43368 
1427 11
16915 98986 40047 8827 56741 82504 7576 36020 86916 75006 87619 
5873 20
51111 42960 71845 52916 49162 80581 64148 25664 54746 72106 10884 31494 34432 30683 68214 76811 97334 11228 45383 26816 
4637 19
63609 28299 26142 46712 95262 16353 59528 50684 78679 72198 48895 36055 96659 67409 54237 89342 58115 89102 20123 
9291 20
61965 53569 90997 18754 49163 67203 31620 98661 55315 21108 85620 77294 70367 28135 26874 18872 43178 28222 6043 66701 
7833 20
48921 80729 81100 15040 75439 28263 13413 27970 6455 13335 25955 76171 17284 55296 951 77924 65603 82706 28929 96292 
9374 20
98866 67873 30444 68468 27405 58252 64258 84389 32142 53404 74641 34342 39695 71447 87606 62463 45628 18321 77903 78977 
3483 19
90279 42098 11010 87119 51336 82304 72828 94901 909 87024 94004 37523 30642 18848 91934 88637 38455 69536 1098 
9508 18
24235 75059 85016 85823 14879 67267 98168 34392 11493 97151 76912 40741 5450 97289 7592 92230 12510 78213 
4386 20
55589 76411 81146 63486 27770 25605 55159 51559 8144 74910 53983 20278 58984 1441 41768 41057 51286 70149 2757 50686 
2109 19
59548 69361 53017 16081 19152 43212 31327 64071 9177 82880 42324 84424 53156 60640 39183 32541 35173 81350 12460 
3597 19
40462 30212 95110 43268 15572 44464 11413 10118 37962 76133 43181 26650 84345 90342 82493 12667 73670 55285 59146 
9294 19
42080 72711 16973 96726 23597 68640 97076 42870 89243 7009 57516 37909 747 37479 48181 54341 87581 33522 57295 
2595 20
68600 24051 74434 65394 6211 14294 53077 47277 7402 43589 89403 20237 37988 99774 85163 21527 32210 58789 56102 4574 
5311 18
88308 47594 27 85283 52285 82953 37385 75001 71301 41168 81510 56186 66267 5980 26765 40337 31674 76763 
9656 19
69692 40244 29505 81346 67639 60770 67172 70693 5714 77205 46988 84892 41026 28586 1713 52553 96574 74266 58660 
1397 18
17529 14265 45733 50055 56640 83582 1422 62582 13136 29597 11232 73566 80506 18788 92248 95221 66665 36689 
1356 19
83283 52190 15920 73445 49706 77787 89796 40507 61543 74453 1718 98328 70779 66975 63860 57786 7850 74656 13975 
5530 19
59366 81846 95967 1436 94165 8809 70492 6221 3036 51062 71384 15173 59019 78721 36305 76723 81028 19170 38569 
1478 19
29736 81910 56764 95287 31959 59763 21990 29280 16091 11030 70272 40915 94114 99281 44076 3165 94760 88154 16541 
8505 19
51950 91543 75626 82264 70781 63958 99498 40259 80284 10869 86182 35399 62215 4848 44883 68405 68816 53693 64527 
8839 19
73517 93992 13780 11548 81713 62467 17418 61444 25692 80409 4964 15830 66404 30601 79479 48420 24954 25978 76776 
4717 17
56201 65413 2654 29078 51880 86264 68665 67252 43891 61195 61563 81351 28190 26828 49956 12998 79767 
5339 19
74857 8649 63380 97317 93773 61805 72427 57668 56296 82022 11166 58639 40789 57166 68007 42866 21895 58878 12125 
2137 20
70379 37854 56949 23621 64790 14704 4572 44632 36726 75376 26245 46404 93795 56775 24477 75016 88626 23019 70737 16397 
5164 19
47743 70548 86577 25602 25995 20458 50794 40348 84369 36117 53324 81659 30040 27638 99252 5217 73833 21399 82170 
7582 20
37525 88057 33158 82778 1809 91952 74381 20934 48702 16226 47879 71537 84906 57028 62470 21340 29878 47593 69696 77684 
8149 10
16863 79950 87508 71560 59349 39297 11281 46288 42728 88199 
8791 18
77912 7524 86695 7772 91907 68515 70762 32205 58323 55805 40812 99958 73654 5851 95022 67079 27407 89708 
6772 13
95671 19919 86445 24112 75938 62509 23500 45113 88834 90050 95512 46842 68161 
9847 18
40102 49572 25360 83320 76930 96190 11764 98774 83562 67470 90236 51583 34886 42249 31148 86436 37905 85170 
3854 17
2245 69562 6534 36681 23466 80787 84046 23882 76913 94929 20817 92790 32246 28893 28622 27739 34562 
5023 18
71227 57179 42712 75447 66078 8667 54788 85676 13803 72850 31201 82184 73933 50887 5825 90649 87136 44869 
6588 20
60125 88210 19537 75995 48982 50826 49067 50809 7618 42352 66794 98341 1988 82960 38766 2159 75758 47631 37636 36766 
24 20
51615 264 79114 1864 17724 38835 47774 44558 88984 90615 68370 67938 29104 46741 33209 37301 62132 480 77741 46348 
1743 19
65475 29366 24269 20821 94296 50750 23004 11480 12591 89597 50948 87627 76602 9692 68503 34912 12481 80002 24247 
5360 18
33065 91915 18325 82605 56937 43051 56856 69020 20246 20416 31018 55642 66546 76585 22487 1845 73095 59857 
5065 19
32542 28614 40458 9950 71471 311 6870 20130 3096 69453 75917 99038 63892 77520 71880 28703 62380 89812 99758 
6418 18
14997 77682 22844 79744 82879 91998 96150 57577 75744 3708 39035 4176 71901 55251 7124 81382 99717 55802 
7201 19
75421 1870 46664 33173 97303 98275 95419 7886 71207 2668 71365 81726 17893 5891 54759 23777 22662 76802 38846 
1752 20
34219 14251 226 97137 83265 63175 32922 3970 30714 50923 66285 6294 67044 88425 14089 78980 40002 3907 56345 70743 
7010 13
3374 50049 76342 73618 32844 36326 84419 76992 6527 88013 33506 7866 9494 
8879 20
34976 43742 46449 1229 50012 80113 76499 42788 74457 99081 55425 61471 21564 61446 3454 85342 42340 40765 77080 28665 
2943 20
89074 42824 10040 34734 14627 36728 35038 19155 56395 38998 44522 11954 4916 61497 68429 56722 68857 48077 8051 90985 
1504 19
89495 53279 27272 73289 60114 6788 33029 48312 55493 5201 87612 81801 76629 36228 10783 25159 95023 12996 39026 
7172 19
29130 83274 94673 23146 22234 41440 89081 52949 4404 51444 92473 89040 62986 23852 13732 49714 97797 40229 83642 
4381 20
21975 38669 40460 18215 75947 3505 1852 49126 46161 24950 38524 81256 47841 58217 4894 89736 1734 31979 50195 54841 
650 12
88226 26135 68353 59551 50898 68345 60100 18275 44740 61008 33694 78383 
6446 20
26401 15900 97353 66792 68545 68205 46530 53448 69144 69387 36923 35735 27618 83774 98393 35871 99013 78839 10142 58291 
9432 19
2249 98418 56335 17858 81542 95835 11634 11793 96975 69921 89583 29522 43546 34357 76675 1915 36104 16250 42127 
2100 19
35894 83379 59515 79502 1945 53743 8045 35427 46250 81719 71192 30916 5865 23256 97726 54872 54967 94917 61905 
3545 20
70207 52409 76042 62319 96911 94688 35466 90854 11624 51188 14653 67367 6648 13834 78285 21320 40498 5685 24607 25525 
7937 20
32944 58431 48614 7517 78805 4329 81827 13847 48712 50105 34861 92731 97092 79984 74379 3015 12807 3518 12068 62239 
2126 19
91307 15433 24695 2994 83515 37437 39045 39158 5152 33272 46775 80042 18221 79908 75921 92653 6266 16653 14772 
1133 19
89093 48670 67618 35861 41188 21741 20708 87020 41625 20269 4635 80544 23940 6023 84375 23045 24559 22869 28103 
683 20
65377 60442 54715 60715 154 62794 98625 42069 96692 3386 12114 53838 2189 88048 22835 13929 79372 13587 68152 42734 
2017 16
20243 5622 94563 97604 74179 75426 76967 29367 17264 23740 62087 67785 57327 59125 8443 14595 
854 19
41186 99670 68050 46127 41059 92231 24645 70000 20317 22817 81781 38894 59807 59064 78498 30572 5310 95779 59377 
8005 19
66483 43568 69565 63014 54867 7518 80374 38757 58998 22715 2171 98798 11769 59779 50403 63729 75201 44049 71358 
18 13
52395 75224 35169 98878 80302 64396 52255 56601 55842 73308 69057 29586 74997 
9900 17
97765 84053 92581 56380 27869 84631 51525 41969 41733 73966 25784 90242 61359 25311 84632 71963 56629 
4813 19
53605 80961 33887 79227 94508 92336 33141 80938 1619 4381 44893 81110 48889 56513 40613 46409 61968 4925 70504 
111 14
70445 1692 38153 55457 20320 15253 61427 1559 40466 79430 45472 8792 78382 97759 
5172 20
51447 57499 4624 78612 70466 52269 6742 17102 52564 57587 40985 22553 863 71104 45727 8430 24432 67828 5955 32583 
7843 19
20265 17796 13585 31208 40070 5667 9698 99266 45791 15016 75591 40884 44404 31352 74467 42817 77573 38684 9526 
5423 19
28551 27803 31739 46430 95207 35455 45970 1409 9815 55156 1773 50200 16272 94963 49455 70050 8351 21946 59012 
7567 19
73283 82185 34472 95613 80550 70694 70487 43419 27587 61604 57559 4547 72519 84061 26377 19642 81367 61202 3780 
3622 19
17987 75569 4741 17060 24612 95080 22725 73330 90636 57909 84960 44900 89331 42567 76681 66237 80674 11707 12239 
5608 20
55890 27604 80523 47547 80381 83487 77152 95222 91541 5011 66487 77270 88551 25460 31736 81161 19034 72801 31023 77010 
2657 19
12476 24266 47663 66936 60851 70935 67057 20372 29608 68893 46433 83921 86839 36709 69036 14268 32792 86153 42175 
6066 20
63999 26382 25721 54357 80580 76927 44922 53581 64339 5571 42173 27010 8179 73795 46667 63580 10084 82937 68886 97568 
2901 18
21422 6452 19814 20707 25691 55482 32616 94766 67673 12040 88634 58807 13741 34002 32970 85111 71126 55760 
4977 17
63297 11224 49185 28301 24860 50638 67647 37896 25892 76211 65947 16293 90518 29970 67010 28157 36862 
2373 17
92511 95985 99184 91996 57460 60194 42763 81065 90410 29834 80114 79075 60599 80700 90475 33766 2562 
3134 18
34939 78031 35068 85767 57795 66699 51206 85527 76660 34373 24736 76719 79014 48041 56152 49408 57609 96407 
1549 11
52239 47431 78457 39536 92602 36648 5245 52007 61854 98461 25013 
9985 19
5474 86708 18118 352 81477 35989 4521 95315 81469 46976 43277 39791 57997 13262 94829 27065 44342 31641 71651 
9701 19
65966 27268 25174 1525 1052 8094 31395 15781 2818 68342 91110 62016 51074 83698 72243 31118 8182 15834 86794 
6698 20
52944 76220 93865 48694 89391 78589 29418 14519 16542 70031 61763 48976 48503 90165 20552 78901 78305 78708 49808 57357 
180 20
22770 56086 52970 71005 98128 862 79716 3243 20863 72660 75870 84541 97815 53633 57753 65750 31588 87213 35394 54866 
1201 20
78818 16196 58677 48464 28933 91106 33588 99331 63192 4850 34078 8851 93111 8585 6471 84256 26759 66837 33482 99899 
2737 19
1780 35484 13839 78710 64827 77444 89450 43703 40330 46156 3905 80130 33748 31512 9560 3325 25708 87118 78758 
7709 18
99195 24499 69407 9816 71892 58854 6194 78733 23021 56021 67654 91415 53259 88615 70512 80735 37972 17174 
1668 19
80410 44718 9362 36335 24030 55783 58743 88494 67446 45921 46296 40392 71723 97548 21420 77215 17657 54122 77181 
6995 18
65061 69744 95925 7997 82356 31004 79584 44045 59001 88527 91388 64793 19352 61402 36061 59224 31952 10252 
2761 20
63322 51499 76196 23168 66730 27433 35400 17870 43486 53753 75348 51639 99504 41063 47506 87746 13609 24111 94016 32886 
7734 18
95387 92277 95683 76638 73853 108 42257 25989 59922 16254 23806 12479 47672 90738 41152 70372 96541 10068 
6979 19
89839 41474 32591 40294 57859 71799 71246 93347 41412 21211 30325 25493 15498 8991 43631 3425 18600 22906 76206 
6468 20
33024 70998 45359 52653 12308 38772 39842 6743 5418 29476 93445 60710 84678 2730 85490 43956 3664 15038 81275 68680 
3731 18
11752 93284 95452 42765 37336 75648 53788 70974 75582 52799 59457 62527 94814 36417 14429 45520 87672 28041 
9962 19
61263 96903 92955 32814 59462 75876 58369 94676 94146 57707 73156 16559 29450 93742 27352 39096 23354 65389 88430 
7858 19
69463 1506 14445 17015 45996 10974 68147 535 86204 42698 92902 34292 73038 56276 60038 23383 98647 3255 33094 
6132 20
99616 70159 78304 91995 22965 35404 31537 49399 3129 98166 7367 31414 82418 24486 53964 86473 72999 51697 26482 70814 
8124 18
24203 92010 91445 60124 17381 43674 16017 73964 63901 96909 47515 64953 77569 74777 9262 42355 69653 93906 
7368 10
56298 83691 14375 91433 40763 15296 10925 11093 18208 67270 
6134 20
88845 8314 20223 28511 59575 15130 15983 16441 83989 14464 46847 72197 54442 58272 21341 84770 53746 3 93362 17304 
5611 20
74241 71461 68127 59874 1458 44380 34901 35853 51929 82908 21131 38897 86168 57637 35957 57407 20569 72148 20555 50447 
7512 20
26310 13473 74 35094 60390 32530 8122 90572 88722 64121 25400 64757 45226 2705 76456 50060 76140 50160 93792 63912 
4750 18
54443 58125 83605 96351 27589 65542 37091 59189 38488 12153 20032 37214 36626 68822 89323 5762 88763 71773 
3034 17
44302 45572 70245 1035 25349 50059 69266 18416 28057 88522 91869 64024 64825 65198 41881 86482 97841 
9169 13
11520 11370 56712 94001 84264 73787 57665 25298 94834 20169 78627 26658 31518 
6370 19
33734 88380 46583 427 32239 37690 34253 18097 91160 32566 93433 94898 93870 3501 84683 43840 60385 40362 25601 
5569 13
64850 34230 84254 59384 3796 62797 42224 9565 17805 83966 1429 54440 49204 
3205 20
30243 89005 34194 809 54008 48744 20758 78036 40700 96931 71591 56958 69207 76807 69228 42953 82634 72304 84068 67438 
3026 18
5173 77824 54088 6166 91727 28839 96927 2743 26360 9895 22250 55319 59567 59129 77345 95553 95428 46120 
3605 19
8975 83102 13642 45987 61346 66554 94252 90870 23769 87257 68443 72147 31578 25793 27779 4942 83853 98521 42192 
5763 19
78572 71306 24823 68800 59364 94605 53371 59160 95236 63137 86642 69478 66230 53009 37166 75194 76502 26444 25576 
8390 20
70232 32568 42303 48266 60519 49743 87760 1030 90866 56049 52167 83316 17788 27709 65036 18962 9561 93150 90497 44742 
5971 17
29132 22135 38344 22971 30555 74513 83747 37400 48281 66882 70249 29902 46878 26586 89985 17058 33269 
6236 20
95663 46152 89336 72514 26472 74537 37495 85494 43916 49075 71100 88550 89773 67257 89011 6736 31748 23755 21997 97316 
2295 19
92423 86721 39973 53545 42630 72977 57390 77952 94482 65724 98602 99188 98839 22146 58739 17887 70899 7720 12395 
4395 19
66605 93942 77725 91034 90725 91851 84928 93784 48010 82899 80554 14023 68609 78663 12772 94303 69050 97933 19596 
3215 18
97697 28626 87224 87041 76153 17979 23408 85996 45484 56506 16565 29694 9127 51720 19258 48973 12289 85233 
1537 19
83836 48693 12074 77438 74527 42729 97801 10681 61374 87307 33275 37321 69114 17099 72268 54007 2729 6451 86409 
7380 19
49526 86398 35840 90981 91080 86337 77412 87971 28082 82460 93267 2230 12342 38921 31465 37914 60172 60646 20947 
3459 20
33307 1678 87515 77920 8575 57400 24874 17120 22522 25755 87562 75515 71217 55157 65964 10876 12206 53358 28136 97886 
5352 19
88351 41030 17964 98738 59949 21095 25045 5795 90614 68770 2262 55325 97559 78988 34744 66857 59355 4535 2614 
6115 18
63877 83165 74708 46716 63246 1292 68866 8724 77082 28690 31377 25374 87223 30659 20120 37543 61183 7852 
5030 20
36814 35724 8186 66633 1763 82133 53718 90423 10444 57136 30735 36144 52071 42899 99897 98456 19728 44278 63887 43874 
4828 19
19797 80928 94398 54907 45350 91043 18825 91838 24457 30359 66981 28147 51609 80393 32776 24202 44288 11114 21408 
9772 15
45682 10161 77264 41179 10639 18994 71956 39849 1331 12919 34725 70656 95372 90925 63725 
220 19
80199 58268 37332 69313 53737 15813 42679 16920 19587 51537 813 17440 92984 90127 48577 79410 27476 33342 18369 
7068 19
72539 25139 68501 76252 49030 83139 47450 50394 71424 15224 8617 67357 63537 80396 57496 7651 98978 97155 40257 
7702 20
44431 44954 69145 29319 42188 22798 10293 23592 68778 77442 95141 8305 84473 89217 57316 45200 81986 9761 5790 129 
3761 19
11607 51684 32960 63048 9296 97569 41286 36152 58738 39340 55676 68579 6914 69288 68646 88316 89142 95687 18111 
1492 19
19638 70166 85652 65481 84349 65626 56758 43939 38993 75541 13563 52358 89478 30988 92549 77029 32637 42748 71838 
930 20
15374 77709 50122 98123 69882 32075 60154 30940 68671 24536 24066 64593 64149 69252 62830 8878 55988 31670 68975 76659 
7281 18
4425 53518 35664 83800 8971 20628 33026 12771 39968 64213 88047 87511 27077 15340 74003 3009 92440 26693 
9751 18
30671 83119 97787 77396 94983 86798 40731 68269 36902 6374 78043 81153 15698 12414 92385 68977 67431 16176 
500 18
57125 91652 66310 83347 58655 98148 78037 25274 65414 62468 99206 71608 23993 53816 94222 22226 22260 98225 
6609 19
80532 62769 26726 22173 78614 73426 64281 69910 20546 84281 76612 40813 15824 8037 44884 34525 91760 17782 6635 
5169 19
94276 77688 12931 31372 49902 9265 81107 56605 7598 29783 96286 32860 66741 60266 42785 84648 55356 26720 79585 
4320 19
22018 18150 77437 64836 72292 33109 38599 830 69719 23979 62707 6675 89483 1680 61953 42132 17619 48582 15289 
8855 20
96934 45960 53255 91202 67913 89841 24195 43567 60260 33684 710 83507 2662 28196 20054 52502 77332 38041 43694 24800 
599 19
65840 77874 84613 56373 86730 12746 11155 89722 2772 70241 78333 95277 91700 23800 20019 25834 77534 87674 87928 
6669 19
59832 96915 92111 3242 85781 83505 23109 99363 42918 67049 38592 85615 76938 13095 35314 77258 1918 1889 1901 
3074 17
26264 82820 72959 88267 81360 1016 32454 92498 28384 88537 21746 24574 40967 63173 61306 61127 75486 
8912 18
36219 5735 53735 31202 11771 61440 51355 23631 24608 57032 74752 48048 37555 69852 33840 67082 76800 51469 
5044 19
75461 95696 35396 68627 52869 31816 46512 81268 25684 43088 27376 54043 61145 25110 91104 22530 31022 19821 14489 
4319 11
92950 88250 64662 49885 83203 61789 67521 5288 28815 31577 7365 
7218 19
75619 53763 17868 42873 41014 91340 51664 46565 67526 9385 10604 19101 45458 68180 21624 7404 49821 58235 88476 
6189 18
84448 29089 60912 16253 99320 27544 57806 27676 72577 28025 73003 77413 55154 74773 38508 35114 35704 55709 
8738 16
34438 20614 68221 1081 46844 42857 89237 2052 92795 33701 485 69069 47390 10840 36519 41936 
9487 20
24335 64606 42850 62805 32525 32426 98040 76083 26750 6038 75819 54543 30970 32950 2958 75389 35812 72923 9282 52169 
1815 18
39778 46231 11472 77584 53452 93261 73409 66241 96408 32932 62223 72567 19271 20432 52911 7803 36287 72742 
184 18
33542 80850 64993 69535 30330 66491 29786 33259 31799 56326 71043 34924 21874 87278 98043 33146 19888 40236 
7516 18
32105 4378 9207 33682 57087 23092 8639 91721 72832 45618 82512 54684 70559 44872 35605 73740 46465 39664 
820 18
17999 52153 81969 30251 60338 20672 8452 54419 97361 27479 88971 82097 26664 9376 44633 86250 44370 66360 
88 20
92257 9925 71517 64710 83567 2478 26920 13921 16584 30039 87879 95943 28074 15842 42841 8235 85299 83687 16004 96717 
3612 9
12164 75570 74097 94125 16598 22854 26970 60652 25134 
5989 18
57364 68220 46964 69041 71362 40063 97000 24230 99033 12405 44621 94712 39514 80697 3142 9030 62547 35174 
7007 16
98729 80330 65628 37396 81941 97215 51572 11291 48876 60591 4710 1617 52012 42443 13798 45220 
1516 18
74133 89052 28928 6026 25096 21851 68551 75545 54631 35392 99725 25771 88346 93938 7187 26779 86602 38377 
9821 20
53120 63208 39547 63571 59651 91297 32324 21714 93674 39084 58818 47720 56717 81806 78544 13743 77756 98068 95071 50004 
7305 11
23444 89141 17735 27769 569 31000 71052 41276 95997 16103 80227 
122 10
89613 22078 37843 98090 47800 78834 12344 70053 13385 55902 
7104 16
6640 86511 88759 92978 52594 11303 54403 2984 50761 80549 31313 13281 61556 72320 71194 26014 
3764 18
51167 60792 85103 69583 56429 71135 95518 6181 86064 75741 60695 26712 89748 69806 33508 6290 76664 4642 
2655 19
57456 69053 78284 5767 89725 80016 90550 79903 20397 81355 33581 83632 64957 16138 46808 68865 29910 84924 18033 
1373 19
31404 18763 35685 41060 74489 83590 43493 60932 53709 44301 85717 54436 40442 25918 65244 89229 37280 68101 18782 
3991 18
13418 76039 74394 60091 84748 965 19820 53412 20429 90156 47613 18276 14943 89303 14661 63001 46311 59533 
9805 20
205 54566 53462 25462 3203 77204 55021 34639 60084 63350 85938 64975 69928 20438 82251 30928 61658 57977 23730 30299 
1803 20
11354 55820 66257 6187 40407 20220 4746 88812 30171 99296 99959 65450 15430 29714 49557 60834 74092 90642 4666 39287 
4473 19
42415 4317 53865 73746 26005 6122 50259 71325 49167 23389 95684 43064 18569 91984 51623 80782 50710 62394 77021 
8736 20
21646 8865 94262 80692 49650 69455 33504 66827 33706 350 38512 16084 85576 11859 90079 60008 5591 51427 24446 25964 
5551 20
2017 82686 16393 42531 49872 40140 25876 2528 46752 53504 96884 2612 12935 42489 29773 99068 69726 35382 61909 30948 
9566 10
52477 57624 65721 48216 76358 44518 60741 85657 3302 41865 
8226 18
55921 97687 63151 39877 1389 80110 32452 91670 94548 39729 67199 23282 89734 64000 62583 32778 42020 1636 
6967 19
71350 51441 45487 87809 13001 96957 87712 11438 44461 65665 27747 28644 94791 61528 33184 520 12804 67227 87661 
9647 19
6639 93830 20992 36874 77077 22523 36307 29392 69201 25354 15121 35547 14951 3723 46419 25514 24037 95318 47109 
3307 17
60928 23112 62701 61555 95164 3028 29291 80457 25869 44376 53292 43229 91693 19159 24629 68951 24765 
9373 19
8126 11392 75104 63585 38801 86777 26149 12790 47709 66104 4743 43687 67642 30136 71619 14100 54309 8685 42278 
2075 18
24782 49072 84055 68423 92693 1448 18433 18122 39879 70852 86288 50393 41424 99139 69430 39111 4859 38228 
6844 16
27929 68148 78996 66910 11577 36778 10532 64511 17965 75406 23829 50992 90006 6658 6579 65738 
8430 20
39698 59317 10110 73818 4944 4163 35641 83615 19526 309 2840 25295 93758 76893 93468 73008 25098 47508 15640 10029 
783 16
41389 593 99401 50900 32306 89896 63943 68715 92020 99706 18165 14838 67862 55062 85759 42106 
1800 11
62554 51532 24025 39404 31341 97417 88329 62440 75484 37546 81760 
4713 20
7840 20958 42024 16018 72070 4500 47016 6256 15110 97498 15233 2430 70362 79089 18798 344 86903 55232 20393 76521 
2611 18
20379 72537 97483 2013 85641 57813 30014 35787 52184 29626 42207 20784 75980 71017 46689 55573 2252 70329 
5804 17
94485 99751 90819 91571 51893 4467 68128 41712 8105 22763 48473 62136 8102 62289 5917 30618 34521 
401 20
76985 17057 5896 76566 56920 13170 58449 2236 54414 4749 45239 13769 26745 61483 75380 48257 37875 88244 86633 20960 
1467 19
36960 79717 48893 14235 68974 77946 76964 18448 19561 13654 95398 49195 37446 97590 57443 58250 87808 57733 27577 
3844 20
22443 73669 86247 81936 77980 77212 16535 47994 27198 57808 48097 45800 99259 63905 74506 29882 56014 28254 9553 23640 
3768 19
79282 91960 33847 43732 97372 48366 98927 59399 55403 60994 46748 43230 459 14432 57134 63934 15408 66500 7072 
4126 18
47062 35943 62970 76329 91099 74817 79819 81105 40078 65130 17700 32958 84569 68427 78753 29285 59094 79993 
2751 20
77763 69810 78785 56546 64018 8216 89382 75564 41195 47387 30553 57073 8193 14078 14360 17685 68699 8336 23706 25176 
8477 19
98545 1345 74320 31932 2488 92382 63522 93866 5189 77580 39721 19176 94715 77335 17832 64335 42039 69391 68110 
9795 18
82816 40005 63213 20885 76529 21612 27957 51869 21198 17117 43506 66744 91990 41804 76716 47305 20434 65418 
828 16
40951 37066 88623 18105 81169 6354 75390 39687 96350 82317 35058 54770 34543 25267 47595 66152 
5313 18
18388 31866 9801 53210 80434 74021 60437 81844 69937 25944 46276 84725 25581 145 82066 50286 74841 20380 
4241 19
65406 22983 57750 63342 28901 11817 80956 62174 87208 32512 39604 94093 64581 69432 23074 72229 5812 16678 66206 
5830 19
60649 78489 12702 23539 13259 72476 72903 38494 66515 78890 31295 24291 6634 69900 66499 72095 48468 88894 19095 
9836 19
78858 64956 79991 86374 32683 72558 92220 84746 85288 54368 65991 46523 10156 37094 34747 49563 32046 63244 93608 
197 19
63467 38155 28875 59236 15815 44601 90359 27485 80152 55961 66394 97230 91460 38453 60766 47884 10421 24851 66822 
8989 19
6476 38628 85112 4882 50402 77555 82394 9571 51990 88693 67915 7459 81799 43675 36103 90827 36422 79068 71547 
6509 18
83114 42327 29630 52728 69889 75152 52552 11922 19691 67193 89183 21368 42000 25700 47758 21904 85557 49691 
53 9
19871 45897 60488 1061 70968 67042 56156 61098 42293 
1420 18
76512 26410 18028 72371 28783 88102 74425 89894 20791 11526 24206 24401 46426 80524 39276 82035 1597 84686 
2701 19
58852 20053 46258 84931 96024 99187 12255 71792 11694 86873 14226 99502 26007 94087 30546 18748 53122 86529 54900 
2079 19
81842 82091 87837 87813 3333 10174 9323 47464 49627 13037 60294 65350 96654 24382 58472 72866 87657 49369 22275 
2281 19
41965 82898 37559 29542 15230 17153 19958 60457 86913 48566 79355 6090 62486 86939 86617 15465 37313 48856 37083 
6821 18
34765 13254 40424 1631 64475 6120 40734 65710 47392 99232 74059 38721 85849 36401 82842 95339 30421 93884 
3376 17
45742 46074 5317 4966 9500 27132 5472 69567 69095 33396 43711 80503 53369 70632 66007 44679 42109 
4252 19
73224 19213 86957 72729 62340 26067 73659 92372 73169 87121 48475 58654 6511 28200 41155 56397 69466 51077 34069 
7915 18
18992 34481 84370 44172 63578 31875 40240 42153 51671 47089 45680 92930 8085 44050 44434 99973 17288 46346 
8283 15
21288 75797 34666 69572 81890 96375 29584 93762 84177 91275 77395 778 93624 75951 13885 
2297 16
32352 98491 19238 67018 61759 74118 54343 20451 72402 48161 5511 6718 42504 70960 26037 34902 
733 17
79180 92724 39705 55817 86454 49094 67770 13284 65928 10133 76251 80266 83833 95415 66261 27665 5837 
7327 15
97546 91198 10089 2444 66385 50738 80916 62968 5377 72011 85856 7209 89861 69788 23059 
2353 19
71480 96666 55753 78158 62932 80953 2684 92773 61030 70212 38373 16219 29772 19922 62387 32040 50352 24916 50336 
1334 20
8339 18461 22186 45848 83091 69265 5880 41435 27934 63640 55424 15579 95044 26470 61348 56533 6596 40785 90367 90521 
4542 18
79102 4720 2233 69311 4344 63513 46958 73552 3178 53817 73484 72482 69449 83643 85037 23859 85353 71911 
4430 17
44228 62452 52219 68883 36836 55012 37464 1557 11400 92534 12679 3216 58755 80658 73238 80369 93730 
4951 18
60464 83976 54317 96872 60946 17168 17051 47056 80866 4648 94786 99435 84586 9077 81802 97325 58531 79988 
829 10
55346 64598 2020 87347 79013 57872 84083 71741 11202 26965 
7312 18
50617 49967 44421 62565 24747 12490 47154 61924 94242 12197 88202 28791 58254 39265 61897 33892 27440 23031 
4705 16
37941 9691 19051 92431 71928 26982 33664 24661 95102 66365 29112 15961 28939 58350 46654 27498 
8862 18
64911 61951 22413 51933 80888 95974 76154 13733 95484 85213 21263 61649 10058 95183 4895 32601 92624 48111 
673 18
73053 37068 58881 17215 46508 72520 50079 96349 29444 44256 93437 59134 42583 92933 20178 4694 74144 65306 
4429 19
2710 57360 93142 94090 24337 30761 42363 71662 95082 70702 46052 50830 64078 8306 7073 26025 53036 99623 20277 
4437 17
80624 51678 39214 93000 87815 21619 40073 9398 34930 43054 69434 59281 47173 58316 13497 3701 30799 
486 20
97830 4790 62384 35600 70433 92872 57487 16438 74082 1886 17824 92546 21153 32434 30785 80033 28477 78122 77753 31791 
6054 7
58795 4114 19734 63110 15284 52082 61539 
7975 19
72722 24213 52789 83556 61299 25559 98766 37579 3073 20873 40404 62832 9242 59175 69390 34605 70037 5211 36179 
2380 12
11146 42369 37395 29106 12664 65802 90457 11550 83028 6118 96137 75099 
9405 20
2702 37428 59715 47208 4871 17967 10613 35384 78778 8846 46421 3451 4380 96985 71535 85831 10460 94000 64695 73611 
1065 19
77947 91882 78289 87160 73016 93966 56400 54970 9015 76483 33295 36080 88148 59899 39346 28543 50281 9836 95946 
9873 20
75357 43377 71994 34943 83456 4663 21049 31850 12600 61023 45056 31740 95099 69032 69151 46637 786 13861 26306 96284 
1394 19
2359 1096 11683 81438 88850 66090 54932 77041 94512 15018 15424 7515 31292 5295 39712 62801 15102 24054 63950 
4042 17
23310 99660 61435 52535 12940 95977 88417 13082 12077 98479 19164 99568 77494 91056 57011 7293 66503 
6148 19
77136 55046 83211 19121 38591 49709 15404 10487 18407 91706 37302 6492 3544 70194 77064 63224 73020 25437 64922 
1418 20
36158 56241 48647 41546 70987 26719 76551 80455 90864 45974 37168 40677 20226 76713 55364 5959 49730 16675 56066 84881 
158 20
59124 56358 40091 41869 54957 46500 76297 29961 40916 74345 18840 51773 24685 18337 7136 80158 37704 9689 59994 93386 
3547 19
49233 49047 67381 98490 97811 66303 11006 19858 71151 68263 18037 43770 46446 43386 79320 8106 76963 34331 68797 
9550 20
13768 16900 62462 78565 42609 41342 7589 65218 72705 8236 4066 1235 72989 84170 77601 55522 24547 62549 96624 94058 
8177 17
86465 62193 37076 27778 18057 61129 12332 34772 72882 12082 87722 47292 19949 68303 41349 30779 42461 
8521 19
64176 83416 49863 86004 5922 3523 9525 52981 14317 66555 55003 92700 98065 53094 45102 75115 6293 94592 72412 
4630 18
91356 7100 57171 43959 69243 368 84719 84525 66660 28823 79817 7177 82768 29479 47610 72945 54033 67946 
9951 18
30746 79279 99083 23612 51430 29724 93979 49895 98805 30497 64155 77165 50703 15113 75166 50730 6896 83863 
4316 19
13342 77513 87587 71294 78639 27151 14926 35146 5208 69061 37870 24007 33788 99961 59990 26179 66447 4950 18902 
1973 14
28670 94800 27527 50348 37676 96683 14394 94537 24433 91268 68673 65534 5102 55929 
5635 18
71504 86870 58156 54205 94606 61221 25642 60210 72732 32143 57236 21248 13394 85062 37473 76916 50090 23086 
1963 19
41579 22925 47421 21730 53039 77314 41118 27447 85379 41602 65636 60410 41207 70641 6107 95370 61203 33341 36653 
2664 17
52093 54995 84514 69525 70202 65434 57718 47150 73448 47589 80596 57976 96111 73485 60287 30059 39531 
440 20
97381 92904 22116 75875 72845 65068 51407 17196 14865 96386 81887 22669 22051 52863 29751 90229 52208 64025 88277 98786 
9574 16
93797 32523 58606 78540 47383 62810 5934 2343 10510 30215 23994 15704 99574 65428 97499 59397 
5697 18
46481 70873 31031 87577 1121 55750 95299 20694 22237 66684 80194 87279 71978 24566 85458 15736 64853 27942 
9003 18
18537 37382 71443 15894 1445 82413 85613 47211 2814 32274 68965 71981 74445 81834 30053 62590 100 54152 
3022 19
38872 59416 25983 426 90683 3416 6448 14072 61920 88733 30140 79857 9564 78659 12561 6089 73124 18402 1628 
8834 19
27790 26969 32461 94166 47838 28952 15140 20112 94079 24810 57592 17043 29971 73288 27208 66250 80124 69488 47536 
4275 19
46631 60857 63686 80892 86342 47970 99148 21220 70417 71821 2809 4338 32042 39744 95189 86091 80800 93416 98905 
768 18
91528 31893 81610 56776 27173 76673 70394 10346 13062 4122 25265 6789 97807 69135 27276 26487 38947 85447 
8587 19
67325 4685 62910 76951 56007 61696 64378 35465 37892 89433 96446 44756 2274 32612 61852 79082 47251 75555 39498 
2346 10
90784 22001 38852 62638 23022 5214 75265 33916 90132 2355 
8139 16
20698 57494 67726 30109 54522 56432 99605 12427 8074 69867 93749 87734 10964 4255 15831 35907 
9182 19
58359 90879 44973 30453 93808 70878 31401 74689 85098 37440 70696 53019 95891 83200 90723 69375 22630 52385 58196 
8792 11
20600 70303 38764 70023 54232 9735 54239 6357 22102 89532 64469 
6185 19
43886 10957 64503 26521 88182 94908 13777 85140 80553 39140 75533 1550 81670 50605 47875 53631 4259 92901 49168 
6129 9
76567 10774 18743 21030 85677 14224 43174 60913 95606 
6416 18
92349 45119 10158 52550 57172 15413 5425 10699 20964 99308 16620 31915 66830 56390 81253 47968 90005 74318 
842 19
74515 17708 24743 20918 86601 33364 27625 2089 75689 885 89466 15528 84711 58953 64525 23520 95750 85173 52592 
5707 15
77110 55450 94206 85162 64178 76052 46879 24447 88993 1421 29307 52522 69918 49598 10591 
4603 20
38570 53103 85362 90198 12822 57107 43224 76789 60882 22930 89306 53922 18290 91002 42383 32308 68173 27168 45323 50968 
9324 18
30985 86162 52872 77640 75923 77543 99328 69318 20912 94552 11040 43475 99359 55572 71995 78619 4808 72975 
9094 18
57019 63761 17127 68487 90170 35256 86300 53621 55849 15487 13876 96695 36772 4512 46268 75717 89783 62949 
9316 16
5807 70147 99852 47309 82906 37623 47249 75727 83085 33100 43322 78016 42636 19434 85069 23358 
470 18
34110 50532 75916 71140 7128 61793 85789 84614 84978 34263 30681 84652 60568 54586 72655 42465 65050 72346 
4975 16
46795 82202 31058 50453 59131 4055 34111 44093 67501 17712 31660 9209 32445 95820 8832 27153 
7282 19
30873 47738 81565 90348 59316 64848 26665 82774 74056 99787 4993 94896 17475 4569 3014 999 98691 7812 96185 
198 12
36870 79943 11316 19029 46140 9872 42091 40934 37953 86139 64023 38878 
5580 14
56641 48851 40436 87843 17189 80063 46759 17645 41033 44945 56542 34412 91608 74674 
9007 18
81262 60182 80618 59658 12347 43561 14134 20795 44806 20561 29593 80807 92554 35901 95500 83338 84699 5882 
3818 18
40684 36133 82884 77664 79850 85029 68854 88240 84791 21513 24980 63719 30574 75954 37897 825 96670 55017 
9070 19
1833 95623 26864 50741 79699 34749 28391 18933 48849 41616 95459 18941 78692 78830 22344 46400 78622 12507 12301 
4592 16
22756 11984 50130 2737 67041 94241 7033 56565 66520 32609 62166 73461 71248 22769 99838 128 
416 17
27052 96196 71411 80870 58698 61397 57140 78548 10280 82929 19674 84065 97542 348 1508 34561 85782 
7032 17
34568 96107 42464 54695 30311 21098 48961 61596 84395 34763 30728 42715 78592 62733 91493 84566 41860 
226 20
35050 32160 23681 39376 50448 47086 90399 5523 3695 3913 77675 81207 45513 42972 7484 31614 41896 83398 1954 20514 
8717 18
62598 75814 85591 561 5540 15790 37199 92915 5045 15628 16116 32028 79015 51551 12431 21379 41006 58355 
9488 19
35734 65239 48457 15888 28230 54925 88831 46060 38918 84273 29148 6478 68383 56445 83841 64962 69093 2066 65138 
993 19
37640 5913 15551 93522 98506 73163 73605 65658 98571 82869 96099 1939 76936 61584 62743 3923 2896 81791 83276 
8363 19
86460 75160 19297 8218 22066 24495 10067 58215 52197 95698 79757 90492 77027 21268 21457 17958 421 13267 12905 
8050 15
68239 93694 18693 42059 37194 39647 50751 70363 63540 12728 24179 36105 63265 3975 78373 
4506 14
46480 38358 68459 32001 63107 98349 69560 48250 39993 93152 7121 5368 88297 9268 
7056 13
82737 50333 87270 31978 35195 59871 13906 26790 34265 98579 34090 44962 11513 
3313 19
15087 29810 39101 21240 78315 27001 16056 55400 69247 61534 27145 76838 97791 29372 86764 13500 54001 15393 12670 
2514 20
88402 41775 87400 3575 78308 71331 45178 75230 96852 61451 60439 9548 9566 22132 197 4266 10028 47355 50825 49575 
3539 15
526 73737 3020 92085 18294 20962 15728 50020 45018 42345 96834 20542 46515 16343 34828 
9884 18
25211 28536 6323 20190 69399 64705 82191 31633 3832 62799 40805 7455 18796 15029 72755 57860 53437 26703 
1599 19
58741 54726 30274 91774 56688 68823 57591 9635 87916 53349 49873 98789 75713 24330 20088 67861 3455 62123 90073 
1155 18
23425 23384 55144 84432 25553 64607 9001 85574 43248 81625 65851 96634 99590 95713 95111 81703 33453 10736 
8887 17
19827 12560 89506 96383 42539 41297 74971 45450 67211 80223 73556 63045 69321 19482 26988 87881 6956 
6241 15
36531 25240 54471 21600 74814 40351 66575 48146 12416 13562 66639 98014 31889 86442 88617 
1448 14
89811 53233 91418 45379 95566 14370 97191 46160 88725 92889 88507 45990 61385 52876 
2922 20
32682 30076 45653 19408 42405 88220 72829 26814 75524 16526 33656 9446 87058 33208 76311 72305 62828 40862 51794 53663 
6754 12
48874 16462 73946 69574 57188 6136 64971 54195 47046 9716 60674 38055 
9553 19
86467 60561 22616 44997 10375 33033 42722 21529 87340 15090 73449 95899 22578 84565 78814 64309 81772 45017 323 
806 11
68168 71891 43442 81762 93536 43249 77280 59283 25022 2074 82846 
2115 19
57393 631 52372 56731 70698 30329 99970 67550 40196 44940 50089 82299 3811 72783 62652 36470 54155 99988 28285 
2235 19
18597 56327 81026 65586 75038 95174 47269 39343 91372 60651 71171 90978 91502 94805 19971 4980 34107 31664 24426 
2287 19
37959 29041 76604 20311 9081 19265 25463 53458 43334 19960 28412 11353 76323 79671 61029 43938 28578 35555 67123 
1236 20
85762 48669 70965 17094 48466 84241 47 64338 10906 38719 27413 74084 41630 47664 79905 72766 2636 93601 67494 83149 
2708 19
82422 64931 43114 96552 14008 57484 14779 96343 58419 73774 34517 28024 74184 39506 42940 56282 83932 37677 75651 
5439 16
96330 74913 49521 86206 69698 75089 24440 11942 80092 20181 10570 92296 86027 62001 838 51725 
2631 20
28844 95646 53154 27196 41551 48846 91910 65968 46628 98470 51443 72913 92325 86463 39248 49839 63405 11334 72613 30747 
5461 19
21446 52004 78676 98529 75345 75103 14409 95694 50257 13949 88485 70664 81599 92474 367 84923 72238 16859 4625 
9530 19
78919 59229 30646 46332 27657 65930 70247 94433 71577 72234 84206 5518 83438 3263 71665 3782 91234 8645 18334 
5251 20
94299 93288 22508 85841 2522 37939 63971 31270 93210 35004 15934 8981 19925 51366 32822 80431 92759 23934 77620 21237 
8482 17
70288 96977 78597 73754 63112 35307 57165 81431 37324 61594 84574 47033 48488 80066 56376 15793 16809 
4557 19
13583 73277 3355 21060 89741 13495 44225 6434 66989 13292 10722 11372 45528 31542 96509 22731 73791 38929 43129 
2131 18
39127 40821 96117 58267 57250 32293 28303 63610 30118 96149 83882 5323 49793 98680 60033 35568 99241 70660 
8490 13
12447 48919 72199 50163 75442 52199 82276 6067 6575 74268 5462 1738 11887 
3788 19
5704 20309 54384 94356 98751 89413 67305 54710 91594 18810 99265 20704 45294 89924 4613 26619 94641 79613 35027 
6851 15
7601 6744 10565 53761 4614 88064 29042 67363 13616 20274 58695 75112 13606 80767 10621 
3953 16
78057 66720 54495 88667 95826 11603 32155 95955 64015 64680 38261 15550 80813 28280 19290 8169 
3118 19
85231 77277 66542 19445 25471 98106 5406 89168 4707 54013 56933 22684 38871 30901 51171 858 13684 35764 24081 
7454 19
33783 47915 64954 70501 69299 86612 96529 60581 40925 36989 4424 65962 2689 31054 68045 78091 2732 62802 96982 
6765 15
88955 82728 94960 38665 67987 65380 45255 83389 91778 81792 69687 38382 21043 92120 15004 
1318 19
30334 99962 14868 53550 80494 57100 10334 95654 98679 61901 55870 81761 31460 29097 44748 97398 33648 49411 82763 
3124 14
99244 31431 99456 1683 57835 79809 42065 11593 4303 89360 88888 45851 24803 7441 
9760 18
54485 74169 31786 10930 70395 18717 17563 37745 13954 88970 24160 79470 74916 36057 55041 88640 14682 91632 
1634 14
75776 5282 2981 36241 90605 69902 18305 15323 87092 24468 48779 774 57740 42058 
9009 18
98025 20148 80671 7107 73973 26898 8998 75540 48776 5182 17820 28599 93609 61044 35006 90868 90468 98436 
281 19
77402 47053 81944 13010 22164 20667 59726 89640 43663 77729 1500 90495 48546 39299 36781 10581 70653 71018 43427 
1296 11
80466 19174 88340 88752 28937 9005 26826 95303 84642 45191 95991 
6783 11
79679 38845 16383 95095 33737 2324 44717 67583 48392 16770 82698 
6900 13
70957 61143 95188 26881 90465 40778 31425 33507 30226 17678 65779 56122 84837 
906 11
60103 51287 44052 11604 24241 36627 87150 2770 75208 73612 46263 
6956 19
23222 12022 24652 96357 51299 69003 51266 91610 39583 9618 35034 46911 65207 17917 41029 4121 51478 53783 44889 
909 17
89774 42366 87173 17502 33171 27663 24854 75877 65927 51278 94417 31093 87262 8163 92502 53707 68062 
4933 19
20954 94648 26933 67725 92209 14509 23819 26349 8786 23748 93439 79794 84850 20475 12876 1839 17651 79686 38428 
385 18
27961 64935 85030 75198 20230 89658 79563 46061 71824 10430 19789 10835 62077 29176 2855 9421 78224 35746 
8531 20
36364 65222 18210 51681 98543 47191 81979 29678 64312 76901 52444 87376 36051 95539 179 1931 63130 30210 45256 31881 
9255 13
80757 17705 54473 14871 40739 1875 29485 19731 33025 69499 87929 10121 82545 
1965 20
53425 59542 98994 84680 16874 41962 5083 80861 42917 8328 66213 68267 35886 9483 12248 68900 77409 12158 82661 84494 
8301 20
42833 77553 60520 77403 8668 33035 59243 80421 56580 68204 25209 94550 23887 73315 93091 86813 91618 79257 44378 79564 
6633 18
3560 97717 48990 66888 78792 28747 27148 23120 50672 7343 13722 4861 71810 12603 38820 91131 46796 69673 
7424 17
80275 96478 99679 21074 79582 32507 99761 32975 35913 93336 68365 40705 37115 66877 58581 31399 87547 
7920 19
77123 7006 88474 39962 74158 73462 82750 9604 32889 99381 808 5772 13218 16447 22341 77008 12732 89857 42019 
1864 13
30623 78112 35086 80808 46864 18625 94551 54703 96511 52248 22717 43957 33943 
3629 18
21168 5750 51851 72472 64501 66715 5300 6044 12758 93128 99147 70113 68531 4753 16242 789 26714 24513 
4341 18
28455 82616 28405 21123 99999 82779 15505 43356 49988 26533 17114 57396 74896 28183 42130 58100 28555 88980 
5849 16
1608 97553 99523 2889 49834 44926 89578 13806 75944 11766 80951 45652 45671 15950 45274 80858 
3557 20
32255 10628 92543 46084 91890 67424 68202 72189 1414 29299 13712 49773 74202 74924 88257 82178 48606 63197 73815 78521 
9286 17
26395 50225 86477 26962 87900 66849 44411 43336 11219 12145 5441 4490 4073 91755 61292 78822 99937 
1342 11
57895 74766 19315 46270 67961 86196 6330 14075 88043 56297 34616 
6980 19
53205 55463 46236 96257 95986 5817 40284 5705 37419 23837 57681 25220 52865 92148 18909 10247 86902 345 57447 
1274 17
54462 78981 66288 23872 83511 48214 60824 93789 61181 82843 76576 41491 43074 4021 27435 71581 65240 
6516 19
33632 91852 45138 5113 77689 93805 96845 57050 16781 99145 46630 55852 65985 62846 85565 38420 63543 84723 21877 
1241 18
29536 35438 7283 31753 25953 22364 6017 67054 32832 86125 58465 64170 38480 99029 90313 34500 47856 33262 
4594 19
84842 22614 41582 77518 44564 40791 53272 39124 4139 77467 75031 28316 54533 27283 59311 73947 88118 87370 82528 
6957 14
41944 72670 69907 32686 23121 89883 94880 8280 35443 97950 4446 93239 16211 51669 
5437 18
29133 84137 62156 75118 39244 78972 63416 94845 40517 90727 10326 36537 70941 99313 46209 49865 37541 19419 
9925 16
67164 67971 32290 59648 68727 79183 65805 9491 39401 76086 1368 91552 11784 98421 52043 11544 
2548 17
32726 86711 28728 32195 13294 33891 47803 86674 45656 74100 75343 94111 84796 4499 79523 27691 52917 
9804 11
39371 70934 90960 4722 6738 95702 69303 11385 56421 51501 16162 
6193 17
39912 48885 9104 81647 14845 3566 8650 90838 99532 35872 30943 86553 6591 91125 36402 75383 80380 
479 11
65438 31568 15780 13011 90023 95650 77731 9176 95716 4191 15992 
1807 17
7847 92886 89163 86753 77216 55560 8010 39933 93474 63275 97929 94259 60598 88738 48294 88360 49334 
4193 12
82470 16068 8596 51587 29869 52011 58278 97482 99564 34675 49397 24403 
1161 11
41509 24904 17614 57095 31630 50715 45754 83258 35684 47289 6615 
5331 18
20629 92488 92308 10877 13676 96405 95007 12569 69643 33983 3955 46233 4075 71101 64448 27177 83820 46917 
3561 18
25835 44147 9167 82546 74799 25782 34048 26253 50011 24286 55414 20460 69293 30477 76132 92977 92728 14063 
9347 19
84849 19208 35251 241 22785 77058 38170 30102 27944 74771 12232 79822 91759 25111 83401 53868 91883 1736 46320 
5498 20
16055 32421 18596 90750 64137 37239 7012 69515 91118 68332 82501 49611 41495 81710 80265 67497 59315 49936 73984 73460 
3245 13
16918 34803 16529 13640 17762 59501 25424 44312 92454 53768 23154 38197 12848 
1443 18
76758 78421 69513 74748 39458 77098 17024 38068 49153 35217 49894 80659 82703 38906 92590 93064 40767 5800 
3523 20
61656 6594 34807 85122 40136 92911 69437 672 89143 49092 22389 82484 66494 56113 39469 63837 46939 83589 14623 55861 
2493 20
33551 79579 4729 43399 39918 33432 63953 32355 74389 48818 42085 15829 40108 95617 35806 8519 57871 76814 83473 58246 
1401 19
21662 36831 32087 99567 40839 88283 25313 59882 89744 35776 650 63603 33765 10209 4430 85309 63672 77727 41249 
3487 19
79336 8418 3148 99488 78103 74646 50755 84367 56553 80611 30055 50711 47201 64522 93787 70312 27808 40928 74667 
2143 12
15678 17145 18889 34395 67372 79592 87144 21511 28330 86761 98833 21501 
8903 19
41038 78859 97455 2106 57343 23782 18017 25647 68033 15826 34201 36675 85260 72762 57029 99759 89694 32021 27919 
4374 18
77843 86257 46345 83665 14610 8107 7662 2140 23023 84396 82383 36125 32556 91289 21304 65200 5748 76539 
5038 17
67749 78247 88107 37982 32668 54864 36290 50104 91987 67135 6430 31163 14738 77791 54796 51270 55744 
3406 18
22649 39556 67680 2525 55139 82917 53507 3749 37390 86556 77535 82683 84299 66604 2838 36740 33196 91345 
886 19
58244 96329 56359 50608 1077 95729 59837 74639 99355 73724 39817 22617 46596 82062 99704 8700 31949 18089 87083 
1959 18
66986 79779 37814 15504 37462 8816 30360 6488 65440 30904 26841 80465 40740 78377 22070 58849 2558 26926 
7021 13
69638 66024 19902 71524 34954 71094 39880 15673 84776 65056 93967 58903 78444 
8910 19
61520 97575 43138 94724 92261 32055 87320 56663 4878 42750 55435 83365 35807 26215 22611 81603 19559 19798 13132 
7088 17
94375 8412 27637 75544 27839 21222 24928 67545 57061 8631 29514 10166 58188 85703 97301 45307 42986 
1845 19
32656 18127 78228 74723 94274 65950 46178 94414 42100 3882 36266 68031 71105 20129 81059 32815 41147 11601 71896 
4418 19
8449 66886 80276 74273 23067 19468 13175 41108 76399 22534 86946 86187 60606 19681 39182 67755 33205 29282 57803 
3817 18
84587 27449 37798 84939 20117 12370 88142 35154 1970 76056 23889 99112 24180 88456 97393 99407 554 99990 
2334 16
8620 62145 91457 59955 58380 47801 31677 7992 31041 3961 79501 57452 69276 52364 99641 24924 
3511 19
86459 67403 49801 16661 73895 87866 36645 21298 78003 98336 26075 84028 25701 58760 62307 52794 96366 36731 39541 
6017 18
81823 80407 27909 76518 24947 46107 23138 908 13927 76080 90235 97607 96869 90217 99079 44017 36596 99549 
5238 16
66727 84530 71719 59851 82245 29800 38466 58281 44578 78150 5168 6188 21785 77122 43640 43619 
2006 13
94498 96323 16873 36998 3964 20664 88446 79411 27157 42790 96719 75657 42447 
8345 18
82423 48534 68835 91466 26350 85410 8689 8265 16200 60517 28727 8424 81178 81694 84526 63738 60500 53372 
1558 18
97366 26260 69617 33220 24684 15364 69691 67847 68838 60398 89419 11515 44187 18658 7743 17591 20831 36979 
2232 19
74077 65923 49393 31579 38837 45810 64780 83134 48270 1186 5615 47299 94374 37010 95592 69642 62561 25193 67763 
4439 15
6785 40174 72389 91600 10386 75771 75100 13903 11204 24579 65954 42593 99588 30114 9881 
7039 19
91512 67834 77918 35573 42126 42519 36815 98041 27978 83474 50114 77076 85555 72967 70713 76407 20064 27899 71440 
3038 18
77961 87132 35781 39108 74535 39175 6670 78023 15187 77621 54771 6021 85081 42724 15116 83715 87299 88556 
4938 18
83616 81378 78429 1015 25904 68451 63177 18616 79391 61107 3511 51973 84557 88649 78176 68058 14537 96512 
6215 17
17113 4949 29973 23386 11421 16553 94148 52762 4744 24129 14576 56408 67089 94517 45216 49415 96662 
2052 18
51552 9028 23868 35474 24808 47943 81526 9021 17373 19915 79375 67046 51723 41650 90795 23671 4242 3675 
8902 16
33301 22675 45112 94621 22065 32830 60157 38268 42818 24014 40132 39516 45574 96807 63862 51948 
5107 8
26124 16207 99782 89436 71935 42282 25261 74495 
8285 13
57228 15191 77979 45320 34260 72167 80043 3807 13554 21592 93030 96181 51240 
1024 10
32114 24268 22368 4972 52032 38759 61721 82442 58408 68426 
2798 18
62930 13972 5547 55073 74714 25320 24639 58337 28463 39151 96876 7485 46101 79291 3363 51701 2298 36023 
7989 13
6800 31099 46874 12877 34694 46347 25304 39418 86559 92114 95793 33147 4181 
2023 19
44072 19183 89505 14117 10811 4709 71120 68558 68773 25754 65288 65821 32472 29948 80121 3966 64230 17888 96004 
832 18
86392 29746 98497 26078 76482 42719 3870 4567 54441 4118 53142 17213 12923 1489 44419 85275 75680 29059 
4039 19
95248 24090 72928 68387 90115 49395 23246 35788 93823 48894 87521 93849 47653 86572 82057 66948 89584 39058 77248 
7953 19
76367 68367 5264 93292 91207 80570 22620 25822 31686 90537 31151 55372 93054 77842 12863 69943 89599 97781 10059 
7078 17
6535 33797 18627 83541 64421 29359 2187 26141 51012 73397 74044 43578 94088 37913 13571 61642 65959 
9713 18
60065 19566 23881 68845 78852 16817 95474 2191 67220 80613 54868 30492 6232 48285 91090 11934 62078 27696 
5931 14
49252 96836 99511 9728 40080 44063 27522 96216 25042 49678 65322 45909 33896 17093 
3730 9
53438 71144 68549 12766 87049 77932 40837 86078 54628 
136 18
89139 44802 13761 40032 91654 56992 80739 30890 62274 59705 58009 96918 71630 26421 98607 43787 13762 82340 
4959 18
66854 8115 81043 90498 18060 63591 34997 69932 902 3267 84925 20512 33020 3639 49735 43890 4300 29723 
1872 17
10611 94228 93092 57820 62337 33490 49544 35451 70689 98775 74465 80328 55179 13028 86373 57652 45957 
5915 18
60564 55004 12146 96978 3330 28758 59037 89067 91768 77948 54526 87786 76915 92867 70989 25351 39663 30505 
255 18
39570 82915 5672 46524 80009 5944 79059 79133 94892 61948 28377 34142 18475 53204 60046 1534 94936 65354 
5450 16
57511 22566 52840 68959 59419 57238 38670 53752 14522 71235 63132 72058 56603 15446 29993 53725 
7042 18
60582 42074 72464 37687 49221 64879 38712 24343 10231 94727 18110 79123 87349 18938 1911 92896 27467 69648 
8896 17
57153 96932 9647 31074 20100 69415 38522 97426 32486 95375 82346 80737 45229 64989 76707 48716 83277 
6427 17
58856 62995 52416 2848 25164 83845 76053 8433 10875 19623 19349 51994 93618 434 27721 29195 74901 
3676 15
25663 75592 61966 91899 93137 9060 49636 10995 21703 51772 48629 51193 34946 53949 54605 
3364 17
9061 29613 63077 26865 263 12337 75871 22334 40354 12458 44704 65692 57623 18219 16241 4523 14553 
4751 19
57088 83790 59239 89530 44506 61082 66529 17386 74636 63291 75845 83106 72919 17207 42928 71915 13108 26378 41838 
4681 19
76932 13242 5920 8956 9211 26436 20058 74041 72529 50545 83177 35887 36866 25106 55202 81294 42506 88926 74710 
8922 19
85397 65273 41981 18982 44118 54162 39595 50624 20304 42017 66324 65981 21587 96594 67842 89647 3565 81571 84996 
6570 19
81143 91607 69553 94364 87210 8442 44856 53585 91144 30656 78013 57453 57606 23095 10335 26069 75928 18679 8919 
4855 19
21275 49002 1671 85241 96302 96900 61253 51015 44135 42704 60112 68090 48909 46226 50795 27092 61824 74976 66955 
2005 17
95397 94316 79354 70907 19293 85118 26904 77068 36257 31161 17246 65171 97916 78552 21358 57394 84815 
3324 10
56075 98469 49851 16067 6316 77126 63487 80630 23321 29258 
4314 16
6513 60352 44250 2821 87071 70887 31245 92478 65397 649 86638 50452 91876 5260 67012 99753 
4433 18
64294 46541 94976 51203 51197 53097 68362 10802 54230 12864 84020 27731 43036 23365 63561 29276 38711 66372 
8109 12
66840 75268 5407 34450 42969 31540 23360 52328 42782 59017 36052 52339 
7815 16
29279 82861 56576 9755 79735 5927 47844 48124 13176 90719 6691 43089 65395 35113 90067 69558 
6025 17
15234 6027 69963 10318 83520 30227 22909 95640 59016 55115 73040 7756 60996 79770 57798 32999 22120 
5481 17
92815 22218 91840 6010 99293 32190 91537 11602 27096 73486 87430 77802 35425 64489 76109 60798 63430 
3720 13
39381 46806 19264 60814 32015 94835 35343 84943 31747 47043 85826 73304 41114 
3535 17
69818 72449 97839 95380 81839 37 87611 4609 86831 68628 96779 17332 95166 24231 38130 64927 82397 
2582 17
54651 17340 98909 28547 11168 57380 46142 79169 12794 85660 72491 77293 20963 35965 48410 86127 11734 
7914 12
57089 74671 81934 97637 1456 96940 44292 49133 46977 74167 59744 21151 
8157 16
30093 33974 29338 77610 52112 88748 80572 38401 17039 8976 5079 56037 43416 80212 43003 34530 
1731 17
95703 43551 49365 58646 62603 9773 68097 88863 6756 26239 26296 40693 84056 44982 76857 2408 19645 
4460 16
76084 82131 56836 43208 51201 95798 36327 54694 35789 42973 69675 21702 98425 25169 8319 96436 
2541 17
23352 96147 57554 79040 25662 73929 12444 32094 41831 12038 98796 43459 29965 19302 59039 14967 5197 
165 17
77458 56855 28355 37089 6338 82111 76135 81958 78600 57068 71402 78531 77356 91426 33518 88798 29967 
5532 14
77124 9624 75618 36759 45150 64219 20449 84803 81458 4594 70554 56444 8841 99553 
8409 17
82810 70955 19868 16772 56398 36205 10599 64630 30021 69191 38887 98392 38604 65606 59291 86197 66290 
1760 9
5901 39132 49620 14830 22422 40929 58487 46805 28953 
8617 11
27336 12078 70208 65001 56222 27070 53656 58113 24555 73616 62826 
