355
1668 19
80410 44718 9362 36335 24030 55783 58743 88494 67446 45921 46296 40392 71723 97548 21420 77215 17657 54122 77181 
2047 19
31450 16869 65400 85450 16253 81296 28650 75276 7932 37522 5708 956 80520 75223 44463 19298 94556 29083 10296 
5348 19
2519 30289 22038 37958 21795 43951 27669 16521 30371 60666 44592 63951 6144 42335 75228 92159 70428 9820 44219 
3459 20
33307 1678 87515 77920 8575 57400 24874 17120 22522 25755 87562 75515 71217 55157 65964 10876 12206 53358 28136 97886 
627 20
74570 6016 49106 41993 94802 39432 20137 76493 13907 46427 61874 92874 60226 60962 18989 17668 47618 75802 52170 38799 
6418 19
14997 77682 22844 79744 82879 91998 96150 57577 75744 3708 39035 4176 71901 55251 7124 81382 99717 36770 55802 
5450 20
57511 82616 22566 52840 68959 59419 57238 38670 53752 14522 71235 63132 72058 23928 65428 77409 56603 15446 29993 53725 
8084 19
17682 50996 33042 57512 26078 83573 14450 33742 95404 75257 95482 79479 52687 95885 81433 64680 38695 73681 58652 
6609 19
80532 62769 26726 22173 78614 73426 64281 69910 20546 84281 76612 40813 15824 8037 44884 34525 91760 17782 6635 
8696 20
35619 45104 44776 86267 17085 89554 3876 87902 38304 24855 77630 82092 78115 2284 82577 94634 66416 42488 5076 65791 
9867 19
93080 80104 37607 39009 86488 47324 49063 67226 89611 4609 67764 15390 74272 77515 79933 63913 22787 2580 74718 
1949 20
24096 18968 71256 82966 98832 52845 2883 63589 5658 7767 96757 99572 99686 77607 75188 21318 29512 46254 41367 1416 
8839 18
73517 93992 13780 11548 81713 62467 17418 61444 25692 80409 4964 15830 66404 30601 48420 24954 25978 76776 
9795 20
82816 40005 63213 20885 76529 6194 21612 27957 51869 21198 17117 43506 66744 91990 41804 76716 34002 47305 20434 65418 
4717 19
56201 65413 2654 29078 36568 51880 3319 86264 68665 67252 43891 61195 61563 81351 28190 26828 49956 12998 79767 
2459 19
44746 38665 51707 27741 14032 81630 72442 42354 44253 94637 59090 5868 80547 48660 74739 23045 52565 42887 4876 
660 20
40898 95169 71677 21208 23049 34598 59222 95694 4930 51277 44237 27572 70650 58188 25917 80658 13028 25020 77441 41265 
2892 19
51425 30672 26190 51820 85247 50451 37513 56667 55996 15090 20135 74543 20815 53745 9474 4658 72634 10531 69949 
7162 19
23471 40369 47743 62040 86002 75023 12104 566 32720 76968 14996 54450 85050 20568 2189 98655 81540 1335 12286 
3742 19
22010 98741 34927 57230 19787 93305 38617 40542 24138 39609 38515 12235 70768 90056 27890 10046 45008 53473 43408 
8390 20
70232 32568 42303 48266 60519 49743 87760 1030 90866 56049 52167 83316 17788 27709 65036 18962 9561 93150 90497 44742 
1985 20
21711 53075 17474 61947 55034 21684 79703 44967 75766 36762 12654 85728 46771 50199 52897 15175 71188 21898 72046 77460 
517 20
41481 46862 4500 90605 89982 74245 54503 30055 79584 60630 47947 81806 21012 45419 73642 54076 57333 3476 49599 74050 
5592 20
29966 29610 74119 63064 15948 87765 70263 6354 22117 98493 22414 11803 82022 46534 66056 32908 70261 2292 89895 58430 
1026 20
63978 75733 79389 27446 37031 89779 45896 59147 19806 44846 90014 52055 13929 62831 15746 92045 54588 79802 15279 41952 
5311 19
88308 47594 27 85283 73422 52285 82953 37385 75001 71301 41168 81510 56186 66267 5980 26765 40337 31674 76763 
9129 19
65231 70572 36925 57795 26611 67055 2208 11321 26606 17077 21836 4743 36523 51720 20348 18456 90626 60584 31468 
2204 19
82370 50179 70258 58586 25954 57300 57312 41436 12889 29880 9205 55043 43892 58758 5261 59184 22494 100 95659 
6821 20
34765 13254 40424 1631 64475 6120 40734 65710 47392 99232 53296 74059 38721 85849 36401 82842 95339 30421 2614 93884 
2054 20
92636 91659 1710 6185 27668 44097 85047 64013 64706 45711 15150 57039 78222 78287 80293 59767 94677 2201 93387 38213 
2548 19
32726 86711 57484 28728 32195 13294 33891 47803 86674 55805 45656 74100 75343 94111 84796 4499 79523 27691 52917 
3428 19
612 47401 28439 69864 36727 51354 44929 88298 49856 97430 49358 71379 56796 25787 94797 87468 63123 39161 61709 
2608 18
17701 94767 70583 49034 37863 80164 11918 79658 63594 86940 54742 36745 34119 56123 99212 54180 46504 54120 
8408 19
9756 16222 31076 23569 13455 63077 27938 35896 40222 47632 3312 82975 23584 5279 4098 69966 37821 22006 46750 
5023 19
71227 57179 42712 75447 32205 66078 8667 54788 85676 13803 72850 31201 82184 73933 50887 5825 90649 87136 44869 
8691 20
48126 46058 1012 33992 55052 80049 35565 87419 18437 15480 78477 20152 50247 78715 55714 29434 85175 15371 11153 59290 
733 19
74547 79180 92724 39705 55817 92955 86454 49094 67770 13284 65928 10133 76251 80266 83833 95415 66261 27665 5837 
7920 19
77123 7006 88474 39962 74158 73462 82750 9604 32889 99381 808 5772 13218 16447 22341 77008 12732 89857 42019 
5709 20
66727 88558 87671 6974 11121 97300 97304 18774 44180 4763 11969 30344 8034 19499 80157 20477 57132 55913 72655 73304 
9985 19
5474 86708 18118 352 81477 35989 4521 95315 81469 46976 43277 39791 57997 13262 94829 27065 44342 31641 71651 
4951 20
60464 83976 54317 96872 60946 68640 17168 17051 47056 80866 4648 94786 99435 84586 28703 9077 81802 97325 58531 79988 
3134 18
34939 78031 35068 85767 66699 51206 85527 76660 34373 24736 76719 79014 48041 56152 49408 67351 57609 96407 
8210 19
50821 82126 76179 89668 88913 31910 11490 32587 34802 30929 61316 21821 22228 79443 33935 60264 3271 56103 48003 
9951 19
30746 79279 99083 23612 51430 29724 93979 49895 98805 30497 64155 77165 50703 15113 59129 75166 50730 6896 83863 
414 20
58203 57632 134 4391 35170 30257 13209 3857 11876 12491 43849 47195 82540 55000 67594 72431 98692 78367 75477 61099 
3483 19
90279 42098 11010 87119 51336 82304 72828 94901 909 87024 94004 37523 30642 18848 91934 88637 38455 69536 1098 
147 19
85475 37898 25669 55169 77014 37483 53926 37740 14550 52718 63425 73296 19749 94927 22178 10586 68662 35845 88118 
8677 19
59762 61954 69066 98603 36527 63444 84362 95939 27075 87787 86212 5765 75934 11813 57476 65537 70719 55736 54100 
4325 19
13773 3528 81383 59201 30537 2868 33472 94033 77608 86736 19754 18785 41696 79061 54428 87479 83624 93914 38781 
6350 20
91967 85008 12098 95651 74719 22137 90683 29478 88930 95079 29897 28244 13595 80162 77825 51631 91017 93115 48297 81013 
6979 19
89839 41474 32591 40294 57859 71799 71246 93347 41412 21211 30325 25493 15498 8991 43631 3425 18600 22906 76206 
6577 20
20950 21860 21943 77161 94756 97718 91222 51211 1059 29382 66843 66959 92271 22110 39782 10211 13148 63694 75883 97262 
990 19
17460 56924 58740 70926 39279 74585 46974 60507 10389 98623 19918 51321 60524 59313 38133 7976 40630 97957 97181 
9478 20
6882 90594 2419 64328 18608 60581 94599 93245 48478 43515 89422 65135 46184 57190 66808 84397 55230 25069 24539 6005 
8173 19
36724 22794 37876 20488 88294 26925 48393 25450 85821 68507 35941 9736 53206 68602 14189 14967 66620 16779 19389 
3788 19
5704 20309 54384 94356 98751 89413 67305 54710 91594 18810 99265 20704 45294 89924 4613 26619 94641 79613 35027 
9320 20
58779 96861 96117 27517 55853 83071 41654 91662 8703 45600 23014 57361 11092 15928 24128 84428 98389 85759 21448 95570 
4938 20
83616 81378 78429 1015 25904 68451 63177 18616 9815 79391 61107 3511 51973 84557 75362 88649 78176 68058 14537 96512 
5833 20
36749 92834 53944 32656 79243 18789 20500 87141 95441 474 7966 6727 88336 56234 71847 78707 59226 31143 36829 35847 
4437 19
80624 51678 39214 93000 87815 21619 40073 9398 34930 43054 69434 68618 59281 47173 58316 13497 3701 87657 30799 
2939 19
15294 83578 71221 60020 34818 48044 49061 44832 86735 92297 94255 58811 21792 20079 38351 45175 11719 82135 43139 
5345 19
860 89116 97852 15602 94530 98257 32964 24450 62392 72349 11138 17624 31374 36536 95436 90912 13629 30131 56301 
2998 18
3616 16572 31009 41318 13822 95424 71448 88364 26160 31381 12141 54540 1070 42006 59790 14986 26729 87616 
2610 20
1382 65479 61304 49113 77032 39325 48043 89240 66708 4174 7820 74761 25060 53356 30494 52297 11071 10458 48745 71113 
628 20
57364 42971 45245 46097 44501 58733 71262 76976 33164 78452 16679 64407 80800 94303 89868 45334 19376 87939 61628 17547 
1154 20
76263 89411 4517 21593 94666 38244 68390 82830 33886 87964 22384 93107 44725 33249 28816 45281 78403 13341 36558 10939 
3320 19
29761 29547 74031 34399 89313 48480 43708 2011 70630 90812 11026 91490 30588 20553 7118 91773 41739 1967 22832 
7819 20
47416 71839 45905 88097 42215 89224 58796 8183 21414 86747 20549 60221 53006 39170 32704 86604 1367 37514 58040 85469 
5103 20
49313 86281 66778 18893 13140 96270 87120 88565 82090 35942 39732 82602 70888 12604 15842 98825 85904 29080 73651 85604 
6897 19
56907 95402 83304 28038 71074 14860 10856 3932 87937 54263 6564 43423 14925 48793 75602 16476 73295 54084 37550 
1356 20
83283 52190 15920 73445 49706 77787 89796 40507 56979 61543 74453 1718 98328 70779 66975 63860 57786 7850 74656 13975 
5065 18
32542 28614 40458 9950 71471 311 6870 20130 3096 69453 75917 99038 63892 77520 71880 62380 89812 99758 
9294 19
42080 72711 16973 96726 23597 97076 42870 89243 7009 57516 37909 747 37479 48181 54341 59429 87581 33522 57295 
1045 20
17105 25087 20595 95978 77344 63622 90560 21886 41485 54028 20566 44114 43439 87873 56316 91949 29992 39892 38313 49560 
8482 20
70288 96977 78597 73754 63112 35307 57165 81431 79819 10884 67501 37324 61594 84574 47033 48488 80066 56376 15793 16809 
6342 19
92024 40639 83420 56610 14438 78035 17891 21926 72245 32670 7859 54197 66637 69395 9810 92418 82294 55491 15146 
5771 19
86501 33122 1209 28069 24242 99914 72219 64988 59863 66534 3612 93974 75809 79899 54432 93188 49265 33987 61655 
8931 18
44975 46470 5681 56908 78860 19568 95780 30542 85129 9389 14462 48430 99045 14270 73278 51296 64479 79669 
5724 18
83428 63547 24578 72830 21401 8025 43701 12844 16663 13122 89956 53478 4331 91251 9003 93722 19536 64761 
6063 20
54575 67622 67848 78200 9552 95598 41516 96428 79788 1266 85987 48962 51504 36058 66962 28199 5828 91877 9218 50947 
1049 19
9900 3703 85078 54415 96767 42964 6246 52415 37155 97751 8378 96474 66147 75843 95406 18847 58459 77276 60680 
52 19
78912 81132 82886 97294 58885 69736 18026 27381 79233 58568 97618 36808 47297 99295 66143 42359 79254 83658 81158 
832 18
86392 29746 98497 76482 42719 89198 3870 4567 54441 4118 53142 17213 12923 1489 44419 85275 75680 29059 
868 19
24532 71352 20414 52243 47902 44131 17941 98580 50525 50252 89428 42156 55200 38056 4267 19436 48775 26508 4022 
3591 19
21848 74472 78294 24699 36412 43479 82769 97822 69047 27866 58816 83310 35134 47889 41652 86139 85637 7495 75978 
5390 20
1629 26973 91957 41659 46059 96555 76674 98409 37734 9937 80485 5053 65140 61675 83944 32506 75021 41223 6763 41258 
783 17
41389 49971 593 99401 50900 32306 89896 63943 68715 92020 99706 2958 18165 14838 67862 55062 42106 
965 19
11146 38092 46573 59425 35736 2703 96799 54433 48933 60949 8982 83181 77830 25266 66258 64067 94083 34815 92841 
5878 19
24235 69799 76678 98054 26382 66952 54676 31596 99054 40835 77185 59590 44649 74694 560 37761 84287 3227 9243 
6500 19
25719 2890 11085 98012 73916 9035 96711 78351 64823 18749 53992 23687 72995 4401 45027 99291 20652 73215 41780 
9829 18
56041 83501 86822 88487 64120 77453 20136 75869 3990 47730 21391 97558 32779 67231 11205 47315 51779 70861 
661 20
48941 87312 32402 83190 46618 77606 50977 25973 15297 26557 49350 31489 55860 41272 44823 15973 86001 9112 5110 66405 
1935 19
50737 16709 55891 38294 92684 18167 33837 78081 21564 4215 8318 11986 30885 96293 48355 51442 28288 81939 8123 
3525 19
60690 22992 53202 39839 33222 88124 26248 28338 90138 4701 9648 72796 5122 89782 54655 97816 80204 11729 99793 
4250 20
64845 79679 25688 12544 98758 95329 8999 4060 8404 20049 59754 25963 22377 71909 95498 89802 66035 6612 89315 16418 
7358 19
8226 41726 81897 46729 65508 65619 36550 63957 45114 59605 34271 81543 47834 46203 30585 67570 34122 51487 88944 
1743 20
65475 29366 24269 20821 94296 50750 23621 23004 11480 12591 89597 50948 87627 76602 9692 68503 34912 12481 80002 24247 
2830 20
73779 43765 27169 2816 85802 50999 24754 93477 11521 52506 81508 66058 69904 17347 2023 22923 62515 74125 3571 65030 
7339 20
77692 95078 53848 47960 18156 43162 2107 32093 28568 37395 32405 56101 29228 27500 5671 29480 72783 78398 50903 99861 
6550 18
94970 97138 10051 35700 31067 49892 65313 11530 97857 7958 93066 63103 12759 33058 80912 57286 57527 16395 
6070 19
94225 27336 33580 63603 28214 68512 4557 87106 66253 38831 84262 32850 96793 2446 61639 88715 32494 42821 58015 
4471 19
83872 17026 6027 56088 81903 45549 36480 25398 65168 14589 68470 55987 23419 8422 84018 25530 21229 71863 22581 
891 19
5752 87948 33768 39858 68095 74930 64491 67375 77788 69921 44791 76477 88916 2533 10855 6322 25101 61413 79752 
820 19
17999 52153 81969 83119 30251 60338 20672 8452 54419 97361 27479 88971 82097 26664 9376 44633 86250 44370 66360 
6644 20
89990 62465 5281 47332 52990 87633 79918 60249 35676 34217 91504 2164 10816 32722 59710 43182 39066 67532 73905 34688 
5361 19
94066 88014 86052 83531 46162 54970 70509 70085 10972 67 83540 57440 82805 44834 16555 59203 62821 58395 32068 
7841 19
53855 51679 13603 47100 18316 24318 59880 91832 29602 29245 38953 73346 48987 34294 17413 32406 72893 40280 92195 
4024 18
85138 7872 61395 25713 67415 62073 56000 97843 74750 47185 88984 40333 56147 96867 71537 67597 74278 70994 
7834 19
58700 63472 42104 34715 35584 43920 54148 15667 5965 51735 7810 60732 28688 19199 49481 66811 17644 46790 8043 
3323 19
23191 11458 24936 51815 71802 63295 20331 19171 67048 56606 4874 10306 90404 4332 45694 7260 17032 44961 18902 
88 19
92257 9925 71517 64710 83567 2478 26920 13921 16584 30039 87879 95943 28074 42841 8235 85299 83687 16004 96717 
8483 18
30428 25305 60238 65811 11983 83333 87806 90267 61336 93036 20365 78664 41421 84643 49378 26049 81361 81033 
2495 20
66336 26985 47549 27764 14896 65060 1722 45994 76494 22049 4707 68844 98988 36009 48434 86643 75157 92082 65423 86359 
1293 19
49380 12508 92757 4620 43142 99408 78813 42084 41054 78693 41459 9257 59502 1773 31695 72489 91699 58475 39261 
4138 18
7028 92204 45568 17444 74424 68663 55497 97831 57207 16048 45495 34073 96595 37046 67693 59332 57000 6958 
3383 17
30985 72027 11404 62133 28849 16736 36904 10833 8105 55303 671 88326 8050 26786 77159 39015 90489 
679 19
8937 76598 98826 5008 10728 38913 39950 5442 1380 85535 63537 90947 91702 38440 56499 66304 28064 42288 93904 
9574 18
93797 32523 58606 78540 47383 62810 5934 2343 10510 30215 23994 15704 46276 99574 97499 58472 59397 28041 
3454 17
61351 98346 52330 32422 4898 19304 7321 31384 65309 65984 65362 84783 19732 34871 9148 65778 68136 
2027 19
59244 2824 65283 46951 75633 61374 34445 82429 66356 81458 4442 78552 10964 16995 7930 42711 25881 34060 30422 
2737 19
1780 35484 13839 78710 64827 77444 89450 43703 40330 46156 3905 80130 33748 31512 9560 3325 25708 87118 78758 
2991 19
38343 80187 71546 18985 82300 90602 69656 35481 465 85266 16259 37044 60312 11897 37961 44075 3424 5604 11800 
5957 19
12683 93648 73285 16118 9519 14059 69655 16538 92937 4178 30236 45400 7362 38263 56863 41798 15857 11601 69754 
5339 18
74857 8649 63380 97317 93773 61805 72427 57668 56296 11166 58639 40789 57166 68007 42866 21895 58878 12125 
5523 17
82572 20012 37009 89131 80571 36834 40020 44354 48363 65454 67081 31078 64293 17531 95018 31675 18711 
6871 20
40071 599 47629 87851 67662 31515 12282 59306 42836 75548 36149 80127 74615 74736 16615 59246 66013 21581 39044 13601 
2044 18
29958 39554 69029 71861 27066 89068 25945 63471 64546 92294 79761 7230 69976 34336 2766 73699 63723 84863 
7312 19
50617 49967 44421 62565 24747 12490 47154 61924 94242 12197 88202 28791 58254 39265 61897 33892 27440 23031 18369 
9447 20
38493 70663 38593 673 76262 410 89681 38320 34612 76725 33653 90735 98621 61857 42871 20351 83518 38150 14339 63821 
6717 20
81339 36096 18367 33661 74352 14982 2492 95454 41992 83653 32544 68371 87993 18904 26392 40088 25539 52310 28162 62589 
8384 20
29310 76168 27699 71023 90223 79781 84313 24067 67329 15212 84933 67804 45614 54344 4986 37923 69826 34713 81966 89482 
8791 17
77912 7524 86695 7772 91907 68515 10195 70762 58323 40812 99958 73654 5851 95022 67079 27407 89708 
7915 20
18992 34481 84370 44172 63578 31875 40240 42153 51671 2984 47089 45680 92930 8085 44050 44434 99973 17288 46346 27513 
4871 20
920 12492 79041 29616 52743 42134 10014 2030 11543 55914 58146 68337 17652 50357 83073 18945 98377 17164 66996 72701 
8157 17
30093 33974 29338 77610 52112 88748 80572 38401 17039 8976 62986 5079 56037 43416 80212 43003 34530 
9925 19
67164 67971 32290 59648 68727 79183 65805 9491 39401 18840 75380 76086 1368 61658 91552 11784 98421 52043 11544 
4386 20
55589 76411 81146 63486 27770 25605 55159 51559 8144 74910 53983 20278 58984 1441 41768 41057 51286 70149 2757 50686 
6516 20
33632 91852 45138 5113 77689 93805 96845 57050 16781 99145 46630 55852 65985 62846 10925 85565 38420 63543 84723 21877 
949 19
85340 66774 85625 99103 51721 70208 16433 81237 96095 35429 22710 46937 27370 44036 8189 75318 86022 34020 83829 
8124 19
24203 92010 91445 60124 17381 43674 16017 73964 63901 96909 47515 64953 77569 20796 74777 9262 42355 69653 93906 
6967 19
71350 51441 45487 87809 13001 96957 87712 11438 44461 65665 27747 28644 94791 61528 33184 520 12804 67227 87661 
7937 20
32944 58431 48614 7517 78805 4329 81827 13847 48712 50105 34861 92731 97092 79984 74379 3015 12807 3518 12068 62239 
9314 19
54327 65037 54400 44861 63971 57195 25485 50171 73912 61394 82974 80693 72816 76742 85817 30048 96133 30524 56072 
349 18
83215 64201 17897 92378 45706 10212 55168 56492 71808 20469 87536 97265 39545 93253 59352 73350 99807 34171 
1397 19
17529 14265 45733 65433 50055 56640 83582 1422 62582 13136 29597 11232 73566 80506 18788 92248 95221 66665 36689 
5360 18
33065 91915 18325 82605 56937 43051 56856 69020 20246 20416 31018 55642 66546 76585 22487 1845 73095 59857 
6509 19
83114 42327 29630 52728 69889 75152 52552 11922 19691 67193 89183 21368 42000 17698 25700 47758 21904 85557 49691 
3692 19
71974 82410 79850 84675 19130 73131 90684 47666 32145 95765 98199 74905 10590 32337 74701 75346 58050 54316 27122 
2536 19
43240 99639 45330 65180 71919 93980 43 4616 56496 53599 18359 25440 71215 71439 48439 49330 26297 33712 20798 
3018 19
57657 40816 42088 65065 3919 97192 41392 77621 25042 96944 83338 35915 80889 95023 52662 48743 69163 48801 66797 
6185 19
43886 10957 64503 26521 88182 94908 13777 85140 80553 39140 75533 1550 81670 50605 47875 53631 4259 92901 49168 
1071 19
32627 95206 63642 6887 6476 40591 16958 95131 95444 51129 54740 72878 71649 69803 58381 18563 37300 93264 15724 
3446 18
8884 35821 76421 91942 70854 46876 94965 54906 18490 65819 82575 28174 66528 9849 21778 17830 98867 48811 
5627 18
49087 54913 67216 14740 65444 29651 66972 18057 38 60018 56550 78104 35778 86439 13947 71406 8967 8864 
9647 19
6639 93830 20992 36874 77077 22523 36307 29392 69201 25354 15121 35547 14951 3723 46419 25514 24037 95318 47109 
8505 19
51950 91543 75626 82264 70781 63958 99498 40259 80284 10869 86182 35399 62215 4848 44883 68405 68816 53693 64527 
165 17
77458 56855 28355 37089 6338 82111 76135 81958 78600 57068 71402 78531 77356 91426 33518 88798 29967 
3097 19
57266 82331 13676 71563 92225 40235 19041 29906 92450 66179 52810 74931 1702 13331 25492 70755 37244 47402 15062 
7330 17
64336 99326 62727 62179 2640 28662 43214 1405 1190 50827 73596 7272 46124 98435 93978 49032 82553 
8530 20
11503 81373 87719 5892 26138 53582 59089 88957 32631 2304 20859 16064 42760 19448 98024 99723 22968 96213 27044 82458 
3597 19
40462 30212 95110 43268 15572 44464 11413 10118 37962 76133 43181 26650 84345 90342 82493 12667 73670 55285 59146 
2501 19
7601 2417 6315 28483 2239 67853 29739 53816 50297 39933 42937 18132 32033 96396 43177 44372 86438 62253 52339 
7307 20
7843 62934 57695 94495 48963 69264 22807 83317 75500 86853 89015 9078 2575 80389 98806 60425 22940 67741 82144 1736 
6247 17
23903 93861 87397 68930 52998 84919 97839 39781 43826 87127 1016 9586 1267 17357 57766 80219 16436 
4950 19
36017 81267 78923 8191 15993 67639 78580 61743 16105 31610 29166 36826 27807 26658 82254 84242 98864 65103 28402 
3761 19
11607 51684 32960 63048 9296 97569 41286 36152 58738 39340 55676 68579 6914 69288 68646 88316 89142 95687 18111 
4074 20
2184 22232 75565 60749 95481 92803 66165 33235 7282 15039 47160 87003 95431 39999 40629 87243 71391 99133 31062 87114 
5352 18
88351 41030 17964 98738 59949 21095 25045 5795 90614 68770 2262 55325 97559 78988 34744 66857 59355 4535 
8728 16
71936 35203 33260 69082 50050 87702 56671 10134 74374 73194 74978 35881 72584 18116 81479 15654 
8707 19
28732 77342 97505 49834 76796 32570 85562 91412 70105 49177 8992 89254 4942 67471 16277 10087 20074 8323 97643 
417 19
1989 6910 94957 53611 54617 35858 275 15324 96586 66048 10368 24763 99685 93582 60189 47041 23860 42052 95889 
8560 18
44503 12852 27886 65929 46007 11594 92475 56022 96557 74682 22729 12855 95309 94812 46441 43453 43385 64118 
4350 20
21419 22032 92255 69962 47931 37207 11799 4891 47900 24984 42829 63922 10101 4595 461 63488 11263 65685 74566 19095 
7833 20
48921 80729 81100 15040 75439 28263 13413 27970 6455 13335 25955 76171 17284 55296 951 77924 65603 82706 28929 96292 
2517 20
45412 2596 68048 20133 88848 33849 57559 44247 39228 85574 24015 47298 3109 95282 52577 66457 84652 85778 30781 74696 
8989 18
38628 85112 4882 50402 77555 82394 9571 51990 88693 67915 7459 81799 43675 36103 90827 36422 79068 71547 
4682 19
69794 40742 84998 72909 4104 64376 37495 40842 77498 7837 86148 78245 78576 11640 29682 27390 20909 48382 81271 
8983 19
4729 60477 95648 46498 75827 35583 3441 96859 57420 26723 12451 41029 340 48673 91117 79176 56183 45432 94589 
8516 20
37749 7934 52966 40117 71570 97292 52095 98294 74223 12477 8108 39338 44249 98274 91035 75237 47954 69865 46251 78660 
6235 20
54675 98310 2510 89751 51514 33564 21213 14188 78483 27975 20599 23126 10813 67868 16201 74048 89434 85956 44347 43368 
8076 19
73181 59277 25039 93417 83795 68468 47319 50704 59457 68443 65777 98798 45019 79032 56415 39164 15395 43041 8170 
5818 18
55359 1281 66216 84011 40475 91785 98400 34960 59170 32589 35342 70993 6644 20394 14283 51908 72617 63941 
9144 19
96621 54637 86011 84552 64712 253 60126 15122 20550 95617 29261 59014 74406 3719 9661 7877 85839 45728 22606 
4828 19
19797 80928 94398 54907 45350 91043 18825 91838 24457 30359 66981 28147 51609 80393 32776 24202 44288 11114 21408 
6805 19
8175 5852 63182 87313 12103 12320 4740 21120 83178 49444 72651 83935 6252 7080 96088 51279 85071 20240 59020 
8855 20
96934 45960 53255 91202 67913 89841 24195 43567 60260 33684 710 83507 2662 28196 20054 52502 77332 38041 43694 24800 
1478 19
29736 81910 56764 95287 31959 59763 21990 29280 16091 11030 70272 40915 94114 99281 44076 3165 94760 88154 16541 
3721 19
48308 29436 88853 15287 80779 31172 69190 13487 5071 30595 57034 96576 62372 54061 51636 3877 38258 58318 39625 
1937 16
69105 10563 22489 91844 74192 44641 49694 2659 75463 87323 20797 54879 50371 23226 38481 92847 
3203 19
34945 68835 4558 20729 67368 83597 96132 93289 68462 43165 3395 51322 66115 86553 7666 54683 93856 44652 65715 
8513 19
27196 78999 80326 9355 8451 70395 57138 76048 63122 58511 80430 23203 73576 92868 18214 90384 88078 31214 23562 
2595 20
68600 24051 74434 65394 6211 14294 53077 47277 7402 43589 89403 20237 37988 99774 85163 21527 32210 58789 56102 4574 
1133 19
89093 48670 67618 35861 41188 21741 20708 87020 41625 20269 4635 80544 50898 23940 6023 84375 24559 22869 28103 
6112 19
21317 87586 57834 95722 96465 1051 40142 54018 78666 6901 47382 13248 31668 61716 27539 86659 95625 93072 71160 
9405 20
2702 37428 59715 47208 4871 17967 10613 35384 78778 8846 46421 3451 4380 96985 71535 85831 10460 94000 64695 73611 
2664 19
52093 54995 84514 69525 70202 65434 57718 47150 73448 47589 80596 57976 96111 31295 73485 91693 60287 30059 39531 
7533 17
22825 50358 12511 37097 32632 52756 46742 54296 52024 95154 70435 43745 69426 43403 61163 87845 45926 
2985 19
25908 81301 84959 23427 60130 85650 61028 31850 94195 84273 34879 95068 43834 60726 96818 73927 33431 51017 18528 
7703 19
11933 95279 63948 44564 32939 68317 54345 89064 94079 64877 32516 79496 79705 43787 96912 38896 50033 83945 25525 
6806 18
50328 31491 45483 38916 93911 64492 63429 91537 31169 30564 62223 77625 61957 25068 45570 95854 55264 99485 
1349 19
28366 22375 94002 45850 11511 19353 74174 82237 75381 17539 56202 42110 32056 50069 8164 86640 63894 44508 75694 
5930 17
91714 52226 46248 13025 80413 38943 27780 40935 24922 61480 71442 88832 86803 83997 60 20363 94342 
6669 20
59832 96915 92111 3242 85781 83505 23109 99363 42918 67049 70627 38592 85615 76938 13095 35314 77258 1918 1889 1901 
4758 18
41803 61417 26076 4552 94218 63986 71749 2686 74497 91216 47525 54287 2051 92408 33654 24709 99010 84347 
6917 19
43550 75900 67208 84537 73016 99971 25242 2783 61452 99121 68529 34156 12496 94815 82089 60215 20728 2097 7959 
1725 18
64105 96309 20639 75688 47773 72812 19198 21222 51028 11418 58216 37583 73196 83499 23399 83255 47814 98779 
7453 18
14205 40331 97225 37916 28857 9978 92744 82402 34858 75202 36997 63903 58689 77099 77578 69493 16120 13229 
144 17
17601 68050 19783 36936 74147 66224 51871 82815 81337 5168 98171 431 82951 44290 22337 90129 48185 
8613 20
50683 34227 28574 89288 51849 93189 54571 34023 9037 40149 90998 1713 69355 91488 128 1234 84969 63359 36244 46159 
6258 19
49500 39742 18166 64880 80381 89297 99517 1626 78186 6905 91261 56382 52036 40405 61990 79538 86338 18399 2681 
9 17
83907 31528 35949 67053 38744 75171 90178 64402 83380 95375 21205 15538 51373 91115 18888 32264 72742 
2394 18
47576 34607 94214 96142 36757 83514 1998 63799 25967 43263 95029 73569 6758 20575 12871 36193 9796 29201 
1965 19
53425 59542 98994 84680 16874 41962 5083 80861 42917 8328 66213 68267 35886 9483 12248 68900 12158 82661 84494 
8924 19
12031 75238 70709 11531 35164 63884 4045 74346 94983 39946 96539 82408 19112 35280 43711 36417 18916 60589 3317 
408 19
94197 31129 34200 2194 25439 65595 69455 54593 13037 95036 16803 62757 79566 69269 42226 45051 47022 79586 70901 
3691 20
9338 66869 74413 41646 79731 2121 25828 10688 74814 6374 31459 27344 43392 20903 27638 72906 65137 97037 11485 14220 
9530 19
78919 59229 30646 46332 27657 65930 70247 94433 71577 72234 84206 5518 83438 3263 71665 3782 91234 8645 18334 
6160 18
42223 6857 58977 95690 77372 37344 92697 91220 97478 74843 61955 93960 49224 2481 45193 36114 15317 49541 
1766 19
53596 67168 24458 81273 52409 79777 72289 74387 61094 77826 69757 50775 13224 75892 6660 93776 75696 12421 554 
2131 18
39127 40821 58267 57250 32293 28303 63610 30118 96149 83882 5323 4950 49793 98680 60033 35568 99241 70660 
4637 19
63609 28299 26142 46712 95262 16353 59528 50684 78679 72198 48895 36055 96659 67409 54237 89342 58115 89102 20123 
5524 20
48189 83834 27795 51040 35460 55998 77257 44437 1160 47806 62685 7213 93740 57821 16670 30022 87711 72562 57790 7378 
9855 18
60258 74200 83257 45533 55738 34698 84226 14014 64392 21342 79077 31629 2999 56073 18568 51479 24583 69233 
5608 19
55890 27604 80523 47547 83487 77152 95222 91541 5011 66487 77270 88551 25460 31736 81161 19034 72801 31023 77010 
1661 20
24511 85544 148 52131 38934 31834 63329 54200 78657 11558 39745 99581 61243 51298 24792 88907 35534 41620 75322 86486 
220 18
80199 58268 37332 69313 53737 15813 42679 16920 19587 51537 813 17440 92984 90127 48577 79410 27476 33342 
2901 18
21422 6452 19814 20707 25691 55482 32616 94766 67673 12040 88634 58807 13741 32970 85111 16397 71126 55760 
7189 19
46994 23384 54477 36245 42935 42169 20099 63674 15573 72117 86771 26964 96170 81636 17151 62019 68642 80296 92857 
5603 20
11639 18771 63919 44483 60253 68814 91467 36033 91287 71466 50688 45866 18846 70731 39712 23256 15974 32625 49701 74338 
7438 19
92491 76815 1137 35463 42865 51686 50938 85581 86426 68645 50115 74677 29776 82920 7093 59314 89848 39760 60101 
4532 19
41083 93917 64100 91673 5467 30403 46561 69266 27178 71134 72658 97706 2569 42493 9004 15673 95218 92946 92526 
2655 20
57456 69053 78284 5767 89725 80016 90550 55319 79903 20397 81355 33581 83632 64957 16138 46808 68865 29910 84924 18033 
8838 19
49997 49823 86787 68940 59702 2151 83446 46113 65952 1276 4993 7292 22781 90146 44964 13303 68477 2611 85036 
5747 19
55061 84961 89643 22476 58762 4922 31431 6244 61271 65590 10681 5477 28043 73983 76982 4551 29847 17337 49244 
6371 20
43838 71975 42036 85169 81901 64705 96124 83832 16378 27141 37767 29277 40283 11657 2155 72420 74896 47290 75638 65974 
3478 15
19603 84384 75878 27194 78047 56797 14397 47361 87497 38160 67220 27823 50353 60296 82528 
4831 20
11270 63014 43605 80494 92101 69389 52585 78637 85669 79371 76124 5625 86158 16025 58898 56014 5375 16062 82923 29648 
4320 19
22018 18150 77437 64836 72292 33109 38599 830 69719 23979 62707 6675 89483 1680 61953 42132 17619 48582 15289 
5030 20
36814 35724 8186 66633 1763 82133 53718 90423 10444 57136 30735 36144 52071 42899 99897 98456 19728 44278 63887 43874 
4217 19
2017 24071 76928 13805 30619 43789 43247 33644 63697 11497 98206 61742 18453 2725 98887 12532 84777 3150 87569 
7672 18
17705 84902 8251 2865 49741 6065 72914 51022 39697 13230 97068 81608 89362 10052 20609 83452 29371 35623 
744 17
44928 82185 85983 64813 89879 89986 94161 98329 49069 26319 58535 15353 1518 87698 31502 25780 46198 
4188 19
55107 24790 78967 4685 65716 74653 48855 61295 3949 9443 98086 9776 42996 94512 53254 61376 78816 40737 49469 
3074 17
26264 82820 72959 88267 81360 32454 92498 28384 45069 88537 21746 24574 40967 63173 61306 61127 75486 
9182 19
58359 90879 44973 30453 93808 70878 31401 74689 85098 37440 70696 53019 95891 83200 90723 69375 22630 52385 58196 
5239 19
96215 93034 98401 60165 84253 40472 78457 72887 31060 60645 77807 77922 77815 48604 85295 32705 84030 84346 99630 
2992 18
60307 95073 10896 11357 3561 72952 16692 23535 83804 5446 25118 13816 60782 64644 89410 43192 88976 93737 
7043 19
46152 88365 33162 71566 75671 81624 98556 72034 53013 27507 39966 43947 24775 55480 48884 15875 25777 61378 9879 
3740 18
77835 63558 58495 96736 46351 16097 27039 89604 66815 58097 54151 40681 68795 37086 28429 70126 74579 70845 
8903 19
41038 78859 97455 2106 57343 23782 18017 25647 68033 15826 34201 36675 85260 72762 57029 99759 89694 32021 27919 
2232 19
74077 65923 49393 31579 38837 45810 64780 83134 48270 1186 5615 47299 94374 37010 95592 69642 62561 25193 67763 
180 20
22770 56086 52970 71005 98128 862 79716 3243 20863 72660 75870 84541 97815 53633 57753 65750 31588 87213 35394 54866 
863 18
11612 10522 8847 24156 44812 31792 15539 28307 68741 12934 86277 41544 82942 94489 38208 3035 10185 99849 
5461 19
21446 52004 37068 78676 98529 75345 75103 14409 50257 13949 88485 70664 81599 92474 367 84923 72238 16859 4625 
9432 19
2249 98418 56335 17858 81542 95835 11634 11793 96975 82880 89583 29522 43546 34357 76675 1915 36104 16250 42127 
7042 19
60582 42074 72464 37687 49221 64879 38712 77640 24343 10231 94727 18110 79123 87349 18938 1911 92896 27467 69648 
3545 18
70207 76042 62319 96911 94688 35466 90854 11624 51188 14653 67367 6648 13834 78285 21320 40498 5685 24607 
2075 18
24782 49072 84055 68423 92693 1448 18433 18122 39879 70852 86288 50393 41424 99139 69430 39111 4859 38228 
3634 19
834 72232 47139 93810 40063 8395 5936 25511 23010 61106 47657 63627 82685 27616 36654 63921 66298 35815 55077 
7734 19
95387 92277 95683 76638 73853 108 42257 25989 59922 16254 60539 23806 12479 47672 90738 41152 70372 96541 10068 
124 19
24621 61355 24050 73992 27245 14060 85089 95809 42217 1761 15639 19998 50535 14797 90452 15396 72008 98554 59965 
8181 17
82963 39996 15098 76450 45999 80560 83126 49564 34337 7259 52171 23141 59532 29408 37489 56597 40430 
6884 20
97366 70198 13177 72003 64709 87651 41755 29022 26225 48467 16546 67445 31097 48638 32556 29364 92029 91414 53623 30908 
8817 19
54267 70421 72002 39905 50969 35673 84141 95401 87239 95781 66047 83851 86849 18599 70114 49267 34634 20107 69450 
7879 17
3539 54832 34911 41427 25317 29222 98159 5805 75816 58465 85636 64094 75967 38339 32371 99770 49575 
2269 20
13151 68373 36013 77141 83406 54550 7341 37632 27432 25367 24443 96431 16400 77337 54049 48995 21349 79711 60244 96225 
5439 19
96330 74913 60442 49521 86206 69698 75089 24440 17824 11942 80092 20181 10570 95183 92296 86027 62001 838 51725 
3026 17
5173 77824 54088 6166 91727 28839 96927 2743 26360 9895 22250 34292 59567 77345 95553 95428 46120 
9873 19
75357 43377 71994 34943 83456 4663 21049 12600 61023 45056 31740 95099 69032 69151 46637 786 13861 26306 96284 
599 19
65840 77874 84613 56373 86730 12746 11155 89722 2772 70241 78333 95277 91700 23800 20019 25834 77534 87674 87928 
1 19
81515 36109 94334 57868 26185 30294 89494 22277 32904 51943 4770 64718 43193 54693 4989 75323 88985 13706 50324 
9221 19
76388 57012 19985 67088 26344 74554 24514 70487 25306 52725 29873 90500 83297 88825 86722 93774 8245 88738 84026 
993 19
37640 5913 15551 93522 98506 73163 73605 65658 98571 82869 96099 1939 76936 61584 62743 3923 2896 81791 83276 
3605 17
8975 83102 13642 45987 61346 66554 94252 90870 23769 87257 72147 31578 25793 27779 83853 98521 42192 
9094 19
57019 63761 28875 17127 68487 90170 35256 86300 53621 55849 15487 13876 96695 36772 4512 46268 75717 89783 62949 
6017 19
47062 81823 80407 27909 76518 24947 46107 23138 908 13927 76080 90235 97607 96869 90217 99079 44017 36596 99549 
957 16
66168 68659 46624 5579 27913 29159 7414 48221 86971 61008 78226 75313 95959 82983 43871 60128 
6698 20
52944 76220 93865 48694 89391 78589 29418 14519 16542 70031 61763 48976 48503 90165 20552 78901 78305 78708 49808 57357 
7401 19
54275 4583 17399 42695 87432 62049 86906 57822 85005 33447 37779 96744 71559 16673 31059 14565 83953 34308 78467 
4252 19
73224 19213 86957 72729 62340 26067 73659 92372 73169 87121 48475 58654 6511 28200 41155 56397 69466 51077 34069 
9431 17
52589 54312 66093 72948 99710 56225 59627 86009 20445 29574 92356 20072 9232 15629 50933 86163 54152 
1453 19
17714 25123 54983 15385 56190 28208 24651 38811 66733 39332 49749 74243 1339 59341 61255 12015 70749 68226 51412 
4042 19
23310 99660 61435 32426 20223 52535 12940 95977 88417 13082 12077 98479 19164 99568 77494 91056 57011 7293 66503 
1962 17
37278 84765 44428 96281 62671 2502 30483 73818 58664 29826 68175 82765 10878 78135 69742 96098 73637 
4418 19
8449 66886 80276 74273 23067 19468 13175 41108 76399 22534 86946 86187 60606 19681 39182 67755 33205 29282 57803 
974 19
81788 50584 36841 18860 95871 8501 18023 29246 52218 90806 59834 5647 34577 44538 75170 50200 59541 81697 52876 
1647 18
18061 23553 2969 76413 17575 39758 83803 3145 91660 87101 10464 81694 3804 77604 32278 76629 15391 428 
486 19
97830 4790 62384 35600 70433 92872 57487 16438 74082 1886 92546 21153 32434 30785 80033 28477 78122 77753 31791 
3622 20
17987 75569 4741 17060 24612 1945 95080 22725 73330 90636 57909 84960 44900 89331 42567 76681 66237 80674 11707 12239 
6590 17
57556 69388 73956 76762 99933 19817 84237 91430 18636 79428 78056 94505 40679 29815 90657 30185 8919 
4713 19
7840 20958 42024 16018 72070 47016 6256 15110 97498 15233 2430 70362 79089 18798 344 86903 55232 20393 76521 
1215 18
11905 72463 66450 93761 76553 72157 32697 74238 4878 38052 92420 51428 38005 31267 67496 78323 3191 87296 
8834 18
27790 26969 32461 94166 47838 28952 15140 20112 24810 57592 17043 29971 73288 27208 66250 80124 69488 47536 
3558 18
94267 92282 61121 34487 70610 82945 73416 11330 39249 34992 36649 30266 55099 98656 96325 7510 23169 22903 
5830 17
60649 78489 12702 23539 13259 72476 72903 38494 66515 78890 24291 6634 69900 66499 72095 48468 88894 
9980 16
65284 18809 67749 65687 93626 7725 26187 62181 54620 13131 29629 75845 64647 71117 678 90109 
5752 17
43691 17600 78501 67987 49030 59570 68601 98243 36865 83835 72565 26997 60909 99666 44716 53650 23046 
4473 19
42415 4317 53865 73746 26005 6122 50259 71325 49167 23389 95684 43064 18569 91984 51623 80782 50710 62394 77021 
5530 19
59366 81846 95967 1436 94165 8809 70492 6221 3036 51062 71384 15173 59019 78721 36305 76723 81028 19170 38569 
7041 20
30200 32666 33019 54500 38182 68331 69738 90387 85202 30254 9305 43836 58558 93202 79212 62595 82351 53930 51591 42009 
6084 18
49700 80020 41715 91466 69840 81346 83085 81884 21830 70603 37595 29120 5947 24662 75328 34816 26978 82735 
6213 19
63457 77424 10865 13393 29136 94635 72552 46054 82724 63817 51875 9811 64840 29045 32725 95472 58212 40932 82901 
7984 19
44930 27980 6981 57104 7690 38861 57279 91557 40900 55615 78896 88120 97991 96995 83098 98660 59248 60574 56008 
465 18
32334 36875 4418 11588 22169 666 54490 30843 39961 82793 1139 5493 43640 48125 57715 27856 31246 43614 
6446 20
26401 15900 97353 66792 68545 68205 46530 53448 69144 69387 36923 35735 27618 83774 98393 35871 99013 78839 10142 58291 
3334 19
70502 52459 66019 8390 3390 74193 78535 78792 25209 1165 72123 87949 95596 9662 86180 28291 67012 49268 18424 
5635 18
71504 86870 58156 54205 94606 61221 25642 60210 72732 32143 57236 21248 13394 85062 37473 76916 50090 23086 
5551 19
82686 16393 42531 49872 40140 25876 2528 46752 53504 96884 2612 12935 42489 29773 99068 69726 35382 61909 30948 
9275 18
10678 65439 5993 84400 46024 73807 20719 44588 52454 74937 24056 81883 34618 55292 96050 68647 27217 96342 
9124 19
32653 44053 62522 92274 20981 15298 21421 68026 43429 94572 12780 12191 92903 40886 79060 15162 60377 72526 17411 
72 18
78903 86298 89314 46450 48253 91093 11162 4881 4102 54942 91784 59615 12452 60433 38635 16099 63639 52737 
7321 18
15661 28805 14449 91030 65472 73703 1842 83185 96724 13290 62345 29943 5179 792 99333 82970 40097 46181 
7039 19
91512 67834 77918 35573 42126 42519 36815 98041 27978 83474 50114 77076 85555 72967 70713 76407 20064 27899 71440 
6976 20
81336 89056 92586 97336 11231 2163 56081 92699 97119 69510 89120 74902 32712 66507 34239 26150 60936 80822 64849 33516 
673 17
73053 58881 17215 46508 72520 50079 96349 29444 44256 93437 59134 42583 92933 20178 4694 74144 65306 
3082 18
47959 69563 79929 67180 22078 69041 66131 20974 45221 18826 38318 34409 29097 34061 15789 87532 47329 99318 
2223 19
69148 89384 86021 12215 53435 4340 21156 43538 13851 60685 24687 62354 76979 9075 84414 88019 33606 69846 16653 
873 20
99080 52468 26751 7037 40448 74897 70023 82000 35992 69268 58891 20673 55579 75970 92375 74841 51555 72629 79035 18274 
8429 19
85646 23975 78313 31461 89881 57694 90302 89449 78878 63330 51622 22533 62183 49799 46195 32858 28795 99216 33232 
3844 19
22443 73669 86247 81936 77980 77212 16535 47994 27198 57808 48097 45800 99259 63905 74506 29882 28254 9553 23640 
5758 20
57339 69117 84864 78482 89031 89409 51923 4348 17656 97151 37853 3436 48164 67954 12602 54204 80 99490 1403 61545 
1590 19
91546 42873 2134 23648 10382 74549 9828 80717 90864 22519 2770 83061 8255 27041 67334 16264 75650 39080 94592 
6588 20
60125 88210 19537 75995 48982 50826 49067 50809 7618 42352 66794 98341 1988 82960 38766 2159 75758 47631 37636 36766 
3806 18
34010 67617 39308 35745 70004 68172 52596 92553 72224 55453 29976 28838 19073 81060 8349 65627 38255 14766 
6681 18
91180 20095 2919 61662 50712 81470 18428 62095 31145 34476 87963 13526 49451 71418 73261 40767 40452 45172 
1674 20
45603 52323 59155 28027 90096 3229 69888 87865 79131 20686 35132 40543 79945 81845 3818 90720 53870 44751 37825 34528 
9805 19
205 54566 53462 25462 3203 77204 55021 34639 60084 63350 85938 64975 69928 20438 82251 30928 57977 23730 30299 
883 17
13416 15897 32016 63654 39197 89808 8546 20801 90284 33199 83012 74562 85694 92585 67718 76270 18590 
8177 17
86465 62193 37076 27778 61129 12332 45970 34772 72882 12082 87722 47292 19949 68303 41349 30779 42461 
2384 18
83871 89392 74373 92352 32593 28226 75040 15032 84077 65527 44035 34763 40514 6258 40138 66377 47168 52570 
1719 18
39707 86303 50773 73115 75912 70136 45363 70370 68171 84316 37716 53247 18281 51267 48799 14994 82680 68106 
6253 19
51545 43682 10342 66108 98355 77863 34810 71436 81202 51490 43797 83025 25956 9713 56995 98882 51496 1822 96307 
541 17
25547 43168 11839 55282 88384 76191 65494 30622 38438 75429 41075 23181 84745 35159 76441 60314 42554 
5621 18
52140 32620 19098 7845 60026 4633 27127 14822 59919 91081 45934 80098 78307 56717 34928 3209 28194 94534 
8005 17
66483 43568 69565 54867 7518 80374 38757 58998 22715 2171 11769 59779 50403 63729 75201 44049 71358 
3215 19
97697 28626 87224 87041 76153 17979 23408 85996 45484 94834 56506 16565 29694 9127 56551 19258 48973 12289 85233 
2252 19
94128 20491 48674 68416 43402 5275 98399 61904 98116 45813 45591 37181 66032 14864 12246 28909 54837 75086 6297 
7197 19
33752 79354 40527 45087 9789 70548 60373 57881 37221 35493 57825 50884 22905 29183 47711 32052 85002 23852 17486 
3360 20
72741 68387 13782 16985 24178 99980 30329 28793 96514 40689 41791 31584 36806 11818 59652 6118 33443 21387 88807 62210 
5171 18
16578 35832 10543 49129 52278 83485 98516 58294 71222 31258 22050 72825 72316 8111 32968 57161 30835 80163 
7839 19
53652 80364 56161 24635 33866 99122 60653 74508 26812 94038 16484 25222 33645 66130 4628 13704 25682 99997 67734 
4271 20
16292 43577 24347 20987 26395 61454 18754 12340 34348 68113 48279 11583 44465 54256 86717 29450 71604 49633 28379 1111 
4374 18
77843 86257 46345 83665 14610 8107 35776 7662 2140 23023 84396 82383 36125 91289 21304 65200 5748 76539 
6115 18
63877 83165 74708 46716 63246 1292 68866 8724 77082 28690 31377 25374 87223 30659 20120 37543 61183 7852 
6427 19
58856 62995 52416 2848 25164 83845 76053 8433 10875 19623 57032 19349 51994 48473 93618 434 27721 29195 74901 
4486 16
18005 32414 2710 98899 32430 92910 85850 84361 15357 62927 89647 7655 32746 64356 66033 3231 
6484 19
73073 64720 22878 37335 6410 39787 66040 91647 53319 70009 3922 50057 26862 5028 86189 87186 30527 2347 65804 
5009 15
68079 64435 72454 15 27183 37596 17739 13338 63181 66666 42843 51575 11343 38097 46546 
2959 18
10966 79181 53266 21030 24428 59342 95288 7950 45449 90280 52491 34390 37926 52099 87495 47127 93502 50771 
5122 20
7667 99830 54389 87510 32377 72187 76317 71373 81507 69000 58057 83777 48392 22551 76588 96714 4808 16964 33543 83349 
9487 18
24335 64606 42850 62805 32525 98040 76083 26750 6038 75819 54543 30970 32950 75389 35812 72923 9282 52169 
9003 17
18537 37382 71443 15894 1445 82413 67647 85613 47211 2814 32274 68965 71981 74445 81834 30053 62590 
6134 19
88845 8314 28511 59575 15130 15983 16441 83989 14464 46847 72197 54442 58272 21341 84770 53746 3 93362 17304 
7602 18
19354 16194 57756 55866 51179 92992 68971 35322 8564 73009 69532 35406 93420 84010 24569 66308 62940 46366 
3774 17
99852 18594 16820 87531 62564 64308 28910 50395 12810 35652 31987 64044 78004 74135 39444 9862 45267 
