533
4074 20
2184 22232 75565 60749 95481 92803 66165 33235 7282 15039 47160 87003 95431 39999 40629 87243 71391 99133 31062 87114 
4871 20
920 12492 79041 29616 52743 42134 10014 2030 11543 55914 58146 68337 17652 50357 83073 18945 98377 17164 66996 72701 
8696 20
35619 45104 44776 86267 17085 89554 3876 87902 38304 24855 77630 82092 78115 2284 82577 94634 66416 42488 5076 65791 
6644 20
89990 62465 5281 47332 52990 87633 79918 60249 35676 34217 91504 2164 10816 32722 59710 43182 39066 67532 73905 34688 
349 20
83215 64201 17897 92378 49971 45706 10212 55168 56492 71808 20469 87536 18167 97265 39545 93253 59352 73350 99807 34171 
6871 20
40071 599 47629 87851 67662 31515 12282 59306 42836 75548 36149 80127 74615 74736 16615 59246 66013 21581 39044 13601 
6193 20
39912 48885 9104 81647 14845 5896 3566 8650 90838 99532 35872 46958 60882 30943 86553 6591 91125 36402 75383 80380 
1807 20
99187 7847 92886 74681 89163 86753 77216 55560 8010 39933 93474 63275 97929 94259 60598 88738 48294 88360 49334 90073 
6698 20
52944 76220 93865 48694 89391 78589 29418 14519 16542 70031 61763 48976 48503 90165 20552 78901 78305 78708 49808 57357 
8530 20
11503 81373 87719 5892 26138 53582 59089 88957 32631 2304 20859 16064 42760 19448 98024 99723 22968 96213 27044 82458 
8005 19
66483 43568 69565 63014 54867 7518 80374 38757 58998 22715 2171 98798 11769 59779 50403 63729 75201 44049 71358 
2610 20
1382 65479 61304 49113 77032 39325 48043 89240 66708 4174 7820 74761 25060 53356 30494 52297 11071 10458 48745 71113 
7358 20
8226 6016 41726 81897 46729 65508 65619 36550 63957 45114 59605 34271 81543 47834 46203 30585 67570 34122 51487 88944 
8384 20
29310 76168 27699 71023 90223 79781 84313 24067 67329 15212 84933 67804 45614 54344 4986 37923 69826 34713 81966 89482 
5724 19
83428 63547 24578 72830 21401 8025 43701 12844 3319 16663 13122 89956 53478 4331 91251 9003 93722 19536 64761 
2943 20
89074 42824 10040 34734 14627 36728 35038 19155 56395 38998 44522 11954 4916 61497 68429 56722 68857 48077 8051 90985 
4758 19
41803 61417 26076 4552 94218 63986 71749 2686 74497 91216 47525 54287 2051 92408 33654 24709 23928 99010 84347 
1349 19
28366 22375 94002 45850 11511 19353 74174 82237 75381 17539 56202 42110 32056 50069 8164 86640 63894 44508 75694 
8591 18
31632 10379 50910 84079 55863 31112 79328 4367 30074 78446 94483 64419 92938 60267 60237 2595 49613 58214 
9447 20
38493 70663 38593 673 76262 410 89681 38320 34612 76725 33653 90735 98621 61857 42871 20351 83518 38150 14339 63821 
9855 20
60258 74200 83257 45533 55738 34698 84226 89198 14014 94033 64392 21342 79077 31629 2999 56073 18568 51479 24583 69233 
1949 20
24096 18968 71256 82966 98832 52845 2883 63589 5658 7767 96757 99572 99686 77607 75188 21318 29512 46254 41367 1416 
3764 20
51167 83190 60792 85103 69583 56429 71135 95518 6181 86064 75741 60695 26712 89748 84960 69806 33508 6290 76664 4642 
8505 19
51950 91543 75626 82264 70781 63958 99498 40259 80284 10869 86182 35399 62215 4848 44883 68405 68816 53693 64527 
8691 20
48126 46058 1012 33992 55052 80049 35565 87419 18437 15480 78477 20152 50247 78715 55714 29434 85175 15371 11153 59290 
3428 20
612 47401 28439 69864 36727 51354 44929 88298 49856 97430 49358 71379 56796 53296 25787 94797 87468 63123 39161 61709 
661 19
48941 87312 32402 46618 77606 50977 25973 15297 26557 49350 31489 55860 41272 44823 15973 86001 9112 5110 66405 
627 19
74570 49106 41993 94802 39432 20137 76493 13907 46427 61874 92874 60226 60962 18989 17668 47618 75802 52170 38799 
7819 20
47416 71839 45905 88097 42215 89224 58796 8183 21414 86747 20549 60221 53006 39170 32704 86604 1367 37514 58040 85469 
4891 18
4167 95816 81515 68083 45691 28857 4718 55497 23737 35489 99788 74078 23732 28267 42432 49811 28246 4689 
6550 19
94970 97138 10051 35700 31067 49892 65313 11530 97857 7958 93066 63103 12759 33058 80912 57286 85050 57527 16395 
486 20
97830 4790 62384 35600 70433 92872 57487 16438 74082 1886 17824 92546 21153 32434 30785 80033 28477 78122 77753 31791 
2044 20
29958 39554 69029 71861 27066 89068 25945 63471 64546 92294 79761 7230 69976 59429 90947 34336 2766 73699 63723 84863 
1201 20
78818 16196 58677 48464 28933 91106 33588 99331 63192 4850 34078 8851 93111 8585 6471 84256 26759 66837 33482 99899 
3406 20
22649 39556 28551 86708 67680 2525 55139 82917 53507 3749 37390 86556 77535 82683 84299 66604 2838 36740 33196 91345 
909 20
89774 1692 42366 87173 17502 23621 33171 27663 24854 75877 65927 51278 94417 31093 87262 3975 8163 92502 53707 68062 
6213 19
63457 77424 10865 13393 29136 94635 72552 46054 82724 63817 51875 9811 64840 29045 32725 95472 58212 40932 82901 
5851 20
8445 79965 3982 23556 21720 87530 56563 30381 12513 17291 95728 45502 85653 3163 21555 35601 99002 21719 50129 16980 
4395 20
66605 93942 77725 91034 9978 90725 91851 84928 93784 48010 82899 80554 14023 68609 78663 12772 94303 69050 97933 19596 
6446 20
26401 15900 97353 66792 68545 68205 46530 53448 69144 69387 36923 35735 27618 83774 98393 35871 99013 78839 10142 58291 
8931 20
44975 73422 46470 5681 56908 78860 19568 95780 30542 85129 9389 68618 14462 48430 99045 14270 73278 51296 64479 79669 
7582 20
37525 88057 33158 82778 1809 91952 74381 20934 48702 16226 47879 71537 84906 57028 62470 21340 29878 47593 69696 77684 
5635 19
71504 43377 86870 58156 54205 94606 61221 25642 60210 72732 32143 57236 21248 13394 85062 37473 76916 50090 23086 
1467 19
36960 79717 48893 14235 68974 77946 76964 18448 19561 13654 95398 49195 37446 97590 57443 58250 87808 57733 27577 
8728 19
71936 35203 33260 69082 65433 50050 87702 32405 56671 10134 74374 73194 74978 35881 72584 47730 18116 81479 15654 
8677 19
59762 61954 69066 98603 36527 63444 84362 95939 27075 87787 86212 5765 75934 11813 57476 65537 70719 55736 54100 
417 20
1989 6910 94957 53611 54617 35858 275 15324 96586 66048 10368 24763 99685 93582 60189 47041 23860 42052 67351 95889 
7201 19
75421 1870 46664 33173 97303 98275 95419 7886 71207 2668 71365 81726 17893 5891 54759 23777 22662 76802 38846 
1356 20
83283 52190 15920 73445 49706 77787 89796 40507 56979 61543 74453 1718 98328 70779 66975 63860 57786 7850 74656 13975 
5348 19
2519 30289 22038 37958 21795 43951 27669 16521 30371 60666 44592 63951 6144 42335 75228 92159 70428 9820 44219 
1401 20
21662 36831 18325 32087 99567 40839 88283 25313 59882 89744 35776 650 63603 33765 10209 4430 85309 63672 77727 41249 
6253 19
51545 43682 10342 66108 98355 77863 34810 71436 81202 51490 43797 83025 25956 9713 56995 98882 51496 1822 96307 
1154 20
76263 89411 4517 21593 94666 38244 68390 82830 33886 87964 22384 93107 44725 33249 28816 45281 78403 13341 36558 10939 
1045 20
17105 25087 20595 95978 77344 63622 90560 21886 41485 54028 20566 44114 43439 87873 56316 91949 29992 39892 38313 49560 
2252 19
94128 20491 48674 68416 43402 5275 98399 61904 98116 45813 45591 37181 66032 14864 12246 28909 54837 75086 6297 
8124 19
24203 92010 91445 60124 17381 43674 16017 73964 63901 96909 47515 64953 77569 20796 74777 9262 42355 69653 93906 
5172 20
51447 57499 4624 78612 70466 52269 6742 17102 52564 57587 40985 22553 863 71104 45727 8430 24432 67828 5955 32583 
6897 19
56907 95402 83304 28038 71074 14860 10856 3932 87937 54263 6564 43423 14925 48793 75602 16476 73295 54084 37550 
4951 20
60464 83976 54317 96872 60946 68640 17168 17051 47056 80866 4648 94786 99435 84586 28703 9077 81802 97325 58531 79988 
9488 19
35734 65239 48457 15888 28230 54925 88831 46060 38918 84273 29148 6478 68383 56445 83841 64962 69093 2066 65138 
4430 19
44228 62452 81339 52219 68883 36836 55012 37464 1557 11400 92534 12679 37523 3216 58755 80658 73238 80369 93730 
6717 19
36096 18367 33661 74352 14982 2492 95454 41992 83653 32544 68371 87993 18904 26392 40088 25539 52310 28162 62589 
9294 18
42080 72711 16973 96726 23597 97076 42870 89243 7009 57516 37909 747 37479 48181 54341 87581 33522 57295 
9269 20
86757 20210 9353 50815 26347 23676 93686 96352 76753 23128 37052 29253 59944 26592 19235 95977 17441 16975 57458 22497 
6976 20
81336 89056 92586 97336 11231 2163 56081 92699 97119 69510 89120 74902 32712 66507 34239 26150 60936 80822 64849 33516 
8252 20
15644 24053 43887 1999 37139 22870 75849 95482 36026 70777 48007 41332 23250 36571 62528 7933 82089 29847 3773 66036 
857 20
59832 39757 38267 13871 60684 80225 81804 38945 25445 90291 93507 21563 59024 14388 81420 44310 96102 2797 2681 62602 
9800 19
29458 21735 37308 62670 39110 72219 83343 72334 97820 62235 42314 23887 27170 4382 16573 84088 65584 29173 87909 
1985 20
21711 53075 17474 61947 55034 21684 79703 44967 75766 36762 12654 85728 46771 50199 52897 15175 71188 21898 72046 77460 
5884 19
53596 67277 60894 12610 52919 97193 47661 37194 61495 56104 35610 66744 3318 15153 2820 20604 44190 13796 95464 
440 20
97381 92904 22116 75875 72845 65068 51407 17196 14865 96386 81887 22669 22051 52863 29751 90229 52208 64025 88277 98786 
5390 20
1629 26973 91957 41659 46059 96555 76674 98409 37734 9937 80485 5053 65140 61675 83944 32506 75021 41223 6763 41258 
2047 19
31450 16869 65400 85450 16253 81296 28650 75276 7932 37522 5708 956 80520 75223 44463 19298 94556 29083 10296 
8989 19
6476 38628 85112 4882 50402 77555 82394 9571 51990 88693 67915 7459 81799 43675 36103 90827 36422 79068 71547 
6754 12
48874 16462 73946 69574 57188 6136 64971 54195 47046 9716 60674 38055 
2590 19
59603 58315 54953 97615 34053 70859 83513 78111 45635 29997 37688 5742 48875 24522 45069 66541 90452 42927 81087 
5023 19
71227 57179 42712 75447 32205 66078 8667 54788 85676 13803 72850 31201 82184 73933 50887 5825 90649 87136 44869 
2394 19
47576 34607 94214 40639 96142 36757 83514 1998 63799 25967 43263 95029 73569 6758 20575 12871 36193 9796 29201 
9847 20
40102 53569 49572 25360 83320 76930 96190 11764 81346 98774 83562 67470 90236 51583 34886 42249 31148 86436 37905 85170 
9418 19
91655 20980 69177 26456 78381 62226 43477 76325 73199 92734 67217 74813 38012 90469 55364 23166 6337 94844 31984 
9829 18
56041 83501 86822 88487 64120 77453 20136 75869 3990 21391 97558 32779 67231 1070 11205 47315 51779 70861 
9701 20
65966 27268 25174 1525 1052 8094 31395 15781 2818 68342 91110 62016 51074 83698 72243 31118 8182 15834 82937 86794 
8617 14
27336 12078 70208 80572 65001 89450 56222 27070 53656 58113 96366 24555 73616 62826 
1410 20
7350 83477 51431 87020 99046 45347 28390 77058 68836 22183 93692 57676 1401 53030 85034 94547 14223 77375 83842 91680 
8181 18
82963 39996 15098 76450 45999 80560 83126 49564 34337 7259 52171 23141 74272 59532 29408 37489 56597 40430 
4813 20
53605 80961 33887 79227 94508 92336 33141 80938 1619 4381 44893 81110 48889 56513 40613 80023 46409 61968 4925 70504 
6588 20
60125 88210 19537 75995 48982 50826 49067 50809 7618 42352 66794 98341 1988 82960 38766 2159 75758 47631 37636 36766 
7833 20
48921 80729 81100 15040 75439 28263 13413 27970 6455 13335 25955 76171 17284 55296 951 77924 65603 82706 28929 96292 
1013 19
78045 91133 74588 9821 91386 48286 41999 79547 97815 66255 11233 94765 89238 70292 23742 7462 42144 9411 94464 
3938 12
83826 75092 43547 68684 20791 92820 70893 38662 16110 59885 37595 12180 
6979 19
89839 41474 32591 40294 57859 71799 71246 93347 41412 21211 30325 25493 15498 8991 43631 3425 18600 22906 76206 
8531 20
36364 65222 18210 51681 98543 47191 81979 29678 64312 76901 52444 87376 36051 95539 179 1931 63130 30210 45256 31881 
8791 18
77912 7524 86695 7772 91907 68515 10195 70762 58323 55805 40812 99958 73654 5851 95022 67079 27407 89708 
2079 20
81842 82091 18985 87837 87813 3333 10174 9323 47464 49627 13037 60294 65350 96654 24382 58472 72866 87657 49369 22275 
3774 18
99852 18594 16820 87531 62564 64308 28910 50395 12810 35652 31987 64044 78004 74135 39444 74696 9862 45267 
5339 19
74857 8649 63380 97317 93773 61805 72427 57668 56296 82022 11166 58639 40789 57166 68007 42866 21895 58878 12125 
1026 20
63978 75733 79389 27446 37031 89779 45896 59147 19806 44846 90014 52055 13929 62831 15746 92045 54588 79802 15279 41952 
2504 15
449 22770 34013 53082 33155 70525 86931 83227 56410 7223 95592 370 67989 48916 24035 
814 20
41032 23036 55991 74620 46466 84848 52641 17022 94732 54707 93376 50581 84488 75362 49076 63855 36942 5977 97902 93737 
2737 18
1780 35484 13839 78710 64827 77444 43703 40330 46156 3905 80130 33748 31512 9560 3325 25708 87118 78758 
7908 19
44321 44520 30794 46472 34104 76460 49429 25304 34323 59497 44876 98041 50020 27706 60343 90029 28502 51800 97239 
5523 19
74547 82572 20012 37009 89131 33580 80571 36834 40020 44354 48363 65454 67081 31078 64293 17531 95018 31675 18711 
8973 20
76599 52515 8089 94822 80592 18526 32010 72550 35726 20203 75414 54002 42555 6258 65888 82094 3804 16911 43139 103 
3038 19
54995 77961 87132 35781 39108 74535 39175 6670 78023 15187 77621 54771 6021 85081 42724 15116 83715 87299 88556 
414 20
58203 57632 134 4391 35170 30257 13209 3857 11876 12491 43849 47195 82540 55000 67594 72431 98692 78367 75477 61099 
6063 20
54575 67622 67848 78200 9552 95598 41516 96428 79788 1266 85987 48962 51504 36058 66962 28199 5828 91877 9218 50947 
733 18
79180 92724 39705 55817 92955 86454 49094 67770 13284 65928 10133 76251 80266 83833 95415 66261 27665 5837 
2373 19
92511 95985 99184 91996 57460 60194 42763 81065 90410 29834 80114 79075 60599 80700 56102 90475 33766 12505 2562 
3708 19
42834 52573 91748 83868 41962 57344 26006 91434 9115 79985 62570 80897 70739 68448 20149 90844 70782 34595 58657 
744 19
44928 82185 85983 64813 89879 89986 94161 98329 49069 26319 58535 15353 1518 27823 87698 31502 25780 46198 48801 
8390 20
70232 32568 42303 48266 60519 49743 87760 1030 90866 56049 52167 83316 17788 27709 65036 18962 9561 93150 90497 44742 
6633 19
3560 97717 48990 66888 63971 78792 28747 27148 23120 50672 7343 13722 4861 71810 12603 38820 91131 46796 69673 
7937 20
32944 58431 48614 7517 78805 4329 81827 13847 48712 50105 34861 92731 97092 79984 74379 3015 12807 3518 12068 62239 
3613 20
37763 43355 30742 55759 4461 14696 64790 44158 68941 4368 28634 91166 77609 26915 25581 27244 19254 31038 63209 21856 
3854 17
2245 69562 6534 36681 23466 80787 84046 23882 76913 94929 20817 92790 32246 28893 28622 27739 34562 
5869 19
84992 54390 59403 96734 45920 37696 18265 72179 47200 78797 75846 45573 38684 77755 7472 81444 85130 30653 58798 
2830 20
73779 43765 27169 2816 85802 50999 24754 93477 11521 52506 81508 66058 69904 17347 2023 22923 62515 74125 3571 65030 
7085 20
1085 28941 59008 74389 18032 22645 90552 18898 69414 49080 29796 63846 177 58960 69555 11216 92421 65478 32294 45590 
4386 20
55589 76411 81146 63486 27770 25605 55159 51559 8144 74910 53983 20278 58984 1441 41768 41057 51286 70149 2757 50686 
5311 18
88308 47594 27 85283 52285 82953 37385 75001 71301 41168 81510 56186 66267 5980 26765 40337 31674 76763 
2664 18
52093 84514 69525 70202 65434 57718 47150 73448 47589 80596 57976 96111 31295 73485 91693 60287 30059 39531 
7339 19
77692 95078 53848 47960 18156 43162 2107 32093 28568 37395 56101 29228 27500 5671 29480 72783 78398 50903 99861 
2287 20
37959 29041 76604 20311 9081 19265 25463 53458 14370 43334 19960 28412 11353 76323 79671 61029 43938 28578 35555 67123 
6189 18
84448 29089 80523 60912 99320 27544 57806 27676 72577 28025 73003 77413 55154 74773 38508 35114 35704 55709 
993 19
37640 5913 15551 93522 98506 73163 73605 65658 98571 82869 96099 1939 76936 61584 62743 3923 2896 81791 83276 
6262 20
93060 77843 70207 36002 73243 89241 98920 95424 65048 26480 31805 94372 31089 90285 15210 67794 69858 27910 79897 46852 
72 19
78903 86298 89314 46450 48253 91093 11162 4881 4102 54942 91784 59615 12452 17698 60433 38635 16099 63639 52737 
5691 20
95249 50772 29553 79199 74690 80721 64446 69411 70937 35215 33677 92145 27275 58108 99953 35029 53533 63007 39093 87170 
9863 17
64221 92596 21622 37999 45952 61288 51019 54906 4296 44175 49458 13687 44851 37145 19321 92764 66438 
3844 20
22443 73669 86247 81936 77980 77212 16535 47994 27198 57808 48097 45800 99259 63905 74506 29882 56014 28254 9553 23640 
5771 18
86501 33122 1209 28069 24242 99914 64988 59863 66534 3612 93974 75809 79899 54432 93188 49265 33987 61655 
8482 20
70288 96977 78597 73754 63112 35307 57165 81431 79819 10884 67501 37324 61594 84574 47033 48488 80066 56376 15793 16809 
7984 19
44930 27980 6981 57104 7690 38861 57279 91557 40900 55615 78896 88120 97991 96995 83098 98660 59248 60574 56008 
2939 18
15294 83578 71221 60020 34818 48044 49061 44832 86735 92297 94255 58811 21792 20079 38351 45175 11719 82135 
8149 10
16863 79950 87508 71560 59349 39297 11281 46288 42728 88199 
2100 19
35894 83379 59515 79502 1945 53743 8045 35427 46250 81719 71192 30916 5865 23256 97726 54872 54967 94917 61905 
4138 18
7028 92204 45568 17444 74424 68663 97831 57207 16048 41421 45495 34073 96595 37046 67693 59332 57000 6958 
2115 19
57393 56546 631 52372 56731 70698 30329 99970 67550 40196 44940 50089 82299 3811 62652 36470 54155 99988 28285 
3211 18
23753 51082 33432 45273 60062 80958 42423 2888 74216 75480 61302 17693 71341 890 21718 8863 93215 87303 
7702 20
44431 44954 69145 29319 42188 22798 10293 23592 68778 77442 95141 8305 84473 89217 57316 45200 81986 9761 5790 129 
4959 19
66854 38669 8115 81043 90498 18060 63591 34997 69932 902 3267 84925 20512 33020 3639 49735 43890 4300 29723 
3074 17
26264 82820 72959 88267 81360 1016 32454 92498 28384 88537 21746 24574 40967 63173 61306 61127 75486 
5171 20
16578 35832 10543 49129 52278 83485 98516 58294 59834 71222 53013 31258 22050 72825 72316 8111 32968 57161 30835 80163 
5604 19
88745 9206 98615 83808 26363 26512 42354 3229 21085 83291 89538 19539 63689 63423 74267 60539 98019 95456 75707 
2991 19
36568 38343 80187 71546 82300 90602 69656 35481 465 85266 16259 37044 60312 11897 37961 44075 3424 5604 11800 
1743 19
65475 29366 24269 20821 94296 50750 23004 11480 12591 89597 50948 87627 76602 9692 68503 34912 12481 80002 24247 
5833 20
36749 92834 53944 32656 79243 18789 20500 87141 95441 474 7966 6727 88336 56234 71847 78707 59226 31143 36829 35847 
811 18
94207 7006 87847 13093 66814 43056 25691 33777 60123 32257 58470 87977 36628 18871 84120 50881 11148 68738 
2137 18
70379 37854 56949 14704 4572 44632 36726 75376 26245 46404 93795 56775 24477 75016 88626 23019 70737 16397 
6416 19
92349 45119 10158 52550 57172 15413 5425 10699 20964 99308 16620 31915 66830 95684 56390 81253 47968 90005 74318 
4381 19
21975 40460 18215 75947 3505 1852 49126 46161 24950 38524 81256 47841 58217 4894 89736 1734 31979 50195 54841 
6727 19
3037 68367 169 46683 20419 27475 71129 89031 33345 9678 62815 33423 99493 35650 9975 53500 751 89985 99419 
9550 20
13768 16900 62462 78565 42609 41342 7589 65218 72705 8236 4066 1235 72989 84170 77601 55522 24547 62549 96624 94058 
1653 16
37098 23427 57035 29400 96842 94978 91818 93600 28095 28629 53375 28621 32573 13447 98634 85842 
1133 19
89093 48670 67618 35861 41188 21741 20708 41625 20269 4635 80544 50898 23940 6023 84375 23045 24559 22869 28103 
3103 20
33283 87541 24362 19581 52451 85661 2609 15670 61016 58485 84817 62969 42284 13378 84707 34091 29529 66861 26361 55734 
4170 17
24690 62164 13380 21707 9654 8546 56800 84045 22287 3723 52006 39584 83717 62841 1918 80354 61321 
4420 19
55033 15948 195 32442 52915 55571 34267 9376 45788 23583 64539 31704 7495 58833 42860 25868 18721 36931 90211 
6688 20
90381 36135 9103 31997 89247 92751 91244 61095 94490 83085 81121 49367 55025 22578 31119 91570 64789 82872 79150 31499 
4250 20
64845 79679 25688 12544 98758 95329 8999 4060 8404 20049 59754 25963 22377 71909 95498 89802 66035 6612 89315 16418 
2942 15
98932 81564 73004 90045 69898 19722 39100 23015 82493 25245 86813 6497 62440 54930 5417 
2075 18
24782 49072 84055 68423 92693 1448 18433 18122 39879 70852 86288 50393 41424 99139 69430 39111 4859 38228 
6185 19
43886 10957 64503 26521 88182 94908 13777 85140 80553 39140 75533 1550 81670 50605 47875 53631 4259 92901 49168 
6115 18
63877 83165 74708 46716 63246 1292 68866 8724 77082 28690 31377 25374 87223 30659 20120 37543 61183 7852 
5917 20
95004 27465 26981 22198 49539 40222 10382 65539 61491 62847 67427 44745 61071 43678 84627 80670 78933 27251 75324 8769 
2325 20
72250 62375 84942 88131 164 356 77998 29651 99729 35649 78626 7115 62261 9016 89195 51699 28641 96724 99825 67783 
1516 20
74133 89052 28928 6026 25096 65931 21851 68551 75545 54631 96431 35392 99725 25771 88346 93938 7187 26779 86602 38377 
5423 19
27803 31739 46430 95207 35455 68353 45970 1409 9815 55156 1773 50200 16272 94963 49455 70050 8351 21946 59012 
6342 18
92024 83420 56610 14438 78035 17891 21926 72245 32670 7859 54197 66637 69395 9810 92418 82294 55491 15146 
2631 20
28844 95646 53154 27196 41551 48846 91910 65968 46628 98470 51443 72913 92325 86463 39248 49839 63405 11334 72613 30747 
7512 20
26310 13473 74 35094 60390 32530 8122 90572 88722 64121 25400 64757 45226 2705 76456 50060 76140 50160 93792 63912 
2235 19
18597 56327 81026 65586 75038 95174 47269 39343 91372 60651 71171 90978 91502 94805 19971 4980 34107 31664 24426 
401 19
76985 17057 76566 56920 13170 58449 2236 54414 4749 45239 13769 26745 61483 75380 48257 37875 88244 86633 20960 
8521 20
64176 83416 49863 86004 86374 5922 3523 9525 52981 14317 66555 55003 92700 98065 53094 45102 75115 6293 94592 72412 
7944 19
26419 85337 37592 59069 30787 41921 51986 77037 18057 44847 46168 83071 94500 75284 8190 58459 33620 89051 48814 
2595 19
68600 24051 74434 65394 6211 14294 53077 47277 7402 43589 89403 20237 37988 99774 85163 21527 32210 58789 4574 
6609 19
80532 62769 26726 22173 78614 73426 64281 69910 20546 84281 76612 40813 15824 8037 44884 34525 91760 17782 6635 
2548 18
32726 86711 57484 28728 32195 13294 33891 47803 86674 45656 74100 75343 94111 84796 4499 79523 27691 52917 
7438 19
92491 76815 1137 35463 42865 51686 50938 85581 86426 68645 50115 74677 29776 82920 7093 59314 89848 39760 60101 
6836 18
43972 7098 2475 46021 73748 76334 9803 34777 16538 60963 11927 8810 13539 44567 63685 47880 20434 39964 
1815 19
39778 46231 11472 77584 53452 93261 73409 66241 96408 32932 11558 62223 72567 19271 20432 52911 7803 36287 72742 
1453 20
17714 25123 54983 15385 56190 28208 24651 38811 66733 39332 49749 74243 1339 59341 61255 12015 70749 68226 51412 22832 
88 20
92257 9925 71517 64710 83567 2478 26920 13921 16584 30039 87879 95943 28074 15842 42841 8235 85299 83687 16004 96717 
2359 15
9508 55889 14067 60259 78319 30503 98686 63497 83803 19053 20678 28632 12451 52615 85810 
6235 20
54675 98310 2510 89751 51514 33564 21213 14188 78483 27975 20599 23126 10813 67868 16201 74048 89434 85956 44347 43368 
3647 20
19488 60015 17388 68843 26260 46038 6182 42891 63484 25825 6503 58458 53261 17450 87904 70903 84733 26457 60536 80277 
3597 19
40462 30212 95110 43268 15572 44464 11413 10118 37962 76133 90138 43181 26650 84345 90342 12667 73670 55285 59146 
9647 18
6639 93830 20992 36874 77077 22523 36307 29392 69201 25354 15121 35547 14951 46419 25514 24037 95318 47109 
3981 14
34633 47001 29189 15513 11556 21890 16378 53195 24824 8408 29157 4900 51948 28564 
3084 20
36070 18740 37683 3579 23219 31962 90207 53538 47755 53992 60630 75162 22654 67364 63057 89271 79261 66140 33349 28830 
7044 19
68706 5434 32077 19378 7181 3822 35737 95244 31924 97215 80696 74382 64793 90484 31676 2768 40101 47887 28427 
6885 13
27088 17732 85859 63259 5015 6488 82690 55405 57256 37539 6480 66579 69466 
220 19
80199 58268 37332 69313 53737 15813 42679 16920 19587 51537 813 17440 92984 90127 48577 79410 27476 33342 18369 
4705 17
37941 9691 19051 51664 92431 71928 26982 33664 24661 95102 66365 29112 15961 28939 58350 46654 27498 
673 18
73053 37068 58881 17215 46508 72520 50079 96349 29444 44256 93437 59134 42583 92933 20178 4694 74144 65306 
8587 19
67325 4685 62910 76951 56007 61696 64378 35465 37892 89433 96446 44756 2274 32612 61852 79082 47251 75555 39498 
5065 18
32542 28614 40458 9950 71471 311 6870 20130 3096 69453 75917 99038 63892 77520 71880 62380 89812 99758 
9432 20
2249 98418 56335 17858 81542 95835 11634 11793 96975 69921 82880 89583 29522 43546 34357 76675 1915 36104 16250 42127 
9291 19
61965 90997 18754 49163 67203 31620 98661 55315 21108 85620 77294 70367 28135 26874 18872 43178 28222 6043 66701 
3991 19
13418 76039 74394 60091 84748 965 19820 53412 20429 90156 47613 18276 14943 89303 14661 49440 63001 46311 59533 
6924 18
71058 321 21608 74778 914 26289 11872 72342 79063 85194 99091 17326 72444 35243 79444 74130 28224 437 
9836 19
15151 78858 64956 79991 32683 72558 92220 84746 85288 54368 65991 46523 10156 37094 34747 49563 32046 63244 93608 
1537 19
83836 48693 12074 77438 74527 42729 97801 10681 61374 87307 33275 37321 69114 17099 72268 54007 2729 6451 86409 
9500 18
78540 51910 25983 37207 99293 96693 21030 36795 1970 76375 85490 59168 32404 12882 28882 4282 36316 97685 
8834 19
27790 26969 32461 94166 47838 28952 15140 20112 94079 24810 57592 17043 29971 73288 27208 66250 80124 69488 47536 
6821 19
34765 13254 40424 1631 64475 6120 40734 65710 47392 99232 74059 38721 85849 36401 82842 95339 30421 2614 93884 
180 18
56086 52970 71005 98128 862 79716 3243 20863 72660 75870 84541 53633 57753 65750 31588 87213 35394 54866 
6427 19
58856 62995 52416 2848 25164 83845 76053 8433 10875 19623 57032 19349 51994 48473 93618 434 27721 29195 74901 
165 18
77458 56855 28355 37089 6338 82111 76135 81958 78600 57068 71402 78531 77356 91426 51720 33518 88798 29967 
1478 19
29736 81910 56764 95287 31959 59763 21990 29280 16091 11030 70272 40915 94114 99281 44076 3165 94760 88154 16541 
4387 20
58918 94306 31932 40894 87709 35950 67898 56953 13442 5374 25562 72096 9395 71236 65472 72884 58327 99666 78543 40262 
690 19
63739 10675 65560 70571 27357 43053 34705 77729 60717 29876 43332 36148 51220 31170 1690 98225 65151 82388 2067 
9002 19
62316 12124 91892 37414 52024 13716 58943 86336 39863 99659 57226 2591 14234 49905 77985 31122 42901 16782 34020 
6602 20
23964 69698 64584 66197 71718 24465 87723 83015 5244 21751 65253 24284 80221 69991 93392 33369 64012 86127 52271 63803 
3483 18
90279 42098 11010 87119 51336 82304 72828 94901 909 87024 94004 30642 18848 91934 88637 38455 69536 1098 
7763 20
19066 68755 12655 21690 5361 64178 4436 95717 18194 14149 22963 24817 24533 16058 95144 13082 95513 70401 21400 72077 
2295 20
92423 86721 39973 53545 42630 72977 57390 77952 94482 65724 32922 98602 99188 98839 22146 58739 17887 70899 7720 12395 
5044 19
75461 95696 35396 68627 52869 31816 46512 81268 25684 43088 27376 54043 61145 25110 91104 22530 31022 19821 14489 
5144 19
55890 51038 96887 85210 71437 91029 2638 68443 52029 80963 90561 14150 52513 95109 22084 17980 83712 64317 14562 
4252 18
73224 19213 86957 72729 62340 26067 73659 92372 73169 87121 48475 58654 6511 28200 41155 56397 51077 34069 
7841 19
53855 51679 13603 47100 18316 24318 59880 91832 29602 29245 38953 73346 48987 34294 17413 32406 72893 40280 92195 
2575 19
78058 41355 40924 81276 55042 76927 40481 94059 33192 80547 44689 21892 55496 72994 20891 81697 40774 29889 10225 
3459 20
33307 1678 87515 77920 8575 57400 24874 17120 22522 25755 87562 75515 71217 55157 65964 10876 12206 53358 28136 97886 
9751 19
30671 83119 97787 77396 94983 88494 86798 40731 68269 36902 6374 78043 81153 15698 12414 92385 68977 67431 16176 
383 14
4838 88866 94394 94186 69734 91316 32051 92070 23838 928 82241 20909 67988 4887 
4717 17
56201 65413 2654 29078 51880 86264 68665 67252 43891 61195 61563 81351 28190 26828 49956 12998 79767 
5551 20
2017 82686 16393 42531 49872 40140 25876 2528 46752 53504 96884 2612 12935 42489 29773 99068 69726 35382 61909 30948 
7644 16
43396 26476 71355 59212 89347 97054 43063 62560 11830 14944 22370 79845 7510 86800 51970 14114 
124 19
24621 61355 24050 73992 27245 14060 85089 95809 42217 1761 15639 22781 19998 50535 14797 15396 72008 98554 59965 
9795 18
82816 40005 63213 20885 76529 6194 21612 27957 51869 21198 17117 43506 91990 41804 76716 34002 47305 65418 
2657 19
12476 24266 47663 66936 60851 70935 67057 20372 29608 68893 46433 83921 86839 36709 69036 14268 32792 86153 42175 
3591 19
21848 74472 78294 24699 36412 43479 82769 97822 69047 27866 58816 83310 35134 47889 41652 86139 85637 75978 31468 
1397 18
17529 14265 45733 50055 56640 83582 1422 62582 13136 29597 11232 73566 80506 18788 92248 95221 66665 36689 
1241 18
29536 35438 7283 31753 25953 22364 6017 67054 32832 86125 58465 64170 38480 99029 90313 34500 47856 33262 
3215 19
97697 28626 87224 87041 76153 17979 23408 85996 45484 94834 56506 16565 29694 9127 56551 19258 48973 12289 85233 
8835 20
76158 8070 83721 12648 9253 84070 33287 47244 69076 76591 67311 54458 50253 5706 69865 68308 59594 58209 32555 15596 
9985 18
5474 18118 352 81477 35989 4521 95315 81469 46976 43277 39791 57997 13262 94829 27065 44342 31641 71651 
2608 19
17701 94767 70583 49034 37863 80164 11918 79658 63594 86940 54742 36745 34119 56123 36770 99212 54180 46504 54120 
9951 20
30746 79279 99083 23612 51430 44718 29724 93979 49895 98805 30497 64155 77165 50703 15113 59129 75166 50730 6896 83863 
198 11
36870 79943 11316 19029 46140 9872 42091 40934 37953 64023 38878 
4957 18
55570 70121 61827 48102 55753 56295 41314 72551 55524 43873 14449 5946 83786 29450 5811 90206 62118 68061 
4637 19
63609 28299 26142 46712 95262 16353 59528 50684 78679 72198 48895 36055 96659 67409 54237 89342 58115 89102 20123 
9821 20
53120 63208 39547 63571 59651 91297 32324 21714 93674 39084 58818 47720 56717 81806 78544 13743 77756 98068 95071 50004 
7533 18
22825 20309 49380 50358 12511 37097 32632 52756 46742 54296 95154 70435 43745 69426 43403 61163 87845 45926 
6805 19
8175 5852 63182 87313 12103 12320 4740 21120 83178 49444 72651 83935 6252 7080 96088 51279 85071 20240 59020 
2004 19
54809 83519 15913 85088 39549 46185 40756 56985 4856 69728 43945 55372 17201 50973 67926 40864 95003 81855 28476 
5269 18
27223 38405 26048 5257 7929 39365 86823 9236 50139 55893 61193 66959 41417 32970 34903 79595 84148 63780 
4550 18
61058 59736 40124 99066 36315 47679 63824 81175 24733 20036 72087 24544 8255 91085 92481 48410 1788 75654 
5239 19
96215 93034 98401 60165 84253 40472 78457 72887 31060 60645 77807 77922 77815 48604 85295 32705 84030 84346 99630 
4783 19
14171 75865 12375 87516 90693 73406 48095 87037 89381 78493 32084 81603 95122 33280 19331 94687 34503 66461 51402 
2006 13
94498 96323 16873 36998 3964 20664 88446 79411 27157 42790 96719 75657 42447 
2021 19
1843 27794 71286 50373 37252 78156 81421 71534 35269 23418 32198 37960 74288 59167 51017 34561 78468 12950 64069 
5345 19
860 89116 97852 15602 94530 98257 32964 24450 62392 72349 11138 17624 31374 36536 95436 90912 13629 30131 56301 
1752 19
34219 14251 226 97137 83265 63175 3970 30714 50923 66285 6294 67044 88425 14089 78980 40002 3907 56345 70743 
8912 17
36219 5735 53735 31202 11771 61440 51355 23631 24608 74752 48048 37555 69852 33840 67082 76800 51469 
2565 14
67723 13699 60170 1357 31243 98444 90677 53394 60023 92265 98761 1581 45078 77450 
9574 17
93797 32523 58606 47383 62810 5934 2343 10510 30215 23994 15704 46276 99574 65428 97499 59397 28041 
1427 11
16915 98986 40047 8827 56741 82504 7576 36020 86916 75006 87619 
1420 17
76512 26410 18028 72371 28783 88102 74425 89894 11526 24206 24401 46426 80524 39276 82035 1597 84686 
1963 19
41579 22925 47421 21730 53039 77314 41118 27447 85379 41602 65636 60410 41207 70641 6107 95370 61203 33341 36653 
1359 19
84048 68374 3128 92632 61514 43706 92916 1296 38457 23124 80642 16416 79517 57453 18195 18984 17115 15919 76659 
5761 18
90886 19707 82127 82537 22202 13204 17367 70757 59747 7101 77951 58793 51586 90546 9465 83633 58848 84117 
5532 15
77124 9624 75618 36759 45150 76154 64219 20449 84803 81458 4594 70554 56444 8841 99553 
226 20
35050 32160 23681 39376 50448 47086 90399 5523 3695 3913 77675 81207 45513 42972 7484 31614 41896 83398 1954 20514 
3993 14
47019 56292 58199 92861 21837 89549 63237 57768 4313 22861 60365 50285 90129 43520 
4316 19
13342 77513 87587 71294 78639 27151 14926 35146 5208 69061 37870 24007 33788 99961 59990 26179 66447 4950 18902 
4713 20
7840 20958 42024 16018 72070 4500 47016 6256 15110 97498 15233 2430 70362 79089 18798 344 86903 55232 20393 76521 
2708 18
82422 64931 43114 96552 14008 14779 96343 58419 73774 34517 28024 74184 39506 42940 56282 83932 37677 75651 
2126 19
91307 15433 24695 2994 83515 37437 39045 39158 5152 33272 46775 80042 18221 79908 75921 92653 6266 16653 14772 
5818 19
55359 1281 66216 84011 40475 91785 98400 34960 59170 32589 35342 70993 6644 20394 14283 10087 51908 72617 63941 
177 18
56212 95196 74013 35086 79625 32108 58466 68856 24856 38787 859 58838 63728 41033 86060 56541 45612 722 
7218 18
75619 53763 17868 42873 41014 91340 46565 67526 9385 10604 19101 45458 68180 21624 7404 49821 58235 88476 
7042 19
60582 42074 72464 37687 49221 64879 38712 77640 24343 10231 94727 18110 79123 87349 18938 1911 92896 27467 69648 
7843 18
20265 17796 13585 31208 40070 5667 9698 99266 45791 15016 75591 40884 44404 31352 74467 42817 77573 9526 
5915 20
60564 55004 12146 96978 3330 28758 59037 89067 91768 77948 55842 79501 54526 87786 76915 92867 70989 25351 39663 30505 
4750 19
54443 58125 83605 96351 27589 65542 37091 59189 38488 12153 20032 37214 36626 68822 89323 5762 88763 42356 71773 
2380 11
11146 42369 29106 12664 65802 90457 11550 83028 6118 96137 75099 
7839 19
53652 80364 56161 24635 33866 99122 60653 74508 26812 94038 16484 25222 33645 66130 4628 13704 25682 99997 67734 
7709 17
99195 24499 69407 9816 71892 58854 78733 23021 56021 67654 91415 53259 88615 70512 80735 37972 17174 
3454 18
61351 98346 52330 32422 4898 19304 7321 31384 65309 65984 65362 84783 19732 34871 9148 65778 55062 68136 
6134 20
88845 8314 20223 28511 59575 15130 15983 16441 83989 14464 46847 72197 54442 58272 21341 84770 53746 3 93362 17304 
4374 17
86257 46345 83665 14610 8107 7662 2140 23023 84396 82383 36125 32556 91289 21304 65200 5748 76539 
1023 15
9084 51587 94739 10828 85591 97098 27354 97587 89160 61112 55186 83452 99039 43370 30515 
8279 10
63029 73237 11213 96414 32039 43322 79437 63624 82502 24737 
906 11
60103 51287 44052 11604 24241 36627 87150 2770 75208 73612 46263 
9775 14
77110 63160 77427 96993 79094 61448 40064 58834 4152 7553 65172 75873 51106 10071 
852 19
85515 5871 33037 78418 44029 50386 25458 39399 16154 22734 54763 32348 611 99912 92179 5739 51262 7622 7225 
4596 20
37485 76356 44224 20541 8260 47181 67067 54534 53736 94460 52039 33631 30901 33594 39582 48456 94343 43980 43957 92323 
9092 14
27133 70866 56179 39395 52279 14736 59636 33002 43902 83350 4727 61446 50047 14305 
7915 20
18992 34481 84370 44172 63578 31875 40240 42153 51671 2984 47089 45680 92930 8085 44050 44434 99973 17288 46346 27513 
9360 19
24107 21817 50690 10309 87026 56144 78325 80313 5046 30705 90434 65510 73221 34983 82589 8808 53414 61639 79495 
8758 17
13373 66675 45583 57507 17985 77120 18403 74958 51760 95727 5445 88026 60299 49244 24925 68057 36492 
2798 18
62930 13972 5547 55073 74714 25320 24639 58337 28463 39151 96876 7485 46101 79291 3363 51701 2298 36023 
3605 18
8975 83102 13642 45987 61346 66554 94252 90870 23769 87257 72147 31578 25793 27779 4942 83853 98521 42192 
1504 19
89495 53279 27272 73289 60114 6788 33029 48312 55493 5201 87612 81801 76629 36228 10783 25159 95023 12996 39026 
5697 19
46481 70873 31031 87577 60488 1121 55750 95299 20694 22237 66684 80194 87279 71978 24566 85458 15736 64853 27942 
1674 19
45603 52323 59155 28027 90096 69888 87865 79131 20686 35132 40543 79945 81845 3818 90720 53870 44751 37825 34528 
3761 19
11607 51684 32960 63048 9296 97569 41286 36152 58738 39340 55676 68579 6914 69288 68646 88316 89142 95687 18111 
8896 18
57153 96932 9647 31074 20100 69415 38522 97426 32486 95375 82346 80737 45229 64989 76707 48716 83277 96574 
3135 20
31679 50172 32099 25132 35450 25826 91685 40743 20169 47306 85225 88937 61172 17376 90071 11580 69457 46807 29980 6834 
5758 19
57339 69117 84864 78482 89409 51923 4348 17656 97151 37853 3436 48164 67954 12602 54204 80 99490 1403 61545 
2131 18
39127 40821 96117 58267 57250 32293 28303 63610 30118 96149 83882 5323 49793 98680 60033 35568 99241 70660 
7424 17
80275 96478 99679 21074 79582 32507 99761 32975 35913 93336 68365 40705 37115 66877 58581 31399 87547 
820 17
17999 52153 81969 30251 60338 20672 8452 54419 97361 27479 88971 82097 26664 44633 86250 44370 66360 
9625 12
80192 42253 90557 98953 66867 21114 26530 65021 1025 27580 20165 88406 
2415 15
17257 74055 95638 94287 27490 83554 4557 80257 17962 42484 53402 36089 45738 86608 46548 
6418 18
14997 77682 22844 79744 82879 91998 96150 57577 75744 3708 39035 4176 71901 55251 7124 81382 99717 55802 
3525 18
60690 22992 53202 39839 33222 88124 26248 28338 4701 9648 72796 5122 89782 54655 97816 80204 11729 99793 
111 13
70445 38153 55457 20320 15253 61427 1559 40466 79430 45472 8792 78382 97759 
9190 20
96357 1958 45448 64270 18878 19799 36270 50787 26855 69650 73766 50452 36196 52626 81730 85464 6343 82163 37077 30253 
4473 19
42415 4317 53865 73746 26005 6122 81713 50259 71325 49167 23389 43064 18569 91984 51623 80782 50710 62394 77021 
9204 16
63140 30909 97721 54110 41533 14911 60050 82570 77844 21536 27638 23565 94816 1827 15641 59900 
1661 19
24511 85544 148 52131 38934 31834 63329 54200 78657 39745 99581 61243 51298 24792 88907 35534 41620 75322 86486 
2052 20
13676 51552 9028 23868 35474 24808 47943 81526 9021 17373 19915 67938 79375 67046 51723 41650 90795 23671 4242 3675 
2269 19
13151 68373 36013 77141 83406 54550 7341 37632 27432 25367 24443 16400 77337 54049 48995 21349 79711 60244 96225 
7791 18
23942 27113 54133 35109 83007 41427 75810 87331 49959 81321 87958 48237 26638 84014 32187 91641 81874 93181 
3768 19
79282 91960 33847 43732 97372 48366 98927 59399 55403 60994 46748 43230 459 14432 57134 63934 15408 66500 7072 
6620 20
78397 34407 82787 68616 28426 58252 67639 11610 57799 88319 73468 9849 20893 43459 30693 36538 46322 62730 74278 22378 
1525 19
27961 60421 53366 68314 24060 42323 16791 93090 88997 91112 59789 73558 22667 9352 62072 84745 94367 95293 9687 
4556 17
32157 40510 57800 36222 87866 43049 15115 45034 972 64985 74165 54089 33926 76785 91644 64604 56560 
4278 15
99700 1017 60842 89993 71948 25418 25988 86558 71572 67135 84134 4872 20348 54399 95136 
9694 19
39193 13030 727 42564 87914 43383 87868 7128 97485 37977 88832 82890 21515 84433 80977 30232 35226 87803 23054 
3169 19
81404 68833 21488 88523 47381 91815 27517 50325 39686 21040 45464 14258 55535 32833 61712 27591 28600 83548 97013 
6997 15
89931 98688 5905 19589 40161 29304 15745 17992 87668 28159 789 87233 72751 15852 66150 
868 19
24532 71352 20414 52243 47902 44131 17941 98580 50525 50252 89428 42156 55200 38056 4267 19436 48775 26508 4022 
2297 16
32352 98491 19238 67018 61759 74118 54343 20451 72402 48161 5511 6718 42504 70960 26037 34902 
6929 10
37857 1246 41736 74880 48522 51237 91054 27730 33361 59689 
3742 19
22010 98741 34927 57230 19787 93305 38617 40542 24138 39609 38515 12235 70768 90056 27890 10046 45008 53473 43408 
8784 15
5372 50502 51993 10223 30512 37047 82046 87260 67980 75460 33089 9527 65022 25601 92449 
9060 19
17460 91847 85768 78524 75184 15588 58438 32288 49125 82115 73534 30539 2832 39421 51498 28418 47744 3631 21954 
3082 19
95073 47959 69563 79929 67180 22078 69041 66131 20974 45221 18826 38318 34409 29097 34061 15789 87532 47329 99318 
415 20
35379 51182 35870 89686 4159 81386 54775 23893 38207 51525 14555 31832 27588 20048 32142 48942 61405 5888 33165 16613 
5849 19
1608 97553 99523 2889 49834 44926 19152 79817 15196 89578 13806 75944 11766 80951 45652 45671 15950 45274 80858 
8177 16
86465 62193 37076 27778 61129 12332 34772 72882 12082 87722 47292 19949 68303 41349 30779 42461 
3134 18
34939 78031 35068 85767 57795 66699 51206 85527 76660 34373 24736 76719 79014 48041 56152 49408 57609 96407 
873 20
99080 52468 26751 7037 40448 74897 70023 82000 35992 69268 58891 20673 55579 75970 92375 74841 51555 72629 79035 18274 
1911 19
32764 78979 44359 31259 51734 37169 24368 67841 49484 86319 31051 13741 31521 56231 78756 53101 48403 61157 3875 
7338 18
53832 84415 84645 35371 4659 37339 41679 32836 22529 44353 12927 60799 26694 67426 44533 42876 33146 20506 
1873 12
92516 81407 29783 83314 14302 21409 91002 34416 83188 75354 89584 87217 
832 18
86392 29746 98497 26078 76482 42719 3870 4567 54441 4118 53142 17213 12923 1489 44419 85275 75680 29059 
1668 17
80410 9362 36335 24030 55783 58743 67446 45921 46296 40392 71723 97548 21420 77215 17657 54122 77181 
4532 19
41083 93917 64100 91673 5467 30403 46561 69266 27178 71134 72658 97706 2569 42493 9004 15673 95218 92946 92526 
9396 18
54637 69794 6383 52455 73014 30473 33372 29758 64352 20884 78077 73282 39624 58484 50439 17547 14030 88981 
3622 18
17987 75569 4741 17060 24612 95080 22725 73330 90636 57909 44900 89331 42567 76681 66237 80674 11707 12239 
1182 17
23301 95944 52519 28375 32570 48025 75054 15796 18469 36608 70603 41677 64053 16030 61254 29198 39364 
7416 19
7481 15806 49827 98612 651 8933 39798 30947 35747 88622 29535 26074 89393 54922 60220 64444 98283 22780 65077 
7782 20
25794 34599 831 81436 11179 20925 64187 49464 22326 89022 35762 55517 99438 54891 63147 58632 31891 17596 16366 85627 
2751 19
77763 69810 78785 64018 8216 89382 75564 41195 47387 30553 57073 8193 14078 14360 17685 68699 8336 23706 25176 
2429 20
19201 68148 80317 14201 49180 50104 11679 66504 8951 57579 14625 87863 37185 11092 16390 65499 2292 14546 85520 79520 
92 8
87154 33545 9131 37274 57354 42710 23932 76538 
5873 19
51111 42960 71845 52916 49162 80581 64148 25664 54746 72106 31494 34432 30683 68214 76811 97334 11228 45383 26816 
517 17
41481 46862 90605 89982 74245 54503 30055 79584 47947 21012 45419 73642 54076 57333 3476 49599 74050 
200 18
89919 26167 90809 66573 4363 31708 30350 97659 15101 57090 78464 64627 95173 29706 31027 26181 60053 51575 
8297 17
30491 48359 80368 72104 80513 91344 92390 26991 43510 35806 63247 34832 15300 72694 62555 44458 215 
6395 18
45325 88850 15072 61064 90832 20534 92935 3880 43850 57726 32534 34245 56349 66375 70094 38695 73239 68752 
1803 20
11354 55820 66257 6187 40407 20220 4746 88812 30171 99296 99959 65450 15430 29714 49557 60834 74092 90642 4666 39287 
2250 12
38008 10297 87671 68845 46943 19243 52198 54812 3417 3737 95542 70257 
7734 18
95387 92277 95683 76638 73853 108 42257 25989 59922 16254 23806 12479 47672 90738 41152 70372 96541 10068 
6423 18
6832 18339 40246 95350 95909 60935 7116 51462 64766 77451 59936 10228 83681 23991 28524 9657 92164 29438 
6956 19
23222 12022 24652 51299 69003 51266 91610 39583 9618 35034 46911 65207 17917 41029 4121 51478 53783 44889 95428 
891 18
5752 87948 33768 39858 68095 74930 64491 67375 77788 44791 76477 88916 2533 10855 6322 25101 61413 79752 
6258 19
49500 39742 18166 64880 80381 89297 99517 1626 78186 6905 91261 56382 52036 4743 40405 61990 79538 86338 18399 
1634 14
75776 5282 2981 36241 69902 34392 18305 15323 87092 24468 48779 774 57740 42058 
1161 11
41509 24904 17614 57095 31630 50715 45754 83258 35684 47289 6615 
2274 18
13812 95580 21433 5724 14237 69748 706 81383 51872 20424 31581 5336 83970 50802 71022 95634 89548 68863 
683 19
65377 60442 54715 60715 154 62794 98625 42069 96692 3386 12114 53838 2189 88048 22835 79372 13587 68152 42734 
5009 17
41038 68079 64435 72454 16985 15 27183 37596 80430 17739 13338 63181 66666 42843 11343 38097 46546 
9772 15
45682 10161 77264 41179 10639 18994 71956 39849 1331 12919 34725 70656 95372 90925 63725 
9256 16
13808 98387 43914 57288 88744 79478 96774 98322 50451 90801 12588 53175 8683 28721 90733 48002 
5030 20
36814 35724 8186 66633 1763 82133 53718 90423 10444 57136 30735 36144 52071 42899 99897 98456 19728 44278 63887 43874 
7327 15
97546 91198 10089 2444 66385 50738 80916 62968 5377 72011 85856 7209 89861 69788 23059 
5580 17
59124 56641 48851 40436 87843 70417 51678 17189 80063 46759 17645 94222 44945 56542 34412 91608 74674 
4449 19
98500 83404 77964 94003 46057 99456 78847 97606 71679 68749 65525 74759 25783 78519 37354 58512 46169 36067 19175 
3545 19
52409 76042 62319 96911 94688 35466 90854 11624 51188 14653 67367 6648 13834 78285 21320 40498 5685 24607 25525 
8415 18
49937 64311 95206 35542 22281 12713 60657 84351 58378 91987 49044 33500 69499 75736 39777 30125 99057 76527 
5360 17
33065 91915 82605 56937 43051 56856 69020 20246 20416 31018 55642 66546 76585 22487 1845 73095 59857 
2901 14
21422 6452 19814 20707 55482 32616 94766 67673 12040 88634 58807 85111 71126 55760 
4988 18
16906 38009 49700 51197 11200 28523 11922 5799 61986 30035 29791 50618 35058 20568 93955 64253 65045 65671 
6500 18
25719 2890 11085 98012 73916 9035 96711 78351 64823 18749 23687 72995 4401 45027 99291 20652 73215 41780 
7088 19
94375 8412 27637 75544 27839 21222 24928 67545 57061 8631 29514 10166 58188 85703 4075 97301 45307 42986 23859 
3554 17
48778 80035 27403 65033 56799 51857 36893 46872 54720 8696 32272 10731 43252 24023 90655 75586 3002 
1659 13
6279 53843 75181 66551 60276 19804 50300 56181 17025 42808 55938 76475 43695 
7623 11
66413 62283 60148 96216 79222 17748 16115 35692 29517 88658 44311 
6367 19
8507 89772 95063 18716 68008 74113 41361 7512 51554 12701 4513 55679 51998 59315 55688 4138 46085 85339 53725 
1364 20
46785 61473 9703 53457 22118 67215 6637 5480 50191 16602 35016 83629 13278 36175 7442 78179 43337 18075 95115 31631 
9553 19
86467 60561 22616 44997 10375 33033 42722 21529 87340 15090 73449 95899 66104 84565 78814 64309 81772 45017 323 
9873 19
75357 71994 34943 83456 4663 21049 31850 12600 61023 45056 31740 95099 69032 69151 46637 786 13861 26306 96284 
8642 19
57282 55907 35326 73628 24376 84091 94145 6597 13987 87733 74503 26421 79253 62339 18130 51920 48531 19957 99333 
9070 19
1833 95623 26864 50741 79699 34749 28391 18933 48849 41616 95459 18941 78692 78830 22344 46400 78622 12507 12301 
8067 19
20698 92659 97532 72144 68698 9790 13124 39993 98705 85351 42769 34293 86444 70016 41371 7533 48325 82328 43454 
6915 11
65488 39955 36036 74797 94434 5398 42644 29988 85197 71522 85422 
7305 11
23444 89141 17735 27769 569 31000 71052 41276 95997 16103 80227 
4914 10
156 72650 51134 26633 98086 53581 16410 65108 89836 64661 
4631 16
80045 80217 9577 49982 43970 98260 49649 66446 52408 56132 40434 85608 74390 6866 489 63708 
1972 19
1204 59595 65662 65305 29462 74387 11627 78442 79347 81506 8613 78954 47295 23587 74510 32969 33606 32437 70806 
628 18
57364 42971 45245 46097 44501 58733 71262 76976 33164 78452 16679 64407 80800 89868 45334 19376 87939 61628 
6468 19
33024 70998 45359 52653 12308 38772 39842 6743 5418 29476 93445 60710 84678 2730 43956 3664 15038 81275 68680 
7452 13
33899 75969 55173 94579 68860 70818 17398 70801 44527 28031 38193 87337 73154 
4275 18
46631 60857 63686 80892 86342 47970 99148 21220 71821 2809 4338 32042 39744 95189 86091 93416 98905 92110 
8139 16
57494 67726 30109 54522 68501 56432 99605 12427 8074 69867 93749 87734 10964 4255 15831 35907 
5673 17
81990 22496 91309 89370 7076 88499 31897 30761 14906 82515 61293 22702 15124 67506 40491 13898 68993 
5530 19
59366 81846 95967 1436 94165 8809 70492 6221 3036 51062 71384 15173 59019 78721 36305 76723 81028 19170 38569 
9017 12
91709 14022 5712 19329 60058 26768 60619 43329 91072 42812 65630 95557 
1812 18
90159 89310 81393 52135 40192 89741 97811 38890 66766 85113 78702 53322 87752 87679 26813 54479 78892 52496 
470 19
58852 34110 50532 75916 83487 71140 61793 85789 84614 84978 34263 30681 84652 60568 54586 72655 42465 65050 72346 
399 12
5704 5660 36203 59660 55849 58319 86560 72616 44405 92949 16700 83483 
5020 11
72364 56306 61717 28296 24078 84053 23908 97385 34753 70976 11335 
8328 14
86907 3549 46690 17414 8882 9753 74458 76330 45149 70422 22131 63526 42852 45518 
4115 19
91321 47783 66180 98971 11716 22834 19599 94426 86692 48115 66275 82387 27078 15517 28638 62891 44083 36733 14761 
4489 19
23886 82217 81937 44459 12329 50872 1942 71731 81461 73178 90061 18920 41938 89327 29226 64161 2601 47723 61865 
1492 19
19638 70166 85652 65481 84349 65626 56758 43939 38993 75541 13563 52358 89478 30988 92549 77029 32637 42748 71838 
2754 17
98693 4700 71756 52108 65435 63882 64367 86571 60594 64036 51675 69218 81834 65303 35310 70011 47424 
2662 19
52404 57077 33380 40153 14649 93311 85479 17141 87757 45575 47660 8780 9764 74261 1411 63189 53561 31580 37215 
7281 18
4425 53518 35664 83800 8971 20628 33026 12771 39968 64213 88047 87511 27077 15340 74003 3009 92440 26693 
6792 14
29429 7163 18607 71996 28459 74662 5277 3160 52189 2690 37289 56258 60785 17248 
974 16
81788 50584 36841 18860 95871 8501 18023 29246 52218 90806 5647 34577 44538 75170 59541 52876 
8145 12
95817 27034 54417 4114 64541 61651 71242 40138 57331 53489 31942 13379 
2305 20
71856 41775 13779 51651 34646 97576 68432 68312 74346 42829 8465 15683 75993 38883 29152 67030 89882 75577 29008 65640 
5989 16
68220 46964 71362 40063 97000 24230 99033 12405 44621 94712 39514 80697 3142 9030 62547 35174 
4320 19
22018 18150 77437 64836 72292 33109 38599 830 69719 23979 62707 6675 89483 1680 61953 42132 17619 48582 15289 
8801 17
44984 54175 2803 95673 56836 71972 89033 76044 68544 93922 14248 12550 42699 33892 48706 67182 44087 
3953 16
78057 66720 54495 88667 95826 11603 32155 95955 64015 64680 38261 15550 80813 28280 19290 8169 
3851 18
39971 77962 52840 95097 2886 50622 63080 93541 75529 56534 55857 38306 76669 55910 94392 83123 99995 10676 
555 16
28172 79265 57518 37310 22635 29340 29929 67932 11256 35007 81758 83947 13054 26049 52206 52560 
7466 13
16046 20898 13826 71446 58751 92083 13300 24447 85827 87747 38969 39625 55929 
9962 18
61263 96903 32814 59462 75876 58369 94676 94146 84389 57707 73156 16559 93742 27352 39096 23354 65389 88430 
7049 19
21281 79433 93820 65391 99000 62167 80390 41079 13986 86659 40964 40666 65770 21635 7428 25020 87674 21683 2097 
6048 20
35364 31725 77095 32019 18223 64630 65518 77926 70842 34404 39826 91808 69800 55559 13555 98113 84940 56987 59051 22133 
9577 17
39698 2887 83169 49745 82330 77890 35161 47865 67762 22691 61011 47131 83488 70471 25852 32744 81441 
1305 19
64397 80068 19682 85390 82176 16546 2 75980 63400 463 24 16862 19686 86033 771 67935 32496 53253 66909 
1702 15
93013 48446 93145 67628 62626 93530 26971 37974 83136 52945 96195 54745 6883 41154 44058 
8879 19
34976 43742 46449 1229 50012 80113 76499 42788 74457 99081 55425 61471 21564 3454 85342 42340 40765 77080 28665 
2468 16
67246 15132 59586 22455 55111 48757 6745 71515 58641 82367 92160 64188 4270 97638 75860 84408 
7223 17
15989 52320 34182 70059 19198 89055 70266 60703 18879 83700 10849 59305 67807 23151 20730 27130 99790 
5912 16
58401 15943 77245 7871 88435 63121 99381 14229 56772 17694 36075 35156 13665 55233 96622 4145 
6708 17
86005 37840 46731 41018 3164 13767 74189 77942 65529 1616 51954 49812 68926 4332 82656 25097 60358 
7484 18
30428 6999 499 97413 74915 24604 1233 33011 62288 51693 35042 94567 31262 83090 68859 13048 89053 80159 
1394 18
2359 1096 11683 81438 66090 54932 77041 94512 15018 15424 7515 31292 5295 39712 62801 15102 24054 63950 
1864 12
30623 34568 78112 80808 46864 18625 94551 54703 96511 52248 22717 33943 
6475 18
12560 14540 73577 99870 23436 66303 22107 65414 74108 76975 5887 11868 76173 82125 58887 11961 53368 37398 
9487 20
24335 64606 42850 62805 32525 32426 98040 76083 26750 6038 75819 54543 30970 32950 2958 75389 35812 72923 9282 52169 
4751 19
57088 83790 59239 89530 44506 61082 66529 17386 74636 63291 75845 83106 72919 17207 42928 71915 13108 26378 41838 
883 16
13416 15897 32016 63654 39197 89808 20801 90284 33199 83012 74562 85694 92585 67718 76270 18590 
4271 18
16292 43577 24347 20987 26395 61454 12340 34348 68113 48279 11583 44465 54256 86717 71604 49633 28379 1111 
6202 11
35878 47571 3489 70036 69527 37978 92835 18657 81666 32439 26051 
2510 9
36151 20151 88952 90510 68356 58544 39652 58393 19813 
1642 8
60376 28992 40340 3529 44640 33251 32091 80174 
6371 19
43838 71975 42036 85169 81901 64705 96124 83832 27141 37767 29277 40283 11657 2155 72420 74896 47290 75638 65974 
7092 18
42777 47563 24410 40561 51913 78613 94096 93133 87291 63367 33861 70064 63378 23563 36091 34427 43485 98147 
4022 18
78996 68940 33776 29183 90962 40856 92884 83225 16987 86956 26964 71920 64145 43217 6158 8372 16473 53440 
2863 8
58684 11046 70638 855 51663 30562 19056 72313 
1556 19
27036 31645 94060 19297 39198 6231 10303 26954 91670 70486 16757 67871 40897 99500 30508 53033 82565 18307 74855 
973 15
91042 56535 18062 83999 67173 94639 50798 61097 92793 46139 6862 60779 92156 34780 64268 
3740 18
77835 63558 58495 96736 46351 16097 27039 89604 66815 58097 54151 40681 68795 37086 28429 70126 74579 70845 
8887 16
19827 89506 96383 42539 41297 74971 45450 67211 80223 73556 63045 69321 19482 26988 87881 6956 
1764 16
44025 47404 65649 11406 54107 77315 20779 14379 13065 56196 21325 12587 48550 14640 65781 12597 
4358 10
72451 59040 71019 54471 43069 45420 86320 46675 6778 66595 
3313 19
15087 29810 39101 21240 78315 27001 16056 55400 69247 61534 27145 76838 97791 29372 86764 13500 54001 15393 12670 
268 18
83737 78859 50837 55432 27501 93039 23276 79130 26520 81467 78162 67623 1221 21054 59143 40478 19026 71056 
9656 16
69692 40244 29505 60770 67172 70693 5714 77205 46988 84892 41026 28586 1713 52553 74266 58660 
6493 10
18975 82563 75107 88148 56683 17080 80393 92547 95151 24233 
6835 18
32325 58628 34849 31153 16479 20814 43578 19634 80336 24254 96916 3733 58688 9998 91645 54960 89216 58989 
7491 17
32661 60681 24104 14389 29611 39743 67568 89044 70505 75423 25513 39338 6316 43424 48935 8221 69142 
2110 12
24868 61289 1347 39568 34012 21009 59501 89707 86964 76856 26358 91268 
6236 20
95663 46152 89336 72514 26472 74537 37495 85494 43916 49075 71100 88550 89773 67257 89011 6736 31748 23755 21997 97316 
2829 19
77091 27028 91436 60182 74154 85080 9546 8252 41562 13207 97508 91369 85274 82823 97725 56084 85013 52043 96141 
2998 17
3616 16572 31009 41318 13822 71448 88364 26160 31381 12141 94677 54540 42006 59790 14986 26729 87616 
4630 18
91356 7100 57171 43959 69243 368 84719 84525 66660 28823 7177 82768 29479 48216 47610 72945 54033 67946 
3301 18
25109 89106 1990 31788 8738 16442 40547 4023 4947 38908 19556 92476 2972 87044 71697 17449 35755 70229 
3868 15
35657 15235 78867 15483 8246 20585 93556 71860 77797 48204 36551 14853 79373 45565 38492 
5006 17
54408 54828 50106 21514 30427 91079 53649 6050 25614 12938 18289 57867 64415 76702 95257 35815 39830 
2940 18
91606 65230 21694 7782 31157 83830 56032 71946 93205 70366 53519 46033 30889 82442 96462 79294 74391 46769 
8839 18
73517 93992 13780 11548 62467 17418 61444 25692 80409 4964 15830 66404 30601 79479 48420 24954 25978 76776 
6669 18
96915 92111 3242 85781 83505 23109 99363 42918 67049 70627 38592 85615 76938 13095 35314 77258 1889 1901 
7039 18
91512 67834 77918 35573 42126 42519 36815 27978 83474 50114 77076 85555 72967 70713 76407 20064 27899 71440 
2922 20
32682 30076 45653 19408 42405 88220 72829 26814 75524 16526 33656 9446 87058 33208 76311 72305 62828 40862 51794 53663 
4828 19
19797 80928 94398 54907 45350 91043 18825 91838 24457 30359 66981 28147 51609 32776 41459 24202 44288 11114 21408 
3575 17
12450 3658 45751 91824 417 87913 66158 141 47007 18291 9800 25939 13730 41173 25555 90036 23965 
2837 8
35309 93926 70238 60348 43769 57761 99704 42141 
4933 19
20954 94648 26933 67725 92209 14509 23819 26349 8786 23748 93439 79794 84850 20475 12876 1839 17651 79686 38428 
5481 16
92815 22218 91840 6010 32190 91537 11602 27096 73486 87430 77802 35425 64489 76109 60798 63430 
5565 18
4315 56005 79310 77462 5639 91866 72878 48934 68023 95217 14332 3209 64592 29798 66873 70688 39586 70730 
2339 17
95783 84827 69216 65811 86162 55998 93801 48621 82212 88562 13989 73062 98479 16402 31604 63521 676 
7920 17
77123 88474 39962 74158 73462 82750 9604 32889 808 5772 13218 16447 22341 77008 12732 89857 42019 
465 18
32334 36875 4418 11588 22169 666 54490 30843 39961 82793 1139 5493 43640 48125 57715 27856 31246 43614 
8449 14
14558 20646 45138 28274 80146 39740 8130 1067 63841 79160 6551 88496 150 18333 
8416 19
59464 96543 22603 92212 2651 57082 44880 49852 6931 63839 51676 1752 99590 68686 17923 14421 75920 28068 40228 
2959 18
10966 79181 53266 24428 59342 78222 95288 7950 45449 90280 52491 34390 37926 52099 87495 47127 93502 50771 
1618 20
30016 59773 98289 41190 34808 30245 87687 19733 97250 2216 37148 89628 52505 39408 59552 81907 27330 43601 36 16210 
930 19
15374 77709 50122 98123 69882 32075 60154 30940 68671 24536 24066 64593 64149 69252 62830 8878 55988 31670 68975 
8976 18
99108 935 11277 89239 74851 53060 12849 78872 73120 10516 7834 3108 64180 33228 82073 43847 99779 6077 
3277 16
23432 19826 67204 68496 60395 39314 30216 39191 18635 96648 94314 4816 32672 13431 15674 29145 
1217 18
53798 33223 89138 54511 17990 80799 10684 34884 33646 1165 89107 12621 58173 88232 69122 47018 73460 49344 
1334 20
8339 18461 22186 45848 83091 69265 5880 41435 27934 63640 55424 15579 95044 26470 61348 56533 6596 40785 90367 90521 
537 18
81853 27234 39709 25397 98577 14282 26854 30595 85228 86922 51889 76734 91758 17842 15699 2473 98569 81581 
7645 15
54916 5565 16202 10327 80297 74489 11713 51951 98631 91775 7549 33181 49720 38206 28757 
53 8
19871 45897 1061 70968 67042 56156 61098 42293 
9013 18
64716 79910 88859 28809 63012 23750 45327 41657 52400 75957 97195 33431 73728 64041 46927 49605 47364 92583 
5134 12
91032 97031 41345 78271 73307 68890 41570 98153 79664 97582 10421 62796 
4855 20
21275 49002 1671 85241 54726 96302 96900 61253 51015 44135 42704 60112 68090 48909 46226 50795 27092 61824 74976 66955 
7050 20
53270 34199 13613 40683 37230 11958 63853 85014 79055 21397 54619 37315 66657 45019 57452 39815 41269 35575 6540 84806 
3026 17
5173 77824 54088 6166 91727 28839 96927 2743 26360 9895 22250 34292 55319 59567 77345 95553 46120 
3118 18
85231 77277 66542 19445 25471 98106 5406 89168 4707 54013 56933 22684 38871 51171 858 13684 35764 24081 
5064 13
58186 904 23729 76181 45071 36767 31266 55912 84578 92927 43448 57941 65751 
2992 16
60307 10896 11357 3561 72952 16692 23535 83804 5446 25118 13816 60782 64644 89410 43192 88976 
2706 16
64256 82579 91955 81491 88134 50619 2254 15955 91162 29390 60051 21126 38276 46048 41166 72264 
1448 12
89811 53233 91418 45379 95566 97191 46160 88725 92889 88507 45990 61385 
5294 20
87435 95852 78911 93228 78899 16698 77661 80627 98765 42723 24523 35912 28350 22848 93883 99504 14456 48438 22139 48322 
5524 19
48189 83834 27795 51040 35460 77257 44437 1160 47806 62685 7213 93740 57821 16670 30022 87711 72562 57790 7378 
6629 18
30401 84110 89630 66411 84276 92103 56487 27322 64396 29540 62057 34388 15665 47592 50800 53925 53287 11501 
9094 18
57019 63761 28875 17127 68487 90170 35256 86300 53621 15487 13876 96695 36772 4512 46268 75717 89783 62949 
8922 19
85397 65273 41981 18982 44118 54162 39595 50624 20304 42017 66324 65981 21587 96594 67842 89647 3565 81571 84996 
1192 17
3642 73614 93095 97350 41635 46738 24015 10881 24210 35148 93879 16515 2495 6912 7660 66298 72602 
6484 19
73073 64720 22878 37335 6410 39787 66040 91647 53319 70009 3922 50057 26862 5028 86189 87186 30527 2347 65804 
1551 14
57630 56068 37223 9404 57225 8504 2684 88606 44066 60973 34746 51535 41567 21609 
3692 19
71974 82410 79850 84675 19130 73131 90684 47666 32145 95765 98199 74905 10590 32337 74701 75346 58050 54316 27122 
8046 20
19009 1801 53710 47686 67877 80588 70965 59572 93679 13731 35624 53756 23451 70753 48638 89532 9462 52846 51652 16932 
3407 19
13860 10902 62572 69065 1747 8722 83592 15630 49376 32395 56627 44095 60096 85147 98202 23169 52696 79535 48469 
1065 18
77947 91882 78289 87160 73016 93966 56400 54970 9015 76483 33295 36080 59899 39346 28543 50281 9836 95946 
4975 17
46795 82202 31058 50453 59131 4055 34111 44093 17712 31660 9209 32445 95820 8832 480 77534 27153 
7444 18
27771 80241 342 47632 92427 86532 85715 1106 19481 63381 85502 53247 53008 6184 33052 42359 7870 31409 
4924 18
92541 59614 93078 48782 56151 13354 87012 66749 44645 21951 44115 66609 99110 59889 33792 66797 71417 6532 
8516 18
37749 7934 52966 40117 71570 97292 52095 98294 74223 12477 8108 44249 98274 91035 75237 47954 46251 78660 
8964 18
35362 76338 96959 31142 17605 15675 97490 83880 80136 43860 80145 58163 4600 93683 75538 88448 9673 64755 
8738 16
34438 20614 68221 1081 46844 42857 89237 2052 92795 33701 485 69069 47390 10840 36519 41936 
6525 20
59748 97960 14375 47368 58336 35324 21549 3192 270 8477 22398 31861 95383 76287 48221 64919 81388 52639 976 14031 
4803 13
38697 93237 88996 10540 25838 42472 64724 31486 10665 4008 88501 81947 54173 
5161 14
28302 38816 69246 13469 99787 98232 31827 51254 99526 89679 95107 25079 99372 84617 
2904 7
19713 55723 54135 31835 94923 42921 91335 
1737 15
11483 75599 7055 24216 38352 41108 1912 35667 75169 18610 63090 39513 74518 28258 7610 
7956 14
23650 34990 86621 25103 2365 19498 11082 43098 99270 76310 39793 8361 89710 91358 
3124 13
99244 31431 1683 57835 79809 42065 11593 4303 89360 88888 45851 24803 7441 
4193 11
82470 16068 8596 29869 52011 58278 97482 99564 34675 49397 24403 
