431
1365 13
47737 66473 83706 45868 56205 30271 59927 63091 28373 48546 85659 77411 70989 
5723 17
71578 12861 57518 63477 30312 68205 92131 94210 24408 38371 38632 62640 99295 59787 10708 43470 64924 
814 20
41032 23036 55991 74620 46466 84848 52641 17022 94732 54707 93376 50581 84488 75362 49076 63855 36942 5977 97902 93737 
7013 14
55639 16594 67787 21747 36084 28612 45430 52400 97797 58887 30790 2619 16940 65760 
9910 15
27326 32944 43973 29210 63854 93810 46506 66884 30943 59231 76814 32962 65676 36877 77649 
31 13
22987 51917 54387 76529 72520 41476 79809 13425 82457 27105 81525 62359 17547 
111 14
70445 1692 38153 55457 20320 15253 61427 1559 40466 79430 45472 8792 78382 97759 
4871 20
920 12492 79041 29616 52743 42134 10014 2030 11543 55914 58146 68337 17652 50357 83073 18945 98377 17164 66996 72701 
7308 16
10896 21713 75913 48460 67249 11678 56598 78871 24598 24479 38808 97823 29482 31752 54440 40867 
8696 20
35619 45104 44776 86267 17085 89554 3876 87902 38304 24855 77630 82092 78115 2284 82577 94634 66416 42488 5076 65791 
3709 14
82331 45890 93541 331 42514 79919 42065 16942 37422 99007 6642 51156 98776 11022 
2137 20
70379 37854 56949 23621 64790 14704 4572 44632 36726 75376 26245 46404 93795 56775 24477 75016 88626 23019 70737 16397 
5520 11
11637 21824 16159 64352 58014 15998 69650 51691 93201 64278 84422 
2272 20
9206 22491 5206 96791 68847 42152 43677 37437 16773 52030 67806 9912 88934 35079 22940 3080 10556 37839 95462 38857 
2882 12
16292 6626 34082 78934 24478 34255 48828 54090 7897 83698 130 65860 
9064 16
53135 11002 26172 48449 81296 36301 27417 75503 50724 59567 14144 68486 63288 65751 67031 97723 
627 20
74570 6016 49106 41993 94802 39432 20137 76493 13907 46427 61874 92874 60226 60962 18989 17668 47618 75802 52170 38799 
1590 20
91546 44930 42873 2134 23648 10382 74549 9828 80717 90864 22519 2770 83061 8255 27041 67334 16264 75650 39080 94592 
3376 19
52944 45742 46074 5317 4966 9500 7997 27132 5472 69567 69095 33396 43711 80503 53369 70632 66007 44679 42109 
9198 10
2800 59003 74088 56094 80334 68760 78078 63255 98340 70340 
6342 19
92024 40639 83420 56610 14438 78035 17891 21926 72245 32670 7859 54197 66637 69395 9810 92418 82294 55491 15146 
5953 17
89540 62584 31431 33711 90777 66005 90068 58369 87234 29512 69857 26652 79189 88388 82883 48585 69588 
2952 11
38442 76628 1681 11426 63082 68199 767 18418 2487 97393 3038 
5442 19
46339 77040 39546 11185 8369 4414 5966 65527 50758 90500 24380 84803 19549 82770 38414 76131 31644 88037 1754 
8050 17
68239 93694 18693 42059 37194 39647 50751 70363 63540 12728 813 24179 36105 88971 63265 3975 78373 
416 17
27052 96196 71411 80870 58698 61397 57140 78548 10280 82929 19674 84065 97542 348 1508 34561 85782 
661 20
48941 87312 32402 83190 46618 77606 50977 25973 15297 26557 49350 31489 55860 41272 44823 15973 86001 9112 5110 66405 
1195 13
9331 14934 67451 34 58034 12925 16525 81708 60713 65784 61163 99673 79555 
7841 19
53855 51679 13603 47100 18316 24318 59880 91832 29602 29245 38953 73346 48987 34294 17413 32406 72893 40280 92195 
414 20
58203 57632 134 4391 35170 30257 13209 3857 11876 12491 43849 47195 82540 55000 67594 72431 98692 78367 75477 61099 
9077 11
19144 19468 25597 97153 46321 44704 8165 27174 32335 33616 74177 
2697 18
64536 54133 10644 33897 33637 82499 77940 34350 99146 51232 27998 31392 72291 44017 3623 11707 46762 43041 
3289 15
10448 6747 52384 59597 93301 46612 37342 72724 49749 93236 26706 76704 50625 88478 36689 
2995 18
21413 74081 1247 34544 52146 43436 9318 19261 18246 57138 63121 30202 52134 19577 30414 5441 84242 5274 
8688 14
88654 62920 12698 91130 23532 39896 87923 43241 313 28054 81996 61453 92562 41952 
1633 14
15659 42531 98360 93347 43435 94786 72121 5312 58188 25661 17025 94223 26051 76842 
9035 19
89300 56669 97338 21981 74529 48621 86336 99369 87715 88789 58218 19424 69605 61276 81570 91975 92156 27890 9123 
6253 19
51545 43682 10342 66108 98355 77863 34810 71436 81202 51490 43797 83025 25956 9713 56995 98882 51496 1822 96307 
7905 17
75570 39991 78412 26881 19406 60154 22184 72152 53716 95833 22070 55024 29799 26685 98647 91056 72148 
6017 18
47062 81823 80407 27909 76518 24947 46107 23138 908 13927 76080 90235 97607 96869 90217 99079 36596 99549 
2548 19
32726 86711 57484 28728 32195 13294 33891 47803 86674 55805 45656 74100 75343 94111 84796 4499 79523 27691 52917 
6201 13
94531 93089 19526 35788 29230 38719 37873 76313 34785 4630 18314 69936 35258 
565 18
94326 1022 93177 16487 68933 68861 22766 46224 59147 26902 50365 57301 72658 70360 88491 9086 61311 3890 
9918 10
63551 71772 47523 14457 27484 83949 61821 79933 49584 31825 
1758 13
33065 30976 21867 84896 50587 77826 59903 62486 90146 58508 12772 68532 97776 
2295 20
92423 86721 39973 53545 42630 72977 57390 77952 94482 65724 32922 98602 99188 98839 22146 58739 17887 70899 7720 12395 
2346 11
90784 3616 22001 38852 62638 23022 5214 75265 33916 90132 2355 
6872 13
74848 30173 2621 97553 23576 71632 64643 66462 73484 69589 87663 51402 87821 
5835 10
6703 24979 73781 30382 78040 89745 48697 93577 67862 93568 
6153 18
3584 66969 42225 66858 74845 99823 66107 84343 75433 26120 69519 51064 16235 72700 21525 60960 29233 9862 
1617 14
77589 93865 59984 29324 3912 28758 2333 90550 29606 91605 26184 19774 47934 70432 
5851 20
8445 79965 3982 23556 21720 87530 56563 30381 12513 17291 95728 45502 85653 3163 21555 35601 99002 21719 50129 16980 
4490 18
58202 71337 81386 16060 70238 83630 44635 62514 77937 19038 95526 49258 94608 73041 39788 88257 73008 6041 
9124 19
32653 44053 62522 92274 20981 15298 21421 68026 43429 94572 12780 12191 92903 40886 79060 15162 60377 72526 17411 
7838 17
41456 59223 32256 4101 76370 11511 81182 23853 67961 44332 34832 10875 44970 80912 34154 3645 23441 
9447 20
38493 70663 38593 673 76262 410 89681 38320 34612 76725 33653 90735 98621 61857 42871 20351 83518 38150 14339 63821 
3428 20
612 47401 28439 69864 36727 51354 44929 88298 49856 97430 49358 71379 56796 53296 25787 94797 87468 63123 39161 61709 
9487 20
24335 64606 42850 62805 32525 32426 98040 76083 26750 6038 75819 54543 30970 32950 2958 75389 35812 72923 9282 52169 
4138 19
7028 92204 45568 17444 74424 68663 55497 97831 57207 16048 41421 45495 34073 96595 37046 67693 59332 57000 6958 
2213 11
96893 62501 86688 24797 82793 28734 71619 11232 8985 73893 39442 
3612 9
12164 74097 94125 16598 22854 26970 15834 60652 25134 
9221 18
76388 57012 19985 67088 26344 74554 24514 70487 25306 52725 29873 83297 88825 86722 93774 8245 88738 84026 
2732 14
98643 96872 34513 60437 17453 48868 58308 55683 61549 12612 45352 30026 16158 32601 
5311 19
88308 47594 27 85283 73422 52285 82953 37385 75001 71301 41168 81510 56186 66267 5980 26765 40337 31674 76763 
9566 10
52477 57624 65721 48216 76358 44518 60741 85657 3302 41865 
1668 19
80410 44718 9362 36335 24030 55783 58743 88494 67446 45921 46296 40392 71723 97548 21420 77215 17657 54122 77181 
1355 11
52847 36219 57824 30692 73849 64296 25302 97971 32279 43716 51522 
5491 15
13346 90695 81691 16063 83529 23414 42612 68770 17760 44393 66873 64717 93423 30253 7328 
1425 11
68541 41816 74273 90989 24556 55771 82434 44715 74693 71125 61665 
8534 13
84520 37898 93623 17498 84302 57696 80071 74239 86509 77373 33987 29668 88065 
9011 19
36209 59915 91445 66746 93635 97859 84182 21190 81030 41392 18690 21777 71955 22287 31352 72801 68078 28280 24903 
4423 17
87054 61698 70278 76098 17208 83897 8917 21513 45071 61949 91270 90382 33521 9004 36927 64310 8372 
5147 16
22453 7494 53547 25915 72544 76297 35705 62803 44093 3587 11510 88450 98183 5397 4505 72695 
2126 18
91307 15433 24695 2994 83515 39045 39158 5152 33272 46775 80042 18221 79908 75921 92653 6266 16653 14772 
5002 12
23352 31469 26815 79017 56284 79583 4951 10707 62072 18834 62394 74901 
7296 14
49203 79028 9476 11285 77828 51538 41134 33372 23355 32866 2547 36981 54115 12073 
8269 10
75850 19008 54099 99085 95653 19870 40964 92585 79907 38395 
8820 16
54800 36960 82017 46175 36738 73058 16630 18743 11191 89898 96175 42922 43439 13073 14392 48105 
6976 20
81336 89056 92586 97336 11231 2163 56081 92699 97119 69510 89120 74902 32712 66507 34239 26150 60936 80822 64849 33516 
9829 19
56041 83501 86822 88487 64120 77453 20136 75869 3990 47730 21391 97558 32779 67231 1070 11205 47315 51779 70861 
3854 19
2245 69562 45850 55034 6534 36681 23466 80787 84046 23882 76913 94929 20817 92790 32246 28893 28622 27739 34562 
5113 18
40419 63919 27943 83827 9777 26368 96410 87593 26672 92685 69790 70484 14354 81601 21533 4515 10913 69974 
6550 18
94970 97138 10051 35700 31067 49892 65313 11530 97857 7958 93066 63103 12759 33058 57286 85050 57527 16395 
18 14
52395 75224 35169 98878 80302 64396 52255 56601 55842 73308 69057 29586 74997 74125 
1883 18
54108 67858 93686 55701 8527 46341 87448 93831 57105 53033 43476 34850 35036 87919 18921 97496 12144 41480 
5437 19
58359 29133 84137 62156 75118 39244 78972 63416 94845 40517 90727 10326 36537 70941 99313 46209 49865 37541 19419 
5315 17
89245 54183 73952 51460 38890 60702 9001 74978 1134 83558 30728 576 29853 19028 65764 46675 70880 
6338 18
99700 12190 60792 87196 95615 14542 90076 24605 84191 50679 68607 73241 28228 45550 97460 85867 3993 87956 
7278 19
45108 35900 35771 50232 64332 86081 52228 8948 16466 99744 46903 64488 19675 22653 37699 68790 72239 39541 81138 
1949 19
24096 18968 71256 82966 98832 52845 2883 63589 5658 7767 96757 99572 99686 77607 75188 21318 46254 41367 1416 
7201 19
75421 1870 46664 33173 97303 98275 95419 7886 71207 2668 71365 81726 17893 5891 54759 23777 22662 76802 38846 
8984 20
97532 32331 63146 74661 29022 69829 7517 27151 52831 69578 48797 4737 66188 9453 95310 91919 55067 17908 57582 48952 
3103 20
33283 87541 24362 19581 52451 85661 2609 15670 61016 58485 84817 62969 42284 13378 84707 34091 29529 66861 26361 55734 
1743 19
65475 29366 24269 20821 94296 50750 23004 11480 12591 89597 50948 87627 76602 9692 68503 34912 12481 80002 24247 
7267 16
96883 53617 65881 47707 557 5802 47176 55785 75002 78062 4496 44039 48662 62123 9965 20660 
4277 16
1840 87780 34590 5683 50526 21120 59812 76239 41002 93834 43504 46843 76576 99806 88908 15890 
781 14
33512 8055 18138 36913 32753 92357 52007 59111 14270 97620 75196 92611 84543 18752 
6393 18
10596 78884 30349 21826 97231 89240 40161 95878 28159 80566 77122 95533 99521 7091 7660 50353 12460 57221 
9311 16
98615 62172 17635 36387 79237 94015 48485 82155 25705 45783 46668 46727 99333 47216 3342 58110 
2312 16
13823 98469 91794 81542 59775 68329 28085 36522 85350 71048 13730 49408 57537 96364 94581 52696 
3591 20
21848 74472 78294 24699 36412 43479 82769 97822 69047 27866 58816 83310 35134 47889 41652 86139 85637 7495 75978 31468 
8051 17
33971 92154 92932 70935 48653 83812 32042 84860 21255 26694 88618 81413 97421 51450 60486 57355 98272 
2429 20
19201 68148 80317 14201 49180 50104 11679 66504 8951 57579 14625 87863 37185 11092 16390 65499 2292 14546 85520 79520 
1267 18
96082 17825 66432 40834 13994 5885 53688 9506 34469 39525 592 30878 90776 67886 91226 82685 18473 2829 
824 13
93456 96827 17171 60168 10608 34228 19458 94076 11777 55264 80219 68177 65203 
2138 13
5474 20154 37049 4045 49068 59919 70282 59528 76670 1663 43595 15015 25805 
1023 15
9084 51587 94739 10828 85591 97098 27354 97587 89160 61112 55186 83452 99039 43370 30515 
8357 18
41167 80081 41428 27238 34974 24450 14222 69080 61899 37471 5350 99786 43397 70244 86229 92806 81736 53015 
24 20
51615 264 79114 1864 17724 38835 47774 44558 88984 90615 68370 67938 29104 46741 33209 37301 62132 480 77741 46348 
9855 20
60258 74200 83257 45533 55738 34698 84226 89198 14014 94033 64392 21342 79077 31629 2999 56073 18568 51479 24583 69233 
5086 13
24347 36831 11953 6196 27155 25904 89338 9749 96851 63450 25771 4228 78451 
161 14
45777 96465 98195 81376 49448 94943 45419 7448 51466 47263 79211 45963 58092 46570 
5427 14
25335 48764 78939 92912 33340 16191 60495 95337 75811 28677 37203 70834 13678 96387 
8154 20
31914 27950 34487 72355 38818 74864 9166 54153 60927 96609 2179 69752 3812 12247 9824 80683 23026 21478 7591 36818 
5523 19
74547 82572 20012 37009 89131 33580 80571 36834 40020 44354 48363 65454 67081 31078 64293 17531 95018 31675 18711 
7791 17
23942 27113 35109 83007 41427 75810 87331 49959 81321 87958 48237 26638 84014 32187 91641 81874 93181 
3915 14
63550 67403 72951 30953 98284 74117 45917 59016 60639 98747 55918 27006 74855 83261 
5763 19
78572 71306 24823 68800 59364 94605 53371 59160 95236 63137 86642 69478 66230 53009 37166 75194 76502 26444 25576 
2863 10
58684 99870 11046 70638 855 51663 30562 95997 19056 72313 
6061 15
95000 4768 17518 69265 55827 44267 21807 86672 33906 28740 97024 41029 30424 61450 58716 
3147 20
95666 38394 99293 44216 68113 53785 14779 10737 33718 58389 16008 2318 95372 65986 86080 19203 86918 49251 66151 13856 
5289 10
47566 24795 62287 54067 66836 37565 74067 88023 52704 56230 
2641 12
96904 3248 43923 13761 15562 27714 50442 26495 79805 93687 88965 49008 
3415 15
74564 55114 76940 15130 10811 51104 11174 9039 67042 61919 5836 68213 68404 57367 56476 
1906 18
10481 49715 26068 28221 4114 57508 33200 12108 56452 71320 94019 64520 14576 39267 41627 12547 47343 75392 
9951 19
30746 79279 99083 23612 51430 29724 93979 49895 98805 30497 64155 77165 50703 15113 59129 75166 50730 6896 83863 
9589 15
14669 14702 98722 92805 98307 81610 92862 89391 33645 65717 58108 75639 51509 13326 10210 
6945 16
48693 94691 49047 89682 29009 24325 44507 25715 68531 62871 73098 33210 76041 82652 62067 70906 
417 20
1989 6910 94957 53611 54617 35858 275 15324 96586 66048 10368 24763 99685 93582 60189 47041 23860 42052 67351 95889 
1307 18
46815 23465 40496 72959 33850 60016 52535 1529 77218 75297 48817 37105 24787 54991 76167 82495 30185 86902 
2664 19
52093 54995 84514 69525 70202 65434 57718 47150 73448 47589 80596 57976 96111 31295 73485 91693 60287 30059 39531 
7839 18
53652 80364 56161 24635 33866 99122 60653 74508 26812 94038 16484 25222 66130 4628 13704 25682 99997 67734 
1679 15
51344 28976 19995 68538 25432 90049 91367 6282 57066 96725 77193 44342 89694 72933 20174 
7205 11
14711 37738 94841 88876 84681 23637 94683 52199 43391 83334 14607 
2737 19
1780 35484 13839 78710 64827 77444 89450 43703 40330 46156 3905 80130 33748 31512 9560 3325 25708 87118 78758 
7914 14
57089 74671 81934 97637 1456 96940 44292 66882 49133 46977 74167 16138 59744 21151 
7075 18
26973 99835 92121 86304 80133 37195 2387 66289 27107 91201 71055 29624 88983 17920 52111 92755 69741 753 
6821 19
34765 13254 40424 1631 64475 6120 40734 65710 47392 99232 74059 38721 85849 36401 82842 95339 30421 2614 93884 
3646 10
80416 39486 94689 52137 47302 17818 59696 30547 54033 77669 
9981 11
45675 85950 50667 98998 87829 57431 77470 50305 25940 56954 33265 
7956 16
23650 83790 34990 86621 25103 2365 19498 11082 59305 43098 99270 76310 39793 8361 89710 91358 
6346 11
67514 84554 86457 10844 33365 53784 80243 30385 31839 86061 39747 
8061 11
67288 70396 63419 22703 69055 36438 81265 13947 66509 10786 55477 
7677 12
22675 34890 33828 89668 68984 71593 93512 10181 4266 69492 14827 89548 
6517 13
94997 68098 54157 30237 48405 15326 21435 96553 69713 56846 99325 82125 47637 
6025 17
15234 6027 51664 69963 10318 83520 30227 22909 95640 55115 73040 7756 60996 79770 57798 32999 22120 
7832 15
99004 78646 11811 32507 14872 64794 77079 78684 24496 47075 1796 94405 72378 53372 79924 
5249 15
27550 97274 24051 91313 54321 84712 10926 42018 55747 58544 88797 98792 54776 54709 95085 
3104 10
12828 76263 76164 3525 57769 45181 29652 2295 93505 83108 
9092 14
27133 70866 56179 39395 52279 14736 59636 33002 43902 83350 4727 61446 50047 14305 
6851 20
7601 88250 6744 10565 53761 4614 88064 75447 29042 34749 67363 13616 20274 58695 75112 19728 13606 80767 89482 10621 
6063 20
54575 67622 67848 78200 9552 95598 41516 96428 79788 1266 85987 48962 51504 36058 66962 28199 5828 91877 9218 50947 
3243 16
90145 88483 86477 95605 87999 91479 36187 85091 36767 23264 85995 22446 20909 30365 81520 22565 
3096 10
13740 95770 62221 65066 96648 58422 8355 60856 75637 32993 
3677 19
68410 91765 20528 83601 76319 29016 53283 10506 70927 31189 41247 44734 17520 59578 83843 41096 91475 52122 26387 
6232 13
93005 79311 66470 94921 94613 11405 19078 52136 39407 11374 31697 33573 24693 
8434 19
55689 14946 12511 53582 92130 54956 40677 70701 26163 53482 28374 61200 30601 29037 11842 84341 27251 45588 39428 
6506 20
24116 30919 18166 63696 14102 88699 87712 38531 69738 50555 36989 7474 29415 15720 28152 77282 33649 72108 3310 83010 
6885 16
19537 27088 17732 85859 63259 5015 92336 6488 51407 82690 55405 57256 37539 6480 66579 69466 
2595 19
68600 74434 65394 6211 14294 53077 47277 7402 43589 89403 20237 37988 99774 85163 21527 32210 58789 56102 4574 
4717 19
56201 65413 2654 29078 36568 51880 3319 86264 68665 67252 43891 61195 61563 81351 28190 26828 49956 12998 79767 
3462 11
941 23898 63776 19976 95855 40687 82934 74582 6842 99809 39480 
1777 13
18594 13881 96529 65113 45429 12658 77184 12267 93435 89216 43822 45486 90073 
7801 14
92511 74929 34242 64579 8998 53143 52343 42360 9805 66911 64401 67131 5417 46320 
3722 13
74617 77650 17420 39803 30831 92803 67561 22645 68679 8250 38383 86539 81754 
5744 14
60069 87268 54519 48557 23223 99853 11571 44476 77814 50359 98083 41141 9813 73705 
6644 20
89990 62465 5281 47332 52990 87633 79918 60249 35676 34217 91504 2164 10816 32722 59710 43182 39066 67532 73905 34688 
5635 19
71504 43377 86870 58156 54205 94606 61221 25642 60210 72732 32143 57236 21248 13394 85062 37473 76916 50090 23086 
5339 19
74857 8649 63380 97317 93773 61805 72427 57668 56296 82022 11166 58639 40789 57166 68007 42866 21895 58878 12125 
9647 19
6639 93830 20992 36874 77077 22523 36307 29392 69201 25354 15121 35547 14951 3723 46419 25514 24037 95318 47109 
444 20
3077 53963 55257 62467 36998 1892 41619 80636 50386 46666 47515 84956 31693 33829 47918 75863 21992 25777 31023 94801 
7382 12
88283 70135 47620 1443 23027 34754 83316 21202 44010 68669 10029 65251 
7977 17
73858 1113 98237 63465 9618 95919 22995 52968 60431 58806 81155 8182 13108 16514 18676 85101 57517 
3864 17
62138 40530 31019 74124 20157 31511 42194 11320 41335 15124 10098 66377 28117 56220 97315 63413 74442 
1606 19
70957 22806 70198 14572 16695 443 89988 87052 82204 70712 74681 81083 60313 73298 5223 92791 93400 81745 95307 
1138 13
22882 70459 43594 84311 35553 58022 50025 37596 94348 84423 29776 602 70729 
7582 20
37525 88057 33158 82778 1809 91952 74381 20934 48702 16226 47879 71537 84906 57028 62470 21340 29878 47593 69696 77684 
9594 13
30010 45703 75931 34718 47670 22896 2750 43417 1221 11306 37354 49825 96570 
666 18
9951 99567 30881 21912 71517 26993 14705 6572 57487 58181 13783 67875 2834 92957 36233 14885 25193 74264 
6990 18
91308 57667 62424 98753 76699 71129 5406 95948 44859 2357 97255 58481 47287 76455 35314 19593 73295 23358 
5666 18
99373 64346 99441 57402 15219 98253 35070 37384 43426 7042 81153 84008 59019 57680 99779 61210 78212 16932 
4631 19
80045 80217 9577 49982 43970 98260 49649 66446 52408 56132 15196 40434 85608 80023 74390 6866 489 12505 63708 
8728 17
71936 35203 33260 69082 65433 50050 87702 32405 56671 10134 74374 73194 35881 72584 18116 81479 15654 
752 17
30917 12133 28446 16350 55619 93744 18064 61302 70551 31700 72792 39254 94303 81483 26416 43031 91548 
7021 16
8126 69638 66024 19902 71524 34954 71094 39880 15673 84776 65056 14586 93967 58903 78444 86633 
3250 19
84792 24436 18470 53961 2956 37840 87903 74616 41381 15285 82689 3942 86017 13094 83947 85404 64919 30398 58421 
8793 11
81521 67518 73535 80599 14752 40743 20512 52159 58865 84170 56029 
5580 19
59124 56641 48851 40436 87843 70417 51678 17189 80063 46759 17645 94222 41033 44945 56542 11071 34412 91608 74674 
4607 18
16506 44998 28527 54493 17502 99168 77994 77062 42165 57335 36342 8894 41890 12184 43890 2505 44844 21483 
7534 17
6159 57846 42500 65621 62332 57589 63250 96584 75223 47444 46911 12910 62273 70731 15974 60646 23357 
6733 13
26945 93077 40005 89258 49628 29486 95617 15119 99115 22144 37530 16580 43975 
8677 19
59762 61954 69066 98603 36527 63444 84362 95939 27075 87787 86212 5765 75934 11813 57476 65537 70719 55736 54100 
9260 18
14984 61835 53201 62750 19858 16003 37030 7110 50276 88279 34717 25254 3737 37728 18420 43062 83014 80160 
1985 19
21711 53075 17474 61947 21684 79703 44967 75766 36762 12654 85728 46771 50199 52897 15175 71188 21898 72046 77460 
349 20
83215 64201 17897 92378 49971 45706 10212 55168 56492 71808 20469 87536 18167 97265 39545 93253 59352 73350 99807 34171 
7899 12
66347 87502 81515 8119 84878 1187 17954 66203 37822 5052 43562 45542 
1045 19
17105 25087 20595 95978 77344 63622 90560 21886 41485 54028 20566 44114 87873 56316 91949 29992 39892 38313 49560 
124 20
24621 61355 24050 73992 27245 14060 85089 95809 42217 1761 15639 22781 19998 50535 14797 90452 15396 72008 98554 59965 
3629 19
21168 5750 51851 72472 64501 66715 5300 6044 12758 93128 99147 70113 88364 4753 16242 789 26714 44889 24513 
6488 20
58364 58130 71073 51499 50515 21839 91275 35983 90015 62201 23858 98655 44534 56557 91776 68683 46920 99623 25171 98047 
7327 17
97546 91198 10089 2444 91892 66385 50738 80916 62968 5377 72011 85856 7209 89861 69788 23059 56397 
1443 20
76758 78421 69513 74748 39458 77098 17024 43248 38068 49153 35217 49894 80659 82703 95436 38906 92590 93064 40767 5800 
9801 15
77843 58702 46555 76761 88513 18877 53337 90046 88690 11011 64667 93741 94760 40287 41669 
7597 9
9222 85603 94470 86786 38636 96528 74872 78780 14699 
72 19
78903 86298 89314 46450 48253 91093 11162 4881 4102 54942 91784 59615 12452 17698 60433 38635 16099 63639 52737 
7491 18
32661 60681 24104 14389 29611 21049 39743 67568 89044 70505 75423 25513 39338 6316 43424 48935 8221 69142 
3791 14
91840 59721 80437 86576 9819 97158 23402 52820 34366 90794 61984 24097 40088 31939 
2886 15
70954 13279 86349 12569 62115 3870 44939 99982 12040 1386 3736 63784 50649 19822 62775 
1349 17
28366 22375 94002 19353 74174 82237 75381 17539 56202 42110 32056 50069 8164 86640 63894 44508 75694 
3981 14
34633 47001 29189 15513 11556 21890 16378 53195 24824 8408 29157 4900 51948 28564 
9795 18
82816 63213 20885 6194 21612 27957 51869 21198 17117 43506 66744 91990 41804 76716 34002 47305 20434 65418 
1737 18
11483 75184 75599 7055 24216 38352 41108 1912 35667 75169 18610 63090 10209 39513 96574 74518 28258 7610 
4637 18
63609 28299 26142 46712 95262 16353 50684 78679 72198 48895 36055 96659 67409 54237 89342 58115 89102 20123 
8617 13
27336 12078 70208 80572 65001 56222 27070 53656 58113 96366 24555 73616 62826 
5692 10
94421 26153 76023 54138 28770 46475 30476 28546 75441 1091 
9316 15
5807 70147 99852 47309 82906 37623 47249 75727 83085 33100 43322 78016 42636 19434 85069 
8124 17
24203 92010 60124 17381 43674 16017 73964 63901 96909 64953 77569 20796 74777 9262 42355 69653 93906 
7050 20
53270 34199 13613 40683 37230 11958 63853 85014 79055 21397 54619 37315 66657 45019 57452 39815 41269 35575 6540 84806 
9508 18
24235 75059 85016 85823 14879 67267 98168 34392 11493 97151 76912 40741 5450 97289 7592 92230 12510 78213 
3548 11
40089 7620 43615 85798 98495 18494 15037 49240 69461 72581 62046 
9248 14
43720 76852 46102 59048 31013 40299 31706 48950 3464 48098 6174 80548 67643 69843 
2226 15
53710 16050 79796 740 9795 33954 18308 44943 9502 68747 24483 95260 23875 34256 87424 
7025 11
10805 52644 5509 19809 18708 19506 81812 76817 98482 33186 52788 
8314 12
56962 8642 63791 26183 3608 2974 49592 15104 41770 68776 41045 13404 
820 18
17999 52153 81969 83119 30251 60338 20672 8452 54419 97361 27479 82097 26664 9376 44633 86250 44370 66360 
1833 15
33638 15612 50048 93806 13973 52324 45235 7818 82525 98507 58632 19981 98659 97217 58143 
4947 16
27985 57725 48491 35808 70378 61231 25384 36905 27769 8239 57890 43298 47490 26268 96670 50881 
2916 14
89411 51149 83837 87781 2499 19659 92953 1962 16259 14347 8972 29865 63276 23779 
5995 17
38772 90526 8454 92649 70187 86189 54699 76006 75261 93790 40256 89458 70761 55937 23802 95170 25136 
310 14
56999 58340 2192 17185 14930 83307 27463 9345 99948 18449 22665 91758 75665 53010 
1550 17
68279 46278 27391 39689 95024 9830 53781 32205 76247 33528 55633 96794 40400 94711 18735 3571 38858 
3978 19
83202 79777 64383 38070 30858 97688 81877 16539 95845 63814 23535 92462 8031 64152 16469 14252 22060 37725 34379 
3944 11
31866 21773 39648 64848 31687 72868 71849 20268 340 45395 24737 
4167 12
69403 6949 13012 18217 35325 6151 47480 31950 25476 13684 22699 94237 
3025 16
89152 795 16177 78860 23992 75910 39219 10714 13068 78581 12837 25569 2813 33754 62511 14804 
8301 20
42833 77553 60520 77403 8668 33035 59243 80421 56580 68204 25209 94550 23887 73315 93091 86813 91618 79257 44378 79564 
9656 18
69692 40244 29505 81346 67639 60770 67172 70693 5714 77205 46988 84892 41026 28586 1713 52553 74266 58660 
860 20
17683 27169 55020 77123 69340 27050 69766 61696 87905 92223 38013 27588 92083 57249 38587 15935 75781 3974 73643 35691 
5604 18
88745 83808 9978 26363 26512 42354 3229 21085 83291 89538 19539 63689 63423 74267 60539 98019 95456 75707 
4320 19
22018 18150 77437 64836 72292 33109 38599 830 69719 23979 62707 6675 89483 1680 61953 42132 17619 48582 15289 
6120 18
15294 20061 8615 9621 38903 90096 30462 96320 59373 25380 13990 51732 42930 9299 23028 64153 9884 93988 
9835 19
20168 57544 89911 36816 5566 72948 29292 99155 26071 46300 91263 68441 99419 30494 11209 19439 93928 70311 8440 
184 19
33542 80850 64993 69535 30330 41179 66491 29786 33259 31799 56326 71043 34924 21874 87278 98043 33146 19888 40236 
9000 14
54504 79006 74201 80508 8535 55678 21305 76635 96085 27491 61456 86240 68072 25875 
6871 20
40071 599 47629 87851 67662 31515 12282 59306 42836 75548 36149 80127 74615 74736 16615 59246 66013 21581 39044 13601 
53 10
19871 45897 2478 60488 1061 70968 56156 61098 42293 27198 
1511 11
81653 69168 25309 18635 71187 61339 19323 36668 48477 37484 73305 
2998 16
16572 31009 41318 13822 95424 71448 26160 31381 12141 94677 54540 42006 59790 14986 26729 87616 
2235 19
18597 56327 81026 65586 75038 95174 47269 39343 91372 60651 71171 90978 91502 94805 19971 4980 34107 31664 24426 
2508 12
92510 48357 88179 92124 89656 1316 25993 73503 63695 41036 11189 65240 
7088 19
94375 8412 27637 75544 27839 21222 24928 67545 57061 8631 29514 10166 42899 85703 4075 97301 45307 42986 23859 
3623 12
51326 56935 2417 54320 53344 75668 18974 13622 50416 89642 23510 74106 
4430 20
44228 62452 81339 52219 68883 36836 55012 37464 1557 14462 11400 92534 12679 37523 3216 58755 80658 73238 80369 93730 
8005 19
66483 43568 69565 63014 54867 7518 80374 38757 58998 22715 2171 98798 11769 59779 50403 63729 75201 44049 71358 
8362 14
94150 26994 31108 61682 96048 34977 23360 70001 64817 86180 75872 29845 14623 49274 
2579 19
15886 22543 83124 53978 49291 89542 14247 30325 58480 40429 66772 28838 37188 88527 77539 26662 43055 761 89453 
794 10
74291 19230 26937 19564 94453 81411 19740 14396 9991 64596 
7512 20
26310 13473 74 35094 60390 32530 8122 90572 88722 64121 25400 64757 45226 2705 76456 50060 76140 50160 93792 63912 
2610 17
1382 65479 61304 49113 77032 39325 48043 66708 4174 7820 74761 25060 53356 52297 10458 48745 71113 
1408 19
90159 39607 55510 31531 23629 591 12258 99225 46585 83200 4217 52715 46544 30140 29765 27059 85273 47758 9962 
4828 20
19797 80928 94398 54907 45350 91043 18825 91838 24457 30359 66981 28147 51609 80393 32776 41459 24202 44288 11114 21408 
4709 13
47659 2950 48454 95146 2618 5092 99015 23260 21958 56521 83375 17018 99818 
5331 17
20629 92488 92308 10877 13676 96405 95007 69643 33983 3955 4122 46233 71101 64448 27177 83820 46917 
848 19
681 71790 76562 26029 66596 10699 19413 87597 95698 7640 28295 69839 80884 74184 88991 4371 26788 96781 94950 
7474 16
31076 28069 56439 46285 56389 96179 10447 37821 50513 88361 26720 40882 74623 20262 52192 55913 
5065 19
32542 28614 40458 9950 71471 311 6870 20130 3096 69453 75917 99038 63892 77520 71880 28703 62380 89812 99758 
8839 17
73517 93992 13780 11548 81713 17418 61444 25692 80409 4964 15830 66404 79479 48420 24954 25978 76776 
706 14
20841 33992 13147 15331 28375 2442 10091 9322 90300 1804 96598 10130 21956 27067 
4758 20
41803 61417 26076 4552 94218 63986 71749 2686 74497 91216 47525 54287 2051 37923 92408 33654 24709 23928 99010 84347 
4807 10
86516 23050 26933 33879 58409 45907 82663 7346 94077 95117 
553 13
85293 24031 41198 4588 94079 99737 17475 92964 68602 11263 86338 47859 14976 
6213 19
63457 77424 10865 13393 29136 94635 72552 46054 82724 63817 51875 9811 64840 29045 32725 95472 58212 40932 82901 
7984 18
27980 6981 57104 7690 38861 57279 91557 40900 55615 78896 88120 97991 96995 83098 98660 59248 60574 56008 
2608 19
17701 94767 70583 49034 37863 80164 11918 79658 63594 86940 54742 36745 34119 56123 36770 99212 54180 46504 54120 
9429 15
43984 21221 13900 66779 90446 43772 7413 88304 45939 78376 59323 88954 73726 56724 70552 
1105 17
24010 22222 75455 10472 81432 97524 35276 45712 46187 22025 82336 90457 89740 94034 63454 58548 47258 
9900 19
97765 41059 84053 87020 92581 56380 27869 84631 51525 41969 41733 73966 25784 90242 61359 25311 84632 71963 56629 
1410 19
7350 83477 51431 99046 45347 28390 77058 68836 22183 93692 57676 1401 53030 85034 94547 14223 77375 83842 91680 
4275 18
46631 60857 63686 80892 86342 47970 99148 21220 71821 2809 4338 39744 95189 86091 80800 93416 98905 92110 
6235 20
54675 98310 2510 89751 51514 33564 21213 14188 78483 27975 20599 23126 10813 67868 16201 74048 89434 85956 44347 43368 
1464 11
10968 70201 32197 31005 90673 6964 33607 61212 23162 32384 40376 
122 10
89613 22078 37843 98090 47800 78834 12344 70053 13385 55902 
3818 17
40684 36133 82884 77664 79850 85029 68854 88240 84791 24980 63719 30574 75954 98521 37897 825 55017 
9577 19
39698 5681 2887 83169 49745 82330 77890 35161 47865 67762 22691 61011 47131 83488 70471 25852 21792 32744 81441 
8198 15
26204 7524 51113 58483 66286 59495 88933 41823 79594 48942 20928 3079 10738 96298 92622 
8531 20
36364 65222 18210 51681 98543 47191 81979 29678 64312 76901 52444 87376 36051 95539 179 1931 63130 30210 45256 31881 
5030 18
36814 35724 8186 66633 1763 82133 53718 90423 10444 57136 30735 36144 52071 99897 98456 44278 63887 43874 
9948 13
4624 24599 90758 23869 74943 15301 10231 7578 78907 83858 60007 44866 55894 
4705 16
37941 9691 19051 92431 71928 26982 33664 24661 95102 66365 29112 15961 28939 58350 46654 27498 
2110 14
24868 61289 1347 39568 34012 21009 59501 33033 89707 86964 76856 26358 51188 91268 
5849 17
1608 99523 2889 49834 44926 19152 79817 89578 13806 75944 11766 80951 45652 45671 15950 45274 80858 
2119 15
95209 12283 84550 27592 88212 23288 47154 40627 39745 4940 76818 93238 34485 10162 59456 
3050 14
7507 17096 20053 80440 31709 57053 55851 41617 50044 77035 63291 69020 14042 20139 
458 16
48823 30142 15900 31129 56783 97306 52949 43977 28797 80536 11323 50016 28423 128 45076 62355 
9721 10
96239 39234 49319 19384 99848 7679 2693 63097 89404 25780 
5970 19
80688 72150 89427 9378 56309 80479 19756 1606 75568 1673 84228 12873 7717 46606 4283 23151 79238 30275 36938 
9007 20
81262 60182 80618 14445 4163 59658 12347 43561 14134 20795 44806 20561 29593 80807 92554 35901 95500 83338 84699 5882 
3377 17
11122 74975 72829 89753 96520 51735 38300 6328 53450 27176 61449 44055 65816 34846 73522 85563 86795 
8841 12
72659 36520 68411 51934 56422 90949 85002 33631 9894 17203 60487 20256 
4645 12
23371 14428 95329 63969 87740 35526 98861 8274 43472 4785 81895 29448 
704 17
47544 63909 88835 5252 70858 81961 32616 89552 17816 76000 28811 67608 28059 62247 41590 93953 4039 
8691 19
48126 46058 1012 55052 80049 35565 87419 18437 15480 78477 20152 50247 78715 55714 29434 85175 15371 11153 59290 
2687 12
22525 73845 55575 33440 74329 10290 75463 53638 30789 18487 26687 4658 
8261 12
69785 52714 4281 1120 14258 4423 91973 78430 93877 36050 13211 52458 
9291 20
61965 53569 90997 18754 49163 67203 31620 98661 55315 21108 85620 77294 70367 28135 26874 18872 43178 28222 6043 66701 
8795 17
47816 36151 30617 31898 51607 7588 75616 72714 7515 35653 81608 33606 24629 34827 20115 11887 19282 
6355 16
97645 41965 33872 70258 20133 84084 65387 94618 50907 17030 62766 56480 31177 44783 10185 91485 
6305 9
5499 17629 4087 67797 59609 64820 2996 18495 72021 
6609 19
80532 62769 26726 22173 78614 73426 64281 69910 20546 84281 76612 40813 15824 8037 44884 34525 91760 17782 6635 
867 16
71108 19868 69177 30583 30198 4404 89569 58967 5990 29362 81642 27374 96472 32775 60675 96098 
6066 20
63999 26382 25721 54357 80580 76927 44922 53581 64339 5571 42173 27010 8179 73795 46667 63580 10084 82937 68886 97568 
5134 14
91032 97031 41345 78271 77120 73307 68890 41570 6727 98153 79664 97582 10421 62796 
9432 19
2249 98418 56335 17858 95835 11634 11793 96975 69921 82880 89583 29522 43546 34357 76675 1915 36104 16250 42127 
9173 15
65662 1298 63851 58756 92339 56849 83756 90896 325 91665 45032 5107 20583 98386 25082 
9426 14
40297 47234 94516 39812 2962 21232 71209 62527 18812 22679 1275 82267 10278 33863 
490 12
88188 10519 60348 30696 39605 97000 5411 44257 737 53040 24207 104 
5397 16
53613 46379 25888 53554 78555 3816 98963 53189 54150 71639 27789 5699 94475 90129 15078 73351 
7493 16
83598 26660 79072 99864 90060 85267 52915 63839 85796 48977 93534 50461 2100 78279 90439 7072 
220 18
80199 58268 37332 69313 53737 15813 42679 16920 19587 51537 17440 92984 90127 48577 79410 27476 33342 18369 
5956 17
61150 73217 1566 33959 51647 57377 66314 65480 81811 92215 83263 93419 7784 34372 23111 18497 89882 
9002 17
62316 12124 37414 52024 13716 58943 39863 99659 57226 2591 14234 49905 77985 31122 42901 16782 34020 
4278 15
72711 1017 60842 89993 71948 25418 25988 86558 71572 67135 84134 4872 20348 54399 95136 
9097 17
9902 9544 68480 96626 79677 98423 66826 95707 3683 30544 69480 94747 3785 16676 70185 19818 85560 
5166 13
75745 7824 79250 80185 75578 15281 52906 70019 84923 25887 68061 71269 96624 
405 11
83991 33140 44235 88054 48538 84092 2666 49043 54097 49599 17628 
7193 18
57697 88975 59092 69087 45085 92266 69289 71752 85721 21857 59466 87526 81187 84847 82055 28134 39397 53826 
257 12
40565 7848 48541 46943 30468 23752 43841 35009 50651 88115 10011 47090 
8792 11
20600 70303 38764 70023 54232 9735 54239 6357 22102 89532 64469 
9564 17
78145 39193 32607 38194 65091 4400 3879 47827 70424 56167 77329 94564 87438 92259 89514 36491 69604 
1028 9
48004 46773 88525 77170 4225 92049 44539 60552 6622 
8490 12
12447 70466 48919 72199 50163 75442 82276 6067 6575 74268 5462 1738 
8285 13
57228 15191 77979 45320 34260 72167 80043 3807 13554 21592 93030 96181 51240 
5100 16
70299 3203 75251 90513 32501 81289 3095 8513 96189 3664 63229 57302 46790 65914 736 88881 
7358 19
8226 41726 81897 46729 65508 65619 36550 63957 45114 59605 34271 81543 47834 46203 30585 67570 34122 51487 88944 
3764 18
51167 85103 69583 56429 71135 95518 6181 86064 75741 60695 26712 89748 84960 69806 33508 6290 76664 4642 
2900 12
63775 64218 51805 28661 71673 15207 47321 5624 8159 314 21725 42158 
3998 12
30958 50288 19932 94628 4051 57688 71934 97779 64979 89508 91337 53876 
9923 18
37657 53462 13489 32353 78867 1762 59906 9711 97093 91828 54496 72372 81253 52952 75140 29856 73896 24032 
1653 17
37098 38343 23427 57035 29400 96842 94978 91818 93600 28095 28629 53375 28621 32573 13447 98634 85842 
1164 14
99830 97734 12671 8251 80553 20004 42917 29232 99321 72200 73021 62806 13120 73124 
8913 16
81494 93711 87226 96414 40943 66558 78496 71180 13332 91047 55269 44899 62853 46836 83683 64851 
6526 17
15019 39341 73173 95480 49208 85895 48394 39141 89655 51280 94026 34148 43949 13792 66995 80188 9796 
1525 18
27961 60421 53366 68314 24060 42323 16791 93090 88997 91112 59789 73558 22667 9352 84745 94367 95293 9687 
3419 18
52680 29169 77225 29401 31902 98236 1548 40585 31160 99129 54766 99394 51480 68646 59793 72445 65868 58214 
6979 17
89839 41474 32591 40294 57859 71799 71246 41412 21211 25493 15498 8991 43631 3425 18600 22906 76206 
9610 15
26024 15889 72458 10310 73708 51124 99410 59639 7226 82028 46899 81281 94445 8256 61799 
694 10
58055 95671 57748 50489 56320 42094 55401 49859 62376 44731 
2380 11
11146 42369 37395 29106 12664 65802 11550 83028 6118 96137 75099 
2495 20
66336 26985 47549 27764 14896 65060 1722 45994 76494 22049 4707 68844 98988 36009 48434 86643 75157 92082 65423 86359 
2519 16
62060 64646 1451 75849 73603 19181 53276 47709 59337 86829 48564 41871 16126 48554 80311 24441 
1282 16
72281 49499 89397 89033 40223 81065 3330 274 21006 46371 33845 88130 85617 36775 37996 17032 
3063 17
71131 16819 52035 57019 43432 7979 6893 15679 26109 29483 87962 43560 51724 79992 75859 90970 69816 
5772 18
33608 6692 16659 4031 1982 98318 48467 41831 84184 57570 12725 23061 97814 84767 44449 93297 50064 53899 
2976 10
57087 71809 78019 67248 96358 90825 69552 74210 92701 38303 
5858 14
89982 36776 61045 86090 48787 21832 73185 81031 35106 44204 71667 25631 90818 83611 
9649 19
1461 16467 62142 99922 67071 86594 13009 36034 85401 95733 63443 48809 67332 57152 15674 63966 12753 78662 86372 
5664 17
90558 48407 99451 46966 62042 59453 89379 79939 64089 71750 23238 56387 74449 23990 26666 35355 6082 
8572 16
5616 12537 23157 22464 61981 96767 93536 11908 88489 82427 99978 29877 64529 54514 35534 53430 
5103 20
49313 86281 66778 18893 13140 96270 87120 88565 82090 35942 39732 82602 70888 12604 15842 98825 85904 29080 73651 85604 
2440 11
36019 32503 17250 95621 52280 48961 273 51054 38466 44569 95859 
8603 19
49284 92641 17393 67950 15077 77171 26996 51605 66859 88111 82383 99141 37576 80506 32338 63466 31516 50825 75883 
4199 15
77638 39891 64104 243 75677 56023 77775 15245 66625 38095 64248 33255 50918 72831 38354 
7055 19
81023 85440 46837 47588 68734 98464 64873 26688 14473 72689 54449 71061 27108 87519 64470 49137 26465 90516 28931 
4372 15
30499 6997 69841 24944 92523 62544 66726 30302 35670 20341 35772 59005 59039 39587 84825 
3472 12
98875 95870 15701 28175 54738 92424 3501 35120 587 59977 1105 99557 
7870 15
47421 66256 20086 62662 20596 57523 19673 31090 8072 41283 36838 69464 63337 61103 31063 
6977 17
66128 32183 70449 71114 50143 34286 75975 32393 26326 17293 1942 99975 97203 16614 48057 70124 99006 
1432 15
44014 43667 71266 696 74840 39239 92158 63003 84417 35888 4996 39998 26297 67751 1554 
3478 15
19603 46573 84384 75878 27194 78047 56797 14397 47361 87497 38160 67220 27823 60296 82528 
9814 13
59032 51327 32495 30769 38473 80386 5046 85182 98078 98852 61093 45444 36275 
1760 9
5901 39132 49620 14830 22422 40929 58487 46805 28953 
9061 10
97758 6623 14719 47228 34454 40717 6237 97493 42091 36314 
350 11
16689 4757 28363 2565 10810 43238 77936 8204 39345 55647 34408 
1397 15
17529 14265 45733 50055 56640 83582 1422 62582 13136 29597 73566 18788 92248 95221 66665 
6983 19
15477 0 79007 16820 23114 62493 27804 38392 75925 96209 85626 73569 99500 87963 16912 50165 12386 11765 78220 
7067 14
32770 9229 21484 90694 7190 67360 21175 21110 39500 41874 20178 66513 26528 11049 
926 9
87580 61774 35776 84486 63947 4117 62344 10820 58282 
7104 18
6640 86511 88759 92978 52594 14464 11303 87687 54403 2984 50761 80549 31313 13281 61556 72320 71194 26014 
939 15
23188 33695 19943 67457 35371 9445 8498 24885 59061 7442 96802 10451 89910 44613 76624 
5370 19
81893 55462 17146 86901 26596 23049 87603 92455 1512 1905 36902 57716 35111 47155 96547 75474 96929 84439 51241 
395 18
24634 69489 54649 89028 12026 81645 49942 92915 18647 57708 20424 79798 59518 26432 85281 89627 56613 27513 
8659 12
36054 50421 50837 71598 79943 57540 74354 16263 46930 33893 28136 70857 
9386 12
37279 41193 41539 88092 12559 26066 32870 93735 69034 4288 24106 60607 
2144 11
7776 62673 65933 40437 18220 2623 37470 36485 59023 83373 8888 
8521 19
64176 83416 49863 86004 86374 5922 3523 9525 52981 14317 66555 55003 92700 98065 53094 45102 75115 6293 72412 
6904 13
16023 82485 40913 32553 82242 47977 48061 84609 64372 96000 17229 98496 94706 
7815 18
29279 83165 82861 56576 9755 79735 5927 47844 48124 13176 90719 6691 43089 65395 99502 35113 90067 69558 
8210 18
50821 82126 76179 88913 31910 11490 32587 34802 30929 61316 21821 22228 79443 33935 60264 3271 56103 48003 
2097 16
71974 13950 4479 36914 56512 59220 99396 58614 95184 70408 55915 30639 19472 72902 35119 84576 
4100 12
51164 35103 29972 61020 73240 18669 80240 68742 18176 44205 87147 74854 
4862 15
39371 63098 52618 17003 65788 85868 33570 38422 42407 58240 54780 57702 31301 79787 53200 
6241 18
40462 36531 42960 25240 54471 21600 74814 40351 66575 48146 12416 61451 13562 66639 98014 31889 86442 88617 
4039 18
95248 24090 72928 68387 90115 49395 23246 93823 48894 87521 93849 47653 86572 82057 66948 89584 39058 77248 
9441 18
62148 89588 18559 22946 89018 59188 9678 8097 48861 37087 29707 54244 62918 75174 20192 61441 41577 64962 
1453 19
17714 25123 54983 15385 56190 28208 24651 38811 66733 39332 74243 1339 59341 61255 12015 70749 68226 51412 22832 
7175 12
66907 75263 28784 39305 23413 28230 17709 96386 68888 4082 14897 55577 
1378 15
73543 96525 13891 831 20750 54234 97441 49120 74283 69497 99042 87112 23194 63363 60280 
6868 12
31971 13511 67448 21326 25215 45771 23253 27558 12551 25788 63633 99107 
1342 11
57895 74766 19315 46270 86196 6330 14075 88043 56297 34616 63941 
5172 18
51447 57499 78612 52269 6742 17102 52564 57587 40985 22553 863 71104 45727 8430 24432 67828 5955 32583 
7124 16
50099 54052 84187 80820 33815 95164 78852 15534 15911 72194 63152 43774 47497 66112 76659 11559 
5818 18
55359 1281 66216 84011 40475 91785 98400 34960 59170 32589 35342 70993 6644 20394 14283 10087 51908 72617 
9927 11
15046 62049 62499 74206 79480 25242 6861 6495 87095 75180 79254 
2935 17
79361 13418 34906 75105 91478 37916 29005 89387 84668 37879 44126 89879 34047 94414 14544 68413 1992 
9836 19
15151 78858 64956 79991 32683 72558 92220 84746 85288 54368 65991 46523 10156 37094 34747 49563 32046 63244 93608 
6418 18
14997 77682 22844 79744 82879 91998 96150 57577 75744 3708 39035 4176 71901 55251 7124 81382 99717 55802 
520 12
24213 81727 63571 13982 61116 41348 19502 13745 90702 22444 30948 110 
2021 18
1843 27794 71286 50373 37252 78156 81421 71534 35269 23418 32198 37960 74288 59167 51017 78468 12950 64069 
4471 18
83872 17026 56088 81903 45549 36480 25398 65168 14589 68470 55987 23419 8422 84018 25530 21229 71863 22581 
1283 17
78912 89194 18163 45905 65797 29280 99157 21454 30634 38825 18667 43971 61184 34956 96458 50561 9751 
5724 18
83428 63547 24578 72830 21401 8025 43701 12844 16663 13122 89956 53478 4331 91251 9003 93722 19536 64761 
3877 12
56436 96445 78695 10917 99715 99109 63049 51413 73025 49300 93138 15317 
9421 16
46482 45779 99889 9220 63456 86837 58262 91362 83448 2690 92428 24786 56960 38279 33784 50109 
5871 19
20509 97376 60195 91276 52472 59699 35879 89828 81484 37162 73504 281 86954 585 37461 25723 71203 49451 24136 
3470 15
20558 98740 83206 73037 46955 33836 78132 77800 56067 88324 41087 72116 20222 44068 23632 
1556 16
27036 31645 94060 19297 39198 6231 10303 26954 91670 70486 16757 67871 40897 30508 82565 18307 
3837 16
77213 22974 98230 52789 9470 81538 27601 62685 1730 91342 77605 89564 48163 64117 76390 25504 
2722 15
22626 30535 63545 91360 58239 98911 89796 75712 85352 91586 72772 2495 75932 68648 63596 
1478 17
29736 81910 56764 95287 31959 59763 21990 16091 11030 70272 40915 94114 99281 44076 3165 88154 16541 
3755 18
28997 36632 89399 28933 37715 93679 54060 89386 66021 69000 1719 86288 11814 98204 63749 6167 79379 84772 
2303 14
43320 93759 25377 58330 39150 96352 48992 4646 36755 22170 79109 3471 38347 95561 
8912 17
5735 53735 31202 11771 61440 51355 23631 24608 57032 74752 48048 37555 69852 33840 67082 76800 51469 
4651 14
53238 79987 84585 23436 21167 31850 66439 16941 21333 50659 17217 70066 9997 70429 
5362 19
23818 42441 30776 14970 57556 23195 99536 69320 75159 1000 72462 92651 28486 73846 35837 66016 80770 19954 49168 
3597 19
30212 95110 43268 15572 44464 11413 10118 37962 76133 90138 43181 26650 84345 90342 82493 12667 73670 55285 59146 
969 14
11375 16352 3560 94144 29407 6800 51351 36205 64681 38137 24281 90538 7644 4938 
2044 20
29958 39554 69029 71861 27066 89068 25945 63471 64546 92294 79761 7230 69976 59429 90947 34336 2766 73699 63723 84863 
7042 18
60582 42074 72464 37687 49221 64879 38712 77640 24343 94727 18110 79123 87349 18938 1911 92896 27467 69648 
8862 18
64911 61951 22413 40222 51933 80888 95974 76154 13733 95484 85213 21263 61649 10058 95183 4895 92624 48111 
7575 16
67566 43509 79454 43121 81317 53525 60496 80057 14517 96630 31529 11851 99998 56723 57733 66420 
1967 13
43927 40905 33135 86026 92869 11981 43534 5236 44470 26335 73638 40595 82135 
