367
2044 20
29958 39554 69029 71861 27066 89068 25945 63471 64546 92294 79761 7230 69976 59429 90947 34336 2766 73699 63723 84863 
8384 20
29310 76168 27699 71023 90223 79781 84313 24067 67329 15212 84933 67804 45614 54344 4986 37923 69826 34713 81966 89482 
9864 19
57304 87077 7356 39604 54616 20449 74649 11576 63385 47069 3605 94143 89689 54687 90037 57004 49206 63611 43488 
6588 20
60125 88210 19537 75995 48982 50826 49067 50809 7618 42352 66794 98341 1988 82960 38766 2159 75758 47631 37636 36766 
3597 20
40462 30212 95110 43268 15572 44464 11413 10118 37962 76133 90138 43181 26650 84345 90342 82493 12667 73670 55285 59146 
349 20
83215 64201 17897 92378 49971 45706 10212 55168 56492 71808 20469 87536 18167 97265 39545 93253 59352 73350 99807 34171 
6698 20
52944 76220 93865 48694 89391 78589 29418 14519 16542 70031 61763 48976 48503 90165 20552 78901 78305 78708 49808 57357 
1911 20
32764 78979 44359 31259 51734 37169 24368 67841 49484 43423 86319 31051 13741 31521 56231 78756 53101 48403 61157 3875 
7937 20
32944 58431 48614 7517 78805 4329 81827 13847 48712 50105 34861 92731 97092 79984 74379 3015 12807 3518 12068 62239 
8983 19
4729 60477 95648 46498 75827 35583 3441 96859 57420 26723 12451 41029 340 48673 91117 79176 56183 45432 94589 
148 20
74244 73136 87691 38119 1799 80395 54912 62178 20919 58781 19015 78251 39506 48041 27152 29002 31811 24662 36932 95553 
6602 20
23964 69698 64584 66197 71718 24465 87723 83015 5244 21751 65253 24284 80221 69991 93392 33369 64012 86127 52271 63803 
3629 20
21168 5750 51851 72472 64501 66715 5300 6044 12758 93128 99147 70113 88364 68531 4753 16242 789 26714 44889 24513 
5724 19
83428 63547 24578 72830 21401 8025 43701 12844 3319 16663 13122 89956 53478 4331 91251 9003 93722 19536 64761 
661 20
48941 87312 32402 83190 46618 77606 50977 25973 15297 26557 49350 31489 55860 41272 44823 15973 86001 9112 5110 66405 
167 19
91886 62572 19274 9431 28225 18981 15259 53815 3846 456 81155 45177 35985 60871 57990 72109 36303 80055 82163 
1088 19
77897 28737 16194 9932 1990 28857 5058 78484 14098 44960 39916 41657 50247 95320 9564 78091 78373 13404 70275 
9109 19
21831 72750 31552 34645 17036 9122 18611 70187 61200 15604 31577 72686 73314 50051 17673 68699 59149 59799 10455 
930 20
15374 77709 50122 98123 69882 32075 60154 30940 68671 24536 24066 64593 64149 69252 62830 8878 55988 31670 68975 76659 
7687 19
79820 56716 63581 77306 45992 77380 85887 77848 53347 21087 21971 82606 24026 40779 13022 47725 21138 73637 36689 
811 19
94207 7006 87847 13093 66814 43056 25691 33777 60123 32257 58470 87977 36628 18871 84120 50881 19254 11148 68738 
4871 20
920 12492 79041 29616 52743 42134 10014 2030 11543 55914 58146 68337 17652 50357 83073 18945 98377 17164 66996 72701 
6049 19
16636 20528 81000 96610 13056 11303 16929 15390 20985 97747 7587 79912 95820 56957 83019 64596 75226 83557 41202 
6416 19
92349 45119 10158 52550 57172 15413 5425 10699 20964 99308 16620 31915 66830 95684 56390 81253 47968 90005 74318 
3165 20
81007 35346 22320 75008 7821 64120 73267 71062 8716 97667 50084 67357 57440 39688 58941 58390 66331 64523 21748 80585 
1702 19
93013 48446 93145 57179 82133 67628 62626 93530 26971 37974 83136 52945 96195 54745 6883 41154 54155 44058 63244 
3317 19
93895 6751 58310 20292 70348 43805 83362 9188 93982 98376 66753 18812 39418 41538 61010 22470 11431 88061 51045 
2295 20
92423 86721 39973 53545 42630 72977 57390 77952 94482 65724 32922 98602 99188 98839 22146 58739 17887 70899 7720 12395 
6980 19
53205 55463 46236 96257 95986 5817 40284 5705 37419 23837 57681 25220 52865 92148 18909 10247 86902 345 57447 
1949 20
24096 18968 71256 82966 98832 52845 2883 63589 5658 7767 96757 99572 99686 77607 75188 21318 29512 46254 41367 1416 
4637 19
63609 28299 26142 46712 95262 16353 59528 50684 78679 72198 48895 36055 96659 67409 54237 89342 58115 89102 20123 
5818 19
55359 1281 66216 84011 40475 91785 98400 34960 59170 32589 35342 70993 6644 20394 14283 10087 51908 72617 63941 
5481 20
92815 22218 91840 6010 99293 32190 26812 91537 11602 27096 73486 87430 77802 35425 26150 32556 64489 76109 60798 63430 
7709 19
99195 24499 28069 69407 9816 71892 58854 6194 78733 23021 56021 67654 91415 53259 88615 70512 80735 37972 17174 
9656 20
69692 40244 29505 81346 67639 60770 67172 70693 5714 77205 46988 84892 41026 28586 1713 52553 96574 74266 58660 52737 
7833 20
48921 80729 81100 15040 75439 28263 13413 27970 6455 13335 25955 76171 17284 55296 951 77924 65603 82706 28929 96292 
6468 20
33024 70998 45359 52653 12308 38772 39842 6743 5418 29476 93445 60710 84678 2730 85490 43956 3664 15038 81275 68680 
3854 19
2245 69562 45850 55034 6534 36681 23466 80787 84046 23882 76913 94929 20817 92790 32246 28893 28622 27739 34562 
4486 19
18005 32414 2710 98899 58740 32430 92910 85850 84361 15357 62927 79014 89647 88634 7655 32746 64356 66033 3231 
2075 19
24782 49072 84055 68423 92693 1448 18433 18122 39879 70852 86288 50393 41424 87118 99139 69430 39111 4859 38228 
6063 20
54575 67622 67848 78200 9552 95598 41516 96428 79788 1266 85987 48962 51504 36058 66962 28199 5828 91877 9218 50947 
2137 20
70379 37854 56949 23621 64790 14704 4572 44632 36726 75376 26245 46404 93795 56775 24477 75016 88626 23019 70737 16397 
8696 20
35619 45104 44776 86267 17085 89554 3876 87902 38304 24855 77630 82092 78115 2284 82577 94634 66416 42488 5076 65791 
4507 19
82715 9967 8689 36429 22220 3434 49126 23624 43499 25989 95668 24322 39788 65431 27478 46145 11041 90716 42898 
6897 18
56907 95402 83304 28038 71074 14860 10856 3932 87937 54263 6564 14925 48793 75602 16476 73295 54084 37550 
4381 19
21975 38669 40460 18215 75947 3505 1852 46161 24950 38524 81256 47841 58217 4894 89736 1734 31979 50195 54841 
8728 19
71936 35203 33260 69082 65433 50050 87702 32405 56671 10134 74374 73194 74978 35881 72584 47730 18116 81479 15654 
6681 20
91180 20095 2919 61662 50712 81470 65508 18428 62095 31145 34476 25917 87963 13526 49451 71418 73261 40767 40452 45172 
6160 19
88124 42223 6857 58977 95690 77372 37344 92697 91220 97478 74843 61955 93960 49224 2481 45193 36114 15317 49541 
2737 18
1780 35484 13839 78710 64827 77444 89450 43703 40330 46156 3905 80130 33748 31512 9560 3325 25708 78758 
2901 15
21422 6452 19814 20707 55482 32616 94766 67673 12040 58807 34002 32970 85111 71126 55760 
5348 19
2519 30289 22038 37958 21795 43951 27669 16521 30371 60666 44592 63951 6144 42335 75228 92159 70428 9820 44219 
3428 20
612 47401 28439 69864 36727 51354 44929 88298 49856 97430 49358 71379 56796 53296 25787 94797 87468 63123 39161 61709 
2892 19
51425 30672 26190 51820 85247 50451 37513 56667 55996 15090 20135 74543 20815 53745 9474 4658 72634 10531 69949 
9291 20
61965 53569 90997 18754 49163 67203 31620 98661 55315 21108 85620 77294 70367 28135 26874 18872 43178 28222 6043 66701 
3669 19
54259 11241 97163 95962 53370 77614 60663 53456 62356 55887 90677 69338 48295 60418 34114 21581 60279 74906 2511 
5423 20
28551 27803 31739 46430 95207 35455 68353 45970 1409 9815 55156 1773 50200 16272 94963 49455 70050 8351 21946 59012 
6871 19
40071 599 47629 87851 67662 31515 12282 59306 42836 75548 36149 80127 74615 74736 16615 59246 66013 39044 13601 
6976 19
81336 89056 92586 97336 11231 2163 56081 92699 97119 69510 89120 74902 32712 66507 34239 60936 80822 64849 33516 
2998 18
3616 16572 31009 41318 13822 95424 71448 26160 31381 12141 94677 54540 1070 42006 59790 14986 26729 87616 
9294 19
42080 72711 16973 96726 23597 68640 97076 42870 89243 7009 57516 37909 747 37479 48181 54341 87581 33522 57295 
2759 20
39908 59588 22593 33693 20900 90412 43513 39207 18178 10911 48522 89978 49471 90172 76238 23359 23179 91442 32169 59994 
9532 20
73879 33222 27272 87927 56984 14790 64187 89797 49784 34812 25943 87628 4121 37281 28367 96664 9505 50944 56724 39149 
2610 20
1382 65479 61304 49113 77032 39325 48043 89240 66708 4174 7820 74761 25060 53356 30494 52297 11071 10458 48745 71113 
6644 20
89990 62465 5281 47332 52990 87633 79918 60249 35676 34217 91504 2164 10816 32722 59710 43182 39066 67532 73905 34688 
2232 19
74077 65923 49393 31579 38837 45810 64780 83134 48270 1186 5615 47299 94374 37010 95592 69642 62561 25193 67763 
5437 19
58359 29133 84137 62156 75118 39244 78972 63416 94845 40517 90727 10326 36537 70941 99313 46209 49865 37541 19419 
2493 19
33551 79579 43399 39918 33432 63953 32355 74389 48818 42085 15829 40108 95617 35806 8519 57871 76814 83473 58246 
5523 19
74547 82572 20012 37009 89131 33580 80571 36834 40020 44354 48363 65454 67081 31078 64293 17531 95018 31675 18711 
4016 19
96984 52193 39368 59159 44634 416 3854 95660 90385 36916 94834 5140 76887 47331 55216 65954 52022 36082 81953 
2127 19
82650 99260 101 58409 24264 32759 76325 26695 53221 61867 29851 64279 99788 35682 37197 56781 93557 51072 15442 
8677 19
59762 61954 69066 98603 36527 63444 84362 95939 27075 87787 86212 5765 75934 11813 57476 65537 70719 55736 54100 
1420 18
76512 26410 18028 72371 28783 88102 74425 89894 20791 11526 24206 24401 46426 80524 39276 82035 1597 84686 
8434 18
55689 14946 12511 53582 92130 54956 40677 70701 26163 53482 28374 30601 29037 11842 84341 27251 45588 39428 
8181 19
82963 39996 15098 76450 45999 80560 83126 49564 56979 34337 7259 52171 23141 74272 59532 29408 37489 56597 40430 
814 20
41032 23036 55991 74620 46466 84848 52641 17022 94732 54707 93376 50581 84488 75362 49076 63855 36942 5977 97902 93737 
6247 19
23903 93861 87397 68930 52998 13773 84919 97839 39781 43826 87127 1016 9586 82602 1267 17357 57766 80219 16436 
6367 19
8507 89772 95063 18716 68008 74113 41361 7512 51554 12701 4513 55679 51998 59315 55688 4138 46085 85339 53725 
6253 19
51545 43682 10342 66108 98355 77863 34810 71436 81202 51490 43797 83025 25956 9713 56995 98882 51496 1822 96307 
8871 19
93051 22656 33317 54889 12814 2013 14111 44006 11833 59423 75716 37707 1029 22043 1221 21236 12315 77712 54623 
5017 19
71607 33967 20467 31031 62360 90077 54423 90889 4977 17889 46805 85280 97297 8655 4919 27933 4551 6203 33319 
1668 19
80410 44718 9362 36335 24030 55783 58743 88494 67446 45921 46296 40392 71723 97548 21420 77215 17657 54122 77181 
711 19
2203 31080 71328 63830 81407 58610 78062 68240 59837 32652 61796 49402 58142 96244 17137 98897 58184 18528 74171 
9275 19
10678 65439 54384 5993 84400 46024 73807 20719 44588 52454 74937 24056 81883 34618 55292 96050 68647 27217 96342 
486 20
97830 4790 62384 35600 70433 92872 57487 16438 74082 1886 17824 92546 21153 32434 30785 80033 28477 78122 77753 31791 
1438 20
68407 23290 2534 81831 97390 71586 70205 12833 32566 1026 57769 42181 28131 2235 8610 93989 4492 78128 10044 65681 
8791 19
77912 7524 86695 7772 91907 68515 10195 70762 32205 58323 55805 40812 99958 73654 5851 95022 67079 27407 89708 
9829 16
56041 83501 86822 88487 77453 20136 75869 3990 21391 97558 32779 67231 11205 47315 51779 70861 
9951 19
30746 79279 99083 23612 51430 29724 93979 49895 98805 30497 64155 77165 50703 15113 59129 75166 50730 6896 83863 
7424 18
80275 96478 99679 21074 79582 15121 32507 99761 32975 35913 93336 68365 40705 37115 66877 58581 31399 87547 
4630 20
91356 7100 57171 43959 69243 368 84719 84525 66660 28823 79817 94786 7177 82768 29479 48216 47610 72945 54033 67946 
2514 20
88402 41775 87400 3575 78308 71331 45178 75230 96852 61451 60439 9548 9566 22132 197 4266 10028 47355 50825 49575 
9359 19
50397 81348 72169 3917 73996 8847 63696 27446 76616 35104 89808 13330 82061 64099 1087 25878 16230 34050 68912 
3708 19
42834 52573 91748 83868 41962 57344 26006 91434 9115 79985 62570 80897 70739 68448 20149 90844 70782 34595 58657 
9013 19
64716 79910 88859 28809 63012 56101 23750 45327 52400 75957 97195 33431 73728 64041 46927 56551 49605 47364 92583 
7431 19
47840 56813 78548 87510 77423 95171 38561 23043 40587 51785 24824 20654 48338 87278 73926 49009 98460 44971 96441 
9855 20
60258 74200 83257 45533 55738 34698 84226 89198 14014 94033 64392 21342 79077 31629 2999 56073 18568 51479 24583 69233 
88 20
92257 9925 71517 64710 83567 2478 26920 13921 16584 30039 87879 95943 28074 15842 42841 8235 85299 83687 16004 96717 
7197 19
33752 79354 40527 45087 9789 70548 60373 57881 37221 35493 57825 50884 22905 29183 47711 32052 85002 23852 17486 
2109 19
59548 69361 53017 16081 19152 43212 31327 64071 9177 82880 42324 84424 53156 60640 39183 32541 35173 81350 12460 
6235 20
54675 98310 2510 89751 51514 33564 21213 14188 78483 27975 20599 23126 10813 67868 16201 74048 89434 85956 44347 43368 
3215 18
97697 28626 87224 87041 76153 17979 23408 85996 45484 56506 16565 29694 9127 51720 19258 48973 12289 85233 
1045 20
17105 25087 20595 95978 77344 63622 90560 21886 41485 54028 20566 44114 43439 87873 56316 91949 29992 39892 38313 49560 
1815 20
39778 46231 11472 77584 53452 93261 73409 66241 96408 32932 11558 62223 72567 19271 20432 52911 21898 7803 36287 72742 
7819 20
47416 71839 45905 88097 42215 89224 58796 8183 21414 86747 20549 60221 53006 39170 32704 86604 1367 37514 58040 85469 
6115 19
63877 83165 74708 46716 63246 1292 68866 8724 77082 28690 31377 25374 87223 30659 20120 15175 37543 61183 7852 
1972 20
1204 59595 65662 65305 29462 74387 11627 78442 79347 81506 35132 8613 78954 47295 23587 74510 32969 33606 32437 70806 
2325 20
72250 62375 84942 88131 164 356 77998 29651 99729 35649 78626 7115 62261 9016 89195 51699 28641 96724 99825 67783 
7055 20
81023 85440 46837 47588 68734 98464 64873 26688 14473 72689 54449 71061 27108 52199 87519 64470 49137 26465 90516 28931 
2131 19
39127 40821 96117 58267 57250 32293 28303 63610 30118 96149 83882 5323 4950 49793 98680 60033 35568 99241 70660 
8005 19
66483 43568 69565 63014 54867 7518 80374 38757 58998 22715 2171 98798 11769 59779 50403 63729 75201 44049 71358 
3103 20
33283 87541 24362 19581 52451 85661 2609 15670 61016 58485 84817 62969 42284 13378 84707 34091 29529 66861 26361 55734 
5851 20
8445 79965 3982 23556 21720 87530 56563 30381 12513 17291 95728 45502 85653 3163 21555 35601 99002 21719 50129 16980 
9221 19
76388 57012 19985 67088 26344 74554 24514 70487 25306 52725 29873 90500 83297 88825 86722 93774 8245 88738 84026 
4758 19
41803 61417 26076 4552 94218 63986 71749 2686 74497 91216 47525 54287 2051 92408 33654 24709 23928 99010 84347 
6550 19
94970 97138 10051 35700 31067 49892 65313 11530 97857 7958 93066 63103 12759 33058 80912 57286 85050 57527 16395 
9737 18
71264 72656 84487 41855 29563 38358 66868 55201 14225 6091 67947 29742 58047 71043 29309 67536 86655 48490 
2115 19
57393 56546 631 52372 56731 70698 30329 99970 67550 40196 44940 50089 82299 3811 72783 62652 36470 99988 28285 
699 19
23773 32827 7888 92304 82912 63799 94146 54313 28292 89322 74873 49052 67302 2040 21691 48721 57289 34845 56321 
4775 19
39341 78072 85930 63833 80663 3796 51815 30257 56806 27594 18438 44376 82844 76773 46064 22934 24571 75465 40231 
5457 19
39050 12629 9415 2267 87210 31449 28503 11439 35744 58357 44755 66555 37520 12019 36781 91022 42465 89720 88707 
3169 19
81404 68833 21488 88523 47381 91815 27517 50325 39686 21040 45464 14258 55535 32833 61712 27591 28600 83548 97013 
1061 18
94213 71536 85758 2073 87145 3851 58860 38759 92438 71312 52167 11206 3958 25924 39990 30000 97107 66149 
7693 19
25314 54135 38123 28229 44264 11113 77084 89295 57349 3799 63759 46440 68186 92043 61718 48395 47120 69254 11502 
7438 20
92491 76815 43162 1137 35463 42865 51686 50938 85581 86426 68645 50115 74677 29776 82920 7093 59314 89848 39760 60101 
5311 19
88308 47594 27 85283 73422 52285 82953 37385 75001 71301 41168 81510 56186 66267 5980 26765 40337 31674 76763 
5551 20
2017 82686 16393 42531 49872 40140 25876 2528 46752 53504 96884 2612 12935 42489 29773 99068 69726 35382 61909 30948 
5639 20
83004 98037 9399 37394 54255 40505 56052 35423 36910 48368 34598 80119 47904 3492 93994 10915 5820 18113 6993 24597 
8473 19
4403 20100 83805 33746 50900 41836 54599 11557 98284 85794 53910 25724 56569 75360 55368 85399 74788 50273 65237 
180 20
22770 56086 52970 71005 98128 862 79716 3243 20863 72660 75870 84541 97815 53633 57753 65750 31588 87213 35394 54866 
3954 18
19488 82309 60846 65040 65492 41916 73802 89107 34879 72792 29964 43546 5135 26948 53931 90743 73483 41484 
3622 20
17987 75569 4741 17060 24612 1945 95080 22725 73330 90636 57909 84960 44900 89331 42567 76681 66237 80674 11707 12239 
9852 20
49328 65136 43414 43624 14664 11346 24273 77919 71367 17676 46923 87708 42466 47385 43809 6912 2901 76378 52206 22245 
9421 18
46482 45779 99889 9220 63456 86837 58262 91362 83448 2690 92428 24786 56960 38279 33784 50109 50353 95997 
7040 20
61395 10448 63916 26840 81695 18632 20104 6429 68762 52031 40241 9114 51633 12011 19113 15896 95228 40704 36601 80914 
4252 19
73224 19213 86957 72729 62340 26067 73659 92372 73169 87121 48475 58654 6511 28200 41155 56397 69466 51077 34069 
1356 19
83283 52190 15920 73445 49706 77787 89796 40507 61543 74453 1718 98328 70779 66975 63860 57786 7850 74656 13975 
6884 19
97366 70198 13177 72003 64709 87651 41755 29022 26225 48467 16546 67445 31097 48638 29364 92029 91414 53623 30908 
4717 18
56201 65413 2654 29078 36568 51880 86264 68665 67252 43891 61195 61563 81351 28190 26828 49956 12998 79767 
8160 18
99009 38424 80836 27155 27783 17769 56139 14356 27010 17616 50883 70349 36965 80128 96701 55654 65467 30304 
1364 20
46785 61473 9703 53457 22118 67215 6637 5480 50191 16602 35016 83629 13278 36175 7442 78179 43337 18075 95115 31631 
832 18
86392 29746 98497 26078 76482 42719 3870 4567 54441 4118 53142 17213 12923 1489 44419 85275 75680 29059 
5030 19
36814 35724 8186 66633 1763 53718 90423 10444 57136 30735 36144 52071 42899 99897 98456 19728 44278 63887 43874 
8505 19
51950 91543 75626 82264 70781 63958 99498 40259 80284 10869 86182 35399 62215 4848 44883 68405 68816 53693 64527 
5833 20
36749 92834 53944 32656 79243 18789 20500 87141 95441 474 7966 6727 88336 56234 71847 78707 59226 31143 36829 35847 
9523 19
15103 8121 43052 52506 61699 22045 83933 28505 19986 83295 85501 4092 78621 10946 43352 93787 27261 64733 87532 
9447 20
38493 70663 38593 673 76262 410 89681 38320 34612 76725 33653 90735 98621 61857 42871 20351 83518 38150 14339 63821 
510 18
36085 14700 58361 68384 94691 12979 16880 52722 64848 39147 61597 32718 26530 78369 93514 59844 35139 24451 
9134 18
89613 57053 64323 39648 67811 61407 67797 67551 44669 46377 99977 52253 36801 82551 78146 13392 86535 968 
838 19
64465 77050 57282 40970 94773 6571 84356 26621 24089 74634 75906 82030 16912 65743 2425 90975 84745 12628 37984 
9050 18
17366 88577 88542 66215 74653 49814 23599 69708 48854 71952 36869 6413 15685 3889 77321 8051 58266 78140 
5023 17
71227 42712 75447 66078 8667 54788 85676 13803 72850 31201 82184 73933 50887 5825 90649 87136 44869 
8363 20
86460 75160 19297 8218 22066 24495 10067 58215 52197 4338 95698 79757 90492 77027 21268 21457 17958 421 13267 12905 
6609 19
80532 62769 26726 22173 78614 73426 64281 69910 20546 84281 76612 40813 15824 8037 44884 34525 91760 17782 6635 
8912 19
36219 9206 5735 53735 31202 11771 61440 51355 23631 24608 57032 74752 48048 37555 69852 33840 67082 76800 51469 
8530 19
11503 81373 87719 5892 26138 59089 88957 32631 2304 20859 16064 42760 19448 98024 99723 22968 96213 27044 82458 
2501 19
7601 2417 6315 28483 2239 67853 29739 53816 50297 39933 42937 18132 32033 96396 43177 44372 86438 62253 52339 
6427 18
58856 62995 52416 2848 25164 83845 76053 8433 10875 19623 19349 51994 48473 93618 434 27721 29195 74901 
4988 18
16906 38009 49700 51197 11200 28523 11922 5799 61986 30035 29791 50618 35058 20568 93955 64253 65045 65671 
414 19
58203 57632 134 4391 35170 13209 3857 11876 12491 43849 47195 82540 55000 67594 72431 98692 78367 75477 61099 
1397 17
17529 14265 45733 50055 56640 83582 1422 62582 13136 29597 11232 73566 80506 18788 92248 95221 66665 
6821 19
34765 13254 40424 1631 64475 6120 40734 65710 47392 99232 74059 38721 85849 36401 82842 95339 30421 2614 93884 
891 19
5752 87948 33768 39858 68095 74930 64491 67375 77788 69921 44791 76477 88916 2533 10855 6322 25101 61413 79752 
627 20
74570 6016 49106 41993 94802 39432 20137 76493 13907 46427 61874 92874 60226 60962 18989 17668 47618 75802 52170 38799 
6832 18
96968 91032 72490 99670 80719 59365 25371 935 26356 18282 83082 86543 65767 17907 44438 39171 20256 25364 
2496 18
16111 24018 5319 34180 84656 87604 86287 47137 53594 74281 4821 69764 83112 3121 37880 53759 54654 73928 
1486 19
26716 11094 72111 40667 53225 78407 14278 72607 13851 18832 44282 5811 39766 65666 12250 79319 96225 35907 96627 
4750 20
54443 58125 83605 96351 27589 65542 37091 59189 38488 12153 20032 37214 36626 68822 33987 89323 5762 88763 42356 71773 
2943 19
89074 42824 10040 34734 14627 36728 35038 19155 56395 38998 44522 11954 4916 61497 68429 56722 68857 48077 90985 
2798 18
62930 13972 5547 55073 74714 25320 24639 58337 28463 39151 96876 7485 46101 79291 3363 51701 2298 36023 
9574 19
93797 32523 58606 78540 47383 62810 5934 2343 10510 30215 23994 15704 46276 99574 65428 97499 58472 59397 28041 
9795 18
82816 40005 63213 20885 76529 21612 27957 51869 21198 17117 43506 66744 91990 41804 76716 47305 20434 65418 
8910 19
61520 97575 43138 94724 92261 32055 87320 56663 4878 42750 55435 83365 35807 26215 22611 81603 19559 19798 13132 
3407 19
13860 10902 76951 69065 1747 8722 83592 15630 49376 32395 56627 44095 60096 85147 98202 23169 52696 79535 48469 
2036 20
40670 27844 83062 92696 45700 24556 51581 16038 63312 34011 93088 21988 83164 81755 94494 84093 4076 81429 13604 98617 
3817 18
84587 27449 37798 84939 20117 12370 88142 35154 1970 76056 23889 99112 24180 88456 97393 99407 554 99990 
1692 19
12711 51199 1643 13679 56466 17111 19384 26326 87509 75801 36480 93036 56858 97683 93935 68516 3721 44581 45606 
8177 17
86465 62193 37076 27778 18057 61129 12332 34772 72882 12082 87722 47292 19949 68303 41349 30779 42461 
5345 19
860 89116 97852 15602 94530 98257 32964 24450 62392 72349 11138 17624 31374 36536 95436 90912 13629 30131 56301 
7516 20
32105 4378 9207 33682 57087 23092 8639 25892 91721 72832 45618 82512 54684 70559 8224 44872 35605 73740 46465 39664 
7164 19
16300 88532 51927 46932 93598 11034 22616 51026 11250 1665 26683 11969 92743 59655 89788 4667 1126 32675 43695 
3007 19
47921 42839 88255 19702 70633 33591 992 81916 566 64682 38225 50121 83099 89895 79125 75235 50571 31676 83671 
5608 20
55890 27604 80523 47547 80381 83487 77152 95222 91541 5011 66487 77270 88551 25460 31736 81161 19034 72801 31023 77010 
7843 20
20265 17796 13585 31208 40070 5667 9698 99266 45791 15016 3970 75591 40884 44404 31352 74467 42817 77573 38684 9526 
6446 20
26401 15900 97353 66792 68545 68205 46530 53448 69144 69387 36923 35735 27618 83774 98393 35871 99013 78839 10142 58291 
7201 19
75421 1870 46664 33173 97303 98275 95419 7886 71207 2668 71365 81726 17893 5891 54759 23777 22662 76802 38846 
5604 19
88745 98615 83808 9978 26363 26512 42354 3229 21085 83291 89538 19539 63689 63423 74267 60539 98019 95456 75707 
2830 19
73779 43765 27169 2816 85802 50999 24754 93477 11521 81508 66058 69904 17347 2023 22923 62515 74125 3571 65030 
8154 20
31914 27950 34487 72355 38818 74864 9166 54153 60927 96609 2179 69752 3812 12247 9824 80683 23026 21478 7591 36818 
6371 20
43838 71975 42036 85169 81901 64705 96124 83832 16378 27141 37767 29277 40283 11657 2155 72420 74896 47290 75638 65974 
7358 18
8226 41726 81897 46729 65619 36550 63957 45114 59605 34271 81543 47834 46203 30585 67570 34122 51487 88944 
2023 20
44072 19183 89505 14117 10811 4709 71120 68558 68773 25754 65288 65821 32472 29948 80121 3966 64230 17888 96004 16809 
5460 19
5789 80838 68798 8816 18760 37802 44348 86940 27625 74362 22269 32059 82383 8234 7083 21064 5330 97984 41157 
6633 20
3560 97717 48990 66888 63971 78792 28747 27148 23120 50672 7343 13722 4861 71810 24522 12603 38820 91131 46796 69673 
7877 18
97111 65463 37999 584 36975 15048 28590 44943 12965 49152 10016 30112 14723 25712 46808 52364 81243 84234 
4088 17
80579 42689 38110 73323 16812 10782 30218 83481 86814 72538 43684 44950 8920 8397 75991 92967 32152 
3196 19
42418 98233 26223 82021 40925 1195 17497 51129 7176 39714 8165 46780 25747 36052 37232 59739 84731 41923 21474 
5065 19
32542 28614 40458 9950 71471 311 6870 20130 3096 69453 75917 99038 63892 77520 71880 28703 62380 89812 99758 
2220 19
80733 32322 44761 8453 72557 27103 12045 66954 78005 3043 60100 4908 9170 83121 70720 28607 78004 30860 98380 
9101 18
6785 64819 86821 19066 58552 77147 37049 50232 82354 48757 81259 29575 21606 10730 75021 45693 53852 72384 
3764 18
51167 60792 85103 69583 56429 71135 95518 6181 86064 75741 60695 26712 89748 69806 33508 6290 76664 4642 
2657 19
12476 24266 47663 66936 60851 70935 67057 20372 29608 68893 46433 83921 86839 36709 69036 14268 32792 86153 42175 
1394 19
2359 1096 11683 81438 88850 66090 54932 77041 94512 15018 15424 7515 31292 5295 39712 62801 15102 24054 63950 
7035 17
89701 11995 17806 62585 53107 1982 9182 50440 70645 31940 52787 3012 85829 57848 25082 34816 34166 
2047 19
31450 16869 65400 85450 16253 81296 28650 75276 7932 37522 5708 956 80520 75223 44463 19298 94556 29083 10296 
3742 19
22010 98741 34927 57230 19787 93305 38617 40542 24138 39609 38515 12235 70768 90056 27890 10046 45008 53473 43408 
7984 19
44930 27980 6981 57104 7690 38861 57279 91557 40900 55615 78896 88120 97991 96995 83098 98660 59248 60574 56008 
7702 20
44431 44954 69145 29319 42188 22798 10293 23592 68778 77442 95141 8305 84473 89217 57316 45200 81986 9761 5790 129 
1593 19
38417 87730 30296 44802 86587 62739 86340 41604 33602 38052 82484 63710 89278 67650 62871 74253 69558 33870 65573 
8046 19
19009 1801 53710 47686 67877 80588 70965 59572 93679 13731 35624 53756 23451 70753 89532 9462 52846 51652 16932 
8839 18
73517 93992 13780 11548 81713 62467 17418 61444 25692 80409 4964 15830 66404 79479 48420 24954 25978 76776 
7763 19
68755 12655 21690 5361 64178 4436 95717 18194 14149 22963 24817 24533 16058 95144 13082 95513 70401 21400 72077 
3383 18
30985 72027 11404 62133 28849 16736 79658 36904 10833 8105 55303 671 88326 8050 26786 77159 39015 90489 
5171 20
16578 35832 10543 49129 52278 83485 98516 58294 59834 71222 53013 31258 22050 72825 72316 8111 32968 57161 30835 80163 
2079 19
81842 82091 18985 87837 87813 3333 10174 9323 47464 49627 13037 60294 65350 96654 24382 72866 87657 49369 22275 
7784 19
6651 75336 74293 8706 67018 31626 82010 92337 15135 72593 38956 72995 43469 40783 80094 68009 73062 77179 14737 
6979 19
89839 41474 32591 40294 57859 71799 71246 93347 41412 21211 30325 25493 15498 8991 43631 3425 18600 22906 76206 
3334 18
70502 52459 66019 8390 3390 74193 78535 25209 1165 72123 87949 95596 9662 86180 28291 67012 49268 18424 
2054 19
92636 91659 1710 6185 27668 44097 85047 64013 64706 45711 15150 57039 78222 78287 80293 59767 2201 93387 38213 
5530 19
59366 81846 95967 1436 94165 8809 70492 6221 3036 51062 71384 15173 59019 78721 36305 76723 81028 19170 38569 
5450 17
57511 82616 22566 52840 68959 59419 57238 38670 53752 14522 71235 63132 72058 77409 56603 15446 29993 
8587 18
67325 4685 62910 56007 61696 64378 35465 37892 89433 96446 44756 2274 32612 61852 79082 47251 75555 39498 
2140 17
68277 11014 61889 34067 21656 49034 32349 74569 92186 1216 48255 44281 16729 31007 99635 53975 33375 
5565 19
4315 56005 51182 79310 77462 5639 91866 72878 48934 68023 95217 14332 3209 64592 29798 66873 70688 39586 70730 
3885 18
63370 6336 36483 49921 11551 20905 73569 22404 24058 76958 86846 53339 22060 63961 18516 88956 50866 3729 
5008 19
46396 32426 90021 23607 92382 61781 37524 33962 36188 43876 25249 67910 45570 54929 22899 49354 46355 96769 93949 
2730 18
18560 63811 35101 60416 66784 71854 70104 76645 91768 12548 67025 18595 27652 40990 13444 93833 48575 8906 
9044 18
92329 45814 60530 92536 91227 23935 46683 49581 17491 70542 9389 79729 46489 18858 83553 78825 1450 79585 
220 19
80199 58268 37332 69313 53737 15813 42679 16920 19587 51537 813 17440 92984 90127 48577 79410 27476 33342 18369 
1504 18
89495 53279 73289 60114 6788 33029 48312 55493 5201 87612 81801 76629 36228 10783 25159 95023 12996 39026 
6236 20
95663 46152 89336 72514 26472 74537 37495 85494 43916 49075 71100 88550 89773 67257 89011 6736 31748 23755 21997 97316 
5761 19
90886 19707 82127 82537 22202 13204 17367 70757 59747 7101 77951 58793 51586 90546 9465 83633 49440 58848 84117 
4074 20
2184 22232 75565 60749 95481 92803 66165 33235 7282 15039 47160 87003 95431 39999 40629 87243 71391 99133 31062 87114 
6185 19
43886 10957 64503 26521 88182 94908 13777 85140 80553 39140 75533 1550 81670 50605 47875 53631 4259 92901 49168 
2548 18
32726 86711 57484 28728 32195 13294 33891 47803 86674 45656 74100 75343 94111 84796 4499 79523 27691 52917 
7117 20
19753 14757 68273 16977 27859 30484 40240 18026 12266 31419 79811 23923 11895 71430 86886 53480 81135 18854 54501 91000 
8124 19
24203 92010 91445 60124 17381 43674 16017 73964 63901 96909 47515 64953 77569 20796 74777 9262 42355 69653 93906 
1807 18
99187 7847 92886 74681 89163 86753 77216 55560 8010 93474 63275 97929 94259 60598 48294 88360 49334 90073 
7039 19
91512 67834 77918 35573 42126 42519 36815 98041 27978 83474 50114 77076 85555 72967 70713 76407 20064 27899 71440 
9011 17
36209 59915 66746 93635 97859 84182 21190 81030 41392 92274 18690 21777 71955 22287 68078 28280 24903 
7189 19
46994 23384 54477 36245 42935 42169 20099 63674 15573 72117 86771 26964 96170 81636 17151 62019 68642 80296 92857 
1743 19
65475 29366 24269 20821 94296 50750 23004 11480 12591 89597 50948 87627 76602 9692 68503 34912 12481 80002 24247 
4713 20
7840 20958 42024 16018 72070 4500 47016 6256 15110 97498 15233 2430 70362 79089 18798 344 86903 55232 20393 76521 
5294 20
87435 95852 78911 93228 78899 16698 77661 80627 98765 42723 24523 35912 28350 22848 93883 99504 14456 48438 22139 48322 
9985 19
5474 86708 18118 352 81477 35989 4521 95315 81469 46976 43277 39791 57997 13262 94829 27065 44342 31641 71651 
2664 19
52093 54995 84514 69525 70202 65434 57718 47150 73448 47589 80596 57976 96111 31295 73485 91693 60287 30059 39531 
5390 19
1629 26973 91957 41659 46059 96555 76674 98409 37734 9937 80485 5053 65140 61675 83944 32506 41223 6763 41258 
673 18
73053 37068 58881 17215 46508 72520 50079 96349 29444 44256 93437 59134 42583 92933 20178 4694 74144 65306 
9550 20
13768 16900 62462 78565 42609 41342 7589 65218 72705 8236 4066 1235 72989 84170 77601 55522 24547 62549 96624 94058 
3026 18
33065 5173 77824 54088 6166 91727 28839 96927 2743 26360 9895 22250 34292 55319 59567 77345 95428 46120 
1443 18
76758 78421 69513 74748 39458 77098 17024 43248 38068 49153 35217 49894 80659 82703 38906 92590 93064 5800 
98 19
26827 12862 3001 74203 63141 42700 55650 73377 6296 64688 13795 96616 46925 91507 70163 13143 6464 72853 4622 
2991 18
38343 80187 71546 82300 90602 69656 35481 465 85266 16259 37044 60312 11897 37961 44075 3424 5604 11800 
1478 19
29736 81910 56764 95287 31959 59763 21990 29280 16091 11030 70272 40915 94114 99281 44076 3165 94760 88154 16541 
6474 16
60152 31819 32375 38755 39311 80600 41476 49145 69757 41712 8797 28006 89223 87526 35697 36087 
6962 18
73687 60181 60367 53857 57734 92861 91440 32155 85590 97234 8648 6589 95134 83260 29793 698 81034 4855 
6029 18
85567 90447 48449 75020 93137 9711 19924 93439 11396 15123 6174 20803 86811 88249 55830 83667 83137 3780 
618 19
22756 90761 46460 61967 22642 34493 92553 50644 11733 26953 36585 50768 37347 20063 1004 2280 94819 78846 20262 
7841 19
53855 51679 13603 47100 18316 24318 59880 91832 29602 29245 38953 73346 48987 34294 17413 32406 72893 40280 92195 
2347 18
34633 76329 154 56651 73655 97212 81311 68990 34009 27492 18376 90660 5867 36611 58160 25196 52967 5826 
3991 18
13418 76039 74394 60091 84748 965 19820 53412 20429 90156 47613 18276 14943 89303 14661 63001 46311 59533 
4691 19
40600 50465 68735 29136 44956 94870 70930 76397 59008 91479 52718 46621 62766 30538 99457 28684 4835 30114 83396 
9328 19
5807 61504 22540 7748 37468 80047 4799 8379 66439 17398 93849 39477 22415 53820 28141 43422 5484 57011 26607 
6917 19
43550 75900 67208 84537 73016 99971 25242 2783 61452 99121 68529 34156 12496 94815 82089 60215 20728 2097 7959 
8521 19
64176 83416 49863 86004 86374 5922 3523 9525 52981 14317 55003 92700 98065 53094 45102 75115 6293 94592 72412 
2394 17
47576 34607 94214 40639 96142 36757 83514 1998 25967 43263 95029 6758 20575 12871 36193 9796 29201 
9277 18
1677 75269 26618 1404 17950 82049 76296 52765 24431 8730 61344 85535 32901 69537 16941 98478 71851 4990 
8931 18
44975 46470 5681 56908 78860 19568 95780 30542 85129 68618 14462 48430 99045 14270 73278 51296 64479 79669 
9182 18
90879 44973 30453 93808 70878 31401 74689 85098 37440 70696 53019 95891 83200 90723 69375 22630 52385 58196 
470 18
58852 34110 50532 75916 71140 7128 61793 85789 84614 84978 34263 30681 84652 60568 54586 72655 65050 72346 
72 18
78903 86298 89314 46450 48253 91093 11162 4881 4102 54942 91784 59615 12452 17698 60433 38635 16099 63639 
8572 18
5616 12537 23157 22464 61981 96767 69201 93536 11908 88489 82427 99978 29877 64529 54514 35534 53430 83108 
9976 16
62503 36773 13393 87806 28661 88266 29360 91648 80825 71934 21657 94155 56801 53636 56787 94520 
124 20
24621 61355 24050 73992 27245 14060 85089 95809 42217 1761 15639 22781 19998 50535 14797 90452 15396 72008 98554 59965 
6741 18
2793 75653 54057 67631 37771 88703 72195 80958 35352 50053 9936 65519 62404 4192 97324 87355 65020 88928 
5247 18
5047 13910 53541 10565 23711 53320 33596 92041 55085 6620 23472 79458 62844 67210 38520 15195 94238 56996 
465 18
32334 36875 4418 11588 22169 666 54490 30843 39961 82793 1139 5493 43640 48125 57715 27856 31246 43614 
4386 20
55589 76411 81146 63486 27770 25605 55159 51559 8144 74910 53983 20278 58984 1441 41768 41057 51286 70149 2757 50686 
8766 16
66061 53644 54844 48753 83141 54211 58834 844 8966 49959 2111 97126 28304 22981 757 98720 
6094 19
23926 95466 71611 38025 72426 63342 75071 60997 221 90979 94923 72589 53451 40450 98301 95557 71778 67491 88227 
3018 17
57657 40816 42088 65065 3919 97192 77621 25042 96944 83338 35915 80889 52662 48743 69163 48801 66797 
4736 19
23051 64186 41403 34286 1236 406 98447 69697 89745 10008 65571 58432 8326 87734 9639 49261 96509 56385 52345 
6370 18
33734 88380 46583 427 32239 37690 34253 18097 91160 93433 94898 93870 3501 84683 43840 60385 40362 25601 
3483 19
90279 42098 11010 87119 51336 82304 72828 94901 909 87024 94004 37523 30642 18848 91934 88637 38455 69536 1098 
4891 16
4167 95816 81515 68083 45691 4718 55497 23737 35489 74078 23732 28267 42432 49811 28246 4689 
2013 19
92691 53835 31217 65444 23008 25257 71968 64823 44499 51428 79480 16225 51244 95549 58155 22440 9792 64668 41015 
949 20
85340 66774 85625 99103 51721 70208 16433 81237 96095 35429 22710 46937 29480 27370 44036 8189 75318 86022 34020 83829 
8477 19
98545 1345 74320 31932 2488 63522 93866 5189 77580 39721 19176 94715 77335 17832 17685 64335 42039 69391 68110 
7401 19
54275 4583 17399 42695 87432 62049 86906 57822 85005 33447 37779 96744 71559 16673 31059 14565 83953 34308 78467 
3946 17
6548 23646 65033 20108 30765 17013 65263 66385 40099 75106 33586 93639 77853 61688 82457 82443 78060 
3731 19
11752 93284 52515 95452 42765 28301 37336 75648 53788 70974 75582 52799 59457 62527 94814 36417 14429 45520 87672 
1516 20
74133 89052 28928 6026 25096 65931 21851 68551 75545 54631 96431 35392 99725 25771 88346 93938 7187 26779 86602 38377 
8429 19
85646 23975 78313 31461 89881 57694 90302 89449 78878 63330 51622 22533 62183 49799 46195 32858 28795 99216 33232 
5102 16
14725 54312 18683 38408 26637 12318 10890 47516 17349 61158 32509 54628 23615 70213 42106 20371 
2126 19
91307 15433 24695 2994 83515 37437 39045 39158 5152 33272 46775 80042 18221 79908 75921 92653 6266 16653 14772 
1349 18
28366 22375 94002 11511 19353 74174 82237 75381 17539 56202 42110 32056 50069 8164 86640 63894 44508 75694 
3844 20
22443 73669 86247 81936 77980 77212 16535 47994 27198 57808 48097 45800 99259 63905 74506 29882 56014 28254 9553 23640 
7088 19
94375 8412 27637 75544 27839 21222 24928 67545 57061 8631 29514 10166 58188 85703 4075 97301 45307 42986 23859 
2100 18
35894 83379 59515 79502 53743 8045 35427 46250 81719 71192 30916 5865 23256 97726 54872 54967 94917 61905 
5524 20
48189 83834 27795 51040 35460 55998 77257 44437 1160 47806 62685 7213 93740 57821 16670 30022 87711 72562 57790 7378 
6418 19
14997 77682 22844 79744 82879 91998 96150 57577 75744 3708 39035 4176 71901 55251 7124 81382 99717 36770 55802 
67 19
97380 10379 80138 17819 38474 53171 78606 23088 19160 43532 29957 3776 56251 8420 70823 43389 97315 66461 13875 
3141 16
82156 17057 97269 56285 83859 29627 22363 5347 75668 8049 15833 27423 68045 19375 18466 48655 
7321 18
15661 28805 87815 14449 91030 65472 73703 1842 83185 13290 62345 29943 5179 792 99333 82970 40097 46181 
950 18
20733 97532 39989 78655 89239 18344 21323 47995 79718 26107 74950 16626 88742 63784 39224 38691 89265 30405 
6620 19
78397 34407 82787 68616 28426 58252 11610 57799 88319 73468 9849 20893 43459 30693 36538 46322 62730 74278 22378 
3089 15
55807 4257 10732 71009 11684 29593 7818 95191 43105 81909 53014 67557 63047 30700 23828 
2392 18
5874 45798 19690 38070 61950 20247 49985 24706 62322 49173 27503 13110 61279 42608 9482 48016 60584 95757 
3015 20
55366 59103 18432 34807 94206 34244 44696 84758 4840 45093 56574 10788 45619 12014 50932 62459 60802 61320 57506 32227 
440 20
97381 92904 22116 75875 72845 65068 51407 17196 14865 96386 81887 22669 22051 52863 29751 90229 52208 64025 88277 98786 
5360 17
91915 18325 82605 56937 43051 56856 69020 20246 20416 31018 55642 66546 76585 22487 1845 73095 59857 
1204 20
691 88684 78355 62670 97140 58673 11271 6582 12557 64777 79823 86720 50420 91388 54349 27545 29562 11677 31487 85773 
4286 19
68496 20151 73082 66223 8873 36066 24471 98587 97766 59139 68748 39682 25702 74607 37881 30247 19737 36134 94078 
5855 17
93623 52507 41554 51933 54583 31324 18629 4484 3137 53439 36157 40828 74886 46390 44709 51440 54054 
4041 15
61332 7519 42016 39959 18840 8987 96657 94230 1697 60264 29633 30664 48152 5935 58815 
5674 18
27550 35984 35570 24377 59981 5184 76098 61700 62453 57651 84688 49397 99172 2811 61008 10991 88926 43007 
5315 17
89245 54183 73952 51460 38890 22766 60702 9001 1134 83558 30728 576 29853 19028 65764 46675 70880 
1894 18
20623 98040 58837 77176 98820 9905 7387 5558 52825 93916 1750 91376 14269 87455 85518 999 71013 86588 
333 20
14167 66077 85210 54340 26728 17375 65703 77281 16094 98009 629 56452 42018 2253 22979 83552 28898 66274 43130 56312 
4503 16
81267 20724 88064 12697 66302 8328 64949 16632 70294 48371 65773 38195 37019 68237 29094 94250 
1525 19
27961 60421 53366 68314 24060 42323 16791 93090 56296 88997 91112 59789 73558 22667 9352 62072 94367 95293 9687 
1588 17
51817 62772 12455 73895 6186 64328 38411 81941 98187 13277 79345 48737 96807 45472 24869 31691 59422 
438 17
66969 35391 83889 99274 35054 32649 42082 80223 11330 66175 69232 60434 89610 38629 26861 63712 27092 
6522 20
91042 7268 41959 26248 25184 15542 24622 39169 36097 16813 24468 84177 15811 50071 20421 27841 69031 81943 90661 90521 
6175 19
12358 60953 18537 10039 40408 6439 87538 74460 74707 67606 47858 96787 69334 26121 77856 38729 97980 564 84691 
957 17
66168 68659 46624 5579 27913 29159 85574 7414 48221 86971 78226 75313 95959 85604 82983 43871 60128 
9366 19
75178 85910 82205 34693 73429 37545 12622 23953 84561 39384 12263 7149 67766 27851 19637 60575 12057 77684 29358 
4138 18
7028 92204 45568 17444 74424 68663 97831 57207 16048 41421 45495 34073 96595 37046 67693 59332 57000 6958 
820 19
17999 52153 81969 83119 30251 60338 20672 8452 54419 97361 27479 88971 82097 26664 9376 44633 86250 44370 66360 
1556 18
27036 31645 94060 39198 6231 10303 26954 91670 70486 16757 67871 40897 99500 30508 53033 82565 18307 74855 
7765 17
74769 4100 83124 93076 5186 87554 59560 59833 99283 50042 93509 35925 33599 87479 50354 16248 84724 
8691 19
48126 46058 1012 33992 55052 80049 35565 87419 18437 15480 78477 20152 78715 55714 29434 85175 15371 11153 59290 
3572 17
61989 60392 89382 56378 57615 83768 11614 58966 86559 7170 65971 55647 36954 52260 25351 4815 38634 
5793 19
81853 49108 36437 35012 33309 78070 48235 64901 33844 8364 62597 25303 48139 41931 36571 39571 1540 83782 68674 
733 18
79180 92724 39705 55817 92955 86454 49094 67770 13284 65928 10133 76251 80266 83833 95415 66261 27665 5837 
3736 18
72670 6281 59249 14771 70435 97822 51572 74801 19745 93054 5459 56531 72466 58935 28944 33953 65376 61218 
5196 16
13982 79998 28471 66049 56645 3327 16498 43737 81669 48923 26100 85442 61879 30790 19777 13400 
3131 20
25916 75232 33174 21640 79677 52663 86452 98020 55098 81657 82593 13032 3452 14673 950 44377 15789 21631 12018 10637 
6230 19
12152 87965 42853 27084 54422 37877 14876 10744 48310 63588 64171 79637 81889 42294 30526 43039 1602 15526 95009 
1268 16
47798 17914 42468 30239 85192 73816 97669 80268 17540 21854 6648 2779 99819 5787 37784 68325 
848 18
681 71790 76562 26029 66596 19413 87597 7640 28295 69839 80884 74184 88991 4371 26788 96781 94950 1508 
2939 19
15294 83578 71221 60020 34818 48044 49061 44832 86735 92297 94255 58811 21792 20079 38351 45175 11719 82135 43139 
5849 17
1608 97553 99523 2889 49834 44926 15196 89578 13806 75944 11766 80951 45652 45671 15950 45274 80858 
3973 17
14011 78534 15552 69055 79695 41164 35007 36608 79905 32978 9008 43283 33105 99291 35420 58888 34081 
8390 19
70232 32568 42303 48266 60519 49743 87760 1030 90866 56049 83316 17788 27709 65036 18962 9561 93150 90497 44742 
4863 18
15612 99373 21759 62723 45776 99144 14433 84737 45500 23304 2632 46266 88676 7020 55508 16770 83980 79209 
3818 19
40684 36133 82884 77664 79850 85029 68854 88240 84791 21513 24980 63719 30574 75954 98521 37897 825 96670 55017 
3575 18
12450 3658 45751 91824 417 87913 66158 141 26319 47007 18291 9800 25939 13730 41173 25555 90036 23965 
3118 19
85231 77277 66542 19445 25471 98106 5406 89168 4707 54013 56933 22684 38871 30901 51171 858 13684 35764 24081 
6423 19
16915 6832 18339 40246 95350 95909 60935 7116 51462 64766 77451 59936 10228 83681 23991 28524 9657 92164 29438 
2488 18
10970 11578 49318 39217 43431 11151 21214 90606 79222 98685 58967 99091 57234 34329 10424 67063 91644 34557 
4726 17
75840 81026 13779 36109 84358 17125 98764 3912 49086 19746 57335 26168 17828 35025 81654 49787 32557 
1690 19
91761 32861 93681 56080 53919 99536 32610 22256 81012 44080 48518 74480 22036 33213 55029 85301 21823 74698 47934 
4165 19
37799 96740 34284 34452 92771 36051 60321 67136 18281 26987 66653 38843 20374 33826 61227 16002 69381 92363 48679 
5952 19
17991 1899 22646 30609 75597 51011 65163 76298 54206 78011 84164 77966 36215 18374 69092 6659 51829 26553 50889 
9719 18
74404 30244 30907 25049 71837 46940 96587 93677 58109 26098 68349 57958 43859 73150 54031 18188 5882 76970 
1872 19
10611 60464 64956 94228 93092 57820 62337 33490 49544 35451 70689 98775 74465 80328 55179 13028 86373 57652 45957 
4275 19
46631 60857 63686 80892 86342 47970 99148 21220 70417 71821 2809 32042 39744 95189 86091 80800 93416 98905 92110 
6965 18
47221 34661 23090 60090 58088 38698 32742 56222 14819 47653 46549 88753 83632 17449 78673 45995 16622 72981 
9618 17
98375 59376 22615 69299 62320 89076 44304 98974 33397 50619 25482 8646 9983 2458 4238 94777 84855 
2873 18
9113 7941 56647 20631 686 83897 74499 99058 69526 95998 1192 28440 42801 58007 49408 28379 34684 40003 
6342 18
92024 83420 56610 14438 78035 17891 21926 72245 32670 7859 54197 66637 69395 9810 92418 82294 55491 15146 
6650 19
89954 95778 89785 61723 66902 19097 65651 20578 24654 71887 45180 48965 76938 48680 68771 35527 40209 39747 48210 
6702 18
32460 89309 25794 18442 19296 36390 25065 65657 45821 46273 22817 75983 76843 41999 8808 81785 93166 50753 
5635 19
71504 43377 86870 58156 54205 94606 61221 25642 60210 72732 32143 57236 21248 13394 85062 37473 76916 50090 23086 
1201 20
78818 16196 58677 48464 28933 91106 33588 99331 63192 4850 34078 8851 93111 8585 6471 84256 26759 66837 33482 99899 
417 20
1989 6910 94957 53611 54617 35858 275 15324 96586 66048 10368 24763 99685 93582 60189 47041 23860 42052 67351 95889 
3 34089 1816 60066 95361 75695 47982 88953 32592 
1520 10
70041 59509 34585 24175 63132 32689 333 15181 25451 42209 
6902 10
87326 73429 89815 12745 2063 66272 43924 71819 96365 97707 
3780 10
71 10780 24280 25832 39895 72790 54514 50908 87183 23965 
7496 14
31034 28470 65539 42372 18581 83511 72242 79063 42525 11057 1708 41918 19343 32602 
2335 16
16549 79453 28536 77935 76603 33545 65415 60174 53363 41592 61366 94813 19439 30255 93791 72675 
2195 19
79516 85567 21469 89775 67749 25329 64341 62410 42967 30283 21788 59308 11111 13602 34559 462 53185 18650 31905 
8925 18
47929 36985 43509 59496 49602 15048 65181 48173 15833 24320 39669 64702 16058 55094 97653 38735 15007 84474 
6367 18
8507 89772 95063 18716 68008 74113 41361 7512 51554 12701 4513 55679 59315 55688 4138 46085 85339 53725 
4695 15
90579 34272 23787 85277 44573 66440 8423 20413 74095 43697 54861 10753 74579 88421 53429 
2803 17
82816 23519 10565 60270 75687 95597 96901 42664 86376 92807 13391 29815 96306 98941 17248 83377 50058 
5352 18
88351 41030 17964 98738 59949 21095 25045 5795 90614 68770 55325 97559 78988 34744 66857 59355 4535 2614 
2991 19
36568 38343 80187 71546 18985 82300 90602 69656 35481 465 85266 16259 37044 60312 11897 37961 3424 5604 11800 
3726 13
25619 60925 84645 4363 64035 32226 36631 28561 19778 28990 85115 64529 98339 
4677 15
60333 43563 44563 5862 72469 96475 28087 89654 13292 21688 71682 53479 86628 12029 98754 
1004 12
87426 7509 2399 71234 62479 24346 19231 71759 40950 77426 99535 70011 
3550 14
36462 62814 67059 38174 48062 59389 60417 30761 44797 74796 25997 9428 61815 77749 
2 94202 12826 71382 82095 70315 10520 5678 
2938 18
24508 25040 51152 36792 62079 73789 76226 61223 70973 5863 9731 39410 72024 83848 54943 93851 26631 66420 
3564 13
1094 59508 5687 67647 85539 22124 50257 92079 73121 83454 90183 82267 61102 
4587 18
14019 2917 36031 98957 83845 22755 42314 94048 77608 40520 24567 43758 66172 68753 47482 60838 5989 26736 
975 17
21713 3397 81459 63909 91392 31741 26275 12417 68463 84971 94987 53016 56894 95372 27471 74854 80039 
3291 10
66322 98322 29336 56650 56477 85366 82864 99437 44330 84159 
2022 16
2424 70038 55342 97373 41513 50555 45013 40461 20722 39519 15175 19805 86338 78752 67434 22655 
3938 11
83826 75092 43547 68684 92820 70893 38662 16110 59885 37595 12180 
6962 20
73687 60181 60367 53857 57734 92861 91440 65288 32155 85590 97234 8648 6589 88956 95134 83260 29793 698 81034 4855 
4963 15
28048 34875 47826 32355 21883 62023 61153 21360 67334 36289 99191 39937 44372 31380 42460 
8902 17
33301 22675 45112 94621 22065 32830 18407 60157 38268 42818 24014 40132 39516 45574 96807 63862 51948 
2868 16
97267 93229 13782 28241 26426 62894 50956 82584 77889 13959 58064 64559 74618 68021 16062 97707 
7258 15
13832 49014 66786 79746 58199 73383 53365 66192 77350 83588 79404 9938 33015 60285 51793 
8644 13
35464 73627 76680 22724 51062 68386 89898 23452 34877 26767 53074 34444 30861 
1984 10
41551 29613 12902 95766 33464 33105 92038 32744 60456 80178 
6588 19
60125 88210 75995 48982 50826 49067 50809 7618 42352 66794 98341 1988 82960 38766 2159 75758 47631 37636 36766 
4473 19
42415 4317 53865 73746 26005 6122 81713 50259 71325 49167 23389 95684 43064 18569 91984 51623 80782 50710 77021 
7259 15
28997 72463 70983 14752 76191 32807 65832 25195 44513 28395 76989 40686 14943 40291 28376 
4059 10
95569 62569 88056 12229 19054 3166 23918 50230 86716 36425 
