743
7984 19
44930 27980 6981 57104 7690 38861 57279 91557 40900 55615 78896 88120 97991 96995 83098 98660 59248 60574 56008 
7630 15
2334 70287 37838 23548 58172 82939 86198 64382 60555 92006 1471 79061 20506 7311 47513 
7358 20
8226 6016 41726 81897 46729 65508 65619 36550 63957 45114 59605 34271 81543 47834 46203 30585 67570 34122 51487 88944 
417 20
1989 6910 94957 53611 54617 35858 275 15324 96586 66048 10368 24763 99685 93582 60189 47041 23860 42052 67351 95889 
2943 20
89074 42824 10040 34734 14627 36728 35038 19155 56395 38998 44522 11954 4916 61497 68429 56722 68857 48077 8051 90985 
1963 20
36219 41579 22925 47421 21730 53039 77314 41118 27447 85379 41602 65636 60410 41207 70641 6107 95370 61203 33341 36653 
627 19
74570 49106 41993 94802 39432 20137 76493 13907 46427 61874 92874 60226 60962 18989 17668 47618 75802 52170 38799 
8696 20
35619 45104 44776 86267 17085 89554 3876 87902 38304 24855 77630 82092 78115 2284 82577 94634 66416 42488 5076 65791 
4074 20
2184 22232 75565 60749 95481 92803 66165 33235 7282 15039 47160 87003 95431 39999 40629 87243 71391 99133 31062 87114 
5724 19
83428 63547 24578 72830 21401 8025 43701 12844 3319 16663 13122 89956 53478 4331 91251 9003 93722 19536 64761 
1800 12
62554 51532 24025 29997 39404 31341 97417 88329 62440 75484 37546 81760 
6669 20
59832 96915 92111 3242 85781 83505 23109 99363 42918 67049 70627 38592 85615 76938 13095 35314 77258 1918 1889 1901 
3818 19
40684 36133 82884 77664 79850 85029 68854 88240 84791 21513 24980 63719 30574 75954 98521 37897 825 96670 55017 
6754 12
48874 16462 73946 69574 57188 6136 64971 54195 47046 9716 60674 38055 
1949 20
24096 18968 71256 82966 98832 52845 2883 63589 5658 7767 96757 99572 99686 77607 75188 21318 29512 46254 41367 1416 
9829 19
56041 83501 86822 88487 64120 77453 20136 75869 3990 47730 21391 97558 32779 67231 1070 11205 47315 51779 70861 
661 20
48941 87312 32402 83190 46618 77606 50977 25973 15297 26557 49350 31489 55860 41272 44823 15973 86001 9112 5110 66405 
8490 14
12447 70466 48919 72199 50163 75442 52199 82276 6067 6575 74268 5462 1738 11887 
2751 20
77763 69810 78785 56546 64018 8216 89382 75564 41195 47387 30553 57073 8193 14078 14360 17685 68699 8336 23706 25176 
2044 20
29958 39554 69029 71861 27066 89068 25945 63471 64546 92294 79761 7230 69976 59429 90947 34336 2766 73699 63723 84863 
6644 20
89990 62465 5281 47332 52990 87633 79918 60249 35676 34217 91504 2164 10816 32722 59710 43182 39066 67532 73905 34688 
349 20
83215 64201 17897 92378 49971 45706 10212 55168 56492 71808 20469 87536 18167 97265 39545 93253 59352 73350 99807 34171 
6235 20
54675 98310 2510 89751 51514 33564 21213 14188 78483 27975 20599 23126 10813 67868 16201 74048 89434 85956 44347 43368 
8384 20
29310 76168 27699 71023 90223 79781 84313 24067 67329 15212 84933 67804 45614 54344 4986 37923 69826 34713 81966 89482 
3953 18
5704 78057 66720 51407 54495 88667 95826 11603 32155 95955 64015 64680 38261 15550 80813 28280 19290 8169 
2737 19
1780 35484 13839 78710 64827 77444 89450 43703 40330 46156 3905 80130 33748 31512 9560 3325 25708 87118 78758 
7307 20
7843 62934 57695 94495 48963 69264 22807 83317 75500 86853 89015 9078 2575 80389 98806 60425 22940 67741 82144 1736 
4193 12
82470 16068 8596 51587 29869 52011 58278 97482 99564 34675 49397 24403 
5348 19
2519 30289 22038 37958 21795 43951 27669 16521 30371 60666 44592 63951 6144 42335 75228 92159 70428 9820 44219 
8181 19
82963 39996 15098 76450 45999 80560 83126 49564 56979 34337 7259 52171 23141 74272 59532 29408 37489 56597 40430 
4871 20
920 12492 79041 29616 52743 42134 10014 2030 11543 55914 58146 68337 17652 50357 83073 18945 98377 17164 66996 72701 
4813 20
53605 80961 33887 79227 94508 92336 33141 80938 1619 4381 44893 81110 48889 56513 40613 80023 46409 61968 4925 70504 
6588 20
60125 88210 19537 75995 48982 50826 49067 50809 7618 42352 66794 98341 1988 82960 38766 2159 75758 47631 37636 36766 
6897 19
56907 95402 83304 28038 71074 14860 10856 3932 87937 54263 6564 43423 14925 48793 75602 16476 73295 54084 37550 
5030 20
36814 35724 8186 66633 1763 82133 53718 90423 10444 57136 30735 36144 52071 42899 99897 98456 19728 44278 63887 43874 
6871 20
40071 599 47629 87851 67662 31515 12282 59306 42836 75548 36149 80127 74615 74736 16615 59246 66013 21581 39044 13601 
5523 19
74547 82572 20012 37009 89131 33580 80571 36834 40020 44354 48363 65454 67081 31078 64293 17531 95018 31675 18711 
3246 18
85337 56250 92785 65762 60922 65952 17430 89760 16692 78963 47320 87941 41312 57524 76156 64095 17174 29981 
5510 14
66083 80974 15448 35068 45455 23029 61620 49426 63147 67104 69642 78494 77436 64469 
9447 20
38493 70663 38593 673 76262 410 89681 38320 34612 76725 33653 90735 98621 61857 42871 20351 83518 38150 14339 63821 
8728 18
71936 35203 33260 69082 65433 50050 87702 32405 56671 10134 74374 73194 74978 35881 72584 18116 81479 15654 
6506 20
24116 30919 18166 63696 14102 88699 87712 38531 69738 50555 36989 7474 29415 15720 28152 77282 33649 72108 3310 83010 
2942 14
98932 81564 73004 90045 69898 19722 39100 23015 82493 25245 86813 6497 54930 5417 
1427 11
16915 98986 40047 8827 56741 82504 7576 36020 86916 75006 87619 
5871 20
20509 97376 60195 91276 52472 74943 59699 35879 89828 81484 37162 73504 281 86954 585 37461 25723 71203 49451 24136 
1045 20
17105 25087 20595 95978 77344 63622 90560 21886 41485 54028 20566 44114 43439 87873 56316 91949 29992 39892 38313 49560 
7327 17
97546 91198 10089 2444 91892 66385 50738 80916 62968 5377 72011 85856 7209 89861 69788 23059 56397 
9855 20
60258 74200 83257 45533 55738 34698 84226 89198 14014 94033 64392 21342 79077 31629 2999 56073 18568 51479 24583 69233 
45 19
58149 75469 5047 48669 21814 98282 93604 98809 57568 64975 20500 26758 54179 48991 70497 74095 85937 10583 4932 
111 14
70445 1692 38153 55457 20320 15253 61427 1559 40466 79430 45472 8792 78382 97759 
5023 19
71227 57179 42712 75447 32205 66078 8667 54788 85676 13803 72850 31201 82184 73933 50887 5825 90649 87136 44869 
7582 20
37525 88057 33158 82778 1809 91952 74381 20934 48702 16226 47879 71537 84906 57028 62470 21340 29878 47593 69696 77684 
8679 17
59905 22541 53446 4751 72105 11756 72708 31354 8456 80923 84389 95335 9977 32609 91990 69152 80286 
3844 20
22443 73669 86247 81936 77980 77212 16535 47994 27198 57808 48097 45800 99259 63905 74506 29882 56014 28254 9553 23640 
2610 20
1382 65479 61304 49113 77032 39325 48043 89240 66708 4174 7820 74761 25060 53356 30494 52297 11071 10458 48745 71113 
6063 20
54575 67622 67848 78200 9552 95598 41516 96428 79788 1266 85987 48962 51504 36058 66962 28199 5828 91877 9218 50947 
2889 20
86082 8955 79339 44160 89871 17271 51893 4231 39403 93968 12209 18824 1007 8516 33674 38422 53048 81361 57954 94725 
3428 20
612 47401 28439 69864 36727 51354 44929 88298 49856 97430 49358 71379 56796 53296 25787 94797 87468 63123 39161 61709 
8791 18
77912 7524 86695 7772 91907 68515 10195 70762 58323 55805 40812 99958 73654 5851 95022 67079 27407 89708 
806 13
68168 71891 61355 43442 81762 91541 93536 43249 77280 59283 25022 2074 82846 
1785 20
75745 13637 3713 71438 25081 83641 89629 23466 20710 28923 72860 2644 8805 70753 65211 35779 23543 4612 67301 26014 
4374 19
77843 86257 46345 83665 14610 8107 35776 7662 2140 23023 84396 82383 36125 32556 91289 21304 65200 5748 76539 
8917 14
32911 3456 38007 42526 18745 65614 10177 14901 40941 61097 22365 60134 39083 6604 
6550 19
94970 97138 10051 35700 31067 49892 65313 11530 97857 7958 93066 63103 12759 33058 80912 57286 85050 57527 16395 
6341 18
15046 47705 63048 31193 16889 30680 99801 45482 87037 11775 76234 41087 33842 88964 65179 13191 99253 50354 
3548 11
40089 7620 43615 85798 98495 18494 15037 49240 69461 72581 62046 
5771 19
86501 33122 1209 28069 24242 99914 72219 64988 59863 66534 3612 93974 75809 79899 54432 93188 49265 33987 61655 
8530 20
11503 81373 87719 5892 26138 53582 59089 88957 32631 2304 20859 16064 42760 19448 98024 99723 22968 96213 27044 82458 
414 20
58203 57632 134 4391 35170 30257 13209 3857 11876 12491 43849 47195 82540 55000 67594 72431 98692 78367 75477 61099 
811 19
94207 7006 87847 13093 66814 43056 25691 33777 60123 32257 58470 87977 36628 18871 84120 50881 19254 11148 68738 
1349 19
28366 22375 94002 45850 11511 19353 74174 82237 75381 17539 56202 42110 32056 50069 8164 86640 63894 44508 75694 
7937 20
32944 58431 48614 7517 78805 4329 81827 13847 48712 50105 34861 92731 97092 79984 74379 3015 12807 3518 12068 62239 
314 15
63165 1523 93867 44995 50012 59963 60167 22302 10109 84531 64337 88138 70539 92456 64334 
8912 18
9206 5735 53735 31202 11771 61440 51355 23631 24608 57032 74752 48048 37555 69852 33840 67082 76800 51469 
2882 12
16292 6626 34082 78934 24478 34255 48828 54090 7897 83698 130 65860 
3742 19
22010 98741 34927 57230 19787 93305 38617 40542 24138 39609 38515 12235 70768 90056 27890 10046 45008 53473 43408 
3074 19
26264 82820 72959 88267 81360 1016 32454 92498 28384 45069 88537 21746 15175 24574 40967 63173 61306 61127 75486 
8691 20
48126 46058 1012 33992 55052 80049 35565 87419 18437 15480 78477 20152 50247 78715 55714 29434 85175 15371 11153 59290 
1634 15
75776 5282 2981 36241 90605 69902 34392 18305 15323 87092 24468 48779 774 57740 42058 
8931 20
44975 73422 46470 5681 56908 78860 19568 95780 30542 85129 9389 68618 14462 48430 99045 14270 73278 51296 64479 79669 
6189 19
84448 29089 80523 60912 16253 99320 27544 57806 27676 72577 28025 73003 77413 55154 74773 38508 35114 35704 55709 
7819 20
47416 71839 45905 88097 42215 89224 58796 8183 21414 86747 20549 60221 53006 39170 32704 86604 1367 37514 58040 85469 
5604 19
88745 98615 83808 9978 26363 26512 42354 3229 21085 83291 89538 19539 63689 63423 74267 60539 98019 95456 75707 
2394 19
47576 34607 94214 40639 96142 36757 83514 1998 63799 25967 43263 95029 73569 6758 20575 12871 36193 9796 29201 
5851 20
8445 79965 3982 23556 21720 87530 56563 30381 12513 17291 95728 45502 85653 3163 21555 35601 99002 21719 50129 16980 
479 12
65438 31568 15780 13011 90023 95650 70053 77731 9176 95716 4191 15992 
9927 11
62049 62499 74206 79480 25242 30544 6861 6495 87095 75180 79254 
1668 19
80410 44718 9362 36335 24030 55783 58743 88494 67446 45921 46296 40392 71723 97548 21420 77215 17657 54122 77181 
2297 16
32352 98491 19238 67018 61759 74118 54343 20451 72402 48161 5511 6718 42504 70960 26037 34902 
2359 15
9508 55889 14067 60259 78319 30503 98686 63497 83803 19053 20678 28632 12451 52615 85810 
6609 19
80532 62769 26726 22173 78614 73426 64281 69910 20546 84281 76612 40813 15824 8037 44884 34525 91760 17782 6635 
5438 14
94553 87397 98 68452 13272 12924 41381 44812 6373 76256 89930 49632 60056 527 
5818 19
55359 1281 66216 84011 40475 91785 98400 34960 59170 32589 35342 70993 6644 20394 14283 10087 51908 72617 63941 
1485 20
50290 45290 63188 17274 91393 47028 68201 68523 1268 74662 18868 76026 20796 22952 56084 4679 33775 9283 87854 55995 
5480 18
43927 54781 78536 69440 69201 48773 55859 20817 25249 19780 61739 40792 55509 58589 77432 66940 13266 70508 
4717 18
56201 65413 2654 29078 36568 51880 86264 68665 67252 43891 61195 61563 81351 28190 26828 49956 12998 79767 
9080 15
62283 62624 88381 36678 10837 22636 82772 71727 61045 50566 65491 25423 34134 95328 27874 
7709 17
99195 24499 69407 9816 71892 58854 6194 78733 23021 56021 67654 91415 53259 88615 70512 80735 37972 
9294 19
42080 72711 16973 96726 23597 68640 97076 42870 89243 7009 57516 37909 747 37479 48181 54341 87581 33522 57295 
3597 19
40462 30212 95110 43268 15572 44464 11413 10118 37962 76133 90138 43181 26650 84345 90342 12667 73670 55285 59146 
9367 15
49908 90301 10106 32324 43507 82428 36361 49525 23025 31744 69960 94991 55924 65640 19891 
4386 20
55589 76411 81146 63486 27770 25605 55159 51559 8144 74910 53983 20278 58984 1441 41768 41057 51286 70149 2757 50686 
2137 20
70379 37854 56949 23621 64790 14704 4572 44632 36726 75376 26245 46404 93795 56775 24477 75016 88626 23019 70737 16397 
3854 16
2245 69562 55034 6534 36681 80787 84046 23882 76913 94929 92790 32246 28893 28622 27739 34562 
9097 16
9902 9544 68480 96626 79677 98423 66826 95707 3683 69480 94747 3785 16676 70185 19818 85560 
2708 20
82422 64931 43114 96552 14008 57484 14779 96343 58419 73774 34517 28024 74184 39506 42940 56282 83932 37677 46311 75651 
4951 19
60464 83976 54317 96872 60946 17168 17051 47056 80866 4648 94786 99435 84586 28703 9077 81802 97325 58531 79988 
9548 12
5328 33079 12593 79741 42365 49282 76966 2920 87321 90100 50610 65341 
1504 19
89495 53279 27272 73289 60114 6788 33029 48312 55493 5201 87612 81801 76629 36228 10783 25159 95023 12996 39026 
1318 20
30334 99962 14868 53550 80494 57100 10334 95654 15196 98679 61901 55870 81761 31460 29097 44748 97398 33648 49411 82763 
5194 18
72849 22716 74765 23063 2889 12776 75220 40763 37746 39900 39995 48164 52841 73398 44834 80453 65781 32863 
1356 19
83283 52190 15920 73445 49706 77787 89796 40507 61543 74453 1718 98328 70779 66975 63860 57786 7850 74656 13975 
8285 13
57228 15191 77979 45320 34260 72167 80043 3807 13554 21592 93030 96181 51240 
8902 19
33301 22675 45112 94621 37332 22065 32830 18407 60157 38268 42818 24014 40132 39516 45574 96807 63862 31122 51948 
4713 20
7840 20958 42024 16018 72070 4500 47016 6256 15110 97498 15233 2430 70362 79089 18798 344 86903 55232 20393 76521 
4855 20
21275 49002 1671 85241 54726 96302 96900 61253 51015 44135 42704 60112 68090 48909 46226 50795 27092 61824 74976 66955 
2247 19
82702 68220 38308 22281 8131 30364 37130 84230 75941 51686 996 33832 36357 48484 52810 63658 81455 68102 12144 
4758 19
41803 61417 26076 4552 94218 63986 71749 2686 74497 91216 47525 54287 2051 92408 33654 24709 23928 99010 84347 
7201 19
75421 1870 46664 33173 97303 98275 95419 7886 71207 2668 71365 81726 17893 5891 54759 23777 22662 76802 38846 
8099 20
17593 79468 3692 9270 27412 56783 31370 68658 70865 30841 57619 90324 62421 22224 8566 26491 93601 96664 58652 93657 
8758 17
13373 66675 45583 57507 17985 77120 18403 74958 51760 95727 5445 88026 60299 49244 24925 68057 36492 
6929 10
37857 1246 41736 74880 48522 51237 91054 27730 33361 59689 
9836 20
15151 78858 64956 79991 86374 32683 72558 92220 84746 85288 54368 65991 46523 10156 37094 34747 49563 32046 63244 93608 
3877 13
56436 96445 78695 10917 99715 99109 63049 51413 73025 49300 93138 71269 15317 
5172 19
51447 57499 4624 78612 52269 6742 17102 52564 57587 40985 22553 863 71104 45727 8430 24432 67828 5955 32583 
6367 19
8507 89772 95063 18716 68008 74113 41361 7512 51554 12701 4513 55679 51998 59315 55688 4138 46085 85339 53725 
18 14
52395 75224 35169 98878 80302 64396 52255 56601 55842 73308 69057 29586 74997 74125 
1760 10
5901 39132 49620 14830 22422 40929 58487 82880 46805 28953 
5390 20
1629 26973 91957 41659 46059 96555 76674 98409 37734 9937 80485 5053 65140 61675 83944 32506 75021 41223 6763 41258 
5339 19
74857 8649 63380 97317 93773 61805 72427 57668 56296 82022 11166 58639 40789 57166 68007 42866 21895 58878 12125 
6342 18
92024 83420 56610 14438 78035 17891 21926 72245 32670 7859 54197 66637 69395 9810 92418 82294 55491 15146 
7281 18
4425 53518 35664 83800 8971 20628 33026 12771 39968 64213 88047 87511 27077 15340 74003 3009 92440 26693 
1804 18
22872 81048 98740 63558 54948 25172 83810 71213 7499 68436 83666 8704 56135 26213 89315 72846 73913 89330 
7050 20
53270 34199 13613 40683 37230 11958 63853 85014 79055 21397 54619 37315 66657 45019 57452 39815 41269 35575 6540 84806 
9017 13
91709 14022 5712 19329 60058 26768 60619 43329 91072 80430 42812 65630 95557 
2919 18
66105 2194 92778 54171 36953 45296 26334 37464 81202 22402 832 36354 22673 86866 41339 35907 43217 43173 
1559 13
48838 83093 90715 51878 52328 13735 44809 57844 91615 49428 21448 94008 32310 
7193 18
57697 88975 59092 69087 45085 92266 69289 71752 85721 21857 59466 87526 81187 84847 82055 28134 39397 53826 
4154 13
2105 3619 50924 26091 32941 51548 816 66068 1117 59035 63752 35994 89968 
650 13
88226 4701 26135 68353 59551 50898 68345 60100 18275 44740 61008 33694 78383 
6338 18
99700 12190 60792 87196 95615 14542 90076 24605 84191 50679 68607 73241 28228 45550 97460 85867 3993 87956 
9316 16
5807 70147 99852 47309 82906 37623 47249 75727 83085 33100 43322 78016 42636 19434 85069 23358 
2174 18
92010 5145 69658 12767 5590 62158 47470 43276 30598 12926 34489 61096 79470 93320 34206 15093 76941 20768 
3483 19
90279 42098 11010 87119 51336 82304 72828 94901 909 87024 94004 37523 30642 18848 91934 88637 38455 69536 1098 
8005 19
66483 43568 69565 63014 54867 7518 80374 38757 58998 22715 2171 98798 11769 59779 50403 63729 75201 44049 71358 
2252 19
94128 20491 48674 68416 43402 5275 98399 61904 98116 45813 45591 37181 66032 14864 12246 28909 54837 75086 6297 
1161 11
41509 24904 17614 57095 31630 50715 45754 83258 35684 47289 6615 
733 18
79180 92724 39705 55817 92955 86454 49094 67770 13284 65928 10133 76251 80266 83833 95415 66261 27665 5837 
2057 17
33074 32080 74568 55463 83101 79487 35955 5010 66378 57 36803 7073 90912 72370 90988 65370 81616 
917 10
97211 85545 29121 38274 99771 3449 59516 44084 33126 60729 
8226 18
55921 97687 63151 39877 1389 80110 32452 91670 94548 39729 67199 23282 89734 64000 62583 32778 42020 1636 
29 17
93750 77682 66311 68449 12708 33042 69361 80009 55674 33336 68691 77350 99675 97733 50056 23600 69534 
9847 20
40102 53569 49572 25360 83320 76930 96190 11764 81346 98774 83562 67470 90236 51583 34886 42249 31148 86436 37905 85170 
5064 17
58186 1436 904 23729 76181 45071 36767 31266 55912 84578 92927 43448 51920 14305 57941 56560 65751 
115 10
76397 58775 15264 96238 44635 99249 50746 55235 5443 60419 
5360 18
33065 91915 18325 82605 56937 43051 56856 69020 20246 20416 31018 55642 66546 76585 22487 1845 73095 59857 
8098 12
20487 52912 86941 35499 83543 6241 32178 78523 48510 45918 7982 98316 
5450 18
57511 82616 22566 52840 68959 59419 57238 38670 53752 14522 71235 63132 72058 65428 77409 56603 15446 29993 
7734 18
95387 92277 95683 76638 73853 108 42257 25989 59922 16254 23806 12479 47672 90738 41152 70372 96541 10068 
3868 16
88866 35657 15235 78867 15483 8246 20585 93556 71860 77797 48204 36551 14853 79373 45565 38492 
5761 19
90886 19707 82127 82537 22202 13204 17367 70757 59747 7101 77951 58793 51586 90546 9465 83633 49440 58848 84117 
2664 19
52093 54995 84514 69525 70202 65434 57718 47150 73448 47589 80596 57976 96111 31295 73485 91693 60287 30059 39531 
6134 20
88845 8314 20223 28511 59575 15130 15983 16441 83989 14464 46847 72197 54442 58272 21341 84770 53746 3 93362 17304 
2939 19
15294 83578 71221 60020 34818 48044 49061 44832 86735 92297 94255 58811 21792 20079 38351 45175 11719 82135 43139 
5269 19
27223 38405 26048 5257 7929 39365 86823 9236 50139 24854 55893 61193 66959 41417 32970 34903 79595 84148 63780 
2548 17
32726 86711 28728 32195 13294 33891 47803 86674 45656 74100 75343 94111 84796 4499 79523 27691 52917 
3307 17
60928 23112 62701 61555 95164 3028 29291 80457 25869 44376 53292 74641 43229 19159 24629 68951 24765 
1743 19
65475 29366 24269 20821 94296 50750 23004 11480 12591 89597 50948 87627 76602 9692 68503 34912 12481 80002 24247 
9985 19
5474 86708 18118 352 81477 35989 4521 95315 81469 46976 43277 39791 57997 13262 94829 27065 44342 31641 71651 
9625 12
80192 42253 90557 98953 66867 21114 26530 65021 1025 27580 20165 88406 
6976 20
81336 89056 92586 97336 11231 2163 56081 92699 97119 69510 89120 74902 32712 66507 34239 26150 60936 80822 64849 33516 
205 18
48013 59987 38482 66489 17610 89409 35266 36301 67607 64997 5036 28752 22789 15899 54398 81965 8895 85922 
1201 20
78818 16196 58677 48464 28933 91106 33588 99331 63192 4850 34078 8851 93111 8585 6471 84256 26759 66837 33482 99899 
2595 20
68600 24051 74434 65394 6211 14294 53077 47277 7402 43589 89403 20237 37988 99774 85163 21527 32210 58789 56102 4574 
7839 19
53652 80364 56161 24635 33866 99122 60653 74508 26812 94038 16484 25222 33645 66130 4628 13704 25682 99997 67734 
1569 18
91751 6122 47136 13592 97917 28729 81231 3942 45485 70031 82766 76920 73389 13479 53708 90907 88716 30870 
7078 18
6535 33797 18627 83541 64421 29359 2187 26141 51012 73397 74044 43578 94088 37913 13571 61642 64525 65959 
2639 17
38014 96447 81919 67181 97056 22156 62657 60939 23787 36736 12526 86759 28487 58246 72113 3875 93628 
7841 19
53855 51679 13603 47100 18316 24318 59880 91832 29602 29245 38953 73346 48987 34294 17413 32406 72893 40280 92195 
6979 19
89839 41474 32591 40294 57859 71799 71246 93347 41412 21211 30325 25493 15498 8991 43631 3425 18600 22906 76206 
6602 20
23964 69698 64584 66197 71718 24465 87723 83015 5244 21751 65253 24284 80221 69991 93392 33369 64012 86127 52271 63803 
3591 20
21848 74472 78294 24699 36412 43479 82769 97822 69047 27866 58816 83310 35134 47889 41652 86139 85637 7495 75978 31468 
9951 19
30746 79279 99083 23612 51430 29724 93979 49895 98805 30497 64155 77165 50703 15113 59129 75166 50730 6896 83863 
7890 12
82199 59289 34534 43458 88428 62095 37912 24317 98796 98320 33870 30387 
6213 19
63457 77424 10865 13393 29136 94635 72552 46054 82724 63817 51875 9811 64840 29045 32725 95472 58212 40932 82901 
8071 18
68148 8203 98239 31251 42564 63465 48279 11551 35357 2657 38765 2861 15452 23984 66947 35723 81873 49774 
7555 11
80645 59433 9913 34991 98853 49271 33388 28735 93960 62262 31057 
6253 18
51545 43682 10342 66108 98355 77863 34810 71436 51490 43797 83025 25956 9713 56995 98882 51496 1822 96307 
5810 13
78145 7993 28584 21603 78493 86804 63360 61998 92677 51085 74309 74884 81225 
7833 20
48921 80729 81100 15040 75439 28263 13413 27970 6455 13335 25955 76171 17284 55296 951 77924 65603 82706 28929 96292 
4979 14
55331 34099 5945 52596 9990 18678 82888 57151 68539 69293 17766 52458 98510 37300 
2892 19
51425 30672 26190 51820 85247 50451 37513 56667 55996 15090 20135 74543 20815 53745 9474 4658 72634 10531 69949 
9108 14
67184 69876 97664 3767 2947 44442 42463 87785 10878 5784 14044 85237 45545 21047 
6688 19
90381 36135 9103 31997 89247 92751 91244 61095 94490 81121 49367 55025 22578 31119 91570 64789 82872 79150 31499 
5830 18
60649 78489 12702 23539 13259 72476 72903 38494 66515 78890 24291 6634 69900 66499 72095 48468 88894 19095 
2998 18
3616 16572 31009 41318 13822 95424 71448 88364 26160 31381 12141 94677 54540 42006 59790 14986 26729 87616 
2901 16
21422 6452 19814 20707 55482 32616 94766 67673 12040 88634 58807 13741 34002 85111 71126 55760 
3561 19
25835 44147 9167 82546 74799 25782 34048 25274 26253 50011 24286 55414 20460 36781 30477 76132 92977 92728 14063 
6115 18
63877 83165 74708 46716 63246 1292 68866 8724 77082 28690 31377 25374 87223 30659 20120 37543 61183 7852 
8505 19
51950 91543 75626 82264 70781 63958 99498 40259 80284 10869 86182 35399 62215 4848 44883 68405 68816 53693 64527 
6241 17
36531 42960 25240 54471 21600 74814 40351 66575 48146 12416 61451 13562 66639 98014 31889 86442 88617 
6698 19
52944 76220 93865 48694 89391 78589 29418 14519 16542 61763 48976 48503 90165 20552 78901 78305 78708 49808 57357 
2295 20
92423 86721 39973 53545 42630 72977 57390 77952 94482 65724 32922 98602 99188 98839 22146 58739 17887 70899 7720 12395 
4439 16
6785 40174 72389 91600 10386 75771 75100 39744 13903 11204 24579 65954 42593 99588 30114 9881 
3147 19
95666 38394 99293 44216 68113 53785 10737 33718 58389 16008 2318 95372 65986 86080 19203 86918 49251 66151 13856 
1531 13
14811 24471 154 57991 61529 92305 61164 54470 60630 84402 85106 25076 57510 
7786 17
17896 28405 35502 53760 15505 38905 39415 79747 49193 95619 54098 25158 1248 58615 76788 98713 30416 
3525 17
60690 22992 53202 39839 33222 88124 26248 28338 9648 72796 5122 89782 54655 97816 80204 11729 99793 
5345 18
860 89116 97852 15602 94530 98257 32964 24450 62392 72349 11138 17624 31374 36536 95436 13629 30131 56301 
6418 18
14997 22844 79744 82879 91998 96150 57577 75744 3708 39035 4176 71901 55251 7124 81382 99717 36770 55802 
5311 18
88308 47594 27 85283 52285 82953 37385 75001 71301 41168 81510 56186 66267 5980 26765 40337 31674 76763 
4847 13
86820 85766 16173 11089 15764 39814 43770 18218 28196 2851 78893 49101 81475 
9737 18
71264 72656 84487 41855 29563 38358 66868 55201 14225 6091 67947 29742 58047 71043 29309 67536 86655 48490 
198 12
36870 79943 3333 11316 19029 46140 9872 42091 40934 37953 64023 38878 
7424 18
80275 96478 99679 21074 79582 15121 32507 99761 32975 35913 93336 68365 40705 37115 66877 58581 31399 87547 
8027 20
98265 33448 57201 33227 16217 11158 47578 66273 42698 38730 76818 61414 31652 27758 11970 11234 28653 33808 50058 74019 
3679 16
43919 30290 53944 77953 73279 33897 32628 49586 15648 91484 54193 20209 39446 23169 73820 64846 
1420 19
76512 27803 26410 18028 72371 28783 88102 74425 89894 20791 11526 24206 24401 46426 80524 39276 82035 1597 84686 
930 20
15374 77709 50122 98123 69882 32075 60154 30940 68671 24536 24066 64593 64149 69252 62830 8878 55988 31670 68975 76659 
7512 20
26310 13473 74 35094 60390 32530 8122 90572 88722 64121 25400 64757 45226 2705 76456 50060 76140 50160 93792 63912 
9692 17
991 12574 90107 94674 59362 89000 4046 53196 17138 49181 6893 38246 70740 10196 45235 44492 95232 
416 17
27052 96196 71411 80870 58698 61397 57140 78548 10280 82929 19674 84065 97542 348 1508 34561 85782 
6960 14
6247 71899 54459 19748 38352 10844 72698 99689 50433 14405 67911 82588 69862 61486 
5313 19
18388 31866 9801 53210 80434 74021 60437 81844 69937 25944 46276 74677 84725 25581 145 82066 50286 74841 20380 
4395 19
66605 93942 77725 91034 90725 91851 84928 93784 48010 82899 80554 14023 68609 78663 12772 94303 69050 97933 19596 
8869 14
50700 62772 27848 25250 9550 52124 53509 38328 82758 61039 49369 87161 13964 36087 
555 17
28172 79265 57518 37310 22635 29340 29929 67932 11256 35007 81758 83947 13054 26049 52206 52560 47424 
7032 18
34568 96107 42464 54695 30311 21098 48961 61596 84395 34763 30728 46771 42715 78592 62733 91493 84566 41860 
2959 19
10966 79181 53266 21030 24428 59342 78222 95288 7950 45449 90280 52491 34390 37926 52099 87495 47127 93502 50771 
8983 18
4729 60477 95648 46498 75827 35583 3441 96859 57420 26723 41029 340 48673 91117 79176 56183 45432 94589 
5263 16
73291 34601 15260 64389 38744 35600 83457 36344 21385 805 41725 37405 63602 78398 27573 90365 
4381 20
21975 38669 40460 18215 75947 3505 1852 49126 46161 24950 38524 81256 47841 58217 4894 89736 1734 31979 50195 54841 
7576 17
33324 27227 50099 82180 13826 45105 47270 22510 68785 28142 43271 2843 99366 99068 41371 52578 1068 
6633 20
3560 97717 48990 66888 63971 78792 28747 27148 23120 50672 7343 13722 4861 71810 24522 12603 38820 91131 46796 69673 
8795 16
47816 36151 89427 30617 31898 51607 7588 75616 72714 7515 35653 81608 33606 34827 20115 19282 
9291 19
61965 90997 18754 49163 67203 31620 98661 55315 21108 85620 77294 70367 28135 26874 18872 43178 28222 6043 66701 
1789 12
69302 77689 77289 39740 20399 97752 84132 88868 30775 79708 20616 13792 
177 18
56212 95196 74013 35086 79625 32108 58466 68856 24856 38787 859 58838 63728 41033 86060 56541 45612 722 
7989 14
80808 6800 31099 46874 12877 34694 46347 25304 39418 86559 92114 95793 33147 4181 
868 19
24532 71352 20414 52243 47902 44131 17941 98580 50525 50252 89428 42156 55200 38056 4267 19436 48775 26508 4022 
81 11
40496 50496 46586 31915 36541 62136 50891 84897 10508 13133 44840 
3301 20
25109 89106 1990 31788 96993 19561 8738 16442 40547 4023 4947 38908 19556 92476 2972 87044 71697 17449 35755 70229 
6293 20
64031 88523 98072 371 9141 94366 30970 85726 34597 3677 85208 41636 37533 33830 99299 56280 92483 23154 91875 77565 
7302 13
69412 98405 76795 91896 53737 74549 37237 18178 15124 95949 24210 90996 4551 
1283 17
78912 89194 18163 65797 29280 99157 21454 30634 38825 18667 43971 61184 34956 96458 87663 50561 9751 
9772 14
45682 10161 77264 41179 10639 18994 71956 39849 1331 12919 34725 70656 90925 63725 
7438 18
92491 76815 43162 1137 35463 42865 50938 85581 86426 68645 50115 29776 82920 7093 59314 89848 39760 60101 
53 10
19871 45897 2478 60488 1061 70968 67042 56156 61098 42293 
7308 16
10896 21713 75913 48460 67249 11678 56598 78871 24598 24479 38808 97823 29482 31752 54440 40867 
3546 10
83879 46983 76616 55898 55536 92353 84271 46114 29226 46370 
2541 17
23352 96147 57554 79040 25662 73929 12444 32094 41831 12038 54239 43459 29965 19302 59039 14967 5197 
1229 13
79616 90096 42863 89893 69387 11794 11142 52749 50904 8896 76472 79141 63469 
3764 18
51167 85103 69583 56429 71135 95518 6181 86064 75741 60695 26712 89748 84960 69806 33508 6290 76664 4642 
9751 18
30671 83119 97787 77396 94983 86798 40731 68269 36902 6374 78043 81153 15698 12414 92385 68977 67431 16176 
1537 19
83836 48693 12074 77438 74527 42729 97801 10681 61374 87307 33275 37321 69114 17099 72268 54007 2729 6451 86409 
4297 19
41818 40293 7838 40342 71757 77693 28652 25838 75660 8519 10514 85081 19612 81533 55765 596 50128 35826 5924 
8617 13
27336 12078 70208 80572 65001 56222 27070 53656 58113 96366 24555 73616 62826 
5134 14
91032 93992 97031 41345 78271 73307 68890 41570 6727 98153 79664 97582 10421 62796 
9239 18
78515 97260 73807 24764 6754 95095 65093 12123 35547 75646 55016 34855 86429 6812 93009 52478 56230 25718 
8124 17
24203 91445 60124 17381 43674 16017 73964 63901 96909 47515 64953 77569 74777 9262 42355 69653 93906 
6783 12
79679 38845 16383 33737 2324 57165 44717 67583 48392 51427 16770 82698 
9432 19
2249 98418 56335 17858 81542 95835 11634 11793 96975 69921 89583 29522 43546 34357 76675 1915 36104 16250 42127 
3034 18
44302 45572 70245 1035 25349 50059 69266 18416 28057 88522 91869 64024 67044 64825 65198 41881 86482 97841 
9128 14
20291 77778 14032 6199 22056 76510 59735 41170 48531 56152 90595 43449 88368 66290 
1967 13
40905 58156 8369 33135 86026 92869 11981 43534 5236 44470 26335 73638 40595 
6650 19
89954 95778 89785 61723 66902 19097 65651 20578 24654 71887 45180 48965 48680 68771 42801 35527 40209 39747 48210 
8166 16
31469 57240 18625 48631 67667 3081 82522 87513 21247 84643 55214 60959 17778 47428 42478 22903 
673 18
73053 37068 58881 17215 46508 72520 50079 96349 29444 44256 93437 59134 42583 92933 20178 4694 74144 65306 
1549 11
52239 47431 78457 39536 92602 36648 5245 52007 61854 98461 25013 
4473 19
42415 4317 53865 73746 26005 81713 50259 71325 49167 23389 95684 43064 18569 91984 51623 80782 50710 62394 77021 
2467 12
70304 27827 85154 61611 88573 55542 59639 31267 18572 23946 79469 79900 
5555 14
41617 26780 15588 5128 48511 40617 72557 77368 44824 52666 43089 53231 21604 3773 
180 20
22770 56086 52970 71005 98128 862 79716 3243 20863 72660 75870 84541 97815 53633 57753 65750 31588 87213 35394 54866 
1408 19
90159 39607 55510 31531 23629 591 12258 99225 46585 83200 4217 52715 46544 30140 29765 27059 85273 47758 9962 
3692 19
71974 82410 84675 19130 73131 90684 47666 32145 95765 98199 74905 10590 32337 74701 33892 75346 58050 54316 27122 
3612 10
12164 75570 74097 94125 16598 22854 26970 15834 60652 25134 
3938 11
83826 75092 43547 68684 92820 70893 38662 16110 59885 37595 12180 
2608 18
17701 94767 70583 49034 37863 80164 11918 79658 63594 86940 54742 36745 34119 56123 99212 54180 46504 54120 
8189 17
62598 6558 63680 27162 41146 58861 42016 35622 8958 47480 92004 8318 63784 4537 92964 73809 17857 
9583 18
38361 30952 42148 25138 22618 91996 70184 83082 98534 84306 27934 65819 982 96922 3971 66941 11881 69681 
794 10
74291 19230 26937 19564 94453 81411 19740 14396 9991 64596 
5107 8
26124 16207 99782 89436 71935 42282 25261 74495 
4080 11
452 53045 73737 24364 28800 42079 61539 5316 69151 95349 49037 
5697 18
46481 70873 31031 87577 1121 55750 95299 20694 22237 66684 80194 87279 71978 24566 85458 15736 64853 27942 
9795 17
82816 40005 63213 20885 76529 21612 27957 51869 21198 17117 43506 66744 41804 76716 47305 20434 65418 
124 19
24621 24050 73992 27245 14060 85089 95809 42217 1761 15639 22781 19998 50535 14797 90452 15396 72008 98554 59965 
8989 19
6476 38628 85112 4882 50402 77555 82394 9571 51990 88693 67915 7459 81799 43675 36103 90827 36422 79068 71547 
6441 16
69323 30909 78139 89384 5683 2647 32392 48752 68267 9868 88836 85948 74361 34475 25434 72742 
72 19
78903 86298 89314 46450 48253 91093 11162 4881 4102 54942 91784 59615 12452 17698 60433 38635 16099 63639 52737 
1397 18
17529 14265 45733 50055 56640 83582 1422 62582 13136 29597 11232 73566 80506 18788 92248 95221 66665 36689 
2652 17
63502 48851 9734 65446 65701 65834 15734 46407 67212 89908 63606 81516 91425 44178 31093 76209 22805 
2006 13
94498 96323 16873 36998 3964 20664 88446 79411 27157 42790 96719 75657 42447 
2219 19
18150 16839 94060 32374 45423 64114 21066 80060 30534 22834 53090 56046 79506 81731 56654 47192 55321 54038 55360 
6845 17
46919 12929 84053 12793 91369 91562 22266 17241 17954 8574 82083 37282 70964 77494 16782 17609 44944 
3229 14
99601 45433 43290 25510 14939 60149 43248 45081 10429 35511 9100 76434 96380 65445 
4138 19
7028 92204 45568 17444 74424 68663 55497 97831 57207 16048 41421 45495 34073 96595 37046 67693 59332 57000 6958 
7851 17
18310 70711 76951 19586 76829 33423 60815 29384 36370 50420 4090 36225 22582 32826 48871 18903 99591 
8269 10
75850 19008 54099 99085 95653 19870 40964 92585 79907 38395 
2235 19
18597 56327 81026 65586 75038 95174 47269 39343 91372 60651 71171 90978 91502 94805 19971 4980 34107 31664 24426 
752 16
30917 12133 28446 16350 55619 93744 18064 61302 70551 31700 72792 39254 81483 26416 43031 91548 
7312 18
50617 49967 44421 62565 24747 12490 47154 61924 94242 12197 88202 28791 58254 39265 61897 27440 23031 18369 
2293 14
98604 92725 43317 56425 8227 61028 34447 73439 89524 45466 9744 66863 61567 88376 
1296 11
80466 19174 88340 88752 28937 9005 26826 95303 84642 45191 95991 
4631 17
80045 80217 9577 49982 43970 98260 49649 66446 52408 56132 40434 85608 74390 6866 489 12505 63708 
4486 18
18005 32414 2710 98899 58740 32430 92910 85850 84361 15357 62927 79014 89647 7655 32746 64356 66033 3231 
4975 18
46795 82202 31058 50453 59131 4055 34111 44093 67501 17712 31660 9209 32445 95820 8832 480 77534 27153 
820 18
17999 52153 81969 30251 60338 20672 8452 54419 97361 27479 88971 82097 26664 9376 44633 86250 44370 66360 
7305 11
23444 89141 17735 27769 569 31000 71052 41276 95997 16103 80227 
4705 17
37941 9691 19051 51664 92431 71928 26982 33664 24661 95102 66365 29112 15961 28939 58350 46654 27498 
8839 17
73517 13780 11548 62467 17418 61444 25692 80409 4964 15830 66404 30601 79479 48420 24954 25978 76776 
599 18
65840 77874 84613 56373 86730 12746 11155 89722 2772 70241 78333 95277 91700 23800 20019 25834 87674 87928 
4460 17
76084 82131 56836 43208 51201 95798 36327 54694 35789 42973 12804 69675 21702 98425 25169 8319 96436 
4535 18
77091 28322 69520 66425 25667 36600 7516 58582 4879 96236 81877 60973 23752 57008 17603 59703 30949 28816 
444 17
3077 53963 55257 1892 41619 80636 50386 46666 84956 31693 33829 47918 75863 21992 25777 31023 94801 
5971 18
29132 22135 38344 22971 30555 74513 36326 83747 37400 48281 66882 70249 29902 46878 26586 89985 17058 33269 
7881 11
30489 8436 94115 69356 47235 30549 40758 27882 50018 95013 29647 
2312 15
13823 98469 91794 59775 68329 28085 36522 85350 71048 13730 49408 57537 96364 94581 52696 
9285 15
65242 5962 31541 78262 41747 31449 22749 31286 97926 95510 29181 47155 5194 91577 8888 
1023 14
9084 94739 10828 85591 97098 27354 97587 89160 61112 55186 83452 99039 43370 30515 
9850 10
38706 48557 40658 92769 94545 47762 51073 334 85252 49905 
1364 20
46785 61473 9703 53457 22118 67215 6637 5480 50191 16602 35016 83629 13278 36175 7442 78179 43337 18075 95115 31631 
3997 14
17696 58924 95705 19091 61833 51323 59100 91338 77846 96706 5721 80548 6561 27923 
6097 13
1096 14363 98357 87914 43238 38616 99438 67265 16167 41185 64795 76511 63509 
1448 14
89811 53233 91418 45379 95566 14370 97191 46160 88725 92889 88507 45990 61385 52876 
92 8
87154 33545 9131 37274 57354 42710 23932 76538 
3459 20
33307 1678 87515 77920 8575 57400 24874 17120 22522 25755 87562 75515 71217 55157 65964 10876 12206 53358 28136 97886 
9550 20
13768 16900 62462 78565 42609 41342 7589 65218 72705 8236 4066 1235 72989 84170 77601 55522 24547 62549 96624 94058 
8157 16
30093 33974 29338 77610 52112 88748 38401 17039 8976 62986 5079 56037 43416 80212 43003 34530 
8521 19
64176 83416 49863 86004 5922 3523 9525 52981 14317 66555 55003 92700 98065 53094 45102 75115 6293 94592 72412 
4766 10
52953 60239 17846 69725 10654 17282 81859 85998 71815 3503 
9918 10
63551 71772 47523 14457 27484 83949 61821 79933 49584 31825 
4474 18
98925 8893 83084 60352 14861 18280 74781 55416 35074 68386 43774 85556 43219 86983 97113 27083 84418 96342 
1985 17
21711 53075 17474 61947 21684 79703 44967 75766 36762 12654 85728 50199 52897 71188 21898 72046 77460 
5707 16
77110 55450 94206 85162 64178 76052 46879 82908 24447 88993 1421 29307 52522 69918 49598 10591 
2036 20
40670 27844 83062 92696 45700 24556 51581 16038 63312 34011 93088 21988 83164 81755 94494 84093 4076 81429 13604 98617 
2732 12
98643 34513 17453 48868 58308 55683 61549 12612 45352 30026 16158 32601 
350 10
16689 4757 28363 2565 10810 77936 8204 39345 55647 34408 
9610 15
26024 15889 72458 10310 80133 73708 51124 99410 7226 82028 46899 81281 94445 8256 61799 
5849 17
1608 97553 99523 49834 44926 19152 79817 89578 13806 75944 11766 80951 45652 45671 15950 45274 80858 
9002 16
62316 12124 37414 52024 13716 74681 58943 86336 39863 99659 57226 2591 14234 77985 42901 34020 
2991 19
38343 80187 71546 18985 82300 90602 69656 35481 465 85266 16259 37044 60312 11897 37961 44075 3424 5604 11800 
8738 17
34438 20614 68221 1081 46844 42857 89237 2052 92795 33701 88550 485 69069 47390 10840 36519 41936 
4397 18
58227 62566 70596 57816 78149 766 26663 18659 1045 63839 88370 10042 47282 61075 41856 22832 5263 27853 
587 11
14665 73207 55872 43069 53810 56129 5159 79343 80208 89899 9451 
8511 12
8605 39101 77325 82762 84476 71326 61235 42817 76425 86800 13005 25745 
2380 12
11146 42369 37395 29106 12664 65802 90457 11550 83028 6118 96137 75099 
8149 10
16863 79950 87508 71560 59349 39297 11281 46288 42728 88199 
9218 11
71906 23172 41448 8590 70639 27311 24201 68963 35538 89612 50339 
8709 11
39025 55666 32157 74315 46803 27645 10980 87539 58234 69450 17886 
6160 16
42223 6857 58977 95690 77372 37344 92697 91220 97478 74843 61955 49224 2481 45193 36114 49541 
6117 16
64553 45777 55019 97541 75552 71184 19770 97586 58096 6550 80831 17496 67332 29713 77990 91945 
6386 10
11094 19711 2109 49757 67054 59511 71764 17594 22813 9874 
829 10
55346 64598 2020 87347 79013 57872 84083 71741 11202 26965 
5850 18
31379 77873 92879 61219 59172 74062 84580 10978 93765 47391 59326 59268 29926 90104 17739 37964 27306 83442 
4892 14
11386 41906 67902 67747 84002 27342 91660 53588 42322 99600 92278 62575 23298 50779 
9276 18
31186 42442 95442 59640 9279 35307 6272 35265 83738 18749 31961 30236 4684 69224 81698 37231 16185 9145 
9092 13
27133 70866 56179 39395 52279 14736 59636 33002 43902 83350 4727 61446 50047 
9277 19
1677 75269 26618 1404 17950 82049 76296 52765 24431 8730 95698 61344 85535 32901 69537 16941 98478 71851 4990 
399 11
5660 36203 59660 55849 58319 86560 72616 44405 92949 16700 83483 
5164 19
47743 70548 86577 25602 25995 20458 50794 40348 84369 36117 53324 81659 30040 27638 99252 5217 73833 21399 82170 
7179 18
58721 36250 2258 68807 46987 41750 35544 38619 22200 37668 45570 53577 47013 95940 22705 64217 59713 41291 
165 19
70232 77458 56855 28355 37089 6338 82111 76135 81958 78600 57068 71402 78531 77356 91426 51720 33518 88798 29967 
5687 14
57895 80350 56915 24711 77519 93903 11163 16767 99532 26971 12006 1309 40386 82885 
8942 16
31224 36956 36410 6086 38874 24013 4473 56294 99125 63264 36088 20281 66478 11994 64529 41364 
4058 13
46516 84900 55020 29557 53443 46267 56871 62267 7826 17426 7336 50042 27207 
9029 17
8174 21238 93249 14741 86492 90513 67385 73968 87109 15784 54927 15282 67865 15325 16128 76134 26710 
4893 12
28005 30989 75560 30105 93129 56984 77511 45773 96674 37160 4774 29853 
242 17
20744 36153 189 19002 23468 395 70018 45438 43269 89742 48235 10942 17280 86949 78106 10820 98978 
6957 14
41944 72670 69907 32686 23121 89883 94880 8280 35443 97950 4446 93239 16211 51669 
220 16
80199 58268 69313 15813 42679 16920 19587 51537 813 17440 92984 90127 48577 79410 27476 33342 
8677 19
59762 61954 69066 98603 36527 63444 84362 95939 27075 87787 86212 5765 75934 11813 57476 65537 70719 55736 54100 
9507 15
47750 61625 22639 76685 37861 426 43700 82357 50520 84733 38469 13243 107 28393 46675 
1133 19
89093 48670 67618 35861 41188 21741 20708 87020 41625 20269 4635 80544 23940 6023 84375 23045 24559 22869 28103 
8283 16
21288 75797 34666 69572 52552 81890 96375 29584 93762 84177 91275 77395 778 93624 75951 13885 
8067 19
20698 92659 97532 72144 68698 9790 13124 39993 98705 85351 42769 34293 86444 70016 7533 48325 25539 82328 43454 
4924 18
92541 59614 93078 48782 56151 13354 87012 66749 44645 21951 44115 66609 99110 59889 33792 66797 71417 6532 
7088 19
94375 8412 27637 75544 27839 21222 24928 67545 57061 8631 29514 10166 58188 85703 4075 97301 45307 42986 23859 
3593 13
28053 47659 34994 54417 67321 86790 4356 93767 97806 43298 25849 63730 56321 
2655 20
57456 69053 78284 5767 89725 80016 90550 55319 79903 20397 81355 33581 83632 64957 16138 46808 68865 29910 84924 18033 
3907 10
14146 45631 92245 99279 42943 34950 58981 27219 33825 39237 
9871 12
1601 84703 15552 87836 47617 29061 92079 80393 58231 63085 70576 21955 
1702 15
93013 48446 93145 67628 62626 93530 37974 83136 52945 96195 54745 6883 41154 54155 44058 
1262 17
59548 37217 91379 52936 12010 99440 21917 89874 28974 81930 93039 60418 97293 91993 63823 15082 4865 
8887 17
19827 12560 89506 96383 42539 41297 74971 45450 67211 80223 73556 63045 69321 19482 26988 87881 6956 
6280 17
92838 60533 53935 9840 31711 1569 5760 78099 97061 88319 96222 11328 24779 69032 7647 20010 15499 
1596 15
79620 43430 75356 60540 25014 30880 29111 76098 99733 15116 66979 11141 5745 19531 2125 
3134 14
34939 78031 85767 57795 66699 51206 85527 76660 34373 24736 76719 48041 57609 96407 
6779 18
96152 42236 97360 81514 80698 32041 23458 26920 17379 64219 28854 55496 41851 47812 2282 47364 64426 24773 
9564 16
39193 32607 38194 65091 4400 3879 47827 70424 56167 77329 94564 87438 92259 89514 36491 69604 
832 18
86392 29746 98497 26078 76482 42719 3870 4567 54441 4118 53142 17213 12923 1489 44419 85275 75680 29059 
2250 13
38008 10297 87671 68845 46943 19243 52198 54812 3417 3737 95542 84817 70257 
2346 10
90784 22001 38852 62638 23022 5214 75265 33916 90132 2355 
2415 15
17257 74055 95638 94287 27490 83554 4557 80257 17962 42484 53402 36089 45738 86608 46548 
1351 10
89302 21165 31055 36187 28930 19843 91501 59813 2942 36129 
2863 9
58684 99870 11046 70638 855 51663 30562 19056 72313 
5635 18
71504 43377 86870 54205 94606 61221 25642 60210 72732 32143 57236 21248 13394 85062 37473 76916 50090 23086 
2819 13
53398 37738 73219 94870 3543 84131 70051 75810 11173 37410 66875 43177 43189 
5804 15
94485 99751 90819 91571 4467 68128 41712 8105 22763 48473 8102 62289 5917 30618 34521 
9574 17
93797 32523 58606 78540 47383 62810 5934 2343 10510 30215 23994 15704 99574 97499 58472 59397 28041 
5530 18
59366 81846 95967 94165 8809 70492 6221 3036 51062 71384 15173 59019 78721 36305 76723 81028 19170 38569 
8390 19
32568 42303 48266 60519 49743 87760 1030 90866 56049 52167 83316 17788 27709 65036 18962 9561 93150 90497 44742 
4828 19
19797 80928 94398 54907 45350 91043 18825 91838 24457 30359 66981 28147 51609 32776 41459 24202 44288 11114 21408 
2200 12
65165 88829 99833 71186 85916 15714 48075 57766 20587 46567 9436 98647 
8391 17
30772 53929 7061 63384 3636 85727 48123 92858 61249 89204 47392 43078 69383 33601 8085 78938 83387 
4059 10
95569 62569 88056 12229 19054 3166 23918 50230 86716 36425 
6915 11
65488 39955 36036 74797 94434 5398 42644 29988 85197 71522 85422 
4251 10
95377 16994 15036 61616 80598 7613 49793 41937 60970 93029 
3211 18
23753 51082 33432 45273 57344 60062 80958 42423 2888 74216 75480 17693 71341 890 21718 8863 93215 87303 
7511 13
16503 31358 7833 33910 61640 75046 76480 59683 60278 56141 8434 86698 77109 
6805 19
8175 5852 63182 87313 12103 12320 4740 21120 83178 49444 72651 83935 6252 7080 96088 51279 85071 20240 59020 
1478 18
29736 81910 56764 95287 31959 59763 21990 16091 11030 70272 40915 94114 99281 44076 3165 94760 88154 16541 
3245 12
16918 34803 16529 13640 17762 59501 25424 44312 92454 53768 38197 12848 
9733 14
39173 58005 38374 90923 55543 58337 16989 55530 77857 25678 52738 73503 46377 4715 
1803 20
11354 55820 66257 6187 40407 20220 4746 88812 30171 99296 99959 65450 15430 29714 49557 60834 74092 90642 4666 39287 
9053 16
40703 71014 5886 1638 87880 16455 62941 99762 85879 60614 5280 47051 76721 89802 55265 22199 
363 19
31948 37433 80368 16716 11267 97712 78075 97688 96606 42838 90068 53736 90484 82794 53122 65294 33729 40487 66598 
1453 19
17714 25123 54983 15385 56190 28208 24651 38811 66733 39332 49749 74243 1339 59341 61255 12015 70749 68226 51412 
6821 18
34765 13254 40424 1631 64475 6120 40734 65710 99232 74059 38721 85849 36401 82842 95339 30421 2614 93884 
6924 20
71058 52515 321 21608 74778 914 26289 11872 72342 79063 63846 85194 99091 17326 72444 35243 79444 74130 28224 437 
993 19
37640 5913 15551 93522 98506 73163 73605 65658 98571 82869 96099 1939 76936 61584 62743 3923 2896 81791 83276 
6953 15
4460 44169 71259 40597 2391 45821 54548 6931 67642 46259 29728 66523 84887 52169 46501 
1004 12
87426 7509 2399 71234 62479 24346 19231 71759 40950 77426 99535 70011 
5169 19
94276 77688 12931 31372 49902 9265 81107 56605 7598 29783 96286 32860 66741 60266 42785 84648 55356 26720 79585 
407 13
71500 89988 97045 43265 85883 24876 75547 63462 6225 18420 586 67822 80675 
8482 17
70288 96977 78597 73754 63112 81431 79819 10884 37324 61594 84574 47033 48488 80066 56376 15793 16809 
9336 13
31985 4034 50935 18601 7095 89465 76358 77454 95682 18473 70375 98817 69072 
2079 16
81842 82091 87837 87813 10174 9323 47464 49627 13037 60294 65350 96654 24382 72866 87657 22275 
8279 10
63029 73237 11213 96414 98543 32039 79437 63624 82502 24737 
6590 19
57556 69388 73956 76762 99933 19817 84237 14951 91430 18636 79428 78056 94505 40679 29815 90657 30185 8919 52339 
7484 20
30428 6999 499 97413 33899 74915 24604 1233 33011 62288 51693 35042 94567 31262 83090 68859 13048 89053 80159 27513 
7843 19
20265 17796 13585 31208 40070 5667 9698 99266 45791 15016 3970 75591 40884 44404 31352 74467 77573 38684 9526 
2075 18
24782 49072 84055 68423 92693 1448 18433 18122 39879 70852 86288 50393 41424 99139 69430 39111 4859 38228 
3991 17
13418 76039 74394 60091 84748 965 19820 53412 20429 90156 47613 18276 14943 89303 14661 63001 59533 
4637 19
63609 28299 26142 46712 95262 16353 59528 50684 78679 72198 48895 36055 96659 67409 54237 89342 58115 89102 20123 
6148 19
77136 55046 83211 19121 38591 49709 15404 10487 91706 37302 6492 3544 70194 93742 77064 63224 73020 25437 64922 
3871 16
93037 83757 34264 38562 67022 52692 98821 67314 93465 36057 6198 86380 2283 60672 29774 68647 
9460 12
2404 22338 72555 66906 87693 87181 10043 3868 19632 60724 27752 43007 
1515 13
74559 61927 54137 42788 64359 25660 35100 77174 86824 82275 17660 36317 3235 
6997 15
89931 98688 5905 19589 40161 29304 15745 17992 87668 28159 789 87233 72751 15852 66150 
1411 18
23714 50491 76697 28297 76499 47228 7445 73094 20333 44615 83239 89996 18177 32175 58473 50934 20610 93170 
6492 10
47686 86629 38826 62025 49255 66855 23251 78408 15388 28525 
1348 16
19371 53262 13098 39422 90465 58518 6111 27379 41574 10838 56091 90943 73329 9142 55706 81953 
5034 19
84833 65301 5595 50691 40859 42853 11293 64301 98359 63812 90296 83574 41607 93842 97492 66098 47955 76102 47622 
6940 14
69993 27468 24199 57710 73925 39870 42102 79244 9446 6553 26739 58983 39164 60078 
5654 18
58774 55252 49319 47669 3479 26060 13720 89846 26456 83268 59164 42559 80070 87670 3565 10907 8560 94010 
9906 13
23455 11028 28601 484 77875 51599 10290 45726 80751 42280 21823 59724 39590 
2709 18
36546 24031 80085 18216 45712 25044 38049 82438 7110 23723 18647 39089 87374 336 34423 12126 26392 25871 
9800 18
29458 21735 37308 62670 39110 83343 72334 97820 62235 42314 23887 27170 4382 16573 84088 65584 29173 87909 
6229 9
76302 28422 81657 24198 14751 61540 8106 10817 17584 
486 19
97830 4790 62384 70433 92872 57487 16438 74082 1886 17824 92546 21153 32434 30785 80033 28477 78122 77753 31791 
1970 11
30317 80411 49785 13325 60718 92429 35806 71777 60864 22341 17137 
4330 11
96715 71274 72368 96206 60050 2290 80442 97836 87042 6287 52496 
1314 18
63642 64889 39913 66611 52397 97131 24981 39692 20714 55018 3071 12496 29706 38917 87717 89598 46120 52882 
5551 19
2017 82686 16393 42531 49872 40140 25876 2528 46752 53504 96884 2612 12935 42489 29773 69726 35382 61909 30948 
3632 12
42140 34962 73286 56974 60329 55839 64088 31648 94062 46997 91017 23357 
9423 13
36085 22882 45286 49658 90895 87100 54992 5340 29518 73513 36838 23440 12736 
5833 17
36749 92834 32656 79243 18789 87141 95441 474 7966 88336 56234 71847 78707 59226 31143 36829 35847 
3177 20
11779 77499 35387 53291 42259 8418 41280 3463 95748 36917 47795 72611 87898 3862 20571 70659 95194 6937 22071 61995 
1618 20
30016 59773 98289 41190 34808 30245 87687 19733 97250 2216 37148 89628 52505 39408 59552 81907 27330 43601 36 16210 
3622 19
17987 75569 4741 17060 24612 1945 95080 22725 73330 90636 57909 44900 89331 42567 76681 66237 80674 11707 12239 
2567 15
36475 71812 96810 20741 47761 8448 15997 18612 17752 63381 48742 72348 30691 72801 96368 
1529 18
4901 41270 38199 87482 34145 42523 79966 77662 51543 65288 25606 6554 87517 41228 41879 12962 9994 53440 
3557 20
32255 10628 92543 46084 91890 67424 68202 72189 1414 29299 13712 49773 74202 74924 88257 82178 48606 63197 73815 78521 
2138 11
20154 37049 4045 49068 59919 70282 76670 1663 43595 15015 25805 
8976 19
99108 935 11277 65931 89239 74851 53060 12849 78872 73120 10516 7834 3108 64180 33228 82073 43847 99779 6077 
4532 18
41083 93917 64100 91673 5467 30403 46561 27178 71134 72658 97706 2569 42493 9004 15673 95218 92946 92526 
5219 14
22188 22397 30980 48243 90846 11650 65749 94762 15058 27426 89641 50308 86054 68110 
3369 9
44346 36496 1077 38612 50739 19956 17204 15038 49076 
1014 16
62913 33578 74625 67950 21950 76791 30283 55274 41197 77146 7927 27325 74634 65429 46274 37599 
1973 15
28670 94800 27527 50348 37676 96683 14394 94537 28074 24433 91268 68673 65534 5102 55929 
6885 13
27088 17732 85859 63259 5015 6488 82690 55405 57256 37539 6480 66579 69466 
8975 14
73332 92961 76019 63980 43384 76905 2706 35642 76395 84051 69346 82501 88997 51053 
7096 13
14081 74848 51471 3912 7263 56709 98137 59961 70558 21657 37822 74167 11788 
1874 16
88265 6524 46601 39683 16826 12569 87458 67362 10693 33390 15509 58190 28906 71871 72639 63855 
4563 15
4685 90525 60440 77153 89260 9803 34839 77888 72835 57610 13028 33076 98262 23443 50753 
3944 8
21773 39648 64848 31687 72868 71849 20268 45395 
2340 16
48860 43222 49739 66724 95970 25727 28856 21811 63952 74655 62929 96632 10345 60386 20182 88517 
3547 18
28626 49233 49047 67381 98490 97811 66303 11006 19858 71151 68263 18037 46446 43386 79320 76963 34331 68797 
6129 10
76567 10774 18743 92605 85677 14224 43174 65399 60913 95606 
5423 18
28551 31739 46430 95207 35455 45970 1409 9815 55156 1773 50200 16272 94963 49455 70050 8351 21946 59012 
2021 18
1843 27794 71286 50373 37252 78156 81421 71534 35269 23418 32198 37960 74288 59167 51017 78468 12950 64069 
8180 13
61325 28946 41992 78188 54818 52039 9612 2533 75155 65147 50585 98201 47789 
1676 14
99340 97222 64768 71950 48718 80095 26087 76968 47734 63290 18676 14419 54584 84112 
2161 13
85231 60933 8541 77726 35535 42313 79403 33316 54735 11177 27813 90603 29731 
4589 17
15019 60847 25544 63137 69690 96842 16290 96657 57543 85547 13094 68905 21652 37167 42443 35659 65364 
6995 19
65061 69744 28301 95925 7997 82356 31004 79584 44045 59001 88527 91388 64793 19352 61402 36061 59224 31952 10252 
2868 16
97267 93229 13782 28241 26426 62894 50956 82584 77889 13959 58064 64559 74618 68021 16062 97707 
5065 18
32542 28614 40458 9950 71471 311 6870 20130 3096 69453 75917 99038 63892 77520 71880 62380 89812 99758 
6239 16
81944 59596 26885 57560 635 27871 94511 16312 31844 72953 50310 79224 40704 45378 10636 36532 
2115 18
57393 631 52372 56731 70698 30329 99970 67550 40196 44940 50089 82299 3811 72783 62652 36470 99988 28285 
8921 11
21669 30918 12120 12149 57536 27589 2576 78826 91586 27436 822 
5337 16
35646 73977 64465 76649 672 64741 78638 44852 25542 89207 91595 62762 39789 85424 83241 24497 
8222 12
40631 56920 89187 98195 45179 96763 82830 80975 52797 63316 5394 32921 
1154 18
76263 89411 4517 21593 94666 38244 68390 33886 87964 22384 93107 44725 33249 45281 78403 13341 36558 10939 
2754 15
98693 4700 71756 52108 65435 63882 64367 86571 60594 64036 51675 69218 81834 65303 35310 
7975 19
72722 24213 52789 83556 61299 25559 98766 37579 3073 20873 40404 62832 9242 59175 69390 34605 70037 5211 36179 
2119 14
95209 45675 12283 84550 27592 88212 23288 40627 39745 4940 93238 34485 10162 59456 
906 11
60103 51287 44052 11604 24241 36627 87150 2770 75208 73612 46263 
4145 20
97083 92108 70297 41819 42562 63541 17872 81685 31357 74187 27858 17431 94869 40349 15333 582 85829 46297 47120 74678 
7956 16
23650 83790 34990 86621 25103 2365 19498 11082 59305 43098 99270 76310 39793 8361 89710 91358 
7164 19
16300 88532 51927 46932 93598 11034 22616 51026 11250 1665 26683 11969 92743 59655 89788 4667 1126 32675 43695 
9649 18
1461 16467 62142 99922 67071 86594 13009 36034 85401 95733 63443 48809 57152 15674 63966 12753 78662 86372 
6202 13
35878 47571 3489 73534 70036 69527 37978 92835 18657 81666 32439 26051 88430 
3774 17
18594 16820 87531 62564 64308 28910 50395 12810 35652 31987 64044 78004 74135 39444 74696 9862 45267 
88 17
92257 9925 71517 64710 83567 13921 16584 30039 87879 95943 15842 42841 8235 85299 83687 16004 96717 
5171 20
16578 35832 10543 49129 52278 83485 98516 58294 59834 71222 53013 31258 22050 72825 72316 8111 32968 57161 30835 80163 
2017 16
20243 5622 94563 97604 74179 75426 76967 29367 17264 23740 62087 67785 57327 59125 8443 14595 
6228 13
11952 31680 40575 79731 79417 82742 49933 4185 60978 3471 91247 86229 87492 
401 19
76985 17057 5896 76566 13170 58449 2236 54414 4749 45239 13769 26745 61483 75380 48257 37875 88244 86633 20960 
5873 18
51111 71845 52916 49162 80581 64148 25664 54746 72106 31494 34432 30683 68214 76811 97334 11228 45383 26816 
7081 15
46301 27036 35478 32199 96868 90728 93383 23370 56323 47291 42983 26442 37296 21043 50951 
9011 16
36209 59915 66746 93635 97859 84182 21190 81030 41392 92274 18690 21777 71955 22287 68078 24903 
6603 14
97381 72164 55519 4878 52475 78897 14793 33966 32980 33322 63190 91856 29803 59514 
3755 17
28997 36632 89399 37715 93679 54060 89386 66021 69000 1719 93419 11814 98204 63749 6167 79379 84772 
3406 18
22649 39556 67680 2525 55139 82917 53507 3749 37390 86556 77535 82683 84299 66604 2838 36740 33196 91345 
5020 11
72364 56306 61717 28296 24078 23908 97385 71679 34753 70976 11335 
4986 13
52927 66917 36753 44980 25224 40099 6363 99737 20097 40128 63605 3255 82988 
9013 19
64716 79910 88859 28809 63012 56101 23750 45327 41657 52400 75957 97195 33431 73728 64041 46927 56551 49605 92583 
6728 12
76421 9028 47126 65305 16925 27811 19904 79260 2719 5308 32846 10055 
5091 17
12683 88734 69124 8330 79615 89906 31388 10382 44496 25414 38037 57384 28866 21570 39856 28304 65945 
2109 15
53017 16081 43212 31327 64071 9177 42324 84424 53156 60640 39183 32541 35173 81350 12460 
3334 18
70502 52459 66019 8390 3390 74193 78535 25209 1165 72123 87949 95596 9662 86180 28291 67012 49268 18424 
4450 13
8070 72514 21243 91287 21934 44453 7272 14456 15705 75873 12356 15875 77812 
4630 18
91356 7100 57171 43959 69243 368 84719 84525 66660 28823 7177 82768 29479 48216 47610 72945 54033 67946 
8139 15
57494 67726 30109 54522 68501 56432 99605 12427 8074 69867 93749 87734 10964 4255 15831 
7914 11
57089 74671 81934 97637 1456 96940 44292 49133 46977 59744 21151 
6313 10
31659 78987 82829 28797 67578 11942 40845 71033 55835 87162 
5890 13
45170 21303 87132 51014 54564 2906 38068 86418 6903 59698 74252 21789 60359 
3876 15
61517 83254 30773 48541 82329 39322 60734 80512 61376 74294 41615 32338 68830 8714 35264 
3605 18
8975 83102 13642 45987 61346 66554 94252 90870 23769 87257 68443 72147 31578 25793 27779 4942 83853 42192 
2590 15
59603 58315 54953 97615 34053 70859 83513 78111 45635 37688 5742 48875 66541 42927 81087 
8050 15
68239 93694 18693 42059 37194 39647 50751 70363 63540 12728 24179 36105 63265 3975 78373 
8260 12
8391 43255 81941 63560 47005 35133 92119 2337 83122 75316 59725 87805 
1864 10
30623 78112 46864 94551 54703 96511 52248 22717 43957 33943 
5102 17
14725 54312 18683 38408 26637 12318 10890 47516 84978 17349 61158 32509 54628 23615 70213 42106 20371 
336 13
33376 95097 68306 69547 14879 35413 708 45101 4456 4018 20031 78480 72530 
8252 19
15644 24053 43887 1999 37139 22870 75849 95482 36026 70777 48007 41332 23250 36571 62528 7933 82089 29847 66036 
7002 18
54429 35239 75234 50958 22331 51230 21175 77826 61501 84701 44080 20431 65327 70547 38729 33692 28610 34282 
9748 14
60608 84258 60313 4737 27627 44145 99759 42285 43852 31566 22155 38506 16366 66583 
4275 19
46631 60857 63686 80892 86342 47970 99148 21220 70417 71821 2809 4338 32042 95189 86091 80800 93416 98905 92110 
4430 17
44228 62452 81339 52219 68883 36836 55012 1557 11400 92534 12679 3216 58755 80658 73238 80369 93730 
2469 8
60170 1645 27590 87765 57522 9735 67973 87022 
2837 11
35309 91512 94003 93926 70238 60348 43769 50798 57761 99704 42141 
8338 15
43634 9198 26755 20665 77152 55329 2866 50955 1492 92112 68732 12663 39620 21354 51741 
7294 16
9222 87816 64804 14773 92094 74403 83381 83796 14520 10973 23108 1412 79261 12787 55349 21556 
7407 14
71967 84012 99915 65910 17054 56070 58136 75113 18397 5091 72956 90246 46170 41471 
3148 13
36813 23400 32967 20102 41864 87563 95340 21022 69943 87166 23660 71769 63389 
5565 19
4315 56005 51182 79310 77462 5639 91866 72878 48934 68023 95217 14332 3209 64592 29798 66873 70688 39586 70730 
3993 14
47019 56292 58199 92861 21837 89549 63237 57768 4313 22861 60365 50285 90129 43520 
4645 12
23371 14428 95329 63969 87740 35526 98861 8274 43472 4785 81895 29448 
371 14
48248 12359 76661 74557 76161 4481 97230 78025 95536 49930 48435 10165 59367 94840 
2429 19
19201 80317 14201 49180 50104 11679 66504 8951 57579 14625 87863 37185 11092 16390 65499 2292 14546 85520 79520 
7124 12
54052 84187 80820 33815 78852 15534 15911 72194 63152 47497 66112 11559 
3463 13
27267 93133 30102 56875 21757 50767 26861 61060 46708 31695 4164 24529 49433 
5996 11
82015 17702 68575 53352 89268 79553 71949 57764 43453 73667 76764 
5532 14
77124 9624 75618 36759 45150 76154 20449 84803 81458 4594 70554 56444 8841 99553 
6215 17
17113 4949 29973 23386 11421 16553 94148 52762 4744 24129 14576 56408 67089 94517 45216 49415 96662 
8374 15
34529 23392 61291 30673 81036 3224 66551 78921 40208 14795 25927 52819 42072 34899 36979 
5896 12
35109 50877 1633 60851 25352 6549 53833 25822 96973 5847 91507 88504 
2222 17
71598 73781 6515 86356 50365 80824 96638 35595 85718 91389 56082 52052 58117 12172 50142 34229 14026 
6422 17
46069 52506 69829 50202 65229 32920 63944 52344 5889 92412 24331 47794 66921 35634 80055 88776 8087 
6977 17
66128 32183 70449 71114 50143 34286 75975 32393 26326 17293 1942 99975 97203 16614 48057 70124 99006 
5116 12
14172 67933 58302 10318 76100 17915 61433 35213 49648 84098 62943 16945 
7804 13
10549 40986 65230 42228 71461 30002 72232 90637 51995 50894 79845 3827 55552 
1841 17
90937 21689 9497 77503 10323 6586 76892 92269 37199 57389 31189 8138 84061 99961 89534 47022 2761 
9566 8
52477 57624 65721 44518 60741 85657 3302 41865 
973 13
91042 56535 18062 83999 67173 94639 92793 46139 6862 60779 92156 34780 64268 
7293 14
14667 70986 49312 39981 51647 3704 36429 49885 78972 14763 57054 73884 13465 44087 
2457 11
73007 58821 8334 74588 24780 36205 77001 23508 55480 91283 36987 
3216 6
81216 74598 21563 14944 79179 72361 
1525 18
27961 60421 53366 68314 24060 42323 16791 93090 91112 59789 73558 22667 9352 62072 84745 94367 95293 9687 
8613 20
50683 34227 28574 89288 51849 93189 54571 34023 9037 40149 90998 1713 69355 91488 128 1234 84969 63359 36244 46159 
3167 11
16768 24472 54201 87752 45937 65740 46728 53198 50490 38722 12102 
4177 12
7032 62027 7074 53773 4981 92357 55037 7999 46104 29695 96601 46241 
9302 18
44023 23442 31657 39129 22657 15916 24685 46052 20060 6648 16179 8397 83431 85456 43289 85673 38601 35617 
9647 15
6639 93830 20992 36874 77077 22523 36307 29392 25354 3723 46419 25514 24037 95318 47109 
6416 17
92349 45119 10158 52550 57172 15413 5425 10699 20964 99308 16620 66830 56390 81253 47968 90005 74318 
3277 17
23432 19826 67204 68496 60395 39549 39314 30216 39191 18635 96648 94314 4816 32672 13431 18984 29145 
510 15
14700 58361 68384 94691 12979 16880 52722 39147 61597 32718 78369 93514 59844 35139 24451 
122 9
89613 22078 37843 98090 47800 78834 12344 13385 55902 
8363 18
86460 75160 19297 8218 22066 24495 10067 58215 52197 79757 90492 77027 21268 21457 17958 421 13267 12905 
2144 11
7776 62673 39234 65933 40437 18220 2623 37470 36485 59023 83373 
9027 12
80014 57018 65839 33279 66363 7339 7881 32154 87363 96865 58873 16771 
4419 16
7974 69748 87742 90526 6448 75666 4977 29822 27996 76124 59494 6557 60288 23924 17409 6598 
2957 20
86534 61837 54493 55932 85993 47661 92555 23816 30778 58996 9027 92453 65272 7117 98914 14432 47103 32919 53080 54888 
2848 13
31963 69102 58578 43702 98293 94845 33192 28308 28054 65442 74347 83820 50366 
470 19
58852 34110 50532 75916 83487 71140 7128 61793 85789 84614 34263 30681 84652 60568 54586 72655 42465 65050 72346 
4278 14
1017 60842 89993 71948 25418 25988 86558 71572 67135 84134 4872 20348 54399 95136 
6618 11
78488 45396 23316 96378 25153 5349 30485 54774 69228 43613 30986 
3794 8
61049 77809 73939 2033 59590 67482 64506 9590 
3941 14
35672 22286 84220 45541 85941 41397 67271 16478 82345 28017 11777 80541 81858 68285 
2126 19
91307 15433 24695 2994 83515 37437 39045 39158 5152 33272 46775 80042 18221 79908 75921 92653 6266 16653 14772 
8177 17
86465 62193 37076 27778 18057 61129 12332 34772 72882 12082 87722 47292 19949 68303 41349 30779 42461 
5275 11
20378 9625 20814 86193 25720 84575 75607 70236 55123 10279 31676 
5397 15
53613 46379 25888 53554 78555 3816 98963 53189 54150 71639 27789 5699 94475 15078 73351 
1002 16
64128 51557 43863 53213 49726 80553 79194 45978 38278 38792 61038 9968 27661 28160 29363 75761 
7045 12
67035 17983 43027 15855 53886 50528 46945 40769 30104 48410 20267 64734 
164 20
72856 16202 45825 3057 62079 26042 50070 53669 26313 78121 2451 34476 55460 705 72740 57605 17900 2822 2908 42814 
3523 19
61656 6594 34807 85122 40136 92911 69437 89143 49092 22389 82484 66494 56113 39469 63837 46939 83589 14623 55861 
1516 19
74133 89052 28928 6026 25096 21851 68551 75545 54631 96431 35392 99725 25771 88346 93938 7187 26779 86602 38377 
3407 17
13860 10902 62572 69065 1747 8722 83592 15630 49376 32395 56627 44095 60096 85147 98202 79535 48469 
9061 8
97758 6623 14719 34454 40717 6237 97493 36314 
6054 8
4824 58795 69265 4114 19734 63110 15284 52082 
3629 18
21168 5750 51851 72472 64501 66715 5300 6044 12758 93128 99147 70113 68531 4753 16242 26714 44889 24513 
1037 16
91667 36246 59078 46511 11076 89697 59650 90410 38137 17608 67113 97148 90382 23309 61415 86998 
6717 16
36096 18367 33661 74352 14982 2492 95454 83653 32544 68371 87993 18904 40088 52310 28162 62589 
7360 9
11512 42389 26904 50678 48561 23450 99682 33085 93449 
9203 9
24592 71731 83264 8470 38458 6905 8113 67814 91060 
2097 15
13950 4479 36914 56512 59220 99396 58614 95184 70408 55915 30639 19472 72902 35119 84576 
1807 19
99187 7847 92886 89163 86753 77216 55560 8010 39933 93474 63275 97929 94259 60598 88738 48294 88360 49334 90073 
9656 17
69692 40244 29505 67639 60770 67172 70693 5714 77205 46988 84892 41026 28586 52553 96574 74266 58660 
5193 14
57071 69331 45002 31968 60938 74255 32326 84756 55715 28848 89721 78377 21798 78706 
8591 18
31632 10379 50910 84079 55863 31112 79328 4367 30074 78446 94483 64419 92938 60267 60237 2595 49613 58214 
9963 17
54749 66242 13534 51392 11101 74257 13159 43895 55717 32448 23537 34741 1914 27003 99824 9928 47722 
3589 16
55170 87139 24704 29665 57338 46824 48697 73870 86370 37357 50576 69439 46088 14565 62390 66435 
875 18
22879 69768 16430 83367 45012 34973 58702 25801 76351 19725 66502 7369 1076 50280 23244 24063 18696 31777 
9974 16
84938 67287 38381 3130 98977 65344 94198 74953 97944 92066 90364 96448 40907 79498 23324 99437 
7791 16
23942 27113 54133 83007 41427 87331 49959 81321 87958 48237 26638 84014 32187 91641 81874 93181 
1653 15
37098 23427 57035 29400 94978 91818 93600 28095 28629 53375 28621 32573 13447 98634 85842 
9095 14
75822 3621 72812 18313 37934 86290 12473 93109 49484 14246 17192 86613 92928 20395 
7349 11
59041 85279 79362 33490 16892 31597 80668 74246 84314 79401 17422 
2276 15
16594 88880 49600 40974 53887 39529 60061 28198 83080 75298 80809 50057 59168 43859 22235 
3215 17
97697 87224 87041 76153 17979 23408 85996 45484 94834 56506 16565 29694 9127 19258 48973 12289 85233 
4387 20
58918 94306 31932 40894 87709 35950 67898 56953 13442 5374 25562 72096 9395 71236 65472 72884 58327 99666 78543 40262 
3634 18
834 47139 93810 40063 8395 5936 25511 23010 61106 47657 63627 82685 27616 36654 63921 66298 35815 55077 
7731 18
74564 70586 71930 54980 31608 22107 6507 32855 36559 30295 4279 72130 52336 19993 53230 3217 89097 63158 
1730 19
23635 31005 29521 14125 33137 3985 92916 96830 39910 60663 19580 68670 72761 83809 62644 2446 61511 24367 14141 
4434 10
52445 76501 95613 26596 90926 66710 22448 54041 90285 61601 
7491 18
32661 60681 24104 14389 29611 21049 39743 67568 89044 70505 75423 25513 39338 6316 43424 48935 8221 69142 
3698 10
91786 32312 3504 64709 18098 68347 32386 8503 29770 24081 
4750 18
54443 58125 83605 96351 65542 37091 59189 38488 12153 20032 37214 36626 68822 89323 5762 88763 42356 71773 
5002 8
26815 79017 56284 79583 4951 10707 18834 74901 
6826 12
44766 75337 52131 41184 46958 6581 56931 49952 35453 17486 31516 45341 
6236 18
95663 46152 89336 26472 74537 37495 85494 43916 49075 71100 89773 67257 89011 6736 31748 23755 21997 97316 
4250 16
64845 25688 12544 98758 8999 4060 8404 20049 59754 25963 22377 71909 95498 66035 6612 16418 
8881 19
87714 46870 10983 2323 76252 26481 26857 44273 34154 20058 24006 29936 41064 4049 19065 95003 82095 44613 91574 
5357 14
30926 28226 86311 61566 49688 23666 69433 2897 29070 41159 14299 41964 15395 86499 
4704 10
88817 45187 66137 47679 79826 96939 11965 53376 46492 14343 
4482 17
49467 54183 10365 97425 61732 90221 89662 89503 81854 67305 57388 93118 44553 50173 24692 78570 83502 
2904 8
19713 55723 27446 54135 31835 94923 42921 91335 
2644 17
25465 76246 86827 8260 53516 35291 84739 45494 57696 45285 35476 86734 21544 6193 27945 43777 91944 
6679 17
65843 32194 80781 31872 78144 67448 27102 29223 65611 82681 47119 35817 83887 72151 36508 25368 55721 
4252 17
73224 19213 86957 72729 62340 26067 73659 92372 73169 87121 48475 58654 6511 28200 41155 51077 34069 
3626 15
48568 12872 88247 93048 35013 43673 83171 93140 18769 64512 71046 51156 97070 36207 60051 
3358 18
19128 76535 88505 87713 56633 52329 8879 93001 75103 51928 38521 99469 509 64746 3125 4134 42331 2243 
2830 18
73779 43765 27169 2816 85802 50999 24754 93477 11521 81508 66058 69904 17347 2023 22923 62515 3571 65030 
6956 18
23222 12022 24652 96357 51299 69003 51266 91610 39583 9618 35034 46911 65207 17917 4121 51478 53783 95428 
4320 18
22018 77437 64836 72292 33109 38599 830 69719 23979 62707 6675 89483 1680 61953 42132 17619 48582 15289 
8531 19
36364 65222 18210 51681 47191 81979 29678 64312 76901 52444 87376 36051 95539 179 1931 63130 30210 45256 31881 
3761 18
11607 51684 32960 9296 97569 41286 36152 58738 39340 55676 68579 6914 69288 68646 88316 89142 95687 18111 
1241 17
29536 35438 7283 31753 25953 22364 6017 32832 86125 58465 64170 38480 99029 90313 34500 47856 33262 
774 17
29855 71319 92333 77177 43315 47312 78384 76467 52718 26450 85695 38024 61211 66742 38624 7378 89023 
8969 18
69672 4302 21451 46138 81901 77044 66073 17998 32241 81980 28677 35926 88480 11054 34427 25072 75262 92425 
2110 12
24868 61289 1347 39568 34012 21009 33033 89707 86964 76856 26358 51188 
5789 16
54566 87405 50132 13429 62416 347 78124 30447 69491 15119 16737 31614 89758 34964 5401 97026 
9805 18
205 53462 25462 3203 77204 55021 34639 60084 63350 85938 69928 20438 82251 30928 61658 57977 23730 30299 
2497 14
17597 10644 80191 81091 90565 30941 41298 89009 2357 95546 66535 33888 86828 11387 
1777 11
13881 96529 65113 45429 12658 77184 12267 93435 89216 43822 45486 
7846 13
72941 29058 61950 73521 810 1542 93122 92497 72588 73347 46209 6579 51674 
3292 14
68746 93176 48021 39248 64672 6051 82995 72000 99819 73966 48716 84965 4906 12443 
9532 15
73879 87927 14790 64187 89797 49784 34812 25943 87628 37281 28367 9505 50944 56724 39149 
360 8
51762 9390 19893 26241 80851 77074 31367 18869 
7177 11
92866 37924 3402 79707 28825 2230 7818 98723 41812 41307 91994 
4108 19
42617 47701 94932 85729 53821 18819 97621 89620 18833 92754 52687 34773 1092 3451 57297 39473 13892 65265 91568 
5217 18
12111 60730 38185 92665 82743 90692 80791 52308 53706 98857 72548 65789 45659 77481 7586 87386 17866 51270 
1551 13
57630 56068 37223 9404 57225 8504 2684 88606 44066 34746 51535 41567 21609 
7010 12
3374 50049 76342 73618 32844 84419 76992 6527 88013 33506 7866 9494 
6017 19
47062 81823 80407 27909 76518 24947 46107 23138 908 13927 76080 90235 97607 96869 90217 99079 44017 36596 99549 
8449 13
14558 20646 45138 28274 80146 8130 1067 63841 79160 6551 88496 150 18333 
8717 16
75814 92231 561 5540 15790 92915 5045 15628 16116 32028 79015 51551 12431 21379 41006 58355 
4803 13
38697 93237 88996 10540 42472 64724 82890 31486 10665 4008 88501 81947 54173 
2100 18
35894 83379 59515 79502 53743 8045 35427 46250 81719 71192 30916 5865 23256 97726 54872 54967 94917 61905 
255 17
39570 82915 5672 46524 5944 79059 79133 94892 61948 28377 34142 18475 53204 60046 1534 94936 65354 
6494 18
30194 64829 9348 53878 77928 80346 97123 2151 28094 85512 23923 51811 5085 75832 89155 79855 98417 13956 
7042 19
60582 42074 72464 37687 49221 64879 38712 77640 24343 10231 94727 18110 79123 87349 18938 1911 92896 27467 69648 
7259 14
72463 70983 5724 14752 76191 32807 65832 25195 44513 28395 76989 40686 40291 28376 
2258 20
44067 36743 94227 75014 64141 47185 4877 28907 18294 52833 70490 86376 79945 58734 48414 87144 41749 6360 64721 81271 
983 11
8149 74032 80601 22963 94891 23431 42650 21861 44155 13684 1403 
7296 14
49203 79028 9476 11285 77828 51538 41134 33372 23355 32866 2547 36981 54115 12073 
6263 15
29130 55483 87009 6859 94082 28689 63022 17914 6514 65865 60147 79926 80246 84977 37903 
5932 16
48413 95098 45998 39362 48274 66324 44894 49544 41630 44432 10901 72404 25922 59977 25141 88256 
3954 16
19488 82309 60846 65040 65492 41916 73802 89107 34879 29964 5135 26948 53931 90743 73483 41484 
3089 17
55807 75653 4257 64706 10732 71009 36483 11684 29593 95191 43105 81909 53014 67557 63047 30700 23828 
3552 16
43720 31819 89918 68779 4127 85967 42 12167 69434 15879 53591 77022 64890 46670 39157 58989 
4592 14
22756 11984 50130 2737 67041 94241 7033 56565 66520 62166 73461 71248 22769 99838 
2994 15
30713 8702 63097 79064 92299 18592 89280 42543 28101 50273 61227 95636 92873 43842 48952 
9349 12
22034 46782 27110 16772 49333 2672 61627 66258 29017 25475 12036 82705 
7197 17
33752 79354 40527 45087 9789 60373 57881 37221 35493 57825 50884 22905 29183 47711 32052 85002 23852 
9486 16
77993 25214 29781 88324 29916 88042 144 96171 85828 42294 1142 3667 13021 47863 25217 50136 
2143 11
15678 17145 18889 34395 67372 79592 21511 28330 86761 98833 21501 
8981 8
73258 36381 15079 52999 53912 87611 89217 68881 
2890 11
60955 55383 53382 58072 64427 8520 58129 58257 87869 4120 59460 
5853 17
45690 74745 69503 15189 86337 95766 35992 74376 46472 40237 98161 7334 52055 26098 78738 71022 51319 
4431 18
55114 28784 7277 60032 63847 17664 91132 86464 5799 74076 27275 18859 41337 55444 45797 79125 57498 38796 
9025 14
85570 91403 94448 54608 49573 63513 87040 43467 4864 77911 16832 38285 81156 44695 
7218 18
75619 53763 17868 42873 41014 91340 46565 67526 9385 10604 19101 45458 68180 21624 7404 49821 58235 88476 
949 18
85340 66774 85625 99103 51721 16433 81237 96095 35429 22710 46937 29480 27370 44036 8189 75318 86022 83829 
2885 16
37712 5495 12986 70927 43345 28873 68301 36342 72549 68465 16282 94554 69592 44827 38549 75664 
3987 11
74591 1696 78045 9082 95453 67400 22648 10272 75163 84063 70107 
7963 10
9705 79522 74147 66573 28370 74649 89191 61205 25831 49736 
7967 14
87274 43138 30594 20191 59764 76043 71696 70732 85309 40555 81258 82680 3249 48520 
8498 15
89481 33538 18654 7751 98220 83751 86227 85312 28382 99269 17285 2842 18466 81832 97899 
6031 17
64514 28802 68286 76663 55313 94439 12241 32328 99007 89317 13299 69625 93202 25933 28934 23922 83325 
5752 18
43691 17600 78501 67987 49030 59570 74346 68601 98243 36865 83835 72565 26997 60909 44716 7877 53650 23046 
1195 13
9331 14934 67451 34 58034 12925 16525 81708 60713 65784 61163 99673 79555 
6446 19
26401 15900 97353 66792 68545 68205 46530 53448 69144 36923 35735 27618 83774 98393 35871 99013 78839 10142 58291 
438 15
66969 35391 83889 99274 35054 32649 42082 11330 66175 69232 60434 89610 38629 79345 63712 
2887 16
52250 93017 80591 79304 49005 45836 69447 85251 22640 59569 83250 9226 99720 51033 49829 36666 
5294 19
87435 95852 78911 93228 78899 16698 77661 80627 98765 42723 24523 35912 28350 22848 93883 99504 48438 22139 48322 
6060 9
96346 58658 33014 38156 82043 44028 9960 86675 2388 
9616 10
86840 17570 99815 1364 75156 7556 16417 41559 78190 26504 
3837 16
77213 22974 98230 9470 81538 27601 62685 1730 64520 91342 77605 89564 48163 64117 76390 25504 
7516 20
32105 4378 9207 33682 57087 23092 8639 25892 91721 72832 45618 82512 54684 70559 8224 44872 35605 73740 46465 39664 
7666 17
57985 59732 10829 83744 71368 43543 72848 62577 23158 64442 4587 74893 67198 35764 12676 6528 7657 
4933 19
20954 94648 26933 67725 92209 14509 23819 26349 8786 23748 93439 79794 84850 20475 12876 1839 17651 79686 38428 
2269 19
13151 68373 36013 77141 83406 54550 7341 37632 27432 25367 24443 16400 77337 54049 48995 21349 79711 60244 96225 
281 17
77402 47053 13010 22164 20667 59726 89640 43663 77729 1500 90495 48546 39299 10581 70653 71018 43427 
1830 14
36419 38070 23345 67032 5094 11193 19379 99555 87850 49157 84167 11233 36071 26905 
7330 17
64336 99326 62727 62179 2640 28662 43214 1405 1190 50827 67048 73596 46124 98435 93978 49032 82553 
7702 19
44431 44954 69145 29319 42188 22798 10293 23592 68778 77442 95141 8305 84473 57316 45200 81986 9761 5790 129 
7838 14
41456 59223 32256 4101 76370 81182 23853 67961 44332 34832 10875 44970 3645 23441 
3788 17
20309 54384 94356 98751 89413 54710 91594 18810 99265 20704 45294 89924 4613 26619 94641 79613 35027 
1679 14
51344 28976 19995 68538 25432 90049 91367 6282 57066 96725 77193 89694 72933 20174 
5718 15
93061 68563 29476 39330 27344 60018 20684 25210 52377 39284 81412 93423 33169 71653 31360 
7040 19
61395 10448 63916 26840 81695 18632 20104 6429 68762 52031 40241 9114 51633 12011 19113 15896 95228 36601 80914 
6370 19
33734 88380 46583 427 32239 37690 34253 18097 91160 32566 93433 94898 93870 3501 84683 43840 60385 40362 25601 
4116 12
9338 40454 52495 28986 19149 61807 30546 67788 14922 36488 70766 10414 
6751 11
92329 82752 53100 53945 6353 9499 3186 91002 84948 97696 46146 
679 17
8937 76598 98826 5008 10728 38913 39950 5442 1380 63537 91702 38440 56499 66304 28064 42288 93904 
7429 18
35175 35101 95903 21014 90788 22838 44322 42623 84284 99863 49286 17580 89356 771 4756 80569 70015 9608 
8683 11
94313 22774 76224 70123 58644 87996 15613 5972 16759 44385 60422 
2997 11
26219 393 27666 27763 1622 48615 82716 74405 7150 41649 70163 
8330 16
75340 35579 80067 19806 17885 30160 63306 55804 35551 27438 58250 62001 45963 59117 91846 86200 
2631 19
28844 95646 53154 27196 41551 48846 91910 65968 46628 98470 51443 72913 92325 86463 49839 63405 11334 72613 30747 
7243 17
30369 27950 76394 57434 83823 91025 50394 11852 60513 77263 24818 43122 36003 42008 92712 41457 50324 
2320 15
14615 99893 37325 53624 78351 55354 90177 69965 26836 53753 14302 68634 9827 35716 20327 
6169 16
22312 86575 773 34910 84868 62599 89854 1464 10193 30701 85733 37842 41216 10619 95129 22133 
9173 15
65662 1298 63851 58756 92339 56849 83756 90896 325 91665 45032 5107 20583 98386 25082 
9992 14
65697 63811 12834 19245 24118 50037 21906 60898 65970 2448 94642 54487 97315 11896 
3202 12
40153 53811 77943 85328 40329 14449 78302 62991 91975 34677 33477 22439 
3124 14
99244 31431 99456 1683 57835 79809 42065 11593 4303 89360 88888 45851 24803 7441 
9255 13
80757 17705 54473 14871 40739 1875 29485 19731 33025 69499 87929 10121 82545 
2786 11
15562 29626 88803 99560 10714 7537 38790 72419 55427 27246 34993 
