440
794 10
74291 19230 26937 19564 94453 81411 19740 14396 9991 64596 
7021 16
8126 69638 66024 19902 71524 34954 71094 39880 15673 84776 65056 14586 93967 58903 78444 86633 
9911 18
98925 53222 31495 72497 22964 35153 16947 86125 21567 1380 80577 23834 4393 244 60879 9623 30592 10230 
29 18
93750 80532 77682 66311 68449 12708 33042 69361 80009 55674 33336 68691 77350 99675 97733 50056 23600 69534 
109 17
36017 36814 78690 44771 80047 28527 83469 6688 73208 14563 31234 53431 96201 99720 10753 6005 1127 
4803 15
38697 93237 88996 73946 10540 25838 42472 64724 82890 31486 10665 4008 88501 81947 54173 
7293 15
12574 14667 70986 49312 39981 51647 3704 36429 49885 78972 14763 57054 73884 13465 44087 
8696 20
35619 45104 44776 86267 17085 89554 3876 87902 38304 24855 77630 82092 78115 2284 82577 94634 66416 42488 5076 65791 
3684 13
36274 81144 73767 64184 52341 13979 3879 50494 66179 38487 15994 75138 65974 
2126 19
91307 15433 24695 2994 83515 37437 39045 39158 5152 33272 46775 80042 18221 79908 75921 92653 6266 16653 14772 
5428 10
78831 48999 33447 16953 59888 42477 95431 57184 34366 7591 
2257 11
37279 92596 8041 97877 53545 49709 35380 24086 83071 26567 44184 
2863 10
58684 99870 11046 70638 855 51663 30562 95997 19056 72313 
9070 20
1833 95623 26864 50741 79699 34749 28391 18933 48849 34078 41616 95459 18941 78692 78830 22344 46400 78622 12507 12301 
625 14
19051 6725 67329 14438 19915 40621 36083 47274 69751 43832 83509 45573 30496 33117 
1549 11
52239 47431 78457 39536 92602 36648 5245 52007 61854 98461 25013 
3313 19
15087 29810 39101 21240 78315 27001 16056 55400 69247 61534 27145 76838 97791 29372 86764 13500 54001 15393 12670 
9184 17
96894 72730 985 35390 77245 97967 6120 26368 59538 75685 47061 87228 12084 77795 86499 59372 58350 
6313 12
93797 31659 43265 78987 82829 28797 67578 11942 40845 71033 55835 87162 
5890 13
45170 21303 87132 51014 54564 2906 38068 86418 6903 59698 74252 21789 60359 
2939 19
15294 83578 71221 60020 34818 48044 49061 44832 86735 92297 94255 58811 21792 20079 38351 45175 11719 82135 43139 
5362 20
23818 42441 30776 14970 57556 23195 99536 69320 75159 1000 72462 92651 28486 57166 73846 35837 66016 80770 19954 49168 
8016 14
54978 38343 44300 24510 52708 60319 6215 6537 19324 3835 29307 51612 36586 95991 
412 13
12254 52923 61980 83810 52308 45485 26256 17440 48708 19921 59521 89402 43843 
627 20
74570 6016 49106 41993 94802 39432 20137 76493 13907 46427 61874 92874 60226 60962 18989 17668 47618 75802 52170 38799 
1133 20
89093 48670 67618 35861 41188 21741 20708 87020 41625 20269 4635 80544 50898 23940 6023 84375 23045 24559 22869 28103 
7832 15
99004 78646 11811 32507 14872 64794 77079 78684 24496 47075 1796 94405 72378 53372 79924 
360 10
51762 9390 19893 26241 80824 80851 30215 77074 31367 18869 
9080 15
62283 62624 88381 36678 10837 22636 82772 71727 61045 50566 65491 25423 34134 95328 27874 
2664 19
52093 54995 84514 69525 70202 65434 57718 47150 73448 47589 80596 57976 96111 31295 73485 91693 60287 30059 39531 
3245 13
16918 34803 16529 13640 17762 59501 25424 44312 92454 53768 23154 38197 12848 
2866 15
93806 46262 77892 2817 48432 68317 20451 70773 79980 81489 22845 17006 13047 62728 33902 
8664 18
96621 69380 35927 94160 77253 41099 33365 58344 35621 22025 19053 5599 15278 67572 31836 85982 83974 19288 
1565 17
60497 21345 34472 94823 61342 97056 85015 96150 29635 71487 32549 91398 82383 19907 52008 72597 5130 
9029 19
8174 21238 93249 14741 86492 90513 67385 73968 87109 15784 54927 15282 67865 15325 9474 63312 16128 76134 26710 
6241 18
40462 36531 42960 25240 54471 21600 74814 40351 66575 48146 12416 61451 13562 66639 98014 31889 86442 88617 
7864 14
40297 68310 50977 32047 99050 97306 18106 53476 82212 73054 61746 73960 81733 90959 
5961 10
63531 90312 96351 96935 28828 12167 61363 94338 7684 10454 
2469 10
60170 1645 27590 87765 57522 9735 97430 44522 67973 87022 
6153 18
3584 66969 42225 66858 74845 99823 66107 84343 75433 26120 69519 51064 16235 72700 21525 60960 29233 9862 
521 16
57801 7326 82837 88648 85149 53166 61408 4233 76673 2254 80393 35549 98259 2059 84559 11261 
9918 10
63551 71772 47523 14457 27484 83949 61821 79933 49584 31825 
1703 13
72781 90966 71328 47958 21588 96109 2387 19587 988 20081 57753 5445 62640 
2250 15
38008 10297 87671 68845 14779 46943 19243 87037 52198 54812 3417 3737 95542 84817 70257 
2297 16
32352 98491 19238 67018 61759 74118 54343 72402 48161 5511 6718 42504 70960 26037 34902 44219 
6871 20
40071 599 47629 87851 67662 31515 12282 59306 42836 75548 36149 80127 74615 74736 16615 59246 66013 21581 39044 13601 
5798 12
93871 42982 96481 41195 16994 23591 99945 44434 48048 5857 58620 17308 
6112 19
21317 87586 57834 95722 96465 1051 40142 54018 78666 6901 47382 13248 31668 61716 27539 86659 95625 93072 71160 
1556 19
27036 31645 94060 19297 39198 6231 10303 26954 91670 70486 16757 67871 40897 99500 30508 53033 82565 18307 74855 
5810 13
78145 7993 28584 21603 78493 86804 63360 61998 92677 51085 74309 74884 81225 
4449 19
98500 83404 77964 94003 46057 99456 78847 97606 71679 68749 65525 74759 25783 78519 37354 58512 46169 36067 19175 
9120 17
96011 32503 61827 27031 46731 23654 82965 71469 35891 15961 18592 50277 89758 97271 14723 40830 82167 
7833 20
48921 80729 81100 15040 75439 28263 13413 27970 6455 13335 25955 76171 17284 55296 951 77924 65603 82706 28929 96292 
9427 11
22251 39043 23862 33967 82774 4738 49089 46960 51176 49599 27912 
3428 19
612 47401 28439 69864 36727 51354 44929 88298 49856 49358 71379 56796 53296 25787 94797 87468 63123 39161 61709 
9476 12
99513 58527 13720 36577 75866 10272 57876 15952 1516 56848 52635 65867 
4088 19
80579 42689 38110 73323 16812 10782 99266 26006 30218 83481 86814 72538 43684 44950 8920 8397 75991 92967 32152 
2144 12
7776 62673 39234 65933 40437 18220 2623 37470 36485 59023 83373 8888 
3597 19
30212 95110 43268 15572 44464 11413 10118 37962 76133 90138 43181 26650 84345 90342 82493 12667 73670 55285 59146 
9246 10
28777 62417 54274 90018 93658 68857 9581 88710 53739 71405 
2708 19
82422 64931 43114 96552 14008 57484 96343 58419 73774 34517 28024 74184 39506 42940 56282 83932 37677 46311 75651 
5202 18
18250 60356 31782 86155 19273 21096 65496 84690 58369 62898 97824 34541 24818 87187 84619 58381 70761 15311 
9559 20
7111 16321 80588 11687 30813 88219 54135 24738 61391 3953 56001 40956 79592 69849 71098 81599 42264 53065 51270 16810 
1634 15
75776 5282 2981 36241 90605 69902 34392 18305 15323 87092 24468 48779 774 57740 42058 
1316 18
2024 8399 54062 76036 40854 47191 91966 42573 31724 11195 53426 67807 9602 16101 27652 88579 39821 16199 
5423 20
28551 27803 31739 46430 95207 35455 68353 45970 1409 9815 55156 1773 50200 16272 94963 49455 70050 8351 21946 59012 
1367 19
46282 13827 45539 22765 36998 84147 66062 86150 51336 38559 9091 16532 15715 47353 98276 82433 11608 75717 91069 
8582 14
95124 26310 31680 60342 49047 36499 73331 83989 41460 90971 78272 56004 91550 36362 
9056 16
28585 82214 25314 73808 79777 1892 82141 49264 86630 36348 37668 24992 17195 4702 71008 52727 
4393 18
41944 37998 77553 71227 23274 45930 83247 45703 7129 95520 61800 34591 90953 56902 96102 1359 92230 28106 
5078 18
70389 27475 54200 61270 2485 51291 77101 90601 37791 44731 96943 3095 39408 43560 50989 36515 80054 24035 
2103 17
94707 52305 10579 25083 98670 52840 19124 11028 14424 37862 6743 32613 82672 52599 61578 29044 82318 
4924 18
92541 59614 93078 48782 56151 13354 87012 66749 44645 21951 44115 66609 99110 59889 33792 66797 71417 6532 
7305 10
23444 89141 17735 27769 569 31000 71052 41276 16103 80227 
8279 11
63029 73237 11213 96414 98543 32039 43322 79437 63624 82502 24737 
8862 19
64911 61951 22413 40222 51933 80888 95974 76154 13733 95484 85213 21263 61649 10058 95183 4895 32601 92624 48111 
6970 15
39051 52680 46258 14732 56262 46138 6427 57776 99953 89421 37088 99291 61585 22466 79380 
9829 19
56041 83501 86822 88487 64120 77453 20136 75869 3990 47730 21391 97558 32779 67231 1070 11205 47315 51779 70861 
3853 12
16571 34188 22997 23075 60702 50624 63204 97945 2631 25550 76129 5665 
5030 19
35724 8186 66633 1763 82133 53718 90423 10444 57136 30735 36144 52071 42899 99897 98456 19728 44278 63887 43874 
6500 18
25719 2890 11085 98012 73916 9035 96711 78351 64823 18749 53992 23687 72995 4401 45027 20652 73215 41780 
18 14
52395 75224 35169 98878 80302 64396 52255 56601 55842 73308 69057 29586 74997 74125 
1862 19
79943 84894 63853 87836 30658 82779 91053 23202 96620 87810 94411 28128 8407 59677 79774 55557 16910 95796 21546 
5390 20
1629 26973 91957 41659 46059 96555 76674 98409 37734 9937 80485 5053 65140 61675 83944 32506 75021 41223 6763 41258 
5263 17
73291 34601 15260 64389 38744 35600 83457 36344 21385 805 41725 37405 63602 32725 78398 27573 90365 
6341 17
15046 47705 63048 31193 16889 30680 99801 45482 11775 76234 41087 33842 88964 65179 13191 99253 50354 
7259 16
28997 72463 70983 5724 14752 76191 32807 65832 25195 44513 28395 76989 40686 14943 40291 28376 
1922 16
28272 66594 78341 46302 47480 33006 83563 13471 10999 65637 56722 93974 72825 26616 61330 12422 
7175 12
66907 75263 28784 39305 23413 28230 17709 96386 68888 4082 14897 55577 
9027 15
30917 80014 57018 65839 672 33279 66363 7339 7881 32154 87363 96865 58873 65327 16771 
3062 10
3572 35331 15341 89604 21510 73192 39299 72866 33068 9853 
1736 16
76014 14500 64976 25645 69424 38986 303 28835 3596 34738 98996 85057 63766 17055 87013 79834 
7218 20
75619 53763 17868 42873 41014 91340 51664 46565 67526 32922 9385 10604 19101 45458 68180 21624 7404 49821 58235 88476 
4200 18
32873 93194 45474 91529 7218 75023 9445 47767 31562 97629 49229 25476 45708 89822 26515 28671 48852 90722 
706 17
20841 2800 33992 13147 15331 28375 2442 10091 9322 90300 1804 68665 20981 96598 10130 21956 27067 
6356 12
17388 4400 65326 21125 40096 72476 48094 25571 41095 68912 73897 81229 
9341 15
23898 18500 69910 63744 59400 50445 41665 13863 60594 1568 74584 5362 47497 69038 67062 
2253 19
47500 16297 89202 55119 89178 41436 96855 25107 15369 71521 225 16480 77523 43078 40755 97419 15113 37203 92577 
3557 20
32255 10628 92543 46084 91890 67424 68202 72189 1414 29299 13712 49773 74202 74924 88257 82178 48606 63197 73815 78521 
8010 17
13808 33030 14499 1975 7871 10941 30931 30824 49921 16226 16460 40130 85314 229 76075 37263 35199 
2380 12
11146 42369 37395 29106 12664 65802 90457 11550 83028 6118 96137 75099 
1217 20
53798 33223 89138 14067 54511 52743 17990 80799 10684 34884 33646 1165 89107 12621 58173 88232 69122 47018 73460 49344 
774 20
29855 71319 92333 77177 43315 47312 78384 76467 52718 26450 24331 45591 85695 38024 61211 66742 38624 7378 69604 89023 
2075 19
24782 49072 84055 68423 92693 1448 18433 18122 39879 70852 86288 50393 41424 87118 99139 69430 39111 4859 38228 
973 15
91042 56535 18062 83999 67173 94639 50798 61097 92793 46139 6862 60779 92156 34780 64268 
8330 16
75340 35579 80067 19806 17885 30160 63306 55804 35551 27438 58250 62001 45963 59117 91846 86200 
23 14
33589 51430 21213 37676 30360 98955 74428 26113 79922 41636 47054 26317 22914 89639 
9852 20
49328 65136 43414 43624 14664 11346 24273 77919 71367 17676 46923 87708 42466 47385 43809 6912 2901 76378 52206 22245 
5020 11
72364 56306 61717 28296 24078 84053 23908 97385 34753 70976 11335 
144 18
17601 68050 19783 36936 74147 66224 51871 82815 81337 5168 98171 431 82951 92868 44290 22337 90129 48185 
5365 13
98729 63086 55549 60003 55733 65329 14488 99138 52159 25135 25076 14543 14312 
8149 10
16863 79950 87508 71560 59349 39297 11281 46288 42728 88199 
5445 19
80199 39533 85940 90210 99532 51532 5522 79675 10722 15126 23504 51340 34009 26529 49837 94705 66372 64410 92164 
7752 17
26628 81003 84178 96246 47617 29161 42856 10399 35443 5055 58271 33804 39290 62161 5070 79946 4406 
3885 19
45779 63370 6336 36483 11551 20905 73569 22404 24058 76056 76958 86846 53339 22060 63961 18516 88956 50866 3729 
5724 19
83428 63547 24578 72830 21401 8025 43701 12844 3319 16663 13122 89956 53478 4331 91251 9003 93722 19536 64761 
2803 19
82816 23519 10565 60270 46398 75687 95597 96901 42664 86376 73633 92807 13391 29815 96306 98941 17248 83377 50058 
6025 17
15234 6027 69963 10318 83520 30227 22909 95640 59016 55115 73040 7756 60996 79770 57798 32999 22120 
3124 13
99244 31431 1683 57835 79809 42065 11593 4303 89360 88888 45851 24803 7441 
5197 19
45343 24753 40458 86398 58313 35091 39479 23035 79138 72674 959 92028 31799 88446 16340 22871 36950 2237 69462 
2610 20
1382 65479 61304 49113 77032 39325 48043 89240 66708 4174 7820 74761 25060 53356 30494 52297 11071 10458 48745 71113 
3407 20
13860 10902 76951 62572 69065 1747 8722 83592 15630 49376 32395 56627 44095 60096 85147 98202 23169 52696 79535 48469 
1864 14
30623 34568 78112 35086 80808 46864 18625 94551 54703 96511 52248 22717 43957 33943 
9948 13
4624 24599 90758 23869 74943 15301 10231 7578 78907 83858 60007 44866 55894 
9600 17
84139 64856 87758 69973 48526 67015 29343 92817 99091 53341 35134 78409 77425 84785 36851 83775 56260 
6943 15
49115 93860 36878 36752 70865 83825 88313 4122 78093 70081 58484 95103 3946 88115 56484 
401 19
76985 17057 5896 76566 56920 13170 58449 2236 54414 4749 45239 13769 26745 61483 75380 48257 37875 88244 20960 
1244 17
69323 4661 58545 65878 2194 9198 75652 73099 60745 60374 15399 98458 71236 8718 40847 30477 88658 
2655 20
57456 69053 78284 5767 89725 80016 90550 55319 79903 20397 81355 33581 83632 64957 16138 46808 68865 29910 84924 18033 
7827 17
17799 94666 99920 10263 60037 61070 83929 17720 93251 19289 84059 71907 95557 99721 21813 92849 20123 
1653 17
37098 94606 23427 57035 29400 96842 94978 91818 93600 28095 28629 53375 28621 32573 13447 98634 85842 
7201 19
75421 1870 46664 33173 97303 98275 95419 7886 71207 2668 71365 81726 17893 5891 54759 23777 22662 76802 38846 
2732 13
98643 96872 34513 60437 17453 48868 58308 55683 61549 12612 45352 30026 16158 
7879 19
3539 54832 34911 41427 88984 62392 25317 29222 98159 5805 75816 58465 85636 64094 75967 38339 32371 99770 49575 
7075 16
99835 92121 86304 80133 37195 66289 27107 91201 71055 29624 88983 17920 52111 92755 69741 753 
6779 18
96152 42236 97360 81514 80698 32041 23458 26920 17379 64219 28854 55496 41851 47812 2282 47364 64426 24773 
3661 18
2850 60421 39094 34869 38805 35354 44137 28916 70726 64373 31606 70964 37492 55775 8813 67158 61865 72065 
9976 18
62503 36773 13393 87806 28661 88266 29360 91648 80825 71934 21657 94155 56801 53636 56787 70401 789 94520 
7937 20
32944 58431 48614 7517 78805 4329 81827 13847 48712 50105 34861 92731 97092 79984 74379 3015 12807 3518 12068 62239 
6342 18
92024 40639 83420 56610 78035 17891 21926 72245 32670 7859 54197 66637 69395 9810 92418 82294 55491 15146 
8050 17
68239 93694 18693 42059 37194 39647 50751 70363 63540 12728 813 24179 36105 88971 63265 3975 78373 
7666 19
57985 21917 59732 69744 10829 83744 71368 43543 72848 62577 23158 64442 4587 74893 67198 35764 12676 6528 7657 
6517 14
94997 68098 54157 30237 48405 15326 21435 96553 69713 56846 99325 82125 47637 77181 
5990 15
24991 72817 55817 8844 46525 30267 27051 70341 27750 71709 57778 17515 24689 35951 63765 
7819 20
47416 71839 45905 88097 42215 89224 58796 8183 21414 86747 20549 60221 53006 39170 32704 86604 1367 37514 58040 85469 
5156 11
2718 32131 71747 62996 60653 49531 52173 14426 93074 90351 92323 
3074 20
26264 82820 72959 37009 88267 81360 1016 32454 92498 28384 45069 88537 21746 15175 24574 40967 63173 61306 61127 75486 
9128 16
20291 77778 14032 6199 22056 76510 50738 59735 41170 48531 56152 90595 43449 88368 76763 66290 
6783 13
79679 38845 16383 95095 33737 2324 57165 44717 67583 48392 51427 16770 82698 
6013 18
30868 17529 71700 61328 16065 49022 76634 17024 26446 5349 45116 21371 20248 87377 57774 58394 35095 43721 
3221 17
17802 39336 64691 834 2830 67479 29733 32901 84188 71858 27555 83843 23001 47918 90384 26746 74370 
3082 19
95073 47959 69563 79929 67180 22078 69041 66131 20974 45221 18826 38318 34409 29097 34061 15789 87532 47329 99318 
3665 10
45740 94680 80486 25014 77386 22807 18913 9162 49486 12018 
6211 12
20956 75386 71222 68981 78921 34066 98515 31699 27025 33762 46219 66169 
8467 18
3753 70288 9048 16974 60013 96930 33153 93315 87157 84028 79443 69576 88908 86852 59990 65925 19321 53061 
6474 19
95287 60152 31819 32375 38755 43052 39311 3333 80600 41476 49145 69757 41712 8797 28006 89223 87526 35697 36087 
6826 14
44766 75337 52131 41184 46958 6581 98963 56931 18798 49952 35453 17486 31516 45341 
2541 18
23352 96147 57554 79040 25662 73929 12444 32094 41831 12038 54239 98796 43459 29965 19302 59039 14967 5197 
4702 11
941 80085 41788 5404 3733 64164 73664 56680 51903 18120 69507 
3459 20
33307 1678 87515 77920 8575 57400 24874 17120 22522 25755 87562 75515 71217 55157 65964 10876 12206 53358 28136 97886 
1743 20
65475 29366 24269 20821 94296 50750 23621 23004 11480 12591 89597 50948 87627 76602 9692 68503 34912 12481 80002 24247 
7767 14
24227 25806 36340 15879 50653 82714 5580 89849 30572 78662 3455 32219 78904 70604 
3725 17
34481 46234 80533 35324 56424 41252 65302 2746 96589 36373 32565 17487 36733 85083 7157 74399 54085 
5691 19
95249 50772 29553 79199 74690 80721 64446 69411 70937 35215 33677 92145 27275 58108 35029 53533 63007 39093 87170 
6588 20
60125 88210 19537 75995 48982 50826 49067 50809 7618 42352 66794 98341 1988 82960 38766 2159 75758 47631 37636 36766 
5568 14
11989 65855 66563 40116 15721 70548 22644 72568 11333 86322 83113 17432 45053 67294 
5273 19
45572 71232 4893 28435 26494 7012 53993 35211 34080 57504 7902 29422 75162 36723 87102 70575 41585 79617 17836 
9647 19
6639 93830 20992 36874 77077 22523 36307 29392 69201 25354 15121 35547 14951 3723 46419 25514 24037 95318 47109 
416 17
27052 96196 71411 80870 58698 61397 57140 78548 10280 82929 19674 84065 97542 348 1508 34561 85782 
7358 19
8226 41726 81897 46729 65508 65619 36550 63957 45114 59605 34271 81543 47834 46203 30585 67570 34122 51487 88944 
7954 11
19268 66778 44258 38185 88317 154 1340 82077 10657 96374 91676 
3875 13
24397 85082 62993 8439 6784 95537 82216 79753 16807 21013 87970 37450 26869 
1580 18
79096 20898 26824 37700 30472 57694 136 78500 35209 56352 44626 34388 97136 64495 78882 66274 33090 69689 
1079 15
62543 68314 21394 77773 80081 76101 15785 27318 29138 67942 3488 96464 95561 40718 64083 
7537 13
87017 29439 66473 3761 55205 20493 43143 63350 41179 26046 15921 36918 72176 
9609 16
73674 44164 41868 8162 28488 57058 32920 77805 60409 55771 78960 41899 23331 12285 87569 6423 
640 13
56413 30245 8882 10788 65125 81851 61878 69023 2498 80461 53903 62243 90612 
6960 15
6247 71899 54459 19748 38352 10844 72698 99689 50433 14405 67911 82588 69862 36781 61486 
5580 18
59124 56641 48851 40436 87843 70417 51678 17189 80063 46759 17645 94222 41033 44945 56542 34412 91608 74674 
4613 11
64159 4585 38373 64138 12729 81600 17347 7768 61798 7670 69642 
8758 16
13373 66675 45583 57507 17985 77120 18403 74958 51760 95727 88026 60299 49244 24925 68057 36492 
694 11
58055 95671 57748 50489 56320 42094 55401 49859 62376 76704 2487 
6992 13
36392 11808 41507 76198 18627 78207 57291 19916 93173 65452 19422 22059 38949 
3277 18
23432 19826 67204 68496 60395 39549 39314 30216 39191 18635 96648 94314 4816 32672 13431 18984 15674 29145 
8839 19
73517 93992 13780 11548 81713 62467 17418 61444 25692 80409 4964 15830 66404 30601 79479 48420 24954 25978 76776 
5526 14
11528 16507 77758 84033 34104 5186 28988 62362 33916 31549 83494 97051 97452 74414 
4604 12
82423 12035 96775 63847 97600 2724 98772 43924 39649 41997 15376 5038 
7518 19
19272 42837 8198 44504 20885 18146 11859 64756 92458 82844 94517 39726 46184 10299 10397 12496 70261 70719 87073 
6644 20
89990 62465 5281 47332 52990 87633 79918 60249 35676 34217 91504 2164 10816 32722 59710 43182 39066 67532 73905 34688 
8717 19
62598 75814 92231 85591 561 5540 15790 37199 92915 5045 15628 16116 32028 79015 51551 12431 21379 41006 58355 
9294 20
42080 72711 16973 96726 23597 68640 97076 42870 89243 7009 57516 37909 747 37479 48181 54341 59429 87581 33522 57295 
1949 20
24096 18968 71256 82966 98832 52845 2883 63589 5658 7767 96757 99572 99686 77607 75188 21318 29512 46254 41367 1416 
349 20
83215 64201 17897 92378 49971 45706 10212 55168 56492 71808 20469 87536 18167 97265 39545 93253 59352 73350 99807 34171 
7885 13
32172 53334 16233 79056 97464 40268 90343 54360 94558 52488 48490 42446 30337 
993 19
37640 5913 15551 93522 98506 73163 73605 65658 98571 82869 96099 1939 76936 61584 62743 3923 2896 81791 83276 
116 12
17924 73207 90103 35172 44003 36649 87578 17844 39838 90934 20463 1333 
3676 19
25663 75592 83513 50011 61966 91899 93137 20226 47800 9060 49636 10995 21703 51772 48629 51193 34946 53949 54605 
6446 20
26401 15900 97353 66792 68545 68205 46530 53448 69144 69387 36923 35735 27618 83774 98393 35871 99013 78839 10142 58291 
7308 16
10896 21713 75913 48460 67249 11678 56598 78871 24598 24479 38808 97823 29482 31752 54440 40867 
1356 20
83283 52190 15920 73445 49706 77787 89796 40507 56979 61543 74453 1718 98328 70779 66975 63860 57786 7850 74656 13975 
9809 12
7458 91995 81683 14461 76882 23774 41078 36806 8225 57612 68260 23340 
7576 19
33324 27227 50099 82180 13826 45105 47270 22510 68785 28142 43271 77951 2843 99366 99068 65341 41371 52578 1068 
72 19
78903 86298 89314 46450 48253 91093 11162 4881 4102 54942 91784 59615 12452 17698 60433 38635 16099 63639 52737 
7483 13
7478 29502 77183 31611 20622 66752 6445 84643 53374 10650 19150 56530 20041 
3847 16
58856 21464 86883 71383 20564 70053 90472 59387 69590 83717 2673 2295 72696 11931 56407 20395 
2882 12
16292 6626 34082 78934 24478 34255 48828 54090 7897 83698 130 65860 
1280 14
95291 40927 24561 21828 74915 69702 6302 30701 11998 28497 49583 11181 16211 12905 
3991 17
13418 76039 74394 60091 84748 965 19820 53412 20429 90156 47613 18276 89303 14661 49440 63001 59533 
9795 18
40005 63213 76529 6194 21612 27957 51869 21198 17117 43506 66744 91990 41804 76716 34002 47305 20434 65418 
1668 18
80410 44718 9362 36335 24030 55783 58743 88494 67446 45921 46296 40392 71723 97548 21420 77215 17657 54122 
4637 18
63609 28299 26142 46712 95262 16353 59528 50684 78679 72198 48895 36055 96659 67409 54237 89342 58115 89102 
8653 13
15147 72688 39277 94549 44255 4105 13241 45207 98493 21461 47346 47702 27556 
5611 20
74241 71461 68127 59874 1458 44380 34901 35853 51929 82908 21131 38897 86168 57637 35957 57407 20569 72148 20555 50447 
9385 18
24193 9625 74211 81930 40842 79720 38728 15334 2103 45914 56501 80293 34059 35797 86652 35024 81874 11325 
8124 19
24203 92010 91445 60124 17381 43674 16017 73964 63901 96909 47515 64953 77569 20796 74777 9262 42355 69653 93906 
7071 11
83596 32802 54358 83688 40860 49768 61317 93910 72570 67657 28620 
9534 17
69664 94191 812 93040 26956 59041 29539 9067 52139 78748 78828 43216 21698 57427 85611 53740 40101 
3589 18
55170 87139 24704 29665 83641 57338 46824 48697 73870 38268 86370 37357 50576 69439 46088 14565 62390 66435 
9282 15
51984 91637 87426 27983 99275 93721 85415 44038 59807 88706 60552 37341 57941 23639 91138 
2147 15
14417 21848 23635 69647 58874 70931 87523 88703 69524 79979 39926 94883 66472 46721 70177 
7036 20
64340 52796 85373 36210 98363 4065 87980 77928 27587 33302 91868 51907 66089 35127 24344 6661 84026 14623 68699 10536 
8366 15
92987 85671 42380 28568 10967 83581 90808 48329 53228 6347 69000 38146 65423 87384 57116 
751 17
51453 15151 91075 275 29854 5449 33695 18471 15535 92605 74094 70627 59492 94239 41058 65399 15713 
1760 10
5901 39132 49620 14830 22422 40929 58487 82880 46805 28953 
4892 14
11386 41906 67902 67747 84002 27342 91660 53588 42322 99600 92278 62575 23298 50779 
2924 18
70426 73345 96301 13517 98347 1208 55277 79524 87076 10726 78232 93916 32340 51372 94737 21277 99849 64695 
5996 11
82015 17702 68575 53352 89268 79553 71949 57764 43453 73667 76764 
283 16
34533 97389 53977 20758 89784 37540 66568 17747 17523 97229 48462 80348 2751 69277 42973 41323 
1461 18
36474 34435 65716 13637 88679 7516 79817 48803 1468 21944 1361 34357 29537 85090 43987 99307 52474 9608 
3999 13
97302 56661 65489 13657 77440 48817 87352 68419 12382 98584 34483 51204 22678 
3954 18
19488 82309 60846 65040 65492 41916 94482 73802 34879 72792 29964 43546 5135 26948 53931 90743 73483 41484 
4183 11
77945 3029 30307 32681 88220 66845 6675 45782 27219 81905 71360 
3067 18
2424 24071 19184 90283 11100 21859 25470 29988 89280 98829 21236 82280 19795 71143 97112 41494 70415 8474 
8356 15
58054 91403 8343 3504 53666 80143 24481 99206 61278 7053 85020 88018 25656 42471 22097 
9667 15
13401 59887 70655 54762 90180 36504 43833 16180 40011 66302 56222 94791 20501 66630 50609 
800 17
43812 36925 23873 45393 39020 89401 55340 58380 42022 230 31824 25271 16601 80066 67823 95231 95710 
5557 15
79414 26102 32697 10723 66848 64059 49399 65550 41491 65085 28320 65166 77548 87149 61338 
4330 11
96715 71274 72368 96206 60050 2290 80442 97836 87042 6287 52496 
6105 13
20379 90529 47926 78601 82513 62894 52177 49126 96217 12500 24102 14567 8071 
9837 16
46633 67611 59260 42122 1223 68610 85264 15461 55380 33788 83415 11881 6827 6324 44252 63596 
177 16
56212 95196 74013 79625 32108 58466 68856 24856 38787 859 58838 63728 86060 56541 45612 722 
9053 17
40703 71014 5886 1638 87880 16455 62941 99762 85879 60614 5280 47051 76721 89802 21702 55265 22199 
6831 15
63498 34782 83952 75823 90174 16931 56917 2046 62627 71665 61540 98655 97591 39934 83108 
53 11
19871 45897 2478 60488 1061 70968 67042 56156 61098 42293 27198 
1439 12
61588 84358 7234 28094 38152 30878 12247 35447 17392 31219 69417 13653 
3071 20
94066 79518 6359 63268 39634 31509 59106 51462 60483 39744 50513 40978 77501 69701 42718 3329 17300 85468 52957 16980 
2203 12
42602 14411 65073 66772 2832 79583 68082 49582 60445 70622 71567 36938 
2504 15
449 22770 34013 53082 33155 70525 86931 83227 56410 7223 95592 370 67989 48916 58878 
7085 20
1085 28941 59008 74389 18032 22645 90552 18898 69414 49080 29796 63846 177 58960 69555 11216 92421 65478 32294 45590 
3699 10
4425 20950 84804 42508 54425 66567 15807 86788 32897 2321 
4460 15
76084 82131 56836 43208 51201 95798 36327 54694 35789 12804 69675 98425 25169 8319 96436 
8005 19
66483 43568 69565 63014 54867 7518 80374 38757 58998 22715 2171 98798 11769 59779 50403 63729 75201 44049 71358 
8384 19
29310 76168 27699 71023 90223 79781 84313 24067 15212 84933 67804 45614 54344 4986 37923 69826 34713 81966 89482 
2565 13
67723 13699 1357 31243 98444 90677 53394 60023 92265 98761 1581 45078 77450 
733 18
74547 79180 92724 39705 92955 86454 49094 67770 13284 65928 10133 76251 80266 83833 95415 66261 27665 5837 
7494 12
623 10857 41288 10663 79302 90878 36353 70468 51017 76735 4463 85508 
2607 16
59797 66276 68756 50563 60773 20853 19986 26259 48538 21475 74969 41352 14038 80190 19021 52364 
1348 17
19371 53262 13098 39422 90465 58518 6111 27379 41574 65834 10838 56091 90943 73329 9142 55706 81953 
4826 12
70027 90231 26663 20573 48454 90317 43611 8417 67671 93622 6805 19177 
4705 13
37941 9691 92431 71928 26982 33664 24661 95102 66365 29112 28939 46654 27498 
5311 18
88308 47594 27 85283 73422 52285 82953 37385 75001 71301 41168 81510 56186 66267 5980 26765 40337 31674 
806 13
68168 71891 61355 43442 81762 91541 93536 43249 77280 59283 25022 2074 82846 
7468 12
37412 6968 82111 71658 85876 33073 68262 26244 44624 96293 13598 67830 
5056 16
34934 4372 95812 53017 72276 12411 33607 99547 30298 96227 37115 9351 91035 57965 74787 55288 
8873 18
92255 48072 74413 79786 95808 68268 93445 39483 41699 16774 12952 28930 20192 14974 13408 39456 12894 95587 
661 19
48941 87312 32402 83190 46618 77606 25973 15297 26557 49350 31489 55860 41272 44823 15973 86001 9112 5110 66405 
4758 19
41803 61417 26076 4552 94218 63986 71749 2686 74497 91216 47525 54287 2051 92408 33654 24709 23928 99010 84347 
4831 19
11270 43605 80494 92101 69389 52585 78637 85669 79371 76124 5625 86158 16025 58898 56014 5375 16062 82923 29648 
520 13
24213 81727 63571 13982 61116 41348 19502 13745 90702 22444 34091 30948 110 
6208 14
8188 93682 8024 35125 60323 91385 6373 84540 23418 87784 59455 43797 5843 43177 
7957 13
52299 24013 3228 618 36618 67764 12041 12087 70351 79682 27261 22799 21237 
2662 20
52404 57077 33380 40153 14649 32010 93311 85479 17141 87757 45575 47660 8780 9764 74261 1411 63189 53561 31580 37215 
9460 13
2404 22338 72555 66906 87693 87181 10043 94677 3868 19632 60724 27752 43007 
1045 20
17105 25087 20595 95978 77344 63622 90560 21886 41485 54028 20566 44114 43439 87873 56316 91949 29992 39892 38313 49560 
9888 16
12358 11607 6384 19900 39307 22021 38227 52810 85297 32783 489 68606 29457 52937 87413 54268 
1400 17
96979 52961 48534 38848 87071 46545 44221 18269 44853 22733 99654 86246 27006 285 40596 94419 68325 
4317 17
77947 36099 83510 35306 63654 78053 57025 82251 16708 14472 9492 78738 25723 53074 14658 18274 97703 
6238 18
87463 98401 46892 22985 64631 39894 4634 90023 53272 19186 5427 81134 32499 10176 52584 37264 81208 89598 
1453 20
17714 25123 54983 15385 56190 28208 24651 38811 66733 39332 49749 74243 1339 59341 61255 12015 70749 68226 51412 22832 
115 10
76397 58775 15264 96238 44635 99249 50746 55235 5443 60419 
3907 9
14146 45631 92245 99279 42943 34950 58981 33825 39237 
9587 16
70379 24878 98807 64121 52171 63923 82942 11040 56026 42978 84442 10874 68673 1564 24357 36979 
8181 17
82963 39996 15098 76450 45999 80560 83126 49564 34337 7259 23141 74272 59532 29408 37489 56597 40430 
8617 13
27336 12078 70208 80572 65001 89450 27070 53656 58113 96366 24555 73616 62826 
5052 12
63127 50229 37100 97648 27644 13355 3100 26691 27996 8224 22439 29677 
9934 13
62769 40644 26078 85896 76048 33290 48939 61475 13865 42785 12599 50954 74498 
4742 18
56443 71519 93082 96223 13207 45484 10573 19146 1743 31598 40125 71030 79458 80334 31916 8825 22189 87984 
2143 11
15678 17145 18889 34395 67372 87144 21511 28330 86761 98833 21501 
5853 16
45690 74745 69503 15189 86337 95766 35992 74376 46472 40237 98161 7334 52055 26098 71022 51319 
2162 16
93034 49668 54504 17961 42376 81610 63614 31401 84861 54449 81932 66269 35593 33165 44531 54155 
3134 19
34939 78031 35068 85767 57795 66699 51206 85527 76660 34373 24736 76719 79014 48041 55714 49408 67351 57609 96407 
429 18
50240 98693 9338 12563 74800 4563 69309 52052 90776 16011 34658 65576 97297 7651 74594 94069 22388 46763 
9732 19
34279 70399 68587 25547 45457 46395 59657 91031 14832 27469 30621 23745 16150 21619 5122 97489 97694 23923 50564 
5983 10
68601 88286 10734 43767 86527 50626 12029 10662 58448 63731 
9061 10
97758 6623 14719 47228 34454 40717 6237 97493 42091 36314 
3474 14
42742 1387 2073 24004 49167 38015 98352 72396 28702 2636 23044 33471 51776 49430 
8879 20
34976 43742 46449 1229 50012 80113 76499 42788 74457 99081 55425 61471 21564 61446 3454 85342 42340 40765 77080 28665 
4704 11
88817 45187 66137 47679 26048 79826 96939 11965 53376 46492 14343 
672 10
64764 28266 97881 77869 1186 75845 19788 14983 26742 88872 
8722 14
54726 60231 64086 75693 47704 81145 75610 17443 72556 87862 44165 88070 21854 24663 
2761 20
63322 51499 76196 23168 66730 27433 35400 17870 43486 53753 75348 51639 99504 41063 47506 87746 13609 24111 94016 32886 
8260 12
8391 43255 81941 63560 47005 35133 92119 2337 83122 75316 59725 87805 
9336 14
31985 4034 50935 14610 18601 7095 89465 76358 77454 95682 18473 70375 98817 69072 
8834 20
27790 33122 26969 32461 94166 47838 28952 15140 20112 94079 24810 57592 17043 29971 73288 27208 66250 80124 69488 47536 
6367 19
8507 89772 95063 18716 68008 74113 41361 7512 51554 12701 4513 55679 51998 59315 55688 4138 46085 85339 53725 
6322 19
77448 8541 95407 96378 59487 79098 58584 14568 77658 95384 36355 94809 30533 1277 21297 28954 72980 36185 28881 
6602 20
23964 69698 64584 66197 71718 24465 87723 83015 5244 21751 65253 24284 80221 69991 93392 33369 64012 86127 52271 63803 
838 19
64465 77050 57282 40970 94773 6571 84356 26621 24089 74634 75906 82030 16912 65743 2425 90975 84745 12628 37984 
6089 12
68375 24944 26843 11394 78245 95327 16238 9194 95104 75237 37884 30892 
5142 12
89850 85622 72067 21438 72353 56963 94670 25283 94091 84764 38870 98935 
9465 17
18010 18415 61484 35774 43119 50407 1974 18494 46238 44974 68924 71048 24072 28695 60222 83611 55448 
9239 16
78515 97260 73807 24764 6754 65093 12123 75646 55016 34855 86429 6812 93009 52478 56230 25718 
9462 10
68769 56908 45433 89891 59697 79665 28848 72503 15540 60482 
465 18
32334 36875 4418 11588 22169 666 54490 30843 39961 82793 1139 5493 43640 48125 57715 27856 31246 43614 
5435 18
97445 24221 22701 85874 30328 16009 85226 23268 67614 41532 15418 98668 86145 2385 24049 69441 62933 13815 
7491 18
32661 60681 24104 14389 29611 21049 39743 67568 89044 70505 75423 25513 39338 6316 43424 48935 8221 69142 
220 15
58268 37332 69313 53737 15813 42679 16920 51537 92984 90127 48577 79410 27476 33342 18369 
5974 10
38978 49233 98932 75206 81565 71643 64753 27183 21201 99226 
9060 18
17460 91847 85768 78524 75184 15588 58438 32288 49125 82115 73534 30539 39421 51498 28418 47744 3631 21954 
4351 16
39778 19361 62473 29015 12710 91438 46872 11978 63437 74284 79471 16849 38794 69918 46112 55224 
9143 17
49178 60772 25932 45158 48011 85265 88929 91287 57260 52799 66006 96999 88337 40948 67560 69322 42356 
5167 13
46379 34460 91696 36994 72007 38237 93921 73438 62964 19003 81952 93693 53574 
397 10
34880 77104 56332 3403 65675 77290 27213 30817 71807 4275 
7179 17
58721 36250 2258 68807 46987 41750 35544 38619 22200 45570 53577 47013 95940 22705 64217 59713 41291 
248 16
84520 45880 42673 9102 63932 7283 42868 33656 4364 21590 71460 10590 41047 41711 31765 99836 
8841 13
72659 84550 36520 68411 51934 56422 90949 85002 33631 9894 17203 60487 20256 
9574 17
32523 58606 78540 47383 62810 5934 2343 10510 23994 15704 46276 99574 65428 97499 58472 59397 28041 
1014 15
62913 33578 74625 67950 21950 76791 30283 55274 41197 77146 7927 27325 65429 46274 37599 
8530 20
11503 81373 87719 5892 26138 53582 59089 88957 32631 2304 20859 16064 42760 19448 98024 99723 22968 96213 27044 82458 
8293 12
17380 91979 33711 37854 93954 71402 15833 36977 12837 27697 65286 17275 
5113 17
40419 63919 27943 83827 9777 96410 87593 26672 92685 69790 70484 14354 81601 21533 4515 10913 69974 
7349 12
85279 26091 79362 33490 16892 31597 32445 80668 74246 84314 79401 17422 
3874 14
47125 92240 87298 59828 97508 99161 1910 51644 9095 59962 78658 95847 7225 97819 
2951 18
56678 78981 89841 29082 54790 77734 75910 4172 96783 66648 86411 34519 42972 39796 76428 23275 1931 10617 
4074 19
2184 22232 75565 60749 95481 92803 66165 33235 7282 15039 47160 87003 39999 40629 87243 71391 99133 31062 87114 
9913 13
86317 73854 34662 54421 74864 11524 96531 44924 93744 27883 49953 79315 6464 
1682 10
21978 71806 3620 15285 53116 78983 30759 64179 4814 67791 
1161 11
41509 24904 17614 57095 31630 50715 45754 83258 35684 47289 6615 
8938 17
28573 68994 23977 9839 396 12838 19724 61362 15463 56516 34108 50971 99304 23636 87552 91019 3661 
6550 19
94970 97138 10051 35700 31067 49892 65313 11530 97857 7958 93066 63103 12759 33058 80912 57286 85050 57527 16395 
1530 13
44736 43215 85278 16446 65988 76946 78511 43963 93707 68494 86278 26468 56371 
3525 17
60690 22992 53202 39839 33222 88124 26248 28338 4701 9648 72796 89782 54655 97816 80204 11729 99793 
6997 15
89931 98688 78792 5905 19589 40161 29304 15745 17992 87668 28159 87233 72751 15852 66150 
9618 18
98375 59376 22615 69299 62320 89076 82354 44304 98974 33397 50619 25482 8646 9983 2458 4238 94777 84855 
664 10
5931 82544 97843 73122 53792 55136 8756 63781 19978 46568 
2427 10
2173 42610 20418 28599 69666 93108 43798 20810 90369 88118 
2570 16
88910 27784 30061 21405 71151 43979 53405 77178 39517 63845 85561 76818 26652 19550 55084 75678 
2595 20
68600 24051 74434 65394 6211 14294 53077 47277 7402 43589 89403 20237 37988 99774 85163 21527 32210 58789 56102 4574 
1268 16
47798 98037 17914 42468 30239 12045 85192 73816 97669 80268 17540 6648 2779 99819 5787 37784 
3145 18
37013 18558 96033 56520 9298 56795 67669 8138 82833 75249 1539 37118 18257 21898 92592 24891 38087 43228 
5804 16
94485 99751 90819 91571 51893 4467 68128 8105 22763 48473 62136 8102 62289 5917 30618 34521 
3027 11
93498 36246 62107 686 7709 94987 72139 30048 55443 26116 527 
5891 10
48017 25350 2756 89445 36973 26637 33983 45755 61238 18676 
9663 12
46601 58710 23532 6858 32752 5190 28336 33696 47936 66331 79944 88994 
5630 13
15318 9807 76596 69505 32621 41158 71499 42676 3638 20951 41045 14840 6924 
8690 17
69184 41975 54329 2311 35404 61514 139 65258 17430 65552 78134 33944 42877 53648 8 62579 62589 
5117 17
81352 84432 8709 18535 3822 6466 4056 94198 57577 24745 99375 96074 47619 12315 23603 99343 46548 
2510 13
36151 20151 88952 51299 410 90510 94567 68356 58544 39652 58393 19813 70989 
8698 18
14916 20144 66760 45332 63710 90729 92938 71134 28972 22417 56630 27204 71847 98818 46625 68296 41265 25362 
4277 16
1840 87780 43436 34590 5683 50526 21120 59812 76239 41002 93834 43504 46843 76576 99806 15890 
7088 19
94375 8412 27637 75544 27839 21222 24928 67545 57061 8631 29514 10166 58188 85703 4075 97301 45307 42986 23859 
4424 10
51615 99184 58302 48847 74435 85157 61867 32536 42014 70849 
3552 13
43720 89918 68779 4127 85967 42 69434 53591 77022 64890 46670 39157 58989 
7875 7
1899 27527 94447 9257 19248 31130 27280 
7007 15
80330 65628 37396 97215 51572 11291 28196 48876 60591 4710 1617 52012 42443 13798 45220 
1432 15
44014 43667 71266 696 74840 39239 92158 63003 84417 35888 4996 39998 26297 67751 1554 
3555 19
53618 93381 40894 65345 28139 33318 70362 87618 59082 95389 35932 94663 16427 15898 61331 12751 17501 84543 8387 
9827 19
81476 22757 20602 58578 46562 23658 45735 29270 15165 40999 27823 15530 84263 31392 87201 93199 7260 4113 74318 
1783 9
86421 35931 37778 16172 75896 70778 18290 98797 89304 
9103 10
40936 63709 94900 98080 49435 46179 51298 38012 12231 59467 
336 13
33376 95097 68306 69547 14879 35413 708 45101 4456 4018 20031 78480 72530 
1397 18
14265 45733 65433 50055 56640 83582 1422 62582 13136 29597 11232 73566 80506 18788 92248 95221 66665 36689 
7004 15
82516 60133 51718 60057 99833 70253 33923 59114 28542 6321 50801 66593 98434 46941 63272 
7089 16
34870 11262 85517 3028 55925 22833 76058 83525 85957 31087 54589 17002 96454 43482 93726 32113 
906 12
60103 28069 51287 44052 11604 24241 36627 87150 2770 75208 73612 46263 
7132 11
22988 50179 94585 68347 31842 79219 75140 20803 98767 37186 51241 
917 10
97211 85545 29121 38274 99771 3449 59516 44084 33126 60729 
5397 14
53613 25888 53554 78555 3816 53189 54150 71639 27789 5699 77282 94475 15078 73351 
370 17
94177 63098 12080 99380 66522 48966 18799 21353 32684 68900 4267 96575 29325 46210 72080 60985 32555 
8738 17
34438 20614 68221 1081 46844 42857 89237 2052 92795 33701 88550 485 69069 47390 10840 36519 41936 
9447 19
38493 70663 38593 673 76262 89681 38320 34612 76725 33653 90735 98621 61857 42871 20351 83518 38150 14339 63821 
2200 11
65165 88829 71186 85916 15714 48075 57766 20587 46567 9436 98647 
8572 15
5616 12537 23157 22464 61981 96767 11908 88489 82427 99978 29877 64529 54514 35534 53430 
6920 17
69553 84366 43615 14124 33580 66922 50204 23737 808 40170 3162 3736 26718 83903 67141 83207 77954 
7778 17
36990 29778 88405 15216 5864 73390 50991 51192 2459 59063 50747 94425 14991 33584 42265 51033 43455 
8190 15
46345 82179 63055 86973 71534 42732 33263 84964 71017 14996 56899 56861 69522 26622 60097 
2131 19
39127 40821 96117 58267 57250 32293 28303 63610 30118 96149 83882 5323 4950 49793 98680 60033 35568 99241 70660 
4156 15
29133 8783 26496 49995 897 15988 93823 77216 41329 4139 87078 90416 97141 38579 50429 
4871 19
920 12492 79041 29616 42134 10014 2030 11543 55914 58146 68337 17652 50357 83073 18945 98377 17164 66996 72701 
6251 14
16022 87309 11089 15844 12864 85018 80211 43764 55479 77515 43311 41244 59385 69835 
4065 15
69141 69244 43537 90021 43277 18030 33951 16624 59940 44996 9496 6561 86029 50234 99292 
9487 20
24335 64606 42850 62805 32525 32426 98040 76083 26750 6038 75819 54543 30970 32950 2958 75389 35812 72923 9282 52169 
1458 12
20711 69893 25034 96190 82004 9039 26866 84185 35673 82976 57706 18413 
7182 11
74807 98545 29777 92973 12617 41668 850 80094 36744 62502 92262 
1386 13
99412 58784 89455 68676 11039 47064 93434 60086 71263 73646 29755 17123 77043 
6897 19
56907 95402 83304 28038 71074 14860 10856 3932 87937 54263 6564 43423 14925 48793 75602 16476 73295 54084 37550 
1334 20
8339 18461 22186 45848 83091 69265 5880 41435 27934 63640 55424 15579 95044 26470 61348 56533 6596 40785 90367 90521 
5172 19
51447 57499 78612 70466 52269 6742 17102 52564 57587 40985 22553 863 71104 45727 8430 24432 67828 5955 32583 
7143 13
45165 61091 34953 71568 81037 20580 33208 90787 82181 55892 4712 46194 35678 
5851 19
8445 79965 3982 23556 21720 87530 56563 30381 12513 17291 95728 45502 85653 3163 21555 35601 99002 21719 50129 
9927 11
62049 62499 74206 79480 25242 30544 6861 6495 87095 75180 79254 
2938 19
24508 81539 25040 51152 36792 62079 73789 76226 61223 70973 5863 9731 39410 72024 83848 54943 93851 26631 66420 
9847 19
40102 53569 49572 25360 83320 76930 11764 81346 98774 83562 67470 90236 51583 34886 42249 31148 86436 37905 85170 
6390 10
39452 2525 32063 80827 32181 50928 1276 54822 21226 68863 
479 11
65438 31568 15780 13011 95650 77731 9176 95716 4191 98692 15992 
2027 19
59244 2824 65283 46951 75633 61374 34445 82429 66356 81458 4442 78552 10964 16995 7930 42711 25881 34060 30422 
4506 14
46480 38358 68459 32001 63107 98349 69560 48250 39993 93152 7121 5368 88297 9268 
1283 17
78912 89194 18163 65797 29280 99157 21454 30634 38825 18667 43971 61184 34956 96458 87663 50561 9751 
5690 12
8830 76055 77000 73402 83270 86490 67521 95019 99681 37539 22852 77358 
3932 14
35609 76902 56522 59960 50601 80363 64017 70752 82149 49927 29211 2929 77422 40438 
9456 10
26848 2234 75800 73650 10131 16271 81447 38204 11535 47927 
5883 15
68537 30065 87478 39790 85585 31854 46693 52764 4846 84184 83191 7641 16870 97060 5749 
3543 12
71967 24001 71957 17097 91831 55902 59655 6818 60993 16451 2605 5908 
1574 20
27191 64072 82845 27993 36976 60025 18382 60513 13165 79634 95189 23175 44988 38637 51446 48937 83151 95635 12155 69816 
3877 13
56436 96445 78695 10917 99715 99109 63049 51413 73025 49300 93138 71269 15317 
2754 16
4700 71756 52108 65435 63882 64367 86571 64840 64036 51675 69218 81834 65303 35310 70011 47424 
1485 19
50290 45290 63188 17274 91393 47028 68201 68523 1268 74662 18868 76026 22952 56084 4679 33775 9283 87854 55995 
3818 19
40684 36133 82884 77664 79850 85029 68854 88240 84791 21513 24980 63719 30574 75954 98521 37897 825 96670 55017 
2346 10
90784 3616 22001 38852 62638 23022 5214 75265 90132 2355 
8931 18
44975 46470 5681 78860 19568 95780 30542 85129 9389 68618 14462 48430 99045 14270 73278 51296 64479 79669 
4717 17
56201 65413 2654 29078 36568 51880 86264 67252 43891 61195 61563 81351 28190 26828 49956 12998 79767 
5437 17
58359 84137 62156 75118 39244 63416 94845 40517 90727 10326 36537 70941 99313 46209 49865 37541 19419 
3698 9
91786 32312 64709 18098 32386 8503 82055 29770 24081 
969 15
11375 16352 3560 94144 29407 6800 51351 77890 36205 64681 38137 24281 90538 7644 4938 
2047 19
31450 16869 65400 85450 16253 81296 28650 75276 7932 37522 5708 956 80520 75223 44463 19298 94556 29083 10296 
7039 19
91512 67834 77918 35573 42126 42519 36815 98041 27978 83474 50114 77076 85555 72967 70713 76407 20064 27899 71440 
8928 14
1523 64084 22380 85195 92455 56789 33980 73450 83947 6218 84406 38702 81571 64654 
7327 16
97546 91198 10089 2444 91892 66385 80916 62968 5377 72011 85856 7209 89861 69788 23059 56397 
2006 11
94498 96323 16873 3964 20664 79411 27157 42790 96719 75657 42447 
4775 18
39341 78072 85930 63833 80663 3796 51815 30257 56806 27594 18438 44376 76773 46064 22934 24571 75465 40231 
4116 13
40454 52495 28986 19149 61807 43174 30546 67788 14922 36488 70766 41152 10414 
2577 9
43428 92212 41692 27038 48261 90400 79639 98297 92195 
3810 13
89826 22372 75686 38226 60123 61650 52082 50615 15569 87315 80514 38118 31656 
6193 17
39912 48885 9104 81647 14845 3566 8650 90838 35872 60882 30943 86553 6591 91125 36402 75383 80380 
5541 12
86137 42635 3989 56567 97162 53766 5978 91986 18393 1466 77373 7594 
2127 18
82650 99260 101 58409 24264 32759 76325 26695 53221 29851 64279 99788 35682 37197 56781 93557 51072 15442 
8459 18
31948 63916 66781 72677 79936 30447 69778 52760 56118 43079 9787 44367 44725 14654 33880 31021 999 79185 
1789 12
69302 77689 77289 39740 20399 97752 84132 88868 30775 79708 20616 13792 
2652 15
63502 9734 65446 65701 15734 46407 67212 89908 63606 81516 91425 44178 31093 76209 22805 
5348 18
2519 30289 22038 37958 21795 43951 27669 16521 30371 60666 44592 63951 6144 42335 75228 92159 70428 9820 
