361
1668 19
80410 44718 9362 36335 24030 55783 58743 88494 67446 45921 46296 40392 71723 97548 21420 77215 17657 54122 77181 
2047 19
31450 16869 65400 85450 16253 81296 28650 75276 7932 37522 5708 956 80520 75223 44463 19298 94556 29083 10296 
5348 19
2519 30289 22038 37958 21795 43951 27669 16521 30371 60666 44592 63951 6144 42335 75228 92159 70428 9820 44219 
3459 20
33307 1678 87515 77920 8575 57400 24874 17120 22522 25755 87562 75515 71217 55157 65964 10876 12206 53358 28136 97886 
627 20
74570 6016 49106 41993 94802 39432 20137 76493 13907 46427 61874 92874 60226 60962 18989 17668 47618 75802 52170 38799 
6418 19
14997 77682 22844 79744 82879 91998 96150 57577 75744 3708 39035 4176 71901 55251 7124 81382 99717 36770 55802 
5439 20
96330 74913 60442 21990 49521 86206 69698 75089 24440 17824 11942 80092 20181 10570 95183 92296 86027 62001 838 51725 
8084 19
17682 50996 33042 57512 26078 83573 14450 33742 95404 75257 95482 79479 52687 95885 81433 64680 38695 73681 58652 
6609 19
80532 62769 26726 22173 78614 73426 64281 69910 20546 84281 76612 40813 15824 8037 44884 34525 91760 17782 6635 
8696 20
35619 45104 44776 86267 17085 89554 3876 87902 38304 24855 77630 82092 78115 2284 82577 94634 66416 42488 5076 65791 
9867 19
93080 80104 37607 39009 86488 47324 49063 67226 89611 4609 67764 15390 74272 77515 79933 63913 22787 2580 74718 
1949 20
24096 18968 71256 82966 98832 52845 2883 63589 5658 7767 96757 99572 99686 77607 75188 21318 29512 46254 41367 1416 
8839 18
73517 93992 13780 11548 81713 62467 17418 61444 25692 80409 4964 15830 66404 30601 48420 24954 25978 76776 
9795 20
82816 40005 63213 20885 76529 6194 21612 27957 51869 21198 17117 43506 66744 91990 41804 76716 34002 47305 20434 65418 
4717 19
56201 65413 2654 29078 36568 51880 3319 86264 68665 67252 43891 61195 61563 81351 28190 26828 49956 12998 79767 
2433 18
19638 8278 10856 12713 14782 41284 42818 2352 58433 83112 89788 86042 35403 55292 61046 78071 26558 23235 
660 20
40898 95169 71677 21208 23049 34598 59222 95694 4930 51277 44237 27572 70650 58188 25917 80658 13028 25020 77441 41265 
2892 19
51425 30672 26190 51820 85247 50451 37513 56667 55996 15090 20135 74543 20815 53745 9474 4658 72634 10531 69949 
7164 18
16300 88532 51927 46932 93598 11034 22616 51026 11250 1665 26683 11969 92743 59655 4667 1126 32675 43695 
3742 19
22010 98741 34927 57230 19787 93305 38617 40542 24138 39609 38515 12235 70768 90056 27890 10046 45008 53473 43408 
8391 20
30772 53929 7061 63384 3636 85727 48123 92858 61249 89204 34392 47392 43078 24522 69383 96595 33601 8085 78938 83387 
1985 20
21711 53075 17474 61947 55034 21684 79703 44967 75766 36762 12654 85728 46771 50199 52897 15175 71188 21898 72046 77460 
517 20
41481 46862 4500 90605 89982 74245 54503 30055 79584 60630 47947 81806 21012 45419 73642 54076 57333 3476 49599 74050 
5603 20
11639 18771 63919 44483 60253 68814 91467 36033 91287 71466 50688 45866 18846 70731 39712 23256 15974 32625 49701 74338 
1026 20
63978 75733 79389 27446 37031 89779 45896 59147 19806 44846 90014 52055 13929 62831 15746 92045 54588 79802 15279 41952 
5311 19
88308 47594 27 85283 73422 52285 82953 37385 75001 71301 41168 81510 56186 66267 5980 26765 40337 31674 76763 
9129 19
65231 70572 36925 57795 26611 67055 2208 11321 26606 17077 21836 4743 36523 51720 20348 18456 90626 60584 31468 
2206 19
76917 60896 21647 95970 794 52357 27151 71701 85513 52401 87879 36327 27892 51176 27758 54004 22392 37905 90153 
6821 19
34765 13254 40424 1631 64475 6120 40734 65710 99232 53296 74059 38721 85849 36401 82842 95339 30421 2614 93884 
2054 20
92636 91659 1710 6185 27668 44097 85047 64013 64706 45711 15150 57039 78222 78287 80293 59767 94677 2201 93387 38213 
2548 19
32726 86711 57484 28728 32195 13294 33891 47803 86674 55805 45656 74100 75343 94111 84796 4499 79523 27691 52917 
3428 19
612 47401 28439 69864 36727 51354 44929 88298 49856 97430 49358 71379 56796 25787 94797 87468 63123 39161 61709 
2610 20
1382 65479 61304 49113 77032 39325 48043 89240 66708 4174 7820 74761 25060 53356 30494 52297 11071 10458 48745 71113 
8434 18
55689 14946 12511 53582 92130 54956 40677 70701 26163 53482 28374 61200 29037 11842 84341 27251 45588 39428 
5036 20
31959 9900 45519 77929 13644 18083 92696 39903 29604 46328 30645 579 40914 39032 53126 58639 85664 13524 52674 35359 
8691 20
48126 46058 1012 33992 55052 80049 35565 87419 18437 15480 78477 20152 50247 78715 55714 29434 85175 15371 11153 59290 
733 19
74547 79180 92724 39705 55817 92955 86454 49094 67770 13284 65928 10133 76251 80266 83833 95415 66261 27665 5837 
7937 20
32944 58431 48614 7517 78805 4329 81827 13847 48712 50105 34861 92731 97092 79984 74379 3015 12807 3518 12068 62239 
5718 19
93061 53266 68563 74206 29476 39330 27344 60018 20684 25210 52377 39284 81412 93423 33169 28393 94581 71653 31360 
9985 19
5474 86708 18118 352 81477 35989 4521 95315 81469 46976 43277 39791 57997 13262 94829 27065 44342 31641 71651 
5023 19
71227 57179 42712 75447 32205 66078 8667 54788 85676 13803 72850 31201 82184 73933 50887 5825 90649 87136 44869 
3219 20
93454 14863 25465 38291 42464 49221 28236 82555 36132 34513 3403 33000 11184 31144 96811 6771 45171 30191 84887 50410 
8301 20
42833 77553 60520 77403 8668 33035 59243 80421 56580 68204 25209 94550 23887 73315 93091 86813 91618 79257 44378 79564 
9951 19
30746 79279 99083 23612 51430 29724 93979 49895 98805 30497 64155 77165 50703 15113 59129 75166 50730 6896 83863 
414 20
58203 57632 134 4391 35170 30257 13209 3857 11876 12491 43849 47195 82540 55000 67594 72431 98692 78367 75477 61099 
3525 19
60690 22992 53202 39839 33222 88124 26248 28338 90138 4701 9648 72796 5122 89782 54655 97816 80204 11729 99793 
146 20
93095 32080 98354 90250 73002 73303 59664 59044 99600 25537 78738 92092 75714 32433 49939 31293 14602 55777 88980 74324 
8677 19
59762 61954 69066 98603 36527 63444 84362 95939 27075 87787 86212 5765 75934 11813 57476 65537 70719 55736 54100 
4381 20
21975 38669 40460 18215 75947 3505 1852 49126 46161 24950 38524 81256 47841 58217 4894 89736 1734 31979 50195 54841 
6368 19
90879 70116 78818 57167 33864 67879 73608 97682 73317 39583 11775 71238 77728 40840 99559 86003 52160 85750 52652 
6980 19
53205 55463 46236 96257 95986 5817 40284 5705 37419 23837 57681 25220 52865 92148 18909 10247 86902 345 57447 
6602 19
23964 64584 66197 71718 24465 87723 83015 5244 21751 65253 24284 80221 69991 93392 33369 64012 86127 52271 63803 
974 20
81788 50584 36841 18860 95871 2107 8501 18023 29246 52218 90806 59834 5647 34577 44538 75170 50200 59541 81697 52876 
9487 20
24335 64606 42850 62805 32525 32426 98040 76083 26750 6038 75819 54543 30970 32950 2958 75389 35812 72923 9282 52169 
8177 18
86465 62193 37076 27778 18057 61129 12332 45970 34772 72882 12082 87722 47292 19949 68303 41349 30779 42461 
3854 18
2245 69562 45850 6534 36681 23466 80787 84046 23882 76913 94929 20817 92790 32246 28893 28622 27739 34562 
9324 20
30985 86162 52872 22202 77640 75923 77543 99328 69318 20912 94552 11040 43475 99359 55572 71995 78619 4808 17174 72975 
5008 18
46396 90021 23607 92382 61781 37524 33962 36188 43876 25249 67910 45570 54929 22899 49354 46355 96769 93949 
5851 20
8445 79965 3982 23556 21720 87530 56563 30381 12513 17291 95728 45502 85653 3163 21555 35601 99002 21719 50129 16980 
4513 20
38479 63081 11304 49050 5672 47890 28662 88072 71928 77628 85018 52031 60769 4090 22984 40848 38189 48415 38979 60048 
2943 20
89074 42824 10040 34734 14627 36728 35038 19155 56395 38998 44522 11954 4916 61497 68429 56722 68857 48077 8051 90985 
5352 18
88351 41030 17964 98738 59949 21095 25045 5795 90614 68770 2262 55325 97559 78988 34744 66857 59355 4535 
3034 20
44302 45572 70245 1035 25349 47277 50059 69266 18416 28057 88522 91869 31629 64024 67044 64825 65198 41881 86482 97841 
2664 19
52093 54995 84514 69525 70202 65434 57718 47150 73448 47589 80596 57976 96111 31295 73485 91693 60287 30059 39531 
614 19
65509 62961 42541 76147 21779 78066 30003 98020 81366 87859 13595 60189 7706 5580 92321 15076 32824 55122 6089 
1154 20
76263 89411 4517 21593 94666 38244 68390 82830 33886 87964 22384 93107 44725 33249 28816 45281 78403 13341 36558 10939 
3261 18
86611 22585 72521 82448 92464 90531 38015 83698 93388 865 73398 90462 80439 60886 72994 22435 29510 34171 
7819 20
47416 71839 45905 88097 42215 89224 58796 8183 21414 86747 20549 60221 53006 39170 32704 86604 1367 37514 58040 85469 
5065 19
32542 28614 40458 9950 71471 311 6870 20130 3096 69453 75917 99038 63892 77520 71880 28703 62380 89812 99758 
6897 18
56907 95402 83304 28038 71074 14860 3932 87937 54263 6564 43423 14925 48793 75602 16476 73295 54084 37550 
1356 20
83283 52190 15920 73445 49706 77787 89796 40507 56979 61543 74453 1718 98328 70779 66975 63860 57786 7850 74656 13975 
5044 19
75461 95696 35396 68627 52869 31816 46512 81268 25684 43088 27376 54043 61145 25110 91104 22530 31022 19821 14489 
9294 20
42080 72711 16973 96726 23597 68640 97076 42870 89243 7009 57516 37909 747 37479 48181 54341 59429 87581 33522 57295 
1045 20
17105 25087 20595 95978 77344 63622 90560 21886 41485 54028 20566 44114 43439 87873 56316 91949 29992 39892 38313 49560 
8478 19
38417 94645 49053 78108 67611 97875 44006 40213 79995 64612 28855 31619 67813 10235 33549 62304 46171 2578 58018 
6322 19
77448 8541 95407 96378 59487 79098 58584 14568 77658 95384 36355 94809 30533 1277 21297 28954 72980 36185 28881 
5761 19
90886 19707 82127 82537 10195 13204 17367 70757 59747 7101 77951 58793 51586 90546 9465 83633 49440 58848 84117 
8912 19
36219 9206 5735 53735 31202 11771 61440 51355 23631 24608 57032 74752 48048 37555 69852 33840 67082 76800 51469 
5724 18
83428 63547 24578 72830 21401 8025 43701 12844 16663 13122 89956 53478 4331 91251 9003 93722 19536 64761 
6063 20
54575 67622 67848 78200 9552 95598 41516 96428 79788 1266 85987 48962 51504 36058 66962 28199 5828 91877 9218 50947 
1065 19
77947 91882 78289 87160 73016 93966 56400 54970 9015 76483 33295 36080 88148 59899 39346 28543 50281 9836 95946 
52 19
78912 81132 82886 97294 58885 69736 18026 27381 79233 58568 97618 36808 47297 99295 66143 42359 79254 83658 81158 
832 18
86392 29746 98497 76482 42719 89198 3870 4567 54441 4118 53142 17213 12923 1489 44419 85275 75680 29059 
868 19
24532 71352 20414 52243 47902 44131 17941 98580 50525 50252 89428 42156 55200 38056 4267 19436 48775 26508 4022 
3572 19
61989 60392 89382 56378 57615 83768 92553 11614 58966 86559 7170 65971 55647 36954 71847 52260 25351 4815 38634 
5409 19
71561 51718 28828 4404 91823 57375 12699 15665 22269 20571 49027 23178 52105 22261 57712 81537 94303 87002 48117 
783 17
41389 49971 593 99401 50900 32306 89896 63943 68715 92020 99706 18165 14838 67862 55062 85759 42106 
972 20
43377 67802 47495 17859 27474 16153 41005 15185 22442 90445 2389 23737 60423 42783 67061 2497 71103 55508 54586 35199 
5873 20
51111 42960 71845 52916 49162 80581 64148 25664 54746 72106 10884 31494 34432 30683 68214 76811 97334 11228 45383 26816 
6446 20
26401 15900 97353 66792 68545 68205 46530 53448 69144 69387 36923 35735 27618 83774 98393 35871 99013 78839 10142 58291 
9829 19
56041 83501 86822 88487 64120 77453 20136 75869 3990 47730 21391 97558 32779 67231 1070 11205 47315 51779 70861 
661 20
48941 87312 32402 83190 46618 77606 50977 25973 15297 26557 49350 31489 55860 41272 44823 15973 86001 9112 5110 66405 
1963 19
41579 22925 47421 21730 53039 77314 41118 27447 85379 41602 65636 60410 41207 70641 6107 95370 61203 33341 36653 
3491 19
39981 83403 16186 36976 24849 92693 52272 84838 24919 87251 81078 49651 52810 19591 751 55230 74566 39672 77477 
4252 19
73224 19213 86957 72729 62340 26067 73659 92372 73169 87121 48475 58654 6511 28200 41155 56397 69466 51077 34069 
7339 19
77692 95078 53848 47960 18156 43162 32093 28568 37395 32405 56101 29228 27500 5671 29480 72783 78398 50903 99861 
1769 20
87017 33024 7619 59229 89148 41913 95524 47207 21137 29957 39873 12071 39695 88216 85843 36196 77756 78261 52421 18408 
2901 18
21422 6452 19814 20707 25691 55482 32616 94766 67673 12040 88634 58807 13741 32970 85111 16397 71126 55760 
7338 20
53832 84415 56161 84645 35371 4659 37339 41679 32836 22529 44353 12927 60799 26694 67426 44533 95318 42876 33146 20506 
6550 19
94970 97138 10051 35700 31067 49892 65313 11530 97857 7958 93066 63103 12759 33058 80912 57286 85050 57527 16395 
6084 19
49700 80020 41715 91466 40142 69840 81346 83085 81884 21830 70603 37595 29120 5947 24662 75328 34816 26978 82735 
4550 20
61058 59736 40124 99066 36315 47679 63824 81175 24733 20036 72087 24544 8255 91085 3804 92481 48410 1788 75654 12180 
891 19
5752 87948 33768 39858 68095 74930 64491 67375 77788 69921 44791 76477 88916 2533 10855 6322 25101 61413 79752 
820 19
17999 52153 81969 83119 30251 60338 20672 8452 54419 97361 27479 88971 82097 26664 9376 44633 86250 44370 66360 
6644 20
89990 62465 5281 47332 52990 87633 79918 60249 35676 34217 91504 2164 10816 32722 59710 43182 39066 67532 73905 34688 
5390 20
1629 26973 91957 41659 46059 96555 76674 98409 37734 9937 80485 5053 65140 61675 83944 32506 75021 41223 6763 41258 
7833 20
48921 80729 81100 15040 75439 28263 13413 27970 6455 13335 25955 76171 17284 55296 951 77924 65603 82706 28929 96292 
4074 20
2184 22232 75565 60749 95481 92803 66165 33235 7282 15039 47160 87003 95431 39999 40629 87243 71391 99133 31062 87114 
7817 20
56470 99315 68511 74394 66355 63577 29661 75433 6618 9071 60228 4185 2242 67717 22717 56111 72040 57777 50495 38043 
3313 19
15087 29810 39101 21240 78315 27001 16056 55400 69247 61534 27145 76838 97791 29372 86764 13500 54001 15393 12670 
88 19
92257 9925 71517 64710 83567 2478 26920 13921 16584 30039 95943 28074 15842 42841 8235 85299 83687 16004 96717 
8477 19
98545 1345 74320 31932 2488 63522 93866 5189 77580 39721 19176 94715 77335 17832 17685 64335 42039 69391 68110 
2525 19
85337 69279 16690 83892 88679 32685 90801 30622 25043 28464 56644 98305 22160 81129 67598 3014 87695 98019 22880 
1308 19
42684 98811 33440 99755 45173 63857 49382 72568 5425 69792 42318 96708 47574 24003 18345 54475 78234 94006 98799 
4255 19
81866 86820 56287 86341 72649 86205 43634 64636 77860 30433 96564 67242 99761 82795 26711 80831 49819 63616 36939 
3406 19
22649 39556 28551 67680 2525 55139 82917 53507 3749 37390 86556 77535 82683 84299 66604 2838 36740 33196 91345 
679 19
8937 76598 98826 5008 10728 38913 39950 5442 1380 85535 63537 90947 91702 38440 56499 66304 28064 42288 93904 
9574 19
93797 32523 58606 78540 47383 62810 5934 2343 10510 30215 23994 15704 46276 99574 65428 97499 58472 59397 28041 
3483 19
90279 42098 11010 87119 51336 82304 72828 94901 909 87024 94004 37523 30642 18848 91934 88637 38455 69536 1098 
2044 18
29958 39554 69029 71861 27066 89068 25945 63471 64546 92294 79761 7230 69976 34336 2766 73699 63723 84863 
2759 20
39908 59588 22593 33693 20900 90412 43513 39207 18178 10911 48522 89978 49471 90172 76238 23359 23179 91442 32169 59994 
2992 19
60307 95073 10896 61417 11357 3561 72952 16692 23535 83804 5446 25118 13816 60782 64644 89410 43192 88976 93737 
6017 19
47062 81823 80407 27909 76518 24947 46107 23138 908 13927 76080 90235 97607 96869 90217 99079 44017 36596 99549 
5360 18
33065 91915 18325 82605 56937 43051 56856 69020 20246 20416 31018 55642 66546 76585 22487 1845 73095 59857 
5523 18
82572 20012 37009 89131 33580 80571 36834 40020 44354 48363 65454 67081 31078 64293 17531 95018 31675 18711 
6950 19
71210 75286 62934 65128 3333 67479 65321 79047 60614 93705 75116 54182 74582 20928 10488 70614 97062 84494 70555 
2079 18
81842 82091 18985 87837 87813 10174 9323 47464 49627 13037 60294 65350 96654 24382 72866 87657 49369 22275 
7223 20
15989 52320 34182 8314 70059 19198 89055 70266 60703 18879 83700 10849 59305 67807 27721 95218 23151 20730 27130 99790 
9439 20
7389 62823 80028 36259 83579 14032 69622 42829 90522 64681 86053 3637 39744 43437 75271 93038 42652 32968 83006 72230 
6871 20
40071 599 47629 87851 67662 31515 12282 59306 42836 75548 36149 80127 74615 74736 16615 59246 66013 21581 39044 13601 
8438 19
3114 31212 41446 53808 68430 61081 97309 81484 13091 89572 28485 19863 24174 66624 38585 84615 32997 32161 48060 
8838 19
49997 49823 86787 68940 59702 2151 83446 46113 65952 1276 4993 7292 22781 90146 44964 13303 68477 2611 85036 
8005 19
66483 43568 69565 63014 54867 7518 80374 38757 58998 22715 2171 98798 11769 59779 50403 63729 75201 44049 71358 
5004 19
96186 53664 51653 32490 65349 74537 40858 39906 38384 53627 96537 84876 10775 10850 15959 18373 33012 4925 2408 
8384 20
29310 76168 27699 71023 90223 79781 84313 24067 67329 15212 84933 67804 45614 54344 4986 37923 69826 34713 81966 89482 
9912 19
18644 50639 75490 83713 21817 62952 23490 23192 79645 23022 68980 98213 79899 91102 93984 96759 7623 13991 47993 
4630 20
91356 7100 57171 43959 69243 368 84719 84525 66660 28823 79817 94786 7177 82768 29479 48216 47610 72945 54033 67946 
6588 20
60125 88210 19537 75995 48982 50826 49067 50809 7618 42352 66794 98341 1988 82960 38766 2159 75758 47631 37636 36766 
993 19
37640 5913 15551 93522 98506 73163 73605 65658 98571 82869 96099 1939 76936 61584 62743 3923 2896 81791 83276 
8181 17
82963 39996 15098 76450 45999 80560 83126 49564 34337 7259 52171 23141 59532 29408 37489 56597 40430 
6976 20
81336 89056 92586 97336 11231 2163 56081 92699 97119 69510 89120 74902 32712 66507 34239 26150 60936 80822 64849 33516 
7908 19
44321 44520 30794 46472 34104 76460 49429 25304 34323 59497 44876 98041 50020 27706 60343 90029 28502 51800 97239 
9408 20
48317 98520 59629 99762 61772 43375 81406 64511 63404 81284 64882 71497 96793 91917 80182 33926 69332 95378 61982 46642 
349 18
83215 64201 17897 92378 45706 10212 55168 56492 71808 20469 87536 18167 97265 39545 93253 59352 73350 99807 
1438 20
68407 23290 2534 81831 97390 71586 70205 12833 32566 1026 57769 42181 28131 2235 8610 93989 4492 78128 10044 65681 
5339 18
74857 8649 63380 97317 93773 61805 72427 57668 56296 82022 11166 40789 57166 68007 42866 21895 58878 12125 
6500 19
25719 2890 11085 98012 73916 9035 96711 78351 64823 18749 53992 23687 72995 4401 45027 99291 20652 73215 41780 
3764 19
51167 60792 85103 69583 56429 71135 95518 6181 86064 75741 60695 26712 89748 84960 69806 33508 6290 76664 4642 
2608 18
17701 94767 70583 49034 37863 80164 11918 79658 63594 86940 54742 36745 34119 56123 99212 54180 46504 54120 
3074 18
26264 82820 72959 88267 81360 1016 32454 92498 28384 45069 88537 21746 24574 40967 63173 61306 61127 75486 
6185 19
43886 10957 64503 26521 88182 94908 13777 85140 80553 39140 75533 1550 81670 50605 47875 53631 4259 92901 49168 
1133 20
89093 48670 67618 35861 41188 21741 20708 87020 41625 20269 4635 80544 50898 23940 6023 84375 23045 24559 22869 28103 
3557 20
32255 10628 92543 46084 91890 67424 68202 72189 1414 29299 13712 49773 74202 74924 88257 82178 48606 63197 73815 78521 
5628 18
56090 93725 50978 49668 70848 2466 65347 42200 37945 62968 70865 4356 65848 60959 19434 77697 42494 20184 
9647 18
6639 93830 20992 36874 77077 22523 36307 29392 69201 25354 15121 35547 14951 3723 46419 25514 24037 47109 
8530 19
11503 81373 87719 5892 26138 59089 88957 32631 2304 20859 16064 42760 19448 98024 99723 22968 96213 27044 82458 
165 18
70232 77458 56855 28355 37089 6338 82111 76135 81958 78600 57068 71402 78531 77356 91426 33518 88798 29967 
3134 18
34939 78031 35068 85767 66699 51206 85527 76660 34373 24736 76719 79014 48041 56152 49408 67351 57609 96407 
7358 19
8226 41726 81897 46729 65508 65619 36550 63957 45114 59605 34271 81543 47834 46203 30585 67570 34122 51487 88944 
8728 17
71936 35203 33260 69082 65433 50050 87702 56671 10134 74374 73194 74978 35881 72584 18116 81479 15654 
3629 20
21168 5750 51851 72472 64501 66715 5300 6044 12758 93128 99147 70113 88364 68531 4753 16242 789 26714 44889 24513 
2590 17
59603 58315 54953 97615 34053 70859 83513 78111 45635 29997 37688 5742 48875 66541 90452 42927 81087 
7282 18
30873 47738 81565 90348 59316 64848 26665 82774 74056 99787 94896 17475 4569 97316 999 98691 7812 96185 
6235 20
54675 98310 2510 89751 51514 33564 21213 14188 78483 27975 20599 23126 10813 67868 16201 74048 89434 85956 44347 43368 
4871 20
920 12492 79041 29616 52743 42134 10014 2030 11543 55914 58146 68337 17652 50357 83073 18945 98377 17164 66996 72701 
3740 19
81339 77835 63558 58495 96736 46351 16097 27039 89604 66815 58097 54151 40681 68795 37086 28429 70126 74579 70845 
4138 18
7028 92204 45568 17444 74424 68663 55497 97831 57207 16048 41421 45495 34073 37046 67693 59332 57000 6958 
5362 18
23818 42441 30776 14970 57556 23195 99536 69320 75159 1000 72462 92651 28486 73846 35837 66016 80770 19954 
8871 19
93051 22656 33317 54889 12814 2013 14111 11833 59423 75716 37707 1029 22043 1221 21236 12315 77712 54623 3231 
8855 20
96934 45960 53255 91202 67913 89841 24195 43567 60260 33684 710 83507 2662 28196 20054 52502 77332 38041 43694 24800 
417 18
1989 6910 94957 53611 54617 35858 275 15324 96586 66048 10368 24763 99685 93582 47041 23860 42052 95889 
8791 16
77912 7524 86695 7772 91907 68515 70762 58323 40812 99958 73654 5851 95022 67079 27407 89708 
4386 20
55589 76411 81146 63486 27770 25605 55159 51559 8144 74910 53983 20278 58984 1441 41768 41057 51286 70149 2757 50686 
7843 20
20265 17796 13585 31208 40070 5667 9698 99266 45791 15016 3970 75591 40884 44404 31352 74467 42817 77573 38684 9526 
2536 19
43240 99639 45330 65180 71919 93980 43 4616 56496 53599 18359 25440 71215 71439 48439 49330 26297 33712 20798 
9050 18
17366 88577 88542 66215 74653 1448 49814 23599 69708 48854 71952 36869 6413 15685 3889 77321 58266 78140 
4758 18
41803 26076 4552 94218 63986 71749 2686 74497 91216 47525 54287 2051 92408 33654 24709 23928 99010 84347 
9060 19
17460 91847 85768 78524 75184 15588 58438 32288 49125 82115 73534 30539 2832 39421 51498 28418 47744 3631 21954 
8717 19
62598 75814 92231 85591 561 5540 15790 37199 92915 5045 15628 16116 32028 79015 51551 12431 21379 41006 58355 
6293 19
64031 88523 98072 371 9141 94366 85726 34597 3677 85208 41636 37533 33830 99299 56280 92483 23154 91875 77565 
8228 19
30958 16412 28481 36546 9793 95529 19384 85326 48280 64359 93087 71316 48211 6329 701 80453 88239 53566 83349 
5848 19
9756 98702 73767 76394 14059 33583 90798 8881 20114 84379 4601 31377 56311 52534 44092 52076 94706 17944 33237 
9281 19
96240 87780 52423 78149 61814 38406 42917 38466 2527 77334 18969 2251 22265 27080 14887 96201 12268 81445 47114 
5030 20
36814 35724 8186 66633 1763 82133 53718 90423 10444 57136 30735 36144 52071 42899 99897 98456 19728 44278 63887 43874 
6965 19
47221 34661 23090 60090 58088 38698 32742 56222 14819 47653 46549 88753 83632 17449 78673 90661 45995 16622 72981 
8931 19
44975 46470 5681 56908 78860 19568 95780 30542 85129 9389 68618 14462 48430 99045 14270 73278 51296 64479 79669 
1478 17
29736 81910 56764 95287 59763 29280 16091 11030 70272 40915 94114 99281 44076 3165 94760 88154 16541 
3662 18
65713 50043 18432 48127 73502 41705 40615 80168 93579 12482 21703 35283 23001 47668 17295 20780 71904 46170 
1867 19
39063 27386 62671 87484 52202 90226 28659 88528 19289 27367 50692 33625 83663 45859 20149 67210 6598 29385 81855 
3141 19
54275 82156 17057 97269 56285 83859 29627 22363 40196 5347 75668 8049 15833 27423 68045 67536 19375 18466 48655 
8613 20
50683 34227 28574 89288 51849 93189 54571 34023 9037 40149 90998 1713 69355 91488 128 1234 84969 63359 36244 46159 
2602 18
62592 60250 84685 85517 75725 30036 74838 14639 69497 44578 97676 2892 3488 54061 39441 11993 51727 96895 
1159 18
21036 67215 64056 80434 7122 59639 72173 99429 75209 64702 1249 65211 14703 80502 27948 36093 90461 80270 
6134 19
88845 20223 28511 59575 15130 15983 16441 83989 14464 46847 72197 54442 58272 21341 84770 53746 3 93362 17304 
9447 20
38493 70663 38593 673 76262 410 89681 38320 34612 76725 33653 90735 98621 61857 42871 20351 83518 38150 14339 63821 
2655 19
57456 69053 78284 5767 89725 80016 90550 55319 79903 20397 81355 33581 64957 16138 46808 68865 29910 84924 18033 
7518 17
19272 42837 8198 44504 18146 11859 64756 92458 82844 94517 39726 46184 10299 10397 12496 70261 87073 
2939 19
15294 83578 71221 60020 34818 48044 49061 44832 86735 92297 94255 58811 21792 20079 38351 45175 11719 82135 43139 
7703 19
11933 95279 63948 44564 32939 68317 54345 89064 94079 64877 32516 79496 79705 43787 96912 38896 50033 83945 25525 
6825 19
76639 9933 40844 63514 76904 53626 35545 23215 44461 51715 79583 99468 58604 24913 30647 82064 42191 28246 82652 
1349 18
28366 22375 94002 11511 19353 74174 82237 75381 17539 56202 42110 32056 50069 8164 86640 63894 44508 75694 
5957 18
12683 93648 73285 16118 9519 69655 16538 92937 4178 30236 45400 7362 38263 56863 41798 15857 11601 69754 
6698 20
52944 76220 93865 48694 89391 78589 29418 14519 16542 70031 61763 48976 48503 90165 20552 78901 78305 78708 49808 57357 
4750 20
54443 58125 83605 96351 27589 65542 37091 59189 38488 12153 20032 37214 36626 68822 33987 89323 5762 88763 42356 71773 
6884 20
97366 70198 13177 72003 64709 87651 41755 29022 26225 48467 16546 67445 31097 48638 32556 29364 92029 91414 53623 30908 
1690 19
91761 32861 93681 56080 53919 32610 22256 81012 44080 74950 48518 74480 22036 33213 55029 85301 21823 74698 47934 
7438 19
92491 76815 1137 35463 42865 51686 50938 85581 86426 68645 50115 74677 29776 82920 7093 59314 89848 39760 60101 
144 19
17601 68050 19783 36936 74147 66224 51871 82815 81337 5168 98171 431 82951 92868 44290 22337 90129 48185 74125 
8572 18
5616 12537 23157 22464 61981 91093 96767 93536 11908 88489 82427 99978 29877 64529 54514 35534 53430 83108 
6253 19
51545 43682 10342 66108 98355 77863 34810 71436 81202 51490 43797 83025 25956 9713 56995 98882 51496 1822 96307 
9 18
83907 31528 35949 67053 38744 75171 90178 23584 64402 83380 95375 21205 15538 51373 91115 18888 32264 72742 
2347 18
34633 76329 154 56651 73655 97212 81311 68990 34009 27492 18376 90660 5867 36611 58160 25196 52967 5826 
1862 20
64931 79943 84894 63853 87836 30658 82779 91053 23202 96620 87810 94411 28128 8407 59677 79774 55557 16910 95796 21546 
8963 19
21749 63297 38623 29905 53210 11316 43063 16223 31161 66830 93259 44230 10669 88675 82494 40902 45349 29817 97330 
385 19
27961 64935 85030 75198 20230 89658 79563 46061 71824 10430 19789 10835 62077 29176 2855 9421 43379 78224 35746 
3566 17
99332 23447 34244 21913 41308 87341 83078 38042 3879 21248 94099 95612 23914 917 82110 46784 45854 
9544 19
33301 60883 65299 46874 29572 65184 82980 69753 15330 15400 46689 87756 30467 80124 67101 43595 83673 72748 52737 
6049 18
16636 20528 81000 96610 13056 11303 16929 20985 97747 7587 79912 95820 56957 83019 64596 75226 83557 41202 
1731 17
95703 43551 45653 49365 58646 62603 9773 68097 88863 6756 26239 26296 40693 84056 44982 76857 19645 
2126 19
91307 15433 24695 2994 83515 37437 39045 39158 5152 33272 46775 80042 18221 79908 75921 92653 6266 16653 14772 
4631 19
80045 80217 9577 49982 43970 98260 49649 66446 52408 56132 15196 40434 85608 80023 74390 6866 489 12505 63708 
5437 19
58359 29133 84137 62156 75118 39244 78972 63416 94845 40517 90727 10326 36537 70941 99313 46209 49865 37541 19419 
9855 18
60258 74200 83257 45533 55738 34698 84226 14014 94033 64392 21342 79077 2999 56073 18568 51479 24583 69233 
5565 19
4315 56005 51182 79310 77462 5639 91866 72878 48934 68023 95217 14332 3209 64592 29798 66873 70688 39586 70730 
1618 20
30016 59773 98289 41190 34808 30245 87687 19733 97250 2216 37148 89628 52505 39408 59552 81907 27330 43601 36 16210 
208 18
17221 5067 98969 16078 12911 94900 99888 78411 67551 77285 57362 92876 21996 41637 86967 12886 61799 35259 
2737 19
1780 35484 13839 78710 64827 77444 89450 43703 40330 46156 3905 80130 33748 31512 9560 3325 25708 87118 78758 
7088 18
94375 8412 27637 75544 27839 21222 24928 67545 57061 8631 29514 10166 85703 4075 97301 45307 42986 23859 
5530 19
59366 81846 95967 1436 94165 8809 70492 6221 3036 51062 71384 15173 59019 78721 36305 76723 81028 19170 38569 
7424 16
80275 96478 99679 21074 79582 32507 32975 35913 93336 68365 40705 37115 66877 58581 31399 87547 
4471 19
83872 17026 6027 56088 81903 45549 36480 25398 65168 14589 68470 55987 23419 8422 84018 25530 21229 71863 22581 
2485 18
32708 1214 13658 95201 6699 90283 28186 24975 51964 27166 62951 19073 41352 44567 30175 6009 69899 25501 
8806 19
53684 68367 62452 16845 75719 72171 58071 37049 39730 38700 78327 2698 15056 26433 29987 4637 4935 22017 40312 
5635 17
71504 86870 58156 54205 94606 61221 25642 60210 72732 32143 57236 13394 85062 37473 76916 50090 23086 
6342 19
92024 40639 83420 56610 14438 78035 17891 21926 72245 32670 7859 54197 66637 69395 9810 92418 82294 55491 15146 
3250 19
84792 24436 18470 53961 2956 37840 87903 74616 41381 15285 82689 3942 86017 13094 83947 85404 64919 30398 58421 
4655 20
43167 97455 41797 47736 62696 2346 40082 56468 22398 49432 26094 97339 73308 56423 29421 88310 37825 80909 29620 78799 
4217 19
2017 24071 76928 13805 30619 43789 43247 33644 63697 11497 98206 61742 18453 2725 98887 12532 84777 3150 87569 
4855 20
21275 49002 1671 85241 54726 96302 96900 61253 51015 44135 42704 60112 68090 48909 46226 50795 27092 61824 74976 66955 
4019 18
46896 75900 24748 77622 68577 8242 4418 93507 11158 45883 22638 28194 97352 57610 70984 86048 97287 17988 
7687 19
79820 56716 63581 77306 45992 77380 85887 77848 53347 21087 21971 82606 24026 40779 13022 47725 21138 73637 36689 
599 19
65840 77874 84613 56373 86730 12746 11155 89722 2772 70241 78333 95277 91700 23800 20019 25834 77534 87674 87928 
3996 18
51051 57060 43290 58993 70919 35666 47535 87377 84099 80609 51006 87655 61597 55704 75272 92155 93675 11956 
2885 18
37712 5495 12986 85916 70927 43345 28873 20873 68301 36342 72549 68465 16282 94554 69592 44827 38549 75664 
9190 19
96357 1958 45448 64270 18878 19799 36270 50787 26855 69650 73766 50452 52626 81730 85464 6343 82163 37077 30253 
5069 18
4425 87682 50532 24178 62154 31668 33263 33447 98090 32880 76775 66652 75207 42189 52609 23603 4223 68431 
2800 17
77910 56100 12913 39203 5862 90568 95150 54667 56015 42750 97105 99798 30445 8644 35165 76622 29571 
7042 17
60582 42074 72464 37687 64879 38712 24343 10231 94727 18110 79123 87349 18938 1911 92896 27467 69648 
3535 17
69818 72449 97839 95380 81839 37 87611 86831 68628 96779 17332 95166 24231 38130 64927 93792 82397 
8910 18
61520 97575 43138 94724 92261 32055 87320 56663 4878 55435 83365 35807 26215 22611 81603 19559 19798 13132 
2137 19
70379 37854 56949 23621 64790 14704 4572 44632 36726 75376 26245 46404 93795 56775 24477 75016 88626 23019 70737 
158 19
59124 56358 40091 41869 54957 46500 76297 29961 40916 74345 18840 51773 24685 18337 7136 80158 37704 9689 93386 
788 20
71733 9191 7475 80925 37079 86221 39540 88573 80778 47995 81437 52063 56596 72963 25815 44452 7660 92758 32579 60624 
5287 20
25182 28737 85930 45300 80276 27536 3206 10141 84768 69034 3028 70320 7137 74984 74627 8987 25386 61540 6389 78017 
9432 19
2249 98418 56335 17858 81542 95835 11634 11793 96975 82880 89583 29522 43546 34357 76675 1915 36104 16250 42127 
7036 20
64340 52796 85373 36210 98363 4065 87980 77928 27587 33302 91868 51907 66089 35127 24344 6661 84026 14623 68699 10536 
3320 19
29761 29547 74031 34399 89313 48480 43708 2011 70630 90812 11026 91490 30588 20553 7118 91773 41739 1967 22832 
1988 18
80850 59414 59013 36412 18059 35275 16 87321 40650 16939 12016 27029 18946 81471 60460 59390 38437 70480 
3439 19
64887 62989 42178 39392 97960 31612 20458 47501 64213 43263 38761 47302 55859 82258 10234 86189 75470 50004 91591 
7711 19
14211 79620 23499 2582 76476 62225 73402 13334 42616 33607 54489 12925 78926 2704 87612 28181 93263 84883 77494 
124 18
24621 61355 24050 73992 27245 14060 85089 95809 42217 1761 15639 19998 50535 14797 15396 72008 98554 59965 
8241 19
29132 12586 1864 66673 49610 53155 37229 18105 36344 78221 59231 91943 91993 48071 30048 57030 93484 7348 18292 
6956 17
23222 12022 24652 51299 69003 51266 91610 9618 35034 46911 65207 17917 41029 4121 51478 53783 95428 
8759 18
16022 62324 82684 36112 8005 500 99128 95389 82995 59325 61957 61649 31443 73987 49661 27489 9231 40249 
7920 19
77123 7006 88474 39962 74158 73462 82750 9604 32889 99381 808 5772 13218 16447 22341 77008 12732 89857 42019 
2235 19
18597 56327 81026 65586 75038 95174 47269 39343 91372 60651 71171 90978 91502 94805 19971 4980 34107 31664 24426 
5327 19
42237 88264 63407 51877 99218 83701 77762 27648 28744 45937 9908 90862 94202 12826 71382 82095 70315 10520 5678 
2830 19
73779 43765 27169 2816 85802 50999 24754 93477 11521 52506 81508 66058 69904 17347 2023 22923 62515 3571 65030 
9893 17
9759 71005 70781 56815 65727 73210 34866 33494 34049 1727 89762 78310 22948 74732 85696 16837 61085 
440 20
97381 92904 22116 75875 72845 65068 51407 17196 14865 96386 81887 22669 22051 52863 29751 90229 52208 64025 88277 98786 
1 19
81515 36109 94334 57868 26185 30294 89494 22277 32904 51943 4770 64718 43193 54693 4989 75323 88985 13706 50324 
9223 20
79117 19206 99925 16943 82751 60316 51677 91989 21969 76369 49304 8897 91480 65124 4591 65671 13571 65343 97985 39553 
883 19
13416 15897 32016 63654 39197 89808 8546 99259 20801 90284 33199 83012 81799 74562 85694 92585 67718 76270 18590 
3443 19
4024 75404 66081 5407 64492 48427 31995 57606 19345 32762 69146 92469 7417 33487 63020 1069 68596 86970 52417 
9124 19
32653 44053 62522 92274 20981 15298 21421 68026 43429 94572 12780 12191 92903 40886 79060 15162 60377 72526 17411 
5849 17
1608 97553 99523 2889 49834 44926 19152 89578 13806 75944 11766 80951 45652 45671 15950 45274 80858 
857 19
59832 39757 38267 13871 60684 80225 81804 38945 25445 90291 21563 59024 14388 81420 44310 96102 2797 2681 62602 
6765 18
88955 82728 94960 38665 67987 28933 65380 45255 83389 91778 81792 4950 69687 38382 21043 92120 33094 15004 
7469 18
92541 66061 49765 46561 72288 26555 50580 10449 3855 87561 75060 92579 15760 85156 8064 10636 49720 69581 
4088 18
80579 42689 38110 73323 16812 10782 26006 30218 83481 86814 72538 43684 44950 8920 8397 75991 92967 32152 
9431 18
52589 54312 66093 72948 99710 56225 59627 93347 86009 20445 29574 92356 20072 9232 15629 50933 86163 54152 
1397 17
17529 14265 45733 50055 56640 83582 1422 62582 13136 29597 11232 73566 80506 18788 92248 95221 66665 
3991 17
13418 76039 60091 84748 965 19820 53412 20429 90156 47613 18276 14943 89303 14661 63001 46311 59533 
1803 20
11354 55820 66257 6187 40407 20220 4746 88812 30171 99296 99959 65450 15430 29714 49557 60834 74092 90642 4666 39287 
4376 18
89126 13235 92619 6162 29485 11674 67537 93326 39423 89574 67236 50534 85611 13887 35578 11920 61068 36979 
873 20
99080 52468 26751 7037 40448 74897 70023 82000 35992 69268 58891 20673 55579 75970 92375 74841 51555 72629 79035 18274 
1551 17
57630 56068 37223 9404 57225 8504 4790 2684 68416 88606 44066 60973 34746 12481 51535 41567 21609 
401 19
76985 5896 76566 56920 13170 58449 2236 54414 4749 45239 13769 26745 61483 75380 48257 37875 88244 86633 20960 
3477 19
80068 66890 94789 45340 15817 4108 29045 50505 37188 5583 49727 58236 73 98824 57010 30861 34671 49430 2016 
6683 20
10427 54273 98182 92097 40642 77971 93585 53939 30537 71803 15737 20575 61531 65452 83197 48767 31128 93888 88756 34842 
4637 19
63609 28299 26142 46712 95262 16353 59528 50684 78679 72198 48895 36055 96659 67409 54237 89342 58115 89102 20123 
1155 19
23425 23384 55144 84432 11764 25553 64607 9001 85574 43248 81625 65851 96634 99590 95713 95111 81703 33453 10736 
8784 18
5372 50502 51993 38343 10223 30512 37047 82046 87260 67980 79063 54925 75460 33089 9527 65022 25601 92449 
3383 16
72027 11404 62133 28849 16736 36904 10833 8105 55303 671 88326 8050 26786 77159 39015 90489 
5771 17
86501 33122 1209 28069 24242 99914 72219 64988 59863 66534 3612 93974 75809 54432 93188 49265 61655 
9980 17
65284 18809 67749 65687 93626 7725 26187 62181 54620 13131 29629 75845 64647 27823 71117 678 90109 
5639 19
83004 98037 9399 37394 54255 40505 56052 35423 36910 48368 80119 47904 3492 93994 10915 5820 18113 6993 24597 
4395 19
66605 93942 77725 91034 9978 90725 91851 84928 93784 48010 82899 80554 14023 68609 78663 12772 69050 97933 19596 
5345 19
860 89116 97852 15602 94530 98257 32964 24450 62392 72349 11138 17624 31374 36536 95436 90912 13629 30131 56301 
7197 19
33752 79354 40527 45087 9789 70548 60373 57881 37221 35493 57825 50884 22905 29183 47711 32052 85002 23852 17486 
6085 18
85138 81856 48107 24044 25485 79442 58607 88096 46747 41677 61437 70972 79213 35954 11570 67513 49381 71606 
6213 18
63457 77424 10865 13393 29136 94635 72552 46054 82724 63817 51875 9811 64840 32725 95472 58212 40932 82901 
7984 19
44930 27980 6981 57104 7690 38861 57279 91557 40900 55615 78896 88120 97991 96995 83098 98660 59248 60574 56008 
281 20
77402 47053 81944 13010 22164 20667 59726 89640 43663 77729 1500 90495 48546 55156 39299 36781 10581 70653 71018 43427 
6488 20
58364 58130 71073 51499 50515 21839 91275 35983 90015 62201 23858 98655 44534 56557 91776 68683 46920 99623 25171 98047 
3147 20
95666 38394 99293 44216 68113 53785 14779 10737 33718 58389 16008 2318 95372 65986 86080 19203 86918 49251 66151 13856 
5580 17
56641 48851 40436 87843 70417 51678 17189 80063 46759 17645 94222 41033 44945 56542 34412 91608 74674 
5423 16
27803 31739 46430 95207 35455 68353 1409 9815 1773 16272 94963 49455 70050 8351 21946 59012 
9277 18
1677 75269 26618 1404 17950 82049 76296 52765 24431 8730 95698 61344 32901 69537 16941 98478 71851 4990 
9167 18
92920 73258 8367 77225 11176 71673 21547 69956 40075 80895 67701 3914 41561 27139 52473 30912 36578 93134 
72 17
78903 86298 89314 46450 48253 11162 4881 4102 54942 91784 59615 12452 17698 60433 38635 16099 63639 
7465 19
46289 47669 73454 97510 11794 80338 65252 48741 97822 89671 18598 85514 90797 7105 47497 1415 78301 83690 8736 
7092 18
42777 47563 24410 40561 51913 78613 94096 93133 87291 63367 33861 70064 63378 23563 36091 34427 43485 98147 
7032 16
34568 96107 54695 30311 21098 48961 61596 84395 34763 30728 42715 78592 62733 91493 84566 41860 
470 18
58852 34110 75916 83487 71140 7128 61793 85789 84614 84978 34263 30681 84652 60568 72655 42465 65050 72346 
2951 18
56678 78981 29082 54790 77734 75910 4172 96783 66648 86411 34519 42972 39796 76428 23275 1931 88658 10617 
2120 19
8330 45676 91636 32807 87999 55334 89467 14858 27749 62799 87368 20872 39190 66499 81680 55294 71420 18121 97022 
774 20
29855 71319 92333 77177 43315 47312 78384 76467 52718 26450 24331 45591 85695 38024 61211 66742 38624 7378 69604 89023 
8483 17
30428 25305 60238 65811 11983 83333 87806 90267 61336 93036 20365 78664 84643 49378 26049 81361 81033 
3676 17
25663 75592 50011 61966 91899 93137 20226 47800 9060 49636 10995 51772 48629 51193 34946 53949 54605 
5691 20
95249 50772 29553 79199 74690 80721 64446 69411 70937 35215 33677 92145 27275 58108 99953 35029 53533 63007 39093 87170 
1492 18
70166 85652 65481 84349 65626 56758 43939 38993 75541 13563 52358 89478 30988 92549 77029 32637 42748 71838 
6717 19
36096 18367 33661 74352 14982 2492 95454 41992 83653 32544 68371 87993 18904 26392 40088 25539 52310 28162 62589 
3622 19
17987 75569 4741 17060 24612 1945 95080 22725 73330 90636 57909 44900 89331 42567 76681 66237 80674 11707 12239 
6836 17
43972 7098 2475 43887 46021 73748 76334 9803 34777 35649 60963 11927 8810 13539 63685 47880 39964 
1556 19
27036 31645 94060 19297 39198 6231 10303 26954 91670 70486 16757 67871 40897 99500 30508 53033 82565 18307 74855 
9807 18
70357 75046 28046 11262 70931 17926 56356 50486 21311 2996 17472 54826 11704 59896 88376 21997 70097 35041 
811 17
94207 87847 13093 66814 43056 33777 60123 32257 58470 87977 36628 18871 84120 50881 19254 11148 68738 
8333 16
45499 14071 70740 16354 26207 83079 70283 39055 71629 10462 65108 91432 98635 79174 61673 86537 
2281 19
41965 82898 37559 29542 15230 17153 19958 60457 86913 48566 79355 6090 62486 86939 86617 15465 37313 48856 37083 
1629 17
87209 5176 2401 83017 10507 52389 86931 63281 14848 90454 5238 72780 25124 79503 29793 21337 57310 
6416 17
92349 45119 10158 52550 57172 15413 10699 20964 99308 16620 31915 95684 56390 81253 47968 90005 74318 
438 18
66969 35391 83889 99274 35054 32649 42082 15813 80223 11330 66175 69232 60434 89610 38629 79345 26861 63712 
5664 18
90558 48407 99451 46966 62042 59453 89379 79939 64089 71750 23238 56387 74449 23990 26666 47216 35355 6082 
8110 20
72192 91336 31303 94203 56984 45337 38936 13435 54565 89872 72146 57256 7508 74360 94374 5736 14359 34147 99527 73153 
3135 20
31679 50172 32099 25132 35450 25826 91685 40743 20169 47306 85225 88937 61172 17376 90071 11580 69457 46807 29980 6834 
2252 17
94128 20491 48674 43402 5275 98399 61904 98116 45813 37181 66032 14864 12246 28909 54837 75086 6297 
7350 16
92488 79338 60368 90188 38172 94330 20649 55469 4297 98671 54143 26527 95775 20851 96541 87115 
3294 20
99181 67760 25172 79092 89124 1874 63666 3881 27329 17387 6154 57579 1 32059 35009 1013 53751 92871 95669 95868 
5172 20
51447 57499 4624 78612 70466 52269 6742 17102 52564 57587 40985 22553 863 71104 45727 8430 24432 67828 5955 32583 
7976 18
86662 54728 75356 29507 94433 99305 7861 57388 91371 61796 81447 24809 12030 38002 53274 4164 17156 98225 
4286 19
68496 20151 73082 66223 8873 36066 24471 98587 97766 59139 68748 39682 25702 74607 37881 30247 19737 36134 94078 
4374 18
77843 86257 46345 83665 14610 8107 35776 7662 2140 23023 84396 82383 36125 91289 21304 65200 5748 76539 
6351 18
73753 26668 18778 46906 74066 33033 74275 51928 33528 99222 13813 43451 33775 90313 14747 65804 6557 57843 
6731 18
23942 27771 85691 79451 47566 18816 68330 12788 75800 69452 93050 91015 52706 85659 46905 54323 3019 94173 
4557 19
13583 73277 3355 21060 89741 13495 44225 6434 66989 13292 10722 11372 45528 31542 96509 22731 73791 38929 43129 
6805 19
8175 5852 63182 87313 12103 12320 4740 21120 83178 49444 72651 83935 6252 7080 96088 51279 85071 20240 59020 
5112 17
71083 89177 48218 44597 42629 54105 73965 37379 8359 22666 9680 36802 58076 94714 1413 65237 29648 
2959 17
10966 79181 21030 24428 59342 95288 7950 45449 90280 52491 34390 37926 52099 87495 47127 93502 50771 
5213 18
77297 76795 64907 58576 56267 53435 55542 5199 44784 82536 64453 79080 43434 52530 87233 23865 35226 44667 
9488 18
35734 65239 48457 15888 28230 88831 46060 38918 84273 29148 6478 68383 56445 83841 64962 69093 2066 65138 
6633 19
3560 97717 48990 66888 63971 78792 28747 27148 23120 50672 7343 13722 4861 71810 12603 38820 91131 46796 69673 
9002 20
62316 12124 91892 37414 52024 13716 74681 58943 86336 39863 99659 57226 2591 14234 49905 77985 31122 42901 16782 34020 
9118 16
68079 93276 91227 70030 18995 73969 98028 54996 74796 23943 42877 25154 98092 32771 20045 68533 
6327 19
75885 69984 28670 17312 13024 29164 30559 4165 73051 54813 85312 81507 30031 18304 49531 20231 97058 44738 17976 
7709 16
99195 24499 69407 9816 71892 58854 78733 23021 56021 67654 91415 53259 88615 70512 80735 37972 
2873 18
9113 7941 56647 20631 686 83897 89433 74499 99058 69526 95998 1192 28440 42801 58007 28379 34684 40003 
5638 17
1924 28353 60527 85886 28331 44739 25987 63000 8869 73227 36760 37292 92342 34090 77307 93496 97042 
1504 18
89495 53279 27272 73289 60114 6788 33029 48312 55493 5201 81801 76629 36228 10783 25159 95023 12996 39026 
2115 18
57393 56546 631 52372 56731 70698 30329 99970 67550 44940 50089 82299 3811 62652 36470 54155 99988 28285 
6468 18
70998 45359 52653 12308 38772 39842 6743 5418 93445 60710 84678 2730 85490 43956 3664 15038 81275 68680 
3147 38845 34454 30780 76523 66740 86975 55286 80224 30072 32999 81604 42578 4968 18421 
24 19
51615 264 79114 1864 17724 38835 47774 44558 88984 90615 68370 67938 29104 46741 33209 37301 62132 77741 46348 
9963 19
54749 66242 13534 51392 11101 74257 13159 43895 55717 32448 23537 34741 1914 27003 99824 3471 35723 9928 47722 
689 16
32873 68624 1684 96861 16153 23254 49548 18401 41102 83589 25651 44581 39002 16470 83528 35758 
3459 20
33307 1678 87515 77920 8575 57400 24874 17120 22522 25755 87562 75515 71217 55157 65964 10876 12206 53358 28136 97886 
9836 16
78858 64956 79991 72558 92220 84746 85288 65991 46523 10156 37094 34747 49563 32046 63244 93608 
2919 17
66105 92778 54171 36953 45296 26334 37464 81202 22402 832 36354 22673 86866 41339 35907 43217 43173 
4608 20
19075 73998 71266 91655 96312 7737 54256 70239 81572 94740 47928 66292 72902 89835 99437 48080 70087 94788 25294 18352 
7988 18
54800 11809 73737 29220 50143 77953 60842 78125 74963 38340 99324 71914 73639 99652 92503 56061 52276 6005 
177 17
56212 95196 74013 35086 79625 32108 58466 68856 24856 38787 58838 63728 41033 86060 56541 45612 722 
4239 17
83856 72788 8835 72470 11778 27459 54302 73663 30504 14163 65491 82755 96547 56899 38862 41561 66500 
1872 19
10611 60464 94228 93092 57820 62337 33490 49544 35451 70689 37214 98775 74465 80328 55179 13028 86373 57652 45957 
998 17
87016 84235 528 88412 5972 10341 71692 13501 94734 62563 73761 57320 47320 75094 84043 62403 47095 
9656 19
69692 40244 29505 81346 67639 60770 67172 70693 5714 77205 46988 84892 41026 28586 1713 52553 74266 58660 52737 
9926 17
60582 88696 93284 90990 60362 71798 78372 83446 61502 56215 85636 84581 64989 28125 81947 96756 51440 
4717 16
56201 65413 2654 29078 51880 68665 67252 43891 61195 61563 81351 28190 26828 49956 12998 79767 
7358 17
8226 41726 81897 46729 65508 65619 36550 63957 45114 59605 34271 81543 46203 30585 34122 51487 88944 
3871 16
93037 83757 34264 38562 67022 52692 98821 67314 93465 36057 6198 86380 2283 60672 29774 68647 
2830 19
73779 43765 27169 2816 85802 50999 24754 93477 11521 52506 81508 66058 69904 17347 2023 22923 62515 3571 65030 
8050 14
68239 93694 18693 42059 37194 39647 70363 63540 12728 24179 36105 63265 3975 78373 
3313 19
15087 29810 39101 21240 78315 27001 16056 55400 69247 61534 27145 76838 97791 29372 86764 13500 54001 15393 12670 
5851 18
8445 23556 21720 87530 56563 30381 12513 17291 95728 45502 85653 3163 21555 35601 99002 21719 50129 16980 
1310 19
21496 24043 84607 58675 58607 59988 54090 83275 29304 71875 32186 66170 57469 72089 55867 80156 21089 72820 29655 
7068 18
72539 68501 76252 49030 83139 47450 50394 71424 15224 8617 67357 63537 80396 57496 7651 98978 97155 40257 
8759 17
16022 62324 82684 36112 8005 500 99128 95389 82995 59325 61957 31443 73987 49661 27489 9231 40249 
8226 18
55921 97687 63151 39877 1389 80110 32452 91670 94548 39729 67199 23282 89734 64000 62583 32778 42020 1636 
947 17
46904 90804 72076 3390 16033 8038 55799 92040 73900 56158 30959 8071 45418 61642 7650 93800 33525 
281 19
77402 47053 81944 13010 22164 20667 59726 89640 43663 77729 90495 48546 55156 39299 36781 10581 70653 71018 43427 
1504 18
89495 53279 27272 73289 60114 6788 33029 55493 5201 87612 81801 76629 36228 10783 25159 95023 12996 39026 
1864 12
30623 34568 78112 80808 46864 18625 94551 54703 96511 52248 43957 33943 
5134 11
91032 97031 78271 77120 73307 68890 41570 98153 79664 97582 62796 
