748
7984 19
44930 27980 6981 57104 7690 38861 57279 91557 40900 55615 78896 88120 97991 96995 83098 98660 59248 60574 56008 
7582 20
37525 88057 33158 82778 1809 91952 74381 20934 48702 16226 47879 71537 84906 57028 62470 21340 29878 47593 69696 77684 
7358 20
8226 6016 41726 81897 46729 65508 65619 36550 63957 45114 59605 34271 81543 47834 46203 30585 67570 34122 51487 88944 
417 20
1989 6910 94957 53611 54617 35858 275 15324 96586 66048 10368 24763 99685 93582 60189 47041 23860 42052 67351 95889 
2942 15
98932 81564 73004 90045 69898 19722 39100 23015 82493 25245 86813 6497 62440 54930 5417 
1967 15
43927 40905 58156 8369 33135 86026 92869 11981 43534 5236 44470 26335 73638 40595 82135 
627 19
74570 49106 41993 94802 39432 20137 76493 13907 46427 61874 92874 60226 60962 18989 17668 47618 75802 52170 38799 
8696 20
35619 45104 44776 86267 17085 89554 3876 87902 38304 24855 77630 82092 78115 2284 82577 94634 66416 42488 5076 65791 
4058 13
46516 84900 55020 29557 53443 46267 56871 62267 7826 17426 7336 50042 27207 
5724 19
83428 63547 24578 72830 21401 8025 43701 12844 3319 16663 13122 89956 53478 4331 91251 9003 93722 19536 64761 
1864 14
30623 34568 78112 35086 80808 46864 18625 94551 54703 96511 52248 22717 43957 33943 
6644 20
89990 62465 5281 47332 52990 87633 79918 60249 35676 34217 91504 2164 10816 32722 59710 43182 39066 67532 73905 34688 
3764 20
51167 83190 60792 85103 69583 56429 71135 95518 6181 86064 75741 60695 26712 89748 84960 69806 33508 6290 76664 4642 
6754 12
48874 16462 73946 69574 57188 6136 64971 54195 47046 9716 60674 38055 
1949 20
24096 18968 71256 82966 98832 52845 2883 63589 5658 7767 96757 99572 99686 77607 75188 21318 29512 46254 41367 1416 
9829 19
56041 83501 86822 88487 64120 77453 20136 75869 3990 47730 21391 97558 32779 67231 1070 11205 47315 51779 70861 
661 19
48941 87312 32402 46618 77606 50977 25973 15297 26557 49350 31489 55860 41272 44823 15973 86001 9112 5110 66405 
8505 19
51950 91543 75626 82264 70781 63958 99498 40259 80284 10869 86182 35399 62215 4848 44883 68405 68816 53693 64527 
2751 20
77763 69810 78785 56546 64018 8216 89382 75564 41195 47387 30553 57073 8193 14078 14360 17685 68699 8336 23706 25176 
2044 20
29958 39554 69029 71861 27066 89068 25945 63471 64546 92294 79761 7230 69976 59429 90947 34336 2766 73699 63723 84863 
6550 19
94970 97138 10051 35700 31067 49892 65313 11530 97857 7958 93066 63103 12759 33058 80912 57286 85050 57527 16395 
349 20
83215 64201 17897 92378 49971 45706 10212 55168 56492 71808 20469 87536 18167 97265 39545 93253 59352 73350 99807 34171 
5849 19
1608 97553 99523 2889 49834 44926 19152 79817 15196 89578 13806 75944 11766 80951 45652 45671 15950 45274 80858 
8384 20
29310 76168 27699 71023 90223 79781 84313 24067 67329 15212 84933 67804 45614 54344 4986 37923 69826 34713 81966 89482 
3854 19
2245 69562 45850 55034 6534 36681 23466 80787 84046 23882 76913 94929 20817 92790 32246 28893 28622 27739 34562 
2651 17
87520 40436 7277 69343 6709 84919 33345 15485 51735 90615 34930 303 66504 87639 35995 98402 89695 
7327 17
97546 91198 10089 2444 91892 66385 50738 80916 62968 5377 72011 85856 7209 89861 69788 23059 56397 
3981 14
34633 47001 29189 15513 11556 21890 16378 53195 24824 8408 29157 4900 51948 28564 
5023 19
71227 57179 42712 75447 32205 66078 8667 54788 85676 13803 72850 31201 82184 73933 50887 5825 90649 87136 44869 
8181 19
82963 39996 15098 76450 45999 80560 83126 49564 56979 34337 7259 52171 23141 74272 59532 29408 37489 56597 40430 
4758 19
41803 61417 26076 4552 94218 63986 71749 2686 74497 91216 47525 54287 2051 92408 33654 24709 23928 99010 84347 
4871 20
920 12492 79041 29616 52743 42134 10014 2030 11543 55914 58146 68337 17652 50357 83073 18945 98377 17164 66996 72701 
6783 13
79679 38845 16383 95095 33737 2324 57165 44717 67583 48392 51427 16770 82698 
6897 19
56907 95402 83304 28038 71074 14860 10856 3932 87937 54263 6564 43423 14925 48793 75602 16476 73295 54084 37550 
4855 20
21275 49002 1671 85241 54726 96302 96900 61253 51015 44135 42704 60112 68090 48909 46226 50795 27092 61824 74976 66955 
6976 20
81336 89056 92586 97336 11231 2163 56081 92699 97119 69510 89120 74902 32712 66507 34239 26150 60936 80822 64849 33516 
5423 20
28551 27803 31739 46430 95207 35455 68353 45970 1409 9815 55156 1773 50200 16272 94963 49455 70050 8351 21946 59012 
2994 17
30713 8702 63097 79064 92299 18592 89280 10665 42543 28101 50273 61227 1889 95636 92873 43842 48952 
5523 19
74547 82572 20012 37009 89131 33580 80571 36834 40020 44354 48363 65454 67081 31078 64293 17531 95018 31675 18711 
9447 20
38493 70663 38593 673 76262 410 89681 38320 34612 76725 33653 90735 98621 61857 42871 20351 83518 38150 14339 63821 
8728 18
71936 35203 33260 69082 65433 50050 87702 32405 56671 10134 74374 73194 74978 35881 72584 18116 81479 15654 
6241 18
40462 36531 42960 25240 54471 21600 74814 40351 66575 48146 12416 61451 13562 66639 98014 31889 86442 88617 
2754 18
98693 4700 71756 52108 65435 63882 64367 86571 64840 60594 64036 51675 69218 81834 65303 35310 70011 47424 
1356 19
83283 52190 15920 73445 49706 77787 89796 40507 61543 74453 1718 98328 70779 66975 63860 57786 7850 74656 13975 
5771 19
86501 33122 1209 28069 24242 99914 72219 64988 59863 66534 3612 93974 75809 79899 54432 93188 49265 33987 61655 
1045 20
17105 25087 20595 95978 77344 63622 90560 21886 41485 54028 20566 44114 43439 87873 56316 91949 29992 39892 38313 49560 
7499 13
84968 51896 26531 17602 31954 41222 37774 73227 32669 19177 9796 33465 42663 
9855 20
60258 74200 83257 45533 55738 34698 84226 89198 14014 94033 64392 21342 79077 31629 2999 56073 18568 51479 24583 69233 
29 18
93750 80532 77682 66311 68449 12708 33042 69361 80009 55674 33336 68691 77350 99675 97733 50056 23600 69534 
111 14
70445 1692 38153 55457 20320 15253 61427 1559 40466 79430 45472 8792 78382 97759 
4951 20
60464 83976 54317 96872 60946 68640 17168 17051 47056 80866 4648 94786 99435 84586 28703 9077 81802 97325 58531 79988 
7734 20
95387 92277 95683 76638 73853 108 42257 25989 59922 27975 16254 60539 23806 12479 47672 90738 41152 70372 96541 10068 
8691 20
48126 46058 1012 33992 55052 80049 35565 87419 18437 15480 78477 20152 50247 78715 55714 29434 85175 15371 11153 59290 
3428 20
612 47401 28439 69864 36727 51354 44929 88298 49856 97430 49358 71379 56796 53296 25787 94797 87468 63123 39161 61709 
2610 20
1382 65479 61304 49113 77032 39325 48043 89240 66708 4174 7820 74761 25060 53356 30494 52297 11071 10458 48745 71113 
6063 20
54575 67622 67848 78200 9552 95598 41516 96428 79788 1266 85987 48962 51504 36058 66962 28199 5828 91877 9218 50947 
2590 20
59603 58315 54953 97615 34053 43951 70859 83513 78111 45635 29997 37688 5742 48875 24522 45069 66541 90452 42927 81087 
3342 11
72979 65979 39507 52081 84123 4931 49654 44990 9122 9498 96178 
8902 18
33301 22675 45112 94621 37332 22065 32830 18407 60157 38268 42818 24014 40132 39516 45574 96807 63862 31122 
733 18
79180 92724 39705 55817 92955 86454 49094 67770 13284 65928 10133 76251 80266 83833 95415 66261 27665 5837 
1752 20
34219 14251 226 97137 83265 63175 32922 3970 30714 50923 66285 6294 67044 88425 14089 78980 40002 3907 56345 70743 
3993 15
47019 56292 58199 92861 21837 89549 63237 57768 4313 22861 80554 60365 50285 90129 43520 
8989 19
6476 38628 85112 4882 50402 77555 82394 9571 51990 88693 67915 7459 81799 43675 36103 90827 36422 79068 71547 
6871 20
40071 599 47629 87851 67662 31515 12282 59306 42836 75548 36149 80127 74615 74736 16615 59246 66013 21581 39044 13601 
6313 12
93797 31659 43265 78987 82829 28797 67578 11942 40845 71033 55835 87162 
3394 13
39436 15939 54203 95135 81118 98924 10310 10938 58482 2863 41598 64967 93786 
5707 18
77110 55450 94206 85162 73003 64178 76052 46879 82908 45800 24447 88993 1421 29307 52522 69918 49598 10591 
8490 14
12447 70466 48919 72199 50163 75442 52199 82276 6067 6575 74268 5462 1738 11887 
414 20
58203 57632 134 4391 35170 30257 13209 3857 11876 12491 43849 47195 82540 55000 67594 72431 98692 78367 75477 61099 
811 19
94207 7006 87847 13093 66814 43056 25691 33777 60123 32257 58470 87977 36628 18871 84120 50881 19254 11148 68738 
1349 18
28366 22375 94002 11511 19353 74174 82237 75381 17539 56202 42110 32056 50069 8164 86640 63894 44508 75694 
8149 10
16863 79950 87508 71560 59349 39297 11281 46288 42728 88199 
337 14
42781 44595 21105 60311 90248 2378 60537 92183 14332 22544 12478 36601 92029 54872 
8917 14
32911 3456 38007 42526 18745 65614 10177 14901 40941 61097 22365 60134 39083 6604 
2943 20
89074 42824 10040 34734 14627 36728 35038 19155 56395 38998 44522 11954 4916 61497 68429 56722 68857 48077 8051 90985 
3953 18
5704 78057 66720 51407 54495 88667 95826 11603 32155 95955 64015 64680 38261 15550 80813 28280 19290 8169 
3307 19
60928 23112 62701 61555 95164 3028 29291 80457 25869 44376 40813 53292 74641 43229 91693 19159 24629 68951 24765 
8587 19
67325 4685 62910 76951 56007 61696 64378 35465 37892 89433 96446 44756 2274 32612 61852 79082 47251 75555 39498 
1800 10
62554 51532 24025 39404 31341 97417 88329 75484 37546 81760 
8841 13
72659 84550 36520 68411 51934 56422 90949 85002 33631 9894 17203 60487 20256 
6741 19
72490 2793 75653 54057 67631 37771 88703 72195 80958 35352 50053 9936 65519 62404 4192 97324 87355 65020 88928 
8177 18
86465 62193 37076 27778 18057 61129 12332 34772 72882 12082 15824 87722 47292 19949 68303 41349 30779 42461 
6386 10
11094 19711 2109 49757 67054 59511 71764 17594 22813 9874 
2830 20
73779 43765 27169 2816 85802 50999 24754 93477 11521 52506 81508 66058 69904 17347 2023 22923 62515 74125 3571 65030 
6609 16
62769 26726 22173 78614 73426 64281 69910 20546 84281 76612 8037 44884 34525 91760 17782 6635 
599 19
65840 77874 84613 56373 86730 12746 11155 89722 2772 70241 78333 95277 91700 23800 20019 25834 77534 87674 87928 
9927 12
15046 62049 62499 74206 79480 25242 30544 6861 6495 87095 75180 79254 
2052 20
13676 51552 9028 23868 35474 24808 47943 81526 9021 17373 19915 67938 79375 67046 51723 41650 90795 23671 4242 3675 
2548 19
32726 86711 57484 28728 32195 13294 33891 47803 86674 55805 45656 74100 75343 94111 84796 4499 79523 27691 52917 
2652 17
63502 48851 9734 65446 65701 65834 15734 46407 67212 89908 63606 81516 91425 44178 31093 76209 22805 
7444 20
27771 80241 342 47632 92427 86532 85715 1106 19481 41361 63381 85502 74243 53247 53008 6184 33052 42359 7870 31409 
6236 20
95663 46152 89336 72514 26472 74537 37495 85494 43916 49075 71100 88550 89773 67257 89011 6736 31748 23755 21997 97316 
6588 20
60125 88210 19537 75995 48982 50826 49067 50809 7618 42352 66794 98341 1988 82960 38766 2159 75758 47631 37636 36766 
1760 10
5901 39132 49620 14830 22422 40929 58487 82880 46805 28953 
6253 19
51545 43682 10342 66108 98355 77863 34810 71436 81202 51490 43797 83025 25956 9713 56995 98882 51496 1822 96307 
5020 12
72364 56306 61717 28296 24078 84053 23908 97385 71679 34753 70976 11335 
8981 8
73258 36381 15079 52999 53912 87611 89217 68881 
8124 19
24203 92010 91445 60124 17381 43674 16017 73964 63901 96909 47515 64953 77569 20796 74777 9262 42355 69653 93906 
9291 20
61965 53569 90997 18754 49163 67203 31620 98661 55315 21108 85620 77294 70367 28135 26874 18872 43178 28222 6043 66701 
4074 20
2184 22232 75565 60749 95481 92803 66165 33235 7282 15039 47160 87003 95431 39999 40629 87243 71391 99133 31062 87114 
9294 18
42080 72711 16973 96726 23597 97076 42870 89243 7009 57516 37909 747 37479 48181 54341 87581 33522 57295 
4705 17
37941 9691 19051 51664 92431 71928 26982 33664 24661 95102 66365 29112 15961 28939 58350 46654 27498 
2380 12
11146 42369 37395 29106 12664 65802 90457 11550 83028 6118 96137 75099 
4138 19
7028 92204 45568 17444 74424 68663 55497 97831 57207 16048 41421 45495 34073 96595 37046 67693 59332 57000 6958 
9027 15
30917 80014 57018 65839 672 33279 66363 7339 7881 32154 87363 96865 58873 65327 16771 
2939 18
15294 83578 71221 60020 34818 48044 49061 44832 86735 92297 94255 58811 21792 20079 38351 45175 11719 43139 
5761 20
90886 19707 82127 82537 22202 10195 13204 17367 70757 59747 7101 77951 58793 51586 90546 9465 83633 49440 58848 84117 
9486 17
77993 25214 29781 88324 29916 88042 144 96171 85828 42294 1142 3667 13021 47863 25217 50136 81616 
1737 18
11483 75184 75599 7055 24216 38352 41108 1912 35667 75169 18610 63090 10209 39513 96574 74518 28258 7610 
1428 19
93846 86181 61667 94906 48620 89187 68625 24353 19174 29116 96522 20040 28211 11065 61659 16987 27125 42416 31269 
5942 15
28518 16285 38755 7265 75667 97150 13868 36810 46122 4449 9609 84071 62284 71138 6297 
1485 19
50290 45290 63188 17274 91393 47028 68201 68523 1268 74662 18868 76026 22952 56084 4679 33775 9283 87854 55995 
8530 20
11503 81373 87719 5892 26138 53582 59089 88957 32631 2304 20859 16064 42760 19448 98024 99723 22968 96213 27044 82458 
8887 18
19827 12560 89506 96383 42539 41297 74971 45450 67211 80223 73556 63045 69321 19482 26988 50060 87881 6956 
4717 18
56201 65413 2654 29078 36568 51880 86264 68665 67252 43891 61195 61563 81351 28190 26828 49956 12998 79767 
5348 18
2519 30289 22038 37958 21795 27669 16521 30371 60666 44592 63951 6144 42335 75228 92159 70428 9820 44219 
2137 20
70379 37854 56949 23621 64790 14704 4572 44632 36726 75376 26245 46404 93795 56775 24477 75016 88626 23019 70737 16397 
5339 19
74857 8649 63380 97317 93773 61805 72427 57668 56296 82022 11166 58639 40789 57166 68007 42866 21895 58878 12125 
7709 18
99195 24499 69407 9816 71892 58854 6194 78733 23021 56021 67654 91415 53259 88615 70512 80735 37972 17174 
8109 13
66840 10811 75268 5407 34450 42969 31540 23360 52328 42782 59017 36052 52339 
8791 16
77912 7524 86695 7772 91907 68515 70762 58323 40812 99958 73654 5851 95022 67079 27407 89708 
7042 19
60582 42074 72464 37687 49221 64879 38712 77640 24343 10231 94727 18110 79123 87349 18938 1911 92896 27467 69648 
9833 11
74638 74124 14706 60218 13060 63306 4580 29207 69354 33929 42595 
3774 18
99852 18594 16820 87531 62564 64308 28910 50395 12810 35652 31987 64044 78004 74135 39444 74696 9862 45267 
5219 16
22188 22397 30980 48243 90846 11650 65749 94762 15058 27426 2318 89641 4727 50308 86054 68110 
6486 16
11390 66215 23532 89846 91344 6411 47806 69965 83365 44642 9782 71116 62904 91195 15388 46936 
18 13
52395 75224 35169 98878 80302 64396 52255 56601 55842 73308 69057 29586 74997 
1679 15
51344 28976 19995 68538 25432 90049 91367 6282 57066 96725 77193 44342 89694 72933 20174 
5551 20
2017 82686 16393 42531 49872 40140 25876 2528 46752 53504 96884 2612 12935 42489 29773 99068 69726 35382 61909 30948 
5360 18
33065 91915 18325 82605 56937 43051 56856 69020 20246 20416 31018 55642 66546 76585 22487 1845 73095 59857 
6416 19
92349 45119 10158 52550 57172 15413 5425 10699 20964 99308 16620 31915 66830 95684 56390 81253 47968 90005 74318 
7424 18
80275 96478 99679 21074 79582 15121 32507 99761 32975 35913 93336 68365 40705 37115 66877 58581 31399 87547 
1750 19
18814 80077 97517 91723 91749 62902 74833 84480 70715 28733 68603 68908 10305 11023 7149 41618 54370 3419 44587 
7292 13
97298 85766 8793 91235 40713 48766 55538 11564 79986 75362 49009 40415 57461 
8931 20
44975 73422 46470 5681 56908 78860 19568 95780 30542 85129 9389 68618 14462 48430 99045 14270 73278 51296 64479 79669 
2882 12
16292 6626 34082 78934 24478 34255 48828 54090 7897 83698 130 65860 
1618 20
30016 59773 98289 41190 34808 30245 87687 19733 97250 2216 37148 89628 52505 39408 59552 81907 27330 43601 36 16210 
7319 18
36076 40708 67527 65783 80990 78769 33150 21368 85819 28268 54509 71989 95178 88900 40709 84244 10583 36314 
4337 19
90856 67208 7456 96643 13160 21166 68986 11477 66217 56114 49432 64022 49828 67132 1009 65236 32526 47954 13615 
673 19
73053 37068 58881 17215 46508 72520 50079 96349 29444 44256 93437 59134 42583 92933 97092 20178 4694 74144 65306 
6418 18
14997 22844 79744 82879 91998 96150 57577 75744 3708 39035 4176 71901 55251 7124 81382 99717 36770 55802 
9275 19
10678 65439 54384 5993 84400 46024 73807 20719 44588 52454 74937 24056 81883 34618 55292 96050 68647 27217 96342 
2249 16
51140 60533 62091 135 78423 97907 81317 86150 17447 14930 67000 66924 70160 1105 17424 29095 
3525 19
60690 22992 53202 39839 33222 88124 26248 28338 90138 4701 9648 72796 5122 89782 54655 97816 80204 11729 99793 
7839 19
53652 80364 56161 24635 33866 99122 60653 74508 26812 94038 16484 25222 33645 66130 4628 13704 25682 99997 67734 
2295 19
92423 86721 39973 53545 42630 72977 57390 77952 94482 65724 98602 99188 98839 22146 58739 17887 70899 7720 12395 
1188 12
72436 97269 82323 97031 28959 93460 72155 35545 83385 52332 93526 24333 
761 16
82130 23432 21964 1932 76379 83408 83109 3173 78198 19086 56569 74057 344 80 3424 48972 
2047 19
31450 16869 65400 85450 16253 81296 28650 75276 7932 37522 5708 956 80520 75223 44463 19298 94556 29083 10296 
918 11
26806 50606 76152 48558 3345 26656 12247 92080 51025 50540 67123 
8005 19
66483 43568 69565 63014 54867 7518 80374 38757 58998 22715 2171 98798 11769 59779 50403 63729 75201 44049 71358 
53 11
19871 45897 2478 60488 1061 70968 67042 56156 61098 42293 27198 
9847 19
40102 49572 25360 83320 76930 96190 11764 81346 98774 83562 67470 90236 51583 34886 42249 31148 86436 37905 85170 
5108 20
49875 34110 59575 23862 64238 14232 33685 79332 12918 38650 57384 32043 94578 44397 85404 22017 81021 35036 18639 64626 
136 20
59229 89139 44802 13761 40032 91654 56992 80739 30890 62274 59705 77442 58009 96918 71630 26421 98607 43787 13762 82340 
5390 20
1629 26973 91957 41659 46059 96555 76674 98409 37734 9937 80485 5053 65140 61675 83944 32506 75021 41223 6763 41258 
7833 20
48921 80729 81100 15040 75439 28263 13413 27970 6455 13335 25955 76171 17284 55296 951 77924 65603 82706 28929 96292 
5510 14
66083 80974 15448 35068 45455 23029 61620 49426 63147 67104 69642 78494 77436 64469 
7819 20
47416 71839 45905 88097 42215 89224 58796 8183 21414 86747 20549 60221 53006 39170 32704 86604 1367 37514 58040 85469 
3557 20
32255 10628 92543 46084 91890 67424 68202 72189 1414 29299 13712 49773 74202 74924 88257 82178 48606 63197 73815 78521 
5565 18
4315 56005 51182 79310 77462 5639 91866 72878 48934 68023 95217 3209 64592 29798 66873 70688 39586 70730 
2394 18
47576 34607 94214 40639 96142 36757 83514 1998 63799 25967 43263 95029 73569 6758 20575 12871 36193 29201 
5851 20
8445 79965 3982 23556 21720 87530 56563 30381 12513 17291 95728 45502 85653 3163 21555 35601 99002 21719 50129 16980 
2737 19
1780 35484 13839 78710 64827 77444 89450 43703 40330 46156 3905 80130 33748 31512 9560 3325 25708 87118 78758 
5064 17
58186 1436 904 23729 76181 45071 36767 31266 55912 84578 92927 43448 51920 14305 57941 56560 65751 
2276 15
16594 88880 49600 40974 53887 39529 60061 28198 83080 75298 80809 50057 59168 43859 22235 
2998 18
3616 16572 31009 41318 13822 95424 71448 88364 26160 31381 12141 94677 54540 42006 59790 14986 26729 87616 
1606 19
70957 22806 70198 14572 16695 443 89988 87052 82204 70712 74681 81083 60313 73298 5223 92791 93400 81745 95307 
9985 18
5474 86708 18118 352 81477 35989 4521 95315 81469 46976 43277 39791 57997 13262 94829 27065 31641 71651 
9647 18
6639 93830 20992 36874 77077 22523 36307 29392 69201 25354 35547 14951 3723 46419 25514 24037 95318 47109 
6698 20
52944 76220 93865 48694 89391 78589 29418 14519 16542 70031 61763 48976 48503 90165 20552 78901 78305 78708 49808 57357 
220 18
80199 58268 69313 53737 15813 42679 16920 19587 51537 813 17440 92984 90127 48577 79410 27476 33342 18369 
1161 11
41509 24904 17614 57095 31630 50715 45754 83258 35684 47289 6615 
2297 16
32352 98491 19238 67018 61759 74118 54343 20451 72402 48161 5511 6718 42504 70960 26037 34902 
7511 13
16503 31358 7833 33910 61640 75046 76480 59683 60278 56141 8434 86698 77109 
1476 17
47921 36162 67602 57158 72019 80283 96318 81097 86219 75901 67690 71712 97603 1961 97715 19419 62389 
6980 19
53205 55463 46236 96257 95986 5817 40284 5705 37419 23837 57681 25220 52865 92148 18909 10247 86902 345 57447 
2359 15
9508 55889 14067 60259 78319 30503 98686 63497 83803 19053 20678 28632 12451 52615 85810 
7575 15
67566 43509 79454 43121 53525 60496 80057 14517 96630 31529 11851 99998 56723 57733 66420 
6979 19
89839 41474 32591 40294 57859 71799 71246 93347 41412 21211 30325 25493 15498 8991 43631 3425 18600 22906 76206 
6441 16
69323 30909 78139 89384 5683 2647 32392 48752 68267 9868 88836 85948 74361 34475 25434 72742 
3459 20
33307 1678 87515 77920 8575 57400 24874 17120 22522 25755 87562 75515 71217 55157 65964 10876 12206 53358 28136 97886 
9951 20
30746 79279 99083 23612 51430 44718 29724 93979 49895 98805 30497 64155 77165 50703 15113 59129 75166 50730 6896 83863 
7711 19
14211 79620 23499 2582 76476 62225 73402 13334 42616 33607 54489 12925 78926 2704 87612 28181 93263 84883 77494 
6160 18
42223 6857 58977 95690 77372 37344 92697 91220 97478 74843 61955 93960 49224 2481 45193 36114 15317 49541 
7841 19
53855 51679 13603 47100 18316 24318 59880 91832 29602 29245 38953 73346 48987 34294 17413 32406 72893 40280 92195 
7360 9
11512 42389 26904 50678 48561 23450 99682 33085 93449 
6213 18
63457 77424 10865 13393 29136 94635 72552 46054 82724 63817 51875 9811 29045 32725 95472 58212 40932 82901 
5635 18
71504 43377 86870 54205 94606 61221 25642 60210 72732 32143 57236 21248 13394 85062 37473 76916 50090 23086 
7512 19
26310 13473 74 35094 60390 32530 8122 90572 88722 64121 25400 64757 45226 2705 76456 76140 50160 93792 63912 
4751 20
57088 83790 59239 89530 79991 44506 61082 66529 17386 74636 63291 75845 83106 72919 17207 42928 71915 13108 26378 41838 
2664 18
52093 54995 84514 69525 70202 65434 57718 47150 73448 47589 80596 57976 96111 31295 73485 60287 30059 39531 
9092 12
27133 70866 56179 39395 52279 14736 59636 33002 43902 83350 61446 50047 
6370 20
33734 88380 46583 427 32239 37690 34253 18097 91160 32566 93433 94898 93870 3501 84683 48312 43840 60385 40362 25601 
5604 19
88745 9206 98615 83808 9978 26363 26512 42354 3229 21085 83291 89538 19539 63689 63423 74267 98019 95456 75707 
2863 10
58684 99870 11046 70638 855 51663 30562 95997 19056 72313 
2639 17
38014 96447 81919 67181 97056 22156 62657 60939 23787 36736 12526 86759 28487 58246 72113 3875 93628 
3246 17
85337 56250 92785 65762 60922 65952 17430 89760 16692 78963 47320 87941 41312 57524 76156 64095 29981 
5873 19
51111 71845 52916 49162 80581 64148 25664 54746 72106 10884 31494 34432 30683 68214 76811 97334 11228 45383 26816 
8285 13
57228 15191 77979 45320 34260 72167 80043 3807 13554 21592 93030 96181 51240 
6185 19
43886 10957 64503 26521 88182 94908 13777 85140 80553 39140 75533 1550 81670 50605 47875 53631 4259 92901 49168 
6446 20
26401 15900 97353 66792 68545 68205 46530 53448 69144 69387 36923 35735 27618 83774 98393 35871 99013 78839 10142 58291 
2110 14
24868 61289 1347 39568 34012 21009 59501 33033 89707 86964 76856 26358 51188 91268 
4386 20
55589 76411 81146 63486 27770 25605 55159 51559 8144 74910 53983 20278 58984 1441 41768 41057 51286 70149 2757 50686 
2938 18
24508 81539 25040 51152 36792 62079 73789 76226 61223 70973 5863 9731 39410 72024 83848 54943 93851 26631 
1448 14
89811 53233 91418 45379 95566 14370 97191 46160 88725 92889 88507 45990 61385 52876 
7491 18
32661 60681 24104 14389 29611 21049 39743 67568 89044 70505 75423 25513 39338 6316 43424 48935 8221 69142 
3215 20
97697 28626 87224 87041 76153 17979 23408 85996 45484 94834 56506 16565 29694 9127 56551 51720 19258 48973 12289 85233 
5269 19
27223 38405 26048 5257 7929 39365 86823 9236 50139 24854 55893 61193 66959 41417 32970 34903 79595 84148 63780 
6235 19
54675 98310 2510 89751 51514 33564 21213 14188 78483 20599 23126 10813 67868 16201 74048 89434 85956 44347 43368 
5134 14
91032 93992 41345 78271 77120 73307 68890 41570 6727 98153 79664 97582 10421 62796 
4713 19
7840 20958 42024 16018 72070 4500 47016 6256 15110 97498 15233 2430 70362 79089 18798 86903 55232 20393 76521 
9751 19
30671 83119 97787 77396 94983 88494 86798 40731 68269 36902 6374 78043 81153 15698 12414 92385 68977 67431 16176 
283 16
34533 97389 53977 20758 89784 37540 66568 17747 17523 97229 48462 80348 2751 69277 42973 41323 
7201 19
75421 1870 46664 33173 97303 98275 95419 7886 71207 2668 71365 81726 17893 5891 54759 23777 22662 76802 38846 
7791 18
23942 27113 54133 35109 83007 41427 75810 87331 49959 81321 87958 48237 26638 84014 32187 91641 81874 93181 
3277 17
19826 67204 68496 60395 39549 39314 30216 39191 18635 96648 94314 4816 32672 13431 18984 15674 29145 
1273 11
17672 18415 3190 57201 41680 46046 36243 91078 52543 71820 41885 
917 10
97211 85545 29121 38274 99771 3449 59516 44084 33126 60729 
7305 10
23444 89141 17735 27769 569 31000 71052 41276 16103 80227 
9641 15
95066 91498 13853 90634 39752 56583 85065 52231 46240 77591 91071 79482 78078 22138 79147 
479 12
65438 31568 15780 13011 90023 95650 70053 77731 9176 95716 4191 15992 
6636 14
42641 997 71874 5454 54092 97223 34089 1816 60066 95361 75695 47982 88953 32592 
5065 18
32542 28614 40458 9950 71471 311 6870 20130 3096 69453 75917 99038 63892 77520 71880 62380 89812 99758 
4059 10
95569 62569 88056 12229 19054 3166 23918 50230 86716 36425 
8738 16
34438 20614 68221 1081 46844 42857 89237 2052 92795 33701 485 69069 47390 10840 36519 41936 
587 12
95174 14665 73207 55872 43069 53810 56129 5159 79343 80208 89899 9451 
6717 20
81339 36096 18367 33661 74352 14982 2492 95454 41992 83653 32544 68371 87993 18904 26392 40088 25539 52310 28162 62589 
2608 18
17701 94767 70583 49034 37863 80164 11918 79658 63594 86940 54742 36745 34119 56123 99212 54180 46504 54120 
8792 10
20600 70303 38764 70023 54232 9735 54239 6357 22102 89532 
4924 18
92541 59614 93078 48782 56151 13354 87012 66749 44645 21951 44115 66609 99110 59889 33792 66797 71417 6532 
4037 15
14868 98773 10238 57868 36940 47427 81436 84441 54646 25943 37484 15345 90516 79528 56820 
7281 18
4425 53518 35664 83800 8971 20628 33026 12771 39968 64213 88047 87511 27077 15340 74003 3009 92440 26693 
6153 17
3584 66969 42225 66858 74845 99823 66107 84343 75433 26120 69519 51064 16235 72700 21525 60960 29233 
8617 13
27336 12078 70208 80572 65001 56222 27070 53656 58113 96366 24555 73616 62826 
9255 14
80757 17705 54473 12490 14871 40739 1875 29485 19731 33025 69499 87929 10121 82545 
1504 17
89495 53279 27272 73289 60114 6788 33029 55493 5201 81801 76629 36228 10783 25159 95023 12996 39026 
180 20
22770 56086 52970 71005 98128 862 79716 3243 20863 72660 75870 84541 97815 53633 57753 65750 31588 87213 35394 54866 
7468 12
37412 6968 82111 71658 85876 33073 68262 26244 44624 96293 13598 67830 
854 20
41186 99670 68050 46127 41059 92231 24645 70000 20317 22817 81781 40915 38894 59807 59064 78498 30572 5310 95779 59377 
104 17
25835 4844 10565 91304 8094 34586 44000 29800 22166 8280 99872 40195 1385 465 25130 71482 57272 
2919 17
66105 2194 92778 54171 36953 45296 26334 37464 22402 832 36354 22673 86866 41339 35907 43217 43173 
5853 17
45690 74745 69503 15189 86337 95766 35992 74376 46472 40237 98161 7334 52055 26098 78738 71022 51319 
6924 20
71058 52515 321 21608 74778 914 26289 11872 72342 79063 63846 85194 99091 17326 72444 35243 79444 74130 28224 437 
1201 20
78818 16196 58677 48464 28933 91106 33588 99331 63192 4850 34078 8851 93111 8585 6471 84256 26759 66837 33482 99899 
9772 16
45682 10161 77264 41179 10639 18994 71956 39849 1331 12919 34725 70656 95372 90925 20394 63725 
7099 18
47399 17825 92480 94394 44858 42133 25972 57840 50485 55683 43684 50093 30175 72976 87543 80436 24441 87568 
88 19
92257 9925 71517 64710 83567 26920 13921 16584 30039 87879 95943 28074 15842 42841 8235 85299 83687 16004 96717 
7034 18
32331 15753 56746 65391 83264 94491 41054 79824 12477 34901 85125 23263 77059 19928 41696 66361 49139 59256 
3177 20
11779 77499 35387 53291 42259 8418 41280 3463 95748 36917 47795 72611 87898 3862 20571 70659 95194 6937 22071 61995 
2252 18
94128 20491 48674 68416 43402 5275 98399 61904 98116 45813 45591 37181 66032 14864 12246 28909 54837 75086 
1133 20
89093 48670 67618 35861 41188 21741 20708 87020 41625 20269 4635 80544 50898 23940 6023 84375 23045 24559 22869 28103 
3547 19
49233 49047 67381 98490 97811 66303 11006 19858 71151 68263 18037 43770 46446 43386 79320 8106 76963 34331 68797 
9760 19
54485 74169 31786 22413 10930 70395 18717 17563 37745 13954 88970 24160 79470 74916 36057 55041 88640 14682 91632 
1453 19
17714 25123 54983 15385 56190 28208 24651 38811 66733 39332 49749 1339 59341 61255 12015 70749 68226 51412 22832 
4172 19
93456 37227 73170 61291 64796 25870 89841 375 34144 9431 24224 24564 76277 81230 67135 95094 87093 11279 76947 
8390 20
70232 32568 42303 48266 60519 49743 87760 1030 90866 56049 52167 83316 17788 27709 65036 18962 9561 93150 90497 44742 
4950 19
36017 81267 78923 8191 15993 67639 78580 61743 16105 31610 29166 36826 27807 26658 82254 84242 98864 65103 28402 
9143 17
49178 60772 25932 45158 48011 85265 88929 91287 57260 52799 66006 96999 88337 40948 67560 69322 42356 
7763 19
19066 68755 12655 21690 5361 4436 95717 18194 14149 22963 24817 24533 16058 95144 13082 95513 70401 21400 72077 
6468 20
33024 70998 45359 52653 12308 38772 39842 6743 5418 29476 93445 60710 84678 2730 85490 43956 3664 15038 81275 68680 
9418 20
91655 20980 69177 26456 78381 62226 43477 76325 73199 92734 67217 39933 74813 38012 90469 55364 23166 6337 94844 31984 
3022 19
38872 59416 25983 426 90683 3416 6448 14072 61920 88733 30140 79857 9564 78659 12561 6089 73124 18402 1628 
9100 13
40503 79050 41747 67500 72373 1905 11852 53450 26345 14179 48829 6610 28665 
1743 19
65475 29366 24269 20821 94296 50750 23004 11480 12591 89597 50948 87627 76602 9692 68503 34912 12481 80002 24247 
6349 16
92433 96766 26165 26396 82010 96477 26540 26147 78121 21212 63767 4120 84043 93970 34113 17469 
7956 15
23650 34990 86621 25103 2365 19498 11082 59305 43098 99270 76310 39793 8361 89710 91358 
683 20
65377 60442 54715 60715 154 62794 98625 42069 96692 3386 12114 53838 2189 88048 22835 13929 79372 13587 68152 42734 
1486 17
26716 72111 40667 53225 78407 14278 72607 13851 18832 44282 5811 39766 65666 12250 79319 96225 96627 
4355 18
55999 62148 73320 57430 45052 87950 1478 7753 56024 81916 51294 98644 28851 13807 62132 26051 47254 60822 
2346 10
90784 22001 38852 62638 23022 5214 75265 33916 90132 2355 
5311 18
88308 47594 27 85283 52285 82953 37385 75001 71301 41168 81510 56186 66267 5980 26765 40337 31674 76763 
198 13
36870 79943 3333 11316 19029 46140 9872 42091 40934 37953 86139 64023 38878 
1318 18
30334 99962 53550 80494 57100 10334 95654 98679 61901 55870 81761 31460 29097 44748 97398 33648 49411 82763 
3548 11
40089 7620 43615 85798 98495 18494 15037 49240 69461 72581 62046 
3483 19
90279 42098 11010 87119 51336 82304 72828 94901 909 87024 94004 37523 30642 18848 91934 88637 38455 69536 1098 
3708 19
42834 52573 91748 83868 41962 57344 26006 91434 9115 79985 62570 80897 70739 68448 20149 90844 70782 34595 58657 
2541 17
23352 96147 57554 79040 25662 73929 12444 32094 41831 12038 98796 43459 29965 19302 59039 14967 5197 
7989 14
22925 6800 31099 46874 12877 34694 46347 25304 39418 86559 92114 95793 33147 4181 
9566 10
52477 57624 65721 48216 76358 44518 60741 85657 3302 41865 
752 16
12133 28446 16350 55619 93744 18064 61302 70551 31700 72792 39254 94303 81483 26416 43031 91548 
4813 20
53605 80961 33887 79227 94508 92336 33141 80938 1619 4381 44893 81110 48889 56513 40613 80023 46409 61968 4925 70504 
3761 19
11607 51684 32960 63048 9296 97569 41286 36152 58738 39340 55676 68579 6914 69288 68646 88316 89142 95687 18111 
5438 14
94553 87397 98 68452 13272 12924 41381 44812 6373 76256 89930 49632 60056 527 
9795 19
82816 40005 63213 20885 76529 21612 27957 51869 21198 17117 43506 66744 91990 41804 76716 34002 47305 20434 65418 
141 10
61373 37098 52135 42032 33554 84401 11061 1616 27534 21027 
8858 16
27458 60132 6962 42378 65065 63679 52613 17356 86450 13232 79921 9267 1147 99019 88898 32555 
6202 13
35878 47571 3489 73534 70036 69527 37978 87037 92835 18657 81666 32439 88430 
72 19
78903 86298 89314 46450 48253 91093 11162 4881 4102 54942 91784 59615 12452 17698 60433 38635 16099 63639 52737 
1283 17
78912 89194 18163 65797 29280 99157 21454 30634 38825 18667 43971 61184 34956 96458 87663 50561 9751 
2504 14
449 34013 53082 33155 70525 86931 83227 56410 7223 95592 370 67989 48916 24035 
1777 12
13881 96529 65113 45429 12658 77184 12267 93435 89216 43822 45486 90073 
2006 13
94498 96323 16873 36998 3964 20664 88446 79411 27157 42790 96719 75657 42447 
6602 20
23964 69698 64584 66197 71718 24465 87723 83015 5244 21751 65253 24284 80221 69991 93392 33369 64012 86127 52271 63803 
3124 14
99244 31431 99456 1683 57835 79809 42065 11593 4303 89360 88888 45851 24803 7441 
3938 12
83826 75092 43547 68684 20791 92820 70893 38662 16110 59885 37595 12180 
7584 16
39153 99672 8135 21488 40246 72986 64265 1783 51486 18981 86386 23420 62506 71995 92705 17949 
7937 19
32944 58431 48614 7517 78805 4329 81827 13847 48712 50105 34861 92731 79984 74379 3015 12807 3518 12068 62239 
2075 18
24782 49072 84055 68423 92693 1448 18433 18122 39879 70852 86288 50393 41424 99139 69430 39111 4859 38228 
667 13
6535 49708 28636 65505 84084 1529 37390 6330 92353 76211 6328 4430 85898 
7050 20
53270 34199 13613 40683 37230 11958 63853 85014 79055 21397 54619 37315 66657 45019 57452 39815 41269 35575 6540 84806 
2097 17
71974 13950 4479 36914 56512 59220 12344 99396 58614 95184 70408 55915 30639 19472 72902 35119 84576 
1154 20
76263 89411 4517 21593 94666 38244 68390 82830 33886 87964 22384 93107 44725 33249 28816 45281 78403 13341 36558 10939 
4320 19
22018 18150 77437 64836 72292 33109 38599 830 69719 23979 62707 6675 89483 1680 61953 42132 17619 48582 15289 
4241 19
65406 22983 57750 63342 28901 11817 80956 62174 87208 32512 39604 94093 64581 69432 23074 72229 5812 16678 66206 
4613 9
64159 4585 38373 64138 12729 81600 7768 61798 7670 
751 17
51453 15151 91075 29854 5449 33695 18471 15535 59538 92605 74094 70627 59492 94239 41058 65399 15713 
7038 16
61179 99644 64379 87874 80352 22970 34793 74706 3068 11272 45102 70019 1508 43484 16268 19777 
4439 17
6785 40174 54368 72389 91600 10386 75771 75100 39744 13903 11204 24579 65954 42593 99588 30114 9881 
8751 13
47966 98134 97838 72545 86186 95125 2229 75430 4492 64277 18817 11360 5650 
637 16
31175 33750 57881 63248 53337 69260 62392 40066 86656 55018 36630 85689 27172 81280 47643 76965 
4252 18
73224 19213 86957 72729 62340 26067 73659 92372 73169 87121 48475 58654 6511 28200 41155 69466 51077 34069 
4284 17
20698 72299 37144 79590 23103 39219 74488 33387 94524 79501 99442 84059 55489 91306 76024 95026 40266 
458 15
48823 30142 31129 56783 97306 52949 43977 80536 16259 11323 50016 28423 128 45076 62355 
5591 17
24683 83878 97283 88136 52095 81217 99839 51549 61275 50450 88878 58858 39808 8994 14661 91090 69509 
7438 20
92491 76815 43162 1137 35463 42865 51686 50938 85581 86426 68645 50115 74677 29776 82920 7093 59314 89848 39760 60101 
2126 19
91307 15433 24695 2994 83515 37437 39045 39158 5152 33272 46775 80042 18221 79908 75921 92653 6266 16653 14772 
9265 9
33298 24823 53397 91487 33897 68331 82736 67953 48707 
873 18
99080 52468 26751 7037 40448 74897 82000 69268 58891 20673 55579 75970 92375 74841 51555 72629 79035 18274 
9864 18
57304 87077 7356 54616 20449 74649 11576 63385 47069 3605 94143 89689 54687 90037 57004 49206 63611 43488 
1229 12
79616 90096 42863 89893 11794 11142 52749 50904 8896 76472 79141 63469 
3754 11
46016 30855 34639 8201 12337 82099 346 51069 63114 47776 2388 
5589 13
28172 30920 93461 16716 18607 63705 8447 59911 7436 59009 68026 32515 99825 
1296 10
80466 88340 88752 28937 9005 26826 95303 84642 45191 95991 
122 8
89613 22078 37843 98090 47800 78834 13385 55902 
3407 19
13860 10902 62572 69065 1747 8722 83592 15630 49376 32395 56627 44095 60096 85147 98202 23169 52696 79535 48469 
9460 12
2404 22338 72555 66906 87693 87181 10043 3868 19632 60724 27752 43007 
7843 19
20265 17796 13585 31208 40070 5667 9698 99266 45791 15016 75591 40884 44404 31352 74467 42817 77573 38684 9526 
8366 17
92987 85671 42380 28568 10967 83581 90808 83744 42059 48329 53228 6347 69000 38146 65423 87384 57116 
4430 16
44228 62452 52219 68883 36836 55012 1557 11400 92534 12679 3216 58755 80658 73238 80369 93730 
9918 10
63551 71772 47523 14457 27484 83949 61821 79933 49584 31825 
4193 12
82470 16068 8596 51587 29869 52011 58278 97482 99564 34675 49397 24403 
1668 17
80410 9362 36335 24030 55783 58743 67446 45921 46296 40392 71723 97548 21420 77215 17657 54122 77181 
5263 16
73291 34601 15260 64389 38744 35600 83457 36344 21385 805 41725 37405 63602 78398 27573 90365 
1726 19
75490 73610 75996 84172 63258 28478 43904 5840 65232 28713 16183 96499 3281 47647 20072 68987 39951 18466 58299 
2655 20
57456 69053 78284 5767 89725 80016 90550 55319 79903 20397 81355 33581 83632 64957 16138 46808 68865 29910 84924 18033 
416 16
27052 96196 71411 80870 58698 61397 57140 78548 10280 82929 19674 84065 97542 348 34561 85782 
9574 18
32523 58606 78540 47383 62810 5934 2343 10510 30215 23994 15704 46276 99574 65428 97499 58472 59397 28041 
5437 18
58359 29133 84137 62156 75118 39244 78972 63416 94845 40517 90727 10326 36537 70941 99313 46209 49865 37541 
8912 18
36219 5735 53735 31202 11771 61440 51355 23631 24608 57032 74752 48048 37555 69852 33840 67082 76800 51469 
2928 16
97630 84448 67282 16309 16159 18109 12157 57257 31414 15036 82132 47749 63149 77931 83392 63521 
8749 13
2101 96812 48870 7714 10037 17543 24714 53059 301 61553 65518 62911 12262 
4250 19
64845 25688 12544 98758 95329 8999 4060 8404 20049 59754 25963 22377 71909 95498 89802 66035 6612 89315 16418 
650 10
88226 26135 59551 68345 60100 18275 44740 61008 33694 78383 
8521 19
64176 83416 49863 86004 86374 5922 3523 9525 52981 14317 66555 55003 92700 98065 53094 75115 6293 94592 72412 
2305 20
71856 41775 13779 51651 34646 97576 68432 68312 74346 42829 8465 15683 75993 38883 29152 67030 89882 75577 29008 65640 
7963 9
9705 79522 74147 66573 28370 89191 61205 25831 49736 
9128 15
26264 20291 77778 14032 6199 22056 76510 59735 41170 48531 56152 90595 43449 88368 66290 
8659 10
36054 50421 50837 71598 57540 74354 16263 46930 33893 70857 
5805 12
750 60441 10948 44922 26733 42579 11382 89107 38167 17515 17082 70432 
5804 17
94485 99751 90819 91571 51893 4467 68128 41712 8105 22763 48473 62136 8102 62289 5917 30618 34521 
6088 15
13575 38349 76144 83751 30269 37459 22244 41914 50513 98568 29522 40548 77243 36576 15838 
820 18
17999 52153 81969 30251 60338 20672 8452 54419 97361 27479 88971 82097 26664 9376 44633 86250 44370 66360 
5484 14
66854 59674 41165 22448 97383 27715 50882 72129 34300 37417 13019 34213 30386 43379 
4532 19
41083 93917 64100 91673 5467 30403 46561 69266 27178 71134 72658 97706 2569 42493 9004 15673 95218 92946 92526 
9277 19
1677 75269 26618 1404 17950 82049 76296 52765 24431 8730 95698 61344 85535 32901 69537 16941 98478 71851 4990 
9053 16
40703 71014 5886 1638 87880 16455 62941 99762 85879 60614 5280 47051 76721 21702 55265 22199 
9269 20
86757 20210 9353 50815 26347 23676 93686 96352 76753 23128 37052 29253 59944 26592 19235 95977 17441 16975 57458 22497 
440 19
97381 92904 22116 75875 72845 65068 17196 14865 96386 81887 22669 22051 52863 29751 90229 52208 64025 88277 98786 
4637 19
63609 28299 26142 46712 95262 16353 59528 50684 78679 72198 48895 36055 96659 67409 54237 89342 58115 89102 20123 
7021 15
8126 69638 66024 19902 71524 34954 71094 39880 84776 65056 14586 93967 58903 78444 86633 
177 17
56212 95196 74013 79625 32108 58466 68856 24856 38787 859 58838 63728 41033 86060 56541 45612 722 
5426 16
72585 5925 19950 48107 28081 75702 80817 89167 72459 51907 8856 68419 55517 80783 45328 94840 
8839 18
73517 13780 11548 81713 62467 17418 61444 25692 80409 4964 15830 66404 30601 79479 48420 24954 25978 76776 
3794 10
61049 77809 73939 2033 59590 20429 67482 64506 90603 9590 
9002 17
62316 12124 37414 52024 13716 58943 86336 39863 99659 57226 2591 14234 49905 77985 42901 16782 34020 
4473 18
42415 4317 53865 73746 26005 6122 50259 71325 49167 23389 43064 18569 91984 51623 80782 50710 62394 77021 
411 14
9068 71621 45593 72666 26650 51259 93165 9205 25443 97204 23144 15717 10414 98201 
6708 17
86005 33847 37840 46731 41018 3164 13767 74189 77942 65529 51954 49812 68926 4332 82656 25097 60358 
267 9
38653 60349 40885 16803 72998 5583 111 90040 82925 
8586 16
9338 57052 91898 62142 23871 63990 21071 99515 34679 72714 48353 95205 72500 97068 72661 10523 
9440 20
60042 88545 35473 20738 42590 71602 25065 60637 64404 76767 57446 68836 46341 16011 94665 23845 77144 33453 92797 72655 
997 13
24588 66675 7654 16160 19900 83437 588 54125 17065 76033 4179 67812 56307 
8222 11
40631 74797 56920 98195 45179 96763 80975 52797 63316 5394 32921 
7915 20
18992 34481 84370 44172 63578 31875 40240 42153 51671 2984 47089 45680 92930 8085 44050 44434 99973 17288 46346 27513 
4460 15
76084 82131 56836 43208 51201 95798 36327 54694 35789 12804 69675 98425 25169 8319 96436 
6953 15
4460 44169 71259 40597 2391 45821 54548 6931 67642 46259 29728 66523 84887 52169 46501 
3301 20
25109 89106 1990 31788 96993 19561 8738 16442 40547 4023 4947 38908 19556 92476 2972 87044 71697 17449 35755 70229 
2497 15
65230 17597 10644 80191 81091 90565 30941 41298 89009 2357 95546 66535 33888 86828 11387 
3597 16
30212 95110 43268 15572 44464 11413 10118 37962 76133 43181 84345 90342 12667 73670 55285 59146 
9873 18
75357 71994 34943 83456 4663 31850 12600 61023 45056 31740 95099 69032 69151 46637 786 13861 26306 96284 
1516 20
74133 89052 28928 6026 25096 65931 21851 68551 75545 54631 96431 35392 99725 25771 88346 93938 7187 26779 86602 38377 
1026 18
63978 75733 79389 27446 37031 89779 45896 59147 19806 44846 90014 62831 15746 92045 54588 79802 15279 41952 
8730 13
29795 80550 99517 78006 28565 99587 70577 95584 63838 97591 3066 38448 17254 
6115 19
63877 83165 74708 46716 63246 1292 68866 8724 77082 28690 31377 25374 87223 30659 20120 15175 37543 61183 7852 
1420 17
76512 26410 18028 72371 28783 88102 74425 89894 11526 24206 24401 46426 80524 39276 82035 1597 84686 
2954 13
70287 43645 99236 54611 77838 40455 50849 8866 18793 16431 15405 91776 60427 
6442 16
27191 71791 82710 38770 20785 83160 25017 11660 36183 71284 73213 11172 69280 6299 52025 36383 
9507 14
47750 61625 22639 76685 37861 43700 82357 50520 84733 38469 13243 107 28393 46675 
783 17
41389 593 99401 50900 32306 89896 63943 68715 92020 99706 2958 18165 14838 67862 55062 85759 42106 
2079 18
81842 82091 18985 87837 87813 10174 9323 47464 49627 13037 60294 65350 96654 24382 72866 87657 49369 22275 
2143 12
15678 17145 18889 34395 67372 79592 87144 21511 28330 86761 98833 21501 
2144 12
7776 62673 39234 65933 40437 18220 2623 37470 36485 59023 83373 8888 
1195 12
9331 14934 67451 34 58034 16525 81708 60713 65784 61163 99673 79555 
2732 12
98643 34513 60437 17453 48868 58308 61549 12612 45352 30026 16158 32601 
5345 18
860 89116 97852 15602 94530 98257 32964 24450 72349 11138 17624 31374 36536 95436 90912 13629 30131 56301 
2595 20
68600 24051 74434 65394 6211 14294 53077 47277 7402 43589 89403 20237 37988 99774 85163 21527 32210 58789 56102 4574 
5481 18
92815 22218 91840 6010 99293 32190 91537 11602 27096 73486 87430 77802 35425 32556 64489 76109 60798 63430 
9550 20
13768 16900 62462 78565 42609 41342 7589 65218 72705 8236 4066 1235 72989 84170 77601 55522 24547 62549 96624 94058 
5171 20
16578 35832 10543 49129 52278 83485 98516 58294 59834 71222 53013 31258 22050 72825 72316 8111 32968 57161 30835 80163 
8375 20
17573 75034 27391 74433 28993 79370 35141 6573 16034 4205 79884 87518 25705 61531 46105 33294 97143 26179 95669 42320 
4556 16
32157 40510 57800 36222 87866 43049 15115 45034 972 64985 74165 54089 33926 76785 91644 64604 
2090 18
91356 67504 47970 37175 66998 61251 22846 98966 44806 90703 40120 37520 27621 63277 64158 70369 89226 88459 
8409 16
82810 70955 19868 16772 56398 36205 10599 64630 30021 69191 38887 98392 38604 65606 59291 86197 
3742 19
22010 98741 34927 57230 19787 93305 38617 40542 24138 39609 38515 12235 70768 90056 27890 10046 45008 53473 43408 
6772 13
95671 19919 86445 24112 75938 62509 23500 45113 88834 90050 95512 46842 68161 
3954 16
19488 82309 60846 65040 65492 41916 73802 34879 29964 43546 5135 26948 53931 90743 73483 41484 
3034 16
44302 45572 70245 1035 25349 50059 18416 28057 88522 91869 64024 64825 65198 41881 86482 97841 
7462 13
42276 2181 20559 88593 40006 48573 21703 40274 33266 87495 78618 90555 89794 
6655 18
52806 961 78703 64013 60650 49069 88499 13993 70869 38082 59610 94030 8067 72032 12300 30280 89066 1741 
1348 16
19371 53262 13098 39422 90465 58518 6111 27379 41574 10838 56091 90943 73329 9142 55706 81953 
3074 16
82820 72959 88267 81360 1016 32454 92498 28384 88537 21746 24574 40967 63173 61306 61127 75486 
9752 8
51247 3775 5944 43989 27738 55576 19038 7306 
1549 11
52239 47431 78457 39536 92602 36648 5245 52007 61854 98461 25013 
8976 18
99108 935 11277 89239 74851 53060 12849 78872 73120 10516 7834 3108 64180 33228 82073 43847 99779 6077 
350 11
16689 4757 28363 2565 10810 43238 77936 8204 39345 55647 34408 
1340 17
30989 48422 79385 26338 29399 66307 7179 83278 2239 7227 11220 46563 56105 9369 18235 42587 70815 
6681 19
91180 20095 2919 61662 50712 81470 18428 62095 31145 34476 25917 87963 13526 49451 71418 73261 40767 40452 45172 
6805 19
8175 5852 63182 87313 12103 12320 4740 21120 83178 49444 72651 83935 6252 7080 96088 51279 85071 20240 59020 
886 19
58244 96329 56359 50608 1077 95729 59837 74639 99355 73724 39817 22617 46596 82062 99704 8700 31949 18089 87083 
6821 19
34765 13254 40424 1631 64475 6120 40734 65710 47392 99232 74059 38721 85849 36401 82842 95339 30421 2614 93884 
891 19
5752 87948 33768 39858 68095 74930 64491 67375 77788 69921 44791 76477 88916 2533 10855 6322 25101 61413 79752 
4863 19
15612 99373 89245 21759 62723 45776 99144 14433 84737 45500 23304 95228 2632 46266 88676 7020 55508 83980 79209 
399 11
5660 36203 59660 55849 58319 86560 72616 44405 92949 16700 83483 
8516 16
37749 7934 52966 40117 71570 97292 98294 74223 8108 44249 98274 91035 75237 69865 46251 78660 
9315 10
13578 57019 96890 45363 66798 2485 915 6 85557 32713 
1867 18
39063 27386 62671 87484 52202 90226 28659 88528 19289 27367 50692 33625 83663 45859 67210 6598 29385 81855 
8283 16
21288 75797 34666 69572 52552 81890 96375 29584 93762 84177 91275 77395 778 93624 75951 13885 
6426 19
32085 26172 88190 90695 62333 32613 24680 88116 1463 27608 10431 97632 37113 82137 80749 41910 30558 69431 49008 
7368 10
56298 83691 14375 91433 40763 15296 10925 11093 18208 67270 
7975 19
72722 24213 52789 83556 61299 25559 98766 37579 3073 20873 40404 62832 9242 59175 69390 34605 70037 5211 36179 
1803 20
11354 55820 66257 6187 40407 20220 4746 88812 30171 99296 99959 65450 15430 29714 49557 60834 74092 90642 4666 39287 
3720 15
70147 39381 46806 19264 60814 32015 94835 35343 11291 84943 31747 47043 85826 73304 41114 
4393 17
41944 37998 77553 23274 45930 83247 45703 7129 95520 61800 34591 90953 56902 96102 1359 92230 28106 
5912 16
58401 15943 77245 7871 88435 63121 99381 14229 56772 17694 36075 35156 13665 55233 96622 4145 
3631 11
66266 86143 59251 30548 40965 90539 34949 12851 11774 64207 67343 
9367 14
49908 90301 10106 32324 43507 82428 36361 49525 23025 31744 69960 94991 55924 19891 
1394 19
2359 1096 11683 81438 88850 66090 54932 77041 94512 15018 15424 7515 31292 5295 39712 62801 15102 24054 63950 
6885 12
27088 17732 85859 63259 5015 6488 82690 55405 57256 37539 6480 66579 
1331 13
69820 69818 38127 59676 25333 72124 53581 3541 86946 81015 31281 41770 59974 
6342 18
92024 83420 56610 14438 78035 17891 21926 72245 32670 7859 54197 66637 69395 9810 92418 82294 55491 15146 
1241 17
29536 35438 7283 31753 25953 22364 6017 32832 86125 58465 64170 38480 99029 90313 34500 47856 33262 
4563 14
90525 60440 77153 89260 9803 34839 77888 72835 57610 13028 33076 98262 23443 50753 
6900 12
61143 95188 26881 40778 31425 33507 30226 17678 49873 65779 56122 84837 
5272 17
37152 6228 26000 54677 14946 18631 83652 52185 49264 37339 38740 37519 79790 44610 8396 50995 82744 
9913 15
86317 73854 34662 54421 5896 74864 11524 96531 44924 36752 27883 49953 79315 26746 6464 
2468 19
67246 15132 59586 22455 50910 55111 48757 6745 76499 71515 58641 82367 92160 64188 4270 97638 75860 44075 84408 
9810 9
53684 72649 95564 4726 53669 7955 33464 8905 93754 
5968 11
34276 45326 15547 53808 17157 25980 92878 19106 52656 72515 24225 
490 12
88188 10519 60348 30696 39605 97000 5411 44257 737 53040 24207 104 
1659 14
6279 53843 75181 66551 60276 19804 50300 56181 17025 42808 55938 76475 35568 43695 
4007 17
92942 99184 17090 73656 44294 54382 43567 20060 81849 66698 44393 72943 71067 71599 71628 53165 48002 
1109 10
29735 70282 78813 65141 25962 74628 83089 14698 61713 38329 
5139 15
60951 32887 42260 10887 13681 35769 69115 46036 32232 21287 75396 97656 10347 61218 23909 
3478 16
19603 46573 84384 75878 27194 78047 56797 14397 47361 87497 38160 67220 27823 50353 60296 82528 
9328 19
5807 61504 22540 7748 37468 80047 4799 8379 66439 17398 93849 39477 22415 53820 28141 43422 5484 57011 26607 
5362 18
23818 42441 30776 14970 57556 23195 99536 69320 75159 1000 72462 92651 28486 73846 35837 66016 80770 19954 
3027 10
93498 36246 62107 686 7709 94987 72139 30048 55443 26116 
1467 17
36960 79717 48893 14235 68974 77946 76964 18448 13654 95398 49195 37446 97590 57443 58250 87808 27577 
3406 17
22649 39556 67680 2525 55139 82917 53507 3749 86556 77535 82683 84299 66604 2838 36740 33196 91345 
2269 18
13151 68373 36013 77141 83406 54550 7341 37632 27432 25367 24443 16400 77337 54049 48995 21349 79711 60244 
1397 18
17529 14265 45733 50055 56640 83582 1422 62582 13136 29597 11232 73566 80506 18788 92248 95221 66665 36689 
3413 11
11789 23259 7166 56065 46956 14911 82597 80404 70750 44479 93981 
1985 18
21711 53075 17474 61947 21684 79703 44967 75766 36762 12654 85728 46771 50199 52897 71188 21898 72046 77460 
8795 14
47816 36151 89427 30617 31898 51607 7588 75616 35653 81608 33606 34827 20115 19282 
4343 10
98181 6854 2801 51840 27144 14267 30423 98499 63682 7638 
4893 11
28005 75560 30105 93129 56984 77511 45773 96674 37160 4774 29853 
3245 12
16918 34803 16529 13640 17762 25424 44312 92454 53768 23154 38197 12848 
906 11
60103 51287 44052 11604 24241 36627 87150 2770 75208 73612 46263 
1731 18
95703 43551 45653 49365 58646 62603 9773 68097 88863 6756 26239 26296 40693 84056 44982 76857 2408 19645 
6806 17
50328 31491 45483 38916 93911 64492 63429 31169 30564 62223 77625 61957 25068 45570 95854 55264 99485 
8759 17
16022 62324 82684 36112 8005 500 99128 95389 82995 59325 61649 31443 73987 49661 27489 9231 40249 
7075 17
99835 92121 86304 80133 37195 2387 66289 27107 91201 71055 29624 88983 17920 52111 92755 69741 753 
1658 18
76039 60520 82205 75040 41702 45556 7516 27417 46336 82603 77913 28445 41362 53409 90179 61092 46412 54505 
4381 20
21975 38669 40460 18215 75947 3505 1852 49126 46161 24950 38524 81256 47841 58217 4894 89736 1734 31979 50195 54841 
3740 18
77835 63558 58495 96736 46351 16097 27039 89604 66815 58097 54151 40681 68795 37086 28429 70126 74579 70845 
2234 17
81593 87694 55076 19980 8454 42752 12258 68748 7232 59398 71523 94943 48075 18075 17076 67083 62457 
3487 19
79336 3148 99488 78103 74646 50755 84367 56553 80611 30055 50711 47201 64522 93787 64525 70312 27808 40928 74667 
5818 18
55359 1281 66216 84011 40475 91785 98400 34960 59170 32589 35342 70993 6644 14283 10087 51908 72617 63941 
5030 20
36814 35724 8186 66633 1763 82133 53718 90423 10444 57136 30735 36144 52071 42899 99897 98456 19728 44278 63887 43874 
1807 17
99187 7847 92886 89163 86753 77216 55560 8010 93474 63275 97929 94259 60598 88738 48294 88360 49334 
8279 11
63029 73237 11213 96414 98543 32039 43322 79437 63624 82502 24737 
1515 14
74559 61927 54137 42788 64359 25660 35100 77174 81455 86824 82275 17660 36317 3235 
2111 13
29311 8110 26952 60105 43759 6653 47961 10258 38453 6578 5996 60359 88323 
4374 18
77843 86257 46345 83665 14610 8107 35776 7662 2140 23023 84396 82383 36125 91289 21304 65200 5748 76539 
6884 17
97366 13177 72003 64709 87651 41755 29022 26225 48467 16546 67445 31097 48638 29364 91414 53623 30908 
2901 15
21422 6452 19814 20707 55482 32616 94766 67673 12040 88634 58807 13741 85111 71126 55760 
4709 15
47659 2950 48454 95146 2618 5092 99015 23260 21958 22896 56521 83375 32335 17018 99818 
5971 18
29132 22135 38344 22971 30555 74513 36326 83747 37400 48281 66882 70249 29902 46878 26586 89985 17058 33269 
1963 18
41579 47421 21730 53039 77314 41118 27447 85379 41602 65636 60410 41207 70641 6107 95370 61203 33341 36653 
8758 15
13373 45583 57507 17985 18403 74958 51760 95727 5445 88026 60299 49244 24925 68057 36492 
4906 16
85691 41014 35339 59374 85861 4488 350 67520 67138 3596 73776 64655 81204 34317 44835 23700 
8180 10
61325 28946 78188 54818 52039 9612 75155 65147 50585 47789 
1023 14
9084 94739 10828 85591 97098 27354 97587 89160 61112 55186 83452 99039 43370 30515 
2703 16
76451 33571 75411 35143 77725 56131 35603 50817 97736 22680 95526 96945 70683 35062 59556 68548 
7881 11
30489 8436 94115 69356 47235 30549 40758 27882 50018 95013 29647 
1959 17
66986 79779 37814 15504 37462 8816 30360 65440 30904 26841 80465 40740 78377 22070 58849 2558 26926 
829 10
55346 64598 2020 87347 79013 57872 84083 71741 11202 26965 
3955 14
87897 21941 21980 96437 13169 6022 48803 88248 62354 77965 9607 38251 20670 48400 
7802 14
55787 16867 14501 63916 30433 97124 17532 20564 18490 63013 41160 20105 61324 7817 
7039 19
91512 67834 77918 35573 42126 42519 36815 98041 27978 83474 50114 77076 85555 72967 70713 76407 20064 27899 71440 
9692 17
991 12574 90107 94674 59362 89000 4046 53196 17138 49181 6893 38246 70740 10196 45235 44492 95232 
5765 12
68457 4691 88576 21176 65957 54227 37791 66855 89199 15756 6430 86956 
3679 15
43919 30290 53944 77953 73279 32628 49586 15648 91484 54193 20209 39446 8895 73820 64846 
92 9
73669 87154 33545 9131 37274 57354 42710 23932 76538 
4750 18
54443 58125 83605 96351 27589 65542 37091 59189 38488 12153 20032 37214 36626 68822 89323 5762 88763 71773 
1653 16
38343 23427 57035 29400 96842 94978 91818 93600 28095 28629 53375 28621 32573 13447 98634 85842 
5810 13
78145 7993 28584 21603 78493 86804 63360 61998 92677 51085 74309 74884 81225 
257 12
40565 7848 48541 46943 30468 23752 43841 35009 50651 88115 10011 47090 
5337 15
35646 73977 64465 76649 64741 78638 44852 25542 89207 91595 62762 39789 85424 83241 24497 
6966 11
5047 31074 38473 94353 15390 19073 60597 16670 60828 910 90600 
8835 18
76158 8070 83721 12648 9253 84070 33287 47244 69076 76591 67311 54458 50253 5706 68308 59594 58209 15596 
6258 19
49500 39742 18166 64880 80381 89297 1626 78186 6905 91261 56382 52036 4743 40405 61990 79538 86338 18399 2681 
3622 19
17987 75569 4741 17060 24612 1945 95080 22725 73330 90636 57909 44900 89331 42567 76681 66237 80674 11707 12239 
3234 13
23146 68210 33474 78255 83097 56990 93421 7000 33830 22305 63563 16414 82700 
4631 17
80045 80217 9577 49982 43970 98260 49649 66446 52408 56132 40434 85608 74390 6866 489 12505 63708 
4607 19
16506 44998 28527 54493 17502 99168 77994 77062 42165 57335 36342 36522 8894 41890 12184 43890 2505 44844 21483 
8850 12
56809 70485 48254 73665 96954 674 67153 71439 38735 65593 67166 18341 
6420 19
24532 27802 26901 64256 99289 49121 16487 33427 87551 85449 41874 75090 49578 33493 71096 72923 12422 30337 92856 
4681 19
76932 13242 5920 8956 9211 26436 20058 74041 72529 50545 83177 35887 36866 25106 55202 81294 42506 88926 74710 
1844 16
95886 84941 6335 67733 28593 32769 92028 98585 3226 20577 82730 22883 69508 67700 54363 19179 
3216 10
81216 74598 74588 20333 21563 14944 79179 9436 72361 66583 
4330 11
96715 71274 72368 96206 60050 2290 80442 97836 87042 6287 52496 
4398 15
29918 91995 59630 92429 75088 79383 6175 65777 72267 1839 29501 58223 37258 81038 68863 
8093 16
89863 53286 84931 1934 15847 3141 17236 5675 11320 97945 22993 46747 93112 39976 35669 18541 
7801 13
92511 74929 34242 64579 8998 53143 52343 42360 9805 66911 64401 67131 46320 
5890 12
45170 21303 87132 51014 54564 2906 38068 86418 6903 59698 74252 21789 
5461 19
21446 52004 78676 98529 75345 75103 14409 95694 50257 13949 88485 70664 81599 92474 367 84923 72238 16859 4625 
3737 15
43158 47737 85327 59688 21489 88312 12565 21407 70424 43515 34756 68991 84845 12217 59149 
3546 9
83879 46983 76616 55898 55536 84271 46114 29226 46370 
2440 11
36019 32503 17250 95621 52280 48961 273 51054 38466 44569 95859 
7922 17
71172 98150 50517 28021 44733 97664 55821 60934 53090 68941 27539 59814 66895 93038 27402 87544 30135 
8139 15
57494 67726 30109 54522 68501 56432 99605 12427 8074 69867 93749 87734 10964 4255 15831 
1634 15
75776 5282 2981 36241 90605 69902 34392 18305 15323 87092 24468 48779 774 57740 42058 
4682 18
69794 40742 84998 72909 4104 64376 40842 77498 7837 86148 78245 78576 11640 29682 27390 20909 48382 81271 
226 20
35050 32160 23681 39376 50448 47086 90399 5523 3695 3913 77675 81207 45513 42972 7484 31614 41896 83398 1954 20514 
8157 16
30093 33974 29338 77610 52112 88748 38401 17039 8976 62986 5079 56037 43416 80212 43003 34530 
6750 16
42200 23236 74685 93751 89029 65197 19079 35008 93536 47113 8980 86270 69927 58508 26465 13338 
9761 10
91084 54689 97918 97684 74259 28058 91986 61586 3750 55044 
4065 14
69141 69244 43537 90021 18030 33951 16624 59940 44996 9496 6561 86029 50234 99292 
4275 18
46631 60857 63686 80892 86342 99148 21220 70417 71821 2809 4338 32042 95189 86091 80800 93416 98905 92110 
2329 11
40712 29778 41841 26570 19110 22363 61537 66853 32615 39794 15360 
2758 17
63492 27155 66710 84309 38386 1171 15829 89943 44627 9339 96632 36947 47758 26666 16648 23044 38595 
8212 19
41169 4768 67264 92063 98738 39943 61401 85229 84168 94336 14000 35860 85748 87186 24265 65005 88135 66033 21974 
7143 13
45165 61091 34953 71568 81037 20580 33208 90787 82181 55892 4712 46194 35678 
7218 17
75619 53763 17868 42873 91340 46565 67526 9385 10604 19101 45458 68180 21624 7404 49821 58235 88476 
2992 17
60307 95073 10896 11357 3561 72952 23535 83804 5446 25118 13816 60782 64644 89410 43192 88976 93737 
5091 16
12683 88734 69124 8330 79615 89906 31388 10382 44496 25414 38037 28866 21570 39856 28304 65945 
3818 19
40684 36133 82884 77664 79850 85029 68854 88240 84791 21513 24980 63719 30574 75954 98521 37897 825 96670 55017 
4395 16
66605 93942 91034 90725 91851 84928 93784 48010 82899 14023 68609 78663 12772 69050 97933 19596 
255 16
39570 82915 5672 46524 79059 79133 94892 61948 28377 34142 18475 53204 60046 1534 94936 65354 
2235 18
18597 56327 81026 65586 75038 47269 39343 91372 60651 71171 90978 91502 94805 19971 4980 34107 31664 24426 
6997 16
89931 98688 78792 5905 19589 40161 29304 15745 17992 87668 28159 789 87233 72751 15852 66150 
3205 19
30243 89005 34194 809 54008 48744 78036 40700 96931 71591 56958 69207 76807 69228 42953 82634 72304 84068 67438 
5530 18
59366 81846 95967 94165 8809 70492 6221 3036 51062 71384 15173 59019 78721 36305 76723 81028 19170 38569 
5100 15
70299 3203 75251 90513 32501 81289 3095 8513 96189 63229 57302 46790 65914 736 88881 
5770 14
27896 38112 89717 31571 35433 67762 82711 92555 42044 66524 82734 86163 87278 29347 
8260 12
8391 43255 81941 63560 47005 35133 92119 2337 83122 75316 59725 87805 
5357 15
30926 28226 86311 61566 49688 23666 61616 69433 2897 29070 41159 14299 41964 15395 86499 
2085 19
83913 46555 45864 98841 6019 24199 12027 7175 79526 19455 55503 84 40109 78571 62580 3332 96920 77445 14537 
6029 19
85567 90447 48449 75020 96859 93137 9711 19924 93439 11396 15123 6174 20803 86811 88249 55830 83667 83137 3780 
6669 18
59832 96915 92111 3242 85781 83505 23109 99363 42918 67049 38592 85615 76938 13095 35314 77258 1918 1901 
4718 16
87945 60111 60546 81914 64054 2682 83680 57634 39645 59091 35082 6348 82377 89123 7340 59524 
7731 18
74564 70586 71930 54980 31608 22107 6507 32855 36559 30295 4279 72130 52336 19993 53230 3217 89097 63158 
1590 15
91546 2134 23648 74549 9828 80717 90864 22519 83061 8255 27041 67334 16264 75650 39080 
9524 16
83217 99830 44681 65932 3758 65628 66411 7908 60147 3388 16967 73040 24288 39320 9486 1466 
814 18
41032 23036 55991 74620 46466 84848 52641 17022 94732 54707 93376 50581 84488 49076 63855 36942 5977 97902 
7175 11
66907 75263 28784 39305 23413 28230 17709 68888 4082 14897 55577 
2265 15
88338 46964 19445 2187 84763 21588 40925 61153 81633 79075 91725 67068 26519 79060 70665 
3091 14
24479 90370 33403 33875 78266 8607 29249 64373 30466 11278 50612 37800 86977 57247 
1342 10
57895 74766 19315 46270 67961 86196 14075 88043 56297 34616 
8572 16
5616 12537 23157 22464 61981 96767 11908 88489 82427 99978 29877 64529 54514 35534 53430 83108 
2991 13
80187 71546 82300 90602 69656 35481 85266 37044 60312 11897 37961 5604 11800 
3967 14
45867 5029 3934 81836 65345 82439 78523 89256 37267 58643 16002 78743 37839 9551 
9316 12
47309 82906 37623 47249 75727 83085 33100 78016 42636 19434 85069 23358 
9613 15
58365 79775 92883 37744 32315 20025 32738 67630 71390 14945 69480 97823 52099 1287 48896 
6060 9
96346 93867 58658 33014 38156 82043 44028 9960 86675 
3135 20
31679 50172 32099 25132 35450 25826 91685 40743 20169 47306 85225 88937 61172 17376 90071 11580 69457 46807 29980 6834 
462 15
11995 88288 65678 36094 36722 92412 12322 82077 31505 72407 29109 84319 76817 73681 45164 
115 10
76397 58775 15264 96238 44635 99249 50746 55235 5443 60419 
8363 18
86460 75160 19297 8218 22066 24495 10067 58215 52197 79757 90492 77027 21268 21457 17958 421 13267 12905 
2032 13
37577 26930 65662 30203 4790 38220 13168 38720 45084 91965 24656 22799 74328 
8983 17
4729 60477 95648 46498 75827 35583 3441 57420 26723 41029 340 48673 91117 79176 56183 45432 94589 
4239 18
83856 72788 8835 72470 11778 27459 54302 73663 64173 30504 14163 65491 82755 96547 56899 38862 41561 66500 
2798 18
62930 13972 5547 55073 74714 25320 24639 58337 28463 39151 96876 7485 46101 79291 3363 51701 2298 36023 
2708 19
82422 64931 43114 96552 14008 14779 96343 58419 73774 34517 28024 74184 39506 42940 56282 83932 37677 46311 75651 
370 16
94177 63098 12080 99380 66522 48966 18799 21353 32684 68900 4267 96575 29325 46210 72080 60985 
4083 9
52309 1959 71983 16089 17715 23437 43990 92141 3262 
6289 8
24167 11857 93353 25275 80833 37646 757 63421 
3612 10
12164 75570 74097 94125 16598 22854 26970 15834 60652 25134 
3729 9
2650 91787 95081 15581 83971 25485 92769 62809 52186 
1973 13
28670 94800 27527 50348 37676 96683 14394 94537 24433 68673 65534 5102 55929 
8226 18
55921 97687 63151 39877 1389 80110 32452 91670 94548 39729 67199 23282 89734 64000 62583 32778 42020 1636 
4964 12
88950 7846 25803 79966 34347 51605 87306 59808 38625 99235 36217 1753 
5006 18
54408 54828 50106 68314 21514 30427 91079 53649 6050 25614 12938 18289 57867 64415 76702 95257 35815 39830 
832 18
86392 29746 98497 26078 76482 42719 3870 4567 54441 4118 53142 17213 12923 1489 44419 85275 75680 29059 
6960 14
6247 71899 54459 19748 10844 72698 99689 50433 14405 67911 82588 69862 36781 61486 
124 19
24621 61355 24050 73992 27245 14060 85089 95809 42217 1761 15639 22781 19998 50535 14797 15396 72008 98554 59965 
3334 18
70502 52459 66019 8390 3390 74193 78535 25209 1165 72123 87949 95596 9662 86180 28291 67012 49268 18424 
1401 16
21662 36831 32087 99567 40839 88283 25313 59882 89744 650 63603 33765 85309 63672 77727 41249 
3220 15
8620 94160 90438 54555 20613 82464 64952 24106 47995 37185 54061 80587 57394 54112 50392 
9056 15
28585 82214 25314 73808 79777 1892 82141 86630 36348 37668 24992 17195 4702 71008 52727 
5693 13
54506 12872 56942 87525 40073 17872 87458 99283 86990 43425 73726 57289 24081 
3535 15
72449 97839 95380 81839 37 4609 86831 68628 96779 17332 95166 24231 38130 64927 82397 
909 15
89774 42366 87173 33171 27663 75877 65927 51278 94417 87262 3975 8163 92502 53707 68062 
6423 18
16915 6832 18339 95350 95909 60935 7116 51462 64766 77451 59936 10228 83681 23991 28524 9657 92164 29438 
7280 13
80899 6392 93565 38742 1658 5116 55355 35081 2535 88372 35778 4380 86327 
9151 19
49325 39121 87691 29763 59721 4598 49083 83569 33175 95891 82145 2175 4327 64454 87444 69350 30530 79959 52753 
1996 10
30382 63868 73587 26562 24317 69113 67027 34632 40074 83088 
1661 19
24511 85544 148 52131 38934 31834 63329 54200 78657 11558 39745 99581 61243 51298 24792 88907 41620 75322 86486 
9686 17
12234 58585 1739 19857 67539 67202 98885 18898 4984 65300 92969 3052 66874 89718 91702 29417 65441 
4975 17
46795 82202 31058 50453 59131 4055 34111 44093 67501 17712 31660 9209 32445 95820 8832 480 27153 
8649 12
33636 62417 61716 68823 26555 89832 30396 89830 25295 94712 53719 45589 
9963 19
54749 66242 13534 51392 11101 74257 13159 43895 55717 32448 23537 34741 1914 27003 99824 3471 35723 9928 47722 
3473 14
34460 58628 74712 28388 97635 32208 16736 89557 69252 29757 95151 56850 87775 2789 
806 11
68168 71891 43442 81762 91541 43249 77280 59283 25022 2074 82846 
9974 17
84938 67287 38381 3130 98977 65344 94198 74953 97944 92066 90364 96448 44834 40907 79498 23324 99437 
7920 17
77123 88474 39962 74158 73462 82750 9604 32889 808 5772 13218 16447 22341 77008 12732 89857 42019 
1532 17
71525 63063 90291 22961 75325 30511 65250 27115 48945 34062 24802 38435 28586 26652 52650 56834 95959 
9070 19
1833 95623 26864 50741 79699 34749 28391 18933 48849 41616 95459 18941 78692 78830 22344 46400 78622 12507 12301 
7302 11
69412 98405 76795 91896 37237 18178 15124 95949 24210 90996 4551 
2166 11
6135 62613 40136 8926 26738 90335 28339 64805 57078 19898 80786 
3147 16
95666 38394 44216 68113 53785 10737 33718 58389 16008 65986 86080 19203 86918 49251 66151 13856 
4278 14
99700 1017 60842 89993 71948 25418 25988 86558 71572 84134 4872 20348 54399 95136 
3553 9
50288 85269 64438 77845 10148 5665 17902 18201 56077 
7760 18
34227 43704 1343 372 44571 34118 95709 97709 65340 27226 34935 63035 39941 73282 99834 79031 66598 71543 
1559 12
48838 83093 90715 51878 13735 44809 57844 91615 49428 21448 94008 32310 
4380 17
20565 20263 82752 43103 66833 52213 38621 93492 44273 11324 61185 42963 18963 5229 46072 45042 21474 
7555 10
80645 59433 9913 34991 98853 49271 33388 28735 62262 31057 
3632 12
42140 34962 73286 56974 60329 55839 64088 31648 94062 46997 91017 23357 
4764 13
29931 65162 26796 84804 80095 16044 15159 26891 43111 38139 35274 6355 69021 
4957 17
55570 70121 61827 48102 55753 56295 41314 72551 55524 43873 14449 5946 83786 29450 90206 62118 68061 
6826 12
44766 75337 41184 46958 6581 98963 56931 49952 35453 17486 31516 45341 
6079 14
81771 15659 16853 80276 77000 76709 22024 26665 97034 72673 49 49798 51612 10997 
4154 13
2105 3619 50924 26091 32941 51548 816 66068 1117 59035 63752 35994 89968 
8831 10
8173 21173 92109 73255 83003 9652 90428 8156 60767 28394 
5172 19
51447 57499 4624 78612 52269 6742 17102 52564 57587 40985 22553 863 71104 45727 8430 24432 67828 5955 32583 
4630 16
7100 57171 43959 69243 368 84719 84525 66660 28823 7177 82768 29479 47610 72945 54033 67946 
4458 14
67352 17621 84283 19811 50213 33128 44038 1043 3846 73688 5318 39226 52307 65774 
2900 12
63775 64218 51805 28661 71673 15207 47321 5624 8159 314 21725 42158 
2495 19
66336 26985 47549 27764 14896 65060 1722 45994 76494 22049 4707 68844 98988 36009 48434 86643 75157 92082 86359 
6633 18
3560 97717 48990 66888 63971 28747 27148 23120 50672 7343 13722 4861 71810 12603 38820 91131 46796 69673 
4112 16
572 27645 65305 35584 7423 49884 67144 30218 88453 95395 72854 8516 8967 68058 46917 13957 
3586 12
57227 71835 69041 69328 44102 40780 5869 43105 15365 86665 74127 66498 
3313 19
15087 29810 39101 21240 78315 27001 16056 55400 69247 61534 27145 76838 97791 29372 86764 13500 54001 15393 12670 
2786 14
37310 15562 29626 88803 99560 10714 7537 53376 38790 72419 55427 25368 27246 34993 
6915 10
65488 39955 36036 94434 5398 42644 29988 85197 71522 85422 
4208 15
47545 53383 65336 53764 85074 3478 80713 72542 11273 77200 79637 10595 87539 67397 67349 
8513 18
27196 78999 80326 9355 8451 57138 76048 63122 58511 80430 23203 73576 92868 18214 90384 88078 31214 23562 
3726 12
25619 60925 84645 4363 64035 32226 36631 28561 19778 28990 85115 98339 
1224 11
40119 56486 45202 23191 61704 7351 70091 46850 16614 625 70152 
717 16
29214 33839 84922 32110 88204 71402 30665 52084 33787 19074 10237 49689 40782 58134 63263 32630 
8893 11
66601 1543 83218 53488 38000 90842 41848 49793 40824 94973 3751 
2100 17
35894 83379 59515 79502 53743 8045 35427 46250 81719 71192 30916 5865 23256 97726 54967 94917 61905 
5532 14
77124 9624 75618 36759 45150 76154 64219 84803 81458 4594 70554 56444 8841 99553 
9805 18
205 54566 53462 25462 77204 55021 60084 63350 85938 64975 69928 20438 82251 30928 61658 57977 23730 30299 
2415 15
17257 74055 95638 94287 27490 83554 4557 80257 17962 42484 53402 36089 45738 86608 46548 
1729 11
17113 96690 95331 68978 35250 5156 82914 49870 35581 85302 36402 
7817 18
56470 99315 68511 74394 66355 63577 29661 6618 9071 60228 4185 2242 67717 56111 72040 57777 50495 38043 
3148 13
36813 23400 32967 20102 41864 87563 95340 21022 69943 87166 23660 71769 63389 
9560 9
67873 52476 24124 81457 8613 82282 17699 384 33354 
288 19
16156 63383 33467 49386 70284 82004 78640 13018 39073 96060 17089 9407 4272 83755 28482 34940 18381 33004 66503 
7207 11
8898 42705 24748 90275 64712 38630 85165 19813 1471 87308 97776 
3991 13
13418 60091 84748 965 19820 53412 90156 47613 18276 14943 89303 63001 59533 
5009 16
41038 68079 64435 72454 16985 15 27183 37596 17739 63181 66666 42843 51575 11343 38097 46546 
1478 17
29736 81910 56764 95287 31959 59763 21990 16091 11030 70272 94114 99281 44076 3165 94760 88154 16541 
7044 19
68706 5434 32077 19378 7181 3822 35737 95244 31924 97215 80696 74382 64793 90484 31676 2768 40101 47887 28427 
5917 19
95004 27465 26981 22198 49539 40222 65539 61491 62847 67427 44745 61071 43678 84627 80670 78933 27251 75324 8769 
8482 17
70288 96977 78597 73754 63112 35307 81431 79819 37324 61594 84574 47033 48488 80066 56376 15793 16809 
8677 19
59762 61954 69066 98603 36527 63444 84362 95939 27075 87787 86212 5765 75934 11813 57476 65537 70719 55736 54100 
4704 9
88817 45187 66137 47679 79826 96939 11965 46492 14343 
2115 19
57393 631 52372 56731 70698 30329 99970 67550 40196 44940 50089 82299 3811 72783 62652 36470 54155 99988 28285 
165 15
77458 56855 28355 37089 6338 76135 81958 78600 57068 78531 77356 91426 33518 88798 29967 
6484 17
73073 64720 22878 37335 6410 39787 66040 91647 53319 70009 3922 26862 5028 86189 30527 2347 65804 
7092 18
42777 47563 24410 40561 51913 78613 94096 93133 87291 63367 33861 70064 63378 23563 36091 34427 43485 98147 
7293 13
14667 70986 49312 39981 51647 3704 36429 49885 14763 57054 73884 13465 44087 
2274 16
13812 95580 21433 5724 14237 69748 706 81383 51872 20424 31581 5336 83970 50802 95634 89548 
983 11
8149 74032 46586 80601 94891 23431 42650 21861 44155 13684 1403 
7312 17
50617 49967 44421 62565 24747 47154 61924 94242 12197 88202 28791 58254 39265 61897 33892 27440 23031 
6134 19
88845 8314 20223 28511 15130 15983 16441 83989 14464 46847 72197 54442 58272 21341 84770 53746 3 93362 17304 
5789 15
87405 50132 13429 62416 347 78124 30447 69491 15119 16737 89758 61402 34964 5401 97026 
3876 15
61517 83254 30773 82329 39322 60734 96222 80512 61376 74294 41615 32338 68830 8714 35264 
3058 18
84503 23525 59253 27952 89632 28229 96908 68327 79532 38496 57480 35083 70296 4319 35184 21816 60185 45162 
3511 17
86459 67403 49801 16661 73895 36645 21298 78003 98336 26075 84028 25701 58760 62307 52794 36731 39541 
4592 15
22756 11984 50130 2737 67041 94241 7033 56565 66520 32609 62166 73461 71248 22769 99838 
2977 13
55942 3911 26975 15505 5806 59016 22277 93384 51874 12353 17198 1255 2309 
9432 16
2249 98418 56335 17858 81542 95835 11634 11793 96975 89583 34357 76675 1915 36104 16250 42127 
7243 16
30369 27950 76394 57434 83823 91025 50394 60513 77263 24818 43122 36003 42008 92712 41457 50324 
9540 9
76067 69550 40796 22506 34381 15348 3354 15073 99580 
2161 12
85231 60933 8541 77726 35535 42313 79403 33316 54735 11177 27813 29731 
8969 17
69672 4302 21451 46138 81901 77044 66073 17998 32241 81980 28677 35926 88480 11054 25072 75262 92425 
2868 16
97267 93229 13782 28241 26426 62894 50956 82584 77889 13959 58064 64559 74618 68021 16062 97707 
5639 20
83004 98037 9399 37394 54255 40505 56052 35423 36910 48368 34598 80119 47904 3492 93994 10915 5820 18113 6993 24597 
4451 14
76468 73767 90999 35019 9740 73365 82748 90828 68683 79238 44298 27989 86801 18960 
9013 19
64716 79910 88859 28809 63012 56101 23750 45327 41657 52400 75957 97195 33431 73728 64041 46927 49605 47364 92583 
7278 19
45108 35900 35771 50232 64332 48621 86081 52228 8948 16466 99744 46903 64488 19675 22653 37699 68790 72239 81138 
972 18
67802 47495 17859 27474 16153 41005 15185 22442 90445 2389 23737 60423 42783 67061 2497 71103 54586 35199 
2885 16
37712 5495 12986 85916 70927 43345 28873 68301 72549 68465 16282 94554 69592 44827 38549 75664 
3944 9
31866 21773 39648 64848 31687 72868 71849 20268 45395 
7908 16
44321 44520 30794 34104 76460 49429 34323 59497 44876 50020 27706 60343 90029 28502 51800 97239 
7914 12
57089 74671 81934 97637 1456 96940 44292 49133 46977 74167 59744 21151 
8417 14
15806 34207 5554 54051 95160 69505 48496 29388 59672 84194 90421 91406 52090 52851 
5871 19
20509 97376 60195 91276 52472 74943 59699 35879 89828 81484 37162 73504 281 86954 585 37461 25723 71203 24136 
5569 13
64850 34230 84254 59384 3796 62797 42224 9565 17805 83966 1429 54440 49204 
1071 17
32627 95206 63642 6887 40591 16958 95131 95444 51129 54740 71649 69803 58381 18563 37300 93264 15724 
6327 18
75885 69984 17312 13024 29164 30559 4165 73051 54813 85312 81507 30031 18304 49531 20231 97058 44738 17976 
410 15
86274 75795 16982 88539 51626 62165 2155 47334 80829 65641 41174 58919 36890 78865 97393 
2881 8
13893 25536 80716 5967 17468 43130 90360 20498 
5164 19
47743 70548 86577 25602 25995 20458 50794 40348 84369 36117 53324 81659 30040 27638 99252 5217 73833 21399 82170 
5966 15
49097 54755 19845 83074 13419 31161 68638 84774 24337 37855 87237 52220 27856 71086 32717 
9638 13
55763 68397 54948 61154 62090 4281 655 53284 48586 84531 45336 15986 937 
3817 17
84587 27449 37798 84939 20117 12370 88142 35154 1970 76056 23889 99112 24180 88456 99407 554 99990 
7494 12
623 10857 41288 10663 79302 90878 36353 70468 51017 76735 4463 85508 
7644 15
43396 26476 71355 59212 89347 97054 43063 62560 11830 22370 79845 7510 86800 51970 14114 
4900 15
22179 86116 73689 31060 84342 39725 62800 58292 67258 97207 56998 79457 35847 29655 91273 
2293 14
98604 92725 43317 56425 8227 61028 34447 73439 89524 45466 9744 66863 61567 88376 
281 18
77402 47053 81944 13010 22164 20667 59726 89640 43663 77729 1500 90495 48546 39299 10581 70653 71018 43427 
1886 13
23337 32430 90527 69917 99025 18501 24943 27423 56011 77196 19375 76267 16148 
7308 12
21713 75913 48460 67249 11678 56598 78871 24598 38808 29482 31752 40867 
7666 18
57985 21917 59732 69744 10829 71368 43543 72848 62577 23158 64442 4587 74893 67198 35764 12676 6528 7657 
7739 14
69544 11215 42148 58625 93056 43944 18705 19893 35185 34932 20740 17861 91052 14132 
3730 9
53438 71144 68549 12766 87049 77932 40837 86078 54628 
1640 16
80930 18860 91380 10173 17916 7256 57479 21242 61934 82408 230 5558 45617 97768 46517 28535 
5561 15
78902 86943 22333 56036 45745 16694 95691 22956 46088 19769 60024 62957 77839 88233 66602 
6189 16
29089 80523 60912 99320 27544 57806 27676 72577 28025 77413 55154 74773 38508 35114 35704 55709 
6679 16
65843 32194 80781 31872 78144 67448 27102 29223 65611 82681 47119 35817 83887 72151 36508 55721 
7404 13
52462 33973 12349 29744 66185 41564 89545 30082 30479 63607 74386 76466 1300 
2904 8
19713 55723 60058 54135 31835 94923 42921 91335 
2510 10
20151 88952 51299 90510 94567 68356 58544 39652 58393 70989 
2250 12
38008 10297 87671 68845 19243 52198 54812 3417 3737 95542 84817 70257 
9097 15
9902 9544 68480 96626 79677 98423 66826 95707 3683 94747 3785 16676 70185 19818 85560 
2873 17
9113 7941 56647 20631 83897 74499 99058 69526 95998 1192 28440 42801 58007 49408 28379 34684 40003 
9610 14
26024 15889 72458 73708 51124 99410 59639 7226 82028 46899 81281 94445 8256 61799 
8624 9
16149 95528 43169 3347 93028 13968 68596 61292 26914 
4101 12
2013 840 65631 92118 16166 39838 8983 65510 30611 37650 97993 58277 
4261 17
49192 73265 77287 93936 74052 81291 18144 81562 96131 71912 58200 12413 1400 55421 71661 23965 59224 
2824 10
55254 97295 55607 72587 97960 46614 14508 10632 59793 87607 
7167 17
3379 47408 68814 40069 14696 13628 29985 68796 38461 32397 53254 86626 11057 47604 54348 39117 36703 
4891 16
4167 95816 81515 68083 45691 28857 4718 35489 99788 74078 23732 28267 42432 49811 28246 4689 
6367 18
8507 89772 95063 18716 68008 74113 7512 51554 12701 4513 55679 51998 59315 55688 4138 46085 85339 53725 
949 18
85340 66774 85625 99103 51721 16433 81237 96095 35429 22710 46937 29480 27370 44036 8189 75318 86022 83829 
3050 13
7507 17096 20053 89911 80440 31709 57053 55851 41617 50044 77035 14042 20139 
9596 13
68283 28257 92897 36022 46877 70628 62020 82845 83745 74803 6407 58817 83441 
7539 14
16336 74155 97173 77176 77252 10154 60698 54763 53900 31646 57574 11331 64429 23308 
6129 9
76567 10774 18743 21030 85677 14224 43174 60913 95606 
9168 12
78390 22703 34540 96405 28484 26275 5391 52598 5688 81278 643 18334 
3353 16
54905 44433 61322 86349 74186 72277 94821 38960 27257 79126 36211 19718 98371 701 12688 83442 
6965 16
47221 34661 23090 60090 58088 38698 32742 14819 47653 46549 88753 78673 90661 45995 16622 72981 
37825 34528 
1120 16
23815 56255 97012 46760 40692 88529 2804 95433 41930 32711 19989 77685 16512 76503 89004 25925 
3038 17
77961 87132 35781 39108 74535 39175 6670 78023 15187 77621 54771 6021 42724 15116 83715 87299 88556 
7197 19
33752 79354 40527 45087 9789 70548 60373 57881 37221 35493 57825 50884 22905 29183 47711 32052 85002 23852 17486 
3119 11
10077 86395 2830 7275 18037 19906 55852 43504 15739 39006 62099 
3124 14
99244 31431 99456 1683 57835 79809 42065 11593 4303 89360 88888 45851 24803 7441 
9097 16
9902 9544 68480 96626 79677 98423 66826 95707 3683 69480 94747 3785 16676 70185 19818 85560 
1367 17
46282 13827 45539 22765 84147 66062 86150 38559 9091 16532 15715 47353 98276 82433 11608 75717 91069 
8098 11
20487 52912 86941 35499 83543 6241 32178 48510 45918 7982 98316 
444 16
3077 53963 55257 1892 41619 80636 50386 46666 84956 31693 33829 47918 75863 21992 31023 94801 
9007 20
81262 60182 80618 14445 4163 59658 12347 43561 14134 20795 44806 20561 29593 80807 92554 35901 95500 83338 84699 5882 
2021 18
1843 27794 71286 50373 37252 78156 81421 71534 35269 23418 32198 37960 74288 59167 51017 78468 12950 64069 
1541 10
79029 78308 29962 34350 86216 33129 52855 36213 78420 66921 
3459 20
33307 1678 87515 77920 8575 57400 24874 17120 22522 25755 87562 75515 71217 55157 65964 10876 12206 53358 28136 97886 
751 15
51453 91075 29854 5449 33695 18471 15535 59538 92605 74094 59492 94239 41058 65399 15713 
