435
8758 17
13373 66675 45583 57507 17985 77120 18403 74958 51760 95727 5445 88026 60299 49244 24925 68057 36492 
4138 19
7028 92204 45568 17444 74424 68663 55497 97831 57207 16048 41421 45495 34073 96595 37046 67693 59332 57000 6958 
8792 12
20600 70303 38764 70023 54232 9735 54239 6357 22102 89532 19539 64469 
2459 19
44746 38665 51707 27741 14032 81630 72442 42354 44253 94637 59090 5868 80547 48660 74739 23045 52565 42887 4876 
205 18
48013 59987 38482 66489 17610 89409 35266 36301 67607 64997 5036 28752 22789 15899 54398 81965 8895 85922 
4559 20
68168 68591 86546 57514 29787 36860 6674 15893 34123 69713 55647 18603 20583 20961 48582 12540 28288 51072 17856 56940 
2109 19
59548 69361 53017 16081 19152 43212 31327 64071 9177 82880 42324 84424 53156 60640 39183 32541 35173 81350 12460 
379 18
60701 50125 58268 83468 49135 86948 97853 93399 40299 32075 6458 48493 89172 39454 72588 64684 47267 97232 
5862 14
84982 99645 22782 59365 66030 78593 81621 72850 37181 50463 61586 48809 56698 3082 
8314 12
56962 8642 63791 26183 3608 2974 49592 15104 41770 68776 41045 13404 
6338 18
99700 12190 60792 87196 95615 14542 90076 24605 84191 50679 68607 73241 28228 45550 97460 85867 3993 87956 
7017 20
7207 15917 23908 56804 11293 82204 33816 59088 67201 53743 91429 41110 91928 64645 72638 3454 24393 88873 99676 68073 
6210 17
22453 92944 80216 79339 37481 17499 17369 79216 75191 13921 28035 69731 32978 55693 69805 12757 35186 
3676 19
25663 75592 83513 50011 61966 91899 93137 20226 47800 9060 49636 10995 21703 51772 48629 51193 34946 53949 54605 
6885 16
19537 27088 17732 85859 63259 5015 92336 6488 51407 82690 55405 57256 37539 6480 66579 69466 
3147 20
95666 38394 99293 44216 68113 53785 14779 10737 33718 58389 16008 2318 95372 65986 86080 19203 86918 49251 66151 13856 
8728 19
71936 35203 33260 69082 65433 50050 87702 32405 56671 10134 74374 73194 74978 35881 72584 47730 18116 81479 15654 
6213 19
63457 77424 10865 13393 29136 94635 72552 46054 82724 63817 51875 9811 64840 29045 32725 95472 58212 40932 82901 
8917 14
32911 3456 38007 42526 18745 65614 10177 14901 40941 61097 22365 60134 39083 6604 
7819 20
47416 71839 45905 88097 42215 89224 58796 8183 21414 86747 20549 60221 53006 39170 32704 86604 1367 37514 58040 85469 
3854 19
2245 69562 45850 55034 6534 36681 23466 80787 84046 23882 76913 94929 20817 92790 32246 28893 28622 27739 34562 
5219 15
22188 22397 30980 48243 90846 11650 65749 94762 15058 27426 89641 4727 50308 86054 68110 
7327 17
97546 91198 10089 2444 91892 66385 50738 80916 62968 5377 72011 85856 7209 89861 69788 23059 56397 
8738 17
34438 20614 68221 1081 46844 42857 89237 2052 92795 33701 88550 485 69069 47390 10840 36519 41936 
517 20
41481 46862 4500 90605 89982 74245 54503 30055 79584 60630 47947 81806 21012 45419 73642 54076 57333 3476 49599 74050 
3022 19
38872 59416 25983 426 90683 3416 6448 14072 61920 88733 30140 79857 9564 78659 12561 6089 73124 18402 1628 
1341 15
80065 41176 31616 24766 66562 61228 16372 94980 93236 469 77322 30802 62345 81938 15484 
7696 12
36013 35737 44013 58088 69685 55498 1770 24208 29470 82197 43848 14408 
6342 19
92024 40639 83420 56610 14438 78035 17891 21926 72245 32670 7859 54197 66637 69395 9810 92418 82294 55491 15146 
832 19
86392 29746 98497 26078 76482 42719 89198 3870 4567 54441 4118 53142 17213 12923 1489 44419 85275 75680 29059 
7726 18
27 79952 84050 61424 9587 88213 29087 63936 43404 82992 51359 91734 52019 65491 44524 44950 26720 85737 
2426 16
62386 46011 29891 79815 47956 20121 83455 80268 32695 26876 57164 41980 15831 51424 36818 6297 
165 19
70232 77458 56855 28355 37089 6338 82111 76135 81958 78600 57068 71402 78531 77356 91426 51720 33518 88798 29967 
4906 16
85691 41014 35339 59374 85861 4488 350 67520 67138 3596 73776 64655 81204 34317 44835 23700 
6770 18
61058 80027 88226 9318 31786 74176 60572 80420 99696 71591 75675 33259 31884 61014 65399 6992 73941 29257 
245 18
12185 19063 26545 49980 74282 42277 67961 9366 35988 85377 13505 21775 43905 33358 95513 21579 93787 82311 
6496 19
18901 62086 68594 89444 36859 80837 77943 91222 76564 90177 34085 84 92286 70534 69718 18283 64675 45780 31777 
1760 9
5901 39132 49620 14830 22422 40929 58487 46805 28953 
451 10
55199 66191 78636 94095 15297 46950 87307 62222 15961 55813 
9117 12
27449 51457 27269 10377 18594 82013 40811 6519 95321 77923 48656 72498 
4557 20
13583 73277 3355 21060 89741 13495 44225 6434 66989 13292 10722 11372 45528 31542 96509 22731 75201 73791 38929 43129 
3547 20
28626 49233 49047 67381 98490 97811 66303 11006 19858 71151 68263 18037 43770 46446 43386 79320 8106 76963 34331 68797 
6834 15
77057 24360 43531 97078 32271 43473 67461 74994 93328 78198 24210 78195 14402 33989 72358 
5107 10
26124 16207 99782 91670 89436 71935 42282 90546 25261 74495 
3877 13
56436 96445 78695 10917 99715 99109 63049 51413 73025 49300 93138 71269 15317 
8409 17
82810 70955 19868 16772 56398 36205 10599 64630 30021 69191 38887 98392 38604 65606 59291 86197 66290 
8186 10
4106 66406 20166 54686 80745 38853 75208 78862 75246 45298 
3507 9
1983 45935 78255 90321 39656 49256 12840 28944 38983 
2892 19
51425 30672 26190 51820 85247 50451 37513 56667 55996 15090 20135 74543 20815 53745 9474 4658 72634 10531 69949 
1996 12
30382 63868 73587 26562 15683 24317 69113 33775 67027 34632 40074 83088 
5571 15
33466 26993 65865 73654 13218 39285 12456 32815 89448 51775 27812 65286 82035 2066 30386 
5779 11
45597 24580 60059 83453 59705 63305 90614 76134 12567 36731 86345 
817 17
77725 84896 27712 29183 27051 14175 60764 45477 73419 14671 20186 21332 2857 38506 48116 1202 97963 
2054 20
92636 91659 1710 6185 27668 44097 85047 64013 64706 45711 15150 57039 78222 78287 80293 59767 94677 2201 93387 38213 
4434 12
52445 76501 95613 26596 90926 66710 22448 54041 14462 50089 90285 61601 
6515 19
21935 69818 57343 14794 99105 99634 57344 25225 91885 16528 3350 54125 30466 88653 95801 50064 1897 20010 22189 
5484 13
66854 59674 41165 65001 97383 27715 50882 72129 34300 37417 13019 34213 43379 
7575 16
67566 43509 79454 43121 81317 53525 60496 80057 14517 96630 31529 11851 99998 56723 57733 66420 
3597 20
40462 30212 95110 43268 15572 44464 11413 10118 37962 76133 90138 43181 26650 84345 90342 82493 12667 73670 55285 59146 
9733 16
39173 58005 38374 90923 48043 55543 58337 16989 55530 14939 77857 25678 52738 73503 46377 4715 
9677 17
33039 86511 39918 23345 8357 97560 77466 46666 48862 7804 66793 51519 16402 46180 25977 39694 19967 
7501 13
93725 10795 81514 45109 32939 51808 45035 18882 40825 80333 66535 38087 68722 
141 10
61373 37098 52135 42032 33554 84401 11061 1616 27534 21027 
5017 19
1990 71607 33967 20467 31031 62360 90077 54423 90889 4977 17889 85280 97297 8655 4919 27933 4551 6203 33319 
7344 17
77416 66432 90169 12714 8712 77088 22816 26817 10626 61206 3380 91488 48724 46076 36586 81481 65945 
3943 10
9541 45268 26310 87373 90311 38926 32241 21566 67942 71086 
2069 15
54983 63965 34774 24195 5920 78539 9301 78801 7766 72044 9032 86208 72935 40362 81953 
8384 20
29310 76168 27699 71023 90223 79781 84313 24067 67329 15212 84933 67804 45614 54344 4986 37923 69826 34713 81966 89482 
4386 20
55589 76411 81146 63486 27770 25605 55159 51559 8144 74910 53983 20278 58984 1441 41768 41057 51286 70149 2757 50686 
2830 20
73779 43765 27169 2816 85802 50999 24754 93477 11521 52506 81508 66058 69904 17347 2023 22923 62515 74125 3571 65030 
3926 16
56092 18547 6370 40281 95927 90087 96483 34839 57655 58959 55415 18013 32509 75612 64846 25024 
2610 19
1382 65479 61304 49113 77032 39325 89240 66708 4174 7820 74761 25060 53356 30494 52297 11071 10458 48745 71113 
2985 19
25908 81301 84959 23427 60130 85650 61028 31850 94195 84273 34879 95068 43834 60726 96818 73927 33431 51017 18528 
9833 11
74638 74124 14706 60218 13060 63306 4580 29207 69354 33929 42595 
201 13
36432 41939 71461 45238 55418 16015 71506 97865 43702 59402 37292 10122 9003 
1731 19
95703 43551 45653 49365 58646 62603 9773 68097 88863 6756 26239 26296 40693 4499 84056 44982 76857 2408 19645 
124 20
24621 61355 24050 73992 27245 14060 85089 95809 42217 1761 15639 22781 19998 50535 14797 90452 15396 72008 98554 59965 
1045 20
17105 25087 20595 95978 77344 63622 90560 21886 41485 54028 20566 44114 43439 87873 56316 91949 29992 39892 38313 49560 
5513 16
56844 71501 87634 44137 68500 31381 87175 49374 65210 58261 4574 75099 3443 85906 53280 39013 
8388 16
7524 92996 60592 57484 65980 93028 47698 73436 5630 93683 25618 55489 40309 693 70556 97776 
2783 17
38236 52842 14714 42792 23568 63986 86454 50528 71281 56288 93047 95945 59093 441 76368 17055 7560 
2760 12
78645 27297 57304 64077 93269 30126 89490 78331 64610 16929 26113 85851 
7584 17
39153 99672 8135 21488 40246 72986 64265 1783 75741 51486 18981 86386 23420 62506 71995 92705 17949 
8912 19
36219 9206 5735 53735 31202 11771 61440 51355 23631 24608 57032 74752 48048 37555 69852 33840 67082 76800 51469 
7217 16
28172 73827 39816 63234 52813 26071 60144 6572 96348 10306 43719 81395 90888 30053 29793 50363 
9872 12
46559 42558 22001 51849 47501 85527 91580 4537 60493 32420 86685 56111 
18 13
52395 75224 35169 98878 80302 64396 52255 56601 55842 73308 69057 29586 74997 
4871 20
920 12492 79041 29616 52743 42134 10014 2030 11543 55914 58146 68337 17652 50357 83073 18945 98377 17164 66996 72701 
2162 17
93034 31645 49668 54504 17961 42376 81610 63614 31401 84861 54449 81932 66269 35593 33165 44531 54155 
5695 15
74870 84961 62670 79721 62794 18147 47200 97966 95640 44162 53145 99533 17485 29776 97536 
854 20
41186 99670 68050 46127 41059 92231 24645 70000 20317 22817 81781 40915 38894 59807 59064 78498 30572 5310 95779 59377 
4074 20
2184 22232 75565 60749 95481 92803 66165 33235 7282 15039 47160 87003 95431 39999 40629 87243 71391 99133 31062 87114 
9394 11
79072 58380 55277 41877 9281 54442 65545 79397 31374 15875 82988 
5523 19
74547 82572 20012 37009 89131 33580 80571 36834 40020 44354 48363 65454 67081 31078 64293 17531 95018 31675 18711 
6175 20
12358 60953 18537 10039 40408 6439 87538 74460 74707 67606 47858 96787 69334 26121 77856 38729 97980 564 84691 39664 
8791 17
77912 86695 7772 91907 68515 10195 70762 32205 58323 55805 40812 99958 5851 95022 67079 27407 89708 
2541 17
23352 96147 57554 79040 25662 73929 12444 32094 41831 12038 98796 43459 29965 19302 59039 14967 5197 
3964 14
73342 99156 33707 32041 58366 7422 7033 15355 52930 90394 62140 9299 41049 93435 
5604 17
88745 98615 83808 9978 26363 26512 3229 21085 83291 89538 63689 63423 74267 60539 98019 95456 75707 
4597 15
19129 25543 86510 8094 37018 97711 68984 34559 83292 8478 54114 17795 77859 52192 22343 
6189 20
84448 29089 80523 60912 16253 99320 27544 57806 27676 72577 28025 73003 77413 55154 75602 74773 38508 35114 35704 55709 
3483 19
90279 42098 11010 87119 51336 82304 72828 94901 909 87024 94004 37523 30642 18848 91934 88637 38455 69536 1098 
9073 15
60928 33207 70587 72287 4455 42630 9160 44937 14472 84040 95955 34570 73625 87013 67513 
5607 16
87884 13976 52916 40859 1577 47916 93808 59715 1237 35592 99744 66512 1411 49891 2953 86135 
7989 15
22925 80808 6800 31099 46874 12877 34694 46347 25304 39418 86559 92114 95793 33147 4181 
5724 18
83428 63547 24578 72830 21401 8025 43701 12844 3319 16663 13122 89956 53478 4331 91251 93722 19536 64761 
2055 19
5499 65188 91863 41799 41440 47421 97431 62518 88144 18570 55571 47379 77093 61117 92375 30771 93835 31848 57445 
4768 18
2664 15338 84032 88029 21514 74207 85938 97829 84398 57808 18141 75579 13942 65115 71284 61523 1691 17302 
2380 11
11146 42369 37395 29106 12664 65802 90457 11550 83028 6118 96137 
8503 15
85340 99505 46698 15136 43265 49601 83527 97212 79494 91072 3107 22984 43971 95114 13975 
5830 19
60649 78489 12702 23539 13259 72476 72903 38494 66515 78890 31295 24291 6634 69900 66499 72095 48468 88894 19095 
2317 15
20878 87402 65696 82056 38890 66434 85883 10806 70890 41224 32673 75328 15438 60074 61382 
9218 11
71906 23172 41448 8590 70639 27311 24201 68963 35538 89612 50339 
936 17
56486 17108 71167 54267 74249 34818 35093 776 85024 88502 5607 15232 10511 70836 39134 8714 48360 
5315 17
56041 89245 54183 73952 51460 22766 60702 9001 1134 83558 30728 576 29853 19028 65764 46675 70880 
6782 20
69692 37178 58313 2356 94939 41134 22771 50684 71384 42706 10634 36522 1649 17917 92799 6926 74177 35177 86027 84072 
2250 14
38008 10297 87671 68845 46943 19243 87037 52198 54812 3417 3737 95542 84817 70257 
9204 16
63140 30909 97721 54110 41533 14911 60050 82570 77844 21536 27638 23565 94816 1827 15641 59900 
7984 19
44930 27980 6981 57104 7690 38861 57279 91557 40900 55615 78896 88120 97991 96995 83098 98660 59248 60574 56008 
7358 20
8226 6016 41726 81897 46729 65508 65619 36550 63957 45114 59605 34271 81543 47834 46203 30585 67570 34122 51487 88944 
8177 19
86465 62193 37076 27778 18057 61129 12332 45970 34772 72882 12082 15824 87722 47292 19949 68303 41349 30779 42461 
5077 19
43978 15771 46349 38513 40690 42553 16354 43188 9076 48864 73937 62924 82116 42398 79743 40668 86166 99816 61882 
2786 14
37310 15562 29626 88803 99560 10714 7537 53376 38790 72419 55427 25368 27246 34993 
4193 12
82470 16068 8596 51587 29869 52011 58278 97482 99564 34675 49397 24403 
3141 19
54275 82156 17057 97269 56285 83859 29627 22363 40196 5347 75668 8049 15833 27423 68045 67536 19375 18466 48655 
2942 14
98932 81564 73004 90045 69898 19722 39100 23015 25245 86813 6497 62440 54930 5417 
3755 19
28997 36632 89399 28933 37715 93679 54060 89386 66021 69000 1719 86288 93419 11814 98204 63749 6167 79379 84772 
2075 18
24782 49072 84055 68423 92693 1448 18433 18122 39879 70852 50393 41424 87118 99139 69430 39111 4859 38228 
8473 19
4403 20100 83805 33746 50900 41836 54599 11557 98284 85794 53910 25724 56569 75360 55368 85399 74788 50273 65237 
9097 17
9902 9544 68480 96626 79677 98423 66826 95707 3683 30544 69480 94747 3785 16676 70185 19818 85560 
2137 20
70379 37854 56949 23621 64790 14704 4572 44632 36726 75376 26245 46404 93795 56775 24477 75016 88626 23019 70737 16397 
8691 20
48126 46058 1012 33992 55052 80049 35565 87419 18437 15480 78477 20152 50247 78715 55714 29434 85175 15371 11153 59290 
6644 20
89990 62465 5281 47332 52990 87633 79918 60249 35676 34217 91504 2164 10816 32722 59710 43182 39066 67532 73905 34688 
794 10
74291 19230 26937 19564 94453 81411 19740 14396 9991 64596 
7348 10
59577 13417 73161 11935 50507 59770 51864 65317 78394 47631 
9469 18
31650 99494 62718 43010 35641 11627 33135 78113 31485 30660 4172 39753 90241 47485 8036 81909 24870 38285 
4088 18
80579 42689 38110 73323 16812 10782 99266 26006 30218 83481 86814 72538 43684 8920 8397 75991 92967 32152 
8262 17
14172 60403 48694 34545 38939 48070 11053 30397 4437 78104 98408 55618 48142 77806 54072 95669 13390 
5123 18
68230 22311 31182 94583 73875 87725 4620 19589 44 33095 44326 87570 18712 47057 32289 35623 26371 60536 
9985 19
5474 86708 18118 352 81477 35989 4521 95315 81469 46976 43277 39791 57997 13262 94829 27065 44342 31641 71651 
8530 20
11503 81373 87719 5892 26138 53582 59089 88957 32631 2304 20859 16064 42760 19448 98024 99723 22968 96213 27044 82458 
349 20
83215 64201 17897 92378 49971 45706 10212 55168 56492 71808 20469 87536 18167 97265 39545 93253 59352 73350 99807 34171 
3031 17
12860 71518 34578 26390 40984 92124 40895 92344 61592 28318 70560 53410 68504 54846 71041 91359 35077 
3572 17
61989 60392 89382 56378 57615 83768 92553 11614 58966 7170 65971 36954 71847 52260 25351 4815 38634 
4830 18
90407 2082 65869 44469 43359 19407 52179 90737 12587 50014 47652 57205 38252 297 16188 9797 60012 31810 
2860 15
92153 16588 81930 75896 45411 33175 97540 72241 97241 80093 43267 93367 88864 51451 14574 
9751 19
30671 83119 97787 77396 94983 88494 86798 40731 68269 36902 6374 78043 81153 15698 12414 92385 68977 67431 16176 
4823 17
9572 72005 77519 91942 46223 6111 64066 73855 88339 75209 39929 1141 40726 24789 78469 30191 15820 
6063 20
54575 67622 67848 78200 9552 95598 41516 96428 79788 1266 85987 48962 51504 36058 66962 28199 5828 91877 9218 50947 
4376 19
89126 98040 13235 92619 6162 29485 11674 67537 93326 39423 89574 67236 50534 85611 13887 35578 11920 61068 36979 
8696 20
35619 45104 44776 86267 17085 89554 3876 87902 38304 24855 77630 82092 78115 2284 82577 94634 66416 42488 5076 65791 
2928 16
97630 67282 16309 16159 18109 12157 57257 31414 15036 82132 50115 47749 63149 77931 83392 63521 
3381 20
63875 93871 80007 8431 72338 44594 6248 89081 71502 41724 11664 64125 26453 8244 50818 83773 66851 30818 98928 33978 
8416 20
59464 96543 22603 92212 2651 57082 44880 49852 6931 63839 51676 1752 99590 68686 15175 17923 14421 75920 28068 40228 
8050 17
68239 93694 18693 42059 37194 39647 50751 70363 63540 12728 813 24179 36105 88971 63265 3975 78373 
7161 17
65723 84849 23843 50721 2887 90540 73416 88725 46283 52823 18398 67641 61305 97574 64254 93310 27453 
29 17
93750 80532 77682 66311 68449 12708 33042 80009 55674 33336 68691 77350 99675 97733 50056 23600 69534 
1711 10
77518 15318 22263 27128 86544 81455 87749 45685 15797 67380 
2901 18
21422 6452 19814 20707 25691 55482 32616 94766 67673 12040 88634 58807 13741 34002 32970 85111 71126 55760 
9517 15
24720 97001 52964 64422 61144 58949 51558 91100 76115 97254 88018 25943 36928 41155 65632 
5427 14
25335 48764 78939 92912 33340 16191 60495 95337 75811 28677 37203 70834 13678 96387 
3722 13
74617 77650 17420 39803 30831 67561 22645 68679 8250 38383 86539 99809 81754 
5065 19
32542 28614 40458 9950 71471 311 6870 20130 3096 69453 75917 99038 63892 77520 71880 28703 62380 89812 99758 
7729 17
24647 28235 31058 43920 4197 6685 15638 80885 25440 16001 86053 5343 54159 31033 72099 89627 74182 
9900 19
97765 84053 87020 80409 92581 56380 27869 84631 51525 41969 41733 73966 25784 90242 61359 25311 84632 71963 56629 
7637 19
97166 81221 72436 63042 14319 64449 55467 90300 63221 3599 44301 13345 8429 28763 57007 81661 11312 76630 48679 
5545 10
44168 78978 50728 90134 96531 40587 1458 73872 53786 79351 
1879 9
38141 86311 54993 74973 39746 46861 54365 82844 33819 
3991 19
13418 76039 74394 60091 84748 965 19820 53412 20429 90156 47613 18276 14943 89303 14661 49440 63001 46311 59533 
4330 10
96715 71274 72368 96206 2290 80442 97836 87042 6287 52496 
4713 19
7840 20958 42024 16018 72070 47016 6256 15110 97498 15233 2430 70362 79089 18798 344 86903 55232 20393 76521 
970 18
27452 24640 54109 53932 13006 30774 25412 28548 1341 72499 38001 57157 85245 17110 68241 37660 61976 97833 
6550 19
94970 97138 10051 35700 31067 49892 65313 11530 97857 7958 93066 63103 12759 33058 80912 57286 85050 57527 16395 
2044 20
29958 39554 69029 71861 27066 89068 25945 63471 64546 92294 79761 7230 69976 59429 90947 34336 2766 73699 63723 84863 
4252 16
73224 19213 86957 72729 62340 26067 73659 92372 73169 87121 48475 58654 6511 28200 51077 34069 
8041 16
23432 71845 47237 80276 50373 15427 78976 40278 75881 51803 66867 68392 11900 53275 66873 51727 
9955 18
73413 34552 59542 51468 34016 47250 81418 25906 11631 68997 79603 32652 91437 95477 48544 57289 33800 83193 
5154 11
68744 79618 27836 88666 68342 18386 20976 37053 10624 15476 67175 
3980 13
2615 65633 52618 20536 33290 16083 52707 39605 79614 36523 88792 68260 52905 
5705 16
9317 52521 5997 57516 22107 93951 72383 79021 58826 27900 32678 58332 39488 8095 67006 46865 
8280 18
47797 87048 45879 612 72845 4407 68234 93569 86752 41699 17809 81120 61471 86664 23330 75747 93009 88592 
3698 11
91786 32312 3504 64709 18098 68347 32386 8503 82055 29770 24081 
9810 10
53684 72649 95564 4726 1912 53669 7955 33464 8905 93754 
2312 15
13823 98469 91794 81542 59775 68329 28085 85350 71048 13730 49408 57537 96364 94581 52696 
4758 18
41803 61417 26076 4552 94218 71749 2686 74497 91216 47525 54287 2051 92408 33654 24709 23928 99010 84347 
811 18
94207 7006 87847 13093 66814 43056 33777 60123 32257 58470 87977 36628 18871 84120 50881 19254 11148 68738 
5704 15
14655 39569 67753 31117 79274 67042 8364 62997 94512 22302 41236 73809 46842 72100 24891 
5339 19
74857 8649 63380 97317 93773 61805 72427 57668 56296 82022 11166 58639 40789 57166 68007 42866 21895 58878 12125 
718 14
12283 92333 10687 20800 95244 91567 81011 61949 90561 35644 48708 65318 7817 63255 
7120 13
92811 52987 81466 78578 55580 49243 86758 84236 98211 19466 32987 58277 46518 
5926 15
35943 78192 78639 69838 40395 86784 52752 97132 71833 33209 87561 66234 34786 18542 59526 
2943 20
89074 42824 10040 34734 14627 36728 35038 19155 56395 38998 44522 11954 4916 61497 68429 56722 68857 48077 8051 90985 
569 18
45137 88901 7514 41735 57268 38226 93839 29911 97469 45038 66772 58706 72101 8780 56505 42699 66992 33069 
1820 12
38829 46827 56607 57435 31953 71534 99481 6588 78487 4600 22788 15017 
6185 19
43886 10957 64503 26521 88182 94908 13777 85140 80553 39140 75533 1550 81670 50605 47875 53631 4259 92901 49168 
5079 18
92329 40742 22152 33243 21014 89780 72914 5740 77706 96146 78166 56289 75525 65431 51137 81583 39335 76030 
248 17
84520 45880 42673 9102 63932 7283 42868 33656 4364 21590 71460 10590 14983 41047 41711 31765 99836 
9269 20
86757 20210 9353 50815 26347 23676 93686 96352 76753 23128 37052 29253 59944 26592 19235 95977 17441 16975 57458 22497 
6933 13
18814 33853 83938 51673 76646 73745 36460 66002 9482 33506 29134 89810 24262 
7452 14
33899 75969 22522 55173 94579 68860 70818 17398 70801 44527 28031 38193 87337 73154 
4831 20
11270 63014 43605 80494 92101 69389 52585 78637 85669 79371 76124 5625 86158 16025 58898 56014 5375 16062 82923 29648 
6924 20
71058 52515 321 21608 74778 914 26289 11872 72342 79063 63846 85194 99091 17326 72444 35243 79444 74130 28224 437 
9447 20
38493 70663 38593 673 76262 410 89681 38320 34612 76725 33653 90735 98621 61857 42871 20351 83518 38150 14339 63821 
1260 14
2144 58132 25041 80964 52313 41850 21423 42899 88867 18680 64855 58931 1607 34308 
180 20
22770 56086 52970 71005 98128 862 79716 3243 20863 72660 75870 84541 97815 53633 57753 65750 31588 87213 35394 54866 
1432 15
44014 43667 71266 696 74840 39239 92158 63003 84417 35888 4996 39998 26297 67751 1554 
7758 15
10576 6384 11392 66093 19894 17391 92426 47502 80784 82520 36304 15171 44331 2666 74278 
534 15
3825 97249 92308 99656 69698 10729 50458 51671 88535 76375 63232 87826 81803 97649 57143 
1497 16
3560 72508 69302 66792 27689 7947 47872 99669 12836 86723 31598 37682 42187 41685 35165 50078 
6946 15
1989 49436 73738 25083 18210 23064 41924 65574 17325 19104 7713 73366 41494 30558 91591 
5024 11
17896 81823 11699 15202 6047 54519 16263 18176 98594 48185 19290 
2652 17
63502 48851 9734 65446 65701 65834 15734 46407 67212 89908 63606 81516 91425 44178 31093 76209 22805 
8430 19
39698 59317 10110 73818 4944 4163 83615 19526 309 2840 25295 93758 76893 93468 73008 25098 47508 15640 10029 
2442 18
98604 84503 25730 48399 73543 48981 58775 27609 31444 48214 4533 40660 16400 72868 16842 62385 96549 9663 
376 18
33324 33638 46481 22204 13363 46678 46614 59497 605 44627 50141 38021 79000 54097 63488 86036 16735 64443 
1694 14
70831 70062 18762 11858 89621 10267 17784 56832 13145 88937 55626 96424 36248 75888 
733 17
79180 92724 39705 55817 92955 49094 67770 13284 65928 10133 76251 80266 83833 95415 66261 27665 5837 
4277 17
1840 87780 43436 34590 5683 50526 21120 59812 76239 41002 93834 43504 46843 76576 99806 88908 15890 
1966 17
96754 69105 79121 32503 89946 22877 83505 51362 78308 57809 14222 83275 18759 44201 8523 42289 60672 
586 15
47248 80869 95113 90310 54612 76200 52453 37371 83289 124 64167 17775 42305 13560 60971 
9316 16
5807 70147 99852 47309 82906 37623 47249 75727 83085 33100 43322 78016 42636 19434 85069 23358 
3125 14
73746 3770 84323 48445 16741 96765 36648 48866 79268 74348 94078 82229 36987 38283 
7833 20
48921 80729 81100 15040 75439 28263 13413 27970 6455 13335 25955 76171 17284 55296 951 77924 65603 82706 28929 96292 
6273 13
857 43226 75959 12488 97091 76040 62490 95368 12008 64713 60312 5951 12290 
1195 13
9331 14934 67451 34 58034 12925 16525 81708 60713 65784 61163 99673 79555 
5326 10
41622 48683 85869 98038 48600 70086 13108 6996 5444 50417 
7791 18
23942 27113 54133 35109 83007 41427 75810 87331 49959 81321 87958 48237 26638 84014 32187 91641 81874 93181 
4345 20
27254 38409 67291 53488 16142 23092 38457 40130 85620 50703 88394 51719 31051 9961 52530 32792 14602 736 35844 57042 
9023 16
85054 58516 99126 67586 46856 18756 91525 53846 9790 65157 34508 72249 67956 61445 72512 94122 
1949 20
24096 18968 71256 82966 98832 52845 2883 63589 5658 7767 96757 99572 99686 77607 75188 21318 29512 46254 41367 1416 
2297 17
32352 98491 19238 67018 61759 74118 54343 20451 72402 48161 5511 6718 42504 70960 26037 34902 44219 
8595 17
64021 37503 30312 98598 30447 53005 41645 43663 70920 65960 66415 61324 65085 52785 61735 88596 29080 
9255 13
80757 17705 54473 12490 14871 40739 1875 19731 33025 69499 87929 10121 82545 
6821 20
34765 13254 40424 1631 64475 6120 40734 65710 47392 99232 53296 74059 38721 85849 36401 82842 95339 30421 2614 93884 
1608 10
79704 12726 47564 86287 14835 52406 88903 22913 26173 78176 
8627 10
84995 77183 76297 95981 34080 21376 43791 81282 23440 61147 
1307 18
46815 23465 40496 72959 33850 60016 52535 1529 77218 75297 48817 37105 24787 54991 76167 82495 30185 86902 
1318 19
30334 99962 14868 53550 57100 10334 95654 15196 98679 61901 55870 81761 31460 29097 44748 97398 33648 49411 82763 
6679 16
65843 32194 80781 31872 78144 67448 27102 29223 65611 82681 47119 35817 83887 72151 36508 55721 
4460 17
76084 82131 56836 43208 51201 95798 36327 54694 35789 42973 12804 69675 21702 98425 25169 8319 96436 
9729 10
67106 46723 6259 51893 78062 36552 5126 63154 34780 90372 
637 17
31175 33750 57881 63248 53337 69260 62392 40066 86656 55018 76310 36630 85689 27172 81280 47643 76965 
7967 17
87274 43138 30594 96830 20191 59764 76043 71696 70732 85309 40555 81258 81907 82680 3249 58473 48520 
5654 18
58774 55252 49319 47669 3479 26060 13720 89846 26456 83268 59164 42559 80070 87670 3565 10907 8560 94010 
4201 12
81159 479 39389 93801 86555 10444 26927 81993 98822 5013 58652 64755 
1690 20
91761 32861 93681 56080 53919 99536 32610 22256 81012 44080 74950 48518 74480 22036 33213 55029 85301 21823 74698 47934 
6636 14
42641 997 71874 5454 54092 97223 34089 1816 60066 95361 75695 47982 88953 32592 
290 14
91032 26169 35459 55135 99901 91328 16298 21136 59417 97713 59035 97769 75750 23235 
8195 15
51613 67391 3200 90303 1533 38674 59750 71783 76655 66272 32220 97797 77990 26262 34166 
1464 11
10968 70201 32197 31005 90673 6964 33607 61212 23162 32384 40376 
7644 17
43396 26476 71355 59212 89347 97054 43063 62560 11830 14944 22370 79845 7510 86800 37473 51970 14114 
7841 19
53855 51679 13603 47100 18316 24318 59880 91832 29602 29245 38953 73346 48987 34294 17413 32406 72893 40280 92195 
8509 19
43691 51038 28184 76382 1031 19652 20134 96577 16006 29118 71242 36537 42005 751 18181 22417 56204 95215 84855 
7751 19
47790 86203 22198 37035 87414 67613 87980 2801 42693 84372 8100 63870 2707 65457 86608 12033 46935 89614 39658 
7368 10
56298 83691 14375 91433 40763 15296 10925 11093 18208 67270 
3385 14
73737 57929 3713 92347 58902 74943 31050 108 7022 12470 76345 6833 32505 65741 
7977 16
73858 1113 98237 63465 9618 95919 22995 52968 60431 58806 81155 8182 16514 18676 85101 57517 
877 14
9229 49292 20153 55806 81962 26588 94859 91220 98238 1526 99940 79365 92622 99990 
7491 18
32661 60681 24104 14389 29611 21049 39743 67568 89044 70505 75423 25513 39338 6316 43424 48935 8221 69142 
3679 15
43919 30290 53944 77953 73279 33897 32628 49586 15648 91484 54193 20209 39446 23169 73820 
5962 14
20523 93859 75121 50562 20876 85499 4205 81883 62371 44557 31206 66881 57005 87381 
1860 16
43584 76930 6745 29488 88012 31055 69436 96918 56045 9000 48750 58580 78460 71897 10839 14948 
8505 19
51950 91543 75626 82264 70781 63958 99498 40259 80284 10869 86182 35399 62215 4848 44883 68405 68816 53693 64527 
4437 19
80624 51678 39214 93000 87815 21619 40073 9398 34930 43054 69434 68618 59281 47173 58316 13497 3701 87657 30799 
963 14
6568 37402 1039 98800 91036 83252 75948 83507 52089 82597 28885 80121 30255 72532 
2752 14
30093 42004 60704 22563 17569 1151 72096 48863 9004 17011 7666 14001 35519 87812 
5766 20
94640 96258 20151 921 12480 99985 44295 62407 62105 82161 88109 95273 70642 28019 55134 58096 8848 16849 93662 12886 
8216 17
32105 12800 75569 41639 72153 3401 6182 90654 33097 67878 83381 17942 64032 35489 18963 52474 2681 
526 13
87714 67485 29292 2504 33586 16110 98157 9200 69570 54307 62761 33981 1491 
5833 18
36749 92834 32656 79243 18789 20500 87141 95441 474 7966 6727 88336 56234 78707 59226 31143 36829 35847 
7259 14
72463 70983 5724 14752 76191 32807 65832 25195 44513 28395 76989 40686 40291 28376 
7549 17
648 51197 45480 4656 37229 62176 17558 95028 89760 20811 79810 63310 32198 41028 95681 2117 25097 
7076 11
6424 14181 29780 18364 18119 38997 50088 16937 57314 56881 90988 
9294 18
42080 72711 16973 96726 23597 68640 97076 42870 89243 7009 37909 747 37479 48181 54341 87581 33522 57295 
7770 17
24312 86072 41381 26233 79058 91932 45775 8627 36542 81669 18641 99518 47936 85119 67958 21420 88979 
3307 18
23112 62701 61555 95164 3028 29291 80457 25869 44376 40813 53292 74641 43229 91693 19159 24629 68951 24765 
1779 16
25477 55836 45173 50036 79327 74672 11480 55388 24587 40008 92533 25446 66777 35845 5650 86171 
5202 18
18250 60356 31782 86155 19273 21096 65496 84690 58369 62898 97824 34541 24818 87187 84619 58381 70761 15311 
6766 9
51063 93761 75995 69993 13814 7636 12322 76208 21374 
2935 18
79361 34906 75105 91478 37916 29005 89387 84668 37879 44126 89879 34047 94414 14544 7784 63695 68413 1992 
5889 15
52847 67023 24905 60145 46453 50516 53887 41564 25503 53753 52052 196 92496 21957 56880 
7752 17
26628 81003 84178 96246 47617 29161 42856 10399 35443 5055 58271 33804 39290 62161 5070 79946 4406 
4813 19
53605 80961 33887 79227 94508 33141 80938 1619 4381 44893 81110 48889 56513 40613 80023 46409 61968 4925 70504 
7803 16
44789 49077 74195 77821 64949 29809 15174 22727 2896 4527 37021 12753 84449 27483 37234 54908 
2017 17
20243 5622 94563 97604 74179 75426 76967 3036 29367 17264 23740 62087 67785 57327 59125 8443 14595 
7640 10
44156 15780 19508 56876 94561 48653 81718 55041 62715 64989 
6441 14
69323 78139 89384 2647 32392 48752 68267 9868 88836 85948 74361 34475 25434 72742 
6446 19
26401 15900 97353 68545 68205 46530 53448 69144 69387 36923 35735 27618 83774 98393 35871 99013 78839 10142 58291 
1182 19
23301 95944 52519 28375 32570 48025 75054 15796 18469 36608 43423 70603 46771 41677 64053 16030 61254 29198 39364 
407 11
71500 89988 97045 24876 75547 63462 6225 18420 586 67822 80675 
5311 18
88308 47594 85283 73422 52285 82953 37385 75001 71301 41168 81510 56186 66267 5980 26765 40337 31674 76763 
220 17
80199 37332 69313 53737 15813 42679 16920 19587 51537 17440 92984 90127 48577 79410 27476 33342 18369 
9714 19
53291 50532 32449 66724 78860 5309 62448 44892 37184 54495 66213 99827 55377 86864 56006 11274 1713 81462 1513 
25 13
69060 16523 31263 8959 97951 14449 79583 60620 87786 28562 5898 26816 87370 
9960 12
54985 19578 87648 72481 90539 10159 62212 81485 72726 6102 51956 64334 
620 15
33339 31142 90128 75530 86290 52399 11351 51771 30153 76139 63067 10717 27378 51858 17004 
3427 12
14669 48820 87723 12854 68145 28649 90069 36828 63344 11661 87672 60697 
9837 17
7111 46633 67611 59260 42122 1223 68610 85264 15461 55380 33788 83415 11881 6827 6324 44252 63596 
2874 12
92521 94493 26837 13125 94773 7709 19782 6948 66737 92999 80907 87883 
4582 16
52467 79193 88897 60147 82478 36441 29228 67075 34486 23834 93482 25238 28841 86592 78386 98085 
8005 17
66483 43568 69565 54867 7518 80374 38757 58998 22715 2171 98798 11769 59779 50403 63729 44049 71358 
177 18
56212 95196 74013 35086 79625 32108 58466 68856 24856 38787 859 58838 63728 41033 86060 56541 45612 722 
4151 19
2007 81026 90768 4716 64586 80372 16075 50777 87260 13876 94044 1414 4371 55596 21082 4293 83535 61369 23247 
1777 11
13881 96529 65113 45429 12658 77184 12267 89216 43822 45486 90073 
930 19
15374 77709 50122 98123 69882 60154 30940 68671 24536 24066 64593 64149 69252 62830 8878 55988 31670 68975 76659 
9723 10
74966 51186 78511 85706 87258 51030 53933 3612 84292 29538 
9927 11
15046 62049 62499 74206 79480 25242 6861 6495 87095 75180 79254 
7416 20
7481 15806 49827 98612 651 8933 39798 30947 35747 88622 69510 29535 26074 89393 54922 60220 64444 98283 22780 65077 
2819 14
53398 37738 73219 94870 3543 84131 84230 49564 70051 11173 37410 66875 43177 43189 
3291 11
66322 98322 29336 56650 56477 85366 82864 99437 74390 44330 84159 
1283 16
78912 89194 18163 65797 29280 99157 21454 30634 38825 18667 61184 34956 96458 87663 50561 9751 
8812 12
86215 46013 48131 72428 75311 67692 14035 74867 69209 97128 5604 74601 
882 19
88806 58176 91719 72049 99805 6998 35777 41514 61793 21088 50148 55617 38146 32319 35212 7252 57741 49219 32637 
1358 13
87154 6038 67394 56709 89731 19600 20179 94891 33257 49230 42214 29529 65354 
4979 15
55331 34099 5945 52596 9990 18678 82888 57151 68539 69293 77280 17766 52458 98510 37300 
6241 17
36531 42960 25240 54471 21600 74814 40351 66575 48146 12416 61451 13562 66639 98014 31889 86442 88617 
6897 17
56907 95402 83304 28038 71074 14860 10856 3932 87937 54263 6564 14925 48793 16476 73295 54084 37550 
5345 17
860 89116 97852 15602 94530 98257 32964 24450 72349 11138 17624 36536 95436 90912 13629 30131 56301 
6939 10
51405 22972 51249 36094 35146 3723 99366 84569 87628 84101 
1992 12
27810 59875 19527 78260 12427 27647 83935 39856 40390 15657 23603 98786 
414 20
58203 57632 134 4391 35170 30257 13209 3857 11876 12491 43849 47195 82540 55000 67594 72431 98692 78367 75477 61099 
3868 16
88866 35657 15235 78867 15483 8246 20585 93556 71860 77797 48204 36551 14853 79373 45565 38492 
3012 14
27462 93190 92255 64601 54009 90859 74061 81325 34670 52677 39934 45889 90197 20361 
7281 18
4425 53518 35664 83800 8971 20628 33026 12771 39968 64213 88047 87511 27077 15340 74003 3009 92440 26693 
2998 17
3616 16572 31009 41318 13822 95424 71448 88364 26160 12141 54540 1070 42006 59790 14986 26729 87616 
4387 19
58918 94306 31932 40894 87709 35950 67898 56953 13442 5374 25562 9395 71236 65472 72884 58327 99666 78543 40262 
9752 9
27133 51247 3775 5944 43989 27738 55576 19038 7306 
2177 16
31104 65697 64068 55049 30923 48816 11461 8328 8483 72534 85483 25795 66445 68404 74391 25679 
1529 18
4901 41270 38199 87482 34145 42523 79966 77662 51543 65288 25606 6554 87517 41228 41879 12962 9994 53440 
2355 11
63826 60437 99198 44336 38278 67590 48789 37612 18904 65656 82813 
2138 12
20154 37049 4045 49068 59919 70282 59528 76670 1663 43595 15015 25805 
4705 16
37941 9691 19051 51664 92431 71928 26982 33664 24661 95102 66365 29112 28939 58350 46654 27498 
6223 20
86393 67934 94882 94849 16131 14780 37731 18304 8786 68153 82908 69921 2721 84134 55216 11447 62864 57503 29192 49260 
1574 20
27191 64072 82845 27993 36976 60025 18382 60513 13165 79634 95189 23175 44988 38637 51446 48937 83151 95635 12155 69816 
4860 17
96240 86306 48746 47931 65363 71076 65372 67382 30118 55724 8204 54004 97638 66677 46986 66644 55133 
3983 16
26563 74471 26795 70289 2594 94053 52759 19053 77881 36202 32307 8469 4902 1907 19260 11331 
5465 11
96489 71758 19351 98642 35703 32846 51954 15842 61574 7394 78779 
6025 16
15234 6027 69963 10318 83520 30227 22909 59016 55115 73040 7756 60996 79770 57798 32999 22120 
5480 17
43927 54781 78536 69440 69201 48773 55859 25249 19780 61739 40792 55509 58589 77432 66940 13266 70508 
9610 16
26024 15889 72458 10310 80133 73708 51124 99410 59639 7226 82028 46899 81281 94445 8256 61799 
8279 10
63029 73237 11213 96414 98543 32039 79437 63624 82502 24737 
1720 14
23392 455 78488 30209 14527 57852 10688 53817 98197 29349 93875 1391 8264 34595 
7021 16
8126 69638 66024 19902 71524 34954 71094 39880 15673 84776 65056 14586 93967 58903 78444 86633 
4098 15
48893 65532 75618 17986 29401 95258 46523 36776 16934 17403 26434 85550 33519 45209 49344 
2939 18
15294 83578 71221 60020 48044 49061 44832 86735 92297 94255 58811 21792 20079 38351 45175 11719 82135 43139 
7002 18
54429 91709 35239 75234 50958 22331 51230 21175 77826 61501 84701 20431 65327 70547 28906 33692 28610 34282 
2922 18
32682 30076 19408 42405 88220 72829 26814 75524 16526 9446 87058 33208 76311 72305 62828 40862 51794 53663 
9467 17
39303 66786 53328 6583 51019 39592 96825 90682 71187 91860 96722 86572 24454 45658 56654 25834 20302 
8271 17
27268 33605 61303 16730 44183 69288 731 33601 20084 90792 64460 14089 1093 39229 66393 25088 35131 
2753 16
32007 99420 88793 53938 1436 54320 77086 35308 96390 5137 51455 2191 34980 58474 52753 12357 
3148 14
36813 23400 48541 32967 20102 41864 87563 95340 21022 69943 87166 23660 71769 63389 
4891 16
4167 95816 81515 68083 45691 28857 4718 23737 99788 74078 23732 28267 42432 49811 28246 4689 
6783 13
79679 38845 16383 95095 33737 2324 57165 44717 67583 48392 51427 16770 82698 
7567 18
73283 82185 34472 80550 70694 70487 43419 27587 61604 57559 4547 72519 84061 26377 19642 81367 61202 3780 
5762 16
34053 72092 72097 91385 95884 45505 36852 40740 92593 40705 86526 35867 99799 59284 18910 48595 
268 19
83737 78859 50837 55432 53077 27501 93039 23276 79130 26520 81467 78162 67623 1221 21054 59143 40478 19026 71056 
322 14
37233 86071 41345 22915 26229 52127 65870 72500 6746 11553 24630 98762 96607 47789 
1682 10
21978 71806 3620 15285 53116 78983 30759 64179 4814 67791 
627 19
74570 49106 41993 94802 39432 20137 76493 13907 46427 61874 92874 60226 60962 18989 17668 47618 75802 52170 38799 
3526 16
69986 11688 31730 23684 58112 4962 88159 55524 11525 98517 35922 74056 92743 76640 55256 18404 
4046 18
47550 61947 55001 83754 25200 21386 34800 63367 49922 99007 80920 9968 93155 5601 69492 37364 64874 48110 
247 17
35396 71602 14137 16172 65184 40687 43499 13643 80642 91211 18218 39329 49568 87701 100 16418 8171 
8687 18
35805 88030 56193 57094 23849 82021 6251 43713 16672 54190 73159 38470 12743 90065 23300 57826 261 44458 
9629 17
76914 33547 63036 87028 69054 51633 13258 29531 18160 50041 56195 88717 60819 1721 30591 37812 8705 
750 18
92071 45847 33695 70699 72284 25166 22942 60875 58691 27988 22160 66429 8859 26957 54682 44190 9158 51654 
9375 14
42070 57084 92436 85015 38018 1362 468 94163 60910 8006 89831 55240 23214 49890 
666 16
9951 99567 30881 21912 71517 14705 57487 58181 13783 67875 2834 92957 36233 14885 25193 74264 
3034 20
44302 45572 70245 1035 25349 47277 50059 69266 18416 28057 88522 91869 31629 64024 67044 64825 65198 41881 86482 97841 
809 15
32325 95452 4519 81826 85847 91361 3708 94062 25413 67256 82777 91772 98553 90619 26797 
993 18
37640 5913 15551 93522 98506 73163 73605 65658 98571 82869 96099 1939 76936 61584 62743 3923 81791 83276 
8887 18
19827 12560 89506 96383 42539 41297 74971 45450 67211 80223 73556 63045 69321 19482 26988 50060 87881 6956 
5786 17
16795 80241 32736 25673 73622 97878 37058 23669 44456 77805 56917 55453 10260 15237 28265 16394 37600 
7175 12
66907 75263 28784 39305 23413 28230 17709 96386 68888 4082 14897 55577 
4463 18
28195 7858 47964 39388 25685 87340 25398 53413 49953 83013 45282 829 32644 79233 90453 93378 33779 47407 
6607 16
10622 31828 55097 27459 98495 38537 86148 2690 12666 98411 5971 11257 32739 40104 31349 88118 
4112 16
572 27645 65305 35584 7423 49884 67144 88453 95395 72854 20577 8516 8967 68058 46917 13957 
5561 18
78902 86943 89336 22333 83556 56036 45745 16694 95691 22956 46088 19769 60024 62957 63862 77839 88233 66602 
3428 18
47401 28439 69864 36727 51354 44929 88298 49856 97430 49358 71379 56796 25787 94797 87468 63123 39161 61709 
111 14
70445 1692 38153 55457 20320 15253 61427 1559 40466 79430 45472 8792 78382 97759 
4660 16
39466 49130 75421 50666 72867 62952 34629 82664 6364 10404 18015 49197 68486 26081 53046 8268 
9772 15
45682 10161 77264 41179 10639 18994 71956 39849 1331 12919 34725 70656 90925 20394 63725 
9865 16
99080 47495 76507 51904 22389 29054 76877 20214 79553 56627 70495 11878 13829 86908 52652 94273 
5972 19
36209 24626 44787 42603 78330 9025 2153 92862 24251 93324 40982 83604 82432 45702 63629 96987 50582 84348 43292 
6583 13
55526 76356 65757 85355 60537 85312 3901 76636 41352 53460 51969 93053 16248 
661 19
48941 87312 32402 83190 46618 77606 50977 25973 26557 49350 31489 55860 41272 44823 15973 86001 9112 5110 66405 
3215 18
97697 87224 87041 76153 17979 23408 85996 45484 94834 56506 16565 29694 9127 56551 19258 48973 12289 85233 
7045 12
67035 17983 79991 43027 15855 53886 46945 40769 30104 48410 20267 64734 
8989 19
6476 38628 85112 4882 50402 77555 82394 9571 51990 88693 67915 7459 81799 43675 36103 90827 36422 79068 71547 
5159 15
48536 189 66428 72289 33771 91427 28051 53252 40507 18426 68138 35207 60365 21122 14772 
2142 15
203 19206 95399 76360 95748 29952 67727 86741 50211 16793 49784 62541 12881 11663 35903 
8166 18
49067 31469 57240 18625 48631 67667 67446 3081 82522 87513 21247 84643 55214 60959 17778 47428 42478 22903 
417 19
6910 94957 53611 54617 35858 275 15324 96586 66048 10368 24763 99685 93582 60189 47041 23860 42052 67351 95889 
8529 17
19540 43616 61811 17094 40305 81584 63083 17443 16333 82995 62195 34061 17692 86019 33292 24222 96560 
53 10
19871 45897 2478 60488 1061 70968 56156 61098 42293 27198 
6322 19
77448 8541 95407 96378 59487 79098 58584 14568 77658 95384 36355 94809 30533 1277 21297 28954 72980 36185 28881 
9566 10
52477 57624 65721 48216 76358 44518 60741 85657 3302 41865 
8572 18
5616 12537 23157 22464 61981 91093 96767 93536 11908 88489 82427 99978 29877 64529 54514 35534 53430 83108 
2216 15
87901 43240 27657 46499 77041 38387 74044 68745 59547 47008 21268 21043 40751 20608 55253 
1023 14
9084 94739 10828 85591 97098 27354 97587 89160 61112 55186 83452 99039 43370 30515 
7956 15
23650 83790 34990 86621 25103 2365 19498 11082 59305 43098 99270 39793 8361 89710 91358 
2737 18
1780 35484 13839 78710 64827 77444 89450 43703 40330 46156 3905 80130 33748 31512 9560 3325 25708 78758 
5263 16
73291 34601 15260 64389 38744 35600 83457 36344 21385 805 41725 37405 63602 78398 27573 90365 
88 16
92257 9925 64710 83567 26920 16584 30039 87879 95943 28074 42841 8235 85299 83687 16004 96717 
9200 18
95783 40998 49335 23736 5786 75076 72874 94798 26733 90870 81025 86219 59635 15517 8628 13319 23611 21877 
1004 12
87426 7509 2399 71234 62479 24346 19231 71759 40950 77426 99535 70011 
5585 17
52702 21281 96805 21611 3807 88662 74742 19380 32575 7655 48826 54001 8062 47944 72826 7109 82005 
806 9
71891 43442 81762 91541 43249 59283 25022 2074 82846 
8846 18
55763 61090 14556 60160 19043 86400 24430 61967 31924 52163 68016 60136 63539 32854 93845 75086 61035 29981 
5832 15
30491 11230 29541 89442 55845 94280 81362 47628 35128 88401 71492 41880 34345 26420 10779 
9489 12
45503 18137 38547 19784 30649 91694 45883 92402 1669 4490 88497 29598 
5789 16
54566 87405 50132 13429 62416 347 78124 69491 15119 16737 31614 89758 61402 34964 5401 97026 
829 10
55346 64598 2020 87347 79013 57872 84083 71741 11202 26965 
1702 18
93013 48446 93145 57179 82133 67628 62626 93530 26971 37974 83136 52945 96195 54745 6883 41154 44058 63244 
6188 15
83244 1470 63904 6076 21435 22434 82998 53838 45607 37085 40909 31166 35967 81763 98498 
6980 18
53205 55463 46236 96257 95986 5817 40284 5705 37419 23837 57681 25220 52865 92148 18909 10247 345 57447 
5569 13
64850 34230 84254 59384 3796 62797 42224 9565 17805 83966 1429 54440 49204 
4619 16
62220 86100 12259 38401 52279 73466 39212 80429 22578 19704 64098 76960 35440 59178 25887 79752 
1985 16
21711 53075 17474 21684 79703 44967 75766 36762 12654 85728 50199 52897 71188 21898 72046 77460 
1175 14
27734 67140 63127 68069 85746 1884 4104 89601 63331 95435 96909 12405 25017 20888 
5198 16
17286 56240 52360 99649 10844 31226 56 84518 68026 50335 50245 28407 28843 91644 54521 18665 
1065 19
77947 91882 78289 87160 73016 93966 56400 54970 9015 76483 33295 36080 88148 59899 39346 28543 50281 9836 95946 
7293 15
12574 14667 70986 49312 39981 51647 3704 36429 49885 78972 14763 57054 73884 13465 44087 
3768 19
79282 91960 33847 43732 97372 48366 98927 59399 55403 60994 46748 43230 459 14432 57134 63934 15408 66500 7072 
6232 14
93005 79311 66470 94921 94613 11405 19078 94076 52136 39407 11374 31697 33573 24693 
1725 18
64105 96309 20639 75688 47773 72812 19198 21222 51028 11418 58216 37583 73196 83499 23399 83255 47814 98779 
2899 17
23790 22960 76929 66185 97510 89161 64415 28443 73507 33647 78020 37429 97387 43619 44661 2976 68108 
2548 16
32726 86711 28728 32195 13294 33891 47803 86674 45656 74100 75343 94111 84796 79523 27691 52917 
6251 15
16022 87309 11089 15844 12864 85018 80211 43764 55479 77515 45069 43311 41244 59385 69835 
6050 16
99832 88817 80507 91793 63268 1830 48674 47940 71569 28603 3903 48586 79283 14185 42578 31694 
555 15
79265 57518 22635 29340 29929 67932 11256 35007 81758 83947 13054 26049 52206 52560 47424 
2754 15
98693 4700 71756 52108 65435 63882 64367 86571 60594 64036 51675 69218 81834 65303 35310 
2447 14
38098 12674 83077 84113 55853 94881 38685 6490 10032 52781 24859 75918 9631 45763 
5584 10
64606 18627 30933 61506 20196 88657 85926 26519 29637 52602 
5707 16
77110 55450 94206 85162 64178 76052 46879 45800 24447 88993 1421 29307 52522 69918 49598 10591 
8490 14
12447 70466 48919 72199 50163 75442 52199 82276 6067 6575 74268 5462 1738 11887 
