419
650 14
88226 4701 26135 68353 59551 78483 50898 68345 60100 18275 44740 61008 33694 78383 
6386 10
11094 19711 2109 49757 67054 59511 71764 17594 22813 9874 
5849 19
1608 97553 99523 2889 49834 44926 19152 79817 15196 89578 13806 75944 11766 80951 45652 45671 15950 45274 80858 
4116 14
9338 40454 52495 28986 19149 61807 43174 30546 67788 14922 36488 70766 41152 10414 
6550 19
94970 97138 10051 35700 31067 49892 65313 11530 97857 7958 93066 63103 12759 33058 80912 57286 85050 57527 16395 
9002 20
62316 12124 91892 37414 52024 13716 74681 58943 86336 39863 99659 57226 2591 14234 49905 77985 31122 42901 16782 34020 
7709 19
99195 24499 28069 69407 9816 71892 58854 6194 78733 23021 56021 67654 91415 53259 88615 70512 80735 37972 17174 
5697 20
46481 70873 31031 87577 60488 1121 55750 95299 20694 22237 46771 66684 80194 87279 71978 24566 85458 15736 64853 27942 
1963 20
36219 41579 22925 47421 21730 53039 77314 41118 27447 85379 41602 65636 60410 41207 70641 6107 95370 61203 33341 36653 
8728 19
71936 35203 33260 69082 65433 50050 87702 32405 56671 10134 74374 73194 74978 35881 72584 47730 18116 81479 15654 
8707 18
28732 77342 97505 76796 32570 85562 91412 70105 49177 8992 89254 4942 67471 16277 10087 20074 8323 97643 
444 20
3077 53963 55257 62467 36998 1892 41619 80636 50386 46666 47515 84956 31693 33829 47918 75863 21992 25777 31023 94801 
7628 16
56665 88380 99780 32285 3466 7190 98977 12922 16982 65604 28613 10898 35214 52003 2879 87650 
1871 11
15160 24018 33509 70353 60329 30474 31855 42407 99695 27016 15009 
5064 17
58186 1436 904 23729 76181 45071 36767 31266 55912 84578 92927 43448 51920 14305 57941 56560 65751 
1815 20
39778 46231 11472 77584 53452 93261 73409 66241 96408 32932 11558 62223 72567 19271 20432 52911 21898 7803 36287 72742 
6562 11
81857 71836 14107 35341 6830 32448 30355 35757 60485 95842 62609 
1670 20
93037 3093 23129 68278 68239 9793 63980 38845 51718 56610 2236 1764 16775 74694 7834 68138 71716 3253 76288 4625 
1412 20
25377 28802 52786 91297 84700 59640 37952 15775 16953 758 6274 22126 12127 80257 48450 89466 3804 88743 95001 20562 
1761 19
8870 50914 16316 6608 11089 45975 50921 75670 54156 74073 44476 17765 63190 20120 90124 61639 29033 7306 39149 
8181 19
82963 39996 15098 76450 45999 80560 83126 49564 56979 34337 7259 52171 23141 74272 59532 29408 37489 56597 40430 
4246 18
79660 9858 23821 75618 21451 8708 4405 84822 32000 66005 44035 53527 42037 38259 59780 67222 81796 64689 
6783 12
79679 16383 95095 33737 2324 57165 44717 67583 48392 51427 16770 82698 
3993 15
47019 56292 58199 92861 21837 89549 63237 57768 4313 22861 80554 60365 50285 90129 43520 
9291 20
61965 53569 90997 18754 49163 67203 31620 98661 55315 21108 85620 77294 70367 28135 26874 18872 43178 28222 6043 66701 
3561 20
25835 44147 9167 82546 74799 25782 34048 25274 26253 50011 24286 55414 20460 69293 36781 30477 76132 92977 92728 14063 
6644 20
89990 62465 5281 47332 52990 87633 79918 60249 35676 34217 91504 2164 10816 32722 59710 43182 39066 67532 73905 34688 
9053 17
40703 71014 5886 1638 87880 16455 62941 99762 85879 60614 5280 47051 76721 89802 21702 55265 22199 
9086 17
67525 4132 71945 15158 16136 69144 57292 91913 77493 70550 47245 130 4626 68413 82063 60589 52586 
6979 19
89839 41474 32591 40294 57859 71799 71246 93347 41412 21211 30325 25493 15498 8991 43631 3425 18600 22906 76206 
8449 14
14558 20646 45138 28274 80146 39740 8130 1067 63841 79160 6551 88496 150 18333 
773 16
3825 67720 54515 28987 18233 88055 28834 71252 36649 79104 84196 44638 23164 91395 72112 76659 
9488 20
35734 65239 48457 15888 18437 28230 54925 88831 46060 38918 84273 29148 6478 68383 56445 83841 64962 69093 2066 65138 
1465 20
6159 81711 71796 74811 29361 30721 82355 50666 52286 96 33539 45149 78843 38758 10613 44199 90912 7543 19036 18009 
5707 18
77110 55450 94206 85162 73003 64178 76052 46879 82908 45800 24447 88993 1421 29307 52522 69918 49598 10591 
591 19
36684 63788 93494 17873 94574 4934 20925 6503 10485 53076 1056 13947 13749 56387 56038 97 81663 24529 81750 
4705 17
37941 9691 19051 51664 92431 71928 26982 33664 24661 95102 66365 29112 15961 28939 58350 46654 27498 
1478 20
29736 81910 56764 95287 31959 59763 21990 29280 16091 11030 70272 40915 94114 89956 99281 44076 3165 94760 88154 16541 
8908 10
18740 9896 47608 23677 73609 17147 56085 32725 8952 69959 
6826 14
44766 75337 52131 41184 46958 6581 98963 56931 18798 49952 35453 17486 31516 45341 
2017 17
20243 5622 94563 97604 74179 75426 76967 3036 29367 17264 23740 62087 67785 57327 59125 8443 14595 
4115 19
91321 47783 66180 98971 11716 22834 19599 94426 86692 48115 66275 82387 27078 15517 28638 62891 44083 36733 14761 
1949 20
24096 18968 71256 82966 98832 52845 2883 63589 5658 7767 96757 99572 99686 77607 75188 21318 29512 46254 41367 1416 
9855 20
60258 74200 83257 45533 55738 34698 84226 89198 14014 94033 64392 21342 79077 31629 2999 56073 18568 51479 24583 69233 
9234 20
42971 31829 58337 71196 10263 72294 11624 48286 91185 36157 35863 24802 14268 6814 83647 97876 69021 92849 15062 28813 
9847 19
40102 49572 25360 83320 76930 96190 11764 81346 98774 83562 67470 90236 51583 34886 42249 31148 86436 37905 85170 
9772 17
45682 52743 10161 77264 41179 10639 18994 71956 39849 1331 12919 34725 70656 95372 90925 20394 63725 
8809 12
65406 2082 96813 42431 76208 57328 29388 31367 52657 48815 60339 21474 
1065 19
77947 91882 78289 87160 73016 93966 56400 54970 9015 76483 33295 36080 88148 59899 39346 28543 50281 9836 95946 
8587 19
67325 4685 62910 76951 56007 61696 64378 35465 37892 89433 96446 44756 2274 32612 61852 79082 47251 75555 39498 
4275 20
46631 60857 63686 80892 86342 47970 99148 21220 70417 71821 2809 4338 32042 39744 95189 86091 80800 93416 98905 92110 
6897 19
56907 95402 83304 28038 71074 14860 10856 3932 87937 54263 6564 43423 14925 48793 75602 16476 73295 54084 37550 
8005 19
66483 43568 69565 63014 54867 7518 80374 38757 58998 22715 2171 98798 11769 59779 50403 63729 75201 44049 71358 
930 19
15374 77709 50122 98123 69882 32075 60154 30940 68671 24536 24066 64593 64149 69252 62830 8878 55988 31670 68975 
3428 20
612 47401 28439 69864 36727 51354 44929 88298 49856 97430 49358 71379 56796 53296 25787 94797 87468 63123 39161 61709 
7358 20
8226 6016 41726 81897 46729 65508 65619 36550 63957 45114 59605 34271 81543 47834 46203 30585 67570 34122 51487 88944 
8790 16
91320 3582 71028 43812 82153 58424 27925 83520 22081 24687 54181 88216 75735 63412 9641 62558 
8901 17
77458 40591 7625 95407 99459 22113 82672 66657 81295 96192 6218 94547 23733 57428 4574 83549 9375 
1788 20
69912 98365 26980 62435 33945 40213 80717 13868 35161 23627 97808 3752 74816 71187 64524 31018 23488 52092 76629 98672 
3477 20
53202 80068 66890 94789 45340 15817 4108 29045 50505 37188 5583 49727 58236 73 98824 57010 30861 34671 49430 2016 
4871 19
920 12492 79041 29616 42134 10014 2030 11543 55914 58146 68337 17652 50357 83073 18945 98377 17164 66996 72701 
993 19
37640 5913 15551 93522 98506 73163 73605 65658 98571 82869 96099 1939 76936 61584 62743 3923 2896 81791 83276 
2143 12
15678 17145 18889 34395 67372 79592 87144 21511 28330 86761 98833 21501 
806 13
68168 71891 61355 43442 81762 91541 93536 43249 77280 59283 25022 2074 82846 
2457 11
73007 58821 8334 74588 24780 36205 77001 23508 55480 91283 36987 
8482 19
70288 96977 78597 73754 63112 35307 81431 79819 10884 67501 37324 61594 84574 47033 48488 80066 56376 15793 16809 
5397 15
53613 46379 25888 53554 78555 3816 53189 54150 71639 27789 5699 77282 94475 15078 73351 
9124 19
32653 44053 62522 92274 20981 15298 21421 68026 43429 94572 12780 12191 92903 40886 79060 15162 60377 72526 17411 
2901 19
21422 6452 19814 20707 25691 55482 32616 94766 67673 12040 88634 58807 13741 34002 32970 85111 16397 71126 55760 
596 17
92762 4486 72410 13413 5803 19381 29978 93847 90416 46476 86698 34563 21094 78750 45189 73424 62933 
6086 12
32128 54036 60980 23985 49256 6661 28780 62948 49150 36609 70427 18590 
661 20
48941 87312 32402 83190 46618 77606 50977 25973 15297 26557 49350 31489 55860 41272 44823 15973 86001 9112 5110 66405 
2235 19
18597 56327 81026 65586 75038 95174 47269 39343 91372 60651 71171 90978 91502 94805 19971 4980 34107 31664 24426 
3597 20
40462 30212 95110 43268 15572 44464 11413 10118 37962 76133 90138 43181 26650 84345 90342 82493 12667 73670 55285 59146 
673 19
73053 37068 58881 17215 46508 72520 50079 96349 29444 44256 93437 59134 42583 92933 97092 20178 4694 74144 65306 
8738 17
34438 20614 68221 1081 46844 42857 89237 2052 92795 33701 88550 485 69069 47390 10840 36519 41936 
7039 19
91512 67834 77918 35573 42126 42519 36815 98041 27978 83474 50114 77076 85555 72967 70713 76407 20064 27899 71440 
8397 20
31210 9817 5590 49023 94061 69177 59089 51866 1354 44684 1579 61890 11572 97489 72996 60563 93644 31618 65404 11403 
3669 19
54259 11241 97163 95962 53370 77614 60663 53456 62356 55887 90677 69338 48295 60418 34114 21581 60279 74906 2511 
3854 19
2245 69562 45850 55034 6534 36681 23466 80787 84046 23882 76913 94929 20817 92790 32246 28893 28622 27739 34562 
6247 19
23903 93861 87397 68930 52998 13773 84919 97839 39781 43826 87127 1016 9586 82602 1267 17357 57766 80219 16436 
2610 20
1382 65479 61304 49113 77032 39325 48043 89240 66708 4174 7820 74761 25060 53356 30494 52297 11071 10458 48745 71113 
7473 16
53865 20594 23597 42330 32872 57140 61278 9937 33143 87335 80558 11411 91509 92219 45080 85764 
4429 20
2710 57360 93142 94090 24337 30761 42363 71662 95082 8183 70702 46052 50830 64078 8306 7073 26025 53036 99623 20277 
5311 19
88308 47594 27 85283 73422 52285 82953 37385 75001 71301 41168 81510 56186 66267 5980 26765 40337 31674 76763 
2701 18
58852 20053 46258 84931 96024 99187 12255 71792 11694 86873 14226 99502 26007 94087 18748 53122 86529 54900 
7625 16
39690 98958 47819 32089 57240 18098 74305 34769 99362 523 26625 14042 77960 55714 36828 34218 
2297 17
32352 98491 19238 67018 61759 74118 54343 20451 72402 48161 5511 6718 42504 70960 26037 34902 44219 
6416 19
92349 45119 10158 52550 57172 15413 5425 10699 20964 99308 16620 31915 66830 95684 56390 81253 47968 90005 74318 
973 15
91042 56535 18062 83999 67173 94639 50798 61097 92793 46139 6862 60779 92156 34780 64268 
6712 19
87917 28022 10214 14454 4014 60773 76611 89403 15454 4260 36804 55337 62255 85203 8461 90135 82890 72059 21673 
69 13
61389 68154 51531 84681 86023 24952 65739 92147 5808 11810 61912 52387 35067 
5724 18
83428 63547 24578 72830 21401 8025 43701 12844 3319 16663 13122 53478 4331 91251 9003 93722 19536 64761 
9845 18
13667 25038 43106 61588 29601 13994 26136 17412 75901 78681 18881 59022 17059 39398 62036 86225 916 29405 
3909 19
7396 56190 50578 20205 92382 68487 60757 47518 60634 61115 6852 88531 45571 86961 36626 64212 95041 22531 51588 
6129 11
76567 10774 18743 21030 92605 85677 14224 88971 65399 60913 95606 
8696 20
35619 45104 44776 86267 17085 89554 3876 87902 38304 24855 77630 82092 78115 2284 82577 94634 66416 42488 5076 65791 
8390 20
70232 32568 42303 48266 60519 49743 87760 1030 90866 56049 52167 83316 17788 27709 65036 18962 9561 93150 90497 44742 
2994 17
30713 8702 63097 79064 92299 18592 89280 10665 42543 28101 50273 61227 1889 95636 92873 43842 48952 
8530 19
11503 81373 87719 5892 26138 53582 88957 32631 2304 20859 16064 42760 19448 98024 99723 22968 96213 27044 82458 
2055 19
5499 59987 65188 91863 41799 41440 97431 62518 88144 18570 55571 47379 77093 61117 92375 30771 93835 31848 57445 
4138 19
7028 92204 45568 17444 74424 68663 55497 97831 57207 16048 41421 45495 34073 96595 37046 67693 59332 57000 6958 
2075 19
24782 49072 84055 68423 92693 1448 18433 18122 39879 70852 86288 50393 41424 87118 99139 69430 39111 4859 38228 
3320 19
29761 29547 74031 34399 89313 48480 43708 2011 70630 90812 11026 91490 30588 20553 7118 91773 41739 1967 22832 
7899 12
66347 87502 81515 8119 84878 1187 17954 66203 37822 5052 43562 45542 
5023 19
71227 57179 42712 75447 32205 66078 8667 54788 85676 13803 72850 31201 82184 73933 50887 5825 90649 87136 44869 
3134 19
34939 78031 35068 85767 57795 66699 51206 85527 76660 34373 24736 76719 79014 48041 56152 49408 67351 57609 96407 
5269 18
27223 38405 26048 5257 7929 39365 86823 9236 50139 24854 55893 61193 66959 41417 34903 79595 84148 63780 
5771 18
86501 33122 1209 24242 99914 72219 64988 59863 66534 3612 93974 75809 79899 54432 93188 49265 33987 61655 
3071 19
94066 79518 6359 63268 39634 31509 59106 51462 60483 50513 40978 77501 69701 42718 3329 17300 85468 52957 16980 
1857 10
72458 99715 61087 76523 88860 62066 89870 46274 69824 38197 
5884 20
53596 67277 60894 12610 52919 97193 47661 37194 61495 56104 35610 66744 3318 15153 2820 40088 20604 44190 13796 95464 
825 17
96894 9758 72211 62630 44047 35649 16387 19761 20058 49609 69306 83695 78064 32974 37375 88894 72176 
2268 18
16134 82754 38861 16826 53492 30371 46685 17071 99746 45035 35862 78188 49584 86866 7877 46809 37530 18519 
6669 19
59832 96915 92111 3242 85781 83505 23109 99363 42918 67049 70627 38592 85615 76938 13095 35314 77258 1918 1901 
4284 18
20698 72299 37144 79590 23103 39219 74488 33387 94524 79501 99442 4492 84059 55489 91306 76024 95026 40266 
6871 19
40071 599 47629 87851 67662 31515 12282 59306 42836 75548 36149 80127 74615 74736 16615 59246 66013 39044 13601 
9460 13
2404 22338 72555 66906 87693 87181 10043 94677 3868 19632 60724 27752 43007 
1685 18
75488 71000 88734 54301 54390 22078 15324 50975 74642 3951 95819 47689 80237 52819 24423 96298 4715 14084 
1124 11
77114 30731 22749 28968 6475 34924 43942 58333 54796 14840 27955 
2943 20
89074 42824 10040 34734 14627 36728 35038 19155 56395 38998 44522 11954 4916 61497 68429 56722 68857 48077 8051 90985 
4024 18
85138 7872 61395 25713 67415 62073 56000 97843 74750 47185 88984 40333 56147 96867 71537 67597 74278 70994 
4265 10
88057 54609 61731 19267 38289 41108 86119 92124 43685 71532 
6829 19
54721 9010 74908 27337 83846 60881 60934 45522 25090 6498 11981 68828 2609 29348 69860 52615 50086 34523 11544 
4074 20
2184 22232 75565 60749 95481 92803 66165 33235 7282 15039 47160 87003 95431 39999 40629 87243 71391 99133 31062 87114 
2830 20
73779 43765 27169 2816 85802 50999 24754 93477 11521 52506 81508 66058 69904 17347 2023 22923 62515 74125 3571 65030 
2040 19
97630 12595 86185 89776 11210 9926 60122 90442 4730 29103 11489 790 13730 75402 19921 52394 43297 78800 34030 
6115 18
63877 83165 74708 46716 63246 1292 68866 8724 77082 28690 31377 25374 87223 30659 15175 37543 61183 7852 
6013 19
30868 17529 71700 61328 16065 49022 76634 17024 26446 32039 5349 45116 21371 20248 87377 57774 58394 35095 43721 
5912 16
58401 15943 77245 7871 88435 63121 99381 14229 56772 17694 36075 35156 13665 55233 96622 4145 
2233 15
48851 98684 10891 40443 52084 23838 61160 66997 72735 7800 23356 18383 24448 18621 24127 
1521 8
22701 91929 33311 25408 13049 73574 16704 26915 
5348 17
2519 30289 22038 37958 21795 43951 27669 16521 60666 44592 63951 6144 42335 75228 92159 70428 9820 
6342 18
92024 40639 83420 14438 78035 17891 21926 72245 32670 7859 54197 66637 69395 9810 92418 82294 55491 15146 
2590 19
59603 58315 54953 97615 34053 70859 83513 78111 45635 29997 37688 5742 48875 24522 45069 66541 90452 42927 81087 
7734 19
95387 92277 95683 76638 73853 108 42257 25989 59922 27975 16254 60539 23806 12479 47672 90738 70372 96541 10068 
2126 19
91307 15433 24695 2994 83515 37437 39045 39158 5152 33272 46775 80042 18221 79908 75921 92653 6266 16653 14772 
629 18
88357 5359 36499 34693 71677 63524 62477 45587 86937 91731 16878 52794 39761 68880 18871 46132 48386 51349 
8617 14
27336 12078 70208 80572 65001 89450 56222 27070 53656 58113 96366 24555 73616 62826 
8384 20
29310 76168 27699 71023 90223 79781 84313 24067 67329 15212 84933 67804 45614 54344 4986 37923 69826 34713 81966 89482 
2510 13
36151 20151 88952 51299 410 90510 94567 68356 58544 39652 58393 19813 70989 
6690 13
43646 68314 94341 11477 36563 9901 17095 45437 55210 24271 38915 82873 47095 
2394 18
47576 34607 94214 96142 36757 83514 1998 63799 25967 43263 95029 73569 6758 20575 12871 36193 9796 29201 
7453 19
14205 40331 97225 37916 28857 9978 92744 82402 34858 75202 36997 63903 58689 95498 77099 77578 69493 16120 13229 
6980 19
53205 55463 46236 96257 95986 5817 40284 5705 37419 23837 57681 25220 52865 92148 18909 10247 86902 345 57447 
1980 11
47964 46700 64586 22823 39884 97763 79643 34784 71029 46836 19343 
1397 17
14265 45733 50055 56640 83582 1422 62582 13136 29597 11232 73566 80506 18788 92248 95221 66665 36689 
165 17
56855 28355 37089 6338 82111 76135 81958 78600 57068 71402 78531 77356 91426 51720 33518 88798 29967 
2206 18
76917 60896 21647 95970 794 52357 27151 71701 85513 52401 87879 36327 27892 51176 27758 54004 22392 90153 
6241 17
36531 42960 25240 54471 21600 74814 40351 66575 48146 12416 61451 13562 66639 98014 31889 86442 88617 
3720 16
70147 39381 46806 19264 60814 32015 63846 94835 35343 11291 84943 31747 47043 85826 73304 41114 
3525 16
60690 22992 39839 33222 88124 26248 28338 9648 72796 5122 89782 54655 97816 80204 11729 99793 
9520 14
15419 43901 20360 81660 44461 26094 75142 43866 85323 37565 26691 22624 96498 44661 
3851 20
39971 77962 52840 95097 2886 50622 63080 93541 68778 8631 75529 56534 55857 38306 76669 55910 94392 83123 99995 10676 
2928 16
84448 67282 16309 16159 18109 12157 57257 31414 15036 82132 50115 47749 63149 77931 83392 63521 
7075 18
26973 99835 92121 86304 80133 37195 2387 66289 27107 91201 71055 29624 88983 17920 52111 92755 69741 753 
6917 18
43550 75900 67208 84537 99971 25242 2783 61452 99121 68529 34156 12496 94815 82089 60215 20728 2097 7959 
496 17
94645 14466 89358 79463 8146 73599 49799 14609 87481 66271 57285 86665 32069 97146 49433 46241 96814 
4630 19
91356 7100 57171 43959 69243 368 84719 84525 66660 28823 94786 7177 82768 29479 48216 47610 72945 54033 67946 
627 19
74570 49106 41993 94802 39432 20137 76493 13907 46427 61874 92874 60226 60962 18989 17668 47618 75802 52170 38799 
8586 15
57052 91898 62142 23871 63990 21071 99515 34679 72714 48353 95205 72500 97068 72661 10523 
5069 19
4425 87682 50532 24178 62154 31668 33263 33447 98090 32880 76775 66652 39609 75207 42189 52609 23603 4223 68431 
9432 20
2249 98418 56335 17858 81542 95835 11634 11793 96975 69921 82880 89583 29522 43546 34357 76675 1915 36104 16250 42127 
9276 17
31186 42442 95442 9279 6272 35265 83738 18749 31961 30236 4684 69224 98806 81698 37231 16185 9145 
3991 19
13418 76039 74394 60091 84748 965 19820 53412 20429 90156 47613 18276 14943 89303 14661 49440 63001 46311 59533 
7032 17
34568 96107 42464 54695 30311 21098 48961 61596 84395 34763 30728 42715 78592 62733 91493 84566 41860 
9819 19
42238 2436 95822 24020 67391 69244 89719 74238 7682 93374 83450 62939 51889 5316 60785 61198 39433 85430 47311 
1537 20
83836 48693 12074 77438 74527 42729 97801 91907 10681 61374 87307 33275 37321 69114 17099 72268 54007 2729 6451 86409 
9447 19
38493 70663 38593 673 76262 89681 38320 34612 76725 33653 90735 98621 61857 42871 20351 83518 38150 14339 63821 
8791 17
77912 7524 86695 7772 68515 10195 70762 58323 55805 40812 99958 73654 5851 95022 67079 27407 89708 
6967 19
71350 51441 56908 45487 87809 13001 96957 87712 11438 65665 27747 28644 94791 61528 33184 520 12804 67227 87661 
349 20
83215 64201 17897 92378 49971 45706 10212 55168 56492 71808 20469 87536 18167 97265 39545 93253 59352 73350 99807 34171 
6602 20
23964 69698 64584 66197 71718 24465 87723 83015 5244 21751 65253 24284 80221 69991 93392 33369 64012 86127 52271 63803 
197 19
63467 38155 28875 59236 15815 44601 90359 27485 80152 55961 66394 97230 91460 38453 60766 47884 10421 24851 66822 
1348 17
19371 53262 13098 39422 90465 58518 6111 27379 41574 65834 10838 56091 90943 73329 9142 55706 81953 
4177 15
7032 6626 76985 62027 7074 53773 83485 4981 92357 55037 9436 7999 46104 29695 96601 
506 18
92444 53867 41564 29859 71378 85986 48418 24920 93117 76893 41046 65987 24113 36430 13848 32130 42663 90367 
8989 19
6476 38628 85112 4882 50402 77555 82394 9571 51990 88693 67915 7459 81799 43675 36103 90827 36422 79068 71547 
6754 12
48874 16462 73946 69574 57188 6136 64971 54195 47046 9716 60674 38055 
3277 18
23432 19826 67204 68496 60395 39549 39314 30216 39191 18635 96648 94314 4816 32672 13431 18984 15674 29145 
7922 18
71172 98150 50517 28021 44733 97664 40713 55821 53090 98409 68941 27539 59814 66895 93038 27402 87544 30135 
2049 17
8173 58646 3273 98753 8094 35266 22890 32306 13156 49714 9086 60204 13521 75571 79668 8782 20983 
5065 19
32542 28614 40458 9950 71471 311 6870 20130 3096 69453 75917 99038 63892 77520 71880 28703 62380 89812 99758 
5108 20
49875 34110 59575 23862 64238 14232 33685 79332 12918 38650 57384 32043 94578 44397 85404 22017 81021 35036 18639 64626 
3935 19
51000 9755 30259 62845 75558 48344 6155 24056 4154 49806 98650 7913 38539 69027 17515 6491 31271 72962 40673 
8124 18
24203 92010 91445 60124 17381 43674 16017 73964 63901 96909 64953 77569 20796 74777 9262 42355 69653 93906 
2253 20
47500 16297 89202 55119 89178 41436 96855 25107 15369 71521 225 16480 77523 73192 43078 40755 97419 15113 37203 92577 
3246 17
85337 56250 92785 65762 60922 65952 17430 89760 16692 78963 47320 87941 41312 57524 76156 64095 29981 
9574 19
93797 32523 58606 78540 47383 62810 5934 2343 10510 30215 23994 15704 46276 99574 65428 97499 58472 59397 28041 
322 13
37233 86071 41345 22915 26229 52127 65870 6746 11553 24630 98762 96607 47789 
4750 18
54443 58125 83605 96351 27589 65542 37091 59189 38488 12153 20032 37214 68822 89323 5762 88763 42356 71773 
5627 18
49087 54913 67216 14740 65444 29651 66972 18057 38 60018 56550 78104 35778 86439 71406 8967 73095 8864 
7499 11
84968 51896 26531 17602 31954 41222 37774 73227 32669 19177 33465 
158 20
59124 56358 40091 41869 54957 46500 76297 29961 40916 74345 18840 51773 24685 18337 7136 80158 37704 9689 59994 93386 
9710 16
6781 2326 20296 81390 3434 31160 3849 35928 75325 67212 30201 983 93727 63170 56679 74772 
2462 19
18966 90192 33256 25560 82594 81724 40482 28724 64127 57420 56248 18998 67505 3605 43688 89684 46928 7134 99909 
3557 20
32255 10628 92543 46084 91890 67424 68202 72189 1414 29299 13712 49773 74202 74924 88257 82178 48606 63197 73815 78521 
1161 11
41509 24904 17614 57095 31630 50715 45754 83258 35684 47289 6615 
1031 14
93725 77389 39289 72693 56018 25195 55790 70788 34293 26976 80848 94560 94385 51452 
3074 17
26264 82820 72959 37009 88267 81360 32454 92498 28384 88537 21746 24574 40967 63173 61306 61127 75486 
8864 20
45015 2765 98952 52428 9988 68425 89664 66286 58855 84343 25442 59322 3644 123 10942 92168 3008 98665 29077 74161 
9927 11
15046 62049 62499 74206 79480 30544 6861 6495 87095 75180 79254 
2295 20
92423 86721 39973 53545 42630 72977 57390 77952 94482 65724 32922 98602 99188 98839 22146 58739 17887 70899 7720 12395 
9973 10
96023 13220 39969 57987 29936 50537 36206 27456 64736 90739 
151 19
32877 7135 4080 71319 3581 96716 65393 90385 45838 51485 8997 52988 88713 79395 38722 80806 51752 71380 77181 
4998 12
64813 98951 12270 1512 93976 68796 91734 88601 96086 40625 53011 33620 
4614 13
4248 59414 38614 92694 6797 80231 11040 96201 44479 89416 90052 32798 76366 
9897 18
33714 28302 76563 2374 82779 97718 90042 46953 47803 8004 49368 90831 27806 13149 36505 98787 17302 91000 
7582 18
37525 33158 82778 1809 91952 74381 20934 48702 16226 47879 84906 57028 62470 21340 29878 47593 69696 77684 
6924 19
71058 52515 321 21608 74778 914 26289 11872 72342 79063 85194 99091 17326 72444 35243 79444 74130 28224 437 
1804 19
22872 81048 98740 63558 54948 25172 83810 71213 7499 68436 83666 81726 8704 56135 26213 89315 72846 73913 89330 
5172 20
51447 57499 4624 78612 70466 52269 6742 17102 52564 57587 40985 22553 863 71104 45727 8430 24432 67828 5955 32583 
4511 16
22502 69841 99705 90849 28438 90181 91208 62766 35004 87364 13155 59663 81858 40706 13700 92394 
5197 18
45343 24753 86398 58313 35091 39479 23035 79138 72674 959 92028 31799 88446 16340 22871 36950 2237 69462 
4810 17
53927 38517 22933 10910 43072 50133 74749 72468 6652 26100 4283 97418 63219 6539 7430 97043 98001 
1816 15
55756 69819 19013 95919 82933 80206 61184 21169 44306 69857 48125 89689 89757 4895 47230 
1818 17
84181 24998 67330 12877 38290 41682 36391 94846 97651 12293 12077 38163 72212 2901 95446 82054 4581 
5304 16
44386 18112 94101 2187 61861 1640 58528 9574 37591 58849 82024 94930 13313 47103 5938 8012 
1634 15
75776 5282 2981 36241 90605 69902 34392 18305 15323 87092 24468 48779 774 57740 42058 
9092 13
27133 70866 56179 39395 52279 14736 59636 33002 43902 83350 4727 61446 50047 
2312 13
13823 98469 91794 59775 68329 28085 36522 85350 71048 57537 96364 94581 52696 
9785 18
94109 31183 33629 44001 34944 59260 3574 80556 82138 34697 90252 43724 25684 53629 18022 42219 21399 6695 
1201 20
78818 16196 58677 48464 28933 91106 33588 99331 63192 4850 34078 8851 93111 8585 6471 84256 26759 66837 33482 99899 
1195 13
9331 14934 67451 34 58034 12925 16525 81708 60713 65784 61163 99673 79555 
1743 20
65475 29366 24269 20821 94296 50750 23621 23004 11480 12591 89597 50948 87627 76602 9692 68503 34912 12481 80002 24247 
1135 20
57494 76388 80987 53763 78842 331 63763 10806 11249 64318 72578 53150 82425 3538 96271 3110 33281 49456 4990 31496 
5666 19
99373 64346 99441 57402 15219 98253 35070 37384 43426 7042 81153 84008 59019 57680 51504 99779 61210 78212 16932 
5551 20
2017 82686 16393 42531 49872 40140 25876 2528 46752 53504 96884 2612 12935 42489 29773 99068 69726 35382 61909 30948 
177 18
56212 95196 74013 35086 79625 32108 58466 68856 24856 38787 859 58838 63728 41033 86060 56541 45612 722 
3981 14
34633 47001 29189 15513 11556 21890 16378 53195 24824 8408 29157 4900 51948 28564 
4292 14
54933 96531 69791 21037 94893 82427 17266 22769 34723 93373 31721 19061 88082 56476 
4758 19
41803 61417 26076 4552 94218 63986 71749 2686 74497 91216 47525 54287 2051 92408 33654 24709 23928 99010 84347 
2468 19
67246 15132 59586 22455 50910 55111 48757 6745 76499 71515 58641 82367 92160 64188 4270 97638 75860 44075 84408 
1945 18
31730 30273 18607 75938 23955 67396 51686 74245 43277 2983 6908 86138 40815 93490 48513 15608 19506 48282 
5761 18
90886 19707 82127 82537 22202 13204 17367 70757 59747 7101 77951 58793 51586 90546 9465 83633 58848 84117 
142 10
23765 27708 52504 70926 25320 72905 41397 44876 69776 29870 
7177 12
92866 37924 5660 3402 79707 28825 2230 7818 98723 41812 41307 91994 
7010 13
3374 50049 76342 73618 32844 36326 84419 76992 6527 88013 33506 7866 9494 
8283 16
21288 75797 34666 69572 52552 81890 96375 29584 93762 84177 91275 77395 778 93624 75951 13885 
6063 19
54575 67622 67848 78200 9552 95598 41516 96428 79788 1266 85987 48962 36058 66962 28199 5828 91877 9218 50947 
4821 17
51516 97350 31354 74365 63536 51959 42338 17239 89136 79296 81086 3884 75704 47760 81114 27396 87029 
2214 16
71149 6515 5449 64376 37980 69006 21223 59437 45646 36172 59288 88742 94368 69665 75024 51556 
8132 13
85686 44427 83596 60352 63824 54232 7538 87428 72727 92043 1260 16862 79856 
7984 18
44930 27980 6981 57104 7690 57279 91557 40900 55615 78896 88120 97991 96995 83098 98660 59248 60574 56008 
3547 20
28626 49233 49047 67381 98490 97811 66303 11006 19858 71151 68263 18037 43770 46446 43386 79320 8106 76963 34331 68797 
6468 20
33024 70998 45359 52653 12308 38772 39842 6743 5418 29476 93445 60710 84678 2730 85490 43956 3664 15038 81275 68680 
4633 18
16590 73972 94199 77396 38658 20706 26653 1542 16914 44404 78025 5107 48799 68795 55488 15868 51555 542 
1023 15
9084 51587 94739 10828 85591 97098 27354 97587 89160 61112 55186 83452 99039 43370 30515 
8516 20
37749 7934 52966 40117 71570 97292 52095 98294 74223 12477 8108 39338 44249 98274 91035 75237 47954 69865 46251 78660 
888 13
97044 94921 3815 45447 51628 70818 14892 85488 84165 93790 36866 7870 29108 
9861 18
80881 27791 83404 39962 781 91849 22986 35112 21458 67306 96143 73315 31736 57890 91812 48795 41947 48099 
814 20
41032 23036 55991 74620 46466 84848 52641 17022 94732 54707 93376 50581 84488 75362 49076 63855 36942 5977 97902 93737 
4975 18
15294 46795 82202 31058 50453 59131 4055 34111 44093 17712 31660 9209 32445 95820 8832 480 77534 27153 
9324 17
30985 86162 52872 77640 75923 77543 99328 69318 20912 94552 43475 99359 55572 71995 78619 4808 72975 
8177 18
86465 62193 37076 27778 61129 12332 45970 34772 72882 12082 15824 87722 47292 19949 68303 41349 30779 42461 
9583 18
38361 30952 42148 25138 22618 91996 70184 83082 98534 84306 27934 65819 982 96922 3971 66941 11881 69681 
8887 18
19827 12560 89506 96383 42539 41297 74971 45450 67211 80223 73556 63045 69321 19482 26988 50060 87881 6956 
2706 19
64256 82579 91955 81491 60020 88134 50619 2254 15955 91162 29390 7515 29882 60051 21126 38276 46048 41166 72264 
3874 14
47125 92240 87298 59828 97508 99161 1910 51644 9095 59962 78658 95847 7225 97819 
1351 11
89302 21165 47154 31055 36187 28930 19843 91501 59813 2942 36129 
6058 9
48352 32647 60127 58942 38426 48289 59758 25449 44844 
1702 18
93013 48446 93145 82133 67628 62626 93530 26971 37974 83136 52945 96195 54745 6883 41154 54155 44058 63244 
4187 17
34811 24083 74882 74113 36547 17209 49193 16251 9564 26352 72156 20997 22792 26427 31820 62549 49274 
8978 15
35943 59571 47581 71837 39648 54607 34377 42756 95640 32316 75407 47102 83323 71838 328 
3323 19
23191 11458 24936 51815 71802 63295 20331 19171 67048 56606 4874 10306 90404 4332 45694 7260 17032 44961 18902 
6116 15
394 86820 89575 72477 80840 95717 94088 65759 6227 88451 68753 43697 11821 45011 33342 
2069 15
54983 63965 34774 24195 5920 78539 9301 78801 7766 72044 9032 86208 72935 40362 40074 
7815 16
29279 82861 56576 21168 79735 5927 47844 48124 13176 90719 6691 43089 65395 35113 90067 69558 
647 16
19201 28501 54768 60715 42512 71328 67588 73330 56933 56401 38027 31548 44367 38448 40551 88898 
9773 10
74155 55807 83407 17563 27623 37333 7003 95875 68891 4010 
2281 20
41965 82898 37559 29542 15230 17153 19958 60457 86913 48566 79355 6090 62486 86939 86617 15465 37313 41258 48856 37083 
6772 12
95671 19919 86445 24112 62509 23500 45113 88834 90050 95512 46842 68161 
3613 18
37763 43355 30742 55759 4461 14696 64790 44158 4368 28634 91166 77609 25581 27244 19254 31038 63209 21856 
88 19
92257 9925 71517 64710 83567 2478 26920 13921 16584 30039 95943 28074 15842 42841 8235 85299 83687 16004 96717 
9418 19
91655 20980 26456 78381 62226 43477 76325 73199 92734 67217 39933 74813 38012 90469 55364 23166 6337 94844 31984 
4632 12
88483 61499 40733 37117 41283 34228 31610 5729 90532 74198 72826 74696 
9408 19
48317 98520 59629 61772 43375 81406 64511 63404 81284 64882 71497 96793 91917 80182 33926 69332 95378 61982 46642 
1553 20
21370 69645 1360 342 30234 69349 60459 34675 2859 96651 19105 54830 68934 66173 40468 14183 422 50422 93628 30699 
1991 19
73953 60564 68417 10423 48448 94371 74190 5893 44969 85632 17969 39228 66087 64320 17214 86998 39315 19294 94589 
2116 17
23896 36222 6945 85573 37416 49982 82282 74607 53363 44482 38115 32008 20270 84242 56277 53445 32494 
7995 16
76518 7514 78404 25285 77993 19974 95027 30852 72285 28990 47295 5768 64041 74621 38128 96627 
3973 20
14011 78534 15552 87541 69055 79695 41164 35007 36608 79905 32978 97478 9008 43283 33105 99291 35420 58888 34081 31979 
6956 19
23222 12022 24652 96357 69003 51266 91610 39583 9618 35034 46911 65207 17917 41029 4121 51478 53783 44889 95428 
1356 19
83283 52190 15920 73445 49706 77787 89796 40507 61543 74453 1718 98328 70779 66975 63860 57786 7850 74656 13975 
4637 19
63609 28299 26142 46712 95262 16353 59528 50684 78679 72198 48895 36055 96659 67409 54237 89342 58115 89102 20123 
4395 18
66605 93942 77725 91034 90725 91851 84928 93784 48010 82899 14023 68609 78663 12772 94303 69050 97933 19596 
9795 17
82816 40005 63213 20885 76529 21612 27957 51869 21198 17117 43506 91990 41804 76716 47305 20434 65418 
3250 18
84792 24436 18470 53961 2956 37840 87903 74616 41381 15285 82689 3942 86017 13094 83947 64919 30398 58421 
7188 15
76337 81440 84057 21481 88119 89033 70171 5374 36450 58868 78360 40357 84688 82229 17210 
811 16
94207 7006 87847 13093 66814 43056 33777 60123 32257 58470 87977 36628 84120 50881 11148 68738 
2109 17
59548 69361 53017 16081 43212 31327 64071 9177 42324 84424 53156 60640 39183 32541 35173 81350 12460 
7072 18
23190 95736 17708 39286 3659 96718 60880 95521 23931 52746 80706 73842 28666 14344 90714 96889 97556 72820 
3870 12
66387 85107 65556 74868 11256 22664 56130 81798 71697 21225 73690 18758 
8792 11
20600 70303 38764 70023 9735 54239 6357 22102 89532 19539 64469 
9164 17
34662 113 15190 82409 32366 73259 5151 28391 82822 29362 14989 21899 86054 52413 21543 77024 25792 
2983 20
39829 31792 41485 73794 28723 53431 27751 62853 81344 79861 71482 90998 34677 63288 96094 41909 63461 86792 22581 10748 
255 18
39570 82915 5672 46524 80009 5944 79059 79133 94892 61948 28377 34142 18475 53204 60046 1534 94936 65354 
5878 18
24235 69799 76678 98054 26382 66952 54676 31596 99054 40835 77185 59590 44649 560 37761 84287 3227 9243 
8333 19
45499 14071 21547 70740 7009 16354 26207 83079 70283 39055 71629 10462 48976 65108 91432 98635 79174 61673 86537 
3185 18
54824 68256 52155 55901 57456 44564 4197 93039 4309 84 62089 26586 22276 87182 52478 29793 37546 71160 
828 17
40951 37066 88623 18105 81169 6354 75390 39687 96350 82317 35058 54770 34543 25267 47595 18369 66152 
1959 19
33065 66986 79779 37814 92586 15504 37462 8816 30360 6488 65440 30904 26841 80465 40740 78377 22070 2558 26926 
7520 19
80028 12375 16315 90299 99933 97465 14524 86819 84709 19086 18075 6918 5193 83821 97275 60074 20555 10071 40206 
1970 11
30317 80411 49785 13325 60718 92429 35806 71777 60864 22341 17137 
770 17
21709 38541 53233 94635 24523 21875 57673 33151 58519 63742 62545 46119 82026 26948 41391 82351 54580 
1661 18
24511 85544 148 38934 31834 63329 54200 78657 39745 99581 61243 51298 24792 88907 35534 41620 75322 86486 
4387 19
58918 94306 31932 40894 87709 35950 67898 56953 13442 25562 72096 9395 71236 65472 72884 58327 99666 78543 40262 
9534 18
69664 94191 812 93040 26956 59041 57504 29539 9067 52139 78748 78828 43216 21698 57427 85611 53740 40101 
3483 19
90279 42098 11010 87119 51336 82304 72828 94901 909 87024 94004 37523 30642 18848 91934 88637 38455 69536 1098 
1046 10
46590 90429 3777 79786 18801 89745 24836 51995 27894 82979 
7544 20
67706 13399 91815 20078 19966 44018 54771 74945 23574 38212 48181 26082 30934 91142 31305 28023 88862 13364 50145 95545 
7914 14
57089 74671 81934 97637 1456 96940 44292 66882 49133 46977 74167 16138 59744 21151 
2415 14
17257 74055 95638 94287 27490 83554 4557 17962 42484 53402 36089 45738 86608 46548 
2131 19
39127 40821 96117 58267 57250 32293 28303 63610 30118 96149 83882 5323 4950 49793 98680 60033 35568 99241 70660 
111 14
70445 1692 38153 55457 20320 15253 61427 1559 40466 79430 45472 8792 78382 97759 
5836 15
74107 21366 99548 60268 93283 64724 4677 47206 69869 16605 59628 29682 11646 78095 15179 
438 18
66969 35391 83889 99274 35054 32649 42082 15813 11330 66175 69232 60434 89610 38629 79345 26861 63712 27092 
198 13
36870 79943 3333 11316 19029 46140 9872 42091 40934 37953 86139 64023 38878 
8280 18
47797 87048 45879 72845 4407 68234 93569 86752 41699 17809 81120 61471 86664 23330 75747 93009 40693 88592 
6418 19
14997 77682 22844 79744 82879 91998 96150 57577 75744 3708 39035 4176 71901 55251 7124 81382 99717 36770 55802 
1726 19
75490 73610 75996 84172 63258 28478 43904 5840 65232 28713 16183 96499 3281 47647 20072 68987 39951 18466 58299 
2036 20
40670 27844 83062 92696 45700 24556 51581 16038 63312 34011 93088 21988 83164 81755 94494 84093 4076 81429 13604 98617 
7839 19
53652 80364 56161 24635 33866 99122 60653 74508 26812 94038 16484 25222 33645 66130 4628 13704 25682 99997 67734 
6524 10
97537 13636 32184 42980 1767 58012 75060 73516 99333 81752 
7044 19
68706 5434 32077 19378 7181 1137 3822 35737 95244 31924 97215 80696 74382 64793 90484 31676 2768 47887 28427 
832 18
86392 29746 98497 26078 76482 42719 3870 4567 54441 4118 53142 17213 12923 1489 44419 85275 75680 29059 
6340 12
8151 60207 13455 46063 94994 83042 4957 53228 9906 35977 60536 56010 
1558 20
97366 26260 69617 33220 24684 15364 69691 67847 93152 68838 60398 25111 89419 11515 44187 18658 7743 17591 20831 36979 
1049 19
9900 3703 85078 54415 96767 42964 6246 52415 37155 97751 8378 96474 66147 75843 95406 18847 58459 77276 60680 
2044 20
29958 39554 69029 71861 27066 89068 25945 63471 64546 92294 79761 7230 69976 59429 90947 34336 2766 73699 63723 84863 
618 19
22756 90761 46460 61967 22642 34493 92553 50644 11733 26953 36585 50768 37347 20063 1004 2280 94819 78846 20262 
5006 18
54408 54828 50106 21514 30427 91079 53649 6050 25614 12938 18289 57867 64415 76702 46101 95257 35815 39830 
9829 18
56041 83501 86822 88487 64120 77453 20136 75869 3990 21391 97558 32779 67231 1070 11205 47315 51779 70861 
9367 15
49908 90301 10106 32324 43507 82428 36361 49525 23025 31744 69960 94991 55924 65640 19891 
5037 9
50488 98209 33357 85819 57049 21942 51738 14221 76941 
7511 12
16503 31358 7833 33910 61640 75046 76480 59683 60278 56141 8434 77109 
5772 19
53135 33608 6692 16659 4031 1982 98318 48467 41831 84184 57570 12725 23061 97814 84767 44449 93297 50064 53899 
4431 18
55114 28784 7277 60032 63847 17664 91132 86464 5799 74076 27275 18859 41337 55444 45797 79125 57498 38796 
3459 20
33307 1678 87515 77920 8575 57400 24874 17120 22522 25755 87562 75515 71217 55157 65964 10876 12206 53358 28136 97886 
8377 16
1952 17597 46143 54862 76601 6259 2902 1128 89407 49061 20195 98336 23001 69927 75006 30670 
5345 18
860 89116 97852 15602 94530 98257 32964 24450 62392 72349 11138 17624 31374 36536 95436 13629 30131 56301 
2786 14
37310 15562 29626 88803 99560 10714 7537 53376 38790 72419 55427 25368 27246 34993 
5000 19
44677 54889 83282 58799 98308 79237 25450 78656 9729 72388 52118 54693 44489 47483 48754 88580 90496 7698 21974 
6636 15
42641 997 71874 5454 54092 97223 34089 1816 60066 95361 75695 47875 47982 88953 32592 
7179 18
58721 36250 2258 68807 46987 41750 35544 38619 22200 37668 45570 53577 47013 95940 22705 64217 59713 41291 
3444 14
37457 44469 82303 48528 58910 28590 68979 36044 41648 69317 39250 98937 17112 80839 
1628 13
42777 13112 11865 52569 93789 25392 85298 37666 42398 60240 35945 19175 2257 
7660 18
39052 6190 53536 11659 54191 49587 10842 15988 44412 50507 64173 23360 2448 59652 90869 48090 47017 74592 
6253 19
51545 43682 10342 66108 98355 77863 34810 71436 81202 51490 43797 83025 25956 9713 56995 98882 51496 1822 96307 
1314 17
63642 64889 39913 66611 52397 97131 24981 39692 20714 55018 3071 29706 38917 87717 89598 46120 52882 
9566 9
52477 57624 65721 76358 44518 60741 85657 3302 41865 
9889 13
17833 75653 75279 33093 70722 99860 28851 32305 47077 39701 71030 55108 29752 
8621 10
98357 85977 43402 82447 77033 56601 15003 47268 57534 58946 
9151 19
49325 39121 87691 29763 59721 4598 49083 83569 33175 95891 82145 2175 4327 64454 87444 69350 30530 79959 52753 
8050 14
93694 18693 42059 39647 50751 70363 63540 12728 813 24179 36105 63265 3975 78373 
7043 17
46152 88365 33162 71566 75671 81624 98556 72034 53013 27507 39966 43947 24775 48884 15875 61378 9879 
7452 12
33899 75969 55173 94579 68860 17398 70801 44527 28031 38193 87337 73154 
4959 19
66854 38669 8115 81043 90498 18060 63591 34997 69932 902 3267 84925 20512 33020 3639 49735 43890 4300 29723 
4625 19
3244 32231 74454 31209 45503 14110 289 55332 83423 61470 60406 47909 3512 99017 19517 75621 19131 64527 48111 
1977 18
58468 30722 86932 74523 26223 79439 89875 94900 49282 44362 35476 80164 30488 58335 64735 67078 93365 43892 
613 14
29089 45699 1648 27843 35584 64411 58866 58538 62608 30748 53323 6207 23127 98922 
6609 18
80532 62769 26726 22173 78614 73426 64281 69910 20546 84281 76612 40813 8037 44884 34525 91760 17782 6635 
7515 10
32060 77803 32430 61005 13034 1370 35357 5656 85042 27885 
4316 16
13342 77513 87587 71294 78639 14926 35146 5208 69061 37870 24007 33788 99961 59990 26179 66447 
8093 16
89863 53286 34533 1934 15847 3141 17236 5675 11320 97945 22993 46747 93112 39976 35669 18541 
5851 19
8445 79965 3982 23556 21720 87530 56563 30381 12513 17291 95728 45502 85653 3163 21555 35601 99002 21719 50129 
5604 17
88745 9206 98615 83808 26363 26512 42354 3229 21085 83291 89538 63689 63423 74267 98019 95456 75707 
9094 17
57019 63761 17127 90170 35256 86300 53621 55849 15487 13876 96695 36772 4512 46268 75717 89783 62949 
1868 12
26663 11514 62025 61130 16181 68996 57376 50201 96293 57160 23550 7898 
462 16
11995 88288 65678 36094 36722 92412 96865 12322 82077 31505 72407 29109 84319 76817 73681 45164 
369 17
68137 9741 13634 92968 9739 78547 74289 30841 77410 72504 51246 32053 79272 15393 6355 5709 3212 
5177 17
65536 98745 39707 40377 87343 62448 97785 37729 12620 93683 40825 40640 55279 31518 35665 63765 28931 
8149 10
16863 79950 87508 71560 59349 39297 11281 46288 42728 88199 
4193 10
82470 16068 8596 29869 52011 58278 97482 99564 49397 24403 
4589 17
15019 60847 25544 63137 69690 96842 7474 16290 96657 57543 85547 68905 21652 37167 42443 35659 65364 
1448 13
89811 91418 45379 95566 14370 97191 46160 88725 92889 88507 45990 61385 52876 
2644 18
25465 76246 86827 8260 25096 53516 35291 84739 45494 57696 45285 86734 21544 4356 6193 27945 43777 91944 
2595 18
68600 24051 74434 65394 6211 14294 53077 47277 7402 43589 20237 37988 99774 85163 21527 32210 58789 56102 
7360 9
11512 42389 26904 50678 48561 23450 99682 33085 93449 
6913 18
77077 83790 14559 46107 90774 16714 33046 87433 64705 53882 15183 36458 28372 46861 47134 39853 7138 5856 
1024 10
32114 24268 22368 4972 52032 38759 61721 82442 58408 68426 
8029 14
90525 83443 60974 54570 77980 6204 58836 76534 17780 35144 79577 65289 82894 23543 
2204 17
82370 50179 70258 58586 25954 57300 57312 12889 29880 9205 55043 58758 5261 59184 22494 100 95659 
6008 17
29920 45867 5250 34661 11410 84551 79165 43410 24401 60417 96729 54791 36282 49132 34879 14507 65795 
4386 20
55589 76411 81146 63486 27770 25605 55159 51559 8144 74910 53983 20278 58984 1441 41768 41057 51286 70149 2757 50686 
8684 11
15156 65511 63879 2036 96140 92515 94259 51824 78708 31311 34127 
3954 15
19488 82309 60846 65040 65492 41916 73802 89107 72792 29964 5135 53931 90743 73483 41484 
3932 14
35609 76902 56522 59960 50601 80363 64017 70752 82149 49927 29211 2929 77422 40438 
498 13
75135 77897 72849 38688 85390 4651 55274 80075 74383 14276 84687 95302 64733 
7491 17
32661 60681 24104 14389 29611 21049 39743 67568 89044 70505 75423 25513 6316 43424 48935 8221 69142 
9963 18
54749 66242 13534 51392 11101 74257 13159 43895 55717 23537 34741 1914 27003 99824 3471 35723 9928 47722 
7088 19
94375 8412 27637 75544 27839 21222 24928 67545 57061 29514 10166 42899 58188 85703 4075 97301 45307 42986 23859 
6025 15
15234 6027 69963 10318 30227 22909 59016 55115 73040 7756 60996 79770 57798 32999 22120 
9649 17
1461 16467 99922 67071 86594 13009 36034 85401 95733 63443 48809 67332 57152 63966 12753 78662 86372 
1268 18
47798 98037 17914 42468 30239 12045 85192 73816 97669 80268 17540 21854 6648 2779 99819 5787 37784 68325 
1688 16
96274 53803 19862 68160 23473 44191 37779 2318 91404 81939 78264 48135 63960 82328 76648 96076 
8766 19
66061 53644 65305 82021 54844 48753 83141 54211 58834 844 8966 49959 2111 97126 28304 22981 48338 757 98720 
2317 13
20878 87402 65696 82056 38890 66434 85883 70890 41224 32673 75328 15438 61382 
7305 11
23444 89141 17735 27769 569 31000 71052 41276 95997 16103 80227 
5917 20
95004 27465 26981 22198 49539 40222 10382 65539 61491 62847 67427 44745 61071 43678 84627 80670 78933 27251 75324 8769 
6779 17
96152 42236 97360 81514 80698 32041 23458 17379 64219 28854 55496 41851 47812 2282 47364 64426 24773 
7484 18
30428 6999 499 97413 74915 24604 1233 33011 62288 51693 35042 31262 83090 68859 13048 89053 80159 27513 
1349 18
28366 22375 94002 11511 19353 74174 82237 75381 17539 56202 42110 32056 50069 8164 86640 63894 44508 75694 
1911 18
32764 78979 44359 31259 51734 37169 24368 67841 49484 86319 31051 31521 56231 78756 53101 48403 61157 3875 
6570 19
81143 91607 69553 94364 87210 8442 44856 53585 91144 30656 78013 57453 57606 23095 10335 26069 75928 18679 8919 
9595 13
15904 89739 56023 13965 45492 64290 46800 9291 37670 56297 52965 3766 94237 
4752 17
89768 16450 84635 63030 6179 87100 92119 20234 14785 37563 83421 87628 95400 99721 86716 18045 36411 
859 18
11267 35412 68733 73627 64437 11917 74636 65525 68238 29902 97495 43225 16569 76621 17798 95954 11780 36982 
4310 10
28425 51508 22331 88165 31715 74707 27340 19636 67248 80658 
6185 18
43886 10957 64503 26521 88182 94908 13777 85140 80553 39140 75533 1550 81670 50605 53631 4259 92901 49168 
2359 14
9508 55889 14067 60259 78319 30503 98686 63497 83803 19053 20678 28632 12451 85810 
1703 11
72781 90966 47958 21588 96109 19587 988 20081 57753 5445 62640 
6509 18
83114 42327 29630 52728 69889 75152 11922 19691 67193 89183 21368 42000 17698 25700 47758 21904 85557 49691 
7201 18
75421 1870 46664 33173 97303 98275 95419 7886 71207 2668 71365 17893 5891 54759 23777 22662 76802 38846 
4027 18
50290 95118 74726 97507 28753 87461 2924 36907 36872 24809 78354 56847 49250 94515 69730 71401 3280 63754 
2662 20
52404 57077 33380 40153 14649 32010 93311 85479 17141 87757 45575 47660 8780 9764 74261 1411 63189 53561 31580 37215 
1453 17
17714 25123 15385 28208 24651 38811 66733 39332 49749 74243 1339 59341 61255 12015 70749 68226 51412 
917 10
97211 85545 29121 38274 99771 3449 59516 44084 33126 60729 
3679 17
43919 30290 53944 77953 73279 33897 32628 49586 15648 91484 54193 20209 39446 8895 23169 73820 64846 
94155 56801 53636 56787 70401 789 94520 
4320 19
22018 18150 77437 64836 72292 33109 38599 830 69719 23979 62707 6675 89483 1680 61953 42132 17619 48582 15289 
180 19
22770 56086 52970 98128 862 79716 3243 20863 72660 75870 84541 97815 53633 57753 65750 31588 87213 35394 54866 
8149 10
16863 79950 87508 71560 59349 39297 11281 46288 42728 88199 
1023 15
9084 51587 94739 10828 85591 97098 27354 97587 89160 61112 55186 83452 99039 43370 30515 
