828
7819 20
47416 71839 45905 88097 42215 89224 58796 8183 21414 86747 20549 60221 53006 39170 32704 86604 1367 37514 58040 85469 
7358 20
8226 6016 41726 81897 46729 65508 65619 36550 63957 45114 59605 34271 81543 47834 46203 30585 67570 34122 51487 88944 
7175 12
66907 75263 28784 39305 23413 28230 17709 96386 68888 4082 14897 55577 
349 20
83215 64201 17897 92378 49971 45706 10212 55168 56492 71808 20469 87536 18167 97265 39545 93253 59352 73350 99807 34171 
2942 15
98932 81564 73004 90045 69898 19722 39100 23015 82493 25245 86813 6497 62440 54930 5417 
2064 20
90437 17987 13791 58016 21156 18622 37769 32282 78493 63504 21576 88773 87773 51873 85217 62422 62954 26782 62295 25048 
650 14
88226 4701 26135 68353 59551 78483 50898 68345 60100 18275 44740 61008 33694 78383 
8696 20
35619 45104 44776 86267 17085 89554 3876 87902 38304 24855 77630 82092 78115 2284 82577 94634 66416 42488 5076 65791 
3944 11
31866 21773 39648 64848 31687 72868 71849 20268 340 45395 24737 
5724 19
83428 63547 24578 72830 21401 8025 43701 12844 3319 16663 13122 89956 53478 4331 91251 9003 93722 19536 64761 
1606 19
70957 22806 70198 14572 16695 443 89988 87052 82204 70712 74681 81083 60313 73298 5223 92791 93400 81745 95307 
6754 12
48874 16462 73946 69574 57188 6136 64971 54195 47046 9716 60674 38055 
3837 17
77213 22974 98230 52789 9470 81538 27601 62685 1730 64520 91342 77605 89564 48163 64117 76390 25504 
6821 20
34765 13254 40424 1631 64475 6120 40734 65710 47392 99232 53296 74059 38721 85849 36401 82842 95339 30421 2614 93884 
1668 19
80410 44718 9362 36335 24030 55783 58743 88494 67446 45921 46296 40392 71723 97548 21420 77215 17657 54122 77181 
9827 19
81476 22757 20602 58578 46562 23658 45735 29270 15165 40999 27823 15530 84263 31392 87201 93199 7260 4113 74318 
627 19
74570 49106 41993 94802 39432 20137 76493 13907 46427 61874 92874 60226 60962 18989 17668 47618 75802 52170 38799 
8449 14
14558 20646 45138 28274 80146 39740 8130 1067 63841 79160 6551 88496 150 18333 
2346 11
90784 3616 22001 38852 62638 23022 5214 75265 33916 90132 2355 
1939 11
56298 23542 7946 5946 30426 87958 68505 75122 83143 18390 28572 
6550 19
94970 97138 10051 35700 31067 49892 65313 11530 97857 7958 93066 63103 12759 33058 80912 57286 85050 57527 16395 
414 20
58203 57632 134 4391 35170 30257 13209 3857 11876 12491 43849 47195 82540 55000 67594 72431 98692 78367 75477 61099 
5604 20
88745 9206 98615 83808 9978 26363 26512 42354 3229 21085 83291 89538 19539 63689 63423 74267 60539 98019 95456 75707 
8384 20
29310 76168 27699 71023 90223 79781 84313 24067 67329 15212 84933 67804 45614 54344 4986 37923 69826 34713 81966 89482 
2943 20
89074 42824 10040 34734 14627 36728 35038 19155 56395 38998 44522 11954 4916 61497 68429 56722 68857 48077 8051 90985 
2109 19
59548 69361 53017 16081 19152 43212 31327 64071 9177 82880 42324 84424 53156 60640 39183 32541 35173 81350 12460 
7281 18
4425 53518 35664 83800 8971 20628 33026 12771 39968 64213 88047 87511 27077 15340 74003 3009 92440 26693 
3134 20
34939 78031 35068 85767 57795 66699 51206 85527 76660 34373 24736 76719 79014 48041 56152 55714 49408 67351 57609 96407 
4871 20
920 12492 79041 29616 52743 42134 10014 2030 11543 55914 58146 68337 17652 50357 83073 18945 98377 17164 66996 72701 
8181 19
82963 39996 15098 76450 45999 80560 83126 49564 56979 34337 7259 52171 23141 74272 59532 29408 37489 56597 40430 
3999 14
97302 56661 65489 13657 77440 48817 87352 3733 68419 12382 98584 34483 51204 22678 
4112 17
572 27645 65305 35584 7423 49884 67144 30218 88453 95395 72854 20577 8516 8967 68058 46917 13957 
6241 18
40462 36531 42960 25240 54471 21600 74814 40351 66575 48146 12416 61451 13562 66639 98014 31889 86442 88617 
6698 20
52944 76220 93865 48694 89391 78589 29418 14519 16542 70031 61763 48976 48503 90165 20552 78901 78305 78708 49808 57357 
4450 14
8070 72514 21243 91287 21934 44453 7272 36551 14456 15705 75873 12356 15875 77812 
6897 19
56907 95402 83304 28038 71074 14860 10856 3932 87937 54263 6564 43423 14925 48793 75602 16476 73295 54084 37550 
4758 19
41803 61417 26076 4552 94218 63986 71749 2686 74497 91216 47525 54287 2051 92408 33654 24709 23928 99010 84347 
2610 20
1382 65479 61304 49113 77032 39325 48043 89240 66708 4174 7820 74761 25060 53356 30494 52297 11071 10458 48745 71113 
5285 15
2419 88880 33018 41032 66260 64457 67607 26087 669 31780 71759 84286 39323 17578 83059 
9447 20
38493 70663 38593 673 76262 410 89681 38320 34612 76725 33653 90735 98621 61857 42871 20351 83518 38150 14339 63821 
8792 11
20600 70303 38764 70023 54232 9735 54239 6357 22102 89532 64469 
6235 19
54675 98310 2510 89751 51514 33564 21213 14188 27975 20599 23126 10813 67868 16201 74048 89434 85956 44347 43368 
2469 8
60170 1645 27590 87765 57522 97430 67973 87022 
1356 19
83283 52190 15920 73445 49706 77787 89796 40507 61543 74453 1718 98328 70779 66975 63860 57786 7850 74656 13975 
5635 19
71504 43377 86870 58156 54205 94606 61221 25642 60210 72732 32143 57236 21248 13394 85062 37473 76916 50090 23086 
906 12
60103 28069 51287 44052 11604 24241 36627 87150 2770 75208 73612 46263 
7293 15
12574 14667 70986 49312 39981 51647 3704 36429 49885 78972 14763 57054 73884 13465 44087 
9855 20
60258 74200 83257 45533 55738 34698 84226 89198 14014 94033 64392 21342 79077 31629 2999 56073 18568 51479 24583 69233 
18 14
52395 75224 35169 98878 80302 64396 52255 56601 55842 73308 69057 29586 74997 74125 
111 14
70445 1692 38153 55457 20320 15253 61427 1559 40466 79430 45472 8792 78382 97759 
4705 17
37941 9691 19051 51664 92431 71928 26982 33664 24661 95102 66365 29112 15961 28939 58350 46654 27498 
7511 14
16503 31358 7833 33910 61640 75046 76480 59683 60278 56141 8434 86698 71537 77109 
8728 19
71936 35203 33260 69082 65433 50050 87702 32405 56671 10134 74374 73194 74978 35881 72584 47730 18116 81479 15654 
3428 18
612 47401 28439 69864 36727 51354 44929 88298 49856 49358 71379 56796 25787 94797 87468 63123 39161 61709 
1949 20
24096 18968 71256 82966 98832 52845 2883 63589 5658 7767 96757 99572 99686 77607 75188 21318 29512 46254 41367 1416 
5798 13
93871 42982 96481 41195 16994 23591 99945 81411 44434 48048 5857 58620 17308 
2295 20
92423 86721 39973 53545 42630 72977 57390 77952 94482 65724 32922 98602 99188 98839 22146 58739 17887 70899 7720 12395 
2882 12
16292 6626 34082 78934 24478 34255 48828 54090 7897 83698 130 65860 
9081 15
8893 82682 3001 1161 31591 86117 34619 93266 71966 55774 27930 51304 56624 36605 37630 
661 20
48941 87312 32402 83190 46618 77606 50977 25973 15297 26557 49350 31489 55860 41272 44823 15973 86001 9112 5110 66405 
1634 15
75776 5282 2981 36241 90605 69902 34392 18305 15323 87092 24468 48779 774 57740 42058 
3788 19
5704 20309 54384 94356 98751 89413 67305 54710 91594 18810 99265 20704 45294 89924 4613 26619 94641 79613 35027 
9200 18
95783 40998 49335 23736 5786 75076 72874 94798 26733 90870 81025 86219 59635 15517 8628 13319 23611 21877 
6871 20
40071 599 47629 87851 67662 31515 12282 59306 42836 75548 36149 80127 74615 74736 16615 59246 66013 21581 39044 13601 
6340 13
8151 60207 13455 46063 60749 94994 83042 4957 53228 9906 35977 60536 56010 
3148 15
36813 23400 48541 32967 20102 41864 87563 95340 21022 69943 87166 23660 47631 71769 63389 
5771 18
86501 33122 1209 24242 99914 72219 64988 59863 66534 3612 93974 75809 79899 54432 93188 49265 33987 61655 
8530 20
11503 81373 87719 5892 26138 53582 59089 88957 32631 2304 20859 16064 42760 19448 98024 99723 22968 96213 27044 82458 
408 20
94197 31129 34200 2194 25439 65595 69455 54593 13037 95036 16803 62757 79566 69269 42226 45051 47022 68646 79586 70901 
751 18
51453 15151 91075 275 29854 5449 33695 18471 15535 59538 92605 74094 70627 59492 94239 41058 65399 15713 
1109 10
29735 70282 78813 65141 25962 74628 83089 14698 61713 38329 
8124 19
24203 92010 91445 60124 17381 43674 16017 73964 63901 96909 47515 64953 77569 20796 74777 9262 42355 69653 93906 
339 18
55575 72357 17915 46187 37593 86688 13498 52082 34201 19998 36061 42160 43697 69372 88088 79228 27942 77635 
9100 15
40503 79050 41747 67500 72373 1905 11852 53450 58793 26345 14179 24333 48829 6610 28665 
2608 19
17701 94767 70583 49034 37863 80164 11918 79658 63594 86940 54742 36745 34119 56123 36770 99212 54180 46504 54120 
3525 18
60690 22992 53202 39839 33222 88124 26248 28338 90138 9648 72796 5122 89782 54655 97816 80204 11729 99793 
2830 19
73779 43765 27169 2816 85802 50999 24754 93477 11521 52506 81508 66058 69904 17347 2023 22923 62515 3571 65030 
8791 19
77912 7524 86695 7772 91907 68515 10195 70762 32205 58323 55805 40812 99958 73654 5851 95022 67079 27407 89708 
1478 19
29736 81910 56764 95287 31959 59763 21990 29280 16091 11030 70272 40915 94114 99281 44076 3165 94760 88154 16541 
9092 14
27133 70866 56179 39395 52279 14736 59636 33002 43902 83350 4727 61446 50047 14305 
6342 19
92024 40639 83420 56610 14438 78035 17891 21926 72245 32670 7859 54197 66637 69395 9810 92418 82294 55491 15146 
8005 19
66483 43568 69565 63014 54867 7518 80374 38757 58998 22715 2171 98798 11769 59779 50403 63729 75201 44049 71358 
6115 19
63877 83165 74708 46716 63246 1292 68866 8724 77082 28690 31377 25374 87223 30659 20120 15175 37543 61183 7852 
2359 15
9508 55889 14067 60259 78319 30503 98686 63497 83803 19053 20678 28632 12451 52615 85810 
6253 19
51545 43682 10342 66108 98355 77863 34810 71436 81202 51490 43797 83025 25956 9713 56995 98882 51496 1822 96307 
486 20
97830 4790 62384 35600 70433 92872 57487 16438 74082 1886 17824 92546 21153 32434 30785 80033 28477 78122 77753 31791 
9927 12
15046 62049 62499 74206 79480 25242 30544 6861 6495 87095 75180 79254 
1642 12
60376 28992 27676 39035 40340 3529 44640 60189 90029 33251 32091 80174 
2144 12
7776 62673 39234 65933 40437 18220 2623 37470 36485 59023 83373 8888 
2276 14
16594 49600 40974 53887 39529 60061 28198 83080 75298 80809 50057 59168 43859 22235 
7038 17
61179 99644 64379 87874 80352 22970 95361 34793 74706 3068 11272 45102 70019 1508 43484 16268 19777 
5873 19
51111 71845 52916 49162 80581 64148 25664 54746 72106 10884 31494 34432 30683 68214 76811 97334 11228 45383 26816 
6213 19
63457 77424 10865 13393 29136 94635 72552 46054 82724 63817 51875 9811 64840 29045 32725 95472 58212 40932 82901 
1427 11
16915 98986 40047 8827 56741 82504 7576 36020 86916 75006 87619 
5888 13
99563 94808 27297 98551 60794 79815 82769 37781 79012 86405 363 70538 9853 
4613 10
64159 4585 38373 64138 12729 81600 7768 61798 7670 69642 
9203 12
24592 81842 27088 71731 83264 8470 38458 6905 8113 67814 91060 87616 
7989 15
22925 80808 6800 31099 46874 12877 34694 46347 25304 39418 86559 92114 95793 33147 4181 
9566 10
52477 57624 65721 48216 76358 44518 60741 85657 3302 41865 
3572 18
61989 60392 89382 56378 57615 83768 92553 11614 58966 7170 65971 55647 36954 71847 52260 25351 4815 38634 
9647 19
6639 93830 20992 36874 77077 22523 36307 29392 69201 25354 15121 35547 14951 3723 46419 25514 24037 95318 47109 
4138 19
7028 92204 45568 17444 74424 68663 55497 97831 57207 16048 41421 45495 34073 96595 37046 67693 59332 57000 6958 
2097 17
71974 13950 4479 36914 56512 59220 12344 99396 58614 95184 70408 55915 30639 19472 72902 35119 84576 
3761 18
11607 51684 32960 63048 9296 97569 41286 36152 58738 39340 55676 68579 6914 69288 88316 89142 95687 18111 
9255 14
80757 17705 54473 12490 14871 40739 1875 29485 19731 33025 69499 87929 10121 82545 
2548 18
32726 86711 57484 28728 32195 13294 33891 47803 86674 45656 74100 75343 94111 84796 4499 79523 27691 52917 
5348 19
2519 30289 22038 37958 21795 43951 27669 16521 30371 60666 44592 63951 6144 42335 75228 92159 70428 9820 44219 
9772 16
45682 10161 77264 41179 10639 18994 71956 39849 1331 12919 34725 70656 95372 90925 20394 63725 
1448 14
89811 53233 91418 45379 95566 14370 97191 46160 88725 92889 88507 45990 61385 52876 
1161 11
41509 24904 17614 57095 31630 50715 45754 83258 35684 47289 6615 
5523 19
74547 82572 20012 37009 89131 33580 80571 36834 40020 44354 48363 65454 67081 31078 64293 17531 95018 31675 18711 
1229 14
79616 90096 42863 89893 69387 11794 11142 52749 50904 8896 76472 60936 79141 63469 
8691 19
48126 46058 1012 33992 55052 80049 35565 87419 18437 15480 78477 20152 50247 78715 29434 85175 15371 11153 59290 
8917 14
32911 3456 38007 42526 18745 65614 10177 14901 40941 61097 22365 60134 39083 6604 
4100 12
51164 35103 29972 61020 73240 18669 80240 68742 18176 44205 87147 74854 
4975 19
15294 46795 82202 31058 50453 59131 4055 34111 44093 67501 17712 31660 9209 32445 95820 8832 480 77534 27153 
1948 16
51547 21221 44912 85158 90682 44627 62011 21302 39560 47299 87494 27621 80843 99273 14595 55184 
4713 20
7840 20958 42024 16018 72070 4500 47016 6256 15110 97498 15233 2430 70362 79089 18798 344 86903 55232 20393 76521 
7294 17
9222 87816 64804 14773 92094 74403 83381 24763 83796 14520 10973 23108 1412 79261 12787 55349 21556 
8109 13
66840 10811 75268 5407 34450 42969 31540 23360 52328 42782 59017 36052 52339 
8738 17
34438 20614 68221 1081 46844 42857 89237 2052 92795 33701 88550 485 69069 47390 10840 36519 41936 
6899 13
95073 51050 94621 10095 83721 85338 7382 66671 56318 85529 14246 36977 66595 
9829 18
56041 83501 86822 88487 64120 77453 20136 75869 3990 21391 97558 32779 67231 1070 11205 47315 51779 70861 
3597 17
30212 95110 43268 15572 44464 11413 10118 37962 76133 43181 26650 84345 90342 12667 73670 55285 59146 
4684 10
82189 25207 41616 57563 14547 75207 46343 85546 58392 63262 
6202 14
35878 47571 3489 73534 70036 69527 37978 87037 92835 18657 81666 32439 26051 88430 
53 11
19871 45897 2478 60488 1061 70968 67042 56156 61098 42293 27198 
1661 20
24511 85544 148 52131 38934 31834 63329 54200 78657 11558 39745 99581 61243 51298 24792 88907 35534 41620 75322 86486 
5134 15
91032 93992 97031 41345 78271 77120 73307 68890 41570 6727 98153 79664 97582 10421 62796 
5002 12
23352 31469 26815 79017 56284 79583 4951 10707 62072 18834 62394 74901 
6063 20
54575 67622 67848 78200 9552 95598 41516 96428 79788 1266 85987 48962 51504 36058 66962 28199 5828 91877 9218 50947 
7075 18
26973 99835 92121 86304 80133 37195 2387 66289 27107 91201 71055 29624 88983 17920 52111 92755 69741 753 
1731 18
95703 43551 45653 49365 58646 62603 9773 68097 88863 6756 26239 26296 40693 84056 44982 76857 2408 19645 
6979 19
89839 41474 32591 40294 57859 71799 71246 93347 41412 21211 30325 25493 15498 8991 43631 3425 18600 22906 76206 
8758 16
13373 66675 45583 57507 17985 18403 74958 51760 95727 5445 88026 60299 49244 24925 68057 36492 
2651 17
87520 40436 7277 69343 6709 84919 33345 15485 51735 90615 34930 303 66504 87639 35995 98402 89695 
1453 20
17714 25123 54983 15385 56190 28208 24651 38811 66733 39332 49749 74243 1339 59341 61255 12015 70749 68226 51412 22832 
7021 16
8126 69638 66024 19902 71524 34954 71094 39880 15673 84776 65056 14586 93967 58903 78444 86633 
3938 12
83826 75092 43547 68684 20791 92820 70893 38662 16110 59885 37595 12180 
703 17
86055 73064 49338 23091 66951 89033 56745 36614 70286 79756 49317 45427 10282 39014 97238 73048 75982 
6054 9
4824 58795 69265 4114 19734 63110 15284 56202 61539 
9097 16
9902 9544 68480 96626 79677 98423 66826 95707 3683 69480 94747 3785 16676 70185 19818 85560 
1985 19
21711 53075 17474 61947 55034 21684 79703 44967 75766 36762 12654 85728 46771 50199 52897 71188 21898 72046 77460 
2991 20
36568 38343 80187 71546 18985 82300 90602 69656 35481 465 85266 16259 37044 60312 11897 37961 44075 3424 5604 11800 
7709 18
99195 24499 69407 9816 71892 58854 6194 78733 23021 56021 67654 91415 53259 88615 70512 80735 37972 17174 
2044 20
29958 39554 69029 71861 27066 89068 25945 63471 64546 92294 79761 7230 69976 59429 90947 34336 2766 73699 63723 84863 
1045 20
17105 25087 20595 95978 77344 63622 90560 21886 41485 54028 20566 44114 43439 87873 56316 91949 29992 39892 38313 49560 
733 18
79180 92724 39705 55817 92955 86454 49094 67770 13284 65928 10133 76251 80266 83833 95415 66261 27665 5837 
2006 13
94498 96323 16873 36998 3964 20664 88446 79411 27157 42790 96719 75657 42447 
930 20
15374 77709 50122 98123 69882 32075 60154 30940 68671 24536 24066 64593 64149 69252 62830 8878 55988 31670 68975 76659 
7984 19
44930 27980 6981 57104 7690 38861 57279 91557 40900 55615 78896 88120 97991 96995 83098 98660 59248 60574 56008 
29 17
93750 80532 77682 66311 68449 12708 33042 80009 55674 33336 68691 77350 99675 97733 50056 23600 69534 
9836 19
78858 64956 79991 86374 32683 72558 92220 84746 85288 54368 65991 46523 10156 37094 34747 49563 32046 63244 93608 
4660 16
39466 49130 75421 50666 72867 62952 34629 82664 6364 10404 18015 49197 68486 26081 53046 8268 
136 20
59229 89139 44802 13761 40032 91654 56992 80739 30890 62274 59705 77442 58009 96918 71630 26421 98607 43787 13762 82340 
5065 19
32542 28614 40458 9950 71471 311 6870 20130 3096 69453 75917 99038 63892 77520 71880 28703 62380 89812 99758 
7838 16
41456 59223 32256 4101 76370 11511 81182 23853 67961 44332 34832 10875 44970 34154 3645 23441 
5171 20
16578 35832 10543 49129 52278 83485 98516 58294 59834 71222 53013 31258 22050 72825 72316 8111 32968 57161 30835 80163 
7438 20
92491 76815 43162 1137 35463 42865 51686 50938 85581 86426 68645 50115 74677 29776 82920 7093 59314 89848 39760 60101 
3726 13
25619 60925 84645 4363 64035 32226 36631 28561 19778 28990 85115 64529 98339 
5360 19
33065 91915 18325 82605 56937 43051 56856 54788 69020 20246 20416 31018 55642 66546 76585 22487 1845 73095 59857 
2541 16
96147 57554 79040 25662 73929 12444 32094 41831 12038 98796 43459 29965 19302 59039 14967 5197 
5707 18
77110 55450 94206 85162 73003 64178 76052 46879 82908 45800 24447 88993 1421 29307 52522 69918 49598 10591 
2863 10
58684 99870 11046 70638 855 51663 30562 95997 19056 72313 
4924 18
92541 59614 93078 48782 56151 13354 87012 66749 44645 21951 44115 66609 99110 59889 33792 66797 71417 6532 
2380 12
11146 42369 37395 29106 12664 65802 90457 11550 83028 6118 96137 75099 
3111 19
82039 17227 35484 90209 31337 42439 12005 95224 68153 98980 91260 59836 50867 81332 96751 56622 71263 84242 11102 
1760 9
5901 39132 49620 14830 22422 40929 58487 46805 28953 
9963 19
54749 66242 13534 51392 11101 74257 13159 43895 55717 32448 23537 34741 1914 27003 99824 3471 35723 9928 47722 
9421 17
46482 45779 99889 9220 63456 86837 58262 91362 83448 2690 92428 24786 56960 38279 33784 50109 50353 
6715 16
70288 49510 96008 69349 94724 95314 3598 68116 34769 21077 98111 26822 67956 75926 92033 1147 
255 17
39570 82915 5672 46524 5944 79059 79133 94892 61948 28377 34142 18475 53204 60046 1534 94936 65354 
1201 20
78818 16196 58677 48464 28933 91106 33588 99331 63192 4850 34078 8851 93111 8585 6471 84256 26759 66837 33482 99899 
2504 16
449 22770 34013 53082 33155 70525 86931 83227 56410 7223 95592 370 67989 48916 58878 24035 
7512 20
26310 13473 74 35094 60390 32530 8122 90572 88722 64121 25400 64757 45226 2705 76456 50060 76140 50160 93792 63912 
1596 15
79620 43430 75356 60540 25014 30880 29111 76098 99733 15116 66979 11141 5745 19531 2125 
7025 11
10805 52644 5509 19809 18708 19506 81812 76817 98482 33186 52788 
2590 19
59603 58315 54953 97615 34053 70859 83513 78111 45635 29997 37688 5742 48875 24522 45069 66541 90452 42927 81087 
7582 19
37525 88057 33158 82778 1809 91952 74381 20934 48702 16226 47879 84906 57028 62470 21340 29878 47593 69696 77684 
6953 16
4460 44169 71259 13413 40597 2391 45821 54548 6931 67642 46259 29728 66523 84887 52169 46501 
6644 20
89990 62465 5281 47332 52990 87633 79918 60249 35676 34217 91504 2164 10816 32722 59710 43182 39066 67532 73905 34688 
3483 19
90279 42098 11010 87119 51336 82304 72828 94901 909 87024 94004 37523 30642 18848 91934 88637 38455 69536 1098 
9985 19
5474 86708 18118 352 81477 35989 4521 95315 81469 46976 43277 39791 57997 13262 94829 27065 44342 31641 71651 
7693 19
25314 54135 38123 28229 44264 11113 77084 89295 57349 3799 63759 46440 68186 92043 61718 48395 47120 69254 11502 
5896 12
35109 50877 1633 60851 25352 6549 53833 25822 96973 5847 91507 88504 
7833 19
48921 80729 81100 15040 75439 28263 27970 6455 13335 25955 76171 17284 55296 951 77924 65603 82706 28929 96292 
7349 12
59041 85279 26091 79362 33490 16892 31597 80668 74246 84314 79401 17422 
6134 20
88845 8314 20223 28511 59575 15130 15983 16441 83989 14464 46847 72197 54442 58272 21341 84770 53746 3 93362 17304 
5551 20
2017 82686 16393 42531 49872 40140 25876 2528 46752 53504 96884 2612 12935 42489 29773 99068 69726 35382 61909 30948 
7491 18
32661 60681 24104 14389 29611 21049 39743 67568 89044 70505 75423 25513 39338 6316 43424 48935 8221 69142 
4704 11
88817 45187 66137 47679 26048 79826 96939 11965 53376 46492 14343 
2754 17
98693 4700 71756 52108 65435 63882 64367 86571 60594 64036 51675 69218 81834 65303 35310 70011 47424 
8931 20
44975 73422 46470 5681 56908 78860 19568 95780 30542 85129 9389 68618 14462 48430 99045 14270 73278 51296 64479 79669 
6468 20
33024 70998 45359 52653 12308 38772 39842 6743 5418 29476 93445 60710 84678 2730 85490 43956 3664 15038 81275 68680 
5532 16
77124 9624 58431 75618 36759 45150 76154 64219 20449 84803 81458 4594 70554 56444 8841 99553 
2919 16
66105 92778 54171 36953 45296 26334 37464 22402 832 36354 22673 86866 41339 35907 43217 43173 
2786 13
37310 15562 29626 88803 99560 10714 7537 38790 72419 55427 25368 27246 34993 
3459 20
33307 1678 87515 77920 8575 57400 24874 17120 22522 25755 87562 75515 71217 55157 65964 10876 12206 53358 28136 97886 
5804 17
94485 99751 90819 91571 51893 4467 68128 41712 8105 22763 48473 62136 8102 62289 5917 30618 34521 
8226 18
55921 97687 63151 39877 1389 80110 32452 91670 94548 39729 67199 23282 89734 64000 62583 32778 42020 1636 
6079 16
36151 81771 15659 16853 80276 77000 76709 22024 26665 61223 97034 72673 49 49798 51612 10997 
6588 19
60125 88210 19537 75995 48982 50826 49067 50809 7618 42352 66794 98341 1988 82960 38766 2159 75758 37636 36766 
2297 16
32352 98491 19238 67018 61759 74118 54343 20451 72402 48161 5511 6718 42504 70960 26037 34902 
4374 19
77843 86257 46345 83665 14610 8107 35776 7662 2140 23023 84396 82383 36125 32556 91289 21304 65200 5748 76539 
3243 16
90145 88483 86477 95605 87999 91479 36187 85091 36767 23264 85995 22446 20909 30365 81520 22565 
1549 11
52239 47431 78457 39536 92602 36648 5245 52007 61854 98461 25013 
7496 16
31034 28470 89302 15189 65539 42372 18581 83511 72242 79063 42525 11057 1708 41918 19343 32602 
3631 12
66266 86143 59251 30548 40965 90539 34949 12851 11774 22869 64207 67343 
5313 17
18388 9801 53210 80434 74021 60437 81844 69937 25944 46276 84725 25581 145 82066 50286 74841 20380 
6338 18
99700 12190 60792 87196 95615 14542 90076 24605 84191 50679 68607 73241 28228 45550 97460 85867 3993 87956 
5219 15
22188 22397 30980 48243 90846 11650 65749 94762 15058 27426 2318 89641 50308 86054 68110 
4893 12
28005 30989 75560 30105 93129 56984 77511 45773 96674 37160 4774 29853 
9486 17
77993 25214 29781 88324 29916 88042 144 96171 85828 42294 1142 3667 13021 47863 25217 50136 81616 
220 19
80199 58268 37332 69313 53737 15813 42679 16920 19587 51537 813 17440 92984 90127 48577 79410 27476 33342 18369 
7305 10
23444 89141 17735 27769 569 31000 71052 41276 16103 80227 
7791 16
23942 27113 54133 83007 41427 75810 87331 49959 81321 48237 26638 84014 32187 91641 81874 93181 
3764 18
51167 85103 69583 56429 71135 95518 6181 86064 75741 60695 26712 89748 84960 69806 33508 6290 76664 4642 
1351 9
21165 47154 31055 28930 19843 91501 59813 2942 36129 
977 17
51661 15208 57082 59726 47026 60321 15137 4854 20231 11836 80977 77463 30726 55702 82424 58115 85982 
7327 17
97546 91198 10089 2444 91892 66385 50738 80916 62968 5377 72011 85856 7209 89861 69788 23059 56397 
9423 13
36085 22882 45286 49658 90895 87100 54992 5340 29518 73513 36838 23440 12736 
465 18
32334 36875 4418 11588 22169 666 54490 30843 39961 82793 1139 5493 43640 48125 57715 27856 31246 43614 
6636 14
42641 997 71874 5454 54092 97223 34089 1816 60066 75695 47875 47982 88953 32592 
5064 15
58186 1436 904 23729 76181 45071 31266 55912 84578 92927 43448 51920 57941 56560 65751 
4193 12
82470 16068 8596 51587 29869 52011 58278 97482 99564 34675 49397 24403 
8617 14
27336 12078 70208 80572 65001 89450 56222 27070 53656 58113 96366 24555 73616 62826 
526 13
87714 67485 29292 2504 33586 98157 9200 69570 54307 62761 16735 33981 1491 
6669 19
59832 96915 92111 3242 85781 83505 23109 99363 42918 67049 38592 85615 76938 13095 35314 77258 1918 1889 1901 
2939 18
83578 71221 60020 34818 48044 49061 44832 86735 92297 94255 58811 21792 20079 38351 45175 11719 82135 43139 
8677 19
59762 61954 69066 98603 36527 63444 84362 95939 27075 87787 86212 5765 75934 11813 57476 65537 70719 55736 54100 
5023 17
71227 57179 42712 75447 66078 8667 85676 13803 72850 31201 82184 73933 50887 5825 90649 87136 44869 
4074 19
2184 22232 75565 95481 92803 66165 33235 7282 15039 47160 87003 95431 39999 40629 87243 71391 99133 31062 87114 
7285 12
40018 63576 89313 26738 11089 73564 5389 69891 83724 81492 65547 24772 
6236 18
95663 46152 89336 26472 74537 37495 85494 43916 49075 71100 89773 67257 89011 6736 31748 23755 21997 97316 
8505 19
51950 91543 75626 82264 70781 63958 99498 40259 80284 10869 86182 35399 62215 4848 44883 68405 68816 53693 64527 
9128 16
26264 20291 77778 14032 6199 22056 76510 59735 41170 48531 90595 43449 6763 88368 76763 66290 
1638 10
52448 89528 97787 68545 71993 84949 5091 10482 5087 3724 
180 19
56086 52970 71005 98128 862 79716 3243 20863 72660 75870 84541 97815 53633 57753 65750 31588 87213 35394 54866 
7624 11
36908 74820 49741 45974 48802 40917 27731 6321 90492 660 83452 
794 9
74291 19230 26937 19564 94453 19740 14396 9991 64596 
115 10
76397 58775 15264 96238 44635 99249 50746 55235 5443 60419 
3124 14
99244 31431 99456 1683 57835 79809 42065 11593 4303 89360 88888 45851 24803 7441 
5853 16
45690 74745 69503 86337 95766 35992 74376 46472 40237 98161 7334 52055 26098 78738 71022 51319 
6977 17
66128 32183 70449 71114 50143 34286 75975 32393 26326 17293 1942 99975 97203 16614 48057 70124 99006 
1154 20
76263 89411 4517 21593 94666 38244 68390 82830 33886 87964 22384 93107 44725 33249 28816 45281 78403 13341 36558 10939 
9761 11
91084 54689 97918 87866 97684 74259 28058 91986 61586 3750 55044 
7207 13
8898 42705 24748 90275 64712 38630 1000 85165 19813 1471 87308 22799 97776 
88 19
92257 9925 71517 64710 83567 26920 13921 16584 30039 87879 95943 28074 15842 42841 8235 85299 83687 16004 96717 
7177 12
92866 37924 5660 3402 79707 28825 2230 7818 98723 41812 41307 91994 
3376 18
45742 46074 5317 4966 9500 7997 27132 5472 69567 69095 33396 43711 80503 53369 70632 66007 44679 42109 
2394 18
47576 34607 94214 96142 36757 83514 1998 63799 25967 43263 95029 73569 6758 20575 12871 36193 9796 29201 
1023 13
9084 94739 10828 85591 97098 27354 97587 89160 61112 55186 99039 43370 30515 
3720 16
70147 39381 46806 19264 60814 32015 63846 94835 35343 11291 84943 31747 47043 85826 73304 41114 
9751 17
30671 83119 77396 94983 86798 40731 68269 36902 6374 78043 81153 15698 12414 92385 68977 67431 16176 
1397 18
17529 14265 45733 50055 56640 83582 1422 62582 13136 29597 11232 73566 80506 18788 92248 95221 66665 36689 
4278 15
72711 1017 60842 89993 71948 25418 25988 86558 71572 67135 84134 4872 20348 54399 95136 
8374 17
34529 23392 61291 30673 81036 3224 25691 18178 66551 78921 40208 14795 25927 52819 42072 34899 36979 
5263 15
73291 34601 15260 64389 38744 83457 36344 21385 805 41725 37405 63602 78398 27573 90365 
9227 13
54980 75128 42200 67461 63726 66562 43939 98859 18981 38461 17766 14391 27902 
7914 14
57089 74671 81934 97637 1456 96940 44292 66882 49133 46977 74167 16138 59744 21151 
6826 12
44766 75337 41184 46958 6581 98963 56931 49952 35453 17486 31516 45341 
9316 15
5807 99852 47309 82906 37623 47249 75727 83085 33100 43322 78016 42636 19434 85069 23358 
3194 13
83891 71611 48668 20979 4095 67871 73420 18218 12605 42052 87799 76102 87381 
9064 14
53135 11002 26172 48449 81296 36301 27417 75503 50724 59567 14144 63288 67031 97723 
1864 13
30623 34568 78112 35086 46864 18625 94551 54703 96511 52248 22717 43957 33943 
6792 13
29429 7163 18607 71996 28459 74662 5277 3160 52189 37289 56258 60785 17248 
8149 10
16863 79950 87508 71560 59349 39297 11281 46288 42728 88199 
555 15
28172 79265 57518 22635 29340 29929 67932 11256 35007 81758 83947 13054 26049 52206 52560 
1488 11
24347 94462 22695 39288 94939 1762 80258 32887 97224 14619 37975 
4460 17
76084 82131 56836 43208 51201 95798 36327 54694 35789 42973 12804 69675 21702 98425 25169 8319 96436 
2652 17
63502 48851 9734 65446 65701 65834 15734 46407 67212 89908 63606 81516 91425 44178 31093 76209 22805 
5460 18
5789 80838 68798 8816 18760 37802 44348 27625 74362 22269 32059 70349 8234 7083 21064 5330 97984 41157 
177 17
56212 95196 74013 79625 32108 58466 68856 24856 38787 859 58838 63728 41033 86060 56541 45612 722 
1348 16
19371 53262 13098 39422 90465 58518 6111 27379 41574 10838 56091 90943 73329 9142 55706 81953 
3854 18
2245 69562 45850 6534 36681 23466 80787 84046 23882 76913 94929 20817 92790 32246 28893 28622 27739 34562 
3742 19
22010 98741 34927 57230 19787 93305 38617 40542 24138 39609 38515 12235 70768 90056 27890 10046 45008 53473 43408 
3953 17
78057 66720 51407 54495 88667 95826 11603 32155 95955 64015 64680 38261 15550 80813 28280 19290 8169 
2737 17
1780 13839 78710 64827 77444 43703 40330 46156 3905 80130 33748 31512 9560 3325 25708 87118 78758 
8139 17
20698 57494 67726 30109 54522 68501 56432 99605 98805 12427 8074 69867 93749 87734 10964 4255 15831 
9564 17
78145 39193 32607 38194 65091 4400 3879 47827 70424 56167 77329 94564 87438 92259 89514 36491 69604 
621 12
43914 70418 44732 34869 97480 12449 78237 43214 60228 71051 26690 42478 
5339 18
74857 8649 63380 97317 93773 61805 72427 57668 56296 82022 11166 58639 40789 57166 68007 42866 21895 12125 
4114 15
55942 68591 30644 67204 58383 12081 49120 79884 51943 68075 81601 87204 91945 25976 56536 
5851 20
8445 79965 3982 23556 21720 87530 56563 30381 12513 17291 95728 45502 85653 3163 21555 35601 99002 21719 50129 16980 
9821 20
53120 63208 39547 63571 59651 91297 32324 21714 93674 39084 58818 47720 56717 81806 78544 13743 77756 98068 95071 50004 
141 10
61373 37098 52135 42032 33554 84401 11061 1616 27534 21027 
8976 19
99108 935 11277 65931 89239 74851 53060 12849 78872 73120 10516 7834 3108 64180 33228 82073 43847 99779 6077 
6751 13
12447 92329 82752 53100 53945 6353 9499 3186 91002 84948 97696 57764 46146 
72 19
78903 86298 89314 46450 48253 91093 11162 4881 4102 54942 91784 59615 12452 17698 60433 38635 16099 63639 52737 
1296 11
80466 19174 88340 88752 28937 9005 26826 95303 84642 45191 95991 
2732 13
98643 96872 34513 17453 48868 58308 55683 61549 12612 45352 30026 16158 32601 
1899 16
23284 60303 1716 62989 58204 38591 57857 20237 18414 54589 9339 3380 32672 93748 42150 25893 
2137 20
70379 37854 56949 23621 64790 14704 4572 44632 36726 75376 26245 46404 93795 56775 24477 75016 88626 23019 70737 16397 
6997 16
89931 98688 78792 5905 19589 40161 29304 15745 17992 87668 28159 789 87233 72751 15852 66150 
3437 9
33324 34182 77581 68876 28689 60974 40649 27826 95139 
4297 19
41818 40293 7838 40342 71757 77693 28652 25838 75660 8519 10514 85081 19612 81533 55765 596 50128 35826 5924 
7843 20
20265 17796 13585 31208 40070 5667 9698 99266 45791 15016 3970 75591 40884 44404 31352 74467 42817 77573 38684 9526 
8260 13
8391 43255 81941 63560 47005 35133 92119 2337 83122 75316 3518 59725 87805 
2220 18
80733 32322 44761 8453 72557 27103 12045 66954 78005 3043 4908 9170 83121 70720 28607 78004 30860 98380 
561 16
96955 95256 53763 74585 62468 97761 8806 97800 8987 99897 85188 72772 51002 51720 25871 58923 
7363 9
40816 91931 47600 15437 30267 41293 16559 2912 80638 
2252 19
94128 20491 48674 68416 43402 5275 98399 61904 98116 45813 45591 37181 66032 14864 12246 28909 54837 75086 6297 
1181 11
5320 29214 27377 28042 4193 28899 83554 92124 12567 78261 74718 
4592 16
22756 11984 50130 2737 67041 94241 7033 56565 66520 32609 62166 73461 71248 22769 99838 128 
4473 19
42415 4317 53865 73746 26005 6122 81713 50259 71325 49167 23389 95684 43064 18569 91984 51623 80782 50710 77021 
5026 15
13781 7064 77710 37980 28823 2845 26546 91638 27900 82353 79808 93898 72965 43585 52684 
599 18
65840 77874 84613 56373 86730 12746 11155 89722 2772 70241 78333 95277 91700 23800 20019 25834 87674 87928 
7350 18
92488 27668 79338 60368 90188 38172 94330 20649 55469 4297 98671 54143 89478 26527 95775 20851 96541 87115 
4750 19
54443 58125 83605 96351 27589 65542 37091 59189 38488 12153 20032 37214 36626 68822 89323 5762 88763 42356 71773 
8839 17
73517 13780 11548 62467 17418 61444 25692 80409 4964 15830 66404 30601 79479 48420 24954 25978 76776 
479 12
65438 31568 15780 13011 90023 95650 70053 77731 9176 95716 4191 15992 
4563 15
4685 90525 60440 77153 89260 9803 34839 77888 72835 57610 13028 33076 98262 23443 50753 
4612 19
66932 16134 59171 13895 16279 26272 48010 34611 88109 91860 62733 90994 10793 66875 76359 48401 69929 1570 89900 
416 16
27052 96196 71411 80870 58698 61397 57140 78548 10280 82929 19674 84065 97542 348 34561 85782 
6025 17
15234 6027 69963 10318 83520 30227 22909 95640 59016 55115 73040 7756 60996 79770 57798 32999 22120 
7841 19
53855 51679 13603 47100 18316 24318 59880 91832 29602 29245 38953 73346 48987 34294 17413 32406 72893 40280 92195 
2386 13
29437 99353 68008 17124 75001 3100 71459 75808 79983 82456 35659 74830 59997 
9294 18
42080 16973 96726 23597 68640 97076 42870 89243 7009 57516 37909 747 37479 48181 54341 87581 33522 57295 
896 18
10622 79679 51615 84771 65633 73411 55381 17942 32544 31190 43258 23617 91672 27111 56854 95797 72230 11746 
9873 18
75357 71994 34943 83456 4663 31850 12600 61023 45056 31740 95099 69032 69151 46637 786 13861 26306 96284 
1283 16
78912 89194 18163 65797 99157 21454 30634 38825 18667 43971 61184 34956 96458 87663 50561 9751 
4213 15
94775 84254 24738 77531 94145 28342 79678 26825 30834 66911 9895 46208 47974 29636 16057 
6023 11
92097 27053 7563 94561 82460 33275 99298 21768 60407 64872 65630 
1349 16
28366 22375 94002 19353 74174 82237 75381 17539 42110 32056 50069 8164 86640 63894 44508 75694 
122 8
89613 22078 37843 98090 47800 78834 13385 55902 
3876 16
61517 83254 30773 39365 82329 39322 60734 96222 80512 61376 74294 41615 32338 68830 8714 35264 
9508 17
24235 75059 85016 85823 14879 67267 98168 11493 97151 76912 40741 5450 97289 7592 92230 12510 78213 
8056 13
31110 63827 35890 3561 75487 45770 24457 19817 87430 34361 17128 96476 28167 
8469 11
90160 39953 8638 78166 88438 24901 37793 75818 13441 22699 33410 
4891 17
4167 95816 81515 68083 45691 28857 4718 23737 35489 99788 74078 23732 28267 42432 49811 28246 4689 
9918 10
63551 71772 47523 14457 27484 83949 61821 79933 49584 31825 
4626 16
40041 93171 5871 59185 72668 43299 47208 61425 5799 55430 41373 31619 76669 47575 12639 27547 
2075 18
24782 49072 84055 68423 92693 1448 18433 18122 39879 70852 86288 50393 41424 99139 69430 39111 4859 38228 
5687 14
57895 80350 56915 24711 77519 93903 11163 16767 99532 26971 12006 1309 40386 82885 
2079 17
82091 87837 87813 3333 10174 9323 47464 49627 60294 65350 96654 24382 58472 72866 87657 49369 22275 
3091 14
24479 90370 33403 33875 78266 8607 29249 64373 30466 11278 50612 37800 86977 57247 
399 10
36203 59660 55849 58319 86560 72616 44405 92949 16700 83483 
9610 15
26024 15889 72458 10310 73708 51124 99410 59639 7226 82028 46899 81281 94445 8256 61799 
5849 18
1608 97553 99523 2889 49834 44926 79817 15196 89578 13806 75944 11766 80951 45652 45671 15950 45274 80858 
8902 17
33301 22675 45112 22065 32830 18407 60157 38268 42818 24014 40132 39516 45574 96807 63862 31122 51948 
3470 14
20558 98740 83206 73037 46955 33836 78132 77800 56067 41087 72116 20222 44068 23632 
8793 12
81521 67518 73535 80599 14752 40743 20512 52159 58865 64717 84170 56029 
4618 15
5242 12430 78103 62124 44069 49356 18713 73190 39285 56330 63734 86718 97876 99623 95468 
693 14
30884 79029 18233 77061 24973 66704 66038 32671 38587 84908 98204 39490 52967 70660 
8490 13
70466 48919 72199 50163 75442 52199 82276 6067 6575 74268 5462 1738 11887 
2701 19
58852 20053 46258 84931 96024 99187 12255 71792 11694 86873 14226 99502 26007 94087 30546 18748 53122 86529 54900 
8050 16
68239 93694 18693 42059 37194 39647 50751 70363 63540 12728 24179 36105 88971 63265 3975 78373 
9110 10
99103 78629 8444 67737 54757 93603 90052 34898 4345 84142 
8749 13
2101 96812 48870 7714 10037 17543 24714 53059 301 61553 65518 62911 12262 
6215 17
17113 4949 29973 23386 11421 16553 94148 52762 4744 24129 14576 56408 67089 94517 45216 49415 96662 
6185 18
43886 10957 64503 26521 88182 94908 13777 85140 80553 39140 75533 1550 81670 50605 53631 4259 92901 49168 
6441 16
69323 30909 78139 89384 5683 2647 32392 48752 68267 9868 88836 85948 74361 34475 25434 72742 
806 13
68168 71891 61355 43442 81762 91541 93536 43249 77280 59283 25022 2074 82846 
5857 15
6504 40680 22716 72811 85184 94779 99699 7444 86694 44471 65193 25390 58643 76320 32808 
4951 17
60464 83976 54317 60946 17168 17051 47056 80866 4648 94786 99435 84586 9077 81802 97325 58531 79988 
9291 20
61965 53569 90997 18754 49163 67203 31620 98661 55315 21108 85620 77294 70367 28135 26874 18872 43178 28222 6043 66701 
9051 15
59432 78181 28675 36707 13561 94431 78732 81217 62255 90296 5714 29362 20347 13356 49720 
9265 10
33298 24823 53397 91487 33897 68331 82736 67953 48707 58858 
444 17
3077 53963 55257 1892 41619 80636 50386 46666 84956 31693 33829 47918 75863 21992 25777 31023 94801 
5202 18
18250 60356 31782 86155 19273 21096 65496 84690 58369 62898 97824 34541 24818 87187 84619 58381 70761 15311 
7308 15
10896 21713 75913 48460 67249 11678 56598 78871 24598 38808 97823 29482 31752 54440 40867 
198 12
36870 79943 11316 19029 46140 9872 42091 40934 37953 86139 64023 38878 
5761 18
90886 19707 82127 82537 22202 13204 17367 70757 59747 7101 77951 51586 90546 9465 83633 49440 58848 84117 
8912 17
36219 5735 53735 31202 11771 61440 51355 23631 24608 57032 74752 37555 69852 33840 67082 76800 51469 
4330 11
96715 71274 72368 96206 60050 2290 80442 97836 87042 6287 52496 
9002 17
62316 12124 37414 52024 13716 58943 86336 39863 99659 57226 2591 14234 49905 77985 42901 16782 34020 
4979 13
55331 34099 5945 52596 9990 18678 82888 57151 68539 69293 52458 98510 37300 
447 13
99655 94389 62651 22670 78051 36595 20040 91188 45028 84599 1235 25508 83893 
7078 18
6535 33797 18627 83541 64421 29359 2187 26141 51012 73397 74044 43578 94088 37913 13571 61642 64525 65959 
324 15
65996 52372 71708 97225 66211 77340 11697 65373 4785 10291 72771 92172 45972 49622 33810 
8654 17
8283 73803 11386 87588 44501 95879 83828 59438 93649 28178 5419 43786 79317 86537 45237 95915 1226 
9460 13
2404 22338 72555 66906 87693 87181 10043 94677 3868 19632 60724 27752 43007 
1004 10
87426 7509 2399 71234 62479 24346 19231 40950 77426 99535 
8283 16
21288 75797 34666 69572 52552 81890 96375 29584 93762 84177 91275 77395 778 93624 75951 13885 
8098 12
20487 52912 86941 35499 83543 6241 32178 78523 48510 45918 7982 98316 
4874 20
98302 55639 53547 25801 48258 50172 87354 40733 4103 8489 31795 88018 43487 89396 75091 39467 87722 38081 3213 73012 
7201 18
1870 46664 33173 97303 98275 95419 7886 71207 2668 71365 81726 17893 5891 54759 23777 22662 76802 38846 
3794 11
61049 77809 73939 2033 59590 20429 67482 64506 75484 90603 9590 
2935 19
79361 13418 34906 75105 91478 37916 29005 89387 84668 37879 44126 89879 34047 94414 14544 7784 63695 68413 1992 
4019 16
46896 75900 73502 77622 68577 8242 93507 11158 45883 22638 28194 97352 70984 86048 97287 17988 
9864 18
57304 87077 7356 39604 54616 74649 11576 63385 47069 3605 94143 89689 54687 90037 57004 49206 63611 43488 
1737 18
11483 75184 75599 7055 24216 38352 41108 1912 35667 75169 18610 63090 10209 39513 96574 74518 28258 7610 
1204 20
691 88684 78355 62670 97140 58673 11271 6582 12557 64777 79823 86720 50420 91388 54349 27545 29562 11677 31487 85773 
8887 17
19827 12560 89506 96383 42539 41297 74971 45450 67211 80223 73556 63045 69321 19482 26988 87881 6956 
6318 17
74471 73217 44655 43660 21769 49973 44607 64541 36051 44494 41606 91698 53343 24144 38149 4346 25910 
1618 20
30016 59773 98289 41190 34808 30245 87687 19733 97250 2216 37148 89628 52505 39408 59552 81907 27330 43601 36 16210 
3546 10
83879 46983 76616 55898 55536 92353 84271 46114 29226 46370 
6885 13
17732 85859 63259 5015 92336 6488 82690 55405 57256 37539 6480 66579 69466 
9534 17
69664 94191 812 93040 26956 57504 29539 9067 52139 78748 78828 43216 21698 57427 85611 53740 40101 
752 17
30917 12133 28446 16350 55619 93744 18064 61302 70551 31700 72792 39254 94303 81483 26416 43031 91548 
2430 11
20510 69210 46228 49449 79955 14578 79448 6903 1723 45784 33557 
2595 19
68600 24051 74434 65394 6211 14294 53077 47277 7402 43589 89403 37988 99774 85163 21527 32210 58789 56102 4574 
2655 19
57456 69053 78284 5767 89725 80016 90550 55319 79903 20397 81355 33581 83632 64957 46808 68865 29910 84924 18033 
1342 10
74766 19315 46270 86196 6330 14075 88043 56297 34616 63941 
3216 10
81216 74598 74588 20333 21563 14944 79179 9436 72361 66583 
5513 14
56844 71501 87634 44137 68500 31381 87175 49374 65210 58261 3443 85906 53280 39013 
3092 18
56358 18211 77378 41758 28130 30594 53688 43220 52121 52667 31908 30153 97590 45266 68998 61478 76547 85027 
5569 11
64850 34230 59384 3796 62797 42224 9565 17805 83966 1429 49204 
9553 20
86467 60561 22616 44997 10375 33033 42722 21529 87340 15090 73449 95899 66104 22578 84565 78814 64309 81772 45017 323 
5390 18
1629 91957 41659 46059 96555 76674 98409 37734 9937 80485 5053 65140 61675 83944 32506 75021 41223 41258 
8381 16
71304 77955 80165 67433 47617 19668 4713 68023 60797 35589 65589 1217 57847 79498 88359 35758 
4847 11
86820 85766 16173 15764 39814 43770 28196 2851 78893 49101 81475 
2491 15
42649 51344 80955 41415 48119 51438 46832 62054 25823 56324 18504 26953 70314 45236 58828 
8390 20
70232 32568 42303 48266 60519 49743 87760 1030 90866 56049 52167 83316 17788 27709 65036 18962 9561 93150 90497 44742 
4252 17
73224 19213 86957 72729 62340 26067 73659 92372 73169 87121 48475 58654 6511 28200 41155 51077 34069 
6966 13
5047 31074 7993 38473 39549 94353 15390 19073 60597 16670 60828 910 90600 
4386 20
55589 76411 81146 63486 27770 25605 55159 51559 8144 74910 53983 20278 58984 1441 41768 41057 51286 70149 2757 50686 
3548 11
40089 7620 43615 85798 98495 18494 15037 49240 69461 72581 62046 
7666 19
57985 21917 59732 69744 10829 83744 71368 43543 72848 62577 23158 64442 4587 74893 67198 35764 12676 6528 7657 
6924 18
71058 52515 321 21608 74778 914 26289 11872 72342 85194 99091 17326 72444 35243 79444 74130 28224 437 
1529 19
4901 41270 38199 87482 34145 42523 79966 77662 51543 65288 25606 6554 87517 72008 41228 41879 12962 9994 53440 
3547 19
28626 49233 49047 67381 98490 97811 66303 11006 19858 71151 68263 18037 46446 43386 79320 8106 76963 34331 68797 
9795 19
82816 40005 63213 20885 76529 21612 27957 51869 21198 17117 43506 66744 91990 41804 76716 34002 47305 20434 65418 
1800 9
62554 51532 24025 39404 31341 97417 88329 37546 81760 
8989 19
6476 38628 85112 4882 50402 77555 82394 9571 51990 88693 67915 7459 81799 43675 36103 90827 36422 79068 71547 
370 17
94177 63098 12080 99380 66522 48966 18799 21353 32684 68900 4267 96575 29325 46210 72080 60985 32555 
1485 18
50290 45290 63188 17274 91393 47028 68201 68523 1268 18868 76026 22952 56084 4679 33775 9283 87854 55995 
6915 11
65488 39955 36036 74797 94434 5398 42644 29988 85197 71522 85422 
6968 16
64978 10232 72078 87489 49723 98197 75119 90674 65108 34683 14289 58778 51415 30481 64874 53010 
909 16
89774 42366 87173 17502 33171 27663 24854 75877 65927 51278 94417 87262 8163 92502 53707 68062 
6976 19
81336 89056 92586 97336 11231 2163 56081 92699 97119 69510 89120 74902 32712 66507 34239 26150 80822 64849 33516 
917 10
97211 85545 29121 38274 99771 3449 59516 44084 33126 60729 
5108 19
49875 34110 23862 64238 14232 33685 79332 12918 38650 57384 32043 94578 44397 85404 22017 81021 35036 18639 64626 
417 15
1989 6910 94957 53611 54617 35858 15324 96586 66048 10368 99685 93582 47041 23860 95889 
8425 14
87774 51261 77331 53213 908 20376 93780 56705 57872 64533 41110 29713 10636 27870 
9239 17
78515 97260 73807 24764 6754 95095 65093 12123 75646 55016 34855 86429 6812 93009 52478 56230 25718 
2165 18
39897 5751 15537 41707 31359 34551 58770 30023 31140 14905 34105 66297 7075 25994 34557 86229 83067 42089 
8279 9
63029 73237 11213 96414 98543 32039 79437 63624 82502 
6708 17
86005 33847 37840 46731 41018 3164 13767 74189 77942 65529 51954 49812 68926 4332 82656 25097 60358 
7493 17
83598 26660 79072 99864 87541 90060 85267 52915 63839 85796 48977 93534 50461 2100 78279 90439 7072 
7899 11
66347 87502 8119 84878 1187 17954 66203 37822 5052 43562 45542 
2126 19
91307 15433 24695 2994 83515 37437 39045 39158 5152 33272 46775 80042 18221 79908 75921 92653 6266 16653 14772 
4059 10
95569 62569 88056 12229 19054 3166 23918 50230 86716 36425 
4637 18
63609 28299 26142 46712 95262 16353 59528 50684 78679 72198 48895 36055 96659 67409 54237 89342 89102 20123 
6001 15
73661 15542 9506 95049 18285 2465 51208 16340 23407 79879 79986 93593 49955 68073 44179 
3981 13
34633 47001 29189 15513 11556 21890 16378 53195 24824 8408 29157 4900 28564 
9347 19
84849 19208 35251 241 22785 77058 38170 30102 27944 74771 12232 79822 91759 25111 83401 53868 91883 1736 46320 
1534 17
26320 59537 78440 37430 48722 10363 29867 52251 59026 21862 70383 10656 17904 25735 9553 47845 97685 
7002 20
54429 91709 35239 75234 50958 22331 51230 21175 77826 61501 84701 44080 20431 65327 70547 28906 38729 33692 28610 34282 
1476 16
47921 36162 67602 57158 72019 80283 96318 81097 75901 67690 71712 97603 1961 97715 19419 62389 
6656 16
89539 44223 91324 85014 31792 26819 71534 63240 77941 57352 13355 68962 93514 91373 46400 95713 
1415 10
36581 60818 59570 86353 12331 77295 67311 89423 35560 18746 
5006 19
54408 54828 50106 68314 21514 30427 91079 53649 6050 25614 12938 18289 57867 64415 76702 46101 95257 35815 39830 
6960 14
6247 71899 54459 19748 10844 72698 99689 50433 14405 67911 82588 69862 36781 61486 
5547 12
3379 49370 50578 77720 71951 9153 79694 89992 77659 83536 5500 35887 
9913 15
86317 73854 34662 54421 5896 74864 11524 96531 44924 36752 27883 49953 79315 26746 6464 
2901 16
21422 6452 19814 20707 55482 32616 94766 67673 12040 88634 58807 13741 32970 85111 71126 55760 
9847 19
40102 49572 25360 83320 76930 96190 11764 81346 98774 83562 67470 90236 51583 34886 42249 31148 86436 37905 85170 
6203 17
69262 42262 82200 46185 13548 13131 77401 94572 29643 47245 816 97251 858 63104 95464 28955 75476 
502 14
61131 63241 9270 72213 51243 35952 652 5640 23199 89758 32577 85597 36532 35353 
2017 16
20243 5622 94563 97604 74179 75426 76967 3036 29367 17264 23740 62087 67785 57327 59125 8443 
4431 16
55114 60032 63847 41381 17664 91132 86464 74076 27275 18859 41337 55444 45797 79125 57498 38796 
1307 17
46815 23465 40496 72959 33850 60016 52535 1529 77218 75297 37105 24787 54991 76167 82495 30185 86902 
5397 16
53613 46379 25888 53554 78555 3816 53189 54150 71639 27789 5699 77282 94475 90129 15078 73351 
3868 15
88866 35657 15235 78867 15483 8246 20585 93556 71860 77797 48204 14853 79373 45565 38492 
9268 12
52004 60531 35685 33855 57382 69836 58316 78737 73 84207 19864 98283 
5568 14
11989 65855 66563 40116 15721 70548 22644 72568 11333 86322 83113 17432 45053 67294 
3454 18
61351 98346 52330 32422 4898 19304 7321 31384 65309 65984 65362 84783 19732 34871 9148 65778 55062 68136 
1629 17
17964 87209 5176 2401 83017 10507 52389 63281 14848 90454 5238 72780 25124 79503 29793 21337 57310 
3789 16
71122 69525 27403 43157 13828 53285 59906 45646 48862 37611 30901 82154 79984 77938 73852 81602 
2709 17
36546 24031 80085 18216 45712 25044 38049 82438 7110 23723 18647 39089 87374 336 34423 12126 26392 
1559 12
48838 83093 90715 51878 13735 44809 57844 91615 49428 21448 94008 32310 
3730 9
53438 71144 68549 12766 87049 77932 40837 86078 54628 
2312 15
13823 98469 91794 81542 59775 68329 28085 36522 85350 71048 13730 57537 96364 94581 52696 
8795 16
47816 89427 30617 31898 51607 7588 75616 72714 7515 35653 81608 33606 24629 34827 20115 19282 
4601 8
78270 77892 686 56663 43468 1446 14303 37446 
5210 17
60421 91960 33317 67092 67304 79948 63038 45720 40985 7538 73313 18281 60180 22429 38985 42281 39728 
3679 16
43919 30290 53944 77953 73279 32628 49586 15648 91484 54193 20209 39446 8895 23169 73820 64846 
918 12
26806 50606 76152 48558 86026 3345 26656 12247 92080 51025 50540 67123 
2065 18
97799 32432 82327 80974 27879 81298 91884 96522 72615 86063 20447 57532 93607 55547 75472 56967 75920 68313 
6836 18
43972 7098 2475 43887 46021 73748 76334 34777 35649 16538 60963 11927 8810 13539 44567 63685 47880 39964 
8766 17
66061 53644 82021 54844 48753 83141 54211 58834 844 8966 2111 97126 28304 22981 48338 757 98720 
7124 16
50099 54052 84187 80820 33815 95164 78852 15534 84791 15911 72194 63152 43774 47497 66112 11559 
1989 13
61260 79182 39893 85142 89037 24761 80644 60870 97175 51836 64154 53033 70849 
4646 18
64540 30050 57217 74853 8376 87555 47445 36223 73883 61007 99991 61592 21572 89107 37218 89958 94651 52237 
4154 11
2105 3619 50924 32941 51548 66068 1117 59035 63752 35994 89968 
2470 9
41551 1465 55965 63724 17111 84926 1537 41697 39710 
3817 18
84587 27449 37798 84939 20117 12370 88142 35154 1970 76056 23889 99112 24180 88456 97393 99407 554 99990 
5971 18
29132 22135 38344 22971 30555 74513 36326 83747 37400 48281 70249 29902 46878 26586 59170 89985 17058 33269 
5311 16
88308 47594 27 85283 52285 82953 37385 71301 41168 81510 56186 66267 5980 26765 40337 31674 
2115 19
57393 56546 631 56731 70698 30329 99970 67550 40196 44940 50089 82299 3811 72783 62652 36470 54155 99988 28285 
8174 17
61041 77403 52739 13926 1372 609 96761 70808 86736 17294 21511 28054 25361 89563 70524 16501 31207 
1676 14
99340 97222 64768 71950 48718 80095 76968 47734 63290 18676 14419 54584 30131 84112 
2385 16
32956 516 31141 69049 96413 49303 81722 64820 18518 93376 34520 88792 40289 80895 93991 89783 
4631 18
80045 80217 9577 49982 43970 98260 49649 66446 52408 56132 40434 85608 80023 74390 6866 489 12505 63708 
6992 12
36392 11808 41507 76198 78207 57291 19916 93173 65452 19422 22059 38949 
3202 12
40153 53811 77943 85328 40329 14449 78302 62991 91975 34677 33477 22439 
5095 14
42635 10740 2442 9341 73565 35594 35743 72588 34202 57603 23429 49580 74182 54888 
6229 9
76302 75827 28422 81657 24198 14751 61540 10817 17584 
2216 14
87901 43240 27657 46499 77041 38387 68745 59547 47008 21268 21043 40751 20608 55253 
8659 10
36054 50421 50837 71598 57540 74354 16263 46930 33893 70857 
5203 14
27794 66943 39852 8576 73857 89721 58687 83894 50660 96818 4801 84883 84465 44163 
8157 16
30093 33974 29338 77610 52112 88748 38401 17039 8976 62986 5079 56037 43416 80212 43003 34530 
1133 18
89093 48670 67618 35861 41188 21741 20708 87020 41625 20269 4635 80544 23940 6023 84375 23045 24559 28103 
2923 14
9779 64384 49587 3340 19756 20732 51640 17764 89943 87908 78873 84721 87323 9340 
7881 11
30489 8436 94115 69356 47235 30549 40758 27882 50018 95013 29647 
2161 12
85231 60933 8541 77726 35535 42313 79403 33316 54735 11177 27813 29731 
823 11
48365 26199 4444 79166 7067 50667 15779 34367 57307 47316 55022 
4277 16
1840 87780 43436 34590 50526 21120 59812 76239 41002 93834 43504 46843 76576 99806 88908 15890 
7839 19
53652 80364 56161 24635 33866 99122 60653 74508 26812 94038 16484 25222 33645 66130 4628 13704 25682 99997 67734 
7104 16
6640 86511 88759 92978 52594 11303 54403 2984 50761 80549 31313 13281 61556 72320 71194 26014 
9629 17
76914 33547 63036 87028 69054 51633 13258 29531 18160 50041 56195 88717 60819 1721 30591 37812 8705 
5933 10
95523 56989 57640 52059 80946 73147 7410 98996 33213 67783 
3954 16
19488 82309 60846 65040 65492 41916 73802 34879 29964 43546 5135 26948 53931 90743 73483 41484 
81 9
50496 46586 31915 36541 50891 84897 10508 13133 44840 
5030 19
36814 35724 8186 66633 1763 82133 53718 90423 10444 57136 30735 36144 52071 42899 98456 19728 44278 63887 43874 
1973 14
28670 94800 27527 50348 37676 96683 14394 94537 24433 91268 68673 65534 5102 55929 
5931 14
49252 96836 99511 9728 40080 44063 27522 96216 25042 49678 65322 45909 33896 17093 
336 12
33376 95097 68306 69547 35413 708 45101 4456 4018 20031 78480 72530 
5510 10
66083 15448 45455 23029 61620 49426 63147 67104 78494 77436 
6995 15
65061 28301 95925 82356 31004 79584 44045 59001 88527 64793 19352 61402 59224 31952 10252 
8809 12
65406 2082 96813 42431 76208 57328 29388 31367 52657 48815 60339 21474 
6437 13
73674 6701 50328 19228 35917 25485 44744 49525 85665 45772 41552 52582 16788 
3888 16
18783 31181 65978 48997 19790 16043 36669 53145 50173 50971 49927 82433 65341 14061 72634 52605 
3545 20
70207 52409 76042 62319 96911 94688 35466 90854 11624 51188 14653 67367 6648 13834 78285 21320 40498 5685 24607 25525 
4919 12
6006 89104 98753 60469 76319 74860 92830 19554 30015 97559 24316 82160 
4855 20
21275 49002 1671 85241 54726 96302 96900 61253 51015 44135 42704 60112 68090 48909 46226 50795 27092 61824 74976 66955 
8815 19
99096 79358 96637 64531 85085 90531 77628 60735 14161 89261 13066 81427 55870 12267 81150 63130 36656 1827 39562 
6517 13
94997 68098 54157 30237 48405 15326 21435 96553 69713 56846 99325 82125 47637 
5020 12
72364 56306 61717 28296 24078 84053 23908 97385 71679 34753 70976 11335 
2110 11
24868 61289 1347 39568 34012 21009 59501 89707 86964 76856 26358 
3463 12
27267 93133 56875 21757 50767 26861 61060 46708 31695 4164 24529 49433 
4506 14
46480 38358 68459 32001 63107 98349 69560 48250 39993 93152 7121 5368 88297 9268 
4645 11
23371 14428 95329 63969 87740 35526 98861 8274 43472 81895 29448 
7995 15
76518 7514 78404 25285 19974 95027 30852 72285 47295 5768 64041 55364 74621 38128 96627 
7803 16
44789 49077 74195 77821 64949 29809 15174 22727 2896 4527 37021 12753 84449 27483 37234 54908 
6076 15
18577 66935 8076 73316 90393 12702 50101 10124 20059 19881 98737 88709 20161 16963 31939 
5585 18
52702 21281 96805 22256 21611 3807 88662 74742 19380 32575 7655 48826 54001 8062 47944 72826 7109 82005 
3967 13
45867 5029 98150 3934 81836 65345 82439 89256 37267 16002 78743 37839 9551 
3684 12
36274 81144 73767 64184 52341 13979 50494 66179 38487 15994 75138 65974 
2722 13
22626 30535 63545 91360 58239 98911 75712 85352 91586 2495 75932 68648 63596 
7937 17
32944 48614 7517 78805 4329 81827 13847 48712 50105 34861 92731 97092 74379 3015 12807 12068 62239 
8104 14
40855 4611 31039 40211 41855 17776 49988 29921 71238 80722 1400 97450 47132 50780 
1844 15
95886 84941 6335 67733 28593 32769 92028 98585 3226 82730 22883 69508 67700 54363 19179 
4803 13
38697 93237 88996 10540 42472 64724 82890 31486 10665 4008 88501 81947 54173 
319 15
71080 9703 56712 1286 108 55351 75106 65450 13491 29987 61579 12761 3195 30045 2162 
8095 15
6228 90214 90909 59218 56953 66163 55875 17722 28981 47435 13218 16669 80424 92161 73611 
6760 17
58782 18940 39307 55649 84077 77028 92406 62767 98616 85057 950 1126 76560 44692 65570 55458 52244 
9724 10
72055 9593 52416 18668 24199 52985 90703 50861 89926 43882 
4150 17
31120 13905 48145 72862 36856 24780 47181 53795 97050 88300 84018 93268 12542 15465 75754 82883 92162 
4367 15
17724 83811 27337 8973 83027 16329 55056 17410 44992 69318 72896 65627 92503 87161 62775 
2415 14
17257 74055 95638 94287 27490 4557 80257 17962 42484 53402 36089 45738 86608 46548 
2868 16
97267 93229 13782 28241 26426 62894 50956 82584 77889 13959 58064 64559 74618 68021 16062 97707 
8177 18
86465 62193 37076 27778 18057 61129 12332 45970 34772 72882 12082 15824 47292 19949 68303 41349 30779 42461 
7158 15
2849 27371 22878 37513 61394 14926 28227 13724 74952 46217 60655 92938 31955 34980 78097 
7243 15
30369 27950 76394 57434 83823 91025 50394 60513 77263 43122 36003 42008 92712 41457 50324 
3112 11
43657 28722 88931 31194 91109 86053 88333 34679 14404 45668 85324 
5172 18
51447 57499 4624 78612 52269 6742 17102 52564 57587 22553 863 71104 45727 8430 24432 67828 5955 32583 
3907 10
14146 45631 92245 99279 42943 34950 58981 27219 33825 39237 
4457 12
89928 29127 89588 90672 43625 29944 10762 39188 52833 87383 13166 74825 
332 16
24299 7425 75603 69941 13260 73317 82212 99183 83494 10660 83184 16386 62580 47512 17560 13114 
2339 15
84827 69216 65811 86162 55998 93801 48621 88562 13989 73062 98479 16402 31604 63521 676 
6957 14
41944 72670 69907 32686 23121 89883 94880 8280 35443 97950 4446 93239 16211 51669 
3342 11
72979 65979 39507 52081 84123 4931 49654 44990 9122 9498 96178 
5555 15
43114 41617 26780 15588 5128 48511 40617 77368 44824 52666 43089 53231 21604 3773 88406 
5113 17
40419 63919 27943 83827 9777 26368 96410 87593 26672 92685 69790 70484 14354 21533 4515 10913 69974 
5810 10
28584 21603 86804 63360 61998 92677 51085 74309 74884 81225 
8198 14
26204 51113 58483 66286 59495 88933 41823 79594 48942 20928 3079 10738 96298 92622 
5423 18
28551 27803 31739 46430 95207 35455 1409 9815 55156 1773 50200 16272 94963 49455 70050 8351 21946 59012 
2138 10
20154 37049 4045 49068 59919 76670 1663 43595 15015 25805 
6129 9
76567 10774 18743 21030 85677 14224 43174 60913 95606 
6736 9
24377 2769 17570 7372 62677 33980 88797 97971 63766 
4717 17
56201 65413 2654 29078 51880 86264 68665 67252 43891 61195 61563 81351 28190 26828 49956 12998 79767 
7731 17
74564 70586 71930 31608 22107 6507 32855 36559 30295 4279 72130 52336 19993 53230 3217 89097 63158 
1736 12
76014 14500 64976 25645 69424 38986 28835 3596 34738 17055 87013 79834 
9425 11
52493 20210 326 34703 65094 30226 96922 53662 20963 17849 72756 
820 17
17999 52153 81969 30251 60338 20672 8452 54419 97361 27479 82097 26664 9376 44633 86250 44370 66360 
7193 18
57697 88975 59092 69087 45085 92266 69289 71752 85721 21857 59466 87526 81187 84847 82055 28134 39397 53826 
2373 17
92511 95985 99184 91996 57460 60194 42763 81065 90410 29834 80114 79075 60599 80700 90475 33766 2562 
3211 18
23753 51082 33432 45273 57344 60062 80958 42423 2888 74216 75480 17693 71341 890 21718 8863 93215 87303 
1420 17
76512 26410 18028 72371 28783 88102 74425 89894 11526 24206 24401 46426 80524 39276 82035 1597 84686 
8518 11
85977 38231 56852 92374 97852 41806 36836 11461 22438 97315 48724 
3080 15
81404 69934 20809 17256 74341 87054 3671 31796 64673 78611 40481 6733 31977 54164 1883 
3991 16
76039 74394 60091 84748 965 19820 53412 90156 47613 18276 14943 89303 14661 63001 46311 59533 
9218 11
71906 23172 41448 8590 70639 27311 24201 68963 35538 89612 50339 
9560 10
46631 67873 52476 24124 81457 8613 82282 17699 384 33354 
6169 16
22312 86575 773 34910 84868 62599 89854 1464 10193 30701 85733 37842 41216 10619 95129 22133 
3245 12
16918 34803 16529 13640 17762 25424 44312 92454 53768 23154 38197 12848 
462 15
11995 88288 65678 36094 36722 92412 96865 12322 82077 31505 72407 29109 84319 73681 45164 
92 9
73669 87154 33545 9131 37274 57354 42710 23932 76538 
8314 12
56962 8642 63791 26183 3608 2974 49592 15104 41770 68776 41045 13404 
2131 18
39127 40821 96117 58267 57250 32293 28303 63610 30118 96149 83882 5323 4950 49793 98680 60033 35568 99241 
8981 10
73258 36381 15079 52999 53912 87611 11981 89217 68881 92873 
4381 20
21975 38669 40460 18215 75947 3505 1852 49126 46161 24950 38524 81256 47841 58217 4894 89736 1734 31979 50195 54841 
2916 12
51149 83837 87781 2499 19659 92953 1962 14347 8972 29865 63276 23779 
2848 12
31963 69102 43702 98293 94845 33192 77165 28308 65442 74347 83820 50366 
396 11
89700 51247 72713 75550 77475 80406 55748 99307 77916 70800 29858 
4246 17
79660 9858 23821 21451 8708 4405 84822 32000 66005 44035 53527 42037 38259 59780 67222 81796 64689 
6418 16
14997 22844 79744 82879 91998 96150 57577 75744 3708 4176 71901 55251 7124 81382 99717 55802 
3677 18
68410 91765 20528 83601 29016 53283 10506 70927 31189 41247 44734 17520 59578 83843 41096 91475 52122 26387 
3737 15
43158 47737 85327 59688 21489 49181 88312 12565 21407 43515 34756 68991 84845 12217 59149 
1984 8
29613 12902 33464 33105 92038 32744 60456 80178 
8178 7
9401 81080 45833 4923 53621 50677 96730 
5032 15
18942 32553 50362 87210 35404 18386 19235 58960 5028 84766 76197 40584 52609 29072 1253 
5107 8
26124 16207 99782 89436 71935 42282 25261 74495 
832 18
86392 29746 98497 26078 76482 42719 3870 4567 54441 4118 53142 17213 12923 1489 44419 85275 75680 29059 
6980 18
53205 55463 46236 96257 95986 5817 40284 5705 37419 23837 57681 25220 52865 92148 18909 10247 345 57447 
147 19
85475 37898 25669 55169 77014 37483 53926 37740 14550 52718 63425 73296 19749 94927 22178 10586 68662 35845 88118 
3335 18
25688 75719 21388 72469 97865 55804 20520 58385 86462 80079 61383 64262 53187 33445 89316 48595 66909 82318 
1425 11
68541 41816 74273 90989 24556 55771 82434 44715 74693 71125 61665 
3277 15
23432 19826 68496 60395 39314 30216 39191 18635 96648 94314 4816 13431 18984 15674 29145 
9017 11
14022 5712 19329 60058 26768 60619 43329 91072 80430 42812 95557 
5789 15
54566 87405 50132 13429 62416 347 78124 30447 69491 15119 16737 31614 34964 5401 97026 
3507 9
1983 45935 78255 90321 39656 49256 12840 28944 38983 
868 18
24532 71352 20414 52243 47902 44131 17941 98580 50525 50252 89428 42156 55200 38056 19436 48775 26508 4022 
6538 10
63790 78623 14933 46525 80291 14029 11118 8287 70242 44112 
7338 17
53832 84415 35371 4659 37339 41679 32836 22529 44353 12927 60799 26694 67426 44533 42876 33146 20506 
9070 17
1833 95623 26864 50741 79699 34749 28391 18933 48849 95459 18941 78692 78830 22344 78622 12507 12301 
1967 11
43927 40905 8369 33135 92869 43534 5236 44470 26335 73638 40595 
1743 19
65475 29366 24269 20821 94296 50750 23004 11480 12591 89597 50948 87627 76602 9692 68503 34912 12481 80002 24247 
9616 9
86840 99815 1364 75156 7556 16417 41559 78190 26504 
4980 12
35636 52305 66034 37031 80708 34492 10797 70523 56377 55956 90906 60991 
8536 11
46383 24795 76757 48124 69885 37942 22722 72420 29653 47251 96280 
9960 11
54985 19578 87648 72481 10159 62212 81485 72726 6102 51956 64334 
3550 14
36462 62814 67059 38174 48062 59389 60417 30761 44797 74796 25997 9428 61815 77749 
746 13
48407 191 96218 20325 16373 52454 73907 79867 90779 5247 52203 43748 79365 
9974 17
84938 67287 38381 3130 98977 65344 94198 74953 97944 92066 90364 96448 44834 40907 23324 99437 98201 
7801 10
74929 34242 64579 8998 53143 52343 42360 9805 64401 67131 
1617 13
77589 59984 29324 3912 28758 2333 29606 91605 26184 19774 91056 47934 70432 
9048 9
81440 69244 24196 87990 91713 41335 51399 76919 9139 
7368 9
83691 14375 91433 40763 15296 10925 11093 18208 67270 
2200 11
65165 88829 99833 71186 85916 15714 48075 57766 20587 46567 98647 
3167 11
16768 24472 54201 87752 45937 65740 46728 53198 50490 38722 12102 
4380 15
20565 20263 43103 66833 52213 38621 93492 44273 11324 61185 42963 18963 5229 46072 45042 
3557 20
32255 10628 92543 46084 91890 67424 68202 72189 1414 29299 13712 49773 74202 74924 88257 82178 48606 63197 73815 78521 
7737 13
32276 83212 14995 95552 76706 46327 17918 77702 12538 99172 73796 62385 13038 
1653 15
23427 57035 29400 96842 94978 91818 93600 28095 28629 53375 28621 32573 13447 98634 85842 
4429 17
2710 57360 93142 94090 24337 42363 71662 95082 70702 46052 50830 64078 8306 7073 26025 53036 20277 
7567 19
73283 82185 34472 95613 80550 70694 70487 43419 27587 61604 57559 4547 72519 84061 26377 19642 81367 61202 3780 
3651 13
75635 73506 30401 36929 73981 88587 4878 38207 13505 65533 32867 74392 93127 
4775 17
39341 78072 85930 63833 80663 51815 56806 27594 18438 44376 82844 76773 46064 22934 24571 75465 40231 
4966 18
96453 29952 60444 2013 57830 31906 50602 3316 42135 59714 85470 40301 95349 63228 71214 40774 97987 93024 
6783 11
38845 16383 33737 2324 57165 44717 67583 48392 51427 16770 82698 
6173 17
41302 68335 63985 79493 72788 63577 35378 98257 10987 30819 73660 96333 57682 81498 91758 92217 83054 
4284 17
72299 37144 79590 23103 39219 74488 33387 94524 79501 99442 4492 84059 55489 91306 76024 95026 40266 
8818 13
62386 42040 94583 98773 70211 39943 2506 95488 294 27965 86782 18827 40659 
5272 15
37152 26000 54677 14946 18631 83652 52185 49264 38740 37519 79790 44610 8396 50995 82744 
4709 15
47659 2950 48454 95146 2618 5092 99015 23260 21958 22896 56521 83375 32335 17018 99818 
4490 16
58202 71337 81386 16060 70238 83630 62514 77937 19038 95526 49258 94608 73041 39788 73008 6041 
2977 11
3911 26975 15505 5806 22277 93384 51874 12353 17198 1255 2309 
2631 19
28844 95646 53154 27196 48846 91910 65968 46628 98470 51443 72913 92325 86463 39248 49839 63405 11334 72613 30747 
6633 18
3560 97717 48990 66888 63971 28747 27148 23120 50672 7343 13722 4861 71810 12603 38820 91131 46796 69673 
4316 17
13342 77513 87587 71294 78639 27151 35146 5208 69061 37870 24007 33788 99961 59990 26179 66447 18902 
3626 18
48568 12872 88247 93048 35013 43673 83171 93140 18769 64512 71046 51156 97070 36207 60051 71871 44095 47103 
3413 11
11789 23259 7166 56065 46956 14911 82597 80404 70750 44479 93981 
2899 17
23790 22960 76929 66185 97510 7636 89161 28443 73507 33647 78020 37429 97387 43619 44661 2976 68108 
6805 18
8175 5852 63182 87313 12103 12320 4740 83178 49444 72651 83935 6252 7080 96088 51279 85071 20240 59020 
4355 18
55999 62148 73320 57430 45052 87950 1478 7753 56024 50139 81916 51294 98644 28851 13807 62132 47254 60822 
8427 12
3442 82839 79441 50819 82993 10276 43211 3291 28841 79329 63169 85437 
3753 10
65465 73402 87550 82534 5133 39139 95972 28031 40798 37486 
1176 11
17553 92171 91262 85015 58895 35942 46632 57842 84570 38649 63336 
663 17
61535 42913 52132 21828 721 17212 91194 65858 43553 73079 13016 20835 85305 24566 4304 92994 16357 
8851 12
53861 82242 48069 53381 56577 40552 65175 71308 29435 17623 75065 99235 
2111 14
29311 8110 26952 60105 43759 41618 6653 47961 10258 38453 6578 5996 60359 88323 
5484 14
66854 59674 41165 22448 97383 27715 50882 72129 34300 37417 13019 34213 30386 43379 
9787 10
4320 22920 9694 89953 10729 10500 7021 5200 2616 15218 
2510 10
20151 88952 51299 90510 94567 68356 58544 39652 58393 70989 
1789 11
69302 77689 77289 20399 97752 84132 88868 30775 79708 20616 13792 
7786 17
17896 28405 35502 53760 38905 39415 79747 49193 95619 54098 25158 1248 58615 76788 98713 41312 30416 
3258 15
30095 45434 57657 88380 54329 95274 99284 71469 63097 12543 48024 4559 29180 77319 40100 
9505 11
9010 25253 31978 32170 82550 89049 3604 91610 67620 14852 61134 
266 9
79088 9028 7361 31348 75928 66318 56629 63796 38301 
7191 14
5609 45325 55252 33140 35312 19977 60405 86154 39828 84098 12118 20961 55622 97099 
4052 9
21915 39913 45278 27951 85742 29141 94571 75673 50045 
5044 19
75461 95696 35396 68627 52869 31816 46512 81268 25684 43088 27376 54043 61145 25110 91104 22530 31022 19821 14489 
1464 11
10968 70201 32197 31005 90673 6964 33607 61212 23162 32384 40376 
6893 14
86137 4230 75829 25011 6665 22537 47187 80059 96605 69038 95392 84211 80312 95732 
5805 10
750 60441 10948 44922 42579 11382 38167 17515 42416 17082 
8388 12
92996 60592 65980 93028 47698 73436 5630 93683 25618 40309 693 70556 
8613 19
50683 34227 28574 89288 51849 93189 54571 34023 9037 40149 90998 1713 69355 91488 1234 84969 63359 36244 46159 
4614 11
4248 59414 38614 92694 6797 80231 11040 96201 89416 32798 76366 
2119 14
95209 45675 12283 84550 27592 88212 23288 40627 4940 76818 93238 34485 10162 59456 
165 17
77458 56855 28355 37089 6338 82111 76135 81958 78600 57068 71402 78531 77356 91426 33518 88798 29967 
6446 18
26401 15900 97353 66792 68205 46530 53448 69144 36923 35735 27618 83774 98393 35871 99013 78839 10142 58291 
7039 19
91512 67834 77918 35573 42126 42519 36815 98041 27978 83474 50114 77076 85555 72967 70713 76407 20064 27899 71440 
7307 19
7843 62934 57695 94495 48963 69264 22807 83317 75500 86853 89015 9078 2575 80389 98806 60425 22940 67741 82144 
2265 13
88338 46964 19445 84763 21588 40925 61153 81633 91725 67068 26519 79060 70665 
963 13
6568 37402 1039 98800 91036 83252 75948 83507 52089 28885 80121 30255 72532 
7360 9
11512 42389 26904 50678 48561 23450 99682 33085 93449 
6060 10
96346 93867 58658 33014 38156 82043 44028 9960 86675 2388 
5664 17
90558 99451 46966 62042 59453 89379 79939 64089 71750 23238 56387 74449 23990 26666 47216 35355 6082 
3874 14
47125 92240 87298 59828 97508 99161 1910 51644 9095 59962 78658 95847 7225 97819 
3025 13
89152 795 16177 23992 75910 13068 78581 12837 25569 2813 33754 62511 14804 
3552 16
43720 31819 89918 68779 4127 85967 42 12167 69434 15879 53591 77022 64890 46670 39157 58989 
4496 12
65932 51627 92646 61278 53580 54582 15628 93963 95947 86869 2210 94856 
2994 13
30713 8702 79064 92299 18592 89280 42543 28101 50273 61227 95636 43842 48952 
9365 15
89008 30049 41622 44157 88100 44276 90699 77568 70795 28017 66106 21138 93035 6005 61905 
7215 16
3786 9900 43626 36227 5056 31228 79452 71225 31435 44747 54209 26852 40909 71422 96816 74385 
9432 17
2249 98418 56335 17858 95835 11634 11793 96975 69921 89583 29522 34357 76675 1915 36104 16250 42127 
2195 20
79516 85567 21469 89775 67749 25329 64341 62410 42967 30283 21788 9115 59308 11111 13602 34559 462 53185 18650 31905 
8892 15
50423 16582 93909 29301 35005 82536 89945 71098 80208 67788 92227 28165 46819 28879 57083 
2900 12
63775 64218 51805 28661 71673 15207 47321 5624 8159 314 21725 42158 
5558 16
81428 23092 84504 85980 52752 80896 57283 98107 43492 55631 73892 25135 79856 13453 69716 8906 
4398 15
29918 91995 59630 92429 75088 79383 6175 65777 72267 1839 29501 58223 37258 81038 68863 
8963 17
21749 63297 38623 29905 43063 16223 31161 66830 93259 44230 10669 88675 82494 40902 45349 29817 97330 
7259 14
28997 72463 70983 5724 76191 32807 65832 25195 44513 28395 76989 40686 40291 28376 
905 11
33693 47661 66607 89978 27684 36370 41493 51349 49717 94250 17697 
2892 16
51425 30672 26190 51820 85247 50451 56667 55996 20135 74543 20815 53745 9474 4658 10531 69949 
3993 14
47019 56292 58199 92861 21837 89549 63237 57768 4313 22861 80554 60365 50285 43520 
7956 16
23650 83790 34990 86621 25103 2365 19498 11082 59305 43098 99270 76310 39793 8361 89710 91358 
7920 18
77123 7006 88474 39962 74158 73462 82750 9604 32889 99381 808 5772 16447 22341 77008 12732 89857 42019 
8422 11
49918 27526 65703 70695 73609 1290 62578 17780 32319 71702 27225 
5818 16
55359 1281 66216 84011 40475 91785 98400 34960 32589 35342 70993 6644 14283 10087 51908 72617 
5445 17
39533 85940 90210 5522 79675 10722 15126 23504 51340 89421 34009 26529 49837 94705 66372 64410 92164 
1085 14
63683 27081 21633 88890 77679 53453 18908 98300 11454 84303 95588 80169 61092 62317 
6313 12
93797 31659 43265 78987 82829 28797 67578 11942 40845 71033 55835 87162 
350 10
16689 4757 28363 2565 10810 43238 77936 8204 39345 34408 
2888 16
1113 27199 29021 35531 61731 86631 11199 78047 71669 46496 67357 52120 17445 46442 3555 6628 
5109 16
27223 74113 25680 4675 4518 25417 67949 17428 76245 75684 67954 15093 9836 21327 96380 81424 
5869 18
84992 54390 59403 96734 45920 37696 18265 72179 47200 78797 75846 45573 77755 7472 81444 85130 30653 58798 
9581 17
81690 15226 14103 53624 57365 20089 86287 56769 13116 15301 65395 22828 6622 23967 88083 53911 88782 
3818 18
40684 36133 82884 77664 79850 85029 68854 88240 21513 24980 63719 30574 75954 98521 37897 825 96670 55017 
7506 12
38236 57125 75419 8129 59395 53271 86524 64897 97004 70054 13059 63738 
7630 13
2334 70287 37838 23548 58172 82939 86198 64382 60555 92006 79061 7311 47513 
4813 18
53605 80961 33887 79227 94508 33141 80938 1619 4381 44893 81110 48889 56513 40613 46409 61968 4925 70504 
2268 13
82754 16826 53492 46685 17071 99746 45035 35862 78188 7877 46809 37530 18519 
242 17
20744 36153 189 19002 23468 395 70018 45438 43269 89742 48235 10942 17280 86949 78106 10820 98978 
1876 13
73738 42203 36846 59643 47861 89753 46246 36623 69212 62546 64029 43177 32017 
7319 18
36076 40708 67527 65783 80990 78769 33150 21368 85819 28268 54509 71989 95178 88900 40709 84244 10583 36314 
7658 12
8891 20970 40645 25826 48988 16453 55638 62112 25900 47815 31242 82620 
7741 19
9181 17677 90671 18161 47448 21046 20515 33656 29353 91219 84681 36635 45832 16857 82609 41489 56165 41997 18092 
3719 15
98025 81004 47367 34807 37449 80832 26483 7953 41713 89283 90708 38987 23489 97039 94938 
1679 13
28976 19995 68538 25432 90049 91367 6282 57066 96725 77193 89694 72933 20174 
5467 14
59591 46801 31198 92403 7393 2722 83203 70530 70105 11457 57594 8823 89004 55202 
6199 17
38996 13104 22032 84358 44224 96845 98086 1336 65281 29741 65090 22697 36955 68499 57607 87878 35333 
6610 13
9061 15445 85530 39387 70938 44482 33337 50940 71667 65737 95810 60699 88922 
7424 17
80275 96478 99679 21074 79582 32507 99761 32975 35913 93336 68365 40705 37115 66877 58581 31399 87547 
2928 15
97630 84448 67282 16309 16159 18109 12157 57257 31414 15036 82132 47749 63149 77931 83392 
2560 18
47035 50332 87694 47585 42077 98687 9355 3919 90653 30532 46678 23625 36243 53012 57157 54891 12033 61536 
2269 20
13151 68373 36013 77141 83406 54550 7341 37632 27432 25367 24443 96431 16400 77337 54049 48995 21349 79711 60244 96225 
9053 16
40703 71014 5886 1638 87880 16455 62941 99762 85879 60614 5280 47051 76721 89802 55265 22199 
2887 17
52250 93017 80591 79304 49005 45836 69447 85251 22640 59569 83250 38765 9226 99720 51033 49829 36666 
9540 10
64100 76067 69550 40796 22506 34381 15348 3354 15073 99580 
8587 17
67325 62910 76951 56007 61696 64378 35465 37892 89433 96446 44756 2274 32612 61852 79082 75555 39498 
4072 13
49199 82737 24964 82192 45975 79313 66899 40813 72640 79547 20232 68899 27998 
4206 18
50700 46055 37183 72813 45825 20205 13065 29475 15325 21535 18792 55755 77600 22621 77130 51832 19469 26379 
2842 11
35329 35245 86651 63993 70850 56372 25473 64561 78882 38625 36178 
7120 13
92811 52987 81466 78578 55580 49243 86758 84236 98211 19466 32987 58277 46518 
4749 14
81797 1428 38677 3103 77302 16155 75299 82221 56596 44007 57605 13811 26268 24773 
897 14
3370 89915 44446 35768 30177 90241 31964 6362 43187 92813 64407 13632 85252 71146 
9550 18
13768 16900 62462 78565 42609 41342 7589 65218 72705 8236 4066 72989 77601 55522 24547 62549 96624 94058 
6084 16
49700 80020 41715 91466 40142 69840 81884 21830 70603 29120 5947 24662 75328 34816 26978 82735 
3397 14
42399 2664 71886 96665 24807 88401 62346 95735 85385 82094 73559 32500 9953 49623 
2493 18
33551 79579 4729 43399 39918 63953 32355 74389 48818 42085 15829 40108 95617 35806 57871 76814 83473 58246 
972 18
67802 47495 17859 27474 16153 41005 15185 22442 90445 2389 60423 42783 67061 2497 71103 55508 54586 35199 
156 10
13469 15885 65197 1251 54977 20438 46885 42859 47307 36043 
7042 19
60582 42074 72464 37687 49221 64879 38712 77640 24343 10231 94727 18110 79123 87349 18938 1911 92896 27467 69648 
9800 17
29458 21735 37308 39110 83343 72334 97820 62235 42314 23887 27170 4382 16573 84088 65584 29173 87909 
1689 12
25335 14729 44913 44785 95323 38963 54325 61250 23847 80118 4980 93148 
3105 16
3124 30762 36374 82604 11446 8838 83542 70589 53895 67362 44849 42544 72548 9094 99072 10347 
3195 17
8312 49980 65621 67738 55925 93116 5718 44357 86315 28583 71271 64046 45465 334 48959 33970 28594 
9061 8
97758 6623 14719 47228 34454 40717 6237 97493 
8070 10
2615 66976 14443 56742 59182 96632 45026 28071 52774 29981 
8925 18
47929 36985 43509 59496 49602 15048 65181 48173 15833 24320 39669 64702 16058 55094 97653 38735 15007 84474 
1599 18
58741 30274 91774 56688 68823 57591 9635 87916 53349 49873 98789 75713 24330 20088 67861 3455 62123 90073 
673 18
73053 37068 58881 17215 46508 72520 50079 96349 29444 44256 93437 59134 42583 92933 20178 4694 74144 65306 
3332 13
30169 63645 73810 593 73058 88703 3573 78352 61457 59005 89618 70415 12783 
2468 18
67246 15132 59586 22455 50910 55111 48757 6745 76499 71515 58641 82367 92160 64188 4270 97638 75860 84408 
3530 13
95931 48127 92725 43068 82559 13064 5875 28647 94086 30514 14682 57410 6552 
2565 13
67723 13699 1357 31243 98444 90677 53394 60023 92265 98761 1581 45078 77450 
9442 12
1360 42149 1120 85227 60780 14671 67455 92568 93120 19166 8825 36637 
7099 17
47399 17825 92480 94394 44858 42133 25972 57840 50485 43684 50093 30175 72976 87543 80436 24441 87568 
1751 18
76085 10173 5504 85976 530 77078 38477 3221 82455 25177 13126 1225 98930 45212 59370 23485 54011 51072 
1978 10
39689 25345 65957 98454 26571 46371 98923 92074 76064 14277 
521 16
57801 7326 82837 88648 85149 53166 61408 4233 76673 2254 80393 35549 98259 2059 84559 11261 
6378 11
50575 2759 36286 25257 49726 11653 77298 73365 97554 63749 85709 
5 15
90613 30091 70553 47081 98759 14459 86009 31929 83777 62891 41431 34776 32713 85820 69906 
5961 8
63531 90312 96935 28828 61363 94338 7684 10454 
7205 9
14711 37738 94841 88876 23637 94683 43391 83334 14607 
1130 12
18701 44954 2139 91319 62980 76108 32539 64945 34535 38974 9715 78467 
7218 17
75619 17868 42873 41014 91340 46565 67526 9385 10604 19101 45458 68180 21624 7404 49821 58235 88476 
4439 16
6785 40174 72389 91600 10386 75771 75100 39744 13903 11204 24579 65954 42593 99588 30114 9881 
6416 15
92349 45119 10158 52550 57172 15413 5425 10699 20964 99308 16620 56390 81253 47968 90005 
1723 13
78751 34302 60342 93635 73071 78358 8285 12887 87936 33651 33745 95946 70344 
8033 15
2919 8024 38348 88568 46948 55854 41502 99271 73056 64948 85106 26887 68909 86261 87991 
1120 15
23815 56255 97012 46760 40692 88529 2804 95433 41930 32711 19989 77685 16512 76503 25925 
8409 16
82810 70955 19868 16772 56398 36205 10599 64630 30021 69191 38887 98392 38604 65606 59291 86197 
6793 13
5382 79152 6450 33019 42097 67385 11329 35889 19311 93306 57183 28348 17817 
3334 18
70502 52459 66019 8390 3390 74193 78535 25209 1165 72123 87949 95596 9662 86180 28291 67012 49268 18424 
4669 15
53493 80104 50155 33474 20140 51957 97651 38851 97200 7570 70364 32340 10928 47499 16777 
61 12
83635 10448 30734 22628 26630 270 91850 91434 4280 81777 99911 74641 
383 12
4838 94186 69734 91316 32051 92070 54707 23838 928 82241 67988 4887 
1571 13
80507 2064 77695 84258 62976 30899 83262 38499 28769 41907 41628 31460 71197 
8893 10
66601 1543 83218 53488 38000 90842 41848 40824 94973 3751 
3919 10
90734 1184 40245 66590 94347 4461 89941 15819 56056 69802 
5439 17
96330 74913 60442 49521 86206 69698 75089 24440 80092 20181 10570 95183 92296 86027 62001 838 51725 
9948 10
24599 90758 23869 74943 7578 78907 83858 60007 44866 55894 
2244 8
2579 41287 52907 67510 1072 86802 13962 30155 
9942 11
85910 92340 66376 79194 89284 96408 68696 26131 92963 34801 44516 
3891 14
70328 96200 77393 36064 64916 21847 92040 46221 17549 27807 45174 42805 47052 86807 
2235 18
18597 56327 81026 65586 75038 95174 47269 39343 91372 60651 71171 90978 91502 94805 19971 34107 31664 24426 
38 14
42521 61902 734 96167 97654 40183 45134 92416 40728 5620 21305 51190 10335 8915 
7258 14
13832 49014 66786 79746 73383 53365 66192 83588 79404 9938 80630 33015 60285 51793 
3740 19
81339 77835 63558 58495 96736 46351 16097 27039 89604 66815 58097 54151 40681 68795 37086 28429 70126 74579 70845 
6665 14
94640 35658 78328 88816 50515 21582 31325 96148 67942 14148 49364 20270 15422 90309 
2459 16
44746 38665 51707 27741 81630 72442 44253 94637 59090 5868 80547 48660 74739 52565 42887 4876 
3799 11
88472 15914 61032 80779 15463 19530 11880 51969 39530 10226 46694 
5498 20
16055 32421 18596 90750 64137 37239 7012 69515 91118 68332 82501 49611 41495 81710 80265 67497 59315 49936 73984 73460 
3707 15
94335 59239 77984 32128 26731 766 36584 73730 10101 15299 22587 69122 13629 38976 57803 
783 15
41389 99401 50900 32306 89896 63943 68715 92020 99706 2958 18165 14838 67862 85759 42106 
7875 9
1899 66772 94447 42940 9257 19248 31130 57116 27280 
6387 11
85082 78762 98934 96352 36080 96160 47331 16104 15951 29687 24505 
9336 12
31985 4034 50935 18601 7095 89465 77454 95682 18473 70375 98817 69072 
4828 18
19797 80928 94398 54907 45350 91043 18825 91838 30359 66981 28147 51609 32776 41459 24202 44288 11114 21408 
1504 19
89495 53279 27272 73289 60114 6788 33029 48312 55493 5201 87612 81801 76629 36228 10783 25159 95023 12996 39026 
9124 17
32653 44053 62522 92274 20981 15298 21421 68026 43429 12780 12191 92903 40886 15162 60377 72526 17411 
9392 14
41583 92031 60152 14097 93839 50804 17618 15826 4218 94867 61886 35946 95834 38506 
1288 15
23362 34637 6248 48631 17535 58451 45021 44331 76667 68253 96875 72681 31277 73343 65587 
1677 9
54400 34545 195 29802 79581 16854 85590 88443 63820 
1159 15
21036 67215 64056 7122 72173 99429 75209 1249 65211 14703 80502 27948 36093 90461 80270 
1186 12
27227 84403 49646 60211 14286 52769 37451 142 11892 81761 88231 62791 
8521 18
64176 83416 49863 86004 5922 3523 9525 52981 14317 66555 55003 92700 98065 53094 75115 6293 94592 72412 
2495 20
66336 26985 47549 27764 14896 65060 1722 45994 76494 22049 4707 68844 98988 36009 48434 86643 75157 92082 65423 86359 
1432 15
44014 43667 71266 696 74840 39239 92158 63003 84417 35888 4996 39998 26297 67751 1554 
1699 17
32531 95118 88608 93442 79890 51382 35991 45762 56046 18287 41142 30576 60949 38422 96266 19095 21966 
1396 15
13878 63399 39439 93003 15454 45522 74729 44435 85660 91682 801 8224 13852 19984 3595 
5912 15
58401 15943 77245 7871 88435 63121 14229 56772 17694 36075 35156 13665 55233 96622 4145 
9367 13
49908 90301 10106 43507 82428 36361 23025 31744 69960 94991 55924 65640 19891 
546 12
54732 55236 60233 9225 41702 22891 91567 53976 34436 80542 78525 39526 
2738 9
60345 99070 51020 79375 85669 11467 29926 80013 87867 
9182 19
58359 90879 44973 30453 93808 70878 31401 74689 85098 37440 70696 53019 95891 83200 90723 69375 22630 52385 58196 
3235 9
73072 43831 15602 1888 53556 2687 56469 92748 50559 
6772 13
95671 19919 86445 24112 75938 62509 23500 45113 88834 90050 95512 46842 68161 
1086 8
60512 76487 47250 92886 67639 33845 5810 35102 
2959 18
10966 79181 53266 24428 59342 78222 95288 7950 45449 90280 52491 34390 37926 52099 87495 47127 93502 50771 
7611 10
53390 47914 18521 77532 38709 31248 72767 71784 11570 56217 
587 10
14665 73207 55872 43069 53810 56129 5159 79343 89899 9451 
2143 11
15678 17145 18889 34395 67372 79592 87144 28330 86761 98833 21501 
