417
1411 20
23714 50491 76697 28297 76499 19174 47228 55615 7445 73094 20333 44615 83239 89996 18177 32175 58473 50934 20610 93170 
5733 19
85303 33074 48051 2977 74880 50965 40009 4066 16696 10711 39565 35877 97815 25911 42988 68420 89149 81994 28516 
854 20
41186 99670 68050 46127 41059 92231 24645 70000 20317 22817 81781 40915 38894 59807 59064 78498 30572 5310 95779 59377 
6997 16
89931 98688 78792 5905 19589 40161 29304 15745 17992 87668 28159 789 87233 72751 15852 66150 
9904 19
43274 3549 25066 24338 53117 6235 30703 63631 57075 89381 99085 45664 55094 97407 6926 12052 56766 87616 1365 
53 11
19871 45897 2478 60488 1061 70968 67042 56156 61098 42293 27198 
129 20
38127 80185 46338 41535 6860 3088 64007 1657 33848 354 79097 72054 99552 57394 37171 60713 36695 72361 25020 21181 
4951 20
60464 83976 54317 96872 60946 68640 17168 17051 47056 80866 4648 94786 99435 84586 28703 9077 81802 97325 58531 79988 
7327 17
97546 91198 10089 2444 91892 66385 50738 80916 62968 5377 72011 85856 7209 89861 69788 23059 56397 
8696 20
35619 45104 44776 86267 17085 89554 3876 87902 38304 24855 77630 82092 78115 2284 82577 94634 66416 42488 5076 65791 
3781 20
88523 18807 22066 57694 53516 23043 78560 79803 95159 60123 20451 65990 20103 61465 41810 12040 62955 44084 89886 65909 
2174 19
92010 5145 69658 12767 5590 62158 47470 43276 75869 30598 12926 34489 61096 79470 93320 34206 15093 76941 20768 
5523 19
74547 82572 20012 37009 89131 33580 80571 36834 40020 44354 48363 65454 67081 31078 64293 17531 95018 31675 18711 
2297 16
32352 98491 19238 67018 61759 74118 54343 72402 48161 5511 6718 42504 70960 26037 34902 44219 
2939 19
15294 83578 71221 60020 34818 48044 49061 44832 86735 92297 94255 58811 21792 20079 38351 45175 11719 82135 43139 
9048 12
81440 69244 76152 24196 87990 91713 72848 41335 51399 76919 9139 41045 
661 20
48941 87312 32402 83190 46618 77606 50977 25973 15297 26557 49350 31489 55860 41272 44823 15973 86001 9112 5110 66405 
1634 15
75776 5282 2981 36241 90605 69902 34392 18305 15323 87092 24468 48779 774 57740 42058 
3439 20
64887 62989 42178 39392 97960 31612 20458 47501 64213 43263 38761 47302 55859 82258 10234 86189 21581 75470 50004 91591 
9207 15
1997 99601 31623 71464 26043 98717 55619 66648 16170 9954 81410 92322 20404 52375 5809 
6371 20
43838 71975 42036 85169 81901 64705 96124 83832 16378 27141 37767 29277 40283 11657 2155 72420 74896 47290 75638 65974 
6022 12
62836 48154 65865 63866 42681 80826 8886 78748 43107 80640 42876 97503 
3026 20
33065 5173 77824 54088 6166 91727 28839 96927 2743 26360 9895 22250 34292 55319 59567 59129 77345 95553 95428 46120 
5493 20
37663 26780 8693 27536 85699 87767 38274 60778 86092 75666 6136 70064 95323 7741 42751 38859 61873 67861 1846 28167 
8070 14
2615 39913 9028 66976 81476 14443 56742 59182 93400 96632 45026 28071 52774 29981 
440 20
97381 92904 22116 75875 72845 65068 51407 17196 14865 96386 81887 22669 22051 52863 29751 90229 52208 64025 88277 98786 
710 18
16156 96023 23589 41439 84620 73247 37706 8472 91857 31415 964 9437 6486 32347 36167 93989 42805 9638 
1201 20
78818 16196 58677 48464 28933 91106 33588 99331 63192 4850 34078 8851 93111 8585 6471 84256 26759 66837 33482 99899 
7858 18
69463 1506 14445 17015 45996 10974 68147 535 86204 42698 92902 73038 56276 60038 23383 98647 3255 33094 
458 17
48823 30142 15900 31129 56783 97306 52949 43977 28797 80536 16259 11323 50016 28423 128 45076 62355 
9060 19
17460 91847 85768 78524 75184 15588 58438 32288 49125 82115 73534 30539 2832 39421 51498 28418 47744 3631 21954 
2737 19
1780 35484 13839 78710 64827 77444 89450 43703 40330 46156 3905 80130 33748 31512 9560 3325 25708 87118 78758 
3428 20
612 47401 28439 69864 36727 51354 44929 88298 49856 97430 49358 71379 56796 53296 25787 94797 87468 63123 39161 61709 
3165 20
81007 35346 22320 75008 7821 64120 73267 71062 8716 97667 50084 67357 57440 39688 58941 58390 66331 64523 21748 80585 
8691 20
48126 46058 1012 33992 55052 80049 35565 87419 18437 15480 78477 20152 50247 78715 55714 29434 85175 15371 11153 59290 
1642 12
60376 28992 27676 39035 40340 3529 44640 60189 90029 33251 32091 80174 
9017 13
91709 14022 5712 19329 60058 26768 60619 43329 91072 80430 42812 65630 95557 
6327 19
75885 69984 28670 17312 13024 29164 30559 4165 73051 54813 85312 81507 30031 18304 49531 20231 97058 44738 17976 
7901 19
10970 29395 83517 26579 58602 29644 57830 51089 57998 2992 46423 83308 99186 18318 80845 88339 16893 72008 88594 
6076 15
18577 66935 8076 73316 90393 12702 50101 10124 20059 19881 98737 88709 20161 16963 31939 
2590 20
59603 58315 54953 97615 34053 43951 70859 83513 78111 45635 29997 37688 5742 48875 24522 45069 66541 90452 42927 81087 
6235 20
54675 98310 2510 89751 51514 33564 21213 14188 78483 27975 20599 23126 10813 67868 16201 74048 89434 85956 44347 43368 
611 13
36135 94347 23220 99145 46752 91334 25717 81912 71245 19440 74998 67845 14206 
9918 10
63551 71772 47523 14457 27484 83949 61821 79933 49584 31825 
1782 12
21256 84771 53798 46231 63432 80324 74995 74051 85157 39726 24072 33471 
2276 15
16594 88880 49600 40974 53887 39529 60061 28198 83080 75298 80809 50057 59168 43859 22235 
2359 15
9508 55889 14067 60259 78319 30503 98686 63497 83803 19053 20678 28632 12451 52615 85810 
6871 19
40071 599 47629 87851 67662 31515 12282 59306 42836 75548 36149 80127 74615 74736 16615 59246 66013 39044 13601 
5851 20
8445 79965 3982 23556 21720 87530 56563 30381 12513 17291 95728 45502 85653 3163 21555 35601 99002 21719 50129 16980 
6189 19
84448 29089 80523 60912 16253 99320 27544 57806 72577 28025 73003 77413 55154 75602 74773 38508 35114 35704 55709 
1610 16
57878 71080 90712 22222 40281 4030 67893 32351 67703 39297 72006 31494 5395 8848 9785 46454 
5873 19
51111 42960 71845 52916 49162 80581 64148 25664 54746 72106 10884 34432 30683 68214 76811 97334 11228 45383 26816 
4637 19
63609 28299 26142 46712 95262 16353 59528 50684 78679 72198 48895 36055 96659 67409 54237 89342 58115 89102 20123 
9141 20
96702 19923 3131 24182 28760 23008 52412 44401 187 24181 30393 54002 26705 88834 49798 51256 21194 67421 66431 41506 
7843 20
20265 17796 13585 31208 40070 5667 9698 99266 45791 15016 3970 75591 40884 44404 31352 74467 42817 77573 38684 9526 
9447 20
38493 70663 38593 673 76262 410 89681 38320 34612 76725 33653 90735 98621 61857 42871 20351 83518 38150 14339 63821 
3525 19
60690 22992 53202 39839 33222 88124 26248 28338 90138 4701 9648 72796 5122 89782 54655 97816 80204 11729 99793 
9523 19
15103 8121 43052 52506 61699 22045 83933 28505 19986 83295 85501 4092 78621 10946 43352 93787 27261 64733 87532 
4250 20
64845 79679 25688 12544 98758 95329 8999 4060 8404 20049 59754 25963 22377 71909 95498 89802 66035 6612 89315 16418 
2165 19
39897 5751 15537 41707 31359 34551 58770 30023 31140 14905 34105 66297 7075 25994 92114 34557 86229 83067 42089 
3699 11
4425 20950 84804 42508 54425 66567 15807 86788 39934 32897 2321 
9238 19
36019 10327 33758 30030 14918 91757 34014 51149 28741 6466 21048 64807 63043 52287 31605 26691 54214 21907 40706 
2726 18
18331 21930 81852 44390 32087 90838 93950 42372 41948 67659 22237 47986 36233 12623 86282 74130 38472 62456 
5334 20
23728 60477 15142 89359 14964 4656 59122 66577 53476 40560 37532 19233 50292 42760 69842 45102 64881 78042 78893 20608 
9612 16
76294 28343 16082 85993 7590 68462 70585 54022 13509 98853 19368 4948 50339 79592 80804 73671 
1675 15
97179 58821 34890 76265 68374 93156 33333 89105 17461 57446 59310 6482 31093 40648 71763 
1356 20
83283 52190 15920 73445 49706 77787 89796 40507 56979 61543 74453 1718 98328 70779 66975 63860 57786 7850 74656 13975 
5481 20
92815 22218 91840 6010 99293 32190 26812 91537 11602 27096 73486 87430 77802 35425 26150 32556 64489 76109 60798 63430 
1439 13
61588 84358 7234 67424 28094 38152 30878 12247 35447 17392 31219 69417 13653 
8530 19
11503 81373 87719 5892 26138 53582 59089 88957 32631 2304 20859 16064 19448 98024 99723 22968 96213 27044 82458 
9002 19
62316 12124 37414 52024 13716 74681 58943 86336 39863 99659 57226 2591 14234 49905 77985 31122 42901 16782 34020 
4474 20
98925 8893 83084 60352 14861 18280 74781 68201 55416 35074 68386 43774 85556 43219 86983 97113 27083 17164 84418 96342 
5169 19
94276 77688 12931 31372 49902 9265 81107 56605 7598 29783 96286 32860 66741 60266 42785 84648 55356 26720 79585 
2115 20
57393 56546 631 52372 56731 70698 30329 99970 67550 40196 44940 50089 82299 3811 72783 62652 36470 54155 99988 28285 
5008 19
46396 32426 90021 23607 92382 61781 37524 33962 36188 43876 25249 67910 45570 54929 22899 49354 46355 96769 93949 
7256 16
33739 25935 24119 41554 8926 65158 10760 50095 5014 86858 13834 65334 36733 12778 25048 2354 
8181 18
82963 39996 15098 76450 45999 80560 83126 49564 34337 7259 52171 23141 74272 59532 29408 37489 56597 40430 
8822 12
88687 43226 92736 59106 50983 33097 3588 21157 47445 967 49689 6682 
6897 18
56907 95402 83304 28038 71074 14860 10856 3932 87937 54263 6564 43423 14925 48793 16476 73295 54084 37550 
9847 20
40102 53569 49572 25360 83320 76930 96190 11764 81346 98774 83562 67470 90236 51583 34886 42249 31148 86436 37905 85170 
3909 18
7396 56190 50578 20205 68487 60757 47518 60634 61115 6852 88531 45571 86961 36626 64212 95041 22531 51588 
5065 18
32542 28614 40458 9950 71471 311 6870 20130 3096 69453 75917 99038 63892 77520 71880 62380 89812 99758 
6441 16
69323 30909 78139 89384 5683 2647 32392 48752 68267 9868 88836 85948 74361 34475 25434 72742 
20 18
79689 45286 88220 54544 82710 37314 92494 17453 60514 83263 6642 46404 70902 21904 54112 68344 99671 56269 
1924 12
96748 21520 84775 51494 43103 27490 83603 14053 97887 18224 25447 93873 
5390 20
1629 26973 91957 41659 46059 96555 76674 98409 37734 9937 80485 5053 65140 61675 83944 32506 75021 41223 6763 41258 
5311 19
88308 47594 27 85283 73422 52285 82953 37385 75001 71301 41168 81510 56186 66267 5980 26765 40337 31674 76763 
6283 19
31630 89594 87293 60609 27925 35232 27531 37141 38314 83777 21044 56658 64865 94502 85273 33421 99084 94995 73370 
7201 19
75421 1870 46664 33173 97303 98275 95419 7886 71207 2668 71365 81726 17893 5891 54759 23777 22662 76802 38846 
1949 20
24096 18968 71256 82966 98832 52845 2883 63589 5658 7767 96757 99572 99686 77607 75188 21318 29512 46254 41367 1416 
7100 15
6481 89946 32001 56797 95752 53284 28590 15796 6493 45844 9171 72154 38947 53704 61080 
9003 19
18537 37382 71443 15894 1445 82413 67647 85613 47211 2814 32274 68965 71981 74445 81834 30053 62590 100 54152 
3134 19
34939 78031 35068 85767 57795 66699 51206 85527 76660 34373 24736 76719 79014 48041 56152 49408 67351 57609 96407 
1737 17
11483 75599 7055 24216 38352 41108 1912 35667 75169 18610 63090 10209 39513 96574 74518 28258 7610 
7193 18
57697 88975 59092 69087 45085 92266 69289 71752 85721 21857 59466 87526 81187 84847 82055 28134 39397 53826 
4351 17
39778 19361 62473 29015 12710 91438 46872 11978 63437 74284 87581 79471 16849 38794 69918 46112 55224 
750 20
92071 45847 29780 33695 61805 70699 72284 25166 22942 60875 58691 27988 22160 66429 8859 26957 54682 44190 9158 51654 
6349 16
92433 96766 26165 26396 82010 96477 26540 26147 78121 21212 63767 4120 84043 93970 34113 17469 
9388 11
91327 17452 22338 68014 58057 80050 18420 7630 12888 10488 74715 
2312 15
13823 98469 91794 81542 59775 68329 28085 36522 85350 71048 13730 57537 96364 94581 52696 
3663 20
45434 19209 70024 6079 10822 25909 92263 92496 94035 39299 72721 61955 35009 99252 75991 26508 52593 25364 96335 60991 
7995 17
76518 7514 78404 25285 77993 19974 95027 30852 72285 28990 47295 5768 64041 55364 74621 38128 96627 
2459 19
44746 38665 51707 27741 14032 81630 72442 42354 44253 94637 59090 5868 80547 48660 74739 23045 52565 42887 4876 
1241 18
29536 35438 7283 31753 25953 22364 6017 67054 32832 86125 58465 64170 38480 99029 90313 34500 47856 33262 
811 18
94207 7006 87847 13093 66814 43056 25691 33777 32257 58470 87977 36628 18871 84120 50881 19254 11148 68738 
2137 19
70379 37854 56949 23621 64790 14704 4572 44632 36726 75376 26245 93795 56775 24477 75016 88626 23019 70737 16397 
985 13
6476 73571 40479 36921 97637 95290 14939 85019 44134 8535 27677 77825 57815 
8338 15
43634 9198 26755 20665 77152 55329 2866 50955 1492 92112 68732 12663 39620 21354 51741 
18 14
52395 75224 35169 98878 80302 64396 52255 56601 55842 73308 69057 29586 74997 74125 
9855 20
60258 74200 83257 45533 55738 34698 84226 89198 14014 94033 64392 21342 79077 31629 2999 56073 18568 51479 24583 69233 
5064 17
58186 1436 904 23729 76181 45071 36767 31266 55912 84578 92927 43448 51920 14305 57941 56560 65751 
173 14
42684 29838 39340 9252 27094 10732 56740 94245 26205 55434 38423 17147 61914 58050 
5423 20
28551 27803 31739 46430 95207 35455 68353 45970 1409 9815 55156 1773 50200 16272 94963 49455 70050 8351 21946 59012 
8101 18
85863 77330 7489 18975 19326 44892 25853 27883 9825 11981 4386 69595 87425 46390 8586 96290 69837 87912 
5506 14
67723 9605 63844 95066 5758 9584 24797 42260 22691 34040 53789 48638 61970 10964 
7751 19
47790 86203 22198 37035 87414 67613 87980 2801 42693 84372 8100 63870 2707 65457 86608 12033 46935 89614 39658 
3991 19
13418 76039 74394 60091 84748 965 19820 53412 20429 90156 47613 18276 14943 89303 14661 49440 63001 46311 59533 
5761 19
90886 19707 82127 82537 22202 10195 13204 17367 70757 59747 7101 77951 58793 51586 90546 9465 83633 58848 84117 
2887 19
52250 93017 80591 79304 49005 85103 45836 69447 81469 85251 22640 59569 83250 38765 9226 99720 51033 49829 36666 
6063 20
54575 67622 67848 78200 9552 95598 41516 96428 79788 1266 85987 48962 51504 36058 66962 28199 5828 91877 9218 50947 
3202 12
40153 53811 77943 85328 40329 14449 78302 62991 91975 34677 33477 22439 
5321 10
43115 47769 16748 57305 29741 98558 41430 72665 30320 29339 
2644 19
45568 25465 76246 86827 8260 25096 35291 84739 45494 57696 45285 35476 86734 21544 4356 6193 27945 43777 91944 
3483 19
90279 42098 11010 87119 51336 82304 72828 94901 909 87024 94004 37523 30642 18848 91934 88637 38455 69536 1098 
1911 19
32764 78979 44359 31259 51734 37169 24368 67841 49484 86319 31051 13741 31521 56231 78756 53101 48403 61157 3875 
9963 19
54749 66242 13534 51392 11101 74257 13159 43895 55717 32448 23537 34741 1914 27003 99824 3471 35723 9928 47722 
9647 19
6639 93830 20992 36874 77077 22523 36307 29392 69201 25354 15121 35547 14951 3723 46419 25514 24037 95318 47109 
6856 16
99143 69141 27886 69356 74482 31458 98759 66550 7095 49475 7059 69028 29890 76075 53200 20380 
414 20
58203 57632 134 4391 35170 30257 13209 3857 11876 12491 43849 47195 82540 55000 67594 72431 98692 78367 75477 61099 
1302 20
59592 80925 70175 37395 33320 30149 87842 10070 11106 80549 36161 78333 64725 77959 52201 60380 10683 80169 86249 44582 
2664 19
52093 54995 84514 69525 70202 65434 57718 47150 73448 47589 80596 57976 96111 31295 73485 91693 60287 30059 39531 
7819 20
47416 71839 45905 88097 42215 89224 58796 8183 21414 86747 20549 60221 53006 39170 32704 86604 1367 37514 58040 85469 
1668 19
80410 44718 9362 36335 24030 55783 58743 88494 67446 45921 46296 40392 71723 97548 21420 77215 17657 54122 77181 
7096 13
14081 74848 51471 3912 7263 56709 98137 59961 70558 21657 37822 74167 11788 
2735 15
45653 20702 86311 62647 19599 81584 57145 10008 91449 12935 45049 46617 70377 72526 6367 
7841 19
53855 51679 13603 47100 18316 24318 59880 91832 29602 29245 38953 73346 48987 34294 17413 32406 72893 40280 92195 
6979 19
89839 41474 32591 40294 57859 71799 71246 93347 41412 21211 30325 25493 15498 8991 43631 3425 18600 22906 76206 
6644 20
89990 62465 5281 47332 52990 87633 79918 60249 35676 34217 91504 2164 10816 32722 59710 43182 39066 67532 73905 34688 
3692 19
71974 82410 79850 84675 19130 73131 90684 47666 32145 95765 98199 74905 10590 32337 74701 33892 75346 54316 27122 
9985 18
5474 86708 18118 352 81477 35989 4521 95315 46976 43277 39791 57997 13262 94829 27065 44342 31641 71651 
7882 19
54913 74373 96887 20779 19528 28478 31968 41924 59705 89172 9650 52830 13054 35166 14164 75740 26343 16120 70924 
6241 17
40462 36531 25240 54471 21600 74814 40351 66575 48146 12416 61451 13562 66639 98014 31889 86442 88617 
7997 19
8970 94423 81732 89577 65034 42436 85999 3937 77841 23304 2025 41178 92799 34090 15395 91856 39183 40197 50559 
7621 9
49166 74425 18660 33046 14524 3490 20930 31520 54070 
6416 19
92349 45119 10158 52550 57172 15413 5425 10699 20964 99308 16620 31915 66830 95684 56390 81253 47968 90005 74318 
5871 20
20509 97376 60195 91276 52472 74943 59699 35879 89828 81484 37162 73504 281 86954 585 37461 25723 71203 49451 24136 
7791 18
23942 27113 54133 35109 83007 41427 75810 87331 49959 81321 87958 48237 26638 84014 32187 91641 81874 93181 
5171 20
16578 35832 10543 49129 52278 83485 98516 58294 59834 71222 53013 31258 22050 72825 72316 8111 32968 57161 30835 80163 
3074 18
26264 82820 72959 88267 81360 1016 32454 92498 28384 88537 21746 15175 24574 40967 63173 61306 61127 75486 
9092 13
27133 70866 56179 39395 52279 14736 59636 33002 43902 83350 4727 61446 50047 
6649 14
67883 48012 75611 88186 40576 59565 25729 80064 43069 24533 33631 31603 89480 18523 
5931 14
49252 96836 99511 9728 40080 44063 27522 96216 25042 49678 65322 45909 33896 17093 
3245 13
16918 34803 16529 13640 17762 59501 25424 44312 92454 53768 23154 38197 12848 
3084 20
36070 18740 37683 3579 23219 31962 90207 53538 47755 53992 60630 75162 22654 67364 63057 89271 79261 66140 33349 28830 
3708 19
42834 52573 91748 83868 41962 57344 26006 91434 9115 79985 62570 80897 70739 68448 20149 90844 70782 34595 58657 
6160 17
42223 6857 58977 95690 77372 37344 92697 91220 97478 74843 93960 49224 2481 45193 36114 15317 49541 
8389 11
96309 8615 3934 8833 35330 27500 71434 65085 19541 70538 36702 
6388 10
25759 33785 14052 57679 70658 78503 27325 21305 35798 6068 
6698 20
52944 76220 93865 48694 89391 78589 29418 14519 16542 70031 61763 48976 48503 90165 20552 78901 78305 78708 49808 57357 
2595 20
68600 24051 74434 65394 6211 14294 53077 47277 7402 43589 89403 20237 37988 99774 85163 21527 32210 58789 56102 4574 
4758 20
41803 61417 26076 4552 94218 63986 71749 2686 74497 91216 47525 54287 2051 37923 92408 33654 24709 23928 99010 84347 
3454 19
61351 98346 52330 32422 4898 19304 7321 79703 31384 65309 65984 65362 84783 19732 34871 9148 65778 55062 68136 
1750 19
18814 80077 97517 91723 91749 62902 74833 84480 70715 28733 68603 68908 10305 11023 7149 41618 54370 3419 44587 
7736 16
90159 29918 56439 99773 94907 51154 69643 7897 77480 63164 85917 1616 32385 13898 17270 16771 
3740 19
81339 77835 63558 58495 96736 46351 16097 27039 89604 66815 58097 54151 40681 68795 37086 28429 70126 74579 70845 
5724 19
83428 63547 24578 72830 21401 8025 43701 12844 3319 16663 13122 89956 53478 4331 91251 9003 93722 19536 64761 
6550 19
94970 97138 10051 35700 31067 49892 65313 11530 97857 7958 93066 63103 12759 33058 80912 57286 85050 57527 16395 
5530 18
59366 81846 95967 94165 8809 70492 6221 3036 51062 71384 15173 59019 78721 36305 76723 81028 19170 38569 
5238 20
66727 84530 71719 59851 53017 82245 95925 29800 38466 58281 44578 78150 5168 6188 21785 29597 77122 43640 6658 43619 
9701 20
65966 27268 25174 1525 1052 8094 31395 15781 2818 68342 91110 62016 51074 83698 72243 31118 8182 15834 82937 86794 
427 11
40282 97772 44066 77837 50193 75089 99282 98000 92463 77656 43303 
7374 11
70232 48047 10934 2415 6900 78046 64289 57807 14252 19773 73362 
7974 12
59320 26314 27448 26355 45484 36882 76647 20571 74034 46166 46572 88310 
3823 19
90140 98714 3479 58710 29672 91973 70058 80512 86559 7086 12044 69596 52166 27617 10313 61617 43707 26853 67276 
1541 12
79029 50924 78308 29962 34350 86216 33129 52855 36213 78420 66921 11071 
1045 20
17105 25087 20595 95978 77344 63622 90560 21886 41485 54028 20566 44114 43439 87873 56316 91949 29992 39892 38313 49560 
7582 20
37525 88057 33158 82778 1809 91952 74381 20934 48702 16226 47879 71537 84906 57028 62470 21340 29878 47593 69696 77684 
9636 18
66300 13836 94382 22875 97065 45399 81091 8473 11817 26596 14039 3261 52435 85429 7273 4076 27211 77358 
627 20
74570 6016 49106 41993 94802 39432 20137 76493 13907 46427 61874 92874 60226 60962 18989 17668 47618 75802 52170 38799 
6976 19
81336 89056 92586 97336 11231 2163 56081 92699 97119 69510 89120 74902 32712 66507 34239 60936 80822 64849 33516 
5565 19
4315 56005 51182 79310 77462 5639 91866 72878 48934 68023 95217 14332 3209 64592 29798 66873 70688 39586 70730 
4630 19
91356 7100 57171 43959 69243 368 84719 84525 66660 28823 79817 7177 82768 29479 48216 47610 72945 54033 67946 
8773 11
75291 17779 56192 85276 13380 57468 89908 36647 40334 5104 33557 
765 19
32747 38161 75930 60530 94373 56285 43247 9582 88755 55065 98221 61130 11814 77002 3914 5981 75525 55569 14281 
7041 20
30200 32666 33019 54500 38182 68331 69738 90387 85202 30254 9305 43836 58558 93202 79212 62595 82351 53930 51591 42009 
3285 13
12234 58183 2220 88608 21557 55959 96752 54963 9018 2508 8692 39250 27301 
8839 19
73517 93992 13780 11548 81713 62467 17418 61444 25692 80409 4964 15830 66404 30601 79479 48420 24954 25978 76776 
5498 20
16055 32421 18596 90750 64137 37239 7012 69515 91118 68332 82501 49611 41495 81710 80265 67497 59315 49936 73984 73460 
4618 16
5242 12430 78103 62124 44069 49356 18713 73190 39285 56330 63734 86718 97876 74901 99623 95468 
7603 10
66589 44344 26472 31061 6050 51735 44702 50416 65895 46318 
6620 20
78397 34407 82787 68616 28426 58252 67639 11610 57799 88319 73468 9849 20893 43459 30693 36538 46322 62730 74278 22378 
8728 19
71936 35203 33260 69082 65433 50050 87702 32405 56671 10134 74374 73194 74978 35881 72584 47730 18116 81479 15654 
9291 19
61965 90997 18754 49163 67203 31620 98661 55315 21108 85620 77294 70367 28135 26874 18872 43178 28222 6043 66701 
2010 19
53596 11683 14559 19512 91829 62004 89941 3025 35289 26855 84423 51143 97036 63265 22144 29637 89211 12128 7615 
349 20
83215 64201 17897 92378 49971 45706 10212 55168 56492 71808 20469 87536 18167 97265 39545 93253 59352 73350 99807 34171 
7908 18
44321 44520 30794 46472 34104 76460 49429 25304 34323 59497 44876 98041 50020 27706 60343 28502 51800 97239 
1049 19
9900 3703 85078 54415 96767 42964 6246 52415 37155 97751 8378 96474 66147 75843 95406 18847 58459 77276 60680 
136 19
59229 89139 44802 13761 40032 91654 56992 80739 30890 62274 77442 58009 96918 71630 26421 98607 43787 13762 82340 
3622 20
17987 75569 4741 17060 24612 1945 95080 22725 73330 90636 57909 84960 44900 89331 42567 76681 66237 80674 11707 12239 
6357 16
8226 40896 79763 10379 65328 94390 46143 70039 38821 17645 8739 27365 76973 6833 590 32768 
7312 18
50617 49967 44421 62565 24747 12490 47154 61924 94242 12197 88202 28791 58254 39265 61897 27440 23031 18369 
1453 19
17714 25123 54983 15385 28208 24651 38811 66733 39332 49749 74243 1339 59341 61255 12015 70749 68226 51412 22832 
9829 16
56041 83501 86822 88487 77453 20136 3990 21391 97558 32779 67231 1070 11205 47315 51779 70861 
7512 20
26310 13473 74 35094 60390 32530 8122 90572 88722 64121 25400 64757 45226 2705 76456 50060 76140 50160 93792 63912 
88 19
92257 9925 71517 64710 83567 26920 13921 16584 30039 87879 95943 28074 15842 42841 8235 85299 83687 16004 96717 
7420 14
7513 98194 99750 37638 88951 67796 44672 10652 87665 461 94842 40323 51974 85221 
3788 19
5704 20309 54384 94356 98751 89413 67305 54710 91594 18810 99265 20704 45294 89924 4613 26619 94641 79613 35027 
2830 18
73779 43765 27169 2816 85802 50999 24754 93477 11521 81508 66058 69904 17347 2023 22923 62515 3571 65030 
1351 10
89302 21165 31055 36187 28930 19843 91501 59813 2942 36129 
3980 13
65633 52618 20536 33290 63221 16083 52707 39605 79614 36523 88792 68260 52905 
9774 19
25109 80411 76717 371 40227 25862 32812 83016 41094 36765 22042 11415 12156 79538 71644 66156 75372 1554 9780 
1743 19
65475 29366 24269 20821 94296 50750 23004 11480 12591 89597 50948 87627 76602 9692 68503 34912 12481 80002 24247 
4603 20
38570 53103 85362 90198 12822 57107 43224 76789 60882 22930 89306 53922 18290 91002 42383 32308 68173 27168 45323 50968 
8531 20
36364 65222 18210 51681 98543 47191 81979 29678 64312 76901 52444 87376 36051 95539 179 1931 63130 30210 45256 31881 
5550 18
58514 50544 11741 1654 48580 82752 14204 44942 62560 26075 95358 5669 45040 41301 9351 22466 43236 42494 
9294 18
42080 72711 16973 96726 23597 97076 42870 89243 7009 57516 37909 747 37479 48181 54341 59429 33522 57295 
8022 16
65212 67839 71972 10528 46178 75087 12906 27499 87756 79845 34877 55956 27204 65478 14467 45980 
7008 19
71452 85954 39203 7918 24046 50291 71077 29874 96913 67708 37594 84644 75031 85135 45728 87201 16898 92654 45588 
9487 19
24335 64606 42850 62805 32525 98040 76083 26750 6038 75819 54543 30970 32950 2958 75389 35812 72923 9282 52169 
3553 10
50288 34662 85269 64438 77845 10148 5665 17902 18201 56077 
9186 18
18182 81937 20596 15383 40218 50766 181 52864 27093 33868 13202 20233 97965 66193 63454 71922 215 65358 
2200 11
65165 88829 99833 71186 85916 15714 48075 57766 20587 46567 9436 
6966 13
5047 31074 7993 38473 39549 94353 15390 19073 60597 16670 60828 910 90600 
8237 17
75314 85052 88331 83759 92923 21154 89477 57359 1524 75656 61918 80173 21971 25620 14392 57990 96933 
832 18
86392 29746 98497 26078 76482 42719 3870 4567 54441 4118 53142 17213 12923 1489 44419 85275 75680 29059 
1837 12
79067 2182 58933 22011 50062 64078 22854 69763 42532 18140 72581 26236 
4871 19
920 12492 79041 29616 52743 42134 10014 2030 11543 55914 58146 68337 17652 50357 83073 18945 98377 66996 72701 
2868 17
97267 93229 13782 28241 26426 62894 50956 14901 82584 77889 13959 58064 64559 74618 68021 16062 97707 
5914 10
24999 83616 14987 83888 94370 49877 98601 72362 6760 56048 
303 12
50122 5342 68286 97510 46958 3552 19466 40518 927 31423 84093 65453 
1529 18
4901 41270 38199 87482 34145 42523 79966 77662 51543 65288 25606 6554 87517 41228 41879 12962 9994 53440 
3954 19
19488 82309 60846 65040 65492 41916 94482 73802 89107 34879 72792 29964 43546 5135 26948 53931 90743 73483 41484 
3915 14
63550 67403 72951 30953 98284 74117 45917 59016 60639 98747 55918 27006 74855 83261 
4138 18
7028 92204 17444 74424 68663 55497 97831 57207 16048 41421 45495 34073 96595 37046 67693 59332 57000 6958 
2970 14
60103 87877 4969 22801 57861 27703 32703 1170 32716 35593 23601 5194 2047 57843 
8261 11
69785 52714 4281 1120 14258 4423 78430 93877 36050 13211 52458 
9633 16
93360 30444 18561 80346 92225 34777 56849 71935 23837 61279 3389 85855 90869 32380 60893 65790 
857 20
59832 39757 38267 13871 60684 80225 81804 38945 25445 90291 93507 21563 59024 14388 81420 44310 96102 2797 2681 62602 
5537 18
5845 19500 11241 12098 6531 87772 70136 19373 72118 25989 49850 74379 8392 31487 61039 41961 96971 66420 
4284 18
20698 72299 37144 79590 23103 39219 74488 33387 94524 79501 99442 4492 84059 55489 91306 76024 95026 40266 
6052 19
71377 59719 86695 22969 62669 99491 76330 36341 3331 24375 5883 99053 67459 9656 74874 30297 83927 1202 47360 
9807 19
70357 75046 28046 11262 70931 17926 56356 50486 21311 2996 17472 54826 11704 7706 59896 88376 21997 70097 35041 
185 17
23886 42303 31531 34603 20578 8286 54999 66884 23743 92716 8393 59268 22544 23847 68514 1563 25879 
8953 11
14383 51770 35048 70500 16425 25590 64274 60693 86893 17993 64264 
6751 11
12447 92329 53100 53945 6353 9499 3186 84948 97696 57764 46146 
61 13
26401 83635 10448 30734 22628 26630 270 91850 4280 78493 81777 99911 74641 
1485 19
50290 45290 63188 17274 91393 47028 68523 1268 74662 18868 76026 20796 22952 56084 4679 33775 9283 87854 55995 
2954 14
70287 43645 99236 6962 54611 77838 40455 50849 8866 18793 16431 15405 91776 60427 
2161 13
85231 60933 8541 77726 35535 42313 79403 33316 54735 11177 27813 90603 29731 
2469 9
60170 1645 27590 87765 57522 9735 44522 67973 87022 
7044 20
68706 5434 32077 19378 7181 1137 3822 35737 95244 31924 97215 80696 74382 64793 90484 31676 2768 40101 47887 28427 
3580 18
54485 15914 26308 68291 74033 43312 88651 94672 7837 33000 12403 58325 29107 47553 93285 84211 24670 22381 
4386 20
55589 76411 81146 63486 27770 25605 55159 51559 8144 74910 53983 20278 58984 1441 41768 41057 51286 70149 2757 50686 
7984 18
44930 27980 6981 57104 7690 38861 57279 91557 40900 78896 88120 97991 96995 83098 98660 59248 60574 56008 
8297 18
30491 48359 80368 72104 80513 91344 92390 26991 43510 35806 63247 34832 15300 72694 2569 87003 62555 44458 
2529 14
82102 58313 74935 87598 6691 92835 14183 67016 57937 32717 46220 59724 62775 77087 
788 19
71733 9191 7475 37079 86221 39540 88573 80778 47995 81437 52063 56596 72963 25815 44452 7660 92758 32579 60624 
7461 15
71691 67333 75232 14775 57470 6449 43512 52921 85828 33883 93578 10928 52605 96070 32557 
2553 9
77650 90128 42035 73659 6312 88672 38815 90329 13629 
1397 17
17529 14265 45733 50055 56640 83582 1422 62582 13136 11232 73566 80506 18788 92248 95221 66665 36689 
4750 19
54443 58125 83605 96351 27589 65542 37091 59189 38488 12153 20032 37214 68822 33987 89323 5762 88763 42356 71773 
4631 19
80045 80217 9577 49982 43970 98260 49649 66446 52408 56132 15196 40434 85608 80023 74390 6866 489 12505 63708 
5299 10
54506 93645 98286 55542 50784 30447 60588 79448 26872 24657 
826 18
14921 67391 33548 53181 58334 93665 6975 31097 22784 47316 92156 93769 55719 67897 37976 97 9190 83850 
7431 18
47840 56813 78548 87510 77423 95171 38561 40587 51785 24824 20654 48338 87278 73926 49009 98460 44971 96441 
5023 19
71227 57179 42712 75447 32205 66078 8667 54788 85676 13803 72850 31201 82184 73933 50887 5825 90649 87136 44869 
8791 16
77912 7524 7772 91907 68515 70762 58323 55805 40812 99958 73654 5851 95022 67079 27407 89708 
704 17
47544 63909 88835 5252 70858 81961 32616 89552 17816 76000 28811 67608 28059 62247 41590 93953 4039 
4650 18
93797 53055 860 56413 84968 88752 74458 95382 55351 97379 75607 89790 16605 68086 69397 73658 43527 12493 
4705 17
37941 9691 19051 51664 92431 71928 26982 33664 24661 95102 66365 29112 15961 28939 58350 46654 27498 
526 14
87714 67485 29292 2504 33586 16110 98157 9200 69570 54307 62761 16735 33981 1491 
6115 18
63877 83165 74708 46716 63246 1292 68866 8724 77082 28690 31377 25374 87223 30659 20120 37543 61183 7852 
7876 12
50518 77693 56876 22740 10082 24019 68890 83809 57316 17956 78454 73681 
2571 19
61811 9829 48545 6138 78656 63698 2357 72476 27805 2390 30729 51132 75167 95472 17496 99777 60640 1822 62721 
9410 18
48049 92563 78789 29003 61568 26707 11902 58482 14410 96269 69921 32279 48809 20877 45386 71931 26729 33503 
1065 19
77947 91882 78289 87160 73016 93966 56400 54970 9015 76483 33295 36080 88148 59899 39346 28543 50281 9836 95946 
9871 14
1601 84703 15552 87836 47617 29061 92079 17117 80393 58231 63085 15113 70576 21955 
1399 19
54174 84895 37143 9121 85152 14498 59639 58834 46915 17428 24787 87364 82535 38609 53040 68936 21927 10558 4123 
4193 12
82470 16068 8596 51587 29869 52011 58278 97482 99564 34675 49397 24403 
6185 19
43886 10957 64503 26521 88182 94908 13777 85140 80553 39140 75533 1550 81670 50605 47875 53631 4259 92901 49168 
1448 14
89811 53233 91418 45379 95566 14370 97191 46160 88725 92889 88507 45990 61385 52876 
122 10
89613 22078 37843 98090 47800 78834 12344 70053 13385 55902 
3736 19
72670 6281 59249 43138 14771 70435 97822 51572 74801 19745 93054 5459 56531 72466 58935 28944 33953 65376 61218 
9562 10
90086 17388 24074 78801 6065 43028 73374 54582 66324 82933 
8122 10
93479 98957 6121 22757 55650 93036 99042 62802 53274 70857 
8473 18
4403 20100 83805 33746 50900 41836 54599 11557 85794 53910 25724 56569 75360 55368 85399 74788 50273 65237 
4966 18
96453 29952 60444 2013 31906 30216 50602 3316 42135 59714 85470 40301 95349 63228 71214 40774 97987 93024 
9927 12
15046 62049 62499 74206 79480 25242 30544 6861 6495 87095 75180 79254 
4598 19
44195 9943 54494 6383 35966 42170 61070 72703 60502 35350 13602 69713 52061 60489 4215 88937 13807 66362 71600 
2079 20
81842 82091 18985 87837 87813 3333 10174 9323 47464 49627 13037 60294 65350 96654 24382 58472 72866 87657 49369 22275 
5771 18
86501 33122 1209 28069 24242 99914 72219 64988 59863 66534 3612 93974 75809 79899 54432 93188 49265 61655 
2086 9
71240 64126 8855 22534 69080 50175 77395 10909 21483 
2943 19
89074 42824 10040 34734 14627 36728 35038 19155 56395 38998 11954 4916 61497 68429 56722 68857 48077 8051 90985 
429 18
50240 98693 9338 12563 74800 4563 69309 52052 90776 16011 34658 65576 97297 7651 74594 94069 22388 46763 
9713 19
60065 19566 25139 23881 68845 78852 16817 95474 2191 67220 80613 54868 30492 6232 48285 91090 11934 62078 27696 
5878 19
24235 69799 76678 98054 26382 66952 54676 31596 99054 40835 77185 59590 44649 74694 560 37761 84287 3227 9243 
8969 17
69672 4302 21451 46138 77044 66073 17998 32241 81980 28677 35926 88480 11054 34427 25072 75262 92425 
3248 16
11308 42666 21240 84944 39905 30894 61461 48751 75845 78913 49707 60365 8989 43382 75099 40135 
8795 18
47816 36151 89427 30617 31898 51607 7588 75616 72714 7515 35653 81608 33606 24629 34827 20115 11887 19282 
4520 18
48796 79775 61397 25797 47531 19687 51566 29615 39510 3717 84134 86613 68593 46594 72638 5239 5038 36052 
699 19
23773 32827 7888 92304 82912 63799 94146 54313 28292 89322 74873 49052 67302 2040 21691 48721 57289 34845 56321 
8572 17
5616 12537 23157 22464 61981 91093 93536 11908 88489 82427 99978 29877 64529 54514 35534 53430 83108 
2610 19
1382 65479 61304 49113 77032 39325 48043 89240 66708 4174 7820 74761 25060 53356 30494 52297 10458 48745 71113 
8177 18
86465 62193 37076 27778 18057 61129 12332 34772 72882 12082 15824 87722 47292 19949 68303 41349 30779 42461 
9260 18
14984 61835 53201 62750 19858 16003 37030 7110 50276 44093 88279 34717 25254 3737 37728 43062 83014 80160 
8759 19
16022 62324 82684 36112 8005 87562 500 99128 95389 82995 59325 61957 61649 31443 73987 49661 27489 9231 40249 
6311 10
27773 7148 46479 38003 84545 64873 25522 31774 71354 32713 
6253 18
51545 43682 10342 66108 98355 77863 34810 71436 81202 51490 43797 83025 25956 9713 56995 98882 51496 96307 
6522 18
91042 7268 41959 25184 15542 24622 39169 36097 16813 84177 15811 50071 20421 27841 69031 81943 90661 90521 
820 19
17999 52153 81969 83119 30251 60338 20672 8452 54419 97361 27479 88971 82097 26664 9376 44633 86250 44370 66360 
6025 16
15234 6027 69963 10318 83520 30227 22909 95640 55115 73040 7756 60996 79770 57798 32999 22120 
5100 16
70299 3203 75251 90513 32501 81289 3095 8513 96189 3664 63229 57302 46790 65914 736 88881 
9421 18
46482 45779 99889 9220 63456 86837 58262 91362 83448 2690 92428 24786 56960 38279 33784 50109 50353 95997 
9128 12
20291 77778 6199 22056 76510 59735 41170 48531 90595 43449 88368 66290 
9418 19
91655 20980 69177 26456 78381 62226 43477 76325 73199 92734 67217 39933 74813 38012 90469 23166 6337 94844 31984 
465 17
32334 36875 4418 11588 22169 666 54490 30843 39961 82793 1139 5493 48125 57715 27856 31246 43614 
5348 17
2519 30289 22038 37958 21795 27669 16521 30371 60666 44592 63951 6144 42335 75228 92159 70428 9820 
7484 20
30428 6999 499 97413 33899 74915 24604 1233 33011 62288 51693 35042 94567 31262 83090 68859 13048 89053 80159 27513 
218 17
7132 32818 67838 15960 52929 54246 53609 97613 27175 37074 19801 18636 69023 88327 32885 17283 88732 
5922 10
76302 70321 16505 92908 75144 67479 49107 6071 73061 20615 
8973 18
76599 52515 8089 94822 80592 18526 32010 72550 35726 20203 75414 42555 6258 65888 82094 3804 16911 103 
4241 18
65406 22983 57750 63342 28901 80956 62174 87208 32512 39604 94093 64581 69432 23074 72229 5812 16678 66206 
9053 16
40703 71014 5886 1638 87880 16455 62941 99762 85879 60614 5280 47051 76721 21702 55265 22199 
5075 19
89739 638 71612 70278 32000 78804 84717 84096 15737 61730 96725 67759 19314 94708 64700 93072 13816 98129 76774 
363 17
31948 37433 16716 11267 97712 78075 97688 96606 42838 90068 53736 82794 53122 65294 33729 40487 66598 
7200 17
1184 80008 90020 34328 35730 25642 88757 63670 86389 47752 2018 39610 28073 9213 65357 84195 88251 
220 18
80199 58268 37332 69313 53737 15813 42679 16920 19587 51537 813 17440 92984 90127 48577 79410 27476 33342 
8758 17
13373 66675 45583 57507 17985 77120 18403 74958 51760 95727 5445 88026 60299 49244 24925 68057 36492 
9553 20
86467 60561 22616 44997 10375 33033 42722 21529 87340 15090 73449 95899 66104 22578 84565 78814 64309 81772 45017 323 
1004 12
87426 7509 2399 71234 62479 24346 19231 71759 40950 77426 99535 70011 
8391 17
30772 53929 7061 63384 3636 85727 48123 92858 61249 89204 47392 43078 69383 33601 8085 78938 83387 
8260 13
8391 43255 81941 63560 47005 35133 92119 2337 83122 75316 3518 59725 87805 
5037 9
50488 98209 33357 94088 85819 57049 21942 51738 14221 
7363 9
40816 91931 47600 15437 30267 41293 16559 2912 80638 
3755 17
28997 36632 89399 37715 93679 54060 89386 66021 69000 1719 86288 93419 98204 63749 6167 79379 84772 
2863 9
58684 99870 11046 70638 855 51663 30562 19056 72313 
3988 12
95381 65197 21447 92530 11618 36117 16080 42646 47779 70163 30760 29561 
9888 15
12358 11607 6384 19900 39307 22021 38227 52810 85297 32783 68606 29457 52937 87413 54268 
1663 20
90692 19574 89871 40011 74074 21139 38622 42476 6592 69375 5536 22111 52248 92401 60493 84923 25155 22624 95263 64107 
1161 10
41509 24904 17614 57095 50715 45754 83258 35684 47289 6615 
8896 15
57153 96932 9647 69415 38522 97426 32486 95375 82346 80737 45229 64989 76707 48716 83277 
6506 19
24116 30919 18166 63696 14102 88699 87712 38531 50555 36989 7474 29415 15720 28152 77282 33649 72108 3310 83010 
1537 19
83836 48693 12074 77438 74527 42729 97801 10681 61374 87307 33275 37321 69114 17099 72268 54007 2729 6451 86409 
3379 20
26928 59275 49574 24050 39822 42082 86589 12270 84328 28652 39501 9205 27275 79397 50098 55511 98941 46467 94541 82652 
7021 16
8126 69638 66024 19902 71524 34954 71094 39880 15673 84776 65056 14586 93967 58903 78444 86633 
9582 18
80930 79771 91380 49047 84645 18295 65333 72460 62732 76051 38096 57117 75325 82593 26027 72058 68781 25539 
703 17
86055 73064 49338 23091 66951 89033 56745 36614 70286 79756 49317 45427 10282 39014 97238 73048 75982 
2349 18
24419 62182 80646 2522 82078 96688 56039 33724 66289 10765 42943 35580 36751 61782 60156 88663 42535 287 
2452 13
24315 44147 56134 69153 90870 27603 61212 4839 504 23093 14061 71564 65541 
2488 18
11578 49318 86957 39217 43431 11151 21214 90606 79222 98685 58967 99091 57234 34329 10424 67063 91644 83667 
1303 11
10712 38393 86784 16140 62938 57796 68932 81411 61669 69822 81156 
3014 16
57019 21109 54483 27916 86881 91906 25970 94200 23979 39917 7027 68530 29300 54773 79111 50474 
5789 16
54566 87405 50132 13429 62416 347 78124 69491 15119 16737 31614 89758 61402 34964 5401 97026 
2953 18
16549 22626 5542 1125 33749 65556 86686 59967 52164 90514 90341 32942 39674 16562 31856 40676 26084 15777 
5857 16
6504 40680 22716 72811 85184 94779 99699 7444 67607 86694 44471 65193 25390 58643 76320 32808 
9621 11
24495 55975 85358 84171 30834 18254 94350 1056 60096 76835 23291 
5604 19
88745 9206 98615 83808 9978 26363 26512 3229 21085 83291 89538 19539 63689 63423 74267 60539 98019 95456 75707 
8505 19
51950 91543 75626 82264 70781 63958 99498 40259 80284 10869 86182 35399 62215 4848 44883 68405 68816 53693 64527 
5030 20
36814 35724 8186 66633 1763 82133 53718 90423 10444 57136 30735 36144 52071 42899 99897 98456 19728 44278 63887 43874 
2394 17
47576 34607 94214 40639 96142 36757 83514 1998 25967 95029 73569 6758 20575 12871 36193 9796 29201 
8521 19
64176 83416 49863 86004 86374 5922 3523 9525 52981 14317 66555 55003 92700 98065 53094 75115 6293 94592 72412 
4178 18
47125 91807 32197 74890 25652 49630 69147 66912 35827 34756 42297 28486 66613 27491 25170 33825 30797 4458 
7075 16
99835 92121 86304 80133 37195 2387 27107 91201 71055 29624 88983 17920 52111 92755 69741 753 
4325 18
13773 3528 81383 59201 30537 2868 33472 77608 86736 19754 18785 41696 79061 54428 87479 83624 93914 38781 
3418 15
19757 8222 92780 21134 78891 98243 4314 39322 12207 65342 67750 37794 96870 28143 48325 
7839 18
53652 80364 56161 24635 33866 99122 60653 74508 94038 16484 25222 33645 66130 4628 13704 25682 99997 67734 
6980 18
53205 55463 46236 96257 95986 5817 40284 5705 37419 57681 25220 52865 92148 18909 10247 86902 345 57447 
1425 11
68541 41816 74273 90989 24556 55771 82434 44715 74693 71125 61665 
3407 18
13860 10902 76951 62572 69065 1747 8722 83592 15630 49376 32395 56627 44095 85147 98202 23169 79535 48469 
9795 19
82816 40005 63213 20885 76529 6194 21612 27957 51869 21198 43506 66744 91990 41804 76716 34002 47305 20434 65418 
1731 18
95703 43551 49365 58646 62603 9773 68097 88863 6756 26239 26296 40693 4499 84056 44982 76857 2408 19645 
9013 19
64716 79910 88859 28809 63012 56101 23750 45327 41657 52400 75957 97195 33431 73728 46927 56551 49605 47364 92583 
331 11
34906 94510 47707 83317 41911 88920 72482 65986 48651 261 96667 
1393 19
91630 11625 37879 86635 38207 30660 87443 75195 10233 47070 38952 98298 61145 22411 13523 91475 926 59488 25053 
6967 19
71350 51441 56908 45487 87809 13001 96957 11438 44461 65665 27747 28644 94791 61528 33184 520 12804 67227 87661 
7042 19
60582 42074 72464 37687 49221 64879 38712 77640 24343 10231 94727 18110 79123 87349 18938 1911 92896 27467 69648 
907 10
36274 22820 38694 74734 47831 65891 45218 94303 65743 41567 
7088 19
94375 8412 27637 75544 27839 21222 24928 67545 57061 8631 29514 10166 58188 85703 4075 97301 45307 42986 23859 
917 8
97211 85545 29121 99771 3449 59516 33126 60729 
5337 18
35646 73977 34927 64465 76649 89116 672 64741 78638 44852 25542 89207 91595 62762 39789 85424 83241 24497 
379 16
60701 50125 83468 49135 86948 97853 93399 40299 32075 6458 48493 39454 72588 64684 47267 97232 
8587 18
67325 4685 62910 56007 61696 64378 35465 37892 89433 96446 44756 2274 32612 61852 79082 47251 75555 39498 
9360 20
24107 21817 50690 10309 87026 56144 78325 80313 5046 30705 90434 65510 73221 34983 24559 82589 8808 53414 61639 79495 
9926 17
88696 93284 90990 60362 71798 78372 83446 47992 61502 56215 85636 31119 84581 28125 81947 96756 51440 
2075 17
24782 49072 84055 68423 92693 1448 18433 18122 39879 70852 50393 41424 99139 69430 39111 4859 38228 
7094 15
64048 1428 77473 84941 51750 59037 31213 64642 24734 23434 75526 21472 96503 1162 93398 
8397 17
31210 9817 49023 94061 51866 1354 44684 1579 61890 11572 97489 72996 60563 93644 31618 65404 11403 
6049 18
16636 20528 81000 96610 13056 11303 16929 20985 97747 7587 79912 95820 56957 83019 64596 75226 83557 41202 
6869 14
24193 12085 72795 46228 58065 91635 30883 6500 34035 62804 78038 72901 97514 96184 
9610 14
26024 15889 72458 10310 73708 51124 99410 7226 82028 46899 81281 94445 8256 61799 
7718 14
56013 45232 27298 95154 43357 78201 87371 40897 35277 81664 60359 60428 38221 62446 
1346 15
42378 97188 82825 78001 30730 75123 21815 9189 59305 99317 45442 54945 71997 5420 68177 
8124 17
24203 91445 60124 17381 43674 16017 73964 63901 96909 47515 64953 77569 74777 9262 42355 69653 93906 
1766 18
67168 24458 81273 52409 79777 72289 74387 61094 77826 69757 50775 13224 75892 6660 93776 75696 12421 554 
2044 19
29958 39554 69029 71861 27066 89068 25945 63471 64546 92294 79761 7230 69976 90947 34336 2766 73699 63723 84863 
8677 19
59762 61954 69066 98603 36527 63444 84362 95939 27075 87787 86212 5765 75934 11813 57476 65537 70719 55736 54100 
4058 13
46516 84900 55020 29557 53443 46267 56871 62267 7826 17426 7336 50042 27207 
2346 11
90784 3616 22001 38852 62638 23022 5214 75265 33916 90132 2355 
4717 18
56201 65413 2654 29078 36568 51880 86264 68665 67252 43891 61195 61563 81351 28190 26828 49956 12998 79767 
7308 16
10896 21713 75913 48460 67249 11678 56598 78871 24598 24479 38808 97823 29482 31752 54440 40867 
6213 18
63457 77424 10865 13393 29136 94635 72552 46054 82724 63817 51875 9811 64840 29045 32725 58212 40932 82901 
5915 17
60564 55004 12146 96978 3330 28758 89067 91768 77948 54526 87786 76915 92867 70989 25351 39663 30505 
3955 16
87897 21941 21980 96437 76480 13169 6022 48803 88248 62354 77965 63838 9607 38251 20670 48400 
6779 16
96152 42236 97360 81514 80698 32041 23458 17379 64219 28854 55496 41851 47812 2282 64426 24773 
9413 17
78612 127 9212 87152 21171 77867 56866 41002 70530 98988 49797 49055 37757 8928 41591 43304 77804 
7457 14
71296 40642 2258 63853 60565 8998 21969 50938 70527 37615 66811 98792 78320 59782 
1418 19
36158 56241 48647 41546 70987 26719 76551 80455 90864 45974 37168 40677 20226 76713 5959 49730 16675 56066 84881 
1394 17
2359 1096 81438 88850 66090 54932 77041 94512 15018 15424 31292 5295 39712 62801 15102 24054 63950 
7148 10
8543 13913 3013 4474 15901 71260 48396 50825 51731 52590 
1945 17
31730 30273 18607 75938 23955 67396 51686 74245 2983 6908 86138 40815 93490 48513 15608 19506 48282 
1349 19
28366 22375 94002 45850 11511 19353 74174 82237 75381 17539 56202 42110 32056 50069 8164 86640 63894 44508 75694 
6588 20
60125 88210 19537 75995 48982 50826 49067 50809 7618 42352 66794 98341 1988 82960 38766 2159 75758 47631 37636 36766 
6805 19
8175 5852 63182 87313 12103 12320 4740 21120 83178 49444 72651 83935 6252 7080 96088 51279 85071 20240 59020 
9542 19
1343 2475 73073 99532 72097 24731 32738 21298 19243 49944 56587 27284 70893 8304 4220 46397 1617 30699 13310 
1154 20
76263 89411 4517 21593 94666 38244 68390 82830 33886 87964 22384 93107 44725 33249 28816 45281 78403 13341 36558 10939 
5339 18
74857 8649 63380 97317 93773 72427 57668 56296 82022 11166 58639 40789 57166 68007 42866 21895 58878 12125 
7281 16
53518 35664 83800 8971 20628 33026 12771 39968 88047 87511 27077 15340 74003 3009 92440 26693 
