814
7819 20
47416 71839 45905 88097 42215 89224 58796 8183 21414 86747 20549 60221 53006 39170 32704 86604 1367 37514 58040 85469 
7358 20
8226 6016 41726 81897 46729 65508 65619 36550 63957 45114 59605 34271 81543 47834 46203 30585 67570 34122 51487 88944 
7191 14
5609 45325 55252 33140 35312 19977 60405 86154 39828 84098 12118 20961 55622 97099 
349 20
83215 64201 17897 92378 49971 45706 10212 55168 56492 71808 20469 87536 18167 97265 39545 93253 59352 73350 99807 34171 
2942 15
98932 81564 73004 90045 69898 19722 39100 23015 82493 25245 86813 6497 62440 54930 5417 
2075 19
24782 49072 84055 68423 92693 1448 18433 18122 39879 70852 86288 50393 41424 87118 99139 69430 39111 4859 38228 
650 14
88226 4701 26135 68353 59551 78483 50898 68345 60100 18275 44740 61008 33694 78383 
8696 20
35619 45104 44776 86267 17085 89554 3876 87902 38304 24855 77630 82092 78115 2284 82577 94634 66416 42488 5076 65791 
3953 18
5704 78057 66720 51407 54495 88667 95826 11603 32155 95955 64015 64680 38261 15550 80813 28280 19290 8169 
5724 19
83428 63547 24578 72830 21401 8025 43701 12844 3319 16663 13122 89956 53478 4331 91251 9003 93722 19536 64761 
1561 18
30326 71237 38789 92091 25619 18027 58267 92126 9880 16710 37006 87458 53032 16984 90433 5669 37612 27889 
6754 12
48874 16462 73946 69574 57188 6136 64971 54195 47046 9716 60674 38055 
3794 11
61049 77809 73939 2033 59590 20429 67482 64506 75484 90603 9590 
6871 20
40071 599 47629 87851 67662 31515 12282 59306 42836 75548 36149 80127 74615 74736 16615 59246 66013 21581 39044 13601 
1653 18
37098 38343 94606 23427 57035 29400 96842 94978 91818 93600 28095 28629 53375 28621 32573 13447 98634 85842 
9829 19
56041 83501 86822 88487 64120 77453 20136 75869 3990 47730 21391 97558 32779 67231 1070 11205 47315 51779 70861 
627 19
74570 49106 41993 94802 39432 20137 76493 13907 46427 61874 92874 60226 60962 18989 17668 47618 75802 52170 38799 
8384 20
29310 76168 27699 71023 90223 79781 84313 24067 67329 15212 84933 67804 45614 54344 4986 37923 69826 34713 81966 89482 
2269 20
13151 68373 36013 77141 83406 54550 7341 37632 27432 25367 24443 96431 16400 77337 54049 48995 21349 79711 60244 96225 
1800 10
62554 51532 24025 29997 39404 31341 97417 88329 37546 81760 
6253 19
51545 43682 10342 66108 98355 77863 34810 71436 81202 51490 43797 83025 25956 9713 56995 98882 51496 1822 96307 
414 20
58203 57632 134 4391 35170 30257 13209 3857 11876 12491 43849 47195 82540 55000 67594 72431 98692 78367 75477 61099 
5523 19
74547 82572 20012 37009 89131 33580 80571 36834 40020 44354 48363 65454 67081 31078 64293 17531 95018 31675 18711 
8178 9
9401 81080 40436 45833 4923 53621 50605 50677 96730 
2923 15
9779 64384 54171 49587 3340 19756 20732 51640 17764 89943 87908 78873 84721 87323 9340 
2097 17
71974 13950 4479 36914 56512 59220 12344 99396 58614 95184 70408 55915 30639 19472 72902 35119 84576 
7075 18
26973 99835 92121 86304 80133 37195 2387 66289 27107 91201 71055 29624 88983 17920 52111 92755 69741 753 
3050 15
7507 17096 20053 89911 80440 31709 57053 55851 41617 50044 77035 63291 69020 14042 20139 
4871 20
920 12492 79041 29616 52743 42134 10014 2030 11543 55914 58146 68337 17652 50357 83073 18945 98377 17164 66996 72701 
8149 10
16863 79950 87508 71560 59349 39297 11281 46288 42728 88199 
4062 18
68245 77929 52479 39741 21119 47885 97121 42726 91315 58764 79939 89110 95844 27425 39226 63174 16646 5709 
4177 16
7032 6626 76985 62027 7074 53773 83485 4981 92357 55037 9436 7999 46104 29695 96601 46241 
6416 19
92349 45119 10158 52550 57172 15413 5425 10699 20964 99308 16620 31915 66830 95684 56390 81253 47968 90005 74318 
6588 20
60125 88210 19537 75995 48982 50826 49067 50809 7618 42352 66794 98341 1988 82960 38766 2159 75758 47631 37636 36766 
4473 19
42415 4317 53865 73746 26005 6122 81713 50259 71325 49167 23389 43064 18569 91984 51623 80782 50710 62394 77021 
6736 10
24377 2769 17570 7372 41002 62677 33980 88797 97971 63766 
5020 12
72364 56306 61717 28296 24078 84053 23908 97385 71679 34753 70976 11335 
2610 20
1382 65479 61304 49113 77032 39325 48043 89240 66708 4174 7820 74761 25060 53356 30494 52297 11071 10458 48745 71113 
5311 19
88308 47594 27 85283 73422 52285 82953 37385 75001 71301 41168 81510 56186 66267 5980 26765 40337 31674 76763 
9291 20
61965 53569 90997 18754 49163 67203 31620 98661 55315 21108 85620 77294 70367 28135 26874 18872 43178 28222 6043 66701 
8791 19
77912 7524 86695 7772 91907 68515 10195 70762 32205 58323 55805 40812 99958 73654 5851 95022 67079 27407 89708 
6550 19
94970 97138 10051 35700 31067 49892 65313 11530 97857 7958 93066 63103 12759 33058 80912 57286 85050 57527 16395 
2394 19
47576 34607 94214 40639 96142 36757 83514 1998 63799 25967 43263 95029 73569 6758 20575 12871 36193 9796 29201 
1356 20
83283 52190 15920 73445 49706 77787 89796 40507 56979 61543 74453 1718 98328 70779 66975 63860 57786 7850 74656 13975 
5761 19
90886 19707 82127 82537 22202 13204 17367 70757 59747 7101 77951 58793 51586 90546 9465 83633 49440 58848 84117 
906 12
60103 28069 51287 44052 11604 24241 36627 87150 2770 75208 73612 46263 
7259 16
28997 72463 70983 5724 14752 76191 32807 65832 25195 44513 28395 76989 40686 14943 40291 28376 
9855 20
60258 74200 83257 45533 55738 34698 84226 89198 14014 94033 64392 21342 79077 31629 2999 56073 18568 51479 24583 69233 
18 14
52395 75224 35169 98878 80302 64396 52255 56601 55842 73308 69057 29586 74997 74125 
111 14
70445 1692 38153 55457 20320 15253 61427 1559 40466 79430 45472 8792 78382 97759 
4717 18
56201 65413 2654 29078 36568 51880 86264 68665 67252 43891 61195 61563 81351 28190 26828 49956 12998 79767 
7427 14
25083 59608 73781 47373 51382 76202 60112 38972 96720 15578 93920 37845 80889 68881 
8691 20
48126 46058 1012 33992 55052 80049 35565 87419 18437 15480 78477 20152 50247 78715 55714 29434 85175 15371 11153 59290 
3428 20
612 47401 28439 69864 36727 51354 44929 88298 49856 97430 49358 71379 56796 53296 25787 94797 87468 63123 39161 61709 
1949 20
24096 18968 71256 82966 98832 52845 2883 63589 5658 7767 96757 99572 99686 77607 75188 21318 29512 46254 41367 1416 
5789 17
54566 87405 50132 13429 62416 347 78124 30447 69491 15119 16737 31614 89758 61402 34964 5401 97026 
2297 17
32352 98491 19238 67018 61759 74118 54343 20451 72402 48161 5511 6718 42504 70960 26037 34902 44219 
2949 16
60658 80943 17452 74685 80902 47351 91803 50117 33878 22926 21308 45797 28023 13431 85881 83245 
9080 15
62283 62624 88381 36678 10837 22636 82772 71727 61045 50566 65491 25423 34134 95328 27874 
661 20
48941 87312 32402 83190 46618 77606 50977 25973 15297 26557 49350 31489 55860 41272 44823 15973 86001 9112 5110 66405 
1634 15
75776 5282 2981 36241 90605 69902 34392 18305 15323 87092 24468 48779 774 57740 42058 
3938 12
83826 75092 43547 68684 20791 92820 70893 38662 16110 59885 37595 12180 
9203 12
24592 81842 27088 71731 83264 8470 38458 6905 8113 67814 91060 87616 
6897 19
56907 95402 83304 28038 71074 14860 10856 3932 87937 54263 6564 43423 14925 48793 75602 16476 73295 54084 37550 
6313 12
93797 31659 43265 78987 82829 28797 67578 11942 40845 71033 55835 87162 
3246 18
85337 56250 92785 65762 60922 65952 17430 89760 16692 78963 47320 87941 41312 57524 76156 64095 17174 29981 
5771 18
86501 33122 1209 24242 99914 72219 64988 59863 66534 3612 93974 75809 79899 54432 93188 49265 33987 61655 
8490 14
12447 70466 48919 72199 50163 75442 52199 82276 6067 6575 74268 5462 1738 11887 
416 17
27052 96196 71411 80870 58698 61397 57140 78548 10280 82929 19674 84065 97542 348 1508 34561 85782 
787 16
93804 28454 97031 28770 56648 68117 26830 58404 22951 18196 14260 39007 87547 65673 28862 44816 
1154 20
76263 89411 4517 21593 94666 38244 68390 82830 33886 87964 22384 93107 44725 33249 28816 45281 78403 13341 36558 10939 
8181 18
82963 39996 15098 76450 45999 80560 83126 49564 34337 7259 52171 23141 74272 59532 29408 37489 56597 40430 
350 12
63551 16689 4757 28363 2565 10810 43238 77936 8204 39345 55647 34408 
9097 17
9902 9544 68480 96626 79677 98423 66826 95707 3683 30544 69480 94747 3785 16676 70185 19818 85560 
2848 14
31963 69102 58578 43702 98293 94845 33192 77165 28308 28054 65442 74347 83820 50366 
3679 17
43919 30290 53944 77953 73279 33897 32628 49586 15648 91484 54193 20209 39446 8895 23169 73820 64846 
2952 11
38442 76628 1681 11426 63082 68199 767 18418 2487 97393 3038 
8738 17
34438 20614 68221 1081 46844 42857 89237 2052 92795 33701 88550 485 69069 47390 10840 36519 41936 
1549 11
52239 47431 78457 39536 92602 36648 5245 52007 61854 98461 25013 
9092 14
27133 70866 56179 39395 52279 14736 59636 33002 43902 83350 4727 61446 50047 14305 
6636 15
42641 997 71874 5454 54092 97223 34089 1816 60066 95361 75695 47875 47982 88953 32592 
8099 20
17593 79468 3692 9270 27412 56783 31370 68658 70865 30841 57619 90324 62421 22224 8566 26491 93601 96664 58652 93657 
6241 18
40462 36531 42960 25240 54471 21600 74814 40351 66575 48146 12416 61451 13562 66639 98014 31889 86442 88617 
2595 20
68600 24051 74434 65394 6211 14294 53077 47277 7402 43589 89403 20237 37988 99774 85163 21527 32210 58789 56102 4574 
6602 20
23964 69698 64584 66197 71718 24465 87723 83015 5244 21751 65253 24284 80221 69991 93392 33369 64012 86127 52271 63803 
561 17
96955 95256 53763 74585 62468 97761 8806 97800 8987 99897 85188 81332 72772 51002 51720 25871 58923 
9924 12
67034 2702 11346 90976 57076 93209 3698 87739 78073 73168 79192 83587 
1760 10
5901 39132 49620 14830 22422 40929 58487 82880 46805 28953 
2359 15
9508 55889 14067 60259 78319 30503 98686 63497 83803 19053 20678 28632 12451 52615 85810 
2457 11
73007 58821 8334 74588 24780 36205 77001 23508 55480 91283 36987 
7285 13
40018 63576 89313 26738 11089 73564 5389 74374 69891 83724 81492 65547 24772 
6202 14
35878 47571 3489 73534 70036 69527 37978 87037 92835 18657 81666 32439 26051 88430 
6633 20
3560 97717 48990 66888 63971 78792 28747 27148 23120 50672 7343 13722 4861 71810 24522 12603 38820 91131 46796 69673 
1478 19
29736 81910 56764 95287 31959 59763 21990 29280 16091 11030 70272 40915 94114 99281 44076 3165 94760 88154 16541 
6213 19
63457 77424 10865 13393 29136 94635 72552 46054 82724 63817 51875 9811 64840 29045 32725 95472 58212 40932 82901 
4758 19
41803 61417 26076 4552 94218 63986 71749 2686 74497 91216 47525 54287 2051 92408 33654 24709 23928 99010 84347 
9255 14
80757 17705 54473 12490 14871 40739 1875 29485 19731 33025 69499 87929 10121 82545 
8124 19
24203 92010 91445 60124 17381 43674 16017 73964 63901 96909 47515 64953 77569 20796 74777 9262 42355 69653 93906 
9447 20
38493 70663 38593 673 76262 410 89681 38320 34612 76725 33653 90735 98621 61857 42871 20351 83518 38150 14339 63821 
3626 18
48568 12872 88247 93048 35013 43673 83171 93140 18769 64512 71046 51156 97070 36207 60051 71871 44095 47103 
9418 20
91655 20980 69177 26456 78381 62226 43477 76325 73199 92734 67217 39933 74813 38012 90469 55364 23166 6337 94844 31984 
4355 18
55999 62148 73320 57430 45052 87950 1478 7753 56024 50139 81916 51294 98644 28851 13807 62132 47254 60822 
2144 12
7776 62673 39234 65933 40437 18220 2623 37470 36485 59023 83373 8888 
3907 10
14146 45631 92245 99279 42943 34950 58981 27219 33825 39237 
9081 15
8893 82682 3001 1161 31591 86117 34619 93266 71966 55774 27930 51304 56624 36605 37630 
2754 17
98693 4700 71756 52108 65435 63882 64367 86571 60594 64036 51675 69218 81834 65303 35310 70011 47424 
5357 16
30926 28226 86311 61566 49688 23666 61616 69433 2897 29070 41159 14299 88026 41964 15395 86499 
9553 20
86467 60561 22616 44997 10375 33033 42722 21529 87340 15090 73449 95899 66104 22578 84565 78814 64309 81772 45017 323 
1473 10
43090 164 65158 66349 85313 80686 38021 90268 27947 86794 
1201 20
78818 16196 58677 48464 28933 91106 33588 99331 63192 4850 34078 8851 93111 8585 6471 84256 26759 66837 33482 99899 
5635 18
71504 43377 86870 58156 54205 61221 25642 60210 72732 32143 57236 21248 13394 85062 37473 76916 50090 23086 
1303 11
10712 38393 86784 16140 62938 57796 68932 81411 61669 69822 81156 
8615 14
36274 60833 6437 53492 92221 45337 53634 27558 38768 20740 96694 93148 87388 28285 
8917 14
32911 3456 38007 42526 18745 65614 10177 14901 40941 61097 22365 60134 39083 6604 
4637 19
63609 28299 26142 46712 95262 16353 59528 50684 78679 72198 48895 36055 96659 67409 54237 89342 58115 89102 20123 
5339 19
74857 8649 63380 97317 93773 61805 72427 57668 56296 82022 11166 58639 40789 57166 68007 42866 21895 58878 12125 
2070 12
61327 24074 69840 35093 23953 18943 53543 62362 81987 96047 23378 2092 
5134 14
91032 93992 41345 78271 77120 73307 68890 41570 6727 98153 79664 97582 10421 62796 
7512 20
26310 13473 74 35094 60390 32530 8122 90572 88722 64121 25400 64757 45226 2705 76456 50060 76140 50160 93792 63912 
8505 19
51950 91543 75626 82264 70781 63958 99498 40259 80284 10869 86182 35399 62215 4848 44883 68405 68816 53693 64527 
8728 17
71936 35203 33260 69082 65433 50050 87702 32405 56671 10134 73194 74978 35881 72584 18116 81479 15654 
7201 19
75421 1870 46664 33173 97303 98275 95419 7886 71207 2668 71365 81726 17893 5891 54759 23777 22662 76802 38846 
9795 20
82816 40005 63213 20885 76529 6194 21612 27957 51869 21198 17117 43506 66744 91990 41804 76716 34002 47305 20434 65418 
3993 15
47019 56292 58199 92861 21837 89549 63237 57768 4313 22861 80554 60365 50285 90129 43520 
5108 20
49875 34110 59575 23862 64238 14232 33685 79332 12918 38650 57384 32043 94578 44397 85404 22017 81021 35036 18639 64626 
6698 20
52944 76220 93865 48694 89391 78589 29418 14519 16542 70031 61763 48976 48503 90165 20552 78901 78305 78708 49808 57357 
53 11
19871 45897 2478 60488 1061 70968 67042 56156 61098 42293 27198 
1789 12
69302 77689 77289 39740 20399 97752 84132 88868 30775 79708 20616 13792 
5551 20
2017 82686 16393 42531 49872 40140 25876 2528 46752 53504 96884 2612 12935 42489 29773 99068 69726 35382 61909 30948 
5348 18
2519 30289 22038 37958 21795 43951 27669 16521 30371 60666 44592 63951 6144 42335 75228 92159 70428 9820 
6644 20
89990 62465 5281 47332 52990 87633 79918 60249 35676 34217 91504 2164 10816 32722 59710 43182 39066 67532 73905 34688 
7491 18
32661 60681 24104 14389 29611 21049 39743 67568 89044 70505 75423 25513 39338 6316 43424 48935 8221 69142 
1777 13
18594 13881 96529 65113 45429 12658 77184 12267 93435 89216 43822 45486 90073 
7327 17
97546 91198 10089 2444 91892 66385 50738 80916 62968 5377 72011 85856 7209 89861 69788 23059 56397 
8931 19
44975 46470 5681 56908 78860 19568 95780 30542 85129 9389 68618 14462 48430 99045 14270 73278 51296 64479 79669 
2901 18
21422 6452 19814 20707 25691 55482 32616 94766 67673 12040 88634 58807 13741 32970 85111 16397 71126 55760 
1464 11
10968 70201 32197 31005 90673 6964 33607 61212 23162 32384 40376 
7438 20
92491 76815 43162 1137 35463 42865 51686 50938 85581 86426 68645 50115 74677 29776 82920 7093 59314 89848 39760 60101 
4138 19
7028 92204 45568 17444 74424 68663 55497 97831 57207 16048 41421 45495 34073 96595 37046 67693 59332 57000 6958 
783 18
41389 593 99401 80409 50900 32306 89896 63943 68715 92020 99706 2958 18165 14838 67862 55062 85759 42106 
6441 16
69323 30909 78139 89384 5683 2647 32392 48752 68267 9868 88836 85948 74361 34475 25434 72742 
9316 16
5807 70147 99852 47309 82906 37623 47249 75727 83085 33100 43322 78016 42636 19434 85069 23358 
2044 20
29958 39554 69029 71861 27066 89068 25945 63471 64546 92294 79761 7230 69976 59429 90947 34336 2766 73699 63723 84863 
3483 19
90279 42098 11010 87119 51336 82304 72828 94901 909 87024 94004 37523 30642 18848 91934 88637 38455 69536 1098 
8057 17
62039 73845 27834 46525 52202 58594 49102 71225 48790 29431 70917 85934 64264 35020 23347 68241 57367 
2252 19
94128 20491 48674 68416 43402 5275 98399 61904 98116 45813 45591 37181 66032 14864 12246 28909 54837 75086 6297 
1045 20
17105 25087 20595 95978 77344 63622 90560 21886 41485 54028 20566 44114 43439 87873 56316 91949 29992 39892 38313 49560 
806 13
68168 71891 61355 43442 81762 91541 93536 43249 77280 59283 25022 2074 82846 
2186 17
843 213 5348 36827 49858 28566 52118 59789 57277 10801 23104 86607 80865 66471 21928 49381 34166 
1023 15
9084 51587 94739 10828 85591 97098 27354 97587 89160 61112 55186 83452 99039 43370 30515 
8530 20
11503 81373 87719 5892 26138 53582 59089 88957 32631 2304 20859 16064 42760 19448 98024 99723 22968 96213 27044 82458 
29 18
93750 80532 77682 66311 68449 12708 33042 69361 80009 55674 33336 68691 77350 99675 97733 50056 23600 69534 
9916 15
75779 19396 95010 88744 1394 89381 80348 58820 1929 93644 92092 22530 77432 86729 96141 
4951 20
60464 83976 54317 96872 60946 68640 17168 17051 47056 80866 4648 94786 99435 84586 28703 9077 81802 97325 58531 79988 
128 20
64844 24791 70280 97901 61270 59641 39851 52782 76845 80845 91524 12263 3846 37425 65396 1909 23700 25020 5254 75475 
5360 18
33065 91915 18325 82605 56937 43051 56856 54788 20246 20416 31018 55642 66546 76585 22487 1845 73095 59857 
8005 19
66483 43568 69565 63014 54867 7518 80374 38757 58998 22715 2171 98798 11769 59779 50403 63729 75201 44049 71358 
5390 19
1629 91957 41659 46059 96555 76674 98409 37734 9937 80485 5053 65140 61675 83944 32506 75021 41223 6763 41258 
7791 18
23942 27113 54133 35109 83007 41427 75810 87331 49959 81321 87958 48237 26638 84014 32187 91641 81874 93181 
3944 11
31866 21773 39648 64848 31687 72868 71849 20268 340 45395 24737 
5707 18
77110 55450 94206 85162 73003 64178 76052 46879 82908 45800 24447 88993 1421 29307 52522 69918 49598 10591 
2798 18
62930 13972 5547 55073 74714 25320 24639 58337 28463 39151 96876 7485 46101 79291 3363 51701 2298 36023 
6025 18
15234 6027 51664 69963 10318 83520 30227 22909 95640 59016 55115 73040 7756 60996 79770 57798 32999 22120 
2994 17
30713 8702 63097 79064 92299 18592 89280 10665 42543 28101 50273 61227 1889 95636 92873 43842 48952 
5023 17
71227 57179 42712 75447 66078 8667 85676 13803 72850 31201 82184 73933 50887 5825 90649 87136 44869 
2608 19
17701 94767 70583 49034 37863 80164 11918 79658 63594 86940 54742 36745 34119 56123 36770 99212 54180 46504 54120 
3267 18
31347 19951 74437 21116 32154 39327 74502 6432 54747 30344 37906 61801 73566 32751 16456 31974 91120 34595 
1864 14
30623 34568 78112 35086 80808 46864 18625 94551 54703 96511 52248 22717 43957 33943 
9963 19
54749 66242 13534 51392 11101 74257 13159 43895 55717 32448 23537 34741 1914 27003 99824 3471 35723 9928 47722 
9772 16
45682 10161 77264 41179 10639 18994 71956 39849 1331 12919 34725 70656 95372 90925 20394 63725 
6979 19
89839 41474 32591 40294 57859 71799 71246 93347 41412 21211 30325 25493 15498 8991 43631 3425 18600 22906 76206 
220 19
80199 58268 37332 69313 53737 15813 42679 16920 19587 51537 813 17440 92984 90127 48577 79410 27476 33342 18369 
1296 11
80466 19174 88340 88752 28937 9005 26826 95303 84642 45191 95991 
2732 13
98643 34513 60437 17453 48868 58308 55683 61549 12612 45352 30026 16158 32601 
7833 20
48921 80729 81100 15040 75439 28263 13413 27970 6455 13335 25955 76171 17284 55296 951 77924 65603 82706 28929 96292 
1618 20
30016 59773 98289 41190 34808 30245 87687 19733 97250 2216 37148 89628 52505 39408 59552 81907 27330 43601 36 16210 
7256 15
33739 25935 24119 41554 8926 10760 50095 5014 86858 13834 65334 36733 12778 25048 2354 
2737 18
1780 35484 13839 78710 64827 77444 89450 43703 40330 46156 3905 80130 33748 31512 9560 3325 25708 78758 
7841 19
53855 51679 13603 47100 18316 24318 59880 91832 29602 29245 38953 73346 48987 34294 17413 32406 72893 40280 92195 
7079 18
71131 14711 11585 20292 11762 28706 99895 56595 58465 88934 74604 1210 76898 2371 60899 63358 43556 50656 
6805 19
8175 5852 63182 87313 12103 12320 4740 21120 83178 49444 72651 83935 6252 7080 96088 51279 85071 20240 59020 
3678 16
10529 79816 74726 76329 59509 21110 78677 62688 47403 61464 29646 85429 82683 89351 63738 53732 
9985 19
5474 86708 18118 352 81477 35989 4521 95315 81469 46976 43277 39791 57997 13262 94829 27065 44342 31641 71651 
7839 19
53652 80364 56161 24635 33866 99122 60653 74508 26812 94038 16484 25222 33645 66130 4628 13704 25682 99997 67734 
6133 16
71467 86575 72064 68820 8887 6366 69944 28856 55928 97822 89538 49229 30365 24389 83538 33681 
7984 19
44930 27980 6981 57104 7690 38861 57279 91557 40900 55615 78896 88120 97991 96995 83098 98660 59248 60574 56008 
7494 12
623 10857 41288 10663 79302 90878 36353 70468 51017 76735 4463 85508 
6228 12
11952 31680 40575 79731 79417 82742 49933 4185 60978 91247 86229 87492 
5851 20
8445 79965 3982 23556 21720 87530 56563 30381 12513 17291 95728 45502 85653 3163 21555 35601 99002 21719 50129 16980 
7709 16
99195 24499 69407 9816 71892 58854 78733 23021 56021 67654 91415 53259 88615 70512 80735 37972 
4705 16
37941 9691 19051 92431 71928 26982 33664 24661 95102 66365 29112 15961 28939 58350 46654 27498 
2904 10
19713 55723 27446 60058 54135 43181 31835 94923 42921 91335 
9053 17
40703 71014 5886 1638 87880 16455 62941 99762 85879 60614 5280 47051 76721 89802 21702 55265 22199 
6651 13
97922 17235 75521 51614 71387 21468 47244 24752 52850 42422 56279 10564 34061 
5857 16
6504 40680 22716 72811 85184 94779 99699 7444 67607 86694 44471 65193 25390 58643 76320 32808 
2943 20
89074 42824 10040 34734 14627 36728 35038 19155 56395 38998 44522 11954 4916 61497 68429 56722 68857 48077 8051 90985 
2887 18
52250 93017 80591 79304 49005 85103 45836 69447 85251 22640 59569 83250 38765 9226 99720 51033 49829 36666 
3525 18
60690 22992 53202 39839 33222 88124 26248 28338 90138 9648 72796 5122 89782 54655 97816 80204 11729 99793 
6063 20
54575 67622 67848 78200 9552 95598 41516 96428 79788 1266 85987 48962 51504 36058 66962 28199 5828 91877 9218 50947 
8300 11
33813 54196 41532 62377 92704 73038 31408 10836 51039 15770 9754 
6338 18
99700 12190 60792 87196 95615 14542 90076 24605 84191 50679 68607 73241 28228 45550 97460 85867 3993 87956 
6793 16
5382 74394 79152 6450 33019 42097 67385 11329 35889 19311 77295 93306 57183 28348 17817 31062 
2380 12
11146 42369 37395 29106 12664 65802 90457 11550 83028 6118 96137 75099 
4330 11
96715 71274 72368 96206 60050 2290 80442 97836 87042 6287 52496 
3148 14
36813 23400 48541 32967 20102 41864 87563 95340 21022 69943 87166 23660 71769 63389 
1504 19
89495 53279 27272 73289 60114 6788 33029 48312 55493 5201 87612 81801 76629 36228 10783 25159 95023 12996 39026 
7658 13
8891 20970 40645 25826 48988 6353 16453 55638 62112 25900 47815 31242 82620 
3548 11
40089 7620 43615 85798 98495 18494 15037 49240 69461 72581 62046 
5471 16
65498 60059 92558 62953 69600 90653 31354 54303 85226 33430 64136 70949 24670 67905 14515 44193 
6468 20
33024 70998 45359 52653 12308 38772 39842 6743 5418 29476 93445 60710 84678 2730 85490 43956 3664 15038 81275 68680 
5283 12
95399 65065 73840 90725 47208 95520 70620 29919 12046 18691 2658 10583 
4924 18
92541 59614 93078 48782 56151 13354 87012 66749 44645 21951 44115 66609 99110 59889 33792 66797 71417 6532 
9610 15
26024 15889 72458 10310 73708 51124 99410 59639 7226 82028 46899 81281 94445 8256 61799 
248 17
84520 45880 42673 9102 63932 7283 42868 33656 4364 21590 71460 10590 14983 41047 41711 31765 99836 
7281 18
4425 53518 35664 83800 8971 20628 33026 12771 39968 64213 88047 87511 27077 15340 74003 3009 92440 26693 
7937 20
32944 58431 48614 7517 78805 4329 81827 13847 48712 50105 34861 92731 97092 79984 74379 3015 12807 3518 12068 62239 
3622 20
17987 75569 4741 17060 24612 1945 95080 22725 73330 90636 57909 84960 44900 89331 42567 76681 66237 80674 11707 12239 
1349 19
28366 22375 94002 45850 11511 19353 74174 82237 75381 17539 56202 42110 32056 50069 8164 86640 63894 44508 75694 
973 14
91042 56535 18062 83999 67173 94639 50798 92793 46139 6862 60779 92156 34780 64268 
7442 13
43972 88066 83475 51910 88608 2411 75666 7033 95694 18588 31144 60742 84007 
9566 10
52477 57624 65721 48216 76358 44518 60741 85657 3302 41865 
479 12
65438 31568 15780 13011 90023 95650 70053 77731 9176 95716 4191 15992 
6957 14
41944 72670 69907 32686 23121 89883 94880 8280 35443 97950 4446 93239 16211 51669 
5287 19
25182 28737 85930 45300 80276 27536 3206 10141 84768 69034 3028 70320 7137 74984 74627 25386 61540 6389 78017 
4251 10
46481 95377 16994 15036 80598 7613 49793 41937 60970 93029 
8677 19
59762 61954 69066 98603 36527 63444 84362 95939 27075 87787 86212 5765 75934 11813 57476 65537 70719 55736 54100 
587 12
95174 14665 73207 55872 43069 53810 56129 5159 79343 80208 89899 9451 
6976 20
81336 89056 92586 97336 11231 2163 56081 92699 97119 69510 89120 74902 32712 66507 34239 26150 60936 80822 64849 33516 
3025 15
89152 795 16177 23992 75910 39219 10714 13068 78581 12837 25569 2813 33754 62511 14804 
8795 17
47816 36151 89427 30617 31898 51607 7588 75616 72714 7515 35653 81608 33606 24629 34827 20115 19282 
5196 16
13982 79998 28471 66049 56645 3327 16498 43737 81669 48923 26100 85442 61879 30790 19777 13400 
4194 13
40861 16943 13128 73906 53815 56177 77193 66263 54420 21300 23520 7184 19288 
7407 16
71967 84012 99915 65910 88573 17054 56070 58136 75113 18397 5091 72956 90246 64217 46170 41471 
6418 17
14997 22844 79744 82879 91998 96150 57577 75744 3708 39035 4176 71901 55251 7124 81382 99717 55802 
8617 13
27336 12078 70208 80572 65001 56222 27070 53656 58113 96366 24555 73616 62826 
9180 13
81862 78850 14775 37919 42406 59642 10572 54851 86697 22916 52910 51521 91846 
1830 15
36419 38070 23345 67032 5094 11193 19379 99555 87850 49157 84167 35453 11233 36071 26905 
180 20
22770 56086 52970 71005 98128 862 79716 3243 20863 72660 75870 84541 97815 53633 57753 65750 31588 87213 35394 54866 
7666 19
57985 21917 59732 69744 10829 83744 71368 43543 72848 62577 23158 64442 4587 74893 67198 35764 12676 6528 7657 
891 19
5752 87948 33768 39858 68095 74930 64491 67375 77788 69921 44791 76477 88916 2533 10855 6322 25101 61413 79752 
115 10
76397 58775 15264 96238 44635 99249 50746 55235 5443 60419 
3378 14
22092 57628 86986 47958 62647 55307 83590 96466 97709 28485 3654 53311 87002 69945 
6129 12
76567 10774 18743 21030 92605 85677 14224 43174 88971 65399 60913 95606 
7085 20
1085 28941 59008 74389 18032 22645 90552 18898 69414 49080 29796 63846 177 58960 69555 11216 92421 65478 32294 45590 
1311 17
13061 81944 501 72408 62310 77334 50479 68054 15946 39212 28771 30432 85824 86301 940 82744 47511 
9836 20
15151 78858 64956 79991 86374 32683 72558 92220 84746 85288 54368 65991 46523 10156 37094 34747 49563 32046 63244 93608 
7312 17
50617 49967 44421 62565 24747 47154 61924 94242 12197 88202 28791 58254 39265 61897 33892 27440 23031 
88 19
92257 9925 71517 64710 83567 26920 13921 16584 30039 87879 95943 28074 15842 42841 8235 85299 83687 16004 96717 
7293 15
12574 14667 70986 49312 39981 51647 3704 36429 49885 78972 14763 57054 73884 13465 44087 
3597 16
30212 95110 43268 15572 44464 11413 10118 37962 76133 26650 84345 90342 12667 73670 55285 59146 
2652 17
63502 48851 9734 65446 65701 65834 15734 46407 67212 89908 63606 81516 91425 44178 31093 76209 22805 
1229 13
79616 90096 42863 89893 69387 11794 11142 52749 50904 8896 76472 79141 63469 
3844 18
22443 73669 86247 81936 77980 77212 16535 47994 57808 48097 99259 63905 74506 29882 56014 28254 9553 23640 
9821 20
53120 63208 39547 63571 59651 91297 32324 21714 93674 39084 58818 47720 56717 81806 78544 13743 77756 98068 95071 50004 
1559 13
48838 83093 90715 51878 52328 13735 44809 57844 91615 49428 21448 94008 32310 
4193 11
82470 16068 8596 29869 52011 58278 97482 99564 34675 49397 24403 
8521 19
64176 83416 49863 86004 5922 3523 9525 52981 14317 66555 55003 92700 98065 53094 45102 75115 6293 94592 72412 
5263 16
73291 34601 15260 64389 38744 35600 83457 36344 21385 805 41725 37405 63602 78398 27573 90365 
9294 18
42080 72711 16973 96726 23597 97076 42870 89243 7009 57516 37909 747 37479 48181 54341 87581 33522 57295 
7989 14
22925 6800 31099 46874 12877 34694 46347 25304 39418 86559 92114 95793 33147 4181 
6885 13
17732 85859 63259 5015 92336 6488 82690 55405 57256 37539 6480 66579 69466 
9486 17
77993 25214 29781 88324 29916 88042 144 96171 85828 42294 1142 3667 13021 47863 25217 50136 81616 
3186 18
15050 60091 64921 68807 31037 33520 37262 25812 12675 11697 5550 12170 15814 96963 9898 63734 4252 13938 
9128 15
26264 20291 77778 14032 6199 22056 76510 59735 41170 48531 56152 90595 43449 88368 66290 
2006 13
94498 96323 16873 36998 3964 20664 88446 79411 27157 42790 96719 75657 42447 
6772 13
95671 19919 86445 24112 75938 62509 23500 45113 88834 90050 95512 46842 68161 
8093 17
89863 53286 34533 84931 1934 15847 3141 17236 5675 11320 97945 22993 46747 93112 39976 35669 18541 
667 13
6535 49708 28636 65505 84084 1529 37390 6330 92353 76211 6328 4430 85898 
1565 16
60497 21345 34472 94823 61342 97056 85015 29635 71487 32549 91398 82383 19907 52008 72597 5130 
4395 18
66605 93942 77725 91034 9978 91851 84928 93784 48010 82899 14023 68609 78663 12772 94303 69050 97933 19596 
2655 20
57456 69053 78284 5767 89725 80016 90550 55319 79903 20397 81355 33581 83632 64957 16138 46808 68865 29910 84924 18033 
5565 19
4315 56005 51182 79310 77462 5639 91866 72878 48934 68023 95217 14332 3209 64592 29798 66873 70688 39586 70730 
177 17
56212 95196 74013 79625 32108 58466 68856 24856 38787 859 58838 63728 41033 86060 56541 45612 722 
1397 17
17529 14265 45733 50055 56640 83582 1422 62582 13136 29597 11232 80506 18788 92248 95221 66665 36689 
3764 16
51167 69583 56429 71135 95518 6181 86064 75741 60695 26712 89748 69806 33508 6290 76664 4642 
3730 9
53438 71144 68549 12766 87049 77932 40837 86078 54628 
3981 14
34633 47001 29189 15513 11556 21890 16378 53195 24824 8408 29157 4900 51948 28564 
2882 11
16292 34082 78934 24478 34255 48828 54090 7897 83698 130 65860 
8137 13
92511 79951 61271 99971 50711 57208 45335 17341 4070 17619 56364 23685 376 
9647 19
6639 93830 20992 36874 77077 22523 36307 29392 69201 25354 15121 35547 14951 3723 46419 25514 24037 95318 47109 
752 16
30917 12133 28446 16350 55619 93744 18064 61302 70551 31700 72792 39254 81483 26416 43031 91548 
5171 19
16578 35832 10543 49129 52278 98516 58294 59834 71222 53013 31258 22050 72825 72316 8111 32968 57161 30835 80163 
4074 19
2184 22232 75565 60749 95481 92803 66165 33235 7282 15039 47160 87003 95431 39999 40629 87243 71391 99133 87114 
5849 19
1608 97553 99523 2889 49834 44926 19152 79817 15196 89578 13806 75944 11766 80951 45652 45671 15950 45274 80858 
9873 18
75357 71994 34943 83456 4663 31850 12600 61023 45056 31740 95099 69032 69151 46637 786 13861 26306 96284 
141 9
61373 52135 42032 33554 84401 11061 1616 27534 21027 
8910 19
61520 97575 43138 94724 92261 32055 87320 56663 4878 42750 55435 83365 35807 26215 22611 81603 19559 19798 13132 
6623 17
31681 42512 49504 89744 26996 16614 96838 31814 60235 25918 2008 2855 70799 33766 27997 4384 46320 
72 19
78903 86298 89314 46450 48253 91093 11162 4881 4102 54942 91784 59615 12452 17698 60433 38635 16099 63639 52737 
1348 16
19371 53262 13098 39422 90465 58518 6111 27379 41574 10838 56091 90943 73329 9142 55706 81953 
2863 10
58684 99870 11046 70638 855 51663 30562 95997 19056 72313 
2110 13
24868 61289 1347 39568 34012 21009 59501 89707 86964 76856 26358 51188 91268 
2346 11
90784 3616 22001 38852 62638 23022 5214 75265 33916 90132 2355 
6997 15
89931 98688 5905 19589 40161 29304 15745 17992 87668 28159 789 87233 72751 15852 66150 
3454 18
61351 98346 52330 32422 4898 19304 7321 79703 31384 65309 65984 65362 84783 19732 34871 9148 65778 68136 
4277 14
1840 87780 43436 34590 50526 59812 76239 93834 43504 46843 76576 99806 88908 15890 
7843 20
20265 17796 13585 31208 40070 5667 9698 99266 45791 15016 3970 75591 40884 44404 31352 74467 42817 77573 38684 9526 
8226 18
55921 97687 63151 39877 1389 80110 32452 91670 94548 39729 67199 23282 89734 64000 62583 32778 42020 1636 
2415 15
17257 74055 95638 94287 27490 83554 4557 80257 17962 42484 53402 36089 45738 86608 46548 
693 14
30884 79029 18233 77061 24973 66704 66038 32671 38587 84908 98204 39490 52967 70660 
7308 16
10896 21713 75913 48460 67249 11678 56598 78871 24598 24479 38808 97823 29482 31752 54440 40867 
2469 8
60170 1645 27590 87765 57522 9735 67973 87022 
1258 16
75388 31391 92143 77622 63087 55175 44912 43769 54565 37182 33282 16912 53258 10821 22796 30603 
4589 17
15019 60847 25544 63137 69690 7474 16290 96657 57543 85547 13094 68905 21652 37167 42443 35659 65364 
4460 16
76084 82131 56836 43208 51201 95798 36327 54694 35789 42973 12804 69675 98425 25169 8319 96436 
5074 15
30193 59660 97818 86785 63890 82409 70063 83208 68450 61251 77968 15556 69540 24953 89090 
751 15
51453 91075 275 29854 5449 33695 18471 15535 59538 74094 70627 59492 94239 41058 15713 
7305 10
23444 89141 17735 27769 569 31000 71052 41276 16103 80227 
4813 19
53605 80961 33887 79227 94508 33141 80938 1619 4381 44893 81110 48889 56513 40613 80023 46409 61968 4925 70504 
8839 16
73517 13780 11548 62467 17418 61444 25692 4964 15830 66404 30601 79479 48420 24954 25978 76776 
555 16
28172 79265 57518 37310 22635 29340 29929 67932 11256 35007 81758 83947 13054 26049 52206 52560 
4506 14
46480 38358 68459 32001 63107 98349 69560 48250 39993 93152 7121 5368 88297 9268 
4556 18
32157 40510 57800 36222 87866 37414 43049 15115 45034 972 64985 74165 54089 33926 76785 91644 64604 56560 
429 17
50240 9338 12563 74800 4563 69309 52052 90776 16011 34658 65576 97297 7651 74594 94069 22388 46763 
6006 13
70357 1566 60527 44847 24682 82593 47446 84040 80012 86144 22513 91153 8714 
7786 17
17896 28405 35502 53760 15505 38905 39415 79747 49193 95619 54098 25158 1248 58615 76788 98713 30416 
2504 14
449 34013 53082 33155 70525 86931 83227 56410 7223 95592 370 67989 48916 24035 
9423 13
36085 22882 45286 49658 90895 87100 54992 5340 29518 73513 36838 23440 12736 
1004 11
87426 7509 2399 71234 62479 24346 19231 71759 40950 77426 99535 
9927 11
15046 62049 62499 74206 79480 25242 6861 6495 87095 75180 79254 
1307 17
46815 23465 40496 72959 33850 60016 52535 77218 75297 48817 37105 24787 54991 76167 82495 30185 86902 
4059 10
95569 62569 88056 12229 19054 3166 23918 50230 86716 36425 
6084 16
49700 80020 41715 91466 40142 81346 81884 21830 70603 29120 5947 24662 75328 34816 26978 82735 
1351 10
89302 21165 31055 36187 28930 19843 91501 59813 2942 36129 
122 8
89613 22078 37843 98090 47800 78834 13385 55902 
3720 14
39381 46806 19264 60814 32015 94835 35343 11291 84943 31747 47043 85826 73304 41114 
9508 17
24235 75059 85016 85823 14879 67267 98168 11493 97151 76912 40741 5450 97289 7592 92230 12510 78213 
8068 20
48138 85603 49861 14876 21278 70103 94659 63084 57409 12653 37053 38135 92 40104 46044 69101 90397 42954 53934 83303 
8408 19
9756 16222 31076 23569 13455 63077 27938 35896 40222 47632 3312 82975 23584 5279 4098 69966 37821 22006 46750 
4893 12
28005 30989 75560 30105 93129 56984 77511 45773 96674 37160 4774 29853 
9918 9
71772 47523 14457 27484 83949 61821 79933 49584 31825 
4550 19
61058 59736 40124 99066 36315 47679 63824 81175 24733 20036 72087 24544 8255 91085 3804 92481 48410 1788 75654 
2021 17
1843 27794 71286 50373 37252 78156 81421 71534 35269 23418 32198 37960 74288 59167 78468 12950 64069 
5804 17
94485 99751 90819 91571 51893 4467 68128 41712 8105 22763 48473 62136 8102 62289 5917 30618 34521 
2017 17
20243 5622 94563 97604 74179 75426 76967 3036 29367 17264 23740 62087 67785 57327 59125 8443 14595 
2939 19
15294 83578 71221 60020 34818 48044 49061 44832 86735 92297 94255 58811 21792 20079 38351 45175 11719 82135 43139 
399 10
5660 36203 55849 58319 86560 72616 44405 92949 16700 83483 
9629 17
76914 33547 63036 87028 69054 51633 13258 29531 18160 50041 56195 88717 60819 1721 30591 37812 8705 
5896 11
50877 1633 60851 25352 6549 53833 25822 96973 5847 91507 88504 
8902 17
33301 22675 45112 94621 22065 32830 18407 60157 38268 42818 24014 40132 39516 45574 96807 63862 31122 
3250 16
84792 24436 18470 53961 2956 37840 87903 74616 41381 15285 82689 3942 86017 64919 30398 58421 
8758 15
13373 66675 45583 57507 17985 18403 74958 51760 95727 5445 60299 49244 24925 68057 36492 
4490 17
58202 71337 81386 16060 70238 83630 62514 77937 19038 95526 49258 94608 73041 39788 88257 73008 6041 
733 18
79180 92724 39705 55817 92955 86454 49094 67770 13284 65928 10133 76251 80266 83833 95415 66261 27665 5837 
8449 13
14558 20646 45138 28274 80146 8130 1067 63841 79160 6551 88496 150 18333 
2590 17
59603 58315 54953 97615 34053 70859 83513 78111 45635 37688 5742 48875 45069 66541 90452 42927 81087 
8070 13
2615 39913 9028 66976 81476 14443 56742 59182 93400 96632 45026 28071 52774 
9124 19
32653 44053 62522 92274 20981 15298 21421 68026 43429 94572 12780 12191 92903 40886 79060 15162 60377 72526 17411 
8659 12
36054 50421 50837 71598 79943 57540 74354 16263 46930 33893 28136 70857 
6229 9
76302 75827 28422 81657 24198 14751 8106 10817 17584 
6185 17
43886 10957 64503 26521 88182 94908 13777 85140 80553 39140 75533 1550 81670 53631 4259 92901 49168 
6386 10
11094 19711 2109 49757 67054 59511 71764 17594 22813 9874 
868 19
24532 71352 20414 52243 47902 44131 17941 98580 50525 50252 89428 42156 55200 38056 4267 19436 48775 26508 4022 
5912 16
58401 15943 77245 7871 88435 63121 99381 14229 56772 17694 36075 35156 13665 55233 96622 4145 
5002 11
23352 31469 26815 79017 56284 79583 4951 10707 62072 18834 74901 
9302 18
44023 23442 31657 39129 22657 15916 24685 46052 20060 6648 16179 8397 83431 85456 43289 85673 38601 35617 
9061 10
97758 6623 14719 47228 34454 40717 6237 97493 42091 36314 
9286 18
26395 50225 86477 26962 87900 66849 44411 43336 11219 12145 5441 4490 4073 27276 91755 61292 78822 99937 
458 15
48823 30142 15900 31129 97306 52949 43977 80536 16259 11323 50016 28423 128 45076 62355 
5219 15
22188 22397 30980 48243 90846 11650 65749 94762 15058 27426 2318 89641 50308 86054 68110 
7340 10
81727 83240 26831 52528 59400 34978 87344 66684 73068 597 
198 11
36870 3333 11316 19029 46140 9872 40934 37953 86139 64023 38878 
5873 19
51111 71845 52916 49162 80581 64148 25664 54746 72106 10884 31494 34432 30683 68214 76811 97334 11228 45383 26816 
8912 19
36219 9206 5735 53735 31202 11771 61440 51355 23631 24608 57032 74752 48048 37555 69852 33840 67082 76800 51469 
4252 17
73224 19213 86957 72729 62340 26067 73659 92372 73169 87121 48475 58654 6511 28200 41155 51077 34069 
9002 17
62316 12124 52024 13716 74681 58943 86336 39863 99659 57226 2591 14234 49905 77985 42901 16782 34020 
5064 15
58186 1436 904 23729 76181 45071 36767 31266 55912 84578 92927 43448 51920 57941 65751 
462 16
11995 88288 65678 36094 36722 92412 96865 12322 82077 31505 72407 29109 84319 76817 73681 45164 
7078 17
33797 18627 83541 64421 29359 2187 26141 51012 73397 74044 43578 94088 37913 13571 61642 64525 65959 
319 16
71080 9703 56712 1286 108 55351 44632 75106 65450 13491 29987 61579 12761 3195 30045 2162 
8657 10
14330 413 68039 54973 4513 63005 47553 34330 31294 2549 
9489 13
45503 18137 69838 38547 19784 30649 91694 45883 92402 1669 88497 29598 56940 
1161 11
41509 24904 17614 57095 31630 50715 45754 83258 35684 47289 6615 
8283 17
21288 75797 34666 69572 52552 81890 94482 96375 29584 93762 84177 91275 77395 778 93624 75951 13885 
8129 11
62293 63713 34904 2959 72455 15553 70005 29696 49453 74479 39681 
5045 13
81929 91510 69841 96736 19538 74295 45296 15487 47278 8168 5722 16030 59458 
7218 18
75619 17868 42873 41014 91340 46565 67526 32922 9385 10604 19101 45458 68180 21624 7404 49821 58235 88476 
3818 19
40684 36133 82884 77664 79850 85029 68854 88240 84791 21513 24980 63719 30574 75954 98521 37897 825 96670 55017 
2977 11
55942 3911 26975 5806 22277 93384 51874 12353 17198 1255 2309 
3991 14
13418 76039 84748 965 19820 53412 90156 47613 18276 89303 14661 63001 46311 59533 
9864 19
57304 87077 7356 39604 54616 20449 74649 11576 63385 47069 3605 94143 89689 54687 90037 57004 49206 63611 43488 
1737 18
11483 75184 75599 7055 24216 38352 41108 1912 35667 75169 18610 63090 10209 39513 96574 74518 28258 7610 
1318 19
30334 99962 14868 53550 80494 57100 10334 95654 98679 61901 55870 81761 31460 29097 44748 97398 33648 49411 82763 
8887 17
19827 12560 89506 96383 42539 41297 74971 45450 67211 80223 73556 63045 69321 19482 26988 87881 6956 
6423 19
16915 6832 18339 40246 95350 95909 60935 7116 51462 64766 77451 59936 10228 83681 23991 28524 9657 92164 29438 
1640 16
80930 18860 91380 10173 17916 7256 57479 21242 61934 82408 230 5558 45617 97768 46517 28535 
3437 9
33324 34182 77581 68876 28689 60974 40649 27826 95139 
6953 15
4460 44169 71259 40597 2391 45821 54548 6931 67642 46259 29728 66523 84887 52169 46501 
9550 20
13768 16900 62462 78565 42609 41342 7589 65218 72705 8236 4066 1235 72989 84170 77601 55522 24547 62549 96624 94058 
829 10
55346 64598 2020 87347 79013 57872 84083 71741 11202 26965 
2440 12
36019 32503 17250 95621 29022 52280 48961 273 51054 38466 44569 95859 
2548 18
32726 86711 57484 28728 32195 13294 33891 47803 86674 45656 74100 75343 94111 84796 4499 79523 27691 52917 
2651 16
87520 7277 69343 6709 84919 33345 15485 51735 90615 34930 303 66504 87639 35995 98402 89695 
1420 18
76512 27803 26410 18028 72371 28783 88102 74425 89894 11526 24206 24401 46426 80524 39276 82035 1597 84686 
3156 16
60921 70022 41816 44433 17659 48445 93278 41314 20300 18056 82727 5883 69169 68184 43827 94725 
5766 20
94640 96258 20151 921 12480 99985 44295 62407 62105 82161 88109 95273 70642 28019 55134 58096 8848 16849 93662 12886 
3116 18
45057 11213 80411 87314 71579 10267 36496 26309 22127 54306 58320 42710 80577 47918 25878 70995 41839 32103 
5853 17
45690 74745 69503 15189 86337 95766 35992 74376 46472 40237 98161 7334 52055 26098 78738 71022 51319 
9577 17
39698 2887 83169 49745 82330 77890 35161 47865 67762 22691 61011 47131 83488 70471 25852 32744 81441 
5569 12
64850 34230 84254 59384 3796 62797 42224 9565 17805 83966 1429 49204 
8363 20
86460 75160 19297 8218 22066 24495 10067 58215 52197 4338 95698 79757 90492 77027 21268 21457 17958 421 13267 12905 
5030 19
36814 35724 8186 66633 1763 82133 53718 90423 10444 57136 30735 36144 52071 42899 98456 19728 44278 63887 43874 
2536 19
43240 99639 45330 65180 71919 93980 43 4616 56496 53599 18359 25440 71215 71439 48439 49330 26297 33712 20798 
8390 20
70232 32568 42303 48266 60519 49743 87760 1030 90866 56049 52167 83316 17788 27709 65036 18962 9561 93150 90497 44742 
4231 16
22830 93013 28 33514 81509 90565 37715 26108 83453 7049 6070 21764 17548 68464 48429 52359 
7010 13
3374 50049 76342 73618 32844 36326 84419 76992 6527 88013 33506 7866 9494 
4380 17
20565 20263 82752 43103 66833 52213 38621 93492 44273 11324 61185 42963 18963 5229 46072 45042 21474 
3478 16
19603 46573 84384 75878 27194 78047 56797 14397 47361 87497 38160 67220 27823 50353 60296 82528 
7628 16
56665 88380 99780 32285 3466 7190 98977 12922 16982 65604 28613 10898 35214 52003 2879 87650 
6940 17
69993 27468 24199 57710 73925 39870 85883 42102 79244 9446 6553 26739 58983 59466 89434 39164 60078 
1488 12
24347 5672 94462 22695 39288 94939 1762 80258 32887 97224 14619 37975 
3494 18
63790 97799 52040 15257 42458 16214 31362 17443 99416 74868 26436 88675 87385 60161 96108 27633 45694 90162 
9787 10
4320 22920 9694 89953 10729 10500 7021 5200 2616 15218 
1813 15
15149 72561 86728 94960 8506 31624 41353 71192 92945 32864 86714 21712 58637 55178 97048 
9013 20
64716 79910 88859 28809 63012 56101 23750 45327 41657 52400 75957 97195 33431 73728 64041 46927 56551 49605 47364 92583 
401 19
17057 5896 76566 56920 13170 58449 2236 54414 4749 45239 13769 26745 61483 75380 48257 37875 88244 86633 20960 
1453 20
17714 25123 54983 15385 56190 28208 24651 38811 66733 39332 49749 74243 1339 59341 61255 12015 70749 68226 51412 22832 
6939 10
51405 22972 62718 51249 35146 99366 84569 87628 31143 84101 
7017 19
7207 15917 56804 11293 82204 33816 59088 67201 53743 91429 41110 91928 64645 72638 3454 24393 88873 99676 68073 
1071 18
32627 95206 63642 6887 6476 40591 16958 95131 95444 51129 54740 71649 69803 58381 18563 37300 93264 15724 
7021 15
8126 69638 66024 19902 71524 34954 71094 39880 15673 84776 65056 14586 93967 58903 78444 
1099 17
74087 3027 1075 4067 9047 85532 36520 68919 45774 9996 74838 67660 89199 429 81056 46920 36238 
5252 12
22191 69887 57648 93958 43213 13382 58442 61595 39537 18168 83512 72222 
417 19
1989 6910 94957 53611 54617 35858 15324 96586 66048 10368 24763 99685 93582 60189 47041 23860 42052 67351 95889 
8409 15
82810 70955 19868 16772 56398 10599 64630 30021 69191 38887 98392 38604 65606 59291 86197 
9315 10
13578 57019 96890 45363 66798 2485 915 6 85557 32713 
2143 12
15678 17145 18889 34395 67372 79592 87144 21511 28330 86761 98833 21501 
8279 8
63029 73237 96414 98543 32039 79437 63624 82502 
6783 13
79679 38845 16383 95095 33737 2324 57165 44717 67583 48392 51427 16770 82698 
7511 14
16503 31358 7833 33910 61640 75046 76480 59683 60278 56141 8434 86698 71537 77109 
7956 16
23650 83790 34990 86621 25103 2365 19498 11082 59305 43098 99270 76310 39793 8361 89710 91358 
2126 19
91307 15433 24695 2994 83515 37437 39045 39158 5152 33272 46775 80042 18221 79908 75921 92653 6266 16653 14772 
3999 13
97302 56661 65489 13657 77440 87352 3733 68419 12382 98584 34483 51204 22678 
4614 13
4248 59414 38614 92694 6797 80231 11040 96201 44479 89416 90052 32798 76366 
6115 19
63877 83165 74708 46716 63246 1292 68866 8724 77082 28690 31377 25374 87223 30659 20120 15175 37543 61183 7852 
3876 15
61517 83254 30773 39365 82329 39322 60734 96222 80512 61376 74294 41615 32338 68830 35264 
9391 11
17410 37406 51622 56590 67200 39802 12673 48957 72721 48509 13629 
1486 17
26716 72111 40667 53225 78407 14278 72607 13851 18832 44282 5811 39766 65666 12250 79319 35907 96627 
6980 18
53205 55463 46236 96257 95986 5817 40284 5705 37419 23837 57681 25220 52865 92148 18909 10247 345 57447 
1448 14
89811 53233 91418 45379 95566 14370 97191 46160 88725 92889 88507 45990 61385 52876 
6679 17
65843 32194 80781 31872 78144 67448 27102 29223 65611 82681 47119 35817 83887 72151 36508 25368 55721 
1427 10
98986 40047 8827 56741 82504 7576 36020 86916 75006 87619 
4975 18
46795 82202 31058 50453 59131 4055 34111 44093 67501 17712 31660 9209 32445 95820 8832 480 77534 27153 
6974 20
95895 65028 38847 9837 7438 41411 75842 62493 90778 44804 11666 87234 29098 79596 67111 23545 65090 80790 43942 88359 
5604 17
88745 98615 83808 26363 26512 42354 3229 21085 83291 19539 63689 63423 74267 60539 98019 95456 75707 
9909 18
40880 27031 2268 61424 3900 2835 7380 78120 41833 78492 10602 88491 31603 1823 41339 5882 97876 96229 
2991 17
80187 71546 18985 82300 90602 69656 35481 465 85266 37044 60312 11897 37961 44075 3424 5604 11800 
9847 18
40102 49572 25360 83320 76930 96190 11764 98774 83562 67470 90236 51583 34886 42249 31148 86436 37905 85170 
6235 18
54675 98310 2510 89751 51514 33564 21213 14188 27975 20599 23126 10813 67868 16201 74048 85956 44347 43368 
581 12
70680 13025 50489 72047 91049 76847 82843 32404 9749 9938 65249 36979 
2052 19
13676 51552 23868 35474 24808 47943 81526 9021 17373 19915 67938 79375 67046 51723 41650 90795 23671 4242 3675 
4386 20
55589 76411 81146 63486 27770 25605 55159 51559 8144 74910 53983 20278 58984 1441 41768 41057 51286 70149 2757 50686 
1339 18
54645 83404 20827 88628 78886 84732 56789 59321 50928 18824 62939 18198 12725 38256 17636 89644 84734 18190 
5444 18
10256 61132 20854 3652 18930 47063 84560 98166 48021 6503 49271 18787 2622 53417 33361 65462 17988 48914 
3742 19
22010 98741 34927 57230 19787 93305 38617 40542 24138 39609 38515 12235 70768 90056 27890 10046 45008 53473 43408 
9367 14
49908 90301 10106 43507 82428 36361 49525 23025 31744 69960 94991 55924 65640 19891 
5619 14
33598 87267 15949 45992 5506 97867 18509 40610 59785 53891 15350 30929 5654 2603 
3332 14
30169 63645 73810 72357 73058 88703 3573 78352 61457 59005 89618 14419 70415 12783 
1657 16
8093 53199 7239 71576 22161 67509 1123 59061 73580 3095 90559 21146 19579 16686 74629 25718 
3707 16
94335 59239 77984 32128 26731 766 36584 73730 10101 816 15299 22587 20909 69122 38976 57803 
2757 16
59577 36180 95717 25657 50762 86696 46549 7774 98075 59144 91289 58455 23854 32594 52572 19477 
1557 17
3194 79620 23157 2858 11168 5566 64895 5543 85028 49134 8127 13668 60485 657 24504 69284 23294 
3614 14
33786 48878 20478 16796 72503 46988 85748 75772 80334 78608 42150 57901 92661 22392 
2276 15
16594 88880 49600 40974 53887 39529 60061 28198 83080 75298 80809 50057 59168 43859 22235 
8818 14
62386 42040 94583 98773 70211 39943 2506 95488 294 27965 86782 18827 36626 40659 
4518 13
2404 81118 20916 86071 62287 13817 36700 835 58567 72114 678 11641 18902 
5172 19
51447 57499 4624 78612 52269 6742 17102 52564 57587 40985 22553 863 71104 45727 8430 24432 67828 5955 32583 
3546 9
83879 46983 76616 55898 55536 84271 46114 29226 46370 
1051 15
41191 58128 12450 54663 65311 42308 70242 61279 27340 12699 18833 40752 71613 3680 97147 
2005 18
95397 94316 79354 70907 19293 85118 26904 77068 36257 31161 17246 65171 97916 78552 21358 57394 84815 83642 
6924 19
71058 52515 321 21608 74778 914 26289 11872 72342 79063 85194 99091 17326 72444 35243 79444 74130 28224 437 
8831 11
8173 935 21173 92109 73255 83003 9652 90428 8156 60767 28394 
7143 13
45165 61091 34953 71568 81037 20580 33208 90787 82181 55892 4712 46194 35678 
1984 8
41551 29613 12902 33464 33105 92038 60456 80178 
4563 15
4685 90525 60440 77153 89260 9803 34839 77888 72835 57610 13028 33076 98262 23443 50753 
3919 10
90734 1184 40245 66590 94347 4461 89941 15819 56056 69802 
2510 10
88952 51299 90510 94567 68356 58544 39652 58393 19813 70989 
3621 16
12828 28547 59285 51250 83989 46659 41835 12533 47660 92616 73393 79954 37389 67339 77619 20943 
6043 18
68627 14720 69971 16095 9501 57101 64437 88470 59042 55964 70295 45224 32604 18727 26451 83980 35053 65156 
5345 18
860 89116 97852 15602 94530 98257 32964 24450 62392 72349 11138 17624 31374 36536 95436 90912 30131 56301 
2100 16
35894 83379 59515 79502 8045 35427 46250 81719 30916 5865 23256 97726 54872 54967 94917 61905 
8139 17
20698 57494 67726 30109 54522 68501 56432 99605 98805 12427 8074 69867 93749 87734 10964 4255 15831 
1668 19
80410 44718 9362 36335 24030 55783 58743 88494 67446 45921 46296 40392 71723 97548 21420 77215 17657 54122 77181 
2350 10
44605 18392 73379 70 79745 92186 31049 20453 36697 36280 
4592 14
22756 11984 50130 2737 67041 94241 56565 66520 32609 62166 73461 71248 22769 99838 
7038 13
61179 99644 64379 87874 80352 22970 34793 74706 3068 11272 70019 43484 16268 
3134 17
34939 78031 35068 85767 57795 66699 51206 85527 76660 34373 24736 76719 79014 48041 49408 57609 96407 
5065 18
32542 28614 40458 9950 71471 311 6870 20130 3096 69453 75917 99038 63892 77520 71880 62380 89812 99758 
6258 19
49500 39742 18166 64880 80381 89297 99517 1626 78186 91261 56382 52036 4743 40405 61990 79538 86338 18399 2681 
2174 17
5145 69658 12767 5590 62158 47470 43276 30598 12926 34489 61096 79470 93320 34206 15093 76941 20768 
8792 10
20600 70303 38764 70023 54232 54239 6357 22102 89532 64469 
5269 16
27223 38405 26048 5257 7929 86823 9236 24854 55893 61193 66959 41417 34903 79595 84148 63780 
8157 16
30093 33974 29338 77610 52112 88748 38401 17039 8976 62986 5079 56037 43416 80212 43003 34530 
1226 12
77342 44775 86281 44968 233 62617 22973 94276 96907 8998 64032 46361 
2892 18
51425 30672 26190 51820 85247 50451 37513 56667 55996 20135 74543 20815 53745 9474 4658 72634 10531 69949 
7920 18
77123 7006 88474 39962 74158 73462 82750 9604 32889 808 5772 13218 16447 22341 77008 12732 89857 42019 
2137 18
70379 37854 56949 23621 64790 14704 4572 36726 75376 26245 46404 93795 56775 24477 75016 88626 23019 70737 
918 12
26806 50606 76152 48558 86026 3345 26656 12247 92080 51025 50540 67123 
4082 9
48890 15559 58426 97931 38079 51277 4793 88085 90261 
7904 16
50639 99218 51851 20459 45979 38815 23229 8925 75162 38488 46088 58826 63101 12314 96416 70132 
7175 12
66907 75263 28784 39305 23413 28230 17709 96386 68888 4082 14897 55577 
9701 18
65966 27268 25174 1525 1052 8094 31395 15781 2818 68342 91110 62016 51074 72243 31118 8182 15834 82937 
6066 19
63999 26382 25721 54357 80580 76927 44922 53581 64339 5571 42173 27010 8179 73795 46667 63580 10084 68886 97568 
3852 16
77060 38591 83839 58777 48069 187 72242 77869 53683 15380 60599 40172 78232 30191 74830 9965 
81 8
50496 46586 36541 50891 84897 10508 13133 44840 
5091 16
12683 88734 69124 8330 79615 89906 31388 10382 44496 25414 38037 28866 21570 39856 28304 65945 
1985 18
21711 53075 17474 61947 55034 21684 44967 75766 36762 12654 85728 46771 50199 52897 71188 21898 72046 77460 
6076 15
18577 66935 8076 73316 90393 12702 50101 10124 20059 19881 98737 88709 20161 16963 31939 
322 12
37233 22915 26229 52127 65870 72500 6746 11553 24630 98762 96607 47789 
5607 16
87884 13976 40859 1577 47916 93808 59715 1237 35592 99744 66512 1411 49891 2953 25977 86135 
7084 11
16320 25638 25547 39056 47433 38327 55157 93825 70667 50476 38219 
8841 12
72659 84550 68411 51934 56422 90949 85002 33631 9894 17203 60487 20256 
6493 10
18975 82563 75107 88148 56683 17080 80393 92547 95151 24233 
3799 11
88472 15914 61032 80779 15463 19530 11880 51969 39530 10226 46694 
3470 14
20558 98740 83206 73037 46955 33836 78132 77800 56067 41087 72116 20222 44068 23632 
4891 17
4167 95816 81515 68083 45691 28857 4718 23737 35489 99788 74078 23732 28267 42432 49811 28246 4689 
4847 12
86820 85766 16173 15764 39814 43770 18218 28196 2851 78893 49101 81475 
8846 16
55763 61090 14556 60160 19043 86400 24430 61967 31924 52163 68016 60136 63539 32854 93845 61035 
6702 16
32460 89309 25794 18442 19296 36390 25065 65657 46273 22817 75983 76843 41999 8808 81785 93166 
4979 13
55331 34099 5945 52596 9990 18678 82888 57151 68539 69293 17766 52458 98510 
2130 18
87897 51601 61137 33267 18476 14037 61213 42601 42588 28842 43888 82757 14483 8298 95370 93764 7622 21974 
3439 16
64887 62989 42178 39392 97960 31612 20458 47501 38761 47302 55859 82258 10234 86189 75470 91591 
4439 16
6785 40174 72389 91600 10386 75771 75100 39744 13903 11204 24579 65954 42593 99588 30114 9881 
4631 17
80045 80217 9577 49982 43970 98260 49649 66446 52408 56132 40434 85608 74390 6866 489 12505 63708 
8056 13
31110 63827 35890 3561 75487 45770 24457 19817 87430 34361 17128 96476 28167 
7838 15
41456 59223 32256 4101 76370 81182 23853 67961 44332 34832 10875 44970 34154 3645 23441 
6160 18
42223 6857 58977 95690 77372 37344 92697 91220 97478 74843 61955 93960 49224 2481 45193 36114 15317 49541 
5697 16
70873 31031 87577 1121 55750 95299 20694 22237 80194 87279 71978 24566 85458 15736 64853 27942 
3854 17
2245 69562 6534 36681 23466 80787 84046 23882 76913 94929 20817 92790 32246 28893 28622 27739 34562 
3593 13
28053 47659 34994 54417 67321 86790 4356 93767 97806 43298 25849 63730 56321 
2786 11
15562 29626 88803 99560 7537 53376 38790 72419 55427 27246 34993 
7967 15
87274 30594 96830 20191 59764 76043 71696 70732 85309 40555 81258 82680 3249 58473 48520 
8109 12
66840 10811 75268 5407 34450 42969 31540 23360 42782 59017 36052 52339 
1899 12
23284 60303 1716 58204 57857 18414 54589 9339 3380 32672 93748 25893 
4892 14
11386 41906 67902 67747 84002 27342 91660 53588 42322 99600 92278 62575 23298 50779 
308 15
11348 45579 30722 48910 14079 9322 4397 21203 86982 68780 91015 6814 14036 17160 61628 
8095 14
6228 90214 90909 59218 56953 66163 55875 17722 28981 47435 16669 80424 92161 73611 
6851 17
7601 88250 6744 10565 53761 4614 88064 29042 34749 67363 13616 20274 58695 75112 13606 80767 10621 
9751 18
30671 83119 97787 77396 94983 86798 40731 68269 36902 6374 78043 81153 15698 12414 92385 68977 67431 16176 
4089 18
56486 23728 81364 18207 33144 73720 92034 99157 41204 10863 73313 80200 28599 44781 51237 17923 90666 8625 
4278 14
1017 60842 89993 71948 25418 25988 86558 71572 67135 84134 4872 20348 54399 95136 
2426 13
46011 29891 79815 47956 20121 83455 80268 32695 26876 57164 41980 51424 36818 
2868 16
97267 93229 13782 28241 26426 62894 50956 82584 77889 13959 58064 64559 74618 68021 16062 97707 
8098 12
20487 52912 86941 35499 83543 6241 32178 78523 48510 45918 7982 98316 
7193 17
57697 88975 59092 69087 45085 92266 69289 71752 85721 21857 87526 81187 84847 82055 28134 39397 53826 
7338 18
53832 84415 84645 35371 4659 37339 41679 32836 22529 44353 12927 60799 26694 67426 44533 42876 33146 20506 
3124 14
99244 31431 99456 1683 57835 79809 42065 11593 4303 89360 88888 45851 24803 7441 
5327 18
42237 88264 63407 51877 83701 77762 27648 28744 45937 9908 90862 94202 12826 71382 82095 70315 10520 5678 
3797 11
36708 9448 59361 1190 72859 2911 86939 78604 19699 91766 73244 
4482 18
49467 54183 10365 97425 61732 90221 89662 89503 81854 67305 57388 44312 93118 44553 50173 24692 78570 83502 
317 9
87192 14071 82751 5507 50601 91989 35908 47106 62775 
2339 17
95783 84827 69216 65811 86162 55998 93801 48621 82212 88562 13989 73062 98479 16402 31604 63521 676 
7039 19
91512 67834 77918 35573 42126 42519 36815 98041 27978 83474 50114 77076 85555 72967 70713 76407 20064 27899 71440 
3342 11
72979 65979 39507 52081 84123 4931 49654 44990 9122 9498 96178 
5668 11
51313 78751 96666 16157 50980 66577 60769 37264 64684 6203 41952 
5292 10
55383 35718 6050 79406 18357 68171 8503 94883 56218 70906 
5933 11
95523 56989 57640 69265 52059 80946 73147 7410 98996 33213 67783 
8177 19
86465 62193 37076 27778 18057 61129 12332 45970 34772 72882 12082 15824 87722 47292 19949 68303 41349 30779 42461 
5555 15
43114 26780 15588 5128 48511 40617 72557 77368 44824 52666 43089 53231 21604 3773 88406 
2138 11
20154 37049 4045 49068 59919 70282 76670 1663 43595 15015 25805 
6212 13
62838 10024 84445 15924 35388 35386 29498 14766 52625 28692 96981 11374 5696 
6779 16
96152 42236 97360 81514 80698 32041 23458 17379 64219 28854 55496 41851 47812 2282 64426 24773 
4863 18
15612 99373 89245 21759 62723 45776 99144 14433 84737 45500 23304 95228 2632 46266 88676 7020 55508 79209 
7726 15
79952 84050 9587 88213 29087 63936 43404 82992 51359 91734 52019 44524 44950 26720 85737 
1743 19
65475 29366 24269 20821 94296 50750 23004 11480 12591 89597 50948 87627 76602 9692 68503 34912 12481 80002 24247 
9460 12
22338 72555 66906 87693 87181 10043 94677 3868 19632 60724 27752 43007 
924 7
30692 63681 59119 2009 9573 32869 2345 
7179 16
58721 36250 2258 46987 41750 35544 38619 22200 37668 45570 53577 47013 95940 22705 59713 41291 
2427 9
2173 42610 20418 69666 93108 43798 20810 90369 88118 
3216 8
81216 74598 20333 21563 14944 79179 72361 66583 
1342 10
57895 74766 19315 46270 86196 14075 88043 56297 34616 63941 
8431 9
45982 31179 76230 84779 57117 8772 92118 83161 17058 
3202 12
40153 53811 77943 85328 40329 14449 78302 62991 91975 34677 33477 22439 
4038 11
75852 55901 46822 42184 52765 8676 28298 46611 42005 53368 95365 
9205 15
48491 98492 99651 69931 35538 65426 10102 3321 20113 66926 53681 88388 84116 40765 20610 
9564 17
78145 39193 32607 38194 65091 4400 3879 47827 70424 56167 77329 94564 87438 92259 89514 36491 69604 
6236 19
95663 46152 89336 72514 26472 74537 37495 85494 43916 49075 71100 89773 67257 89011 6736 31748 23755 21997 97316 
3293 17
17869 68393 64583 13828 32674 40965 88660 85539 60315 39321 59861 16870 78980 3090 43686 83761 73889 
517 18
41481 46862 4500 89982 74245 54503 30055 79584 60630 47947 21012 45419 73642 54076 57333 3476 49599 74050 
92 8
87154 33545 20672 9131 37274 57354 23932 76538 
8260 12
8391 43255 81941 63560 47005 35133 92119 2337 83122 75316 59725 87805 
2131 16
39127 40821 96117 57250 32293 28303 63610 30118 96149 83882 5323 4950 98680 60033 35568 99241 
8933 16
89813 72257 83958 15618 88991 13688 28327 13356 12602 80083 55138 24853 56987 7347 96832 51725 
4374 17
77843 86257 46345 83665 14610 8107 35776 7662 2140 23023 84396 36125 32556 21304 65200 5748 76539 
2973 17
34945 69762 98433 33853 14497 14362 37616 34494 48717 25017 78862 12163 33642 18578 27393 61101 75883 
2900 12
63775 64218 51805 28661 71673 15207 47321 5624 8159 314 21725 42158 
438 17
66969 35391 83889 99274 35054 32649 42082 11330 66175 69232 60434 89610 38629 79345 26861 63712 27092 
4215 16
2736 21730 18783 4969 46303 25445 12790 89433 67456 64071 99574 97864 71012 80542 9327 72899 
6446 18
26401 97353 66792 68545 68205 46530 53448 69144 36923 35735 27618 83774 98393 35871 99013 78839 10142 58291 
3708 18
42834 52573 91748 83868 41962 57344 26006 91434 9115 79985 62570 80897 70739 68448 20149 90844 70782 58657 
3767 12
93034 1089 40631 78158 48637 85214 34176 32577 88197 30125 81517 63332 
2047 19
31450 16869 65400 85450 16253 81296 28650 75276 7932 37522 5708 956 80520 75223 44463 19298 94556 29083 10296 
8059 8
342 70324 26571 7136 30496 66319 55937 76963 
5107 8
26124 16207 99782 89436 71935 42282 25261 74495 
5208 11
42971 51684 63638 27832 71433 42527 91691 31584 26251 96064 41571 
917 10
97211 85545 29121 38274 99771 3449 59516 44084 33126 60729 
7042 19
60582 42074 72464 37687 49221 64879 38712 77640 24343 10231 94727 18110 79123 87349 18938 1911 92896 27467 69648 
144 17
17601 68050 19783 36936 74147 66224 51871 82815 81337 5168 98171 431 82951 92868 44290 22337 48185 
3418 14
19757 8222 92780 21134 78891 98243 4314 12207 65342 67750 37794 96870 28143 48325 
1360 10
75510 16401 55306 48303 13682 66993 99570 9139 20601 84443 
3317 17
93895 6751 58310 70348 43805 83362 9188 93982 98376 66753 18812 41538 61010 22470 11431 88061 51045 
8981 8
73258 36381 15079 52999 53912 87611 11981 89217 
5818 17
55359 1281 66216 84011 40475 91785 98400 34960 59170 32589 35342 70993 6644 14283 10087 51908 72617 
3545 17
70207 52409 76042 62319 96911 94688 35466 90854 11624 14653 67367 78285 21320 40498 5685 24607 25525 
969 11
11375 16352 94144 29407 51351 64681 38137 24281 90538 7644 4938 
6603 13
97381 72164 55519 52475 78897 14793 33966 32980 33322 63190 91856 29803 59514 
7360 8
11512 42389 50678 48561 23450 99682 33085 93449 
9096 11
22767 38478 95825 41134 37455 83646 37806 56082 30748 91376 35543 
1973 13
28670 94800 27527 50348 37676 96683 14394 94537 24433 68673 65534 5102 55929 
1726 19
75490 73610 75996 84172 63258 28478 43904 5840 65232 28713 16183 96499 3281 47647 20072 68987 39951 18466 58299 
9616 9
86840 99815 1364 75156 7556 16417 41559 78190 26504 
4983 12
11639 11567 992 64376 5939 31940 46042 13622 6461 93879 51772 40349 
8516 19
37749 7934 52966 40117 71570 97292 52095 98294 74223 12477 8108 44249 98274 91035 75237 47954 69865 46251 78660 
9960 12
54985 19578 87648 72481 90539 10159 62212 81485 72726 6102 51956 64334 
3459 18
33307 1678 87515 77920 8575 57400 24874 17120 22522 25755 87562 75515 71217 65964 10876 12206 53358 97886 
820 16
17999 52153 81969 30251 60338 8452 54419 97361 27479 82097 26664 9376 44633 86250 44370 66360 
9974 17
84938 67287 38381 3130 65344 94198 74953 97944 92066 90364 96448 44834 40907 79498 23324 99437 98201 
7801 10
74929 34242 64579 53143 52343 42360 9805 66911 64401 67131 
1591 14
64221 48058 74133 78440 81810 61495 86512 93497 8661 86526 71619 13584 65482 14030 
9027 12
80014 57018 65839 672 33279 66363 7339 7881 87363 58873 65327 16771 
7368 10
56298 83691 14375 91433 40763 15296 10925 11093 18208 67270 
2224 16
51945 41920 90958 21783 995 84004 50268 43924 12718 21346 54079 63440 8599 99336 58266 56122 
3211 17
23753 51082 33432 45273 60062 80958 42423 2888 74216 75480 17693 71341 890 21718 8863 93215 87303 
4284 16
72299 37144 79590 23103 74488 33387 94524 79501 99442 4492 84059 55489 91306 76024 95026 40266 
3535 17
69818 72449 97839 95380 81839 37 4609 86831 68628 40813 96779 17332 95166 24231 38130 64927 82397 
7731 18
74564 70586 71930 54980 31608 22107 6507 32855 36559 30295 4279 72130 52336 19993 53230 3217 89097 63158 
1617 13
77589 59984 29324 3912 28758 2333 29606 91605 26184 19774 91056 47934 70432 
4319 9
92950 64662 83203 61789 67521 5288 28815 31577 7365 
7582 19
37525 88057 33158 82778 1809 91952 74381 20934 48702 16226 47879 84906 57028 62470 21340 29878 47593 69696 77684 
3561 19
25835 44147 9167 82546 74799 25782 34048 25274 26253 50011 24286 55414 20460 36781 30477 76132 92977 92728 14063 
4669 15
53493 80104 50155 33474 20140 51957 97651 38851 97200 7570 70364 32340 10928 47499 16777 
4803 13
38697 93237 88996 10540 25838 42472 64724 82890 31486 4008 88501 81947 54173 
6760 18
58782 18940 39307 55649 84077 77028 92406 62767 98616 10514 85057 950 1126 76560 44692 65570 55458 52244 
6029 19
85567 90447 48449 75020 96859 93137 9711 19924 93439 11396 15123 6174 20803 86811 88249 55830 83667 83137 3780 
4073 13
2359 68855 46024 27061 80978 28100 54761 55069 15461 10082 63376 53563 26997 
8648 14
33752 80463 5890 5663 61228 31855 85459 81295 22446 41666 55376 40446 25704 15391 
5135 12
27385 46599 54395 68961 61374 30807 93655 4271 57108 88404 27111 24597 
4626 15
40041 93171 5871 59185 72668 43299 61425 5799 55430 41373 31619 76669 47575 12639 27547 
4381 20
21975 38669 40460 18215 75947 3505 1852 49126 46161 24950 38524 81256 47841 58217 4894 89736 1734 31979 50195 54841 
2919 13
66105 2194 92778 36953 26334 37464 22402 832 36354 22673 86866 43217 43173 
2541 16
96147 57554 79040 25662 73929 12444 32094 41831 12038 98796 43459 29965 19302 59039 14967 5197 
6500 19
25719 2890 11085 98012 73916 9035 96711 78351 64823 18749 53992 23687 72995 4401 45027 99291 20652 73215 41780 
4112 17
572 27645 65305 35584 7423 49884 67144 30218 88453 95395 72854 20577 8516 8967 68058 46917 13957 
3560 12
79096 905 7808 72829 43330 33925 89405 57584 9078 32669 50046 34503 
3313 19
15087 29810 39101 21240 78315 27001 16056 55400 69247 61534 27145 76838 97791 29372 86764 13500 54001 15393 12670 
2826 15
42833 27319 94735 69989 65409 22339 89284 769 37111 6595 9304 17651 40478 8700 42370 
6794 10
58079 64947 20271 22895 94962 60555 61900 3069 23957 60680 
4154 12
2105 3619 50924 26091 32941 51548 66068 1117 59035 63752 35994 89968 
8330 15
75340 35579 80067 19806 17885 30160 63306 55804 35551 27438 58250 62001 45963 59117 86200 
3617 9
48872 74355 19089 84356 44752 69277 40209 23200 28124 
1216 19
36268 7427 73950 66396 69919 99548 78316 69128 58335 59090 3448 68040 92671 43911 51366 44309 2649 18980 64317 
781 11
33512 8055 18138 36913 32753 59111 97620 75196 92611 84543 18752 
8763 14
13273 73956 6208 41317 6023 3320 63834 77666 52351 80982 25170 38179 49038 77786 
1970 9
30317 49785 13325 60718 92429 35806 71777 60864 17137 
5484 14
66854 59674 41165 22448 97383 27715 50882 72129 34300 37417 13019 34213 30386 43379 
9788 14
23507 39108 93478 68528 48924 98038 97895 40467 26399 52534 66593 7586 3760 56700 
2384 16
83871 89392 74373 92352 32593 75040 15032 65527 44035 34763 40514 6258 40138 66377 47168 52570 
1692 19
12711 51199 1643 13679 56466 17111 19384 26326 87509 75801 36480 93036 56858 97683 93935 68516 3721 44581 45606 
7734 17
95387 92277 95683 76638 73853 42257 25989 59922 16254 23806 12479 47672 90738 41152 70372 96541 10068 
3163 18
41984 60958 20642 24492 38375 39621 8824 26781 61612 96248 37797 94062 2141 85243 18068 41173 62759 71380 
9507 15
47750 61625 22639 76685 37861 426 43700 82357 50520 84733 38469 13243 107 28393 46675 
242 17
20744 36153 189 19002 23468 395 70018 45438 43269 89742 48235 10942 17280 86949 78106 10820 98978 
7098 10
90624 95965 92652 7070 13858 89075 72707 18441 81733 33795 
3874 14
47125 92240 87298 59828 97508 99161 1910 51644 9095 59962 78658 95847 7225 97819 
4941 17
23630 30002 5467 65735 44392 61401 65514 67072 24442 3965 12352 20211 10862 75003 33460 96750 55151 
1432 14
44014 43667 71266 696 74840 39239 92158 63003 84417 35888 4996 39998 67751 1554 
6821 19
34765 13254 40424 1631 64475 6120 40734 65710 47392 99232 74059 38721 85849 36401 82842 95339 30421 2614 93884 
5687 14
80350 56915 24711 77519 93903 11163 16767 99532 26971 12006 1309 40386 20019 82885 
8285 13
57228 15191 77979 45320 34260 72167 80043 3807 13554 21592 93030 96181 51240 
8540 15
18443 79081 6855 8706 26265 56709 72970 76142 45067 44182 96522 81486 7705 244 22852 
4618 13
5242 12430 78103 62124 44069 49356 18713 73190 39285 56330 86718 99623 95468 
1977 16
58468 86932 74523 26223 79439 89875 94900 49282 44362 35476 30488 64735 67078 53076 93365 43892 
165 17
77458 56855 28355 37089 6338 82111 76135 81958 78600 57068 71402 78531 77356 91426 33518 88798 29967 
6342 18
92024 83420 56610 14438 78035 17891 21926 72245 32670 7859 54197 66637 69395 9810 92418 82294 55491 15146 
6960 13
6247 71899 54459 19748 10844 72698 99689 50433 14405 67911 82588 69862 61486 
7215 16
3786 9900 43626 36227 5056 31228 79452 31435 44747 54209 26852 40909 71422 96816 30747 74385 
2115 19
57393 56546 631 52372 56731 70698 30329 99970 67550 40196 44940 50089 82299 3811 72783 62652 36470 54155 99988 
1029 9
2582 19794 64097 79024 7468 15258 90196 25966 55391 
7280 13
80899 6392 93565 38742 1658 5116 55355 35081 2535 88372 35778 4380 86327 
5931 14
49252 96836 99511 9728 40080 44063 27522 96216 25042 49678 65322 45909 33896 17093 
5530 17
59366 81846 95967 94165 8809 70492 6221 51062 71384 15173 59019 78721 36305 76723 81028 19170 38569 
3631 10
66266 86143 59251 30548 34949 12851 11774 22869 64207 67343 
2951 18
56678 78981 89841 29082 54790 77734 4172 96783 66648 86411 34519 42972 39796 76428 23275 1931 88658 10617 
3301 20
25109 89106 1990 31788 96993 19561 8738 16442 40547 4023 4947 38908 19556 92476 2972 87044 71697 17449 35755 70229 
4383 16
3660 88191 37770 64548 92898 51153 49762 21265 14272 40441 79012 11447 6329 93416 15791 56820 
2876 10
28551 14557 53580 92305 69894 76590 72468 93202 11362 42288 
9275 18
10678 65439 54384 5993 84400 73807 20719 44588 52454 74937 24056 81883 34618 55292 96050 68647 27217 96342 
7123 15
47465 76394 87999 74271 55105 47314 19489 11158 19726 96111 92478 22177 54767 23095 43848 
9432 18
2249 98418 56335 17858 81542 95835 11634 11793 96975 89583 29522 43546 34357 76675 1915 36104 16250 42127 
2027 16
59244 2824 65283 46951 75633 34445 82429 66356 81458 4442 16995 7930 42711 25881 34060 30422 
8834 19
27790 26969 32461 94166 47838 28952 15140 20112 94079 24810 57592 17043 29971 73288 27208 66250 80124 69488 47536 
2783 16
38236 52842 14714 42792 23568 85089 50528 71281 56288 93047 95945 59093 441 76368 17055 7560 
5426 15
72585 5925 19950 48107 28081 75702 80817 89167 72459 51907 8856 55517 80783 45328 94840 
4170 17
24690 78045 62164 13380 21707 9654 8546 56800 84045 22287 52006 39584 83717 62841 1918 80354 61321 
8893 10
66601 1543 83218 53488 38000 90842 41848 40824 94973 3751 
7177 11
92866 37924 3402 79707 28825 2230 7818 98723 41812 41307 91994 
1002 16
64128 51557 43863 53213 49726 79194 45978 38278 38792 19564 61038 9968 27661 28160 29363 75761 
2800 17
77910 56100 12913 39203 5862 90568 95150 54667 56015 97105 99798 30445 8644 15279 35165 76622 29571 
3732 13
75132 89479 90200 9031 41315 4090 18021 13662 8359 46578 55707 33443 20327 
7834 17
58700 63472 42104 34715 43920 54148 15667 5965 7810 60732 28688 19199 49481 66811 17644 46790 8043 
7848 14
2049 48668 93950 33809 39923 70684 37855 89268 55085 79622 36489 17359 5535 68548 
8333 16
45499 21547 70740 16354 26207 83079 70283 39055 71629 10462 65108 91432 98635 79174 61673 86537 
5596 14
29560 78833 56425 72802 93720 61474 84875 55621 37954 79575 21364 27374 97407 5455 
5397 16
53613 46379 25888 53554 78555 3816 98963 53189 54150 71639 27789 5699 77282 94475 15078 73351 
1192 18
3642 73614 93095 57282 40448 97350 41635 46738 24015 10881 24210 35148 16515 2495 6912 7660 66298 72602 
6134 18
88845 8314 20223 28511 15130 15983 16441 14464 46847 72197 54442 58272 21341 84770 53746 3 93362 17304 
364 11
99550 47713 3756 91980 85369 1179 98656 98916 74342 70270 89226 
2770 10
70380 82834 38940 90269 71010 59207 29312 39826 65761 79297 
4923 14
99499 97109 43946 32828 96928 37275 10430 45228 85359 85416 71194 57832 67319 13650 
5666 15
64346 99441 57402 15219 98253 35070 37384 43426 7042 84008 57680 99779 61210 78212 16932 
9596 16
68283 28257 92897 36022 46877 70628 62020 82845 350 83745 74803 24317 6407 58817 51612 83441 
3612 9
12164 75570 74097 94125 16598 22854 26970 60652 25134 
7465 17
46289 47669 73454 97510 80338 65252 48741 89671 18598 85514 90797 7105 47497 1415 78301 83690 8736 
7594 11
70307 10648 72978 75342 74153 18157 85279 84674 48297 89472 68793 
4681 18
76932 13242 5920 8956 9211 20058 74041 72529 50545 83177 35887 36866 25106 55202 81294 42506 88926 74710 
2161 12
85231 60933 8541 77726 35535 42313 79403 33316 54735 11177 27813 29731 
209 16
75416 38726 54832 89752 19526 36786 9672 47957 52117 81360 91281 21104 19323 82894 38465 61380 
1752 17
34219 14251 226 97137 83265 63175 30714 50923 66285 6294 67044 88425 14089 40002 3907 56345 70743 
7261 10
42784 11531 19734 56593 65000 44155 88509 78525 1049 69987 
7630 13
2334 70287 37838 23548 58172 82939 86198 64382 92006 1471 79061 7311 47513 
7702 19
44431 44954 69145 29319 42188 22798 10293 23592 68778 77442 95141 8305 84473 57316 45200 81986 9761 5790 129 
3568 15
57089 38570 66803 1417 31134 3120 9324 37582 34112 5430 38169 20511 15600 40438 99956 
1588 14
51817 62772 12455 73895 6186 64328 38411 98187 13277 48737 24869 28684 31691 59422 
5403 12
6510 7098 35235 27414 91840 15504 5304 96194 57799 51696 21780 15278 
5990 13
24991 72817 8844 30267 27051 70341 27750 71709 57778 17515 24689 35951 63765 
6485 15
76283 21521 11795 11652 97158 49367 26082 99457 32274 85135 67793 86061 81129 11608 67371 
7351 17
54109 67279 72240 58439 61674 34023 72391 40042 38075 13311 36168 23973 22850 14182 3102 96421 28531 
2830 19
73779 43765 27169 2816 85802 50999 24754 93477 11521 52506 81508 66058 69904 17347 2023 22923 62515 3571 65030 
2411 15
16965 28010 55926 87020 60988 26818 19363 59635 57722 75308 65294 70473 17220 58338 26703 
2127 17
82650 99260 101 58409 24264 32759 26695 53221 61867 29851 64279 35682 37197 56781 93557 51072 15442 
9048 9
81440 69244 24196 87990 91713 41335 51399 76919 41045 
2761 20
63322 51499 76196 23168 66730 27433 35400 17870 43486 53753 75348 51639 99504 41063 47506 87746 13609 24111 94016 32886 
9540 10
64100 76067 69550 40796 22506 34381 15348 3354 15073 99580 
8582 11
95124 60342 49047 36499 73331 41460 90971 78272 56004 91550 36362 
3921 17
46074 76490 43430 60181 45079 1420 43480 61771 15053 14659 63852 89556 89729 54401 86890 85820 74507 
4011 16
56544 17556 27377 93247 91863 62780 27333 91367 45199 64750 19886 71497 25444 95834 84344 37512 
2730 18
18560 63811 35101 60416 66784 71854 70104 76645 91768 12548 67025 18595 27652 40990 13444 93833 48575 8906 
7104 15
6640 86511 88759 92978 52594 11303 54403 2984 50761 80549 31313 13281 61556 72320 26014 
4682 16
69794 40742 84998 72909 4104 40842 77498 7837 86148 78245 78576 11640 29682 27390 48382 81271 
984 16
5364 20155 38364 55512 3149 10131 98443 62866 78657 26821 43392 43599 29093 73305 67207 99627 
9560 10
46631 67873 52476 24124 81457 8613 82282 17699 384 33354 
5966 13
49097 54755 19845 83074 13419 68638 84774 24337 87237 52220 27856 71086 32717 
3277 16
23432 19826 67204 68496 60395 39549 39314 30216 39191 18635 96648 94314 4816 18984 15674 29145 
2312 14
13823 98469 91794 59775 68329 28085 36522 85350 71048 13730 57537 96364 94581 52696 
1024 11
32114 24268 22368 4972 52032 38759 61721 82442 58408 68426 20277 
156 11
13469 15885 65197 1251 54977 73296 20438 46885 42859 47307 36043 
7050 20
53270 34199 13613 40683 37230 11958 63853 85014 79055 21397 54619 37315 66657 45019 57452 39815 41269 35575 6540 84806 
9805 18
205 53462 25462 3203 77204 55021 34639 60084 63350 85938 64975 69928 82251 30928 61658 57977 23730 30299 
1603 14
45451 3401 67702 65493 29990 40011 25215 70693 29603 62512 22941 91212 64885 64443 
3038 18
54995 77961 87132 35781 74535 39175 6670 78023 15187 77621 54771 6021 85081 42724 15116 83715 87299 88556 
3091 13
90370 33403 33875 78266 8607 29249 64373 30466 11278 50612 37800 86977 57247 
9095 14
75822 3621 72812 18313 37934 86290 12473 93109 49484 14246 17192 86613 92928 20395 
8050 15
68239 93694 18693 42059 37194 39647 50751 70363 63540 12728 24179 36105 63265 3975 78373 
8984 17
97532 32331 63146 74661 69829 27151 52831 69578 48797 4737 66188 9453 95310 91919 55067 17908 57582 
1516 18
89052 28928 6026 25096 65931 21851 68551 75545 54631 35392 99725 25771 88346 93938 7187 26779 86602 38377 
788 18
71733 9191 7475 80925 37079 86221 39540 80778 47995 81437 52063 56596 72963 25815 44452 92758 32579 60624 
3252 13
39908 48006 64590 47058 34047 60014 19691 48502 59604 62024 4770 53769 45418 
2280 13
28322 66526 79204 8839 20952 58009 42544 74098 95522 81643 69464 18530 86486 
3394 11
39436 15939 54203 95135 98924 10938 58482 2863 41598 64967 93786 
2382 15
28433 23143 6773 71765 57769 65970 48747 21701 92748 77262 24298 75405 1950 15841 94258 
9431 16
52589 54312 66093 72948 99710 56225 59627 86009 20445 29574 92356 9232 15629 50933 86163 54152 
7096 11
14081 74848 51471 7263 98137 59961 70558 21657 37822 74167 11788 
1629 17
17964 87209 5176 2401 83017 10507 52389 63281 14848 90454 5238 72780 25124 79503 29793 21337 57310 
1844 15
95886 84941 6335 67733 28593 32769 92028 98585 3226 82730 22883 69508 67700 54363 19179 
525 15
94441 92659 33689 87052 36685 25909 64999 54681 25874 50718 62853 88009 55125 27442 62749 
6215 17
17113 4949 29973 23386 11421 16553 94148 52762 4744 24129 14576 56408 67089 94517 45216 49415 96662 
5 12
90613 30091 70553 47081 98759 14459 31929 83777 62891 41431 34776 69906 
5833 17
36749 92834 32656 79243 18789 20500 87141 95441 474 7966 88336 56234 71847 78707 59226 36829 35847 
7205 9
37738 94841 88876 84681 23637 94683 43391 83334 14607 
1133 16
89093 48670 67618 35861 41188 21741 20708 41625 20269 4635 80544 23940 84375 23045 24559 28103 
7243 16
30369 27950 57434 83823 91025 50394 11852 60513 77263 24818 43122 36003 42008 92712 41457 50324 
4430 17
44228 62452 81339 52219 68883 36836 55012 1557 11400 92534 12679 3216 58755 80658 73238 80369 93730 
6314 16
93868 85291 94703 6555 90467 75 89015 59288 51302 80367 54430 83103 55216 24415 28450 62765 
1646 17
1110 31375 97377 49972 26314 92696 48231 51544 62017 12760 73263 96339 7653 49777 82054 8426 65738 
7974 11
59320 27448 26355 45484 36882 76647 20571 74034 46166 46572 88310 
1188 11
72436 97269 82323 28959 93460 72155 35545 83385 52332 93526 24333 
8404 10
13529 44882 38866 96954 82120 37115 91728 36801 13368 58196 
6870 19
52697 66898 87026 95767 67539 91001 76115 77930 46415 94044 81484 76702 14853 47034 71965 62271 90069 52356 87769 
3307 16
60928 23112 62701 61555 95164 29291 80457 25869 44376 53292 74641 43229 91693 19159 68951 24765 
4704 8
88817 45187 66137 79826 96939 11965 46492 14343 
61 12
83635 10448 30734 22628 26630 270 91850 4280 78493 81777 99911 38128 
370 16
94177 63098 12080 99380 66522 48966 18799 21353 32684 68900 96575 29325 46210 72080 60985 32555 
1537 18
83836 48693 12074 77438 74527 42729 97801 10681 87307 33275 37321 69114 17099 72268 54007 2729 6451 86409 
8964 20
35362 76338 96959 31142 17605 15675 97490 83880 80136 43860 80145 58163 4600 93683 75538 88448 9849 9673 53561 64755 
3868 15
88866 35657 15235 78867 15483 8246 20585 93556 71860 77797 48204 36551 79373 45565 38492 
5439 15
96330 74913 60442 49521 86206 75089 24440 17824 80092 20181 10570 95183 92296 86027 838 
9948 11
24599 90758 23869 74943 15301 7578 78907 83858 60007 44866 55894 
2109 15
59548 53017 16081 43212 31327 9177 42324 84424 53156 60640 39183 32541 35173 81350 12460 
9951 17
30746 79279 99083 23612 51430 29724 93979 49895 30497 64155 50703 15113 59129 75166 50730 6896 83863 
3837 17
77213 22974 98230 52789 9470 81538 27601 62685 1730 64520 91342 77605 89564 48163 64117 76390 25504 
2079 17
82091 87837 87813 10174 9323 47464 49627 13037 60294 65350 96654 24382 58472 72866 87657 49369 22275 
38 15
42521 61902 734 96167 97654 40183 21768 45134 92416 40728 5620 21305 51190 10335 8915 
7294 16
9222 87816 64804 14773 92094 74403 83381 83796 14520 10973 23108 1412 79261 12787 55349 21556 
3726 11
60925 4363 64035 32226 36631 28561 19778 28990 85115 64529 98339 
6669 17
59832 96915 92111 3242 85781 83505 23109 99363 42918 67049 38592 85615 76938 13095 35314 77258 1901 
2329 12
40712 29778 41841 26570 63990 19110 22363 61537 66853 32615 39794 15360 
3758 14
16430 3421 41794 80713 34316 21398 44919 94654 47580 23921 30635 2961 84740 44587 
5502 10
50235 538 86072 95575 44134 31933 74739 59022 7192 77010 
3691 15
66869 74413 41646 2121 25828 10688 31459 27344 20903 27638 72906 65137 97037 11485 14220 
832 18
86392 29746 98497 26078 76482 42719 3870 4567 54441 4118 53142 17213 12923 1489 44419 85275 75680 29059 
7910 18
57938 8794 50267 99337 73452 21206 71592 61836 20787 67778 12077 10951 19839 53740 99522 97902 69760 97655 
6370 18
33734 46583 427 32239 37690 34253 18097 91160 32566 93433 94898 93870 3501 84683 43840 60385 40362 25601 
9239 14
78515 97260 24764 6754 65093 12123 75646 55016 34855 86429 6812 93009 52478 56230 
4737 13
98118 14187 21135 74781 5932 71699 76690 83117 61044 85147 69483 13887 50866 
7329 13
36041 6974 33372 10995 67948 44482 49621 12897 22373 4662 7340 77390 65062 
1446 12
36582 35893 46000 29811 82801 83281 35337 43738 80786 53409 49522 24978 
4026 11
398 57601 9852 15377 8548 94401 77408 79079 25243 86359 97985 
9118 17
68079 93276 91227 70030 18995 73969 98028 54996 74796 23943 42877 25154 98092 32771 16910 20045 68533 
2721 7
7218 91923 20963 6677 34744 58561 51831 
9358 15
54429 37695 22173 53201 42412 34324 57123 54177 15163 21626 36304 52744 13615 14426 52716 
1553 18
21370 69645 1360 30234 69349 60459 2859 96651 19105 54830 68934 66173 40468 14183 422 50422 93628 30699 
1283 15
78912 89194 18163 65797 21454 30634 38825 18667 43971 61184 34956 96458 87663 50561 9751 
69 12
61389 68154 51531 86023 24952 65739 92147 5808 11810 61912 52387 35067 
1476 17
47921 36162 67602 57158 72019 80283 96318 81097 86219 75901 67690 71712 97603 1961 97715 19419 62389 
