480
587 12
95174 14665 73207 55872 43069 53810 56129 5159 79343 80208 89899 9451 
6338 18
99700 12190 60792 87196 95615 14542 90076 24605 84191 50679 68607 73241 28228 45550 97460 85867 3993 87956 
5789 17
54566 87405 50132 13429 62416 347 78124 30447 69491 15119 16737 31614 89758 61402 34964 5401 97026 
3953 18
5704 78057 66720 51407 54495 88667 95826 11603 32155 95955 64015 64680 38261 15550 80813 28280 19290 8169 
6550 19
94970 97138 10051 35700 31067 49892 65313 11530 97857 7958 93066 63103 12759 33058 80912 57286 85050 57527 16395 
9044 19
92329 45814 60530 92536 91227 23935 46683 49581 17491 70542 9389 79729 46489 18858 83553 78825 1450 4919 79585 
7611 11
53390 47914 18521 77532 38709 31248 30601 72767 71784 11570 56217 
5635 19
71504 43377 86870 58156 54205 94606 61221 25642 60210 72732 32143 57236 21248 13394 85062 37473 76916 50090 23086 
1923 14
26537 71859 45187 23612 98448 2883 58861 85162 9757 51298 40123 778 33125 99277 
8754 14
12560 63492 9679 36041 12288 99864 72084 6905 76666 32478 70997 21400 23771 10171 
8744 19
48693 32139 95850 85853 95147 25826 80010 84486 40512 3145 50505 60081 25213 41319 18487 11448 37131 25368 12443 
414 20
58203 57632 134 4391 35170 30257 13209 3857 11876 12491 43849 47195 82540 55000 67594 72431 98692 78367 75477 61099 
7603 10
66589 44344 26472 31061 6050 51735 44702 50416 65895 46318 
1778 13
8363 18335 44766 98875 51003 37771 18685 68698 57572 7926 71627 14180 97633 
4986 16
52927 66917 22541 36753 44980 54419 25224 40099 6363 99737 20097 1414 40128 63605 3255 82988 
1752 20
34219 14251 226 97137 83265 63175 32922 3970 30714 50923 66285 6294 67044 88425 14089 78980 40002 3907 56345 70743 
6609 19
80532 62769 26726 22173 78614 73426 64281 69910 20546 84281 76612 40813 15824 8037 44884 34525 91760 17782 6635 
1634 15
75776 5282 2981 36241 90605 69902 34392 18305 15323 87092 24468 48779 774 57740 42058 
1362 12
99195 16381 23576 59183 50782 33033 9594 73931 230 29277 18281 67810 
1722 19
89950 14469 3863 31140 49815 45872 8628 47893 51302 84111 1786 89130 64746 87275 48824 99349 3542 4251 62389 
8181 19
82963 39996 15098 76450 45999 80560 83126 49564 56979 34337 7259 52171 23141 74272 59532 29408 37489 56597 40430 
4116 14
9338 40454 52495 28986 19149 61807 43174 30546 67788 14922 36488 70766 41152 10414 
6871 20
40071 599 47629 87851 67662 31515 12282 59306 42836 75548 36149 80127 74615 74736 16615 59246 66013 21581 39044 13601 
3907 11
14146 45631 92245 99279 42943 25060 34950 58981 27219 33825 39237 
9265 10
33298 24823 53397 91487 33897 68331 82736 67953 48707 58858 
3522 14
22756 19979 45853 21066 10725 65588 15283 62043 6592 20048 28948 82905 68371 16493 
6737 13
36749 65438 58438 29521 6745 30730 86360 43806 43113 9369 88027 7209 48926 
9084 16
52301 15079 3867 53570 44721 48948 59389 76536 7640 45016 43262 28672 91376 67758 98019 58395 
9097 17
9902 9544 68480 96626 79677 98423 66826 95707 3683 30544 69480 94747 3785 16676 70185 19818 85560 
7044 20
68706 5434 32077 19378 7181 1137 3822 35737 95244 31924 97215 80696 74382 64793 90484 31676 2768 40101 47887 28427 
8425 14
87774 51261 77331 53213 908 20376 93780 56705 57872 64533 41110 29713 10636 27870 
703 17
86055 73064 49338 23091 66951 89033 56745 36614 70286 79756 49317 45427 10282 39014 97238 73048 75982 
9463 12
43157 30440 12448 71472 42681 77451 21219 20179 33674 29093 5247 4551 
1432 16
44014 43667 71266 696 74840 39239 92158 63003 84417 35888 4996 39998 26297 87873 67751 1554 
5724 19
83428 63547 24578 72830 21401 8025 43701 12844 3319 16663 13122 89956 53478 4331 91251 9003 93722 19536 64761 
510 19
36085 14700 58361 68384 94691 12979 16880 52722 64848 39147 61597 32718 26530 78369 93514 59844 17887 35139 24451 
4596 20
37485 76356 44224 20541 8260 47181 67067 54534 53736 94460 52039 33631 30901 33594 39582 48456 94343 43980 43957 92323 
1453 20
17714 25123 54983 15385 56190 28208 24651 38811 66733 39332 49749 74243 1339 59341 61255 12015 70749 68226 51412 22832 
8922 20
85397 77920 65273 41981 18982 44118 54162 39595 50624 20304 42017 66324 65981 21587 96594 67842 89647 3565 81571 84996 
6897 19
56907 95402 83304 28038 71074 14860 10856 3932 87937 54263 6564 43423 14925 48793 75602 16476 73295 54084 37550 
1976 17
32911 97795 41342 67542 67836 57068 23669 80926 62616 20066 5521 56627 97961 21064 44089 48382 52705 
4030 11
79414 56908 82056 86330 77577 16822 79646 40679 29839 91076 75412 
1907 11
20878 48874 51976 46720 32833 60202 23642 17083 99838 80149 87661 
9855 20
60258 74200 83257 45533 55738 34698 84226 89198 14014 94033 64392 21342 79077 31629 2999 56073 18568 51479 24583 69233 
9235 12
68457 73539 18807 57604 34253 75751 17945 17797 6052 41087 21296 72012 
9847 20
40102 53569 49572 25360 83320 76930 96190 11764 81346 98774 83562 67470 90236 51583 34886 42249 31148 86436 37905 85170 
9751 19
30671 83119 97787 77396 94983 88494 86798 40731 68269 36902 6374 78043 81153 15698 12414 92385 68977 67431 16176 
8869 14
50700 62772 27848 25250 9550 52124 53509 38328 82758 61039 49369 87161 13964 36087 
1045 19
17105 25087 20595 95978 77344 63622 90560 21886 41485 54028 20566 44114 43439 56316 91949 29992 39892 38313 49560 
8621 11
35203 98357 85977 43402 82447 77033 56601 15003 47268 57534 58946 
4138 19
7028 92204 45568 17444 74424 68663 55497 97831 57207 16048 41421 45495 34073 96595 37046 67693 59332 57000 6958 
6997 16
89931 98688 78792 5905 19589 40161 29304 15745 17992 87668 28159 789 87233 72751 15852 66150 
8025 12
89138 12329 42969 60747 94355 1439 24977 64190 95861 98568 14159 86652 
907 10
36274 22820 38694 74734 47831 65891 45218 94303 65743 41567 
3321 17
45249 16965 94709 90322 43884 24523 87814 79659 17541 11908 40612 31806 36802 38590 51858 55178 5650 
7377 16
26973 23335 50065 30737 91205 1673 78506 33352 84088 49425 54863 33294 75735 44049 89374 44587 
8791 19
77912 7524 86695 7772 91907 68515 10195 70762 32205 58323 55805 40812 99958 73654 5851 95022 67079 27407 89708 
8917 13
3456 38007 42526 18745 65614 10177 14901 40941 61097 22365 60134 39083 6604 
1800 12
62554 51532 24025 29997 39404 31341 97417 88329 62440 75484 37546 81760 
3364 20
9061 29613 63077 36527 26865 263 12337 75871 22334 40354 12458 43230 44704 65692 89773 57623 18219 16241 4523 14553 
4758 20
41803 61417 26076 4552 94218 63986 71749 2686 74497 91216 47525 54287 2051 37923 92408 33654 24709 23928 99010 84347 
973 14
91042 56535 18062 83999 67173 94639 50798 92793 46139 6862 60779 92156 34780 64268 
2131 19
39127 40821 96117 58267 57250 32293 28303 63610 30118 96149 83882 5323 4950 49793 98680 60033 35568 99241 70660 
761 16
82130 23432 21964 1932 76379 83408 83109 3173 78198 19086 56569 74057 344 80 3424 48972 
2380 12
11146 42369 37395 29106 12664 65802 90457 11550 83028 6118 96137 75099 
8391 18
30772 53929 7061 63384 3636 85727 48123 92858 61249 89204 47392 43078 24522 69383 33601 8085 78938 83387 
5348 19
2519 30289 22038 37958 21795 43951 27669 16521 30371 60666 44592 63951 6144 42335 75228 92159 70428 9820 44219 
9140 15
9370 84293 79025 65141 89373 53846 53376 30449 1914 61135 79150 62595 44914 53400 9965 
2868 16
97267 93229 13782 28241 26426 62894 50956 82584 77889 13959 58064 64559 74618 68021 16062 97707 
531 17
77213 7034 81118 78402 56604 85631 99920 43461 5982 28723 93849 41102 5906 39441 78964 16345 22239 
6160 19
88124 42223 6857 58977 95690 77372 37344 92697 91220 97478 74843 61955 93960 49224 2481 45193 36114 15317 49541 
647 18
19201 28501 54768 60715 42512 71328 67588 73330 56933 56401 38027 31548 84906 44367 38448 40551 74144 88898 
2143 12
15678 17145 18889 34395 67372 79592 87144 21511 28330 86761 98833 21501 
3491 19
39981 83403 16186 36976 24849 92693 52272 84838 24919 87251 81078 49651 52810 19591 751 55230 74566 39672 77477 
637 17
31175 33750 57881 63248 53337 69260 62392 40066 86656 55018 76310 36630 85689 27172 81280 47643 76965 
8734 10
49319 85619 23616 88905 86430 52536 26254 5728 763 83454 
7104 18
6640 86511 88759 92978 52594 14464 11303 87687 54403 2984 50761 80549 31313 13281 61556 72320 71194 26014 
8384 19
29310 76168 27699 71023 90223 79781 84313 24067 67329 15212 84933 67804 45614 54344 4986 69826 34713 81966 89482 
3535 18
69818 72449 97839 95380 81839 37 87611 4609 86831 68628 96779 17332 95166 24231 38130 64927 93792 82397 
3714 13
76085 59209 98308 43121 88587 77854 11653 61670 50629 22840 51719 83633 55172 
6286 13
17630 4954 935 89494 81718 76219 26168 78870 60834 35121 27488 39771 20746 
2590 17
59603 58315 54953 97615 34053 70859 83513 78111 45635 37688 5742 48875 45069 66541 90452 42927 81087 
7407 17
71967 84012 19051 99915 65910 88573 17054 56070 58136 75113 18397 5091 72956 90246 64217 46170 41471 
4217 19
2017 24071 76928 13805 30619 43789 43247 33644 63697 11497 98206 61742 18453 2725 98887 12532 84777 3150 87569 
5064 17
58186 1436 904 23729 76181 45071 36767 31266 55912 84578 92927 43448 51920 14305 57941 56560 65751 
2610 19
1382 65479 61304 49113 77032 39325 48043 89240 66708 4174 7820 74761 53356 30494 52297 11071 10458 48745 71113 
7522 18
29767 61301 2928 28974 86221 85693 10837 80038 81844 76845 50272 46514 92297 79079 66881 62507 42465 16835 
2240 10
49021 59757 32689 82465 4273 18780 38090 18272 26416 94801 
6441 16
69323 30909 78139 89384 5683 2647 32392 48752 68267 9868 88836 85948 74361 34475 25434 72742 
906 12
60103 28069 51287 44052 11604 24241 36627 87150 2770 75208 73612 46263 
6748 19
64061 68273 97875 79119 71806 417 97302 27241 68823 15252 94860 42864 23326 75359 87396 29682 75415 20156 72526 
53 11
19871 45897 2478 60488 1061 70968 67042 56156 61098 42293 27198 
5678 14
6247 46381 93478 91130 16922 14000 99348 34966 12407 64207 74391 1690 70244 24480 
9837 17
7111 46633 67611 59260 42122 1223 68610 85264 15461 55380 33788 83415 11881 6827 6324 44252 63596 
3752 18
49326 84505 57165 57550 11330 16438 5347 59402 66903 76383 25296 53263 48898 59939 12073 11309 28685 29459 
6109 10
19931 1178 71786 93430 25854 12003 61318 39924 89884 30948 
8696 20
35619 45104 44776 86267 17085 89554 3876 87902 38304 24855 77630 82092 78115 2284 82577 94634 66416 42488 5076 65791 
8363 20
86460 75160 19297 8218 22066 24495 10067 58215 52197 4338 95698 79757 90492 77027 21268 21457 17958 421 13267 12905 
2954 14
70287 43645 99236 6962 54611 77838 40455 50849 8866 18793 16431 15405 91776 60427 
8548 14
96346 84036 57586 5791 93396 28709 65776 62799 85617 67523 75463 71746 21725 5167 
2044 20
29958 39554 69029 71861 27066 89068 25945 63471 64546 92294 79761 7230 69976 59429 90947 34336 2766 73699 63723 84863 
4042 20
23310 99660 61435 32426 20223 35463 52535 12940 95977 88417 13082 12077 98479 19164 99568 77494 91056 57011 7293 66503 
2075 18
24782 49072 84055 68423 1448 18433 18122 39879 70852 86288 50393 41424 87118 99139 69430 39111 4859 38228 
3292 15
68746 93176 49061 48021 39248 64672 6051 82995 72000 99819 73966 48716 84965 81608 4906 
7903 16
40721 47300 95537 26940 52202 86620 49858 95029 77084 87080 7 87993 3292 95194 4959 85239 
4919 12
6006 89104 98753 60469 76319 74860 92830 19554 30015 97559 24316 82160 
3145 18
37013 18558 96033 56520 9298 56795 67669 8138 82833 75249 1539 37118 18257 21898 92592 24891 38087 43228 
5123 17
68230 22311 31182 94583 73875 87725 4620 44 33095 44326 87570 18712 47057 32289 35623 26371 60536 
5776 11
89738 29014 65333 17658 90500 97822 40392 51340 68503 83053 57733 
3091 15
5660 24479 90370 33403 33875 78266 8607 29249 64373 30466 11278 50612 37800 86977 57247 
1922 16
28272 66594 78341 46302 47480 33006 83563 13471 10999 65637 56722 93974 72825 26616 61330 12422 
5890 13
45170 21303 87132 51014 54564 2906 38068 86418 6903 59698 74252 21789 60359 
806 13
68168 71891 61355 43442 81762 91541 93536 43249 77280 59283 25022 2074 82846 
2297 16
32352 98491 19238 67018 61759 74118 54343 20451 72402 48161 5511 6718 42504 70960 26037 34902 
6743 14
44681 32687 7377 86606 30014 63411 54489 5617 28607 7930 49522 54070 37829 46518 
4222 15
14647 98721 74919 65070 5182 67990 33824 48687 31762 14709 42346 26186 41561 98283 18020 
6946 16
1989 49436 73738 25083 18210 23064 41924 65574 17325 19104 45419 7713 73366 41494 30558 91591 
9447 20
38493 70663 38593 673 76262 410 89681 38320 34612 76725 33653 90735 98621 61857 42871 20351 83518 38150 14339 63821 
1760 10
5901 39132 49620 14830 22422 40929 58487 82880 46805 28953 
1154 20
76263 89411 4517 21593 94666 38244 68390 82830 33886 87964 22384 93107 44725 33249 28816 45281 78403 13341 36558 10939 
2995 18
21413 74081 1247 34544 52146 43436 9318 19261 18246 57138 63121 30202 52134 19577 30414 5441 84242 5274 
3993 15
47019 56292 58199 92861 21837 89549 63237 57768 4313 22861 80554 60365 50285 90129 43520 
4227 12
16430 81144 56519 60649 18412 59775 2859 51099 61031 98396 89576 77741 
6915 11
65488 39955 36036 74797 94434 5398 42644 29988 85197 71522 85422 
4038 13
81515 75852 55901 46822 42184 52765 49080 8676 28298 46611 42005 53368 95365 
2902 8
55922 20206 5862 91783 65575 55402 71078 96031 
2079 19
81842 82091 18985 87837 87813 3333 10174 9323 47464 49627 13037 60294 65350 96654 24382 58472 72866 87657 22275 
6132 20
99616 70159 78304 91995 22965 35404 31537 49399 3129 98166 7367 31414 82418 24486 53964 86473 72999 51697 26482 70814 
6023 13
92097 27053 7563 61444 94561 82460 33275 99298 21768 60407 64872 65630 90994 
5931 15
49252 96836 71799 99511 9728 40080 44063 27522 96216 25042 49678 65322 45909 33896 17093 
2324 15
57356 37865 76509 60253 96312 39077 32373 71526 3573 41683 87567 72166 39409 40233 8027 
1606 19
70957 22806 70198 14572 16695 443 89988 87052 82204 70712 74681 81083 60313 73298 5223 92791 93400 81745 95307 
5311 19
88308 47594 27 85283 73422 52285 82953 37385 75001 71301 41168 81510 56186 66267 5980 26765 40337 31674 76763 
6384 12
38834 79632 52013 62312 10910 1010 79302 56697 75090 91835 74813 65728 
2696 16
33783 45567 12176 73130 50931 79995 17181 46459 78073 63722 58010 42258 2188 31059 86244 93262 
7634 19
59905 29078 68475 30016 19427 2837 97306 14300 98006 30971 87371 73185 79794 7308 84565 79671 62194 43729 6752 
2235 18
18597 56327 81026 65586 75038 47269 39343 91372 60651 71171 90978 91502 94805 19971 4980 34107 31664 24426 
657 8
39742 7188 35060 62073 18766 27863 42847 83887 
8530 20
11503 81373 87719 5892 26138 53582 59089 88957 32631 2304 20859 16064 42760 19448 98024 99723 22968 96213 27044 82458 
8269 10
75850 19008 54099 99085 95653 19870 40964 92585 79907 38395 
2634 17
39326 92397 79626 48967 25627 1251 88657 32044 63291 74665 98847 7784 92819 53350 13571 31721 29165 
6760 18
58782 18940 39307 55649 84077 77028 92406 62767 98616 10514 85057 950 1126 76560 44692 65570 55458 52244 
2535 16
91013 214 13128 6673 42348 30238 31798 82376 74586 89687 70731 84923 69875 11668 71440 91069 
7438 18
92491 76815 43162 42865 51686 50938 85581 86426 68645 50115 74677 29776 82920 7093 59314 89848 39760 60101 
7013 14
55639 16594 67787 21747 36084 28612 45430 52400 97797 58887 30790 2619 16940 65760 
2033 10
13695 62691 72839 25354 11329 20920 14254 43155 98917 43420 
1506 17
43158 63896 26680 10774 98002 35612 11935 32575 76033 87382 71105 95044 74048 16653 81939 38992 45517 
151 19
32877 7135 4080 71319 3581 96716 65393 90385 45838 51485 8997 52988 88713 79395 38722 80806 51752 71380 77181 
2321 12
90230 72333 21283 64638 41738 67825 25381 30432 13448 42735 34064 17994 
6293 20
64031 88523 98072 371 9141 94366 30970 85726 34597 3677 85208 41636 37533 33830 99299 56280 92483 23154 91875 77565 
3726 14
25619 60925 84645 55052 4363 64035 32226 36631 28561 19778 28990 85115 64529 98339 
3546 10
83879 46983 76616 55898 55536 92353 84271 46114 29226 46370 
9470 11
35923 38753 84366 28263 99065 81757 13906 11011 6045 73995 27629 
3862 9
15225 16396 92766 68792 13943 71775 49033 44330 17058 
2955 14
80141 63230 32015 88160 6516 23994 33459 55897 53844 56846 82628 67929 45602 56386 
7086 16
75494 53624 96257 74887 10124 35275 37745 89110 28057 91905 6844 8190 85069 28469 61024 60001 
6947 16
3786 51113 21070 7199 19959 32398 25707 38963 7024 18436 4090 11879 75528 41470 81664 2655 
505 13
36162 65276 53843 78255 67860 49724 31996 79260 6284 14468 65045 92748 16898 
4582 16
52467 79193 88897 60147 82478 36441 29228 67075 34486 23834 93482 25238 28841 86592 78386 98085 
650 14
88226 4701 26135 68353 59551 78483 50898 68345 60100 18275 44740 61008 33694 78383 
8493 18
17796 46929 67179 23222 64870 51494 33816 98137 28829 38151 11529 46814 39706 58613 82670 49013 19203 95865 
5020 12
72364 56306 61717 28296 24078 84053 23908 97385 71679 34753 70976 11335 
9316 15
5807 70147 99852 47309 82906 37623 47249 75727 83085 33100 43322 78016 42636 19434 23358 
9190 20
96357 1958 45448 64270 18878 19799 36270 50787 26855 69650 73766 50452 36196 52626 81730 85464 6343 82163 37077 30253 
3942 13
89499 86425 29547 52919 68953 63091 36673 63283 79762 55387 63998 30676 48230 
7025 11
10805 52644 5509 19809 18708 19506 81812 76817 98482 33186 52788 
9772 17
45682 52743 10161 77264 41179 10639 18994 71956 39849 1331 12919 34725 70656 95372 90925 20394 63725 
1596 15
79620 43430 75356 60540 25014 30880 29111 76098 99733 15116 66979 11141 5745 19531 2125 
9360 20
24107 21817 50690 10309 87026 56144 78325 80313 5046 30705 90434 65510 73221 34983 24559 82589 8808 53414 61639 79495 
8728 18
71936 33260 69082 65433 50050 87702 32405 56671 10134 74374 73194 74978 35881 72584 47730 18116 81479 15654 
6992 13
36392 11808 41507 76198 18627 78207 57291 19916 93173 65452 19422 22059 38949 
352 17
30431 37959 52633 93909 28700 51758 15183 80885 24466 83094 91416 34317 43463 84745 55062 42321 93988 
6651 14
97922 17235 75521 51614 71387 21468 47244 24752 52850 42422 56279 10564 34061 60822 
180 20
22770 56086 52970 71005 98128 862 79716 3243 20863 72660 75870 84541 97815 53633 57753 65750 31588 87213 35394 54866 
1342 12
57895 74766 19315 46270 67961 86196 6330 14075 88043 56297 34616 63941 
4072 13
49199 82737 24964 82192 45975 79313 66899 20136 72640 79547 20232 68899 27998 
472 16
6114 25230 72355 9276 31706 88651 94093 80323 30478 4297 32042 85636 16126 12303 57381 38885 
8978 15
35943 59571 47581 71837 39648 54607 34377 42756 95640 32316 75407 47102 83323 71838 328 
6805 19
8175 5852 63182 87313 12103 12320 4740 21120 83178 49444 72651 83935 6252 7080 96088 51279 85071 20240 59020 
3290 18
23482 82662 9508 90740 18661 76 33484 84907 81172 43961 93512 17413 10959 14447 28385 91742 3676 79759 
7922 19
71172 98150 50517 28021 44733 97664 40713 55821 60934 53090 98409 68941 27539 59814 66895 93038 27402 87544 30135 
2100 20
35894 83379 59515 79502 1945 53743 76171 8045 35427 46250 81719 71192 30916 5865 23256 97726 54872 54967 94917 61905 
5013 14
12961 83254 39938 74158 74804 8702 99669 94442 1295 83357 64550 94655 33940 96735 
5045 14
81929 91510 69841 96736 19538 74295 45296 15487 47278 22951 8168 5722 16030 59458 
3894 17
76517 51100 86786 24498 66306 94409 38629 89195 46203 10157 114 58254 67794 52478 69300 89496 75894 
8118 11
62466 88348 76967 89407 16043 96778 17889 25701 82146 83065 80724 
2346 11
90784 3616 22001 38852 62638 23022 5214 75265 33916 90132 2355 
3289 14
10448 6747 52384 59597 93301 46612 37342 72724 93236 26706 76704 50625 88478 36689 
9489 14
45503 18137 69838 38547 19784 30649 91694 45883 92402 1669 4490 88497 29598 56940 
317 10
87192 14071 82751 5507 50601 91989 35908 75006 47106 62775 
4705 16
37941 9691 51664 92431 71928 26982 33664 24661 95102 66365 29112 15961 28939 58350 46654 27498 
5710 9
33303 58968 43266 58407 16643 96995 75117 52625 6552 
7501 12
93725 10795 81514 45109 32939 51808 45035 18882 40825 80333 66535 68722 
148 20
74244 73136 87691 38119 1799 80395 54912 62178 20919 58781 19015 78251 39506 48041 27152 29002 31811 24662 36932 95553 
9610 16
26024 15889 72458 10310 80133 73708 51124 99410 59639 7226 82028 46899 81281 94445 8256 61799 
2510 12
36151 20151 88952 51299 90510 94567 68356 58544 39652 58393 19813 70989 
3572 19
61989 60392 89382 56378 57615 83768 92553 11614 58966 86559 7170 65971 55647 36954 71847 52260 25351 4815 38634 
1161 11
41509 24904 17614 57095 31630 50715 45754 83258 35684 47289 6615 
969 15
11375 16352 3560 94144 29407 6800 51351 77890 36205 64681 38137 24281 90538 7644 4938 
3134 19
34939 78031 35068 85767 57795 66699 51206 85527 76660 34373 24736 76719 79014 56152 55714 49408 67351 57609 96407 
8795 16
47816 89427 30617 31898 51607 7588 75616 72714 7515 35653 33606 24629 34827 20115 11887 19282 
9918 10
63551 71772 47523 14457 27484 83949 61821 79933 49584 31825 
2377 16
19121 81846 81930 43077 66163 42153 39997 44809 48680 75464 91773 63660 44108 92809 60494 11402 
9956 13
34601 84525 73679 97509 38387 83481 46911 26478 32066 882 86895 39065 51185 
143 13
13638 279 49036 83523 39825 77545 66255 52677 60993 12602 5193 2562 66161 
4977 18
63297 11224 11548 49185 28301 24860 50638 67647 37896 25892 76211 65947 16293 90518 29970 67010 28157 36862 
4545 17
35911 35642 92567 25117 50157 84783 89590 92914 82672 90514 51995 49877 64327 21389 52327 70153 25769 
9873 19
75357 71994 34943 83456 4663 21049 31850 12600 61023 45056 31740 95099 69032 69151 46637 786 13861 26306 96284 
7575 14
67566 43509 79454 81317 53525 60496 80057 14517 96630 31529 11851 99998 56723 66420 
6977 17
66128 32183 70449 71114 50143 34286 75975 32393 26326 17293 1942 99975 97203 16614 48057 70124 99006 
1901 15
26019 6822 6543 41705 99848 18070 61576 87094 54043 11842 97064 61642 34408 50195 6441 
5151 13
64637 56578 21004 31472 50095 17298 49904 83103 11036 22371 90489 35564 17021 
4473 20
42415 4317 53865 73746 26005 6122 81713 50259 71325 49167 23389 95684 43064 18569 91984 51623 80782 50710 62394 77021 
5171 19
16578 35832 10543 49129 52278 83485 98516 58294 59834 71222 53013 31258 22050 72316 8111 32968 57161 30835 80163 
4856 19
32873 52296 24690 32158 67208 59925 64631 25103 6048 64511 49228 98471 80444 68185 35274 44805 47955 29110 12493 
1931 11
39515 60866 28675 38407 92343 83027 2576 28942 41900 79421 44803 
1932 18
78380 44396 29905 84802 43717 77693 11615 13256 85131 49830 96632 9581 44091 70323 37908 58061 78764 95587 
5255 15
91419 90966 16814 1064 76864 62365 38278 43445 23025 64732 63159 60635 78135 52593 37518 
1682 10
95196 21978 3620 15285 53116 78983 30759 64179 4814 67791 
9061 10
97758 6623 14719 47228 34454 40717 6237 97493 42091 36314 
2389 16
6548 27543 45793 52238 72406 26050 56611 57672 35865 74749 31000 91690 7786 1489 34830 10523 
9701 20
65966 27268 25174 1525 1052 8094 31395 15781 2818 68342 91110 62016 51074 83698 72243 31118 8182 15834 82937 86794 
1204 20
691 88684 78355 62670 97140 58673 11271 6582 12557 64777 79823 86720 50420 91388 54349 27545 29562 11677 31487 85773 
1195 13
9331 14934 67451 34 58034 12925 16525 81708 60713 65784 61163 99673 79555 
1814 11
16256 83692 67165 18023 80605 39103 79002 81056 70838 43728 72586 
1133 18
89093 48670 67618 35861 41188 21741 20708 87020 41625 20269 4635 80544 23940 6023 84375 23045 22869 28103 
5766 19
94640 96258 921 12480 99985 44295 62407 62105 82161 88109 95273 70642 28019 55134 58096 8848 16849 93662 12886 
5589 14
28172 30920 93461 16716 18607 63705 41680 8447 59911 7436 59009 68026 32515 99825 
162 20
63258 21451 3232 89108 68616 20399 25561 57980 82818 77681 36736 57419 12791 71675 53455 63503 57452 79103 5420 80156 
3954 19
19488 82309 60846 65040 65492 41916 94482 73802 89107 34879 72792 29964 43546 5135 26948 53931 90743 73483 41484 
4193 12
82470 16068 8596 51587 29869 52011 58278 97482 99564 34675 49397 24403 
4798 12
20972 3629 4884 45710 75410 20854 31668 11259 36368 85777 17631 63031 
2504 15
449 34013 53082 33155 70525 86931 83227 56410 7223 95592 370 67989 48916 58878 24035 
1949 19
24096 18968 71256 82966 98832 52845 63589 5658 7767 96757 99572 99686 77607 75188 21318 29512 46254 41367 1416 
5804 17
94485 99751 90819 91571 51893 4467 68128 41712 8105 22763 48473 62136 8102 62289 5917 30618 34521 
136 20
59229 89139 44802 13761 40032 91654 56992 80739 30890 62274 59705 77442 58009 96918 71630 26421 98607 43787 13762 82340 
7201 19
75421 1870 46664 33173 97303 98275 95419 7886 71207 2668 71365 81726 17893 5891 54759 23777 22662 76802 38846 
7042 19
60582 42074 72464 37687 49221 64879 38712 77640 24343 10231 94727 18110 79123 87349 18938 1911 92896 27467 69648 
8252 20
15644 24053 43887 1999 37139 22870 75849 95482 36026 70777 48007 41332 23250 36571 62528 7933 82089 29847 3773 66036 
6082 13
52396 10519 92130 35503 54744 20305 88802 87263 5432 58892 25528 63337 29329 
4871 19
920 12492 79041 29616 42134 10014 2030 11543 55914 58146 68337 17652 50357 83073 18945 98377 17164 66996 72701 
2312 14
13823 98469 91794 81542 68329 28085 36522 85350 71048 13730 57537 96364 94581 52696 
8124 19
24203 92010 91445 60124 17381 43674 16017 73964 63901 96909 47515 64953 77569 20796 74777 9262 42355 69653 93906 
7984 18
44930 27980 6981 57104 7690 38861 57279 91557 40900 55615 78896 88120 97991 83098 98660 59248 60574 56008 
3597 20
40462 30212 95110 43268 15572 44464 11413 10118 37962 76133 90138 43181 26650 84345 90342 82493 12667 73670 55285 59146 
6588 20
60125 88210 19537 75995 48982 50826 49067 50809 7618 42352 66794 98341 1988 82960 38766 2159 75758 47631 37636 36766 
4638 19
18505 98657 70003 14960 6786 13147 483 38607 76066 25768 29217 86539 3973 8491 21217 60699 50338 23495 26387 
959 17
75141 11034 29825 78555 21381 48481 29854 74325 56496 68767 64001 81585 83445 78376 66893 14456 25028 
8482 19
70288 96977 78597 73754 63112 35307 81431 79819 10884 67501 37324 61594 84574 47033 48488 80066 56376 15793 16809 
822 12
8699 922 83102 22919 99608 80095 77822 36123 77812 13934 9044 44944 
9833 11
74638 74124 14706 60218 13060 63306 4580 29207 69354 33929 42595 
696 12
31034 13010 73125 23367 49434 68156 54238 95851 71156 19227 56957 18815 
5009 19
41038 68079 64435 72454 16985 15 27183 34772 37596 80430 17739 13338 63181 66666 42843 51575 11343 38097 46546 
9255 14
80757 17705 54473 12490 14871 40739 1875 29485 19731 33025 69499 87929 10121 82545 
8149 10
16863 79950 87508 71560 59349 39297 11281 46288 42728 88199 
9486 17
77993 25214 29781 88324 29916 88042 144 96171 85828 42294 1142 3667 13021 47863 25217 50136 81616 
8773 11
75291 17779 56192 85276 13380 57468 89908 36647 40334 5104 33557 
2782 11
8202 35129 82323 39935 18103 81573 7826 20879 49505 64784 13815 
3910 12
809 35584 20573 46423 18389 98715 64289 61256 27554 77425 85403 94536 
1349 19
28366 22375 94002 45850 11511 19353 74174 82237 75381 17539 56202 42110 32056 50069 8164 86640 63894 44508 75694 
6129 10
76567 18743 21030 92605 85677 14224 88971 65399 60913 95606 
1742 14
94839 14368 17314 33803 31796 57061 84870 56059 80433 41731 94946 49286 55744 58461 
4130 18
833 22451 15410 34188 86176 14511 45861 41392 15077 71128 59238 16453 84359 50355 17389 75000 23382 52884 
8912 19
36219 9206 5735 53735 31202 11771 61440 51355 23631 24608 57032 74752 48048 37555 69852 33840 67082 76800 51469 
3406 20
22649 39556 28551 86708 67680 2525 55139 82917 53507 3749 37390 86556 77535 82683 84299 66604 2838 36740 33196 91345 
6172 17
45206 81833 62351 10349 46298 66353 15707 58372 52010 43648 69707 69088 86960 701 33705 43842 3427 
2137 20
70379 37854 56949 23621 64790 14704 4572 44632 36726 75376 26245 46404 93795 56775 24477 75016 88626 23019 70737 16397 
7737 14
32276 83212 41993 14995 95552 76706 46327 17918 77702 12538 99172 73796 62385 13038 
568 14
87500 45603 31913 62941 85240 46855 36476 76486 77505 26642 2369 69355 75920 88944 
9686 17
12234 58585 1739 19857 67539 67202 98885 18898 4984 65300 92969 3052 66874 89718 91702 29417 65441 
2394 18
47576 34607 94214 40639 96142 36757 83514 1998 63799 25967 43263 73569 6758 20575 12871 36193 9796 29201 
6839 11
57846 61180 40653 40431 71039 24510 98695 95943 29727 14163 80091 
3679 16
43919 30290 53944 77953 73279 32628 49586 15648 91484 54193 20209 39446 8895 23169 73820 64846 
88 18
92257 9925 71517 64710 83567 26920 13921 16584 30039 87879 28074 15842 42841 8235 85299 83687 16004 96717 
9300 17
23942 28480 6054 84551 66845 47429 19935 92744 18808 28608 1 21273 52207 76459 73913 87946 4306 
4637 19
63609 28299 26142 46712 95262 16353 59528 50684 78679 72198 48895 36055 96659 67409 54237 89342 58115 89102 20123 
9294 19
42080 72711 16973 96726 23597 68640 97076 42870 89243 7009 57516 37909 747 37479 48181 54341 87581 33522 57295 
1559 12
48838 83093 90715 51878 52328 13735 57844 91615 49428 21448 94008 32310 
2006 13
94498 96323 16873 36998 3964 20664 88446 79411 27157 42790 96719 75657 42447 
2202 15
37238 58313 61811 10695 62225 59895 32170 83847 47233 34272 78099 41996 70179 69631 3811 
7989 13
22925 80808 31099 46874 12877 34694 46347 25304 39418 92114 95793 33147 4181 
3991 19
13418 76039 74394 60091 84748 965 19820 53412 20429 90156 47613 18276 14943 89303 14661 49440 63001 46311 59533 
6976 20
81336 89056 92586 97336 11231 2163 56081 92699 97119 69510 89120 74902 32712 66507 34239 26150 60936 80822 64849 33516 
1348 17
19371 53262 13098 39422 90465 58518 6111 27379 41574 65834 10838 56091 90943 73329 9142 55706 81953 
4631 19
80045 80217 9577 49982 43970 98260 49649 66446 52408 56132 15196 40434 85608 80023 74390 6866 489 12505 63708 
4395 18
66605 93942 77725 91034 9978 90725 91851 84928 93784 48010 82899 14023 68609 78663 12772 69050 97933 19596 
9710 16
6781 2326 20296 81390 3434 31160 3849 35928 75325 67212 30201 983 93727 63170 56679 74772 
3323 19
23191 11458 24936 51815 71802 63295 20331 19171 67048 56606 4874 10306 90404 4332 45694 7260 17032 44961 18902 
7193 18
57697 88975 59092 69087 45085 92266 69289 71752 85721 21857 59466 87526 81187 84847 82055 28134 39397 53826 
679 17
8937 76598 98826 5008 10728 38913 39950 5442 1380 85535 63537 38440 56499 66304 28064 42288 93904 
2144 12
7776 62673 39234 65933 40437 18220 2623 37470 36485 59023 83373 8888 
7093 16
79402 42157 39774 89207 55072 29316 4706 85529 70846 12418 58470 35516 71751 36406 31400 5216 
3906 11
83516 87685 94329 55817 6030 36478 8468 1949 67311 45066 49262 
8691 18
48126 46058 1012 33992 80049 35565 87419 18437 15480 78477 20152 50247 78715 29434 85175 15371 11153 59290 
9092 13
27133 70866 56179 39395 52279 14736 59636 33002 43902 83350 4727 61446 50047 
3018 18
57657 40816 42088 20885 65065 3919 97192 77621 96944 83338 35915 80889 95023 52662 48743 69163 48801 66797 
237 13
48154 91842 88352 73477 67478 86725 31849 80910 82791 7343 12804 95786 62161 
5933 11
95523 56989 57640 69265 52059 80946 73147 7410 98996 33213 67783 
8226 18
55921 97687 63151 39877 1389 80110 32452 91670 94548 39729 67199 23282 89734 64000 62583 32778 42020 1636 
3229 15
99601 45433 43290 25510 14939 60149 43248 45081 10429 35511 9100 76434 96380 65445 74019 
694 11
58055 95671 57748 50489 56320 42094 55401 49859 62376 44731 2487 
1937 17
69105 10563 22489 93648 91844 57859 74192 44641 49694 2659 87323 20797 54879 50371 23226 38481 92847 
7491 17
32661 60681 24104 14389 29611 39743 67568 89044 70505 75423 25513 39338 6316 43424 48935 8221 69142 
1948 16
51547 21221 44912 85158 90682 44627 62011 21302 39560 47299 87494 27621 80843 99273 14595 55184 
661 20
48941 87312 32402 83190 46618 77606 50977 25973 15297 26557 49350 31489 55860 41272 44823 15973 86001 9112 5110 66405 
1659 12
6279 75181 66551 60276 19804 50300 56181 17025 42808 55938 76475 43695 
4381 19
21975 38669 40460 18215 75947 3505 1852 49126 46161 24950 38524 81256 47841 58217 4894 89736 1734 31979 54841 
9431 19
52589 54312 66093 72948 99710 56225 59627 93347 86009 20445 29574 92356 20072 9232 15629 50933 86163 78398 54152 
3525 16
60690 22992 53202 39839 33222 26248 28338 9648 72796 5122 89782 54655 97816 80204 11729 99793 
1023 14
9084 94739 10828 85591 97098 27354 97587 89160 61112 55186 83452 99039 43370 30515 
7499 12
84968 51896 26531 17602 31954 41222 37774 73227 32669 19177 33465 42663 
7845 19
16633 91286 74608 16732 67789 6176 77346 67944 55609 60552 3778 49341 3102 44139 1206 36968 44229 83324 40262 
2531 18
29046 73767 68589 98969 56128 88539 29739 71077 82929 21480 9908 83089 17981 73686 45891 17766 12755 82193 
2220 17
80733 32322 44761 8453 72557 27103 12045 66954 78005 3043 4908 9170 83121 70720 78004 30860 98380 
92 10
73669 87154 33545 20672 9131 37274 57354 42710 23932 76538 
5853 17
45690 74745 69503 15189 86337 95766 35992 74376 46472 40237 98161 7334 52055 26098 78738 71022 51319 
399 10
36203 59660 55849 58319 86560 72616 44405 92949 16700 83483 
177 17
56212 74013 35086 79625 32108 58466 68856 24856 38787 859 58838 63728 41033 86060 56541 45612 722 
8193 8
66450 25115 37120 43582 41233 55811 5237 62098 
6423 18
16915 6832 18339 40246 95350 95909 60935 7116 51462 64766 59936 10228 83681 23991 28524 9657 92164 29438 
1743 18
65475 29366 24269 20821 94296 50750 23004 11480 12591 89597 50948 87627 76602 9692 34912 12481 80002 24247 
2085 19
83913 46555 45864 98841 6019 24199 12027 7175 79526 19455 55503 84 40109 78571 62580 3332 96920 77445 14537 
7791 17
27113 54133 35109 83007 41427 75810 87331 49959 81321 87958 48237 26638 84014 32187 91641 81874 93181 
6586 18
51950 64014 86445 35966 60687 22929 42086 5579 47698 41139 90896 60901 87131 28119 42600 37323 73428 96436 
7045 14
67035 70445 17983 79991 43027 15855 53886 50528 46945 40769 30104 48410 20267 64734 
748 11
13175 9893 5418 84186 70732 32241 83804 60607 30425 86801 48232 
6370 19
33734 88380 46583 427 32239 37690 18097 91160 32566 93433 94898 93870 3501 84683 48312 43840 60385 40362 25601 
1565 17
60497 21345 34472 94823 61342 97056 85015 96150 29635 71487 32549 91398 82383 19907 52008 72597 5130 
1024 11
32114 24268 22368 4972 52032 38759 61721 82442 58408 68426 20277 
2094 19
35843 19098 54561 17621 94594 86457 14668 33218 8563 8193 440 42579 60462 69442 30639 94298 48468 14588 33503 
553 12
85293 24031 41198 4588 94079 17475 92964 68602 11263 86338 47859 14976 
4979 13
55331 34099 5945 52596 9990 18678 82888 57151 68539 69293 52458 98510 37300 
9804 12
20379 39371 70934 90960 4722 6738 95702 69303 11385 56421 51501 16162 
9367 14
49908 90301 10106 32324 43507 82428 36361 49525 31744 69960 94991 55924 65640 19891 
5044 18
75461 95696 35396 68627 52869 31816 46512 81268 25684 43088 27376 61145 25110 91104 22530 31022 19821 14489 
7508 14
49118 12060 66706 36291 29862 25479 35852 27972 24653 66478 94489 28843 26792 15332 
5832 17
30491 11230 29541 89442 55845 94280 81362 47628 35128 88401 96715 56796 71492 41880 34345 26420 10779 
4430 20
44228 62452 81339 52219 68883 36836 55012 37464 1557 14462 11400 92534 12679 37523 3216 58755 80658 73238 80369 93730 
3483 18
90279 42098 11010 87119 51336 82304 72828 94901 909 87024 94004 30642 18848 91934 88637 38455 69536 1098 
8301 20
42833 77553 60520 77403 8668 33035 59243 80421 56580 68204 25209 94550 23887 73315 93091 86813 91618 79257 44378 79564 
5345 18
860 89116 97852 15602 94530 98257 32964 24450 72349 11138 17624 31374 36536 95436 90912 13629 30131 56301 
2882 11
16292 6626 34082 78934 24478 34255 48828 54090 7897 130 65860 
5023 18
71227 57179 42712 75447 66078 8667 54788 85676 13803 72850 31201 82184 73933 50887 5825 90649 87136 44869 
6719 18
3944 88270 76904 17853 24093 33452 97465 21056 50175 57248 80492 25295 39688 61383 25772 11747 68776 12394 
7197 18
33752 79354 40527 45087 9789 70548 60373 37221 35493 57825 50884 22905 29183 47711 32052 85002 23852 17486 
3478 19
19603 68600 46573 84384 75878 27194 78047 56797 88298 14397 47361 87497 38160 67220 87468 27823 50353 60296 82528 
1654 9
8543 75014 20083 99131 52611 6746 86486 95041 12061 
7630 14
2334 37838 23548 58172 82939 86198 64382 60555 92006 1471 79061 20506 7311 47513 
6347 15
18066 22234 76577 11167 92034 30942 25930 2731 9669 54710 75591 132 3513 41870 94592 
1307 17
46815 23465 40496 72959 33850 60016 1529 77218 75297 48817 37105 24787 54991 76167 82495 30185 86902 
9553 18
86467 60561 22616 44997 10375 42722 21529 87340 15090 73449 95899 66104 22578 78814 64309 81772 45017 323 
9871 14
1601 84703 15552 87836 47617 29061 92079 17117 80393 58231 63085 15113 70576 21955 
8537 16
79835 94493 55420 90302 81959 74051 93187 2719 64050 48676 35258 3899 2932 31480 98330 218 
9128 16
26264 20291 77778 14032 6199 22056 76510 50738 59735 41170 48531 90595 43449 6763 88368 66290 
8008 16
71377 50829 61943 33914 37017 35381 78600 3839 38386 93520 86370 765 69382 47538 78634 69813 
7075 16
99835 92121 86304 37195 2387 66289 27107 91201 71055 29624 88983 17920 52111 92755 69741 753 
7444 19
27771 80241 342 47632 92427 86532 85715 1106 19481 41361 63381 85502 53247 53008 6184 33052 42359 7870 31409 
5002 11
23352 31469 26815 79017 56284 79583 4951 10707 62072 18834 74901 
4624 17
21930 516 23236 28699 7265 59879 47997 63594 89048 77121 88698 17321 95302 41364 73457 49398 34530 
1989 13
61260 79182 39893 85142 89037 24761 80644 60870 97175 51836 64154 53033 70849 
555 16
79265 57518 37310 22635 29340 29929 67932 11256 35007 81758 83947 13054 26049 52206 52560 47424 
6669 20
59832 96915 92111 3242 85781 83505 23109 99363 42918 67049 70627 38592 85615 76938 13095 35314 77258 1918 1889 1901 
7511 14
16503 31358 7833 33910 61640 75046 76480 59683 60278 56141 8434 86698 71537 77109 
4297 17
41818 40293 7838 40342 71757 28652 25838 75660 8519 85081 19612 81533 55765 596 50128 35826 5924 
8060 17
45440 79877 33741 28229 61966 69977 3477 55627 6553 33192 7272 33787 86389 48690 22041 9481 38195 
5956 17
61150 73217 1566 33959 51647 57377 66314 65480 81811 92215 83263 93419 62969 34372 23111 18497 89882 
5736 13
34072 6524 95208 6920 99003 20135 90598 5729 22150 55280 32846 47874 66362 
9071 19
25835 31204 83218 95547 67721 91316 40649 90759 41982 71336 69935 86439 12463 56557 48724 9845 2797 96832 42509 
1945 16
31730 30273 75938 23955 67396 74245 43277 2983 6908 86138 40815 93490 48513 15608 48282 90005 
417 18
6910 94957 53611 54617 35858 275 15324 96586 66048 10368 24763 99685 93582 60189 47041 23860 42052 95889 
336 13
33376 95097 68306 69547 14879 35413 708 45101 4456 4018 20031 78480 72530 
5219 15
22188 22397 30980 48243 90846 11650 65749 94762 15058 27426 2318 89641 50308 86054 68110 
8112 16
77624 57463 99655 266 24848 96351 80282 82350 91097 34577 75915 18015 50610 31130 9293 28832 
4187 17
34811 24083 74882 74113 36547 17209 49193 16251 9564 26352 72156 20997 22792 26427 31820 62549 49274 
4614 13
4248 59414 38614 92694 6797 80231 11040 96201 44479 89416 90052 32798 76366 
1485 19
50290 45290 63188 17274 91393 47028 68201 68523 1268 74662 18868 76026 22952 56084 4679 33775 9283 87854 55995 
2737 18
1780 35484 13839 78710 64827 77444 89450 43703 40330 46156 3905 80130 33748 31512 9560 3325 25708 78758 
2674 12
20642 46453 96475 75515 81955 35773 1760 10400 93114 14283 73280 1459 
7338 18
53832 84415 56161 35371 4659 37339 41679 32836 22529 44353 12927 60799 26694 67426 44533 95318 42876 33146 
6918 18
44547 88056 48893 48556 95410 20683 70018 83453 7593 59235 82230 59455 25710 99191 67988 36918 45540 52597 
960 16
4926 72642 26015 68638 81617 84332 76569 79697 10369 87430 69955 98653 96800 5744 46488 99227 
8005 18
66483 43568 69565 63014 54867 7518 80374 38757 58998 22715 2171 98798 11769 59779 50403 63729 75201 71358 
2296 9
25580 86690 26228 68248 67453 93474 60053 25311 84449 
6063 20
54575 67622 67848 78200 9552 95598 41516 96428 79788 1266 85987 48962 51504 36058 66962 28199 5828 91877 9218 50947 
4386 20
55589 76411 81146 63486 27770 25605 55159 51559 8144 74910 53983 20278 58984 1441 41768 41057 51286 70149 2757 50686 
8601 9
21256 49002 54949 26922 44672 66301 27514 74182 75173 
3998 13
30958 50288 19932 94628 4051 57688 71934 88054 97779 64979 89508 91337 53876 
3956 9
11245 15402 66502 49263 61678 4173 17757 21543 17691 
462 15
11995 88288 65678 36094 36722 92412 96865 12322 82077 31505 72407 29109 84319 73681 45164 
7442 13
43972 88066 83475 51910 88608 2411 75666 7033 95694 18588 31144 60742 84007 
9948 12
4624 24599 90758 23869 74943 15301 7578 78907 83858 60007 44866 55894 
7088 19
94375 8412 27637 75544 27839 21222 24928 67545 8631 29514 10166 42899 58188 85703 4075 97301 45307 42986 23859 
6084 16
49700 80020 41715 91466 40142 69840 81884 21830 70603 37595 29120 5947 75328 34816 26978 82735 
9641 15
95066 91498 13853 90634 39752 56583 85065 52231 46240 77591 91071 79482 78078 22138 79147 
1283 18
78912 89194 18163 45905 65797 29280 99157 21454 30634 38825 18667 43971 61184 34956 96458 87663 50561 9751 
1768 15
77682 80081 7703 26048 54161 29087 53721 46722 75361 89853 87514 73354 2559 79401 5326 
8733 13
64792 58906 98795 34192 99200 58344 60995 83011 81411 12191 52203 98109 45210 
2431 9
22180 43342 73869 46832 41559 40710 18579 33576 88586 
7296 13
49203 79028 9476 11285 77828 51538 41134 33372 23355 32866 2547 36981 54115 
6237 14
57855 10342 50591 96515 14727 59450 44804 65844 39697 11327 85750 47326 35897 99963 
5990 14
24991 72817 8844 46525 30267 27051 70341 27750 71709 57778 17515 24689 35951 63765 
3999 12
56661 65489 13657 77440 87352 3733 68419 12382 98584 34483 51204 22678 
6796 16
87322 42684 80771 62617 81923 42679 55624 44539 75142 77659 87744 12280 84836 88961 35025 62000 
9460 13
2404 22338 72555 66906 87693 87181 10043 94677 3868 19632 60724 27752 43007 
7446 18
78241 4794 79840 50113 28353 8463 97995 50163 61623 73511 17305 64516 15934 33041 48142 56033 32116 77954 
1420 19
76512 27803 26410 18028 72371 28783 88102 74425 89894 20791 11526 24206 24401 46426 80524 39276 82035 1597 84686 
1397 17
17529 14265 45733 50055 56640 83582 1422 62582 13136 29597 11232 73566 80506 18788 92248 95221 66665 
7147 10
11699 71419 53476 99286 93179 34682 3484 7912 56861 10685 
1967 14
43927 40905 8369 33135 86026 92869 11981 43534 5236 44470 26335 73638 40595 82135 
1355 10
52847 57824 30692 73849 64296 25302 97971 32279 43716 51522 
6623 15
31681 49504 89744 26996 96838 31814 60235 25918 2008 2855 70799 33766 27997 4384 46320 
6806 18
50328 31491 45483 38916 93911 64492 63429 91537 31169 30564 62223 77625 61957 25068 45570 95854 55264 99485 
9566 10
52477 57624 65721 48216 76358 44518 60741 85657 3302 41865 
1288 16
23362 34637 6248 48631 17535 58451 75480 45021 44331 76667 68253 96875 72681 31277 73343 65587 
4772 13
14058 5871 80451 61067 15021 42719 57075 52198 10587 73300 20258 56268 48141 
5169 18
94276 77688 12931 31372 49902 9265 81107 56605 7598 29783 96286 32860 66741 60266 42785 84648 55356 26720 
797 8
39452 60036 82991 9020 3901 62661 19789 48403 
7090 11
71745 28481 30731 8248 86108 63136 74670 52946 77435 90273 44347 
4285 8
46482 50001 49035 47665 58477 22916 77460 17795 
5836 15
74107 21366 99548 60268 93283 64724 4677 47206 29522 69869 16605 59628 11646 78095 15179 
6213 19
63457 77424 10865 13393 29136 94635 72552 46054 82724 63817 51875 9811 64840 29045 32725 95472 58212 40932 82901 
9927 11
15046 62049 62499 74206 79480 25242 6861 6495 87095 75180 79254 
2457 10
73007 58821 8334 74588 24780 77001 23508 55480 91283 36987 
2919 16
66105 2194 92778 54171 36953 26334 81202 22402 832 36354 22673 86866 41339 35907 43217 43173 
1737 18
11483 75184 75599 7055 24216 38352 41108 1912 35667 75169 18610 63090 10209 39513 96574 74518 28258 7610 
9829 17
56041 83501 86822 88487 64120 77453 75869 3990 21391 97558 32779 67231 1070 11205 47315 51779 70861 
6525 20
59748 97960 14375 47368 58336 35324 21549 3192 270 8477 22398 31861 95383 76287 48221 64919 81388 52639 976 14031 
6355 16
97645 41965 33872 70258 20133 84084 65387 94618 50907 17030 62766 56480 31177 44783 10185 91485 
7175 12
66907 75263 28784 39305 23413 28230 17709 96386 68888 4082 14897 55577 
418 13
83635 10022 2220 32286 13043 11662 19776 3445 37161 75538 29113 99480 71819 
4058 12
46516 84900 55020 29557 53443 46267 56871 62267 17426 7336 50042 27207 
1990 15
72533 56703 23667 81657 73552 72717 54740 66203 93908 17487 86013 37612 55240 14021 51128 
2783 16
38236 52842 14714 42792 23568 86454 85089 71281 56288 93047 95945 59093 441 76368 17055 7560 
4463 17
28195 7858 47964 39388 25685 25398 53413 49953 83013 45282 829 32644 79233 90453 93378 33779 47407 
1549 11
52239 47431 78457 39536 92602 36648 5245 52007 61854 98461 25013 
1202 19
76220 41014 11899 37273 26898 39351 7203 1706 66617 61783 85791 10544 26773 6404 65975 19774 14277 39750 86059 
954 16
38923 36525 38254 66165 16694 7208 68463 46680 40783 57105 85444 69425 30830 91488 39654 86164 
5661 15
27768 10593 35130 30888 45935 4310 44713 59624 13716 82775 10847 7462 75061 34833 56249 
3864 16
62138 40530 31019 20157 31511 42194 11320 41335 15124 10098 66377 28117 56220 97315 63413 74442 
3854 18
2245 69562 55034 6534 36681 23466 80787 84046 23882 76913 94929 20817 92790 32246 28893 28622 27739 34562 
8687 18
35805 88030 56193 57094 23849 82021 6251 43713 16672 54190 73159 38470 12743 90065 23300 57826 261 44458 
9384 20
17526 98552 90856 60477 27776 16419 35654 39072 35328 36659 96143 9274 65987 61627 35560 93752 35901 13118 55104 37785 
1878 10
28574 48646 44655 84076 11468 55740 95668 54475 39007 33312 
5851 20
8445 79965 3982 23556 21720 87530 56563 30381 12513 17291 95728 45502 85653 3163 21555 35601 99002 21719 50129 16980 
4388 17
34052 5537 1073 82696 50184 91380 12450 84944 66454 12154 59041 65184 36024 34992 81015 46182 57524 
3428 17
612 47401 28439 69864 36727 51354 44929 49856 97430 49358 71379 53296 25787 94797 63123 39161 61709 
3413 10
11789 23259 7166 56065 46956 14911 82597 80404 70750 93981 
1500 13
65605 28932 42562 91043 14209 43054 8147 19342 14421 68817 88956 40574 75446 
250 16
74501 65291 23274 37031 53808 60049 84453 62352 59444 87256 85818 90675 84442 2446 91887 87909 
3829 13
9192 74611 29813 41761 54704 97367 14278 4427 89296 52401 64684 12951 41506 
9656 18
69692 40244 29505 67639 60770 67172 70693 5714 77205 46988 84892 41026 28586 1713 52553 74266 58660 52737 
2732 14
98643 96872 34513 60437 17453 48868 58308 55683 61549 12612 45352 30026 16158 32601 
6654 16
5163 56962 4688 82253 56570 72165 31707 78231 68860 18908 40876 42309 10613 63573 4327 27796 
1418 20
36158 56241 48647 41546 70987 26719 76551 80455 90864 45974 37168 40677 20226 76713 55364 5959 49730 16675 56066 84881 
6916 12
11809 72127 99970 50484 73880 52775 69602 41285 30454 70456 28824 1234 
3764 18
51167 85103 69583 56429 71135 95518 6181 86064 75741 60695 26712 89748 84960 69806 33508 6290 76664 4642 
7484 19
30428 6999 499 97413 33899 74915 24604 1233 33011 62288 51693 35042 31262 83090 68859 13048 89053 80159 27513 
2316 16
95291 66413 17859 70233 57368 86564 72006 65992 85623 80495 31389 12222 37282 79380 47355 4131 
2142 15
203 19206 95399 76360 95748 29952 67727 86741 50211 16793 49784 62541 12881 11663 35903 
8864 20
45015 2765 98952 52428 9988 68425 89664 66286 58855 84343 25442 59322 3644 123 10942 92168 3008 98665 29077 74161 
6380 13
96388 80460 80653 55784 80477 62129 43186 64808 94526 87093 39333 20074 90161 
4704 8
88817 66137 47679 79826 96939 11965 46492 14343 
2804 18
94527 87397 33230 47970 75044 15559 70212 90984 99331 58257 93924 3882 95493 98398 21198 33613 60222 99392 
5423 17
31739 46430 95207 35455 45970 1409 9815 55156 1773 50200 16272 94963 49455 70050 8351 21946 59012 
2943 19
89074 42824 10040 34734 14627 36728 35038 19155 56395 38998 44522 11954 4916 61497 68429 68857 48077 8051 90985 
3626 18
48568 12872 88247 93048 35013 43673 83171 93140 18769 64512 71046 51156 97070 36207 60051 71871 44095 47103 
4713 19
7840 20958 42024 16018 72070 4500 47016 6256 15110 97498 15233 2430 70362 79089 18798 86903 55232 20393 76521 
852 19
85515 33037 78418 44029 50386 25458 39399 16154 33765 22734 54763 32348 611 99912 92179 5739 51262 7622 7225 
3330 16
2181 63356 53488 50030 43242 49673 61937 53793 40450 44028 97578 34046 30320 77678 15664 10225 
2001 19
97389 89326 81091 98032 58777 57789 46264 64670 20140 89445 4772 15296 4098 92673 87117 37198 49311 41887 62290 
3963 12
2032 40951 9198 77271 14372 46136 44899 40175 8815 85557 84695 86171 
7002 20
54429 91709 35239 75234 50958 22331 51230 21175 77826 61501 84701 44080 20431 65327 70547 28906 38729 33692 28610 34282 
5172 19
51447 57499 78612 70466 52269 6742 17102 52564 57587 40985 22553 863 71104 45727 8430 24432 67828 5955 32583 
8874 12
17643 35356 53521 26750 65936 91194 49629 77937 74821 66544 94074 49184 
2939 16
15294 83578 71221 60020 34818 48044 44832 86735 94255 58811 21792 20079 38351 45175 11719 43139 
7285 12
40018 63576 89313 26738 11089 73564 5389 69891 83724 81492 65547 24772 
8647 10
90111 77134 60438 61357 5000 78048 73949 44950 702 28286 
1970 11
30317 80411 49785 13325 60718 92429 35806 71777 60864 22341 17137 
6957 14
41944 72670 69907 32686 23121 89883 94880 8280 35443 97950 4446 93239 16211 51669 
4645 12
23371 14428 95329 63969 87740 35526 98861 8274 43472 4785 81895 29448 
